2024-05-27 15:09:27,721 - INFO - ##########Task 0##########
2024-05-27 15:09:27,722 - INFO - Epoch 0
2024-05-27 15:09:30,100 - INFO - Batch num: 0, Task 0 acc: 28.7707, Task avg acc:28.7707
2024-05-27 15:09:32,593 - INFO - Batch num: 10, Task 0 acc: 73.0708, Task avg acc:73.0708
2024-05-27 15:09:35,073 - INFO - Batch num: 20, Task 0 acc: 84.5902, Task avg acc:84.5902
2024-05-27 15:09:37,596 - INFO - Batch num: 30, Task 0 acc: 91.1910, Task avg acc:91.1910
2024-05-27 15:09:40,073 - INFO - Batch num: 40, Task 0 acc: 93.5985, Task avg acc:93.5985
2024-05-27 15:09:42,556 - INFO - Batch num: 50, Task 0 acc: 95.0415, Task avg acc:95.0415
2024-05-27 15:09:45,038 - INFO - Batch num: 60, Task 0 acc: 95.8945, Task avg acc:95.8945
2024-05-27 15:09:47,557 - INFO - Batch num: 70, Task 0 acc: 96.1575, Task avg acc:96.1575
2024-05-27 15:09:50,037 - INFO - Batch num: 80, Task 0 acc: 96.0300, Task avg acc:96.0300
2024-05-27 15:09:52,556 - INFO - Batch num: 90, Task 0 acc: 96.2213, Task avg acc:96.2213
2024-05-27 15:09:52,743 - INFO - Epoch 1
2024-05-27 15:09:54,983 - INFO - Batch num: 0, Task 0 acc: 96.3648, Task avg acc:96.3648
2024-05-27 15:09:57,471 - INFO - Batch num: 10, Task 0 acc: 97.2018, Task avg acc:97.2018
2024-05-27 15:10:00,027 - INFO - Batch num: 20, Task 0 acc: 97.4171, Task avg acc:97.4171
2024-05-27 15:10:02,505 - INFO - Batch num: 30, Task 0 acc: 98.1824, Task avg acc:98.1824
2024-05-27 15:10:04,981 - INFO - Batch num: 40, Task 0 acc: 98.1744, Task avg acc:98.1744
2024-05-27 15:10:07,487 - INFO - Batch num: 50, Task 0 acc: 97.8077, Task avg acc:97.8077
2024-05-27 15:10:10,002 - INFO - Batch num: 60, Task 0 acc: 96.8909, Task avg acc:96.8909
2024-05-27 15:10:12,477 - INFO - Batch num: 70, Task 0 acc: 96.7235, Task avg acc:96.7235
2024-05-27 15:10:14,960 - INFO - Batch num: 80, Task 0 acc: 96.4605, Task avg acc:96.4605
2024-05-27 15:10:17,479 - INFO - Batch num: 90, Task 0 acc: 97.1062, Task avg acc:97.1062
2024-05-27 15:10:17,666 - INFO - Epoch 2
2024-05-27 15:10:19,906 - INFO - Batch num: 0, Task 0 acc: 97.5526, Task avg acc:97.5526
2024-05-27 15:10:22,390 - INFO - Batch num: 10, Task 0 acc: 97.6403, Task avg acc:97.6403
2024-05-27 15:10:24,920 - INFO - Batch num: 20, Task 0 acc: 97.7519, Task avg acc:97.7519
2024-05-27 15:10:27,396 - INFO - Batch num: 30, Task 0 acc: 97.8954, Task avg acc:97.8954
2024-05-27 15:10:29,910 - INFO - Batch num: 40, Task 0 acc: 97.5845, Task avg acc:97.5845
2024-05-27 15:10:32,432 - INFO - Batch num: 50, Task 0 acc: 97.0584, Task avg acc:97.0584
2024-05-27 15:10:34,904 - INFO - Batch num: 60, Task 0 acc: 97.1221, Task avg acc:97.1221
2024-05-27 15:10:37,372 - INFO - Batch num: 70, Task 0 acc: 97.1700, Task avg acc:97.1700
2024-05-27 15:10:39,889 - INFO - Batch num: 80, Task 0 acc: 96.4206, Task avg acc:96.4206
2024-05-27 15:10:42,361 - INFO - Batch num: 90, Task 0 acc: 95.7589, Task avg acc:95.7589
2024-05-27 15:10:42,547 - INFO - Epoch 3
2024-05-27 15:10:44,788 - INFO - Batch num: 0, Task 0 acc: 96.4525, Task avg acc:96.4525
2024-05-27 15:10:47,313 - INFO - Batch num: 10, Task 0 acc: 96.7474, Task avg acc:96.7474
2024-05-27 15:10:50,006 - INFO - Batch num: 20, Task 0 acc: 96.5003, Task avg acc:96.5003
2024-05-27 15:10:52,882 - INFO - Batch num: 30, Task 0 acc: 97.0344, Task avg acc:97.0344
2024-05-27 15:10:55,406 - INFO - Batch num: 40, Task 0 acc: 96.9467, Task avg acc:96.9467
2024-05-27 15:10:57,873 - INFO - Batch num: 50, Task 0 acc: 96.6837, Task avg acc:96.6837
2024-05-27 15:11:00,366 - INFO - Batch num: 60, Task 0 acc: 96.0698, Task avg acc:96.0698
2024-05-27 15:11:02,898 - INFO - Batch num: 70, Task 0 acc: 96.3967, Task avg acc:96.3967
2024-05-27 15:11:05,372 - INFO - Batch num: 80, Task 0 acc: 96.6438, Task avg acc:96.6438
2024-05-27 15:11:07,869 - INFO - Batch num: 90, Task 0 acc: 97.0902, Task avg acc:97.0902
2024-05-27 15:11:08,069 - INFO - ##########Task 1##########
2024-05-27 15:11:08,070 - INFO - Epoch 0
2024-05-27 15:11:12,459 - INFO - Batch num: 0, Task 0 acc: 97.1620, Batch num: 0, Task 1 acc: 1.3630, Task avg acc:49.2625
2024-05-27 15:11:17,045 - INFO - Batch num: 10, Task 0 acc: 93.5906, Batch num: 10, Task 1 acc: 4.8787, Task avg acc:49.2346
2024-05-27 15:11:21,637 - INFO - Batch num: 20, Task 0 acc: 88.9828, Batch num: 20, Task 1 acc: 13.1898, Task avg acc:51.0863
2024-05-27 15:11:26,218 - INFO - Batch num: 30, Task 0 acc: 76.8973, Batch num: 30, Task 1 acc: 33.9013, Task avg acc:55.3993
2024-05-27 15:11:30,852 - INFO - Batch num: 40, Task 0 acc: 49.0593, Batch num: 40, Task 1 acc: 63.3893, Task avg acc:56.2243
2024-05-27 15:11:36,326 - INFO - Batch num: 50, Task 0 acc: 28.9302, Batch num: 50, Task 1 acc: 72.6479, Task avg acc:50.7891
2024-05-27 15:11:41,245 - INFO - Batch num: 60, Task 0 acc: 20.1052, Batch num: 60, Task 1 acc: 75.2493, Task avg acc:47.6773
2024-05-27 15:11:45,781 - INFO - Batch num: 70, Task 0 acc: 22.5048, Batch num: 70, Task 1 acc: 75.0665, Task avg acc:48.7856
2024-05-27 15:11:50,437 - INFO - Batch num: 80, Task 0 acc: 15.7047, Batch num: 80, Task 1 acc: 77.9588, Task avg acc:46.8317
2024-05-27 15:11:55,042 - INFO - Batch num: 90, Task 0 acc: 21.8909, Batch num: 90, Task 1 acc: 83.2779, Task avg acc:52.5844
2024-05-27 15:11:55,124 - INFO - Epoch 1
2024-05-27 15:11:59,493 - INFO - Batch num: 0, Task 0 acc: 22.8476, Batch num: 0, Task 1 acc: 84.9485, Task avg acc:53.8980
2024-05-27 15:12:04,178 - INFO - Batch num: 10, Task 0 acc: 33.2031, Batch num: 10, Task 1 acc: 85.4887, Task avg acc:59.3459
2024-05-27 15:12:08,809 - INFO - Batch num: 20, Task 0 acc: 36.9579, Batch num: 20, Task 1 acc: 87.3005, Task avg acc:62.1292
2024-05-27 15:12:13,405 - INFO - Batch num: 30, Task 0 acc: 38.6480, Batch num: 30, Task 1 acc: 87.0844, Task avg acc:62.8662
2024-05-27 15:12:18,052 - INFO - Batch num: 40, Task 0 acc: 39.7082, Batch num: 40, Task 1 acc: 87.7161, Task avg acc:63.7122
2024-05-27 15:12:22,664 - INFO - Batch num: 50, Task 0 acc: 41.8288, Batch num: 50, Task 1 acc: 89.8022, Task avg acc:65.8155
2024-05-27 15:12:27,261 - INFO - Batch num: 60, Task 0 acc: 30.7398, Batch num: 60, Task 1 acc: 91.0904, Task avg acc:60.9151
2024-05-27 15:12:31,900 - INFO - Batch num: 70, Task 0 acc: 24.7050, Batch num: 70, Task 1 acc: 91.9963, Task avg acc:58.3507
2024-05-27 15:12:36,541 - INFO - Batch num: 80, Task 0 acc: 16.9962, Batch num: 80, Task 1 acc: 93.4342, Task avg acc:55.2152
2024-05-27 15:12:41,133 - INFO - Batch num: 90, Task 0 acc: 12.5399, Batch num: 90, Task 1 acc: 93.9245, Task avg acc:53.2322
2024-05-27 15:12:41,214 - INFO - Epoch 2
2024-05-27 15:12:45,619 - INFO - Batch num: 0, Task 0 acc: 10.2439, Batch num: 0, Task 1 acc: 93.9245, Task avg acc:52.0842
2024-05-27 15:12:50,203 - INFO - Batch num: 10, Task 0 acc: 13.8871, Batch num: 10, Task 1 acc: 92.8939, Task avg acc:53.3905
2024-05-27 15:12:54,797 - INFO - Batch num: 20, Task 0 acc: 15.9678, Batch num: 20, Task 1 acc: 93.2846, Task avg acc:54.6262
2024-05-27 15:12:59,441 - INFO - Batch num: 30, Task 0 acc: 22.9193, Batch num: 30, Task 1 acc: 93.4259, Task avg acc:58.1726
2024-05-27 15:13:04,054 - INFO - Batch num: 40, Task 0 acc: 25.2392, Batch num: 40, Task 1 acc: 92.8939, Task avg acc:59.0666
2024-05-27 15:13:08,722 - INFO - Batch num: 50, Task 0 acc: 32.8842, Batch num: 50, Task 1 acc: 91.9132, Task avg acc:62.3987
2024-05-27 15:13:13,355 - INFO - Batch num: 60, Task 0 acc: 38.9908, Batch num: 60, Task 1 acc: 91.3148, Task avg acc:65.1528
2024-05-27 15:13:17,958 - INFO - Batch num: 70, Task 0 acc: 39.7720, Batch num: 70, Task 1 acc: 91.6473, Task avg acc:65.7096
2024-05-27 15:13:22,541 - INFO - Batch num: 80, Task 0 acc: 35.3795, Batch num: 80, Task 1 acc: 91.7803, Task avg acc:63.5799
2024-05-27 15:13:27,149 - INFO - Batch num: 90, Task 0 acc: 21.9149, Batch num: 90, Task 1 acc: 92.1875, Task avg acc:57.0512
2024-05-27 15:13:27,231 - INFO - Epoch 3
2024-05-27 15:13:31,578 - INFO - Batch num: 0, Task 0 acc: 16.8048, Batch num: 0, Task 1 acc: 92.5116, Task avg acc:54.6582
2024-05-27 15:13:36,176 - INFO - Batch num: 10, Task 0 acc: 6.4094, Batch num: 10, Task 1 acc: 92.4368, Task avg acc:49.4231
2024-05-27 15:13:40,816 - INFO - Batch num: 20, Task 0 acc: 3.9062, Batch num: 20, Task 1 acc: 92.0961, Task avg acc:48.0012
2024-05-27 15:13:45,398 - INFO - Batch num: 30, Task 0 acc: 1.8256, Batch num: 30, Task 1 acc: 92.0130, Task avg acc:46.9193
2024-05-27 15:13:50,299 - INFO - Batch num: 40, Task 0 acc: 1.1240, Batch num: 40, Task 1 acc: 91.9880, Task avg acc:46.5560
2024-05-27 15:13:55,875 - INFO - Batch num: 50, Task 0 acc: 1.1240, Batch num: 50, Task 1 acc: 93.6336, Task avg acc:47.3788
2024-05-27 15:14:00,775 - INFO - Batch num: 60, Task 0 acc: 3.7628, Batch num: 60, Task 1 acc: 93.5921, Task avg acc:48.6774
2024-05-27 15:14:06,186 - INFO - Batch num: 70, Task 0 acc: 5.9072, Batch num: 70, Task 1 acc: 92.7942, Task avg acc:49.3507
2024-05-27 15:14:13,585 - INFO - Batch num: 80, Task 0 acc: 4.5759, Batch num: 80, Task 1 acc: 92.8358, Task avg acc:48.7058
2024-05-27 15:14:20,240 - INFO - Batch num: 90, Task 0 acc: 2.9416, Batch num: 90, Task 1 acc: 92.1709, Task avg acc:47.5563
2024-05-27 15:14:20,328 - INFO - ##########Task 2##########
2024-05-27 15:14:20,329 - INFO - Epoch 0
2024-05-27 15:14:26,701 - INFO - Batch num: 0, Task 0 acc: 2.1445, Batch num: 0, Task 1 acc: 91.2400, Batch num: 0, Task 2 acc: 6.2500, Task avg acc:33.2115
2024-05-27 15:14:33,679 - INFO - Batch num: 10, Task 0 acc: 9.9809, Batch num: 10, Task 1 acc: 88.1815, Batch num: 10, Task 2 acc: 18.9386, Task avg acc:39.0337
2024-05-27 15:14:44,676 - INFO - Batch num: 20, Task 0 acc: 6.4892, Batch num: 20, Task 1 acc: 77.7427, Batch num: 20, Task 2 acc: 37.0510, Task avg acc:40.4276
2024-05-27 15:14:54,347 - INFO - Batch num: 30, Task 0 acc: 11.2404, Batch num: 30, Task 1 acc: 58.2945, Batch num: 30, Task 2 acc: 46.6415, Task avg acc:38.7255
2024-05-27 15:15:02,907 - INFO - Batch num: 40, Task 0 acc: 3.7628, Batch num: 40, Task 1 acc: 45.0216, Batch num: 40, Task 2 acc: 52.4964, Task avg acc:33.7603
2024-05-27 15:15:11,829 - INFO - Batch num: 50, Task 0 acc: 1.9691, Batch num: 50, Task 1 acc: 32.8208, Batch num: 50, Task 2 acc: 62.3833, Task avg acc:32.3910
2024-05-27 15:15:19,784 - INFO - Batch num: 60, Task 0 acc: 1.6502, Batch num: 60, Task 1 acc: 12.9571, Batch num: 60, Task 2 acc: 82.2737, Task avg acc:32.2937
2024-05-27 15:15:28,840 - INFO - Batch num: 70, Task 0 acc: 0.1515, Batch num: 70, Task 1 acc: 2.3105, Batch num: 70, Task 2 acc: 91.4691, Task avg acc:31.3104
2024-05-27 15:15:38,833 - INFO - Batch num: 80, Task 0 acc: 1.5705, Batch num: 80, Task 1 acc: 1.8118, Batch num: 80, Task 2 acc: 92.1426, Task avg acc:31.8416
2024-05-27 15:15:39,093 - INFO - Epoch 1
2024-05-27 15:15:50,359 - INFO - Batch num: 0, Task 0 acc: 2.1046, Batch num: 0, Task 1 acc: 2.5100, Batch num: 0, Task 2 acc: 92.7083, Task avg acc:32.4410
2024-05-27 15:16:04,993 - INFO - Batch num: 10, Task 0 acc: 0.7175, Batch num: 10, Task 1 acc: 1.9614, Batch num: 10, Task 2 acc: 92.3761, Task avg acc:31.6850
2024-05-27 15:16:16,066 - INFO - Batch num: 20, Task 0 acc: 1.1639, Batch num: 20, Task 1 acc: 2.1193, Batch num: 20, Task 2 acc: 91.0291, Task avg acc:31.4374
2024-05-27 15:16:27,700 - INFO - Batch num: 30, Task 0 acc: 0.5740, Batch num: 30, Task 1 acc: 1.7537, Batch num: 30, Task 2 acc: 92.0259, Task avg acc:31.4512
2024-05-27 15:16:40,406 - INFO - Batch num: 40, Task 0 acc: 0.9965, Batch num: 40, Task 1 acc: 0.7896, Batch num: 40, Task 2 acc: 91.1997, Task avg acc:30.9953
2024-05-27 15:16:52,402 - INFO - Batch num: 50, Task 0 acc: 2.0647, Batch num: 50, Task 1 acc: 0.5735, Batch num: 50, Task 2 acc: 92.6006, Task avg acc:31.7463
2024-05-27 15:17:04,199 - INFO - Batch num: 60, Task 0 acc: 1.2915, Batch num: 60, Task 1 acc: 0.4737, Batch num: 60, Task 2 acc: 92.4120, Task avg acc:31.3924
2024-05-27 15:17:15,290 - INFO - Batch num: 70, Task 0 acc: 0.5899, Batch num: 70, Task 1 acc: 0.3989, Batch num: 70, Task 2 acc: 92.6724, Task avg acc:31.2204
2024-05-27 15:17:36,392 - INFO - Batch num: 80, Task 0 acc: 0.2232, Batch num: 80, Task 1 acc: 0.5568, Batch num: 80, Task 2 acc: 92.9328, Task avg acc:31.2376
2024-05-27 15:17:36,958 - INFO - Epoch 2
2024-05-27 15:17:58,636 - INFO - Batch num: 0, Task 0 acc: 0.0877, Batch num: 0, Task 1 acc: 1.1386, Batch num: 0, Task 2 acc: 93.0136, Task avg acc:31.4133
2024-05-27 15:18:21,917 - INFO - Batch num: 10, Task 0 acc: 0.4943, Batch num: 10, Task 1 acc: 2.2856, Batch num: 10, Task 2 acc: 93.4626, Task avg acc:32.0808
2024-05-27 15:18:44,899 - INFO - Batch num: 20, Task 0 acc: 2.3039, Batch num: 20, Task 1 acc: 3.1499, Batch num: 20, Task 2 acc: 92.7443, Task avg acc:32.7327
2024-05-27 15:19:07,790 - INFO - Batch num: 30, Task 0 acc: 7.3820, Batch num: 30, Task 1 acc: 3.8314, Batch num: 30, Task 2 acc: 93.8039, Task avg acc:35.0058
2024-05-27 15:19:30,853 - INFO - Batch num: 40, Task 0 acc: 5.5325, Batch num: 40, Task 1 acc: 4.2470, Batch num: 40, Task 2 acc: 93.1394, Task avg acc:34.3063
2024-05-27 15:19:53,342 - INFO - Batch num: 50, Task 0 acc: 2.0568, Batch num: 50, Task 1 acc: 5.2028, Batch num: 50, Task 2 acc: 94.9533, Task avg acc:34.0710
2024-05-27 15:20:15,889 - INFO - Batch num: 60, Task 0 acc: 0.9726, Batch num: 60, Task 1 acc: 7.3554, Batch num: 60, Task 2 acc: 95.2766, Task avg acc:34.5348
2024-05-27 15:20:38,048 - INFO - Batch num: 70, Task 0 acc: 1.0364, Batch num: 70, Task 1 acc: 7.3221, Batch num: 70, Task 2 acc: 95.1419, Task avg acc:34.5001
2024-05-27 15:20:59,508 - INFO - Batch num: 80, Task 0 acc: 1.8575, Batch num: 80, Task 1 acc: 5.5768, Batch num: 80, Task 2 acc: 94.9802, Task avg acc:34.1382
2024-05-27 15:20:59,982 - INFO - Epoch 3
2024-05-27 15:21:22,751 - INFO - Batch num: 0, Task 0 acc: 1.7219, Batch num: 0, Task 1 acc: 4.9618, Batch num: 0, Task 2 acc: 95.6807, Task avg acc:34.1215
2024-05-27 15:21:46,067 - INFO - Batch num: 10, Task 0 acc: 0.6936, Batch num: 10, Task 1 acc: 4.0559, Batch num: 10, Task 2 acc: 96.0219, Task avg acc:33.5904
2024-05-27 15:22:05,915 - INFO - Batch num: 20, Task 0 acc: 0.4703, Batch num: 20, Task 1 acc: 3.0668, Batch num: 20, Task 2 acc: 96.4709, Task avg acc:33.3360
2024-05-27 15:22:27,090 - INFO - Batch num: 30, Task 0 acc: 0.9407, Batch num: 30, Task 1 acc: 2.1858, Batch num: 30, Task 2 acc: 96.8481, Task avg acc:33.3249
2024-05-27 15:22:47,770 - INFO - Batch num: 40, Task 0 acc: 2.2561, Batch num: 40, Task 1 acc: 1.5791, Batch num: 40, Task 2 acc: 96.8481, Task avg acc:33.5611
2024-05-27 15:23:07,995 - INFO - Batch num: 50, Task 0 acc: 0.2152, Batch num: 50, Task 1 acc: 1.2965, Batch num: 50, Task 2 acc: 97.5216, Task avg acc:33.0111
2024-05-27 15:23:28,019 - INFO - Batch num: 60, Task 0 acc: 0.2870, Batch num: 60, Task 1 acc: 1.7869, Batch num: 60, Task 2 acc: 96.9917, Task avg acc:33.0219
2024-05-27 15:23:49,270 - INFO - Batch num: 70, Task 0 acc: 0.0478, Batch num: 70, Task 1 acc: 1.3049, Batch num: 70, Task 2 acc: 97.0636, Task avg acc:32.8054
2024-05-27 15:24:09,669 - INFO - Batch num: 80, Task 0 acc: 0.0080, Batch num: 80, Task 1 acc: 0.9890, Batch num: 80, Task 2 acc: 97.0277, Task avg acc:32.6749
2024-05-27 15:24:10,148 - INFO - ##########Task 3##########
2024-05-27 15:24:10,150 - INFO - Epoch 0
2024-05-27 15:24:38,370 - INFO - Batch num: 0, Task 0 acc: 0.0080, Batch num: 0, Task 1 acc: 1.2217, Batch num: 0, Task 2 acc: 97.0456, Batch num: 0, Task 3 acc: 5.0000, Task avg acc:25.8188
2024-05-27 15:25:07,665 - INFO - Batch num: 10, Task 0 acc: 0.0717, Batch num: 10, Task 1 acc: 2.1443, Batch num: 10, Task 2 acc: 93.3459, Batch num: 10, Task 3 acc: 32.1711, Task avg acc:31.9332
2024-05-27 15:25:39,477 - INFO - Batch num: 20, Task 0 acc: 0.0080, Batch num: 20, Task 1 acc: 1.7370, Batch num: 20, Task 2 acc: 84.2403, Batch num: 20, Task 3 acc: 59.0789, Task avg acc:36.2661
2024-05-27 15:26:12,562 - INFO - Batch num: 30, Task 0 acc: 0.0000, Batch num: 30, Task 1 acc: 0.9309, Batch num: 30, Task 2 acc: 68.4357, Batch num: 30, Task 3 acc: 75.0987, Task avg acc:36.1163
2024-05-27 15:26:39,737 - INFO - Batch num: 40, Task 0 acc: 0.0000, Batch num: 40, Task 1 acc: 0.3241, Batch num: 40, Task 2 acc: 58.7823, Batch num: 40, Task 3 acc: 84.8026, Task avg acc:35.9773
2024-05-27 15:27:08,822 - INFO - Batch num: 50, Task 0 acc: 0.0000, Batch num: 50, Task 1 acc: 0.4322, Batch num: 50, Task 2 acc: 51.5445, Batch num: 50, Task 3 acc: 91.3158, Task avg acc:35.8231
2024-05-27 15:27:38,969 - INFO - Batch num: 60, Task 0 acc: 0.0000, Batch num: 60, Task 1 acc: 0.7646, Batch num: 60, Task 2 acc: 47.6562, Batch num: 60, Task 3 acc: 92.5082, Task avg acc:35.2323
2024-05-27 15:28:09,600 - INFO - Batch num: 70, Task 0 acc: 0.0080, Batch num: 70, Task 1 acc: 1.8368, Batch num: 70, Task 2 acc: 48.0873, Batch num: 70, Task 3 acc: 93.8487, Task avg acc:35.9452
2024-05-27 15:28:36,290 - INFO - Batch num: 80, Task 0 acc: 0.0319, Batch num: 80, Task 1 acc: 2.6845, Batch num: 80, Task 2 acc: 45.5550, Batch num: 80, Task 3 acc: 95.1234, Task avg acc:35.8487
2024-05-27 15:29:00,223 - INFO - Batch num: 90, Task 0 acc: 0.2152, Batch num: 90, Task 1 acc: 2.6014, Batch num: 90, Task 2 acc: 48.2759, Batch num: 90, Task 3 acc: 96.2418, Task avg acc:36.8336
2024-05-27 15:29:00,525 - INFO - Epoch 1
2024-05-27 15:29:27,912 - INFO - Batch num: 0, Task 0 acc: 0.2551, Batch num: 0, Task 1 acc: 2.6263, Batch num: 0, Task 2 acc: 49.9641, Batch num: 0, Task 3 acc: 96.3240, Task avg acc:37.2924
2024-05-27 15:29:57,827 - INFO - Batch num: 10, Task 0 acc: 0.0717, Batch num: 10, Task 1 acc: 1.6622, Batch num: 10, Task 2 acc: 49.7216, Batch num: 10, Task 3 acc: 95.9046, Task avg acc:36.8401
2024-05-27 15:30:25,469 - INFO - Batch num: 20, Task 0 acc: 0.0319, Batch num: 20, Task 1 acc: 0.7646, Batch num: 20, Task 2 acc: 44.2619, Batch num: 20, Task 3 acc: 96.9819, Task avg acc:35.5101
2024-05-27 15:30:53,623 - INFO - Batch num: 30, Task 0 acc: 0.0957, Batch num: 30, Task 1 acc: 1.0971, Batch num: 30, Task 2 acc: 38.7482, Batch num: 30, Task 3 acc: 97.3766, Task avg acc:34.3294
2024-05-27 15:31:21,240 - INFO - Batch num: 40, Task 0 acc: 0.2471, Batch num: 40, Task 1 acc: 1.7869, Batch num: 40, Task 2 acc: 38.7033, Batch num: 40, Task 3 acc: 97.4589, Task avg acc:34.5491
2024-05-27 15:31:49,176 - INFO - Batch num: 50, Task 0 acc: 0.0957, Batch num: 50, Task 1 acc: 1.3049, Batch num: 50, Task 2 acc: 34.6444, Batch num: 50, Task 3 acc: 97.9194, Task avg acc:33.4911
2024-05-27 15:32:15,108 - INFO - Batch num: 60, Task 0 acc: 0.0399, Batch num: 60, Task 1 acc: 1.0888, Batch num: 60, Task 2 acc: 35.2640, Batch num: 60, Task 3 acc: 98.1579, Task avg acc:33.6376
2024-05-27 15:32:40,420 - INFO - Batch num: 70, Task 0 acc: 0.0319, Batch num: 70, Task 1 acc: 1.6124, Batch num: 70, Task 2 acc: 32.3904, Batch num: 70, Task 3 acc: 98.2237, Task avg acc:33.0646
2024-05-27 15:33:08,580 - INFO - Batch num: 80, Task 0 acc: 0.0159, Batch num: 80, Task 1 acc: 2.3271, Batch num: 80, Task 2 acc: 26.3739, Batch num: 80, Task 3 acc: 98.3882, Task avg acc:31.7763
2024-05-27 15:33:37,375 - INFO - Batch num: 90, Task 0 acc: 0.0239, Batch num: 90, Task 1 acc: 1.9864, Batch num: 90, Task 2 acc: 24.3355, Batch num: 90, Task 3 acc: 98.4786, Task avg acc:31.2061
2024-05-27 15:33:37,787 - INFO - Epoch 2
2024-05-27 15:34:02,540 - INFO - Batch num: 0, Task 0 acc: 0.0239, Batch num: 0, Task 1 acc: 1.9697, Batch num: 0, Task 2 acc: 24.6767, Batch num: 0, Task 3 acc: 98.5362, Task avg acc:31.3016
2024-05-27 15:34:32,284 - INFO - Batch num: 10, Task 0 acc: 0.0159, Batch num: 10, Task 1 acc: 1.8368, Batch num: 10, Task 2 acc: 29.4091, Batch num: 10, Task 3 acc: 98.4128, Task avg acc:32.4187
2024-05-27 15:34:58,224 - INFO - Batch num: 20, Task 0 acc: 0.0159, Batch num: 20, Task 1 acc: 1.6955, Batch num: 20, Task 2 acc: 34.7791, Batch num: 20, Task 3 acc: 98.5691, Task avg acc:33.7649
2024-05-27 15:35:25,024 - INFO - Batch num: 30, Task 0 acc: 0.0080, Batch num: 30, Task 1 acc: 0.8810, Batch num: 30, Task 2 acc: 41.4871, Batch num: 30, Task 3 acc: 98.6513, Task avg acc:35.2568
2024-05-27 15:35:50,497 - INFO - Batch num: 40, Task 0 acc: 0.0000, Batch num: 40, Task 1 acc: 0.4322, Batch num: 40, Task 2 acc: 43.3369, Batch num: 40, Task 3 acc: 98.9145, Task avg acc:35.6709
2024-05-27 15:36:17,247 - INFO - Batch num: 50, Task 0 acc: 0.0000, Batch num: 50, Task 1 acc: 0.5818, Batch num: 50, Task 2 acc: 40.2658, Batch num: 50, Task 3 acc: 98.9309, Task avg acc:34.9446
2024-05-27 15:36:39,006 - INFO - Batch num: 60, Task 0 acc: 0.0000, Batch num: 60, Task 1 acc: 0.1496, Batch num: 60, Task 2 acc: 32.1031, Batch num: 60, Task 3 acc: 98.9391, Task avg acc:32.7980
2024-05-27 15:37:01,758 - INFO - Batch num: 70, Task 0 acc: 0.0000, Batch num: 70, Task 1 acc: 0.1912, Batch num: 70, Task 2 acc: 36.4134, Batch num: 70, Task 3 acc: 98.9803, Task avg acc:33.8962
2024-05-27 15:37:28,394 - INFO - Batch num: 80, Task 0 acc: 0.0000, Batch num: 80, Task 1 acc: 0.2244, Batch num: 80, Task 2 acc: 37.0779, Batch num: 80, Task 3 acc: 98.9145, Task avg acc:34.0542
2024-05-27 15:37:50,720 - INFO - Batch num: 90, Task 0 acc: 0.0000, Batch num: 90, Task 1 acc: 0.1247, Batch num: 90, Task 2 acc: 42.4928, Batch num: 90, Task 3 acc: 98.5938, Task avg acc:35.3028
2024-05-27 15:37:50,985 - INFO - Epoch 3
2024-05-27 15:38:15,933 - INFO - Batch num: 0, Task 0 acc: 0.0000, Batch num: 0, Task 1 acc: 0.0997, Batch num: 0, Task 2 acc: 41.7744, Batch num: 0, Task 3 acc: 98.5691, Task avg acc:35.1108
2024-05-27 15:38:45,427 - INFO - Batch num: 10, Task 0 acc: 0.0000, Batch num: 10, Task 1 acc: 0.2327, Batch num: 10, Task 2 acc: 37.9131, Batch num: 10, Task 3 acc: 98.4951, Task avg acc:34.1602
2024-05-27 15:39:10,457 - INFO - Batch num: 20, Task 0 acc: 0.0000, Batch num: 20, Task 1 acc: 0.2826, Batch num: 20, Task 2 acc: 34.8240, Batch num: 20, Task 3 acc: 98.4046, Task avg acc:33.3778
2024-05-27 15:39:34,829 - INFO - Batch num: 30, Task 0 acc: 0.0080, Batch num: 30, Task 1 acc: 0.7480, Batch num: 30, Task 2 acc: 33.9440, Batch num: 30, Task 3 acc: 98.3964, Task avg acc:33.2741
2024-05-27 15:39:57,980 - INFO - Batch num: 40, Task 0 acc: 0.0478, Batch num: 40, Task 1 acc: 0.9641, Batch num: 40, Task 2 acc: 32.4084, Batch num: 40, Task 3 acc: 98.6595, Task avg acc:33.0200
2024-05-27 15:40:21,392 - INFO - Batch num: 50, Task 0 acc: 0.0717, Batch num: 50, Task 1 acc: 1.0306, Batch num: 50, Task 2 acc: 32.4264, Batch num: 50, Task 3 acc: 99.0049, Task avg acc:33.1334
2024-05-27 15:40:46,029 - INFO - Batch num: 60, Task 0 acc: 0.1116, Batch num: 60, Task 1 acc: 0.9558, Batch num: 60, Task 2 acc: 33.8721, Batch num: 60, Task 3 acc: 99.0789, Task avg acc:33.5046
2024-05-27 15:41:10,601 - INFO - Batch num: 70, Task 0 acc: 0.1594, Batch num: 70, Task 1 acc: 1.3298, Batch num: 70, Task 2 acc: 32.8484, Batch num: 70, Task 3 acc: 99.2188, Task avg acc:33.3891
2024-05-27 15:41:37,001 - INFO - Batch num: 80, Task 0 acc: 0.1116, Batch num: 80, Task 1 acc: 1.5625, Batch num: 80, Task 2 acc: 26.7062, Batch num: 80, Task 3 acc: 99.2023, Task avg acc:31.8956
2024-05-27 15:42:01,176 - INFO - Batch num: 90, Task 0 acc: 0.1674, Batch num: 90, Task 1 acc: 1.1553, Batch num: 90, Task 2 acc: 24.2906, Batch num: 90, Task 3 acc: 99.2599, Task avg acc:31.2183
2024-05-27 15:42:01,534 - INFO - ##########Task 4##########
2024-05-27 15:42:01,535 - INFO - Epoch 0
2024-05-27 15:42:36,099 - INFO - Batch num: 0, Task 0 acc: 0.1913, Batch num: 0, Task 1 acc: 0.8893, Batch num: 0, Task 2 acc: 26.5445, Batch num: 0, Task 3 acc: 99.2845, Batch num: 0, Task 4 acc: 0.2717, Task avg acc:25.4363
2024-05-27 15:42:58,362 - INFO - Batch num: 10, Task 0 acc: 0.4943, Batch num: 10, Task 1 acc: 0.7729, Batch num: 10, Task 2 acc: 39.4307, Batch num: 10, Task 3 acc: 99.2681, Batch num: 10, Task 4 acc: 2.1399, Task avg acc:28.4212
2024-05-27 15:43:26,575 - INFO - Batch num: 20, Task 0 acc: 0.2312, Batch num: 20, Task 1 acc: 0.8228, Batch num: 20, Task 2 acc: 44.4594, Batch num: 20, Task 3 acc: 98.9556, Batch num: 20, Task 4 acc: 9.7911, Task avg acc:30.8520
2024-05-27 15:43:56,497 - INFO - Batch num: 30, Task 0 acc: 0.3906, Batch num: 30, Task 1 acc: 0.9059, Batch num: 30, Task 2 acc: 41.9361, Batch num: 30, Task 3 acc: 97.9605, Batch num: 30, Task 4 acc: 28.1760, Task avg acc:33.8738
2024-05-27 15:44:22,825 - INFO - Batch num: 40, Task 0 acc: 0.6696, Batch num: 40, Task 1 acc: 0.6732, Batch num: 40, Task 2 acc: 22.2522, Batch num: 40, Task 3 acc: 93.7993, Batch num: 40, Task 4 acc: 49.2952, Task avg acc:33.3379
2024-05-27 15:44:54,441 - INFO - Batch num: 50, Task 0 acc: 0.6378, Batch num: 50, Task 1 acc: 0.2327, Batch num: 50, Task 2 acc: 11.5032, Batch num: 50, Task 3 acc: 65.3125, Batch num: 50, Task 4 acc: 73.6923, Task avg acc:30.2757
2024-05-27 15:45:22,775 - INFO - Batch num: 60, Task 0 acc: 1.0124, Batch num: 60, Task 1 acc: 0.2327, Batch num: 60, Task 2 acc: 6.9415, Batch num: 60, Task 3 acc: 44.0625, Batch num: 60, Task 4 acc: 81.3349, Task avg acc:26.7168
2024-05-27 15:45:37,325 - INFO - Batch num: 70, Task 0 acc: 1.3233, Batch num: 70, Task 1 acc: 0.1496, Batch num: 70, Task 2 acc: 4.4181, Batch num: 70, Task 3 acc: 34.4737, Batch num: 70, Task 4 acc: 85.4450, Task avg acc:25.1619
2024-05-27 15:45:50,109 - INFO - Batch num: 80, Task 0 acc: 1.7219, Batch num: 80, Task 1 acc: 0.1662, Batch num: 80, Task 2 acc: 4.7863, Batch num: 80, Task 3 acc: 35.2385, Batch num: 80, Task 4 acc: 85.5299, Task avg acc:25.4886
2024-05-27 15:46:08,614 - INFO - Batch num: 90, Task 0 acc: 1.0922, Batch num: 90, Task 1 acc: 0.4072, Batch num: 90, Task 2 acc: 4.4720, Batch num: 90, Task 3 acc: 35.6661, Batch num: 90, Task 4 acc: 86.7188, Task avg acc:25.6713
2024-05-27 15:46:08,664 - INFO - Epoch 1
2024-05-27 15:46:28,004 - INFO - Batch num: 0, Task 0 acc: 0.8371, Batch num: 0, Task 1 acc: 0.4571, Batch num: 0, Task 2 acc: 4.2654, Batch num: 0, Task 3 acc: 36.5543, Batch num: 0, Task 4 acc: 86.3961, Task avg acc:25.7020
2024-05-27 15:46:38,508 - INFO - Batch num: 10, Task 0 acc: 0.6378, Batch num: 10, Task 1 acc: 0.2410, Batch num: 10, Task 2 acc: 3.8434, Batch num: 10, Task 3 acc: 32.7138, Batch num: 10, Task 4 acc: 86.4046, Task avg acc:24.7681
2024-05-27 15:46:48,989 - INFO - Batch num: 20, Task 0 acc: 0.4305, Batch num: 20, Task 1 acc: 0.0499, Batch num: 20, Task 2 acc: 5.0736, Batch num: 20, Task 3 acc: 26.6118, Batch num: 20, Task 4 acc: 86.6593, Task avg acc:23.7650
2024-05-27 15:46:59,341 - INFO - Batch num: 30, Task 0 acc: 0.1834, Batch num: 30, Task 1 acc: 0.0748, Batch num: 30, Task 2 acc: 8.1717, Batch num: 30, Task 3 acc: 15.1234, Batch num: 30, Task 4 acc: 87.9501, Task avg acc:22.3007
2024-05-27 15:47:09,687 - INFO - Batch num: 40, Task 0 acc: 0.1913, Batch num: 40, Task 1 acc: 0.0665, Batch num: 40, Task 2 acc: 6.7978, Batch num: 40, Task 3 acc: 8.9720, Batch num: 40, Task 4 acc: 88.4511, Task avg acc:20.8957
2024-05-27 15:47:20,025 - INFO - Batch num: 50, Task 0 acc: 0.3906, Batch num: 50, Task 1 acc: 0.1579, Batch num: 50, Task 2 acc: 7.0941, Batch num: 50, Task 3 acc: 9.9013, Batch num: 50, Task 4 acc: 88.3662, Task avg acc:21.1820
2024-05-27 15:47:30,411 - INFO - Batch num: 60, Task 0 acc: 0.9088, Batch num: 60, Task 1 acc: 0.3574, Batch num: 60, Task 2 acc: 6.2410, Batch num: 60, Task 3 acc: 10.6168, Batch num: 60, Task 4 acc: 88.5615, Task avg acc:21.3371
2024-05-27 15:47:40,733 - INFO - Batch num: 70, Task 0 acc: 1.3154, Batch num: 70, Task 1 acc: 0.6316, Batch num: 70, Task 2 acc: 4.3283, Batch num: 70, Task 3 acc: 8.8487, Batch num: 70, Task 4 acc: 87.8142, Task avg acc:20.5876
2024-05-27 15:47:51,143 - INFO - Batch num: 80, Task 0 acc: 0.9168, Batch num: 80, Task 1 acc: 0.8644, Batch num: 80, Task 2 acc: 6.9055, Batch num: 80, Task 3 acc: 13.9720, Batch num: 80, Task 4 acc: 85.5299, Task avg acc:21.6377
2024-05-27 15:48:01,480 - INFO - Batch num: 90, Task 0 acc: 0.3348, Batch num: 90, Task 1 acc: 1.1386, Batch num: 90, Task 2 acc: 7.8574, Batch num: 90, Task 3 acc: 18.4951, Batch num: 90, Task 4 acc: 83.9419, Task avg acc:22.3536
2024-05-27 15:48:01,508 - INFO - Epoch 2
2024-05-27 15:48:11,596 - INFO - Batch num: 0, Task 0 acc: 0.2232, Batch num: 0, Task 1 acc: 1.1636, Batch num: 0, Task 2 acc: 8.0370, Batch num: 0, Task 3 acc: 19.2599, Batch num: 0, Task 4 acc: 83.5428, Task avg acc:22.4453
2024-05-27 15:48:21,948 - INFO - Batch num: 10, Task 0 acc: 0.0797, Batch num: 10, Task 1 acc: 2.0196, Batch num: 10, Task 2 acc: 4.6606, Batch num: 10, Task 3 acc: 13.9638, Batch num: 10, Task 4 acc: 84.0014, Task avg acc:20.9450
2024-05-27 15:48:32,342 - INFO - Batch num: 20, Task 0 acc: 0.0478, Batch num: 20, Task 1 acc: 1.0555, Batch num: 20, Task 2 acc: 3.2597, Batch num: 20, Task 3 acc: 12.5987, Batch num: 20, Task 4 acc: 85.7762, Task avg acc:20.5476
2024-05-27 15:48:42,722 - INFO - Batch num: 30, Task 0 acc: 0.4464, Batch num: 30, Task 1 acc: 0.3906, Batch num: 30, Task 2 acc: 5.1455, Batch num: 30, Task 3 acc: 16.9490, Batch num: 30, Task 4 acc: 88.4851, Task avg acc:22.2833
2024-05-27 15:48:53,076 - INFO - Batch num: 40, Task 0 acc: 1.3871, Batch num: 40, Task 1 acc: 0.2909, Batch num: 40, Task 2 acc: 9.8150, Batch num: 40, Task 3 acc: 24.3914, Batch num: 40, Task 4 acc: 88.6209, Task avg acc:24.9011
2024-05-27 15:49:03,443 - INFO - Batch num: 50, Task 0 acc: 1.0523, Batch num: 50, Task 1 acc: 0.2576, Batch num: 50, Task 2 acc: 11.2249, Batch num: 50, Task 3 acc: 28.7418, Batch num: 50, Task 4 acc: 88.3832, Task avg acc:25.9319
2024-05-27 15:49:13,794 - INFO - Batch num: 60, Task 0 acc: 0.1674, Batch num: 60, Task 1 acc: 0.1579, Batch num: 60, Task 2 acc: 19.1272, Batch num: 60, Task 3 acc: 22.0312, Batch num: 60, Task 4 acc: 86.9905, Task avg acc:25.6948
2024-05-27 15:49:24,138 - INFO - Batch num: 70, Task 0 acc: 0.0239, Batch num: 70, Task 1 acc: 0.1080, Batch num: 70, Task 2 acc: 22.3779, Batch num: 70, Task 3 acc: 19.0378, Batch num: 70, Task 4 acc: 87.2792, Task avg acc:25.7654
2024-05-27 15:49:34,476 - INFO - Batch num: 80, Task 0 acc: 0.0319, Batch num: 80, Task 1 acc: 0.2493, Batch num: 80, Task 2 acc: 13.8290, Batch num: 80, Task 3 acc: 23.7253, Batch num: 80, Task 4 acc: 87.9755, Task avg acc:25.1622
2024-05-27 15:49:44,815 - INFO - Batch num: 90, Task 0 acc: 0.0558, Batch num: 90, Task 1 acc: 0.2078, Batch num: 90, Task 2 acc: 8.7015, Batch num: 90, Task 3 acc: 26.5872, Batch num: 90, Task 4 acc: 89.4276, Task avg acc:24.9960
2024-05-27 15:49:44,843 - INFO - Epoch 3
2024-05-27 15:49:54,936 - INFO - Batch num: 0, Task 0 acc: 0.0717, Batch num: 0, Task 1 acc: 0.1828, Batch num: 0, Task 2 acc: 8.5040, Batch num: 0, Task 3 acc: 26.8010, Batch num: 0, Task 4 acc: 89.4022, Task avg acc:24.9923
2024-05-27 15:50:05,273 - INFO - Batch num: 10, Task 0 acc: 0.0877, Batch num: 10, Task 1 acc: 0.2410, Batch num: 10, Task 2 acc: 11.1800, Batch num: 10, Task 3 acc: 24.6382, Batch num: 10, Task 4 acc: 88.9521, Task avg acc:25.0198
2024-05-27 15:50:15,594 - INFO - Batch num: 20, Task 0 acc: 0.2631, Batch num: 20, Task 1 acc: 0.6483, Batch num: 20, Task 2 acc: 9.1236, Batch num: 20, Task 3 acc: 28.1250, Batch num: 20, Task 4 acc: 89.0115, Task avg acc:25.4343
2024-05-27 15:50:26,022 - INFO - Batch num: 30, Task 0 acc: 0.3747, Batch num: 30, Task 1 acc: 0.3740, Batch num: 30, Task 2 acc: 5.0287, Batch num: 30, Task 3 acc: 27.8618, Batch num: 30, Task 4 acc: 91.0156, Task avg acc:24.9310
2024-05-27 15:50:36,429 - INFO - Batch num: 40, Task 0 acc: 0.4863, Batch num: 40, Task 1 acc: 0.1995, Batch num: 40, Task 2 acc: 3.9152, Batch num: 40, Task 3 acc: 23.4128, Batch num: 40, Task 4 acc: 90.9647, Task avg acc:23.7957
2024-05-27 15:50:46,767 - INFO - Batch num: 50, Task 0 acc: 0.7095, Batch num: 50, Task 1 acc: 0.4156, Batch num: 50, Task 2 acc: 2.0205, Batch num: 50, Task 3 acc: 25.9622, Batch num: 50, Task 4 acc: 91.1770, Task avg acc:24.0569
2024-05-27 15:50:57,120 - INFO - Batch num: 60, Task 0 acc: 0.5580, Batch num: 60, Task 1 acc: 0.6067, Batch num: 60, Task 2 acc: 2.2540, Batch num: 60, Task 3 acc: 29.5066, Batch num: 60, Task 4 acc: 90.0900, Task avg acc:24.6031
2024-05-27 15:51:07,496 - INFO - Batch num: 70, Task 0 acc: 0.7573, Batch num: 70, Task 1 acc: 0.8561, Batch num: 70, Task 2 acc: 4.3912, Batch num: 70, Task 3 acc: 27.4918, Batch num: 70, Task 4 acc: 89.8692, Task avg acc:24.6731
2024-05-27 15:51:17,857 - INFO - Batch num: 80, Task 0 acc: 1.0124, Batch num: 80, Task 1 acc: 0.7729, Batch num: 80, Task 2 acc: 4.1128, Batch num: 80, Task 3 acc: 14.7204, Batch num: 80, Task 4 acc: 89.4701, Task avg acc:22.0177
2024-05-27 15:51:28,446 - INFO - Batch num: 90, Task 0 acc: 2.8540, Batch num: 90, Task 1 acc: 0.4654, Batch num: 90, Task 2 acc: 4.3822, Batch num: 90, Task 3 acc: 9.3339, Batch num: 90, Task 4 acc: 90.0900, Task avg acc:21.4251
