2024-05-27 08:47:12,476 - INFO - ##########Task 0##########
2024-05-27 08:47:12,477 - INFO - Epoch 0
2024-05-27 08:47:15,148 - INFO - Batch num: 0, Task 0 acc: 0.0000, Task avg acc:0.0000
2024-05-27 08:47:17,512 - INFO - Batch num: 10, Task 0 acc: 0.6059, Task avg acc:0.6059
2024-05-27 08:47:19,962 - INFO - Batch num: 20, Task 0 acc: 14.9872, Task avg acc:14.9872
2024-05-27 08:47:22,389 - INFO - Batch num: 30, Task 0 acc: 57.2385, Task avg acc:57.2385
2024-05-27 08:47:24,853 - INFO - Batch num: 40, Task 0 acc: 81.0507, Task avg acc:81.0507
2024-05-27 08:47:27,336 - INFO - Batch num: 50, Task 0 acc: 86.7188, Task avg acc:86.7188
2024-05-27 08:47:29,930 - INFO - Batch num: 60, Task 0 acc: 90.8562, Task avg acc:90.8562
2024-05-27 08:47:32,420 - INFO - Batch num: 70, Task 0 acc: 95.3364, Task avg acc:95.3364
2024-05-27 08:47:34,901 - INFO - Batch num: 80, Task 0 acc: 95.7510, Task avg acc:95.7510
2024-05-27 08:47:37,381 - INFO - Batch num: 90, Task 0 acc: 95.4002, Task avg acc:95.4002
2024-05-27 08:47:37,566 - INFO - Epoch 1
2024-05-27 08:47:39,804 - INFO - Batch num: 0, Task 0 acc: 94.7465, Task avg acc:94.7465
2024-05-27 08:47:42,385 - INFO - Batch num: 10, Task 0 acc: 92.5861, Task avg acc:92.5861
2024-05-27 08:47:44,887 - INFO - Batch num: 20, Task 0 acc: 93.7659, Task avg acc:93.7659
2024-05-27 08:47:47,381 - INFO - Batch num: 30, Task 0 acc: 96.2930, Task avg acc:96.2930
2024-05-27 08:47:49,874 - INFO - Batch num: 40, Task 0 acc: 97.3533, Task avg acc:97.3533
2024-05-27 08:47:52,370 - INFO - Batch num: 50, Task 0 acc: 96.9627, Task avg acc:96.9627
2024-05-27 08:47:54,898 - INFO - Batch num: 60, Task 0 acc: 95.8705, Task avg acc:95.8705
2024-05-27 08:47:57,383 - INFO - Batch num: 70, Task 0 acc: 95.0574, Task avg acc:95.0574
2024-05-27 08:47:59,857 - INFO - Batch num: 80, Task 0 acc: 94.1247, Task avg acc:94.1247
2024-05-27 08:48:02,422 - INFO - Batch num: 90, Task 0 acc: 92.2911, Task avg acc:92.2911
2024-05-27 08:48:02,611 - INFO - Epoch 2
2024-05-27 08:48:04,854 - INFO - Batch num: 0, Task 0 acc: 92.0998, Task avg acc:92.0998
2024-05-27 08:48:07,327 - INFO - Batch num: 10, Task 0 acc: 91.5577, Task avg acc:91.5577
2024-05-27 08:48:09,807 - INFO - Batch num: 20, Task 0 acc: 94.3001, Task avg acc:94.3001
2024-05-27 08:48:12,390 - INFO - Batch num: 30, Task 0 acc: 95.6075, Task avg acc:95.6075
2024-05-27 08:48:14,946 - INFO - Batch num: 40, Task 0 acc: 96.4923, Task avg acc:96.4923
2024-05-27 08:48:17,445 - INFO - Batch num: 50, Task 0 acc: 96.8750, Task avg acc:96.8750
2024-05-27 08:48:19,942 - INFO - Batch num: 60, Task 0 acc: 97.3772, Task avg acc:97.3772
2024-05-27 08:48:22,418 - INFO - Batch num: 70, Task 0 acc: 97.6961, Task avg acc:97.6961
2024-05-27 08:48:24,927 - INFO - Batch num: 80, Task 0 acc: 97.1939, Task avg acc:97.1939
2024-05-27 08:48:27,405 - INFO - Batch num: 90, Task 0 acc: 97.3772, Task avg acc:97.3772
2024-05-27 08:48:27,593 - INFO - Epoch 3
2024-05-27 08:48:29,861 - INFO - Batch num: 0, Task 0 acc: 97.8555, Task avg acc:97.8555
2024-05-27 08:48:32,442 - INFO - Batch num: 10, Task 0 acc: 98.3339, Task avg acc:98.3339
2024-05-27 08:48:34,911 - INFO - Batch num: 20, Task 0 acc: 98.6209, Task avg acc:98.6209
2024-05-27 08:48:37,381 - INFO - Batch num: 30, Task 0 acc: 99.0115, Task avg acc:99.0115
2024-05-27 08:48:39,866 - INFO - Batch num: 40, Task 0 acc: 99.1071, Task avg acc:99.1071
2024-05-27 08:48:42,418 - INFO - Batch num: 50, Task 0 acc: 99.0115, Task avg acc:99.0115
2024-05-27 08:48:44,928 - INFO - Batch num: 60, Task 0 acc: 98.6368, Task avg acc:98.6368
2024-05-27 08:48:47,422 - INFO - Batch num: 70, Task 0 acc: 98.5730, Task avg acc:98.5730
2024-05-27 08:48:49,916 - INFO - Batch num: 80, Task 0 acc: 98.6209, Task avg acc:98.6209
2024-05-27 08:48:52,467 - INFO - Batch num: 90, Task 0 acc: 98.7643, Task avg acc:98.7643
2024-05-27 08:48:52,667 - INFO - ##########Task 1##########
2024-05-27 08:48:52,668 - INFO - Epoch 0
2024-05-27 08:48:57,025 - INFO - Batch num: 0, Task 0 acc: 98.6288, Batch num: 0, Task 1 acc: 2.2606, Task avg acc:50.4447
2024-05-27 08:49:01,614 - INFO - Batch num: 10, Task 0 acc: 96.5561, Batch num: 10, Task 1 acc: 2.3604, Task avg acc:49.4582
2024-05-27 08:49:06,216 - INFO - Batch num: 20, Task 0 acc: 95.0733, Batch num: 20, Task 1 acc: 6.6739, Task avg acc:50.8736
2024-05-27 08:49:10,885 - INFO - Batch num: 30, Task 0 acc: 93.3913, Batch num: 30, Task 1 acc: 16.6223, Task avg acc:55.0068
2024-05-27 08:49:15,505 - INFO - Batch num: 40, Task 0 acc: 90.3460, Batch num: 40, Task 1 acc: 35.6466, Task avg acc:62.9963
2024-05-27 08:49:20,116 - INFO - Batch num: 50, Task 0 acc: 89.6205, Batch num: 50, Task 1 acc: 52.1360, Task avg acc:70.8783
2024-05-27 08:49:24,686 - INFO - Batch num: 60, Task 0 acc: 86.6231, Batch num: 60, Task 1 acc: 60.0814, Task avg acc:73.3523
2024-05-27 08:49:29,362 - INFO - Batch num: 70, Task 0 acc: 84.7018, Batch num: 70, Task 1 acc: 64.8354, Task avg acc:74.7686
2024-05-27 08:49:33,954 - INFO - Batch num: 80, Task 0 acc: 85.5947, Batch num: 80, Task 1 acc: 70.0133, Task avg acc:77.8040
2024-05-27 08:49:38,520 - INFO - Batch num: 90, Task 0 acc: 87.0855, Batch num: 90, Task 1 acc: 74.8172, Task avg acc:80.9513
2024-05-27 08:49:38,602 - INFO - Epoch 1
2024-05-27 08:49:42,953 - INFO - Batch num: 0, Task 0 acc: 86.0252, Batch num: 0, Task 1 acc: 73.8032, Task avg acc:79.9142
2024-05-27 08:49:47,650 - INFO - Batch num: 10, Task 0 acc: 81.1065, Batch num: 10, Task 1 acc: 78.3411, Task avg acc:79.7238
2024-05-27 08:49:52,244 - INFO - Batch num: 20, Task 0 acc: 79.6556, Batch num: 20, Task 1 acc: 77.3271, Task avg acc:78.4914
2024-05-27 08:49:56,820 - INFO - Batch num: 30, Task 0 acc: 70.4879, Batch num: 30, Task 1 acc: 79.9119, Task avg acc:75.1999
2024-05-27 08:50:01,497 - INFO - Batch num: 40, Task 0 acc: 48.4056, Batch num: 40, Task 1 acc: 83.5605, Task avg acc:65.9831
2024-05-27 08:50:06,074 - INFO - Batch num: 50, Task 0 acc: 43.1840, Batch num: 50, Task 1 acc: 85.8959, Task avg acc:64.5400
2024-05-27 08:50:10,656 - INFO - Batch num: 60, Task 0 acc: 39.3575, Batch num: 60, Task 1 acc: 86.3198, Task avg acc:62.8386
2024-05-27 08:50:15,261 - INFO - Batch num: 70, Task 0 acc: 36.0411, Batch num: 70, Task 1 acc: 86.4943, Task avg acc:61.2677
2024-05-27 08:50:19,876 - INFO - Batch num: 80, Task 0 acc: 31.2899, Batch num: 80, Task 1 acc: 82.5798, Task avg acc:56.9348
2024-05-27 08:50:24,471 - INFO - Batch num: 90, Task 0 acc: 29.7672, Batch num: 90, Task 1 acc: 81.2251, Task avg acc:55.4961
2024-05-27 08:50:24,551 - INFO - Epoch 2
2024-05-27 08:50:28,997 - INFO - Batch num: 0, Task 0 acc: 30.9391, Batch num: 0, Task 1 acc: 80.6433, Task avg acc:55.7912
2024-05-27 08:50:33,608 - INFO - Batch num: 10, Task 0 acc: 27.6706, Batch num: 10, Task 1 acc: 82.3055, Task avg acc:54.9881
2024-05-27 08:50:38,185 - INFO - Batch num: 20, Task 0 acc: 27.9098, Batch num: 20, Task 1 acc: 84.3251, Task avg acc:56.1174
2024-05-27 08:50:42,761 - INFO - Batch num: 30, Task 0 acc: 28.0772, Batch num: 30, Task 1 acc: 86.5525, Task avg acc:57.3148
2024-05-27 08:50:47,415 - INFO - Batch num: 40, Task 0 acc: 29.4244, Batch num: 40, Task 1 acc: 88.7799, Task avg acc:59.1022
2024-05-27 08:50:52,042 - INFO - Batch num: 50, Task 0 acc: 29.3527, Batch num: 50, Task 1 acc: 89.6193, Task avg acc:59.4860
2024-05-27 08:50:56,631 - INFO - Batch num: 60, Task 0 acc: 31.4015, Batch num: 60, Task 1 acc: 88.9545, Task avg acc:60.1780
2024-05-27 08:51:01,216 - INFO - Batch num: 70, Task 0 acc: 31.8957, Batch num: 70, Task 1 acc: 90.1097, Task avg acc:61.0027
2024-05-27 08:51:05,886 - INFO - Batch num: 80, Task 0 acc: 25.0478, Batch num: 80, Task 1 acc: 91.3148, Task avg acc:58.1813
2024-05-27 08:51:10,474 - INFO - Batch num: 90, Task 0 acc: 16.0475, Batch num: 90, Task 1 acc: 91.9631, Task avg acc:54.0053
2024-05-27 08:51:10,553 - INFO - Epoch 3
2024-05-27 08:51:14,974 - INFO - Batch num: 0, Task 0 acc: 18.1202, Batch num: 0, Task 1 acc: 91.6390, Task avg acc:54.8796
2024-05-27 08:51:19,559 - INFO - Batch num: 10, Task 0 acc: 27.1763, Batch num: 10, Task 1 acc: 91.5060, Task avg acc:59.3412
2024-05-27 08:51:24,292 - INFO - Batch num: 20, Task 0 acc: 22.9831, Batch num: 20, Task 1 acc: 90.3840, Task avg acc:56.6835
2024-05-27 08:51:29,003 - INFO - Batch num: 30, Task 0 acc: 11.9180, Batch num: 30, Task 1 acc: 90.4089, Task avg acc:51.1635
2024-05-27 08:51:33,623 - INFO - Batch num: 40, Task 0 acc: 6.7682, Batch num: 40, Task 1 acc: 90.6084, Task avg acc:48.6883
2024-05-27 08:51:38,216 - INFO - Batch num: 50, Task 0 acc: 3.5714, Batch num: 50, Task 1 acc: 90.4588, Task avg acc:47.0151
2024-05-27 08:51:42,880 - INFO - Batch num: 60, Task 0 acc: 2.7822, Batch num: 60, Task 1 acc: 90.3757, Task avg acc:46.5789
2024-05-27 08:51:47,469 - INFO - Batch num: 70, Task 0 acc: 7.7647, Batch num: 70, Task 1 acc: 89.9850, Task avg acc:48.8749
2024-05-27 08:51:52,089 - INFO - Batch num: 80, Task 0 acc: 9.3750, Batch num: 80, Task 1 acc: 90.2510, Task avg acc:49.8130
2024-05-27 08:51:56,682 - INFO - Batch num: 90, Task 0 acc: 11.3441, Batch num: 90, Task 1 acc: 89.9601, Task avg acc:50.6521
2024-05-27 08:51:56,772 - INFO - ##########Task 2##########
2024-05-27 08:51:56,773 - INFO - Epoch 0
2024-05-27 08:52:03,137 - INFO - Batch num: 0, Task 0 acc: 11.3281, Batch num: 0, Task 1 acc: 89.4614, Batch num: 0, Task 2 acc: 3.4932, Task avg acc:34.7609
2024-05-27 08:52:09,702 - INFO - Batch num: 10, Task 0 acc: 10.5947, Batch num: 10, Task 1 acc: 88.1981, Batch num: 10, Task 2 acc: 5.4328, Task avg acc:34.7419
2024-05-27 08:52:16,345 - INFO - Batch num: 20, Task 0 acc: 15.5772, Batch num: 20, Task 1 acc: 87.4252, Batch num: 20, Task 2 acc: 8.6566, Task avg acc:37.2197
2024-05-27 08:52:23,118 - INFO - Batch num: 30, Task 0 acc: 3.3562, Batch num: 30, Task 1 acc: 84.4415, Batch num: 30, Task 2 acc: 16.6397, Task avg acc:34.8125
2024-05-27 08:52:29,692 - INFO - Batch num: 40, Task 0 acc: 0.7015, Batch num: 40, Task 1 acc: 82.5549, Batch num: 40, Task 2 acc: 26.9127, Task avg acc:36.7230
2024-05-27 08:52:36,264 - INFO - Batch num: 50, Task 0 acc: 0.4703, Batch num: 50, Task 1 acc: 78.6985, Batch num: 50, Task 2 acc: 42.3402, Task avg acc:40.5030
2024-05-27 08:52:42,890 - INFO - Batch num: 60, Task 0 acc: 0.2073, Batch num: 60, Task 1 acc: 71.7254, Batch num: 60, Task 2 acc: 52.5054, Task avg acc:41.4794
2024-05-27 08:52:49,427 - INFO - Batch num: 70, Task 0 acc: 0.4145, Batch num: 70, Task 1 acc: 65.6084, Batch num: 70, Task 2 acc: 63.2543, Task avg acc:43.0924
2024-05-27 08:52:56,020 - INFO - Batch num: 80, Task 0 acc: 0.3428, Batch num: 80, Task 1 acc: 51.5043, Batch num: 80, Task 2 acc: 72.7191, Task avg acc:41.5221
2024-05-27 08:52:56,179 - INFO - Epoch 1
2024-05-27 08:53:02,524 - INFO - Batch num: 0, Task 0 acc: 0.3986, Batch num: 0, Task 1 acc: 44.3318, Batch num: 0, Task 2 acc: 75.8351, Task avg acc:40.1885
2024-05-27 08:53:09,070 - INFO - Batch num: 10, Task 0 acc: 2.5351, Batch num: 10, Task 1 acc: 44.0575, Batch num: 10, Task 2 acc: 75.1976, Task avg acc:40.5967
2024-05-27 08:53:15,600 - INFO - Batch num: 20, Task 0 acc: 2.3756, Batch num: 20, Task 1 acc: 43.2763, Batch num: 20, Task 2 acc: 74.9820, Task avg acc:40.2113
2024-05-27 08:53:22,341 - INFO - Batch num: 30, Task 0 acc: 0.6378, Batch num: 30, Task 1 acc: 39.5778, Batch num: 30, Task 2 acc: 81.1422, Task avg acc:40.4526
2024-05-27 08:53:28,940 - INFO - Batch num: 40, Task 0 acc: 0.0319, Batch num: 40, Task 1 acc: 33.6187, Batch num: 40, Task 2 acc: 85.9016, Task avg acc:39.8507
2024-05-27 08:53:35,503 - INFO - Batch num: 50, Task 0 acc: 0.0080, Batch num: 50, Task 1 acc: 25.7314, Batch num: 50, Task 2 acc: 89.0625, Task avg acc:38.2673
2024-05-27 08:53:42,049 - INFO - Batch num: 60, Task 0 acc: 0.0159, Batch num: 60, Task 1 acc: 23.8780, Batch num: 60, Task 2 acc: 88.8200, Task avg acc:37.5713
2024-05-27 08:53:48,770 - INFO - Batch num: 70, Task 0 acc: 0.0239, Batch num: 70, Task 1 acc: 19.3733, Batch num: 70, Task 2 acc: 91.6307, Task avg acc:37.0093
2024-05-27 08:53:55,337 - INFO - Batch num: 80, Task 0 acc: 0.0000, Batch num: 80, Task 1 acc: 19.0658, Batch num: 80, Task 2 acc: 92.2504, Task avg acc:37.1054
2024-05-27 08:53:55,499 - INFO - Epoch 2
2024-05-27 08:54:01,821 - INFO - Batch num: 0, Task 0 acc: 0.0080, Batch num: 0, Task 1 acc: 21.8334, Batch num: 0, Task 2 acc: 92.4300, Task avg acc:38.0905
2024-05-27 08:54:08,363 - INFO - Batch num: 10, Task 0 acc: 0.0478, Batch num: 10, Task 1 acc: 25.1828, Batch num: 10, Task 2 acc: 91.4242, Task avg acc:38.8850
2024-05-27 08:54:14,912 - INFO - Batch num: 20, Task 0 acc: 0.0797, Batch num: 20, Task 1 acc: 28.9229, Batch num: 20, Task 2 acc: 91.2087, Task avg acc:40.0704
2024-05-27 08:54:21,458 - INFO - Batch num: 30, Task 0 acc: 0.1116, Batch num: 30, Task 1 acc: 33.5439, Batch num: 30, Task 2 acc: 90.7238, Task avg acc:41.4598
2024-05-27 08:54:28,087 - INFO - Batch num: 40, Task 0 acc: 0.0877, Batch num: 40, Task 1 acc: 36.4029, Batch num: 40, Task 2 acc: 90.7148, Task avg acc:42.4018
2024-05-27 08:54:34,656 - INFO - Batch num: 50, Task 0 acc: 0.0877, Batch num: 50, Task 1 acc: 34.4914, Batch num: 50, Task 2 acc: 91.1548, Task avg acc:41.9113
2024-05-27 08:54:41,188 - INFO - Batch num: 60, Task 0 acc: 0.1116, Batch num: 60, Task 1 acc: 31.3580, Batch num: 60, Task 2 acc: 92.0887, Task avg acc:41.1861
2024-05-27 08:54:47,741 - INFO - Batch num: 70, Task 0 acc: 0.0877, Batch num: 70, Task 1 acc: 28.7650, Batch num: 70, Task 2 acc: 92.9777, Task avg acc:40.6101
2024-05-27 08:54:54,294 - INFO - Batch num: 80, Task 0 acc: 0.1754, Batch num: 80, Task 1 acc: 27.6263, Batch num: 80, Task 2 acc: 93.2561, Task avg acc:40.3526
2024-05-27 08:54:54,457 - INFO - Epoch 3
2024-05-27 08:55:00,867 - INFO - Batch num: 0, Task 0 acc: 0.1674, Batch num: 0, Task 1 acc: 26.5459, Batch num: 0, Task 2 acc: 93.3369, Task avg acc:40.0167
2024-05-27 08:55:07,402 - INFO - Batch num: 10, Task 0 acc: 0.2392, Batch num: 10, Task 1 acc: 26.1802, Batch num: 10, Task 2 acc: 93.2561, Task avg acc:39.8918
2024-05-27 08:55:13,947 - INFO - Batch num: 20, Task 0 acc: 0.3109, Batch num: 20, Task 1 acc: 30.2277, Batch num: 20, Task 2 acc: 92.6455, Task avg acc:41.0614
2024-05-27 08:55:20,557 - INFO - Batch num: 30, Task 0 acc: 0.1594, Batch num: 30, Task 1 acc: 29.0309, Batch num: 30, Task 2 acc: 93.8218, Task avg acc:41.0041
2024-05-27 08:55:27,126 - INFO - Batch num: 40, Task 0 acc: 0.0957, Batch num: 40, Task 1 acc: 26.8035, Batch num: 40, Task 2 acc: 95.1778, Task avg acc:40.6923
2024-05-27 08:55:33,820 - INFO - Batch num: 50, Task 0 acc: 0.0957, Batch num: 50, Task 1 acc: 23.5040, Batch num: 50, Task 2 acc: 95.7884, Task avg acc:39.7960
2024-05-27 08:55:40,388 - INFO - Batch num: 60, Task 0 acc: 0.4385, Batch num: 60, Task 1 acc: 21.6922, Batch num: 60, Task 2 acc: 95.7256, Task avg acc:39.2854
2024-05-27 08:55:46,916 - INFO - Batch num: 70, Task 0 acc: 0.4943, Batch num: 70, Task 1 acc: 20.1795, Batch num: 70, Task 2 acc: 95.8064, Task avg acc:38.8267
2024-05-27 08:55:53,472 - INFO - Batch num: 80, Task 0 acc: 0.3906, Batch num: 80, Task 1 acc: 22.4318, Batch num: 80, Task 2 acc: 95.7795, Task avg acc:39.5340
2024-05-27 08:55:53,641 - INFO - ##########Task 3##########
2024-05-27 08:55:53,642 - INFO - Epoch 0
2024-05-27 08:56:02,167 - INFO - Batch num: 0, Task 0 acc: 0.2392, Batch num: 0, Task 1 acc: 22.7809, Batch num: 0, Task 2 acc: 96.0399, Batch num: 0, Task 3 acc: 5.8388, Task avg acc:31.2247
2024-05-27 08:56:10,828 - INFO - Batch num: 10, Task 0 acc: 0.1594, Batch num: 10, Task 1 acc: 28.2330, Batch num: 10, Task 2 acc: 93.7769, Batch num: 10, Task 3 acc: 31.9490, Task avg acc:38.5296
2024-05-27 08:56:19,518 - INFO - Batch num: 20, Task 0 acc: 0.1515, Batch num: 20, Task 1 acc: 33.0701, Batch num: 20, Task 2 acc: 88.9458, Batch num: 20, Task 3 acc: 50.5839, Task avg acc:43.1878
2024-05-27 08:56:28,194 - INFO - Batch num: 30, Task 0 acc: 0.1594, Batch num: 30, Task 1 acc: 31.8983, Batch num: 30, Task 2 acc: 82.0402, Batch num: 30, Task 3 acc: 66.6201, Task avg acc:45.1795
2024-05-27 08:56:36,909 - INFO - Batch num: 40, Task 0 acc: 0.0399, Batch num: 40, Task 1 acc: 27.9089, Batch num: 40, Task 2 acc: 73.0873, Batch num: 40, Task 3 acc: 78.6513, Task avg acc:44.9218
2024-05-27 08:56:45,638 - INFO - Batch num: 50, Task 0 acc: 0.0239, Batch num: 50, Task 1 acc: 22.4152, Batch num: 50, Task 2 acc: 56.7259, Batch num: 50, Task 3 acc: 88.9803, Task avg acc:42.0363
2024-05-27 08:56:54,443 - INFO - Batch num: 60, Task 0 acc: 0.0478, Batch num: 60, Task 1 acc: 17.9604, Batch num: 60, Task 2 acc: 45.3215, Batch num: 60, Task 3 acc: 92.3766, Task avg acc:38.9266
2024-05-27 08:57:03,097 - INFO - Batch num: 70, Task 0 acc: 0.0399, Batch num: 70, Task 1 acc: 14.0459, Batch num: 70, Task 2 acc: 47.9077, Batch num: 70, Task 3 acc: 95.3125, Task avg acc:39.3265
2024-05-27 08:57:11,777 - INFO - Batch num: 80, Task 0 acc: 0.0239, Batch num: 80, Task 1 acc: 12.2174, Batch num: 80, Task 2 acc: 46.8750, Batch num: 80, Task 3 acc: 96.9819, Task avg acc:39.0246
2024-05-27 08:57:20,432 - INFO - Batch num: 90, Task 0 acc: 0.0000, Batch num: 90, Task 1 acc: 13.9711, Batch num: 90, Task 2 acc: 47.7281, Batch num: 90, Task 3 acc: 97.2615, Task avg acc:39.7402
2024-05-27 08:57:20,540 - INFO - Epoch 1
2024-05-27 08:57:29,009 - INFO - Batch num: 0, Task 0 acc: 0.0000, Batch num: 0, Task 1 acc: 16.2151, Batch num: 0, Task 2 acc: 49.1559, Batch num: 0, Task 3 acc: 97.0148, Task avg acc:40.5964
2024-05-27 08:57:37,697 - INFO - Batch num: 10, Task 0 acc: 0.0080, Batch num: 10, Task 1 acc: 20.0964, Batch num: 10, Task 2 acc: 51.2302, Batch num: 10, Task 3 acc: 96.6776, Task avg acc:42.0031
2024-05-27 08:57:46,430 - INFO - Batch num: 20, Task 0 acc: 0.0478, Batch num: 20, Task 1 acc: 18.9328, Batch num: 20, Task 2 acc: 50.6555, Batch num: 20, Task 3 acc: 97.5822, Task avg acc:41.8046
2024-05-27 08:57:55,096 - INFO - Batch num: 30, Task 0 acc: 0.0638, Batch num: 30, Task 1 acc: 14.3534, Batch num: 30, Task 2 acc: 42.4300, Batch num: 30, Task 3 acc: 97.7220, Task avg acc:38.6423
2024-05-27 08:58:03,744 - INFO - Batch num: 40, Task 0 acc: 0.1276, Batch num: 40, Task 1 acc: 13.9545, Batch num: 40, Task 2 acc: 40.8136, Batch num: 40, Task 3 acc: 98.0510, Task avg acc:38.2366
2024-05-27 08:58:12,441 - INFO - Batch num: 50, Task 0 acc: 0.0638, Batch num: 50, Task 1 acc: 13.3561, Batch num: 50, Task 2 acc: 38.8649, Batch num: 50, Task 3 acc: 98.4868, Task avg acc:37.6929
2024-05-27 08:58:21,122 - INFO - Batch num: 60, Task 0 acc: 0.2471, Batch num: 60, Task 1 acc: 12.2340, Batch num: 60, Task 2 acc: 40.2299, Batch num: 60, Task 3 acc: 98.3882, Task avg acc:37.7748
2024-05-27 08:58:29,814 - INFO - Batch num: 70, Task 0 acc: 0.7733, Batch num: 70, Task 1 acc: 9.7906, Batch num: 70, Task 2 acc: 46.5248, Batch num: 70, Task 3 acc: 98.5033, Task avg acc:38.8980
2024-05-27 08:58:38,652 - INFO - Batch num: 80, Task 0 acc: 0.5261, Batch num: 80, Task 1 acc: 10.6383, Batch num: 80, Task 2 acc: 45.0700, Batch num: 80, Task 3 acc: 98.0592, Task avg acc:38.5734
2024-05-27 08:58:47,333 - INFO - Batch num: 90, Task 0 acc: 0.1674, Batch num: 90, Task 1 acc: 10.5136, Batch num: 90, Task 2 acc: 44.5043, Batch num: 90, Task 3 acc: 98.2977, Task avg acc:38.3708
2024-05-27 08:58:47,442 - INFO - Epoch 2
2024-05-27 08:58:56,079 - INFO - Batch num: 0, Task 0 acc: 0.0797, Batch num: 0, Task 1 acc: 10.7048, Batch num: 0, Task 2 acc: 48.3657, Batch num: 0, Task 3 acc: 97.9605, Task avg acc:39.2777
2024-05-27 08:59:04,769 - INFO - Batch num: 10, Task 0 acc: 0.0239, Batch num: 10, Task 1 acc: 7.8624, Batch num: 10, Task 2 acc: 44.3966, Batch num: 10, Task 3 acc: 98.1497, Task avg acc:37.6081
2024-05-27 08:59:13,466 - INFO - Batch num: 20, Task 0 acc: 0.1116, Batch num: 20, Task 1 acc: 8.4525, Batch num: 20, Task 2 acc: 49.2188, Batch num: 20, Task 3 acc: 98.0510, Task avg acc:38.9585
2024-05-27 08:59:22,239 - INFO - Batch num: 30, Task 0 acc: 0.0399, Batch num: 30, Task 1 acc: 10.5552, Batch num: 30, Task 2 acc: 49.5061, Batch num: 30, Task 3 acc: 97.3438, Task avg acc:39.3612
2024-05-27 08:59:30,933 - INFO - Batch num: 40, Task 0 acc: 0.0000, Batch num: 40, Task 1 acc: 11.8268, Batch num: 40, Task 2 acc: 46.3542, Batch num: 40, Task 3 acc: 97.9934, Task avg acc:39.0436
2024-05-27 08:59:39,635 - INFO - Batch num: 50, Task 0 acc: 0.0000, Batch num: 50, Task 1 acc: 11.7354, Batch num: 50, Task 2 acc: 50.6825, Batch num: 50, Task 3 acc: 97.7467, Task avg acc:40.0411
2024-05-27 08:59:48,404 - INFO - Batch num: 60, Task 0 acc: 0.0000, Batch num: 60, Task 1 acc: 11.2118, Batch num: 60, Task 2 acc: 48.2669, Batch num: 60, Task 3 acc: 97.4671, Task avg acc:39.2364
2024-05-27 08:59:57,111 - INFO - Batch num: 70, Task 0 acc: 0.0000, Batch num: 70, Task 1 acc: 9.5412, Batch num: 70, Task 2 acc: 50.9698, Batch num: 70, Task 3 acc: 97.9852, Task avg acc:39.6241
2024-05-27 09:00:05,798 - INFO - Batch num: 80, Task 0 acc: 0.0000, Batch num: 80, Task 1 acc: 12.2590, Batch num: 80, Task 2 acc: 52.3976, Batch num: 80, Task 3 acc: 98.0263, Task avg acc:40.6707
2024-05-27 09:00:14,543 - INFO - Batch num: 90, Task 0 acc: 0.0000, Batch num: 90, Task 1 acc: 14.9934, Batch num: 90, Task 2 acc: 58.6476, Batch num: 90, Task 3 acc: 97.9934, Task avg acc:42.9086
2024-05-27 09:00:14,649 - INFO - Epoch 3
2024-05-27 09:00:23,108 - INFO - Batch num: 0, Task 0 acc: 0.0000, Batch num: 0, Task 1 acc: 17.9521, Batch num: 0, Task 2 acc: 59.9138, Batch num: 0, Task 3 acc: 97.9030, Task avg acc:43.9422
2024-05-27 09:00:31,804 - INFO - Batch num: 10, Task 0 acc: 0.0000, Batch num: 10, Task 1 acc: 19.5063, Batch num: 10, Task 2 acc: 60.7130, Batch num: 10, Task 3 acc: 97.2615, Task avg acc:44.3702
2024-05-27 09:00:40,577 - INFO - Batch num: 20, Task 0 acc: 0.0000, Batch num: 20, Task 1 acc: 16.1569, Batch num: 20, Task 2 acc: 61.4943, Batch num: 20, Task 3 acc: 97.5905, Task avg acc:43.8104
2024-05-27 09:00:49,354 - INFO - Batch num: 30, Task 0 acc: 0.0080, Batch num: 30, Task 1 acc: 12.9820, Batch num: 30, Task 2 acc: 53.7626, Batch num: 30, Task 3 acc: 98.1003, Task avg acc:41.2132
2024-05-27 09:00:58,065 - INFO - Batch num: 40, Task 0 acc: 0.0239, Batch num: 40, Task 1 acc: 12.0844, Batch num: 40, Task 2 acc: 42.0079, Batch num: 40, Task 3 acc: 98.5115, Task avg acc:38.1569
2024-05-27 09:01:06,772 - INFO - Batch num: 50, Task 0 acc: 0.0239, Batch num: 50, Task 1 acc: 11.6439, Batch num: 50, Task 2 acc: 29.9479, Batch num: 50, Task 3 acc: 98.5609, Task avg acc:35.0442
2024-05-27 09:01:15,477 - INFO - Batch num: 60, Task 0 acc: 0.0399, Batch num: 60, Task 1 acc: 11.6273, Batch num: 60, Task 2 acc: 25.8531, Batch num: 60, Task 3 acc: 98.4622, Task avg acc:33.9956
2024-05-27 09:01:24,189 - INFO - Batch num: 70, Task 0 acc: 0.0399, Batch num: 70, Task 1 acc: 13.2563, Batch num: 70, Task 2 acc: 33.0101, Batch num: 70, Task 3 acc: 98.7664, Task avg acc:36.2682
2024-05-27 09:01:32,948 - INFO - Batch num: 80, Task 0 acc: 0.0159, Batch num: 80, Task 1 acc: 10.6882, Batch num: 80, Task 2 acc: 36.9073, Batch num: 80, Task 3 acc: 98.7418, Task avg acc:36.5883
2024-05-27 09:01:41,674 - INFO - Batch num: 90, Task 0 acc: 0.0080, Batch num: 90, Task 1 acc: 13.5472, Batch num: 90, Task 2 acc: 37.3114, Batch num: 90, Task 3 acc: 98.9720, Task avg acc:37.4597
2024-05-27 09:01:41,790 - INFO - ##########Task 4##########
2024-05-27 09:01:41,791 - INFO - Epoch 0
2024-05-27 09:01:52,363 - INFO - Batch num: 0, Task 0 acc: 0.0080, Batch num: 0, Task 1 acc: 15.9741, Batch num: 0, Task 2 acc: 39.0535, Batch num: 0, Task 3 acc: 98.8734, Batch num: 0, Task 4 acc: 0.3312, Task avg acc:30.8480
2024-05-27 09:02:03,098 - INFO - Batch num: 10, Task 0 acc: 0.2232, Batch num: 10, Task 1 acc: 14.7357, Batch num: 10, Task 2 acc: 51.3200, Batch num: 10, Task 3 acc: 98.0428, Batch num: 10, Task 4 acc: 3.8383, Task avg acc:33.6320
2024-05-27 09:02:13,833 - INFO - Batch num: 20, Task 0 acc: 0.1993, Batch num: 20, Task 1 acc: 9.3002, Batch num: 20, Task 2 acc: 49.6408, Batch num: 20, Task 3 acc: 97.1957, Batch num: 20, Task 4 acc: 13.6294, Task avg acc:33.9931
2024-05-27 09:02:24,610 - INFO - Batch num: 30, Task 0 acc: 0.1355, Batch num: 30, Task 1 acc: 6.9897, Batch num: 30, Task 2 acc: 48.5902, Batch num: 30, Task 3 acc: 96.1595, Batch num: 30, Task 4 acc: 24.0659, Task avg acc:35.1882
2024-05-27 09:02:35,446 - INFO - Batch num: 40, Task 0 acc: 0.2950, Batch num: 40, Task 1 acc: 5.8677, Batch num: 40, Task 2 acc: 59.5815, Batch num: 40, Task 3 acc: 94.8109, Batch num: 40, Task 4 acc: 31.0292, Task avg acc:38.3169
2024-05-27 09:02:46,199 - INFO - Batch num: 50, Task 0 acc: 0.3348, Batch num: 50, Task 1 acc: 6.0422, Batch num: 50, Task 2 acc: 60.0305, Batch num: 50, Task 3 acc: 92.9934, Batch num: 50, Task 4 acc: 45.3125, Task avg acc:40.9427
2024-05-27 09:02:56,972 - INFO - Batch num: 60, Task 0 acc: 0.3827, Batch num: 60, Task 1 acc: 6.2999, Batch num: 60, Task 2 acc: 47.8897, Batch num: 60, Task 3 acc: 85.3454, Batch num: 60, Task 4 acc: 64.8098, Task avg acc:40.9455
2024-05-27 09:03:07,691 - INFO - Batch num: 70, Task 0 acc: 0.2710, Batch num: 70, Task 1 acc: 5.9342, Batch num: 70, Task 2 acc: 33.1986, Batch num: 70, Task 3 acc: 70.3372, Batch num: 70, Task 4 acc: 74.0149, Task avg acc:36.7512
2024-05-27 09:03:18,424 - INFO - Batch num: 80, Task 0 acc: 0.0638, Batch num: 80, Task 1 acc: 2.9089, Batch num: 80, Task 2 acc: 32.1121, Batch num: 80, Task 3 acc: 77.6727, Batch num: 80, Task 4 acc: 75.8152, Task avg acc:37.7145
2024-05-27 09:03:29,211 - INFO - Batch num: 90, Task 0 acc: 0.0159, Batch num: 90, Task 1 acc: 1.6290, Batch num: 90, Task 2 acc: 32.8754, Batch num: 90, Task 3 acc: 67.2780, Batch num: 90, Task 4 acc: 81.4963, Task avg acc:36.6589
2024-05-27 09:03:29,239 - INFO - Epoch 1
2024-05-27 09:03:39,824 - INFO - Batch num: 0, Task 0 acc: 0.0159, Batch num: 0, Task 1 acc: 1.7537, Batch num: 0, Task 2 acc: 31.0794, Batch num: 0, Task 3 acc: 64.8520, Batch num: 0, Task 4 acc: 81.6746, Task avg acc:35.8751
2024-05-27 09:03:50,581 - INFO - Batch num: 10, Task 0 acc: 0.0080, Batch num: 10, Task 1 acc: 2.6346, Batch num: 10, Task 2 acc: 28.4393, Batch num: 10, Task 3 acc: 45.9951, Batch num: 10, Task 4 acc: 83.0248, Task avg acc:32.0204
2024-05-27 09:04:01,320 - INFO - Batch num: 20, Task 0 acc: 0.0159, Batch num: 20, Task 1 acc: 4.3966, Batch num: 20, Task 2 acc: 31.9415, Batch num: 20, Task 3 acc: 36.1513, Batch num: 20, Task 4 acc: 82.7021, Task avg acc:31.0415
2024-05-27 09:04:12,028 - INFO - Batch num: 30, Task 0 acc: 0.0080, Batch num: 30, Task 1 acc: 8.4026, Batch num: 30, Task 2 acc: 23.9404, Batch num: 30, Task 3 acc: 35.3947, Batch num: 30, Task 4 acc: 83.8400, Task avg acc:30.3171
2024-05-27 09:04:22,806 - INFO - Batch num: 40, Task 0 acc: 0.0399, Batch num: 40, Task 1 acc: 10.0150, Batch num: 40, Task 2 acc: 20.7705, Batch num: 40, Task 3 acc: 38.3306, Batch num: 40, Task 4 acc: 82.3539, Task avg acc:30.3020
2024-05-27 09:04:33,533 - INFO - Batch num: 50, Task 0 acc: 0.0399, Batch num: 50, Task 1 acc: 9.7989, Batch num: 50, Task 2 acc: 16.8822, Batch num: 50, Task 3 acc: 36.8668, Batch num: 50, Task 4 acc: 83.2796, Task avg acc:29.3734
2024-05-27 09:04:44,389 - INFO - Batch num: 60, Task 0 acc: 0.0239, Batch num: 60, Task 1 acc: 13.6137, Batch num: 60, Task 2 acc: 14.9425, Batch num: 60, Task 3 acc: 37.4424, Batch num: 60, Task 4 acc: 81.3774, Task avg acc:29.4800
2024-05-27 09:04:55,164 - INFO - Batch num: 70, Task 0 acc: 0.0399, Batch num: 70, Task 1 acc: 14.8604, Batch num: 70, Task 2 acc: 15.1131, Batch num: 70, Task 3 acc: 38.0099, Batch num: 70, Task 4 acc: 80.5452, Task avg acc:29.7137
2024-05-27 09:05:05,973 - INFO - Batch num: 80, Task 0 acc: 0.0159, Batch num: 80, Task 1 acc: 8.7101, Batch num: 80, Task 2 acc: 17.3581, Batch num: 80, Task 3 acc: 38.4128, Batch num: 80, Task 4 acc: 81.9803, Task avg acc:29.2955
2024-05-27 09:05:17,033 - INFO - Batch num: 90, Task 0 acc: 0.0558, Batch num: 90, Task 1 acc: 7.7045, Batch num: 90, Task 2 acc: 18.2112, Batch num: 90, Task 3 acc: 38.7089, Batch num: 90, Task 4 acc: 82.7700, Task avg acc:29.4901
2024-05-27 09:05:17,062 - INFO - Epoch 2
2024-05-27 09:05:27,664 - INFO - Batch num: 0, Task 0 acc: 0.0638, Batch num: 0, Task 1 acc: 7.8042, Batch num: 0, Task 2 acc: 18.0585, Batch num: 0, Task 3 acc: 39.0789, Batch num: 0, Task 4 acc: 82.4898, Task avg acc:29.4991
2024-05-27 09:05:38,453 - INFO - Batch num: 10, Task 0 acc: 0.0478, Batch num: 10, Task 1 acc: 8.1948, Batch num: 10, Task 2 acc: 15.8675, Batch num: 10, Task 3 acc: 37.2533, Batch num: 10, Task 4 acc: 81.8190, Task avg acc:28.6365
2024-05-27 09:05:49,206 - INFO - Batch num: 20, Task 0 acc: 0.1036, Batch num: 20, Task 1 acc: 5.9259, Batch num: 20, Task 2 acc: 15.4095, Batch num: 20, Task 3 acc: 35.0493, Batch num: 20, Task 4 acc: 82.9484, Task avg acc:27.8873
2024-05-27 09:05:59,979 - INFO - Batch num: 30, Task 0 acc: 0.7254, Batch num: 30, Task 1 acc: 3.3910, Batch num: 30, Task 2 acc: 13.2633, Batch num: 30, Task 3 acc: 34.9013, Batch num: 30, Task 4 acc: 84.9524, Task avg acc:27.4467
2024-05-27 09:06:10,747 - INFO - Batch num: 40, Task 0 acc: 0.2551, Batch num: 40, Task 1 acc: 3.3910, Batch num: 40, Task 2 acc: 11.7996, Batch num: 40, Task 3 acc: 35.3043, Batch num: 40, Task 4 acc: 86.2772, Task avg acc:27.4054
2024-05-27 09:06:21,488 - INFO - Batch num: 50, Task 0 acc: 0.2073, Batch num: 50, Task 1 acc: 2.1360, Batch num: 50, Task 2 acc: 11.5751, Batch num: 50, Task 3 acc: 26.9243, Batch num: 50, Task 4 acc: 88.4511, Task avg acc:25.8587
2024-05-27 09:06:32,367 - INFO - Batch num: 60, Task 0 acc: 0.2551, Batch num: 60, Task 1 acc: 2.4269, Batch num: 60, Task 2 acc: 12.8143, Batch num: 60, Task 3 acc: 24.6382, Batch num: 60, Task 4 acc: 87.9076, Task avg acc:25.6084
2024-05-27 09:06:43,102 - INFO - Batch num: 70, Task 0 acc: 0.0638, Batch num: 70, Task 1 acc: 5.8511, Batch num: 70, Task 2 acc: 15.1760, Batch num: 70, Task 3 acc: 17.8207, Batch num: 70, Task 4 acc: 88.4681, Task avg acc:25.4759
2024-05-27 09:06:53,834 - INFO - Batch num: 80, Task 0 acc: 0.0638, Batch num: 80, Task 1 acc: 7.0312, Batch num: 80, Task 2 acc: 20.1868, Batch num: 80, Task 3 acc: 13.8569, Batch num: 80, Task 4 acc: 87.0414, Task avg acc:25.6360
2024-05-27 09:07:04,567 - INFO - Batch num: 90, Task 0 acc: 0.1196, Batch num: 90, Task 1 acc: 3.5406, Batch num: 90, Task 2 acc: 23.3477, Batch num: 90, Task 3 acc: 13.5033, Batch num: 90, Task 4 acc: 88.2982, Task avg acc:25.7619
2024-05-27 09:07:04,597 - INFO - Epoch 3
2024-05-27 09:07:15,093 - INFO - Batch num: 0, Task 0 acc: 0.1036, Batch num: 0, Task 1 acc: 3.0585, Batch num: 0, Task 2 acc: 23.2399, Batch num: 0, Task 3 acc: 13.8651, Batch num: 0, Task 4 acc: 88.4681, Task avg acc:25.7471
2024-05-27 09:07:25,851 - INFO - Batch num: 10, Task 0 acc: 0.0558, Batch num: 10, Task 1 acc: 2.6430, Batch num: 10, Task 2 acc: 18.1034, Batch num: 10, Task 3 acc: 14.9671, Batch num: 10, Task 4 acc: 89.3427, Task avg acc:25.0224
2024-05-27 09:07:36,717 - INFO - Batch num: 20, Task 0 acc: 0.0717, Batch num: 20, Task 1 acc: 2.9671, Batch num: 20, Task 2 acc: 15.1042, Batch num: 20, Task 3 acc: 16.7434, Batch num: 20, Task 4 acc: 88.8332, Task avg acc:24.7439
2024-05-27 09:07:47,507 - INFO - Batch num: 30, Task 0 acc: 0.0877, Batch num: 30, Task 1 acc: 3.9229, Batch num: 30, Task 2 acc: 10.6771, Batch num: 30, Task 3 acc: 21.3240, Batch num: 30, Task 4 acc: 88.6634, Task avg acc:24.9350
2024-05-27 09:07:58,288 - INFO - Batch num: 40, Task 0 acc: 0.2950, Batch num: 40, Task 1 acc: 4.0642, Batch num: 40, Task 2 acc: 7.3366, Batch num: 40, Task 3 acc: 24.7204, Batch num: 40, Task 4 acc: 88.7823, Task avg acc:25.0397
2024-05-27 09:08:09,077 - INFO - Batch num: 50, Task 0 acc: 0.2471, Batch num: 50, Task 1 acc: 4.6376, Batch num: 50, Task 2 acc: 6.0435, Batch num: 50, Task 3 acc: 28.6431, Batch num: 50, Task 4 acc: 88.7568, Task avg acc:25.6656
2024-05-27 09:08:19,804 - INFO - Batch num: 60, Task 0 acc: 0.1196, Batch num: 60, Task 1 acc: 3.1416, Batch num: 60, Task 2 acc: 6.0614, Batch num: 60, Task 3 acc: 35.2549, Batch num: 60, Task 4 acc: 88.5445, Task avg acc:26.6244
2024-05-27 09:08:30,612 - INFO - Batch num: 70, Task 0 acc: 0.2790, Batch num: 70, Task 1 acc: 2.9255, Batch num: 70, Task 2 acc: 4.5169, Batch num: 70, Task 3 acc: 37.1957, Batch num: 70, Task 4 acc: 89.5211, Task avg acc:26.8876
2024-05-27 09:08:41,447 - INFO - Batch num: 80, Task 0 acc: 0.4225, Batch num: 80, Task 1 acc: 2.8507, Batch num: 80, Task 2 acc: 4.2744, Batch num: 80, Task 3 acc: 41.0280, Batch num: 80, Task 4 acc: 89.6739, Task avg acc:27.6499
2024-05-27 09:08:52,162 - INFO - Batch num: 90, Task 0 acc: 0.3428, Batch num: 90, Task 1 acc: 3.8481, Batch num: 90, Task 2 acc: 5.0736, Batch num: 90, Task 3 acc: 34.8602, Batch num: 90, Task 4 acc: 90.4297, Task avg acc:26.9109
