2024-05-28 07:40:15,902 - INFO - ##########Task 0##########
2024-05-28 07:40:15,903 - INFO - Epoch 0
2024-05-28 07:40:18,702 - INFO - Batch num: 0, Task 0 acc: 61.4318, Task avg acc:61.4318
2024-05-28 07:40:21,224 - INFO - Batch num: 10, Task 0 acc: 98.7883, Task avg acc:98.7883
2024-05-28 07:40:23,747 - INFO - Batch num: 20, Task 0 acc: 99.7210, Task avg acc:99.7210
2024-05-28 07:40:26,336 - INFO - Batch num: 30, Task 0 acc: 99.8326, Task avg acc:99.8326
2024-05-28 07:40:28,981 - INFO - Batch num: 40, Task 0 acc: 99.8485, Task avg acc:99.8485
2024-05-28 07:40:31,661 - INFO - Batch num: 50, Task 0 acc: 99.8804, Task avg acc:99.8804
2024-05-28 07:40:34,284 - INFO - Batch num: 60, Task 0 acc: 99.9043, Task avg acc:99.9043
2024-05-28 07:40:36,909 - INFO - Batch num: 70, Task 0 acc: 99.9283, Task avg acc:99.9283
2024-05-28 07:40:39,537 - INFO - Batch num: 80, Task 0 acc: 99.9442, Task avg acc:99.9442
2024-05-28 07:40:42,220 - INFO - Batch num: 90, Task 0 acc: 99.9362, Task avg acc:99.9362
2024-05-28 07:40:42,405 - INFO - Epoch 1
2024-05-28 07:40:44,808 - INFO - Batch num: 0, Task 0 acc: 99.9283, Task avg acc:99.9283
2024-05-28 07:40:47,467 - INFO - Batch num: 10, Task 0 acc: 99.9283, Task avg acc:99.9283
2024-05-28 07:40:50,106 - INFO - Batch num: 20, Task 0 acc: 99.9283, Task avg acc:99.9283
2024-05-28 07:40:52,792 - INFO - Batch num: 30, Task 0 acc: 99.9283, Task avg acc:99.9283
2024-05-28 07:40:55,425 - INFO - Batch num: 40, Task 0 acc: 99.9123, Task avg acc:99.9123
2024-05-28 07:40:58,062 - INFO - Batch num: 50, Task 0 acc: 99.9283, Task avg acc:99.9283
2024-05-28 07:41:00,714 - INFO - Batch num: 60, Task 0 acc: 99.9522, Task avg acc:99.9522
2024-05-28 07:41:03,348 - INFO - Batch num: 70, Task 0 acc: 99.9442, Task avg acc:99.9442
2024-05-28 07:41:05,970 - INFO - Batch num: 80, Task 0 acc: 99.9601, Task avg acc:99.9601
2024-05-28 07:41:08,641 - INFO - Batch num: 90, Task 0 acc: 99.9601, Task avg acc:99.9601
2024-05-28 07:41:08,824 - INFO - Epoch 2
2024-05-28 07:41:11,224 - INFO - Batch num: 0, Task 0 acc: 99.9601, Task avg acc:99.9601
2024-05-28 07:41:13,852 - INFO - Batch num: 10, Task 0 acc: 99.9681, Task avg acc:99.9681
2024-05-28 07:41:16,513 - INFO - Batch num: 20, Task 0 acc: 99.9362, Task avg acc:99.9362
2024-05-28 07:41:19,135 - INFO - Batch num: 30, Task 0 acc: 99.9043, Task avg acc:99.9043
2024-05-28 07:41:21,815 - INFO - Batch num: 40, Task 0 acc: 99.8884, Task avg acc:99.8884
2024-05-28 07:41:24,436 - INFO - Batch num: 50, Task 0 acc: 99.9601, Task avg acc:99.9601
2024-05-28 07:41:27,070 - INFO - Batch num: 60, Task 0 acc: 99.9601, Task avg acc:99.9601
2024-05-28 07:41:29,717 - INFO - Batch num: 70, Task 0 acc: 99.9841, Task avg acc:99.9841
2024-05-28 07:41:32,402 - INFO - Batch num: 80, Task 0 acc: 99.9841, Task avg acc:99.9841
2024-05-28 07:41:35,032 - INFO - Batch num: 90, Task 0 acc: 99.9761, Task avg acc:99.9761
2024-05-28 07:41:35,216 - INFO - Epoch 3
2024-05-28 07:41:37,605 - INFO - Batch num: 0, Task 0 acc: 99.9761, Task avg acc:99.9761
2024-05-28 07:41:40,234 - INFO - Batch num: 10, Task 0 acc: 99.9761, Task avg acc:99.9761
2024-05-28 07:41:42,861 - INFO - Batch num: 20, Task 0 acc: 99.9761, Task avg acc:99.9761
2024-05-28 07:41:45,532 - INFO - Batch num: 30, Task 0 acc: 99.9681, Task avg acc:99.9681
2024-05-28 07:41:48,189 - INFO - Batch num: 40, Task 0 acc: 99.9681, Task avg acc:99.9681
2024-05-28 07:41:50,822 - INFO - Batch num: 50, Task 0 acc: 99.9841, Task avg acc:99.9841
2024-05-28 07:41:53,450 - INFO - Batch num: 60, Task 0 acc: 99.9841, Task avg acc:99.9841
2024-05-28 07:41:56,116 - INFO - Batch num: 70, Task 0 acc: 99.9841, Task avg acc:99.9841
2024-05-28 07:41:58,743 - INFO - Batch num: 80, Task 0 acc: 99.9681, Task avg acc:99.9681
2024-05-28 07:42:01,377 - INFO - Batch num: 90, Task 0 acc: 99.9841, Task avg acc:99.9841
2024-05-28 07:42:01,573 - INFO - ##########Task 1##########
2024-05-28 07:42:01,573 - INFO - Epoch 0
2024-05-28 07:42:06,240 - INFO - Batch num: 0, Task 0 acc: 99.9841, Batch num: 0, Task 1 acc: 0.0000, Task avg acc:49.9920
2024-05-28 07:42:11,174 - INFO - Batch num: 10, Task 0 acc: 99.9761, Batch num: 10, Task 1 acc: 0.0000, Task avg acc:49.9880
2024-05-28 07:42:16,094 - INFO - Batch num: 20, Task 0 acc: 99.9761, Batch num: 20, Task 1 acc: 25.9059, Task avg acc:62.9410
2024-05-28 07:42:21,081 - INFO - Batch num: 30, Task 0 acc: 98.5651, Batch num: 30, Task 1 acc: 46.1519, Task avg acc:72.3585
2024-05-28 07:42:25,992 - INFO - Batch num: 40, Task 0 acc: 50.9168, Batch num: 40, Task 1 acc: 86.9847, Task avg acc:68.9507
2024-05-28 07:42:30,974 - INFO - Batch num: 50, Task 0 acc: 2.0328, Batch num: 50, Task 1 acc: 96.4345, Task avg acc:49.2337
2024-05-28 07:42:35,944 - INFO - Batch num: 60, Task 0 acc: 0.7254, Batch num: 60, Task 1 acc: 96.6174, Task avg acc:48.6714
2024-05-28 07:42:40,861 - INFO - Batch num: 70, Task 0 acc: 0.5899, Batch num: 70, Task 1 acc: 97.6479, Task avg acc:49.1189
2024-05-28 07:42:45,776 - INFO - Batch num: 80, Task 0 acc: 0.4305, Batch num: 80, Task 1 acc: 97.8391, Task avg acc:49.1348
2024-05-28 07:42:50,702 - INFO - Batch num: 90, Task 0 acc: 0.9965, Batch num: 90, Task 1 acc: 97.8391, Task avg acc:49.4178
2024-05-28 07:42:50,789 - INFO - Epoch 1
2024-05-28 07:42:55,503 - INFO - Batch num: 0, Task 0 acc: 1.0204, Batch num: 0, Task 1 acc: 97.9222, Task avg acc:49.4713
2024-05-28 07:43:00,463 - INFO - Batch num: 10, Task 0 acc: 0.5899, Batch num: 10, Task 1 acc: 98.1466, Task avg acc:49.3683
2024-05-28 07:43:05,416 - INFO - Batch num: 20, Task 0 acc: 0.0957, Batch num: 20, Task 1 acc: 98.0469, Task avg acc:49.0713
2024-05-28 07:43:10,350 - INFO - Batch num: 30, Task 0 acc: 0.0797, Batch num: 30, Task 1 acc: 97.9804, Task avg acc:49.0301
2024-05-28 07:43:15,286 - INFO - Batch num: 40, Task 0 acc: 0.0239, Batch num: 40, Task 1 acc: 97.9056, Task avg acc:48.9648
2024-05-28 07:43:20,287 - INFO - Batch num: 50, Task 0 acc: 0.0399, Batch num: 50, Task 1 acc: 98.2547, Task avg acc:49.1473
2024-05-28 07:43:25,277 - INFO - Batch num: 60, Task 0 acc: 0.0239, Batch num: 60, Task 1 acc: 98.0469, Task avg acc:49.0354
2024-05-28 07:43:30,230 - INFO - Batch num: 70, Task 0 acc: 0.0239, Batch num: 70, Task 1 acc: 98.1217, Task avg acc:49.0728
2024-05-28 07:43:35,143 - INFO - Batch num: 80, Task 0 acc: 0.0000, Batch num: 80, Task 1 acc: 98.0967, Task avg acc:49.0484
2024-05-28 07:43:40,090 - INFO - Batch num: 90, Task 0 acc: 0.0000, Batch num: 90, Task 1 acc: 98.1383, Task avg acc:49.0691
2024-05-28 07:43:40,178 - INFO - Epoch 2
2024-05-28 07:43:44,841 - INFO - Batch num: 0, Task 0 acc: 0.0000, Batch num: 0, Task 1 acc: 98.0801, Task avg acc:49.0401
2024-05-28 07:43:49,761 - INFO - Batch num: 10, Task 0 acc: 0.0080, Batch num: 10, Task 1 acc: 98.2547, Task avg acc:49.1313
2024-05-28 07:43:54,742 - INFO - Batch num: 20, Task 0 acc: 0.0000, Batch num: 20, Task 1 acc: 98.1051, Task avg acc:49.0525
2024-05-28 07:43:59,663 - INFO - Batch num: 30, Task 0 acc: 0.0000, Batch num: 30, Task 1 acc: 98.1051, Task avg acc:49.0525
2024-05-28 07:44:04,616 - INFO - Batch num: 40, Task 0 acc: 0.0000, Batch num: 40, Task 1 acc: 98.0884, Task avg acc:49.0442
2024-05-28 07:44:09,543 - INFO - Batch num: 50, Task 0 acc: 0.0000, Batch num: 50, Task 1 acc: 98.1965, Task avg acc:49.0982
2024-05-28 07:44:14,454 - INFO - Batch num: 60, Task 0 acc: 0.0000, Batch num: 60, Task 1 acc: 98.0635, Task avg acc:49.0317
2024-05-28 07:44:19,385 - INFO - Batch num: 70, Task 0 acc: 0.0000, Batch num: 70, Task 1 acc: 98.3378, Task avg acc:49.1689
2024-05-28 07:44:24,479 - INFO - Batch num: 80, Task 0 acc: 0.0000, Batch num: 80, Task 1 acc: 98.1632, Task avg acc:49.0816
2024-05-28 07:44:29,410 - INFO - Batch num: 90, Task 0 acc: 0.0000, Batch num: 90, Task 1 acc: 98.1051, Task avg acc:49.0525
2024-05-28 07:44:29,496 - INFO - Epoch 3
2024-05-28 07:44:34,188 - INFO - Batch num: 0, Task 0 acc: 0.0000, Batch num: 0, Task 1 acc: 98.1217, Task avg acc:49.0608
2024-05-28 07:44:39,103 - INFO - Batch num: 10, Task 0 acc: 0.0000, Batch num: 10, Task 1 acc: 98.1882, Task avg acc:49.0941
2024-05-28 07:44:44,037 - INFO - Batch num: 20, Task 0 acc: 0.0000, Batch num: 20, Task 1 acc: 98.1965, Task avg acc:49.0982
2024-05-28 07:44:48,958 - INFO - Batch num: 30, Task 0 acc: 0.0000, Batch num: 30, Task 1 acc: 97.9388, Task avg acc:48.9694
2024-05-28 07:44:53,899 - INFO - Batch num: 40, Task 0 acc: 0.0000, Batch num: 40, Task 1 acc: 98.3461, Task avg acc:49.1730
2024-05-28 07:44:58,888 - INFO - Batch num: 50, Task 0 acc: 0.0000, Batch num: 50, Task 1 acc: 98.2463, Task avg acc:49.1232
2024-05-28 07:45:03,820 - INFO - Batch num: 60, Task 0 acc: 0.0000, Batch num: 60, Task 1 acc: 98.2962, Task avg acc:49.1481
2024-05-28 07:45:08,733 - INFO - Batch num: 70, Task 0 acc: 0.0000, Batch num: 70, Task 1 acc: 98.1466, Task avg acc:49.0733
2024-05-28 07:45:13,647 - INFO - Batch num: 80, Task 0 acc: 0.0000, Batch num: 80, Task 1 acc: 98.0967, Task avg acc:49.0484
2024-05-28 07:45:18,561 - INFO - Batch num: 90, Task 0 acc: 0.0000, Batch num: 90, Task 1 acc: 98.1383, Task avg acc:49.0691
2024-05-28 07:45:18,658 - INFO - ##########Task 2##########
2024-05-28 07:45:18,659 - INFO - Epoch 0
2024-05-28 07:45:25,460 - INFO - Batch num: 0, Task 0 acc: 0.0080, Batch num: 0, Task 1 acc: 98.1134, Batch num: 0, Task 2 acc: 0.0000, Task avg acc:32.7071
2024-05-28 07:45:32,547 - INFO - Batch num: 10, Task 0 acc: 11.8782, Batch num: 10, Task 1 acc: 95.7779, Batch num: 10, Task 2 acc: 0.0000, Task avg acc:35.8854
2024-05-28 07:45:39,565 - INFO - Batch num: 20, Task 0 acc: 79.1454, Batch num: 20, Task 1 acc: 69.4897, Batch num: 20, Task 2 acc: 18.4986, Task avg acc:55.7112
2024-05-28 07:45:46,579 - INFO - Batch num: 30, Task 0 acc: 40.4735, Batch num: 30, Task 1 acc: 25.6566, Batch num: 30, Task 2 acc: 89.4486, Task avg acc:51.8596
2024-05-28 07:45:53,594 - INFO - Batch num: 40, Task 0 acc: 0.0000, Batch num: 40, Task 1 acc: 0.0831, Batch num: 40, Task 2 acc: 96.9558, Task avg acc:32.3463
2024-05-28 07:46:00,651 - INFO - Batch num: 50, Task 0 acc: 0.0000, Batch num: 50, Task 1 acc: 0.0000, Batch num: 50, Task 2 acc: 99.1918, Task avg acc:33.0639
2024-05-28 07:46:07,675 - INFO - Batch num: 60, Task 0 acc: 0.0000, Batch num: 60, Task 1 acc: 0.0000, Batch num: 60, Task 2 acc: 99.4073, Task avg acc:33.1358
2024-05-28 07:46:14,763 - INFO - Batch num: 70, Task 0 acc: 0.0000, Batch num: 70, Task 1 acc: 0.0166, Batch num: 70, Task 2 acc: 99.4253, Task avg acc:33.1473
2024-05-28 07:46:21,773 - INFO - Batch num: 80, Task 0 acc: 0.0000, Batch num: 80, Task 1 acc: 0.1496, Batch num: 80, Task 2 acc: 99.4253, Task avg acc:33.1916
2024-05-28 07:46:21,946 - INFO - Epoch 1
2024-05-28 07:46:28,718 - INFO - Batch num: 0, Task 0 acc: 0.0000, Batch num: 0, Task 1 acc: 0.5319, Batch num: 0, Task 2 acc: 99.4432, Task avg acc:33.3251
2024-05-28 07:46:35,756 - INFO - Batch num: 10, Task 0 acc: 0.0000, Batch num: 10, Task 1 acc: 0.5319, Batch num: 10, Task 2 acc: 99.3175, Task avg acc:33.2831
2024-05-28 07:46:42,759 - INFO - Batch num: 20, Task 0 acc: 0.0000, Batch num: 20, Task 1 acc: 0.9475, Batch num: 20, Task 2 acc: 99.5241, Task avg acc:33.4905
2024-05-28 07:46:49,774 - INFO - Batch num: 30, Task 0 acc: 0.0000, Batch num: 30, Task 1 acc: 0.4239, Batch num: 30, Task 2 acc: 99.5690, Task avg acc:33.3309
2024-05-28 07:46:56,851 - INFO - Batch num: 40, Task 0 acc: 0.0000, Batch num: 40, Task 1 acc: 0.3989, Batch num: 40, Task 2 acc: 99.5241, Task avg acc:33.3077
2024-05-28 07:47:03,916 - INFO - Batch num: 50, Task 0 acc: 0.0000, Batch num: 50, Task 1 acc: 0.4239, Batch num: 50, Task 2 acc: 99.5959, Task avg acc:33.3399
2024-05-28 07:47:10,911 - INFO - Batch num: 60, Task 0 acc: 0.0000, Batch num: 60, Task 1 acc: 0.5818, Batch num: 60, Task 2 acc: 99.5420, Task avg acc:33.3746
2024-05-28 07:47:17,933 - INFO - Batch num: 70, Task 0 acc: 0.0000, Batch num: 70, Task 1 acc: 0.8976, Batch num: 70, Task 2 acc: 99.5600, Task avg acc:33.4859
2024-05-28 07:47:24,968 - INFO - Batch num: 80, Task 0 acc: 0.0000, Batch num: 80, Task 1 acc: 0.6483, Batch num: 80, Task 2 acc: 99.5420, Task avg acc:33.3968
2024-05-28 07:47:25,136 - INFO - Epoch 2
2024-05-28 07:47:31,960 - INFO - Batch num: 0, Task 0 acc: 0.0000, Batch num: 0, Task 1 acc: 0.6815, Batch num: 0, Task 2 acc: 99.4881, Task avg acc:33.3899
2024-05-28 07:47:39,039 - INFO - Batch num: 10, Task 0 acc: 0.0000, Batch num: 10, Task 1 acc: 0.1164, Batch num: 10, Task 2 acc: 99.4881, Task avg acc:33.2015
2024-05-28 07:47:46,061 - INFO - Batch num: 20, Task 0 acc: 0.0000, Batch num: 20, Task 1 acc: 0.2078, Batch num: 20, Task 2 acc: 99.5690, Task avg acc:33.2589
2024-05-28 07:47:53,084 - INFO - Batch num: 30, Task 0 acc: 0.0000, Batch num: 30, Task 1 acc: 0.2992, Batch num: 30, Task 2 acc: 99.2726, Task avg acc:33.1906
2024-05-28 07:48:00,112 - INFO - Batch num: 40, Task 0 acc: 0.0000, Batch num: 40, Task 1 acc: 0.4904, Batch num: 40, Task 2 acc: 99.2726, Task avg acc:33.2543
2024-05-28 07:48:07,118 - INFO - Batch num: 50, Task 0 acc: 0.0000, Batch num: 50, Task 1 acc: 0.4405, Batch num: 50, Task 2 acc: 99.5600, Task avg acc:33.3335
2024-05-28 07:48:14,146 - INFO - Batch num: 60, Task 0 acc: 0.0000, Batch num: 60, Task 1 acc: 0.3906, Batch num: 60, Task 2 acc: 99.5959, Task avg acc:33.3288
2024-05-28 07:48:21,188 - INFO - Batch num: 70, Task 0 acc: 0.0000, Batch num: 70, Task 1 acc: 0.4072, Batch num: 70, Task 2 acc: 99.6318, Task avg acc:33.3464
2024-05-28 07:48:28,236 - INFO - Batch num: 80, Task 0 acc: 0.0000, Batch num: 80, Task 1 acc: 0.4239, Batch num: 80, Task 2 acc: 99.4073, Task avg acc:33.2771
2024-05-28 07:48:28,407 - INFO - Epoch 3
2024-05-28 07:48:35,206 - INFO - Batch num: 0, Task 0 acc: 0.0000, Batch num: 0, Task 1 acc: 0.4239, Batch num: 0, Task 2 acc: 99.3265, Task avg acc:33.2501
2024-05-28 07:48:42,200 - INFO - Batch num: 10, Task 0 acc: 0.0000, Batch num: 10, Task 1 acc: 0.2743, Batch num: 10, Task 2 acc: 99.5241, Task avg acc:33.2661
2024-05-28 07:48:49,217 - INFO - Batch num: 20, Task 0 acc: 0.0000, Batch num: 20, Task 1 acc: 0.3740, Batch num: 20, Task 2 acc: 99.4612, Task avg acc:33.2784
2024-05-28 07:48:56,250 - INFO - Batch num: 30, Task 0 acc: 0.0000, Batch num: 30, Task 1 acc: 0.0582, Batch num: 30, Task 2 acc: 99.3445, Task avg acc:33.1342
2024-05-28 07:49:03,283 - INFO - Batch num: 40, Task 0 acc: 0.0000, Batch num: 40, Task 1 acc: 0.1330, Batch num: 40, Task 2 acc: 99.5241, Task avg acc:33.2190
2024-05-28 07:49:10,345 - INFO - Batch num: 50, Task 0 acc: 0.0000, Batch num: 50, Task 1 acc: 0.3823, Batch num: 50, Task 2 acc: 99.5061, Task avg acc:33.2961
2024-05-28 07:49:17,462 - INFO - Batch num: 60, Task 0 acc: 0.0000, Batch num: 60, Task 1 acc: 0.2743, Batch num: 60, Task 2 acc: 99.5779, Task avg acc:33.2841
2024-05-28 07:49:25,455 - INFO - Batch num: 70, Task 0 acc: 0.0000, Batch num: 70, Task 1 acc: 0.2078, Batch num: 70, Task 2 acc: 99.5690, Task avg acc:33.2589
2024-05-28 07:49:32,470 - INFO - Batch num: 80, Task 0 acc: 0.0000, Batch num: 80, Task 1 acc: 0.4405, Batch num: 80, Task 2 acc: 99.5959, Task avg acc:33.3455
2024-05-28 07:49:32,663 - INFO - ##########Task 3##########
2024-05-28 07:49:32,663 - INFO - Epoch 0
2024-05-28 07:49:41,830 - INFO - Batch num: 0, Task 0 acc: 0.0000, Batch num: 0, Task 1 acc: 1.5459, Batch num: 0, Task 2 acc: 99.5690, Batch num: 0, Task 3 acc: 0.0000, Task avg acc:25.2787
2024-05-28 07:49:51,050 - INFO - Batch num: 10, Task 0 acc: 0.0000, Batch num: 10, Task 1 acc: 8.4940, Batch num: 10, Task 2 acc: 99.3445, Batch num: 10, Task 3 acc: 0.0000, Task avg acc:26.9596
2024-05-28 07:50:01,236 - INFO - Batch num: 20, Task 0 acc: 0.3189, Batch num: 20, Task 1 acc: 32.6130, Batch num: 20, Task 2 acc: 97.8807, Batch num: 20, Task 3 acc: 1.2253, Task avg acc:33.0095
2024-05-28 07:50:10,886 - INFO - Batch num: 30, Task 0 acc: 4.3527, Batch num: 30, Task 1 acc: 23.1882, Batch num: 30, Task 2 acc: 84.2583, Batch num: 30, Task 3 acc: 77.9441, Task avg acc:47.4358
2024-05-28 07:50:20,581 - INFO - Batch num: 40, Task 0 acc: 0.0000, Batch num: 40, Task 1 acc: 0.0582, Batch num: 40, Task 2 acc: 3.6279, Batch num: 40, Task 3 acc: 99.5888, Task avg acc:25.8187
2024-05-28 07:50:29,940 - INFO - Batch num: 50, Task 0 acc: 0.0000, Batch num: 50, Task 1 acc: 0.0000, Batch num: 50, Task 2 acc: 0.0449, Batch num: 50, Task 3 acc: 99.6875, Task avg acc:24.9331
2024-05-28 07:50:39,306 - INFO - Batch num: 60, Task 0 acc: 0.0000, Batch num: 60, Task 1 acc: 0.0000, Batch num: 60, Task 2 acc: 0.0090, Batch num: 60, Task 3 acc: 99.7533, Task avg acc:24.9406
2024-05-28 07:50:48,715 - INFO - Batch num: 70, Task 0 acc: 0.0000, Batch num: 70, Task 1 acc: 0.0000, Batch num: 70, Task 2 acc: 0.0718, Batch num: 70, Task 3 acc: 99.7122, Task avg acc:24.9460
2024-05-28 07:50:58,003 - INFO - Batch num: 80, Task 0 acc: 0.0000, Batch num: 80, Task 1 acc: 0.0000, Batch num: 80, Task 2 acc: 1.4278, Batch num: 80, Task 3 acc: 99.7368, Task avg acc:25.2912
2024-05-28 07:51:07,326 - INFO - Batch num: 90, Task 0 acc: 0.0000, Batch num: 90, Task 1 acc: 0.0000, Batch num: 90, Task 2 acc: 5.8369, Batch num: 90, Task 3 acc: 99.8026, Task avg acc:26.4099
2024-05-28 07:51:07,440 - INFO - Epoch 1
2024-05-28 07:51:16,486 - INFO - Batch num: 0, Task 0 acc: 0.0000, Batch num: 0, Task 1 acc: 0.0000, Batch num: 0, Task 2 acc: 9.4558, Batch num: 0, Task 3 acc: 99.7862, Task avg acc:27.3105
2024-05-28 07:51:25,782 - INFO - Batch num: 10, Task 0 acc: 0.0000, Batch num: 10, Task 1 acc: 0.0000, Batch num: 10, Task 2 acc: 9.8330, Batch num: 10, Task 3 acc: 99.7944, Task avg acc:27.4068
2024-05-28 07:51:35,162 - INFO - Batch num: 20, Task 0 acc: 0.0000, Batch num: 20, Task 1 acc: 0.0000, Batch num: 20, Task 2 acc: 9.4828, Batch num: 20, Task 3 acc: 99.8273, Task avg acc:27.3275
2024-05-28 07:51:44,502 - INFO - Batch num: 30, Task 0 acc: 0.0000, Batch num: 30, Task 1 acc: 0.0000, Batch num: 30, Task 2 acc: 7.3815, Batch num: 30, Task 3 acc: 99.8355, Task avg acc:26.8042
2024-05-28 07:51:53,783 - INFO - Batch num: 40, Task 0 acc: 0.0000, Batch num: 40, Task 1 acc: 0.0000, Batch num: 40, Task 2 acc: 4.8581, Batch num: 40, Task 3 acc: 99.8355, Task avg acc:26.1734
2024-05-28 07:52:03,087 - INFO - Batch num: 50, Task 0 acc: 0.0000, Batch num: 50, Task 1 acc: 0.0000, Batch num: 50, Task 2 acc: 5.9716, Batch num: 50, Task 3 acc: 99.8520, Task avg acc:26.4559
2024-05-28 07:52:12,401 - INFO - Batch num: 60, Task 0 acc: 0.0000, Batch num: 60, Task 1 acc: 0.0000, Batch num: 60, Task 2 acc: 7.5700, Batch num: 60, Task 3 acc: 99.8273, Task avg acc:26.8493
2024-05-28 07:52:21,697 - INFO - Batch num: 70, Task 0 acc: 0.0000, Batch num: 70, Task 1 acc: 0.0000, Batch num: 70, Task 2 acc: 5.6753, Batch num: 70, Task 3 acc: 99.8109, Task avg acc:26.3715
2024-05-28 07:52:31,022 - INFO - Batch num: 80, Task 0 acc: 0.0000, Batch num: 80, Task 1 acc: 0.0000, Batch num: 80, Task 2 acc: 5.8459, Batch num: 80, Task 3 acc: 99.8109, Task avg acc:26.4142
2024-05-28 07:52:40,333 - INFO - Batch num: 90, Task 0 acc: 0.0000, Batch num: 90, Task 1 acc: 0.0000, Batch num: 90, Task 2 acc: 7.8394, Batch num: 90, Task 3 acc: 99.8273, Task avg acc:26.9167
2024-05-28 07:52:40,446 - INFO - Epoch 2
2024-05-28 07:52:49,474 - INFO - Batch num: 0, Task 0 acc: 0.0000, Batch num: 0, Task 1 acc: 0.0000, Batch num: 0, Task 2 acc: 7.8933, Batch num: 0, Task 3 acc: 99.8026, Task avg acc:26.9240
2024-05-28 07:52:58,755 - INFO - Batch num: 10, Task 0 acc: 0.0000, Batch num: 10, Task 1 acc: 0.0000, Batch num: 10, Task 2 acc: 7.1390, Batch num: 10, Task 3 acc: 99.8355, Task avg acc:26.7436
2024-05-28 07:53:08,060 - INFO - Batch num: 20, Task 0 acc: 0.0000, Batch num: 20, Task 1 acc: 0.0000, Batch num: 20, Task 2 acc: 6.6092, Batch num: 20, Task 3 acc: 99.8273, Task avg acc:26.6091
2024-05-28 07:53:17,413 - INFO - Batch num: 30, Task 0 acc: 0.0000, Batch num: 30, Task 1 acc: 0.0000, Batch num: 30, Task 2 acc: 5.6573, Batch num: 30, Task 3 acc: 99.8438, Task avg acc:26.3753
2024-05-28 07:53:26,783 - INFO - Batch num: 40, Task 0 acc: 0.0000, Batch num: 40, Task 1 acc: 0.0000, Batch num: 40, Task 2 acc: 5.5496, Batch num: 40, Task 3 acc: 99.8355, Task avg acc:26.3463
2024-05-28 07:53:36,079 - INFO - Batch num: 50, Task 0 acc: 0.0000, Batch num: 50, Task 1 acc: 0.0000, Batch num: 50, Task 2 acc: 5.7292, Batch num: 50, Task 3 acc: 99.8355, Task avg acc:26.3912
2024-05-28 07:53:45,384 - INFO - Batch num: 60, Task 0 acc: 0.0000, Batch num: 60, Task 1 acc: 0.0000, Batch num: 60, Task 2 acc: 5.7561, Batch num: 60, Task 3 acc: 99.8766, Task avg acc:26.4082
2024-05-28 07:53:54,675 - INFO - Batch num: 70, Task 0 acc: 0.0000, Batch num: 70, Task 1 acc: 0.0000, Batch num: 70, Task 2 acc: 5.9896, Batch num: 70, Task 3 acc: 99.8273, Task avg acc:26.4542
2024-05-28 07:54:03,972 - INFO - Batch num: 80, Task 0 acc: 0.0000, Batch num: 80, Task 1 acc: 0.0000, Batch num: 80, Task 2 acc: 5.9177, Batch num: 80, Task 3 acc: 99.8026, Task avg acc:26.4301
2024-05-28 07:54:13,412 - INFO - Batch num: 90, Task 0 acc: 0.0000, Batch num: 90, Task 1 acc: 0.0000, Batch num: 90, Task 2 acc: 6.1422, Batch num: 90, Task 3 acc: 99.8273, Task avg acc:26.4924
2024-05-28 07:54:13,528 - INFO - Epoch 3
2024-05-28 07:54:22,865 - INFO - Batch num: 0, Task 0 acc: 0.0000, Batch num: 0, Task 1 acc: 0.0000, Batch num: 0, Task 2 acc: 7.1390, Batch num: 0, Task 3 acc: 99.7286, Task avg acc:26.7169
2024-05-28 07:54:32,401 - INFO - Batch num: 10, Task 0 acc: 0.0000, Batch num: 10, Task 1 acc: 0.0000, Batch num: 10, Task 2 acc: 7.4533, Batch num: 10, Task 3 acc: 99.8355, Task avg acc:26.8222
2024-05-28 07:54:41,933 - INFO - Batch num: 20, Task 0 acc: 0.0000, Batch num: 20, Task 1 acc: 0.0000, Batch num: 20, Task 2 acc: 5.5496, Batch num: 20, Task 3 acc: 99.8109, Task avg acc:26.3401
2024-05-28 07:54:51,418 - INFO - Batch num: 30, Task 0 acc: 0.0000, Batch num: 30, Task 1 acc: 0.0000, Batch num: 30, Task 2 acc: 4.0230, Batch num: 30, Task 3 acc: 99.8273, Task avg acc:25.9626
2024-05-28 07:55:00,705 - INFO - Batch num: 40, Task 0 acc: 0.0000, Batch num: 40, Task 1 acc: 0.0000, Batch num: 40, Task 2 acc: 5.2443, Batch num: 40, Task 3 acc: 99.8026, Task avg acc:26.2617
2024-05-28 07:55:09,989 - INFO - Batch num: 50, Task 0 acc: 0.0000, Batch num: 50, Task 1 acc: 0.0000, Batch num: 50, Task 2 acc: 5.5855, Batch num: 50, Task 3 acc: 99.8273, Task avg acc:26.3532
2024-05-28 07:55:19,302 - INFO - Batch num: 60, Task 0 acc: 0.0000, Batch num: 60, Task 1 acc: 0.0000, Batch num: 60, Task 2 acc: 6.4296, Batch num: 60, Task 3 acc: 99.8355, Task avg acc:26.5663
2024-05-28 07:55:28,627 - INFO - Batch num: 70, Task 0 acc: 0.0000, Batch num: 70, Task 1 acc: 0.0000, Batch num: 70, Task 2 acc: 7.4353, Batch num: 70, Task 3 acc: 99.8273, Task avg acc:26.8157
2024-05-28 07:55:37,921 - INFO - Batch num: 80, Task 0 acc: 0.0000, Batch num: 80, Task 1 acc: 0.0000, Batch num: 80, Task 2 acc: 5.1455, Batch num: 80, Task 3 acc: 99.8273, Task avg acc:26.2432
2024-05-28 07:55:47,222 - INFO - Batch num: 90, Task 0 acc: 0.0000, Batch num: 90, Task 1 acc: 0.0000, Batch num: 90, Task 2 acc: 5.5675, Batch num: 90, Task 3 acc: 99.8355, Task avg acc:26.3508
2024-05-28 07:55:47,347 - INFO - ##########Task 4##########
2024-05-28 07:55:47,348 - INFO - Epoch 0
2024-05-28 07:55:58,717 - INFO - Batch num: 0, Task 0 acc: 0.0000, Batch num: 0, Task 1 acc: 0.0000, Batch num: 0, Task 2 acc: 12.8233, Batch num: 0, Task 3 acc: 99.8191, Batch num: 0, Task 4 acc: 0.0000, Task avg acc:22.5285
2024-05-28 07:56:10,225 - INFO - Batch num: 10, Task 0 acc: 0.0000, Batch num: 10, Task 1 acc: 0.0997, Batch num: 10, Task 2 acc: 46.9468, Batch num: 10, Task 3 acc: 99.4737, Batch num: 10, Task 4 acc: 0.0000, Task avg acc:29.3041
2024-05-28 07:56:21,772 - INFO - Batch num: 20, Task 0 acc: 0.0000, Batch num: 20, Task 1 acc: 1.3547, Batch num: 20, Task 2 acc: 62.1588, Batch num: 20, Task 3 acc: 98.5938, Batch num: 20, Task 4 acc: 9.1882, Task avg acc:34.2591
2024-05-28 07:56:33,269 - INFO - Batch num: 30, Task 0 acc: 0.0000, Batch num: 30, Task 1 acc: 1.0389, Batch num: 30, Task 2 acc: 29.5708, Batch num: 30, Task 3 acc: 42.9359, Batch num: 30, Task 4 acc: 72.8601, Task avg acc:29.2811
2024-05-28 07:56:44,817 - INFO - Batch num: 40, Task 0 acc: 0.0000, Batch num: 40, Task 1 acc: 0.0499, Batch num: 40, Task 2 acc: 0.2065, Batch num: 40, Task 3 acc: 9.5970, Batch num: 40, Task 4 acc: 95.2955, Task avg acc:21.0298
2024-05-28 07:56:56,380 - INFO - Batch num: 50, Task 0 acc: 0.0000, Batch num: 50, Task 1 acc: 0.0083, Batch num: 50, Task 2 acc: 0.0000, Batch num: 50, Task 3 acc: 0.8553, Batch num: 50, Task 4 acc: 97.4100, Task avg acc:19.6547
2024-05-28 07:57:07,867 - INFO - Batch num: 60, Task 0 acc: 0.0000, Batch num: 60, Task 1 acc: 0.0083, Batch num: 60, Task 2 acc: 0.0000, Batch num: 60, Task 3 acc: 0.2303, Batch num: 60, Task 4 acc: 98.2252, Task avg acc:19.6928
2024-05-28 07:57:19,387 - INFO - Batch num: 70, Task 0 acc: 0.0000, Batch num: 70, Task 1 acc: 0.0083, Batch num: 70, Task 2 acc: 0.0000, Batch num: 70, Task 3 acc: 0.2220, Batch num: 70, Task 4 acc: 98.2507, Task avg acc:19.6962
2024-05-28 07:57:30,940 - INFO - Batch num: 80, Task 0 acc: 0.0000, Batch num: 80, Task 1 acc: 0.0249, Batch num: 80, Task 2 acc: 0.0000, Batch num: 80, Task 3 acc: 0.6414, Batch num: 80, Task 4 acc: 98.3611, Task avg acc:19.8055
2024-05-28 07:57:42,477 - INFO - Batch num: 90, Task 0 acc: 0.0000, Batch num: 90, Task 1 acc: 0.0249, Batch num: 90, Task 2 acc: 0.0000, Batch num: 90, Task 3 acc: 4.3586, Batch num: 90, Task 4 acc: 98.5224, Task avg acc:20.5812
2024-05-28 07:57:42,508 - INFO - Epoch 1
2024-05-28 07:57:53,800 - INFO - Batch num: 0, Task 0 acc: 0.0000, Batch num: 0, Task 1 acc: 0.0249, Batch num: 0, Task 2 acc: 0.0000, Batch num: 0, Task 3 acc: 5.0658, Batch num: 0, Task 4 acc: 98.4715, Task avg acc:20.7124
2024-05-28 07:58:05,374 - INFO - Batch num: 10, Task 0 acc: 0.0000, Batch num: 10, Task 1 acc: 0.0166, Batch num: 10, Task 2 acc: 0.0000, Batch num: 10, Task 3 acc: 6.8339, Batch num: 10, Task 4 acc: 98.3186, Task avg acc:21.0338
2024-05-28 07:58:16,908 - INFO - Batch num: 20, Task 0 acc: 0.0000, Batch num: 20, Task 1 acc: 0.0083, Batch num: 20, Task 2 acc: 0.0000, Batch num: 20, Task 3 acc: 3.0510, Batch num: 20, Task 4 acc: 98.2677, Task avg acc:20.2654
2024-05-28 07:58:28,428 - INFO - Batch num: 30, Task 0 acc: 0.0000, Batch num: 30, Task 1 acc: 0.0249, Batch num: 30, Task 2 acc: 0.0000, Batch num: 30, Task 3 acc: 4.5395, Batch num: 30, Task 4 acc: 98.5734, Task avg acc:20.6276
2024-05-28 07:58:39,959 - INFO - Batch num: 40, Task 0 acc: 0.0000, Batch num: 40, Task 1 acc: 0.0166, Batch num: 40, Task 2 acc: 0.0000, Batch num: 40, Task 3 acc: 5.5099, Batch num: 40, Task 4 acc: 98.5139, Task avg acc:20.8081
2024-05-28 07:58:51,565 - INFO - Batch num: 50, Task 0 acc: 0.0000, Batch num: 50, Task 1 acc: 0.0166, Batch num: 50, Task 2 acc: 0.0000, Batch num: 50, Task 3 acc: 5.6168, Batch num: 50, Task 4 acc: 98.5054, Task avg acc:20.8278
2024-05-28 07:59:03,085 - INFO - Batch num: 60, Task 0 acc: 0.0000, Batch num: 60, Task 1 acc: 0.0249, Batch num: 60, Task 2 acc: 0.0000, Batch num: 60, Task 3 acc: 6.0115, Batch num: 60, Task 4 acc: 98.4630, Task avg acc:20.8999
2024-05-28 07:59:14,578 - INFO - Batch num: 70, Task 0 acc: 0.0000, Batch num: 70, Task 1 acc: 0.0166, Batch num: 70, Task 2 acc: 0.0000, Batch num: 70, Task 3 acc: 3.7418, Batch num: 70, Task 4 acc: 98.3950, Task avg acc:20.4307
2024-05-28 07:59:26,136 - INFO - Batch num: 80, Task 0 acc: 0.0000, Batch num: 80, Task 1 acc: 0.0166, Batch num: 80, Task 2 acc: 0.0000, Batch num: 80, Task 3 acc: 4.1941, Batch num: 80, Task 4 acc: 98.5904, Task avg acc:20.5602
2024-05-28 07:59:39,644 - INFO - Batch num: 90, Task 0 acc: 0.0000, Batch num: 90, Task 1 acc: 0.0083, Batch num: 90, Task 2 acc: 0.0000, Batch num: 90, Task 3 acc: 5.5592, Batch num: 90, Task 4 acc: 98.6498, Task avg acc:20.8435
2024-05-28 07:59:39,673 - INFO - Epoch 2
2024-05-28 07:59:50,799 - INFO - Batch num: 0, Task 0 acc: 0.0000, Batch num: 0, Task 1 acc: 0.0166, Batch num: 0, Task 2 acc: 0.0000, Batch num: 0, Task 3 acc: 5.6661, Batch num: 0, Task 4 acc: 98.6243, Task avg acc:20.8614
2024-05-28 08:00:03,599 - INFO - Batch num: 10, Task 0 acc: 0.0000, Batch num: 10, Task 1 acc: 0.0166, Batch num: 10, Task 2 acc: 0.0000, Batch num: 10, Task 3 acc: 6.9901, Batch num: 10, Task 4 acc: 98.4460, Task avg acc:21.0905
2024-05-28 08:00:14,829 - INFO - Batch num: 20, Task 0 acc: 0.0000, Batch num: 20, Task 1 acc: 0.0083, Batch num: 20, Task 2 acc: 0.0000, Batch num: 20, Task 3 acc: 5.3536, Batch num: 20, Task 4 acc: 98.3696, Task avg acc:20.7463
2024-05-28 08:00:25,987 - INFO - Batch num: 30, Task 0 acc: 0.0000, Batch num: 30, Task 1 acc: 0.0083, Batch num: 30, Task 2 acc: 0.0000, Batch num: 30, Task 3 acc: 5.1316, Batch num: 30, Task 4 acc: 98.6923, Task avg acc:20.7664
2024-05-28 08:00:37,104 - INFO - Batch num: 40, Task 0 acc: 0.0000, Batch num: 40, Task 1 acc: 0.0166, Batch num: 40, Task 2 acc: 0.0000, Batch num: 40, Task 3 acc: 5.3701, Batch num: 40, Task 4 acc: 98.8366, Task avg acc:20.8447
2024-05-28 08:00:48,236 - INFO - Batch num: 50, Task 0 acc: 0.0000, Batch num: 50, Task 1 acc: 0.0083, Batch num: 50, Task 2 acc: 0.0000, Batch num: 50, Task 3 acc: 4.3339, Batch num: 50, Task 4 acc: 98.8366, Task avg acc:20.6358
2024-05-28 08:00:59,436 - INFO - Batch num: 60, Task 0 acc: 0.0000, Batch num: 60, Task 1 acc: 0.0000, Batch num: 60, Task 2 acc: 0.0000, Batch num: 60, Task 3 acc: 4.4819, Batch num: 60, Task 4 acc: 98.6753, Task avg acc:20.6314
2024-05-28 08:01:10,609 - INFO - Batch num: 70, Task 0 acc: 0.0000, Batch num: 70, Task 1 acc: 0.0083, Batch num: 70, Task 2 acc: 0.0000, Batch num: 70, Task 3 acc: 4.2681, Batch num: 70, Task 4 acc: 98.7772, Task avg acc:20.6107
2024-05-28 08:01:21,696 - INFO - Batch num: 80, Task 0 acc: 0.0000, Batch num: 80, Task 1 acc: 0.0000, Batch num: 80, Task 2 acc: 0.0000, Batch num: 80, Task 3 acc: 4.4984, Batch num: 80, Task 4 acc: 98.6413, Task avg acc:20.6279
2024-05-28 08:01:32,832 - INFO - Batch num: 90, Task 0 acc: 0.0000, Batch num: 90, Task 1 acc: 0.0000, Batch num: 90, Task 2 acc: 0.0000, Batch num: 90, Task 3 acc: 6.6365, Batch num: 90, Task 4 acc: 98.4460, Task avg acc:21.0165
2024-05-28 08:01:32,861 - INFO - Epoch 3
2024-05-28 08:01:43,738 - INFO - Batch num: 0, Task 0 acc: 0.0000, Batch num: 0, Task 1 acc: 0.0000, Batch num: 0, Task 2 acc: 0.0000, Batch num: 0, Task 3 acc: 6.4062, Batch num: 0, Task 4 acc: 98.3611, Task avg acc:20.9535
2024-05-28 08:01:54,813 - INFO - Batch num: 10, Task 0 acc: 0.0000, Batch num: 10, Task 1 acc: 0.0083, Batch num: 10, Task 2 acc: 0.0000, Batch num: 10, Task 3 acc: 6.4309, Batch num: 10, Task 4 acc: 98.2082, Task avg acc:20.9295
2024-05-28 08:02:05,997 - INFO - Batch num: 20, Task 0 acc: 0.0000, Batch num: 20, Task 1 acc: 0.0000, Batch num: 20, Task 2 acc: 0.0000, Batch num: 20, Task 3 acc: 2.8618, Batch num: 20, Task 4 acc: 98.3441, Task avg acc:20.2412
2024-05-28 08:02:17,319 - INFO - Batch num: 30, Task 0 acc: 0.0000, Batch num: 30, Task 1 acc: 0.0083, Batch num: 30, Task 2 acc: 0.0000, Batch num: 30, Task 3 acc: 3.4375, Batch num: 30, Task 4 acc: 98.7942, Task avg acc:20.4480
2024-05-28 08:02:29,815 - INFO - Batch num: 40, Task 0 acc: 0.0000, Batch num: 40, Task 1 acc: 0.0083, Batch num: 40, Task 2 acc: 0.0000, Batch num: 40, Task 3 acc: 3.7664, Batch num: 40, Task 4 acc: 98.4630, Task avg acc:20.4475
2024-05-28 08:02:40,949 - INFO - Batch num: 50, Task 0 acc: 0.0000, Batch num: 50, Task 1 acc: 0.0083, Batch num: 50, Task 2 acc: 0.0000, Batch num: 50, Task 3 acc: 2.7138, Batch num: 50, Task 4 acc: 98.5734, Task avg acc:20.2591
2024-05-28 08:02:52,170 - INFO - Batch num: 60, Task 0 acc: 0.0000, Batch num: 60, Task 1 acc: 0.0166, Batch num: 60, Task 2 acc: 0.0000, Batch num: 60, Task 3 acc: 3.4786, Batch num: 60, Task 4 acc: 98.6243, Task avg acc:20.4239
2024-05-28 08:03:04,768 - INFO - Batch num: 70, Task 0 acc: 0.0000, Batch num: 70, Task 1 acc: 0.0249, Batch num: 70, Task 2 acc: 0.0000, Batch num: 70, Task 3 acc: 3.4539, Batch num: 70, Task 4 acc: 98.6753, Task avg acc:20.4308
2024-05-28 08:03:16,346 - INFO - Batch num: 80, Task 0 acc: 0.0000, Batch num: 80, Task 1 acc: 0.0083, Batch num: 80, Task 2 acc: 0.0000, Batch num: 80, Task 3 acc: 4.0789, Batch num: 80, Task 4 acc: 98.6073, Task avg acc:20.5389
2024-05-28 08:03:27,517 - INFO - Batch num: 90, Task 0 acc: 0.0000, Batch num: 90, Task 1 acc: 0.0083, Batch num: 90, Task 2 acc: 0.0000, Batch num: 90, Task 3 acc: 4.3668, Batch num: 90, Task 4 acc: 98.6753, Task avg acc:20.6101
