2024-05-27 23:08:22,147 - INFO - ##########Task 0##########
2024-05-27 23:08:22,148 - INFO - Epoch 0
2024-05-27 23:08:24,741 - INFO - Batch num: 0, Task 0 acc: 0.0717, Task avg acc:0.0717
2024-05-27 23:08:27,087 - INFO - Batch num: 10, Task 0 acc: 97.9751, Task avg acc:97.9751
2024-05-27 23:08:29,445 - INFO - Batch num: 20, Task 0 acc: 99.5775, Task avg acc:99.5775
2024-05-27 23:08:31,875 - INFO - Batch num: 30, Task 0 acc: 99.7848, Task avg acc:99.7848
2024-05-27 23:08:34,328 - INFO - Batch num: 40, Task 0 acc: 99.8326, Task avg acc:99.8326
2024-05-27 23:08:36,873 - INFO - Batch num: 50, Task 0 acc: 99.8565, Task avg acc:99.8565
2024-05-27 23:08:39,377 - INFO - Batch num: 60, Task 0 acc: 99.9043, Task avg acc:99.9043
2024-05-27 23:08:41,874 - INFO - Batch num: 70, Task 0 acc: 99.9043, Task avg acc:99.9043
2024-05-27 23:08:44,364 - INFO - Batch num: 80, Task 0 acc: 99.9203, Task avg acc:99.9203
2024-05-27 23:08:46,860 - INFO - Batch num: 90, Task 0 acc: 99.9522, Task avg acc:99.9522
2024-05-27 23:08:47,032 - INFO - Epoch 1
2024-05-27 23:08:49,298 - INFO - Batch num: 0, Task 0 acc: 99.9522, Task avg acc:99.9522
2024-05-27 23:08:52,055 - INFO - Batch num: 10, Task 0 acc: 99.9283, Task avg acc:99.9283
2024-05-27 23:08:54,762 - INFO - Batch num: 20, Task 0 acc: 99.9522, Task avg acc:99.9522
2024-05-27 23:08:57,253 - INFO - Batch num: 30, Task 0 acc: 99.9681, Task avg acc:99.9681
2024-05-27 23:08:59,736 - INFO - Batch num: 40, Task 0 acc: 99.9601, Task avg acc:99.9601
2024-05-27 23:09:02,220 - INFO - Batch num: 50, Task 0 acc: 99.9601, Task avg acc:99.9601
2024-05-27 23:09:04,695 - INFO - Batch num: 60, Task 0 acc: 99.9601, Task avg acc:99.9601
2024-05-27 23:09:07,166 - INFO - Batch num: 70, Task 0 acc: 99.9601, Task avg acc:99.9601
2024-05-27 23:09:09,640 - INFO - Batch num: 80, Task 0 acc: 99.9681, Task avg acc:99.9681
2024-05-27 23:09:12,111 - INFO - Batch num: 90, Task 0 acc: 99.9601, Task avg acc:99.9601
2024-05-27 23:09:12,288 - INFO - Epoch 2
2024-05-27 23:09:14,545 - INFO - Batch num: 0, Task 0 acc: 99.9601, Task avg acc:99.9601
2024-05-27 23:09:17,018 - INFO - Batch num: 10, Task 0 acc: 99.9601, Task avg acc:99.9601
2024-05-27 23:09:19,544 - INFO - Batch num: 20, Task 0 acc: 99.9601, Task avg acc:99.9601
2024-05-27 23:09:22,019 - INFO - Batch num: 30, Task 0 acc: 99.9601, Task avg acc:99.9601
2024-05-27 23:09:24,491 - INFO - Batch num: 40, Task 0 acc: 99.9601, Task avg acc:99.9601
2024-05-27 23:09:26,960 - INFO - Batch num: 50, Task 0 acc: 99.9601, Task avg acc:99.9601
2024-05-27 23:09:29,443 - INFO - Batch num: 60, Task 0 acc: 99.9601, Task avg acc:99.9601
2024-05-27 23:09:31,923 - INFO - Batch num: 70, Task 0 acc: 99.9203, Task avg acc:99.9203
2024-05-27 23:09:34,415 - INFO - Batch num: 80, Task 0 acc: 99.9362, Task avg acc:99.9362
2024-05-27 23:09:36,880 - INFO - Batch num: 90, Task 0 acc: 99.9522, Task avg acc:99.9522
2024-05-27 23:09:37,055 - INFO - Epoch 3
2024-05-27 23:09:39,309 - INFO - Batch num: 0, Task 0 acc: 99.9681, Task avg acc:99.9681
2024-05-27 23:09:41,823 - INFO - Batch num: 10, Task 0 acc: 99.9841, Task avg acc:99.9841
2024-05-27 23:09:44,294 - INFO - Batch num: 20, Task 0 acc: 99.9283, Task avg acc:99.9283
2024-05-27 23:09:46,764 - INFO - Batch num: 30, Task 0 acc: 99.9043, Task avg acc:99.9043
2024-05-27 23:09:49,233 - INFO - Batch num: 40, Task 0 acc: 99.9442, Task avg acc:99.9442
2024-05-27 23:09:51,702 - INFO - Batch num: 50, Task 0 acc: 99.9761, Task avg acc:99.9761
2024-05-27 23:09:54,169 - INFO - Batch num: 60, Task 0 acc: 99.9841, Task avg acc:99.9841
2024-05-27 23:09:56,671 - INFO - Batch num: 70, Task 0 acc: 99.8964, Task avg acc:99.8964
2024-05-27 23:09:59,182 - INFO - Batch num: 80, Task 0 acc: 99.8246, Task avg acc:99.8246
2024-05-27 23:10:01,686 - INFO - Batch num: 90, Task 0 acc: 99.9123, Task avg acc:99.9123
2024-05-27 23:10:01,873 - INFO - ##########Task 1##########
2024-05-27 23:10:01,873 - INFO - Epoch 0
2024-05-27 23:10:06,338 - INFO - Batch num: 0, Task 0 acc: 99.9601, Batch num: 0, Task 1 acc: 0.0000, Task avg acc:49.9801
2024-05-27 23:10:10,995 - INFO - Batch num: 10, Task 0 acc: 99.9681, Batch num: 10, Task 1 acc: 0.0000, Task avg acc:49.9841
2024-05-27 23:10:15,602 - INFO - Batch num: 20, Task 0 acc: 99.9601, Batch num: 20, Task 1 acc: 0.0000, Task avg acc:49.9801
2024-05-27 23:10:20,222 - INFO - Batch num: 30, Task 0 acc: 99.9601, Batch num: 30, Task 1 acc: 0.0000, Task avg acc:49.9801
2024-05-27 23:10:24,835 - INFO - Batch num: 40, Task 0 acc: 99.9601, Batch num: 40, Task 1 acc: 0.0000, Task avg acc:49.9801
2024-05-27 23:10:29,445 - INFO - Batch num: 50, Task 0 acc: 99.9601, Batch num: 50, Task 1 acc: 0.0000, Task avg acc:49.9801
2024-05-27 23:10:34,037 - INFO - Batch num: 60, Task 0 acc: 99.9601, Batch num: 60, Task 1 acc: 0.0000, Task avg acc:49.9801
2024-05-27 23:10:38,686 - INFO - Batch num: 70, Task 0 acc: 99.9601, Batch num: 70, Task 1 acc: 0.0000, Task avg acc:49.9801
2024-05-27 23:10:43,289 - INFO - Batch num: 80, Task 0 acc: 99.9601, Batch num: 80, Task 1 acc: 0.0000, Task avg acc:49.9801
2024-05-27 23:10:47,882 - INFO - Batch num: 90, Task 0 acc: 99.9681, Batch num: 90, Task 1 acc: 0.0000, Task avg acc:49.9841
2024-05-27 23:10:47,965 - INFO - Epoch 1
2024-05-27 23:10:52,324 - INFO - Batch num: 0, Task 0 acc: 99.9681, Batch num: 0, Task 1 acc: 0.0000, Task avg acc:49.9841
2024-05-27 23:10:57,031 - INFO - Batch num: 10, Task 0 acc: 99.9681, Batch num: 10, Task 1 acc: 0.0000, Task avg acc:49.9841
2024-05-27 23:11:01,737 - INFO - Batch num: 20, Task 0 acc: 99.9681, Batch num: 20, Task 1 acc: 0.0000, Task avg acc:49.9841
2024-05-27 23:11:06,352 - INFO - Batch num: 30, Task 0 acc: 99.9601, Batch num: 30, Task 1 acc: 0.0000, Task avg acc:49.9801
2024-05-27 23:11:11,000 - INFO - Batch num: 40, Task 0 acc: 99.9601, Batch num: 40, Task 1 acc: 0.0000, Task avg acc:49.9801
2024-05-27 23:11:15,613 - INFO - Batch num: 50, Task 0 acc: 99.9601, Batch num: 50, Task 1 acc: 0.0000, Task avg acc:49.9801
2024-05-27 23:11:20,236 - INFO - Batch num: 60, Task 0 acc: 99.9601, Batch num: 60, Task 1 acc: 0.0000, Task avg acc:49.9801
2024-05-27 23:11:24,849 - INFO - Batch num: 70, Task 0 acc: 99.9601, Batch num: 70, Task 1 acc: 0.0000, Task avg acc:49.9801
2024-05-27 23:11:29,466 - INFO - Batch num: 80, Task 0 acc: 99.9601, Batch num: 80, Task 1 acc: 0.0000, Task avg acc:49.9801
2024-05-27 23:11:34,074 - INFO - Batch num: 90, Task 0 acc: 99.9681, Batch num: 90, Task 1 acc: 0.0000, Task avg acc:49.9841
2024-05-27 23:11:34,158 - INFO - Epoch 2
2024-05-27 23:11:38,569 - INFO - Batch num: 0, Task 0 acc: 99.9681, Batch num: 0, Task 1 acc: 0.0000, Task avg acc:49.9841
2024-05-27 23:11:43,260 - INFO - Batch num: 10, Task 0 acc: 99.9681, Batch num: 10, Task 1 acc: 0.0000, Task avg acc:49.9841
2024-05-27 23:11:47,882 - INFO - Batch num: 20, Task 0 acc: 99.9681, Batch num: 20, Task 1 acc: 0.0000, Task avg acc:49.9841
2024-05-27 23:11:52,781 - INFO - Batch num: 30, Task 0 acc: 99.9601, Batch num: 30, Task 1 acc: 0.0000, Task avg acc:49.9801
2024-05-27 23:11:57,540 - INFO - Batch num: 40, Task 0 acc: 99.9601, Batch num: 40, Task 1 acc: 0.0000, Task avg acc:49.9801
2024-05-27 23:12:02,303 - INFO - Batch num: 50, Task 0 acc: 99.9601, Batch num: 50, Task 1 acc: 0.0000, Task avg acc:49.9801
2024-05-27 23:12:07,048 - INFO - Batch num: 60, Task 0 acc: 99.9601, Batch num: 60, Task 1 acc: 0.0000, Task avg acc:49.9801
2024-05-27 23:12:11,850 - INFO - Batch num: 70, Task 0 acc: 99.9601, Batch num: 70, Task 1 acc: 0.0000, Task avg acc:49.9801
2024-05-27 23:12:16,615 - INFO - Batch num: 80, Task 0 acc: 99.9601, Batch num: 80, Task 1 acc: 0.0000, Task avg acc:49.9801
2024-05-27 23:12:21,372 - INFO - Batch num: 90, Task 0 acc: 99.9601, Batch num: 90, Task 1 acc: 0.0000, Task avg acc:49.9801
2024-05-27 23:12:21,456 - INFO - Epoch 3
2024-05-27 23:12:25,967 - INFO - Batch num: 0, Task 0 acc: 99.9681, Batch num: 0, Task 1 acc: 0.0000, Task avg acc:49.9841
2024-05-27 23:12:30,769 - INFO - Batch num: 10, Task 0 acc: 99.9681, Batch num: 10, Task 1 acc: 0.0000, Task avg acc:49.9841
2024-05-27 23:12:35,521 - INFO - Batch num: 20, Task 0 acc: 99.9681, Batch num: 20, Task 1 acc: 0.0000, Task avg acc:49.9841
2024-05-27 23:12:40,179 - INFO - Batch num: 30, Task 0 acc: 99.9601, Batch num: 30, Task 1 acc: 0.0000, Task avg acc:49.9801
2024-05-27 23:12:44,904 - INFO - Batch num: 40, Task 0 acc: 99.9601, Batch num: 40, Task 1 acc: 0.0000, Task avg acc:49.9801
2024-05-27 23:12:49,556 - INFO - Batch num: 50, Task 0 acc: 99.9601, Batch num: 50, Task 1 acc: 0.0000, Task avg acc:49.9801
2024-05-27 23:12:54,521 - INFO - Batch num: 60, Task 0 acc: 99.9601, Batch num: 60, Task 1 acc: 0.0000, Task avg acc:49.9801
2024-05-27 23:12:59,426 - INFO - Batch num: 70, Task 0 acc: 99.9601, Batch num: 70, Task 1 acc: 0.0000, Task avg acc:49.9801
2024-05-27 23:13:04,110 - INFO - Batch num: 80, Task 0 acc: 99.9601, Batch num: 80, Task 1 acc: 0.0000, Task avg acc:49.9801
2024-05-27 23:13:08,729 - INFO - Batch num: 90, Task 0 acc: 99.9601, Batch num: 90, Task 1 acc: 0.0000, Task avg acc:49.9801
2024-05-27 23:13:08,823 - INFO - ##########Task 2##########
2024-05-27 23:13:08,823 - INFO - Epoch 0
2024-05-27 23:13:15,195 - INFO - Batch num: 0, Task 0 acc: 99.9681, Batch num: 0, Task 1 acc: 0.0000, Batch num: 0, Task 2 acc: 0.0000, Task avg acc:33.3227
2024-05-27 23:13:21,762 - INFO - Batch num: 10, Task 0 acc: 99.9601, Batch num: 10, Task 1 acc: 0.0000, Batch num: 10, Task 2 acc: 0.0000, Task avg acc:33.3200
2024-05-27 23:13:28,340 - INFO - Batch num: 20, Task 0 acc: 99.9601, Batch num: 20, Task 1 acc: 0.0000, Batch num: 20, Task 2 acc: 0.0000, Task avg acc:33.3200
2024-05-27 23:13:34,902 - INFO - Batch num: 30, Task 0 acc: 99.9601, Batch num: 30, Task 1 acc: 0.0000, Batch num: 30, Task 2 acc: 0.0000, Task avg acc:33.3200
2024-05-27 23:13:41,468 - INFO - Batch num: 40, Task 0 acc: 99.9601, Batch num: 40, Task 1 acc: 0.0000, Batch num: 40, Task 2 acc: 0.0000, Task avg acc:33.3200
2024-05-27 23:13:48,114 - INFO - Batch num: 50, Task 0 acc: 99.9601, Batch num: 50, Task 1 acc: 0.0000, Batch num: 50, Task 2 acc: 0.0000, Task avg acc:33.3200
2024-05-27 23:13:54,677 - INFO - Batch num: 60, Task 0 acc: 99.9522, Batch num: 60, Task 1 acc: 0.0000, Batch num: 60, Task 2 acc: 0.0000, Task avg acc:33.3174
2024-05-27 23:14:01,258 - INFO - Batch num: 70, Task 0 acc: 99.9522, Batch num: 70, Task 1 acc: 0.0000, Batch num: 70, Task 2 acc: 0.0000, Task avg acc:33.3174
2024-05-27 23:14:07,791 - INFO - Batch num: 80, Task 0 acc: 99.9681, Batch num: 80, Task 1 acc: 0.0000, Batch num: 80, Task 2 acc: 0.0000, Task avg acc:33.3227
2024-05-27 23:14:07,950 - INFO - Epoch 1
2024-05-27 23:14:14,266 - INFO - Batch num: 0, Task 0 acc: 99.9522, Batch num: 0, Task 1 acc: 0.0000, Batch num: 0, Task 2 acc: 0.0000, Task avg acc:33.3174
2024-05-27 23:14:20,802 - INFO - Batch num: 10, Task 0 acc: 99.9681, Batch num: 10, Task 1 acc: 0.0000, Batch num: 10, Task 2 acc: 0.0000, Task avg acc:33.3227
2024-05-27 23:14:27,335 - INFO - Batch num: 20, Task 0 acc: 99.9522, Batch num: 20, Task 1 acc: 0.0000, Batch num: 20, Task 2 acc: 0.0000, Task avg acc:33.3174
2024-05-27 23:14:33,932 - INFO - Batch num: 30, Task 0 acc: 99.9601, Batch num: 30, Task 1 acc: 0.0000, Batch num: 30, Task 2 acc: 0.0000, Task avg acc:33.3200
2024-05-27 23:14:40,477 - INFO - Batch num: 40, Task 0 acc: 99.9601, Batch num: 40, Task 1 acc: 0.0000, Batch num: 40, Task 2 acc: 0.0000, Task avg acc:33.3200
2024-05-27 23:14:47,057 - INFO - Batch num: 50, Task 0 acc: 99.9601, Batch num: 50, Task 1 acc: 0.0000, Batch num: 50, Task 2 acc: 0.0000, Task avg acc:33.3200
2024-05-27 23:14:53,606 - INFO - Batch num: 60, Task 0 acc: 99.9522, Batch num: 60, Task 1 acc: 0.0000, Batch num: 60, Task 2 acc: 0.0000, Task avg acc:33.3174
2024-05-27 23:15:00,169 - INFO - Batch num: 70, Task 0 acc: 99.9522, Batch num: 70, Task 1 acc: 0.0000, Batch num: 70, Task 2 acc: 0.0000, Task avg acc:33.3174
2024-05-27 23:15:06,725 - INFO - Batch num: 80, Task 0 acc: 99.9681, Batch num: 80, Task 1 acc: 0.0000, Batch num: 80, Task 2 acc: 0.0000, Task avg acc:33.3227
2024-05-27 23:15:06,886 - INFO - Epoch 2
2024-05-27 23:15:13,178 - INFO - Batch num: 0, Task 0 acc: 99.9522, Batch num: 0, Task 1 acc: 0.0000, Batch num: 0, Task 2 acc: 0.0000, Task avg acc:33.3174
2024-05-27 23:15:19,794 - INFO - Batch num: 10, Task 0 acc: 99.9601, Batch num: 10, Task 1 acc: 0.0000, Batch num: 10, Task 2 acc: 0.0000, Task avg acc:33.3200
2024-05-27 23:15:26,340 - INFO - Batch num: 20, Task 0 acc: 99.9522, Batch num: 20, Task 1 acc: 0.0000, Batch num: 20, Task 2 acc: 0.0000, Task avg acc:33.3174
2024-05-27 23:15:32,878 - INFO - Batch num: 30, Task 0 acc: 99.9601, Batch num: 30, Task 1 acc: 0.0000, Batch num: 30, Task 2 acc: 0.0000, Task avg acc:33.3200
2024-05-27 23:15:39,433 - INFO - Batch num: 40, Task 0 acc: 99.9601, Batch num: 40, Task 1 acc: 0.0000, Batch num: 40, Task 2 acc: 0.0000, Task avg acc:33.3200
2024-05-27 23:15:45,972 - INFO - Batch num: 50, Task 0 acc: 99.9601, Batch num: 50, Task 1 acc: 0.0000, Batch num: 50, Task 2 acc: 0.0000, Task avg acc:33.3200
2024-05-27 23:15:52,546 - INFO - Batch num: 60, Task 0 acc: 99.9522, Batch num: 60, Task 1 acc: 0.0000, Batch num: 60, Task 2 acc: 0.0000, Task avg acc:33.3174
2024-05-27 23:15:59,109 - INFO - Batch num: 70, Task 0 acc: 99.9522, Batch num: 70, Task 1 acc: 0.0000, Batch num: 70, Task 2 acc: 0.0000, Task avg acc:33.3174
2024-05-27 23:16:05,720 - INFO - Batch num: 80, Task 0 acc: 99.9681, Batch num: 80, Task 1 acc: 0.0000, Batch num: 80, Task 2 acc: 0.0000, Task avg acc:33.3227
2024-05-27 23:16:05,880 - INFO - Epoch 3
2024-05-27 23:16:12,196 - INFO - Batch num: 0, Task 0 acc: 99.9522, Batch num: 0, Task 1 acc: 0.0000, Batch num: 0, Task 2 acc: 0.0000, Task avg acc:33.3174
2024-05-27 23:16:18,749 - INFO - Batch num: 10, Task 0 acc: 99.9522, Batch num: 10, Task 1 acc: 0.0000, Batch num: 10, Task 2 acc: 0.0000, Task avg acc:33.3174
2024-05-27 23:16:25,296 - INFO - Batch num: 20, Task 0 acc: 99.9522, Batch num: 20, Task 1 acc: 0.0000, Batch num: 20, Task 2 acc: 0.0000, Task avg acc:33.3174
2024-05-27 23:16:31,885 - INFO - Batch num: 30, Task 0 acc: 99.9681, Batch num: 30, Task 1 acc: 0.0000, Batch num: 30, Task 2 acc: 0.0000, Task avg acc:33.3227
2024-05-27 23:16:38,417 - INFO - Batch num: 40, Task 0 acc: 99.9601, Batch num: 40, Task 1 acc: 0.0000, Batch num: 40, Task 2 acc: 0.0000, Task avg acc:33.3200
2024-05-27 23:16:44,945 - INFO - Batch num: 50, Task 0 acc: 99.9601, Batch num: 50, Task 1 acc: 0.0000, Batch num: 50, Task 2 acc: 0.0000, Task avg acc:33.3200
2024-05-27 23:16:51,678 - INFO - Batch num: 60, Task 0 acc: 99.9522, Batch num: 60, Task 1 acc: 0.0000, Batch num: 60, Task 2 acc: 0.0000, Task avg acc:33.3174
2024-05-27 23:16:58,300 - INFO - Batch num: 70, Task 0 acc: 99.9522, Batch num: 70, Task 1 acc: 0.0000, Batch num: 70, Task 2 acc: 0.0000, Task avg acc:33.3174
2024-05-27 23:17:05,161 - INFO - Batch num: 80, Task 0 acc: 99.9681, Batch num: 80, Task 1 acc: 0.0000, Batch num: 80, Task 2 acc: 0.0000, Task avg acc:33.3227
2024-05-27 23:17:05,341 - INFO - ##########Task 3##########
2024-05-27 23:17:05,342 - INFO - Epoch 0
2024-05-27 23:17:14,252 - INFO - Batch num: 0, Task 0 acc: 99.9442, Batch num: 0, Task 1 acc: 0.0000, Batch num: 0, Task 2 acc: 0.0000, Batch num: 0, Task 3 acc: 0.0000, Task avg acc:24.9860
2024-05-27 23:17:23,852 - INFO - Batch num: 10, Task 0 acc: 99.9522, Batch num: 10, Task 1 acc: 0.0000, Batch num: 10, Task 2 acc: 0.0000, Batch num: 10, Task 3 acc: 0.0000, Task avg acc:24.9880
2024-05-27 23:17:33,099 - INFO - Batch num: 20, Task 0 acc: 99.9442, Batch num: 20, Task 1 acc: 0.0000, Batch num: 20, Task 2 acc: 0.0000, Batch num: 20, Task 3 acc: 0.0000, Task avg acc:24.9860
2024-05-27 23:17:41,852 - INFO - Batch num: 30, Task 0 acc: 99.9522, Batch num: 30, Task 1 acc: 0.0000, Batch num: 30, Task 2 acc: 0.0000, Batch num: 30, Task 3 acc: 0.0000, Task avg acc:24.9880
2024-05-27 23:17:50,622 - INFO - Batch num: 40, Task 0 acc: 99.9522, Batch num: 40, Task 1 acc: 0.0000, Batch num: 40, Task 2 acc: 0.0000, Batch num: 40, Task 3 acc: 0.0000, Task avg acc:24.9880
2024-05-27 23:17:59,405 - INFO - Batch num: 50, Task 0 acc: 99.9601, Batch num: 50, Task 1 acc: 0.0000, Batch num: 50, Task 2 acc: 0.0000, Batch num: 50, Task 3 acc: 0.0000, Task avg acc:24.9900
2024-05-27 23:18:08,357 - INFO - Batch num: 60, Task 0 acc: 99.9522, Batch num: 60, Task 1 acc: 0.0000, Batch num: 60, Task 2 acc: 0.0000, Batch num: 60, Task 3 acc: 0.0000, Task avg acc:24.9880
2024-05-27 23:18:17,092 - INFO - Batch num: 70, Task 0 acc: 99.9522, Batch num: 70, Task 1 acc: 0.0000, Batch num: 70, Task 2 acc: 0.0000, Batch num: 70, Task 3 acc: 0.0000, Task avg acc:24.9880
2024-05-27 23:18:25,884 - INFO - Batch num: 80, Task 0 acc: 99.9601, Batch num: 80, Task 1 acc: 0.0000, Batch num: 80, Task 2 acc: 0.0000, Batch num: 80, Task 3 acc: 0.0000, Task avg acc:24.9900
2024-05-27 23:18:34,621 - INFO - Batch num: 90, Task 0 acc: 99.9601, Batch num: 90, Task 1 acc: 0.0000, Batch num: 90, Task 2 acc: 0.0000, Batch num: 90, Task 3 acc: 0.0000, Task avg acc:24.9900
2024-05-27 23:18:34,729 - INFO - Epoch 1
2024-05-27 23:18:43,172 - INFO - Batch num: 0, Task 0 acc: 99.9442, Batch num: 0, Task 1 acc: 0.0000, Batch num: 0, Task 2 acc: 0.0000, Batch num: 0, Task 3 acc: 0.0000, Task avg acc:24.9860
2024-05-27 23:18:51,871 - INFO - Batch num: 10, Task 0 acc: 99.9442, Batch num: 10, Task 1 acc: 0.0000, Batch num: 10, Task 2 acc: 0.0000, Batch num: 10, Task 3 acc: 0.0000, Task avg acc:24.9860
2024-05-27 23:19:00,605 - INFO - Batch num: 20, Task 0 acc: 99.9522, Batch num: 20, Task 1 acc: 0.0000, Batch num: 20, Task 2 acc: 0.0000, Batch num: 20, Task 3 acc: 0.0000, Task avg acc:24.9880
2024-05-27 23:19:09,318 - INFO - Batch num: 30, Task 0 acc: 99.9522, Batch num: 30, Task 1 acc: 0.0000, Batch num: 30, Task 2 acc: 0.0000, Batch num: 30, Task 3 acc: 0.0000, Task avg acc:24.9880
2024-05-27 23:19:18,158 - INFO - Batch num: 40, Task 0 acc: 99.9522, Batch num: 40, Task 1 acc: 0.0000, Batch num: 40, Task 2 acc: 0.0000, Batch num: 40, Task 3 acc: 0.0000, Task avg acc:24.9880
2024-05-27 23:19:26,927 - INFO - Batch num: 50, Task 0 acc: 99.9601, Batch num: 50, Task 1 acc: 0.0000, Batch num: 50, Task 2 acc: 0.0000, Batch num: 50, Task 3 acc: 0.0000, Task avg acc:24.9900
2024-05-27 23:19:35,681 - INFO - Batch num: 60, Task 0 acc: 99.9522, Batch num: 60, Task 1 acc: 0.0000, Batch num: 60, Task 2 acc: 0.0000, Batch num: 60, Task 3 acc: 0.0000, Task avg acc:24.9880
2024-05-27 23:19:44,423 - INFO - Batch num: 70, Task 0 acc: 99.9522, Batch num: 70, Task 1 acc: 0.0000, Batch num: 70, Task 2 acc: 0.0000, Batch num: 70, Task 3 acc: 0.0000, Task avg acc:24.9880
2024-05-27 23:19:53,154 - INFO - Batch num: 80, Task 0 acc: 99.9601, Batch num: 80, Task 1 acc: 0.0000, Batch num: 80, Task 2 acc: 0.0000, Batch num: 80, Task 3 acc: 0.0000, Task avg acc:24.9900
2024-05-27 23:20:01,938 - INFO - Batch num: 90, Task 0 acc: 99.9601, Batch num: 90, Task 1 acc: 0.0000, Batch num: 90, Task 2 acc: 0.0000, Batch num: 90, Task 3 acc: 0.0000, Task avg acc:24.9900
2024-05-27 23:20:02,046 - INFO - Epoch 2
2024-05-27 23:20:10,560 - INFO - Batch num: 0, Task 0 acc: 99.9442, Batch num: 0, Task 1 acc: 0.0000, Batch num: 0, Task 2 acc: 0.0000, Batch num: 0, Task 3 acc: 0.0000, Task avg acc:24.9860
2024-05-27 23:20:19,260 - INFO - Batch num: 10, Task 0 acc: 99.9442, Batch num: 10, Task 1 acc: 0.0000, Batch num: 10, Task 2 acc: 0.0000, Batch num: 10, Task 3 acc: 0.0000, Task avg acc:24.9860
2024-05-27 23:20:27,979 - INFO - Batch num: 20, Task 0 acc: 99.9362, Batch num: 20, Task 1 acc: 0.0000, Batch num: 20, Task 2 acc: 0.0000, Batch num: 20, Task 3 acc: 0.0000, Task avg acc:24.9841
2024-05-27 23:20:36,729 - INFO - Batch num: 30, Task 0 acc: 99.9522, Batch num: 30, Task 1 acc: 0.0000, Batch num: 30, Task 2 acc: 0.0000, Batch num: 30, Task 3 acc: 0.0000, Task avg acc:24.9880
2024-05-27 23:20:45,526 - INFO - Batch num: 40, Task 0 acc: 99.9522, Batch num: 40, Task 1 acc: 0.0000, Batch num: 40, Task 2 acc: 0.0000, Batch num: 40, Task 3 acc: 0.0000, Task avg acc:24.9880
2024-05-27 23:20:54,276 - INFO - Batch num: 50, Task 0 acc: 99.9601, Batch num: 50, Task 1 acc: 0.0000, Batch num: 50, Task 2 acc: 0.0000, Batch num: 50, Task 3 acc: 0.0000, Task avg acc:24.9900
2024-05-27 23:21:03,163 - INFO - Batch num: 60, Task 0 acc: 99.9522, Batch num: 60, Task 1 acc: 0.0000, Batch num: 60, Task 2 acc: 0.0000, Batch num: 60, Task 3 acc: 0.0000, Task avg acc:24.9880
2024-05-27 23:21:12,013 - INFO - Batch num: 70, Task 0 acc: 99.9522, Batch num: 70, Task 1 acc: 0.0000, Batch num: 70, Task 2 acc: 0.0000, Batch num: 70, Task 3 acc: 0.0000, Task avg acc:24.9880
2024-05-27 23:21:20,846 - INFO - Batch num: 80, Task 0 acc: 99.9601, Batch num: 80, Task 1 acc: 0.0000, Batch num: 80, Task 2 acc: 0.0000, Batch num: 80, Task 3 acc: 0.0000, Task avg acc:24.9900
2024-05-27 23:21:29,582 - INFO - Batch num: 90, Task 0 acc: 99.9601, Batch num: 90, Task 1 acc: 0.0000, Batch num: 90, Task 2 acc: 0.0000, Batch num: 90, Task 3 acc: 0.0000, Task avg acc:24.9900
2024-05-27 23:21:29,690 - INFO - Epoch 3
2024-05-27 23:21:38,278 - INFO - Batch num: 0, Task 0 acc: 99.9442, Batch num: 0, Task 1 acc: 0.0000, Batch num: 0, Task 2 acc: 0.0000, Batch num: 0, Task 3 acc: 0.0000, Task avg acc:24.9860
2024-05-27 23:21:47,012 - INFO - Batch num: 10, Task 0 acc: 99.9442, Batch num: 10, Task 1 acc: 0.0000, Batch num: 10, Task 2 acc: 0.0000, Batch num: 10, Task 3 acc: 0.0000, Task avg acc:24.9860
2024-05-27 23:21:55,745 - INFO - Batch num: 20, Task 0 acc: 99.9442, Batch num: 20, Task 1 acc: 0.0000, Batch num: 20, Task 2 acc: 0.0000, Batch num: 20, Task 3 acc: 0.0000, Task avg acc:24.9860
2024-05-27 23:22:04,578 - INFO - Batch num: 30, Task 0 acc: 99.9522, Batch num: 30, Task 1 acc: 0.0000, Batch num: 30, Task 2 acc: 0.0000, Batch num: 30, Task 3 acc: 0.0000, Task avg acc:24.9880
2024-05-27 23:22:13,325 - INFO - Batch num: 40, Task 0 acc: 99.9522, Batch num: 40, Task 1 acc: 0.0000, Batch num: 40, Task 2 acc: 0.0000, Batch num: 40, Task 3 acc: 0.0000, Task avg acc:24.9880
2024-05-27 23:22:22,069 - INFO - Batch num: 50, Task 0 acc: 99.9601, Batch num: 50, Task 1 acc: 0.0000, Batch num: 50, Task 2 acc: 0.0000, Batch num: 50, Task 3 acc: 0.0000, Task avg acc:24.9900
2024-05-27 23:22:30,873 - INFO - Batch num: 60, Task 0 acc: 99.9522, Batch num: 60, Task 1 acc: 0.0000, Batch num: 60, Task 2 acc: 0.0000, Batch num: 60, Task 3 acc: 0.0000, Task avg acc:24.9880
2024-05-27 23:22:39,648 - INFO - Batch num: 70, Task 0 acc: 99.9522, Batch num: 70, Task 1 acc: 0.0000, Batch num: 70, Task 2 acc: 0.0000, Batch num: 70, Task 3 acc: 0.0000, Task avg acc:24.9880
2024-05-27 23:22:48,404 - INFO - Batch num: 80, Task 0 acc: 99.9601, Batch num: 80, Task 1 acc: 0.0000, Batch num: 80, Task 2 acc: 0.0000, Batch num: 80, Task 3 acc: 0.0000, Task avg acc:24.9900
2024-05-27 23:22:57,136 - INFO - Batch num: 90, Task 0 acc: 99.9601, Batch num: 90, Task 1 acc: 0.0000, Batch num: 90, Task 2 acc: 0.0000, Batch num: 90, Task 3 acc: 0.0000, Task avg acc:24.9900
2024-05-27 23:22:57,256 - INFO - ##########Task 4##########
2024-05-27 23:22:57,257 - INFO - Epoch 0
2024-05-27 23:23:07,884 - INFO - Batch num: 0, Task 0 acc: 99.9601, Batch num: 0, Task 1 acc: 0.0000, Batch num: 0, Task 2 acc: 0.0000, Batch num: 0, Task 3 acc: 0.0000, Batch num: 0, Task 4 acc: 0.0000, Task avg acc:19.9920
2024-05-27 23:23:18,665 - INFO - Batch num: 10, Task 0 acc: 99.9681, Batch num: 10, Task 1 acc: 0.0000, Batch num: 10, Task 2 acc: 0.0000, Batch num: 10, Task 3 acc: 0.0000, Batch num: 10, Task 4 acc: 0.0000, Task avg acc:19.9936
2024-05-27 23:23:29,469 - INFO - Batch num: 20, Task 0 acc: 99.9681, Batch num: 20, Task 1 acc: 0.0000, Batch num: 20, Task 2 acc: 0.0000, Batch num: 20, Task 3 acc: 0.0000, Batch num: 20, Task 4 acc: 0.0000, Task avg acc:19.9936
2024-05-27 23:23:40,237 - INFO - Batch num: 30, Task 0 acc: 99.9681, Batch num: 30, Task 1 acc: 0.0000, Batch num: 30, Task 2 acc: 0.0000, Batch num: 30, Task 3 acc: 0.0000, Batch num: 30, Task 4 acc: 0.0000, Task avg acc:19.9936
2024-05-27 23:23:50,984 - INFO - Batch num: 40, Task 0 acc: 99.9681, Batch num: 40, Task 1 acc: 0.0000, Batch num: 40, Task 2 acc: 0.0000, Batch num: 40, Task 3 acc: 0.0000, Batch num: 40, Task 4 acc: 0.0000, Task avg acc:19.9936
2024-05-27 23:24:01,752 - INFO - Batch num: 50, Task 0 acc: 99.9681, Batch num: 50, Task 1 acc: 0.0000, Batch num: 50, Task 2 acc: 0.0000, Batch num: 50, Task 3 acc: 0.0000, Batch num: 50, Task 4 acc: 0.0000, Task avg acc:19.9936
2024-05-27 23:24:12,528 - INFO - Batch num: 60, Task 0 acc: 99.9681, Batch num: 60, Task 1 acc: 0.0000, Batch num: 60, Task 2 acc: 0.0000, Batch num: 60, Task 3 acc: 0.0000, Batch num: 60, Task 4 acc: 0.0000, Task avg acc:19.9936
2024-05-27 23:24:23,275 - INFO - Batch num: 70, Task 0 acc: 99.9681, Batch num: 70, Task 1 acc: 0.0000, Batch num: 70, Task 2 acc: 0.0000, Batch num: 70, Task 3 acc: 0.0000, Batch num: 70, Task 4 acc: 0.0000, Task avg acc:19.9936
2024-05-27 23:24:34,126 - INFO - Batch num: 80, Task 0 acc: 99.9681, Batch num: 80, Task 1 acc: 0.0000, Batch num: 80, Task 2 acc: 0.0000, Batch num: 80, Task 3 acc: 0.0000, Batch num: 80, Task 4 acc: 0.0000, Task avg acc:19.9936
2024-05-27 23:24:44,858 - INFO - Batch num: 90, Task 0 acc: 99.9681, Batch num: 90, Task 1 acc: 0.0000, Batch num: 90, Task 2 acc: 0.0000, Batch num: 90, Task 3 acc: 0.0000, Batch num: 90, Task 4 acc: 0.0000, Task avg acc:19.9936
2024-05-27 23:24:44,886 - INFO - Epoch 1
2024-05-27 23:24:55,413 - INFO - Batch num: 0, Task 0 acc: 99.9681, Batch num: 0, Task 1 acc: 0.0000, Batch num: 0, Task 2 acc: 0.0000, Batch num: 0, Task 3 acc: 0.0000, Batch num: 0, Task 4 acc: 0.0000, Task avg acc:19.9936
2024-05-27 23:25:06,213 - INFO - Batch num: 10, Task 0 acc: 99.9681, Batch num: 10, Task 1 acc: 0.0000, Batch num: 10, Task 2 acc: 0.0000, Batch num: 10, Task 3 acc: 0.0000, Batch num: 10, Task 4 acc: 0.0000, Task avg acc:19.9936
2024-05-27 23:25:17,030 - INFO - Batch num: 20, Task 0 acc: 99.9681, Batch num: 20, Task 1 acc: 0.0000, Batch num: 20, Task 2 acc: 0.0000, Batch num: 20, Task 3 acc: 0.0000, Batch num: 20, Task 4 acc: 0.0000, Task avg acc:19.9936
2024-05-27 23:25:27,808 - INFO - Batch num: 30, Task 0 acc: 99.9681, Batch num: 30, Task 1 acc: 0.0000, Batch num: 30, Task 2 acc: 0.0000, Batch num: 30, Task 3 acc: 0.0000, Batch num: 30, Task 4 acc: 0.0000, Task avg acc:19.9936
2024-05-27 23:25:38,548 - INFO - Batch num: 40, Task 0 acc: 99.9681, Batch num: 40, Task 1 acc: 0.0000, Batch num: 40, Task 2 acc: 0.0000, Batch num: 40, Task 3 acc: 0.0000, Batch num: 40, Task 4 acc: 0.0000, Task avg acc:19.9936
2024-05-27 23:25:49,281 - INFO - Batch num: 50, Task 0 acc: 99.9681, Batch num: 50, Task 1 acc: 0.0000, Batch num: 50, Task 2 acc: 0.0000, Batch num: 50, Task 3 acc: 0.0000, Batch num: 50, Task 4 acc: 0.0000, Task avg acc:19.9936
2024-05-27 23:26:00,053 - INFO - Batch num: 60, Task 0 acc: 99.9681, Batch num: 60, Task 1 acc: 0.0000, Batch num: 60, Task 2 acc: 0.0000, Batch num: 60, Task 3 acc: 0.0000, Batch num: 60, Task 4 acc: 0.0000, Task avg acc:19.9936
2024-05-27 23:26:10,814 - INFO - Batch num: 70, Task 0 acc: 99.9681, Batch num: 70, Task 1 acc: 0.0000, Batch num: 70, Task 2 acc: 0.0000, Batch num: 70, Task 3 acc: 0.0000, Batch num: 70, Task 4 acc: 0.0000, Task avg acc:19.9936
2024-05-27 23:26:21,584 - INFO - Batch num: 80, Task 0 acc: 99.9681, Batch num: 80, Task 1 acc: 0.0000, Batch num: 80, Task 2 acc: 0.0000, Batch num: 80, Task 3 acc: 0.0000, Batch num: 80, Task 4 acc: 0.0000, Task avg acc:19.9936
2024-05-27 23:26:32,325 - INFO - Batch num: 90, Task 0 acc: 99.9681, Batch num: 90, Task 1 acc: 0.0000, Batch num: 90, Task 2 acc: 0.0000, Batch num: 90, Task 3 acc: 0.0000, Batch num: 90, Task 4 acc: 0.0000, Task avg acc:19.9936
2024-05-27 23:26:32,353 - INFO - Epoch 2
2024-05-27 23:26:42,872 - INFO - Batch num: 0, Task 0 acc: 99.9681, Batch num: 0, Task 1 acc: 0.0000, Batch num: 0, Task 2 acc: 0.0000, Batch num: 0, Task 3 acc: 0.0000, Batch num: 0, Task 4 acc: 0.0000, Task avg acc:19.9936
2024-05-27 23:26:53,619 - INFO - Batch num: 10, Task 0 acc: 99.9681, Batch num: 10, Task 1 acc: 0.0000, Batch num: 10, Task 2 acc: 0.0000, Batch num: 10, Task 3 acc: 0.0000, Batch num: 10, Task 4 acc: 0.0000, Task avg acc:19.9936
2024-05-27 23:27:04,427 - INFO - Batch num: 20, Task 0 acc: 99.9681, Batch num: 20, Task 1 acc: 0.0000, Batch num: 20, Task 2 acc: 0.0000, Batch num: 20, Task 3 acc: 0.0000, Batch num: 20, Task 4 acc: 0.0000, Task avg acc:19.9936
2024-05-27 23:27:15,172 - INFO - Batch num: 30, Task 0 acc: 99.9681, Batch num: 30, Task 1 acc: 0.0000, Batch num: 30, Task 2 acc: 0.0000, Batch num: 30, Task 3 acc: 0.0000, Batch num: 30, Task 4 acc: 0.0000, Task avg acc:19.9936
2024-05-27 23:27:25,925 - INFO - Batch num: 40, Task 0 acc: 99.9681, Batch num: 40, Task 1 acc: 0.0000, Batch num: 40, Task 2 acc: 0.0000, Batch num: 40, Task 3 acc: 0.0000, Batch num: 40, Task 4 acc: 0.0000, Task avg acc:19.9936
2024-05-27 23:27:36,671 - INFO - Batch num: 50, Task 0 acc: 99.9681, Batch num: 50, Task 1 acc: 0.0000, Batch num: 50, Task 2 acc: 0.0000, Batch num: 50, Task 3 acc: 0.0000, Batch num: 50, Task 4 acc: 0.0000, Task avg acc:19.9936
2024-05-27 23:27:47,463 - INFO - Batch num: 60, Task 0 acc: 99.9681, Batch num: 60, Task 1 acc: 0.0000, Batch num: 60, Task 2 acc: 0.0000, Batch num: 60, Task 3 acc: 0.0000, Batch num: 60, Task 4 acc: 0.0000, Task avg acc:19.9936
2024-05-27 23:27:58,199 - INFO - Batch num: 70, Task 0 acc: 99.9681, Batch num: 70, Task 1 acc: 0.0000, Batch num: 70, Task 2 acc: 0.0000, Batch num: 70, Task 3 acc: 0.0000, Batch num: 70, Task 4 acc: 0.0000, Task avg acc:19.9936
2024-05-27 23:28:08,974 - INFO - Batch num: 80, Task 0 acc: 99.9681, Batch num: 80, Task 1 acc: 0.0000, Batch num: 80, Task 2 acc: 0.0000, Batch num: 80, Task 3 acc: 0.0000, Batch num: 80, Task 4 acc: 0.0000, Task avg acc:19.9936
2024-05-27 23:28:19,755 - INFO - Batch num: 90, Task 0 acc: 99.9681, Batch num: 90, Task 1 acc: 0.0000, Batch num: 90, Task 2 acc: 0.0000, Batch num: 90, Task 3 acc: 0.0000, Batch num: 90, Task 4 acc: 0.0000, Task avg acc:19.9936
2024-05-27 23:28:19,784 - INFO - Epoch 3
2024-05-27 23:28:30,424 - INFO - Batch num: 0, Task 0 acc: 99.9681, Batch num: 0, Task 1 acc: 0.0000, Batch num: 0, Task 2 acc: 0.0000, Batch num: 0, Task 3 acc: 0.0000, Batch num: 0, Task 4 acc: 0.0000, Task avg acc:19.9936
2024-05-27 23:28:41,154 - INFO - Batch num: 10, Task 0 acc: 99.9681, Batch num: 10, Task 1 acc: 0.0000, Batch num: 10, Task 2 acc: 0.0000, Batch num: 10, Task 3 acc: 0.0000, Batch num: 10, Task 4 acc: 0.0000, Task avg acc:19.9936
2024-05-27 23:28:51,938 - INFO - Batch num: 20, Task 0 acc: 99.9681, Batch num: 20, Task 1 acc: 0.0000, Batch num: 20, Task 2 acc: 0.0000, Batch num: 20, Task 3 acc: 0.0000, Batch num: 20, Task 4 acc: 0.0000, Task avg acc:19.9936
2024-05-27 23:29:02,664 - INFO - Batch num: 30, Task 0 acc: 99.9681, Batch num: 30, Task 1 acc: 0.0000, Batch num: 30, Task 2 acc: 0.0000, Batch num: 30, Task 3 acc: 0.0000, Batch num: 30, Task 4 acc: 0.0000, Task avg acc:19.9936
2024-05-27 23:29:13,402 - INFO - Batch num: 40, Task 0 acc: 99.9681, Batch num: 40, Task 1 acc: 0.0000, Batch num: 40, Task 2 acc: 0.0000, Batch num: 40, Task 3 acc: 0.0000, Batch num: 40, Task 4 acc: 0.0000, Task avg acc:19.9936
2024-05-27 23:29:24,132 - INFO - Batch num: 50, Task 0 acc: 99.9681, Batch num: 50, Task 1 acc: 0.0000, Batch num: 50, Task 2 acc: 0.0000, Batch num: 50, Task 3 acc: 0.0000, Batch num: 50, Task 4 acc: 0.0000, Task avg acc:19.9936
2024-05-27 23:29:34,933 - INFO - Batch num: 60, Task 0 acc: 99.9681, Batch num: 60, Task 1 acc: 0.0000, Batch num: 60, Task 2 acc: 0.0000, Batch num: 60, Task 3 acc: 0.0000, Batch num: 60, Task 4 acc: 0.0000, Task avg acc:19.9936
2024-05-27 23:29:45,678 - INFO - Batch num: 70, Task 0 acc: 99.9681, Batch num: 70, Task 1 acc: 0.0000, Batch num: 70, Task 2 acc: 0.0000, Batch num: 70, Task 3 acc: 0.0000, Batch num: 70, Task 4 acc: 0.0000, Task avg acc:19.9936
2024-05-27 23:29:56,483 - INFO - Batch num: 80, Task 0 acc: 99.9681, Batch num: 80, Task 1 acc: 0.0000, Batch num: 80, Task 2 acc: 0.0000, Batch num: 80, Task 3 acc: 0.0000, Batch num: 80, Task 4 acc: 0.0000, Task avg acc:19.9936
2024-05-27 23:30:07,250 - INFO - Batch num: 90, Task 0 acc: 99.9681, Batch num: 90, Task 1 acc: 0.0000, Batch num: 90, Task 2 acc: 0.0000, Batch num: 90, Task 3 acc: 0.0000, Batch num: 90, Task 4 acc: 0.0000, Task avg acc:19.9936
