2024-05-26 15:30:34,424 - INFO - ##########Task 0##########
2024-05-26 15:30:34,425 - INFO - Epoch 0
2024-05-26 15:30:37,122 - INFO - Batch num: 0, Task 0 acc: 17.6818, Task avg acc:17.6818
2024-05-26 15:30:39,537 - INFO - Batch num: 10, Task 0 acc: 98.6926, Task avg acc:98.6926
2024-05-26 15:30:41,936 - INFO - Batch num: 20, Task 0 acc: 99.6413, Task avg acc:99.6413
2024-05-26 15:30:44,528 - INFO - Batch num: 30, Task 0 acc: 99.8246, Task avg acc:99.8246
2024-05-26 15:30:47,006 - INFO - Batch num: 40, Task 0 acc: 99.8485, Task avg acc:99.8485
2024-05-26 15:30:49,829 - INFO - Batch num: 50, Task 0 acc: 99.8804, Task avg acc:99.8804
2024-05-26 15:30:52,399 - INFO - Batch num: 60, Task 0 acc: 99.8804, Task avg acc:99.8804
2024-05-26 15:30:55,142 - INFO - Batch num: 70, Task 0 acc: 99.9043, Task avg acc:99.9043
2024-05-26 15:30:57,648 - INFO - Batch num: 80, Task 0 acc: 99.9283, Task avg acc:99.9283
2024-05-26 15:31:00,165 - INFO - Batch num: 90, Task 0 acc: 99.9283, Task avg acc:99.9283
2024-05-26 15:31:00,342 - INFO - Epoch 1
2024-05-26 15:31:02,636 - INFO - Batch num: 0, Task 0 acc: 99.9203, Task avg acc:99.9203
2024-05-26 15:31:05,191 - INFO - Batch num: 10, Task 0 acc: 99.9362, Task avg acc:99.9362
2024-05-26 15:31:07,698 - INFO - Batch num: 20, Task 0 acc: 99.9362, Task avg acc:99.9362
2024-05-26 15:31:10,242 - INFO - Batch num: 30, Task 0 acc: 99.9442, Task avg acc:99.9442
2024-05-26 15:31:12,751 - INFO - Batch num: 40, Task 0 acc: 99.9442, Task avg acc:99.9442
2024-05-26 15:31:15,365 - INFO - Batch num: 50, Task 0 acc: 99.9522, Task avg acc:99.9522
2024-05-26 15:31:17,877 - INFO - Batch num: 60, Task 0 acc: 99.9601, Task avg acc:99.9601
2024-05-26 15:31:20,379 - INFO - Batch num: 70, Task 0 acc: 99.9681, Task avg acc:99.9681
2024-05-26 15:31:22,884 - INFO - Batch num: 80, Task 0 acc: 99.9601, Task avg acc:99.9601
2024-05-26 15:31:25,397 - INFO - Batch num: 90, Task 0 acc: 99.9601, Task avg acc:99.9601
2024-05-26 15:31:25,670 - INFO - Epoch 2
2024-05-26 15:31:27,954 - INFO - Batch num: 0, Task 0 acc: 99.9601, Task avg acc:99.9601
2024-05-26 15:31:30,467 - INFO - Batch num: 10, Task 0 acc: 99.9601, Task avg acc:99.9601
2024-05-26 15:31:32,957 - INFO - Batch num: 20, Task 0 acc: 99.9601, Task avg acc:99.9601
2024-05-26 15:31:35,569 - INFO - Batch num: 30, Task 0 acc: 99.9522, Task avg acc:99.9522
2024-05-26 15:31:38,074 - INFO - Batch num: 40, Task 0 acc: 99.9442, Task avg acc:99.9442
2024-05-26 15:31:40,602 - INFO - Batch num: 50, Task 0 acc: 99.9522, Task avg acc:99.9522
2024-05-26 15:31:43,208 - INFO - Batch num: 60, Task 0 acc: 99.9681, Task avg acc:99.9681
2024-05-26 15:31:45,722 - INFO - Batch num: 70, Task 0 acc: 99.9601, Task avg acc:99.9601
2024-05-26 15:31:48,220 - INFO - Batch num: 80, Task 0 acc: 99.9681, Task avg acc:99.9681
2024-05-26 15:31:50,848 - INFO - Batch num: 90, Task 0 acc: 99.9681, Task avg acc:99.9681
2024-05-26 15:31:51,027 - INFO - Epoch 3
2024-05-26 15:31:53,316 - INFO - Batch num: 0, Task 0 acc: 99.9681, Task avg acc:99.9681
2024-05-26 15:31:55,907 - INFO - Batch num: 10, Task 0 acc: 99.9681, Task avg acc:99.9681
2024-05-26 15:31:58,547 - INFO - Batch num: 20, Task 0 acc: 99.9681, Task avg acc:99.9681
2024-05-26 15:32:01,063 - INFO - Batch num: 30, Task 0 acc: 99.9761, Task avg acc:99.9761
2024-05-26 15:32:03,609 - INFO - Batch num: 40, Task 0 acc: 99.9841, Task avg acc:99.9841
2024-05-26 15:32:06,138 - INFO - Batch num: 50, Task 0 acc: 99.9761, Task avg acc:99.9761
2024-05-26 15:32:08,650 - INFO - Batch num: 60, Task 0 acc: 99.9681, Task avg acc:99.9681
2024-05-26 15:32:11,283 - INFO - Batch num: 70, Task 0 acc: 99.9681, Task avg acc:99.9681
2024-05-26 15:32:13,784 - INFO - Batch num: 80, Task 0 acc: 99.9681, Task avg acc:99.9681
2024-05-26 15:32:16,282 - INFO - Batch num: 90, Task 0 acc: 99.9681, Task avg acc:99.9681
2024-05-26 15:32:16,466 - INFO - ##########Task 1##########
2024-05-26 15:32:16,467 - INFO - Epoch 0
2024-05-26 15:32:20,910 - INFO - Batch num: 0, Task 0 acc: 99.9681, Batch num: 0, Task 1 acc: 0.0000, Task avg acc:49.9841
2024-05-26 15:32:25,742 - INFO - Batch num: 10, Task 0 acc: 99.9362, Batch num: 10, Task 1 acc: 3.0585, Task avg acc:51.4974
2024-05-26 15:32:30,403 - INFO - Batch num: 20, Task 0 acc: 98.1665, Batch num: 20, Task 1 acc: 48.6951, Task avg acc:73.4308
2024-05-26 15:32:35,063 - INFO - Batch num: 30, Task 0 acc: 52.7423, Batch num: 30, Task 1 acc: 77.4352, Task avg acc:65.0888
2024-05-26 15:32:39,752 - INFO - Batch num: 40, Task 0 acc: 0.9327, Batch num: 40, Task 1 acc: 94.8305, Task avg acc:47.8816
2024-05-26 15:32:44,558 - INFO - Batch num: 50, Task 0 acc: 0.0000, Batch num: 50, Task 1 acc: 96.6340, Task avg acc:48.3170
2024-05-26 15:32:49,221 - INFO - Batch num: 60, Task 0 acc: 0.0000, Batch num: 60, Task 1 acc: 96.9166, Task avg acc:48.4583
2024-05-26 15:32:53,889 - INFO - Batch num: 70, Task 0 acc: 0.0000, Batch num: 70, Task 1 acc: 97.4983, Task avg acc:48.7492
2024-05-26 15:32:58,558 - INFO - Batch num: 80, Task 0 acc: 0.0000, Batch num: 80, Task 1 acc: 97.7809, Task avg acc:48.8905
2024-05-26 15:33:03,324 - INFO - Batch num: 90, Task 0 acc: 0.0000, Batch num: 90, Task 1 acc: 97.9388, Task avg acc:48.9694
2024-05-26 15:33:03,398 - INFO - Epoch 1
2024-05-26 15:33:07,866 - INFO - Batch num: 0, Task 0 acc: 0.0000, Batch num: 0, Task 1 acc: 98.0303, Task avg acc:49.0151
2024-05-26 15:33:12,531 - INFO - Batch num: 10, Task 0 acc: 0.0000, Batch num: 10, Task 1 acc: 98.1217, Task avg acc:49.0608
2024-05-26 15:33:17,218 - INFO - Batch num: 20, Task 0 acc: 0.0000, Batch num: 20, Task 1 acc: 98.2796, Task avg acc:49.1398
2024-05-26 15:33:22,018 - INFO - Batch num: 30, Task 0 acc: 0.0000, Batch num: 30, Task 1 acc: 98.3128, Task avg acc:49.1564
2024-05-26 15:33:26,679 - INFO - Batch num: 40, Task 0 acc: 0.0000, Batch num: 40, Task 1 acc: 98.4209, Task avg acc:49.2104
2024-05-26 15:33:31,356 - INFO - Batch num: 50, Task 0 acc: 0.0000, Batch num: 50, Task 1 acc: 98.6120, Task avg acc:49.3060
2024-05-26 15:33:36,025 - INFO - Batch num: 60, Task 0 acc: 0.0000, Batch num: 60, Task 1 acc: 98.6702, Task avg acc:49.3351
2024-05-26 15:33:40,695 - INFO - Batch num: 70, Task 0 acc: 0.0000, Batch num: 70, Task 1 acc: 98.7118, Task avg acc:49.3559
2024-05-26 15:33:45,354 - INFO - Batch num: 80, Task 0 acc: 0.0000, Batch num: 80, Task 1 acc: 98.7783, Task avg acc:49.3891
2024-05-26 15:33:50,017 - INFO - Batch num: 90, Task 0 acc: 0.0000, Batch num: 90, Task 1 acc: 98.8364, Task avg acc:49.4182
2024-05-26 15:33:50,092 - INFO - Epoch 2
2024-05-26 15:33:54,651 - INFO - Batch num: 0, Task 0 acc: 0.0000, Batch num: 0, Task 1 acc: 98.8364, Task avg acc:49.4182
2024-05-26 15:33:59,390 - INFO - Batch num: 10, Task 0 acc: 0.0000, Batch num: 10, Task 1 acc: 98.8364, Task avg acc:49.4182
2024-05-26 15:34:04,056 - INFO - Batch num: 20, Task 0 acc: 0.0000, Batch num: 20, Task 1 acc: 98.8863, Task avg acc:49.4432
2024-05-26 15:34:08,877 - INFO - Batch num: 30, Task 0 acc: 0.0000, Batch num: 30, Task 1 acc: 98.8281, Task avg acc:49.4141
2024-05-26 15:34:13,563 - INFO - Batch num: 40, Task 0 acc: 0.0000, Batch num: 40, Task 1 acc: 98.9694, Task avg acc:49.4847
2024-05-26 15:34:18,217 - INFO - Batch num: 50, Task 0 acc: 0.0000, Batch num: 50, Task 1 acc: 99.0775, Task avg acc:49.5387
2024-05-26 15:34:22,891 - INFO - Batch num: 60, Task 0 acc: 0.0000, Batch num: 60, Task 1 acc: 99.0691, Task avg acc:49.5346
2024-05-26 15:34:27,702 - INFO - Batch num: 70, Task 0 acc: 0.0000, Batch num: 70, Task 1 acc: 99.0775, Task avg acc:49.5387
2024-05-26 15:34:32,365 - INFO - Batch num: 80, Task 0 acc: 0.0000, Batch num: 80, Task 1 acc: 99.0941, Task avg acc:49.5470
2024-05-26 15:34:37,021 - INFO - Batch num: 90, Task 0 acc: 0.0000, Batch num: 90, Task 1 acc: 99.1356, Task avg acc:49.5678
2024-05-26 15:34:37,096 - INFO - Epoch 3
2024-05-26 15:34:41,546 - INFO - Batch num: 0, Task 0 acc: 0.0000, Batch num: 0, Task 1 acc: 99.0608, Task avg acc:49.5304
2024-05-26 15:34:46,358 - INFO - Batch num: 10, Task 0 acc: 0.0000, Batch num: 10, Task 1 acc: 99.0442, Task avg acc:49.5221
2024-05-26 15:34:51,034 - INFO - Batch num: 20, Task 0 acc: 0.0000, Batch num: 20, Task 1 acc: 99.1356, Task avg acc:49.5678
2024-05-26 15:34:55,752 - INFO - Batch num: 30, Task 0 acc: 0.0000, Batch num: 30, Task 1 acc: 99.1356, Task avg acc:49.5678
2024-05-26 15:35:00,418 - INFO - Batch num: 40, Task 0 acc: 0.0000, Batch num: 40, Task 1 acc: 99.2437, Task avg acc:49.6218
2024-05-26 15:35:05,287 - INFO - Batch num: 50, Task 0 acc: 0.0000, Batch num: 50, Task 1 acc: 99.2852, Task avg acc:49.6426
2024-05-26 15:35:09,990 - INFO - Batch num: 60, Task 0 acc: 0.0000, Batch num: 60, Task 1 acc: 99.2686, Task avg acc:49.6343
2024-05-26 15:35:14,718 - INFO - Batch num: 70, Task 0 acc: 0.0000, Batch num: 70, Task 1 acc: 99.2686, Task avg acc:49.6343
2024-05-26 15:35:19,409 - INFO - Batch num: 80, Task 0 acc: 0.0000, Batch num: 80, Task 1 acc: 99.2852, Task avg acc:49.6426
2024-05-26 15:35:24,210 - INFO - Batch num: 90, Task 0 acc: 0.0000, Batch num: 90, Task 1 acc: 99.2686, Task avg acc:49.6343
2024-05-26 15:35:24,296 - INFO - ##########Task 2##########
2024-05-26 15:35:24,297 - INFO - Epoch 0
2024-05-26 15:35:30,742 - INFO - Batch num: 0, Task 0 acc: 0.0000, Batch num: 0, Task 1 acc: 99.1024, Batch num: 0, Task 2 acc: 0.0000, Task avg acc:33.0341
2024-05-26 15:35:37,409 - INFO - Batch num: 10, Task 0 acc: 0.0319, Batch num: 10, Task 1 acc: 98.0718, Batch num: 10, Task 2 acc: 0.0180, Task avg acc:32.7072
2024-05-26 15:35:44,103 - INFO - Batch num: 20, Task 0 acc: 1.9053, Batch num: 20, Task 1 acc: 96.3680, Batch num: 20, Task 2 acc: 27.3258, Task avg acc:41.8664
2024-05-26 15:35:50,786 - INFO - Batch num: 30, Task 0 acc: 0.0000, Batch num: 30, Task 1 acc: 78.4990, Batch num: 30, Task 2 acc: 65.9303, Task avg acc:48.1431
2024-05-26 15:35:57,453 - INFO - Batch num: 40, Task 0 acc: 0.0000, Batch num: 40, Task 1 acc: 24.0193, Batch num: 40, Task 2 acc: 86.1351, Task avg acc:36.7181
2024-05-26 15:36:04,254 - INFO - Batch num: 50, Task 0 acc: 0.0000, Batch num: 50, Task 1 acc: 2.2856, Batch num: 50, Task 2 acc: 98.3387, Task avg acc:33.5414
2024-05-26 15:36:10,978 - INFO - Batch num: 60, Task 0 acc: 0.0000, Batch num: 60, Task 1 acc: 0.3158, Batch num: 60, Task 2 acc: 99.0930, Task avg acc:33.1363
2024-05-26 15:36:17,682 - INFO - Batch num: 70, Task 0 acc: 0.0000, Batch num: 70, Task 1 acc: 0.0665, Batch num: 70, Task 2 acc: 99.2008, Task avg acc:33.0891
2024-05-26 15:36:24,345 - INFO - Batch num: 80, Task 0 acc: 0.0000, Batch num: 80, Task 1 acc: 0.0499, Batch num: 80, Task 2 acc: 99.2547, Task avg acc:33.1015
2024-05-26 15:36:24,496 - INFO - Epoch 1
2024-05-26 15:36:31,070 - INFO - Batch num: 0, Task 0 acc: 0.0000, Batch num: 0, Task 1 acc: 0.0332, Batch num: 0, Task 2 acc: 99.3265, Task avg acc:33.1199
2024-05-26 15:36:37,714 - INFO - Batch num: 10, Task 0 acc: 0.0000, Batch num: 10, Task 1 acc: 0.0582, Batch num: 10, Task 2 acc: 99.3445, Task avg acc:33.1342
2024-05-26 15:36:44,425 - INFO - Batch num: 20, Task 0 acc: 0.0000, Batch num: 20, Task 1 acc: 0.0582, Batch num: 20, Task 2 acc: 99.4792, Task avg acc:33.1791
2024-05-26 15:36:51,135 - INFO - Batch num: 30, Task 0 acc: 0.0000, Batch num: 30, Task 1 acc: 0.0332, Batch num: 30, Task 2 acc: 99.4432, Task avg acc:33.1588
2024-05-26 15:36:57,796 - INFO - Batch num: 40, Task 0 acc: 0.0000, Batch num: 40, Task 1 acc: 0.0332, Batch num: 40, Task 2 acc: 99.4612, Task avg acc:33.1648
2024-05-26 15:37:04,462 - INFO - Batch num: 50, Task 0 acc: 0.0000, Batch num: 50, Task 1 acc: 0.0831, Batch num: 50, Task 2 acc: 99.5420, Task avg acc:33.2084
2024-05-26 15:37:11,271 - INFO - Batch num: 60, Task 0 acc: 0.0000, Batch num: 60, Task 1 acc: 0.1164, Batch num: 60, Task 2 acc: 99.6049, Task avg acc:33.2404
2024-05-26 15:37:17,936 - INFO - Batch num: 70, Task 0 acc: 0.0000, Batch num: 70, Task 1 acc: 0.0831, Batch num: 70, Task 2 acc: 99.6228, Task avg acc:33.2353
2024-05-26 15:37:24,602 - INFO - Batch num: 80, Task 0 acc: 0.0000, Batch num: 80, Task 1 acc: 0.0665, Batch num: 80, Task 2 acc: 99.6408, Task avg acc:33.2358
2024-05-26 15:37:24,755 - INFO - Epoch 2
2024-05-26 15:37:31,208 - INFO - Batch num: 0, Task 0 acc: 0.0000, Batch num: 0, Task 1 acc: 0.0748, Batch num: 0, Task 2 acc: 99.6588, Task avg acc:33.2445
2024-05-26 15:37:37,878 - INFO - Batch num: 10, Task 0 acc: 0.0000, Batch num: 10, Task 1 acc: 0.0997, Batch num: 10, Task 2 acc: 99.6049, Task avg acc:33.2349
2024-05-26 15:37:44,588 - INFO - Batch num: 20, Task 0 acc: 0.0000, Batch num: 20, Task 1 acc: 0.1080, Batch num: 20, Task 2 acc: 99.6498, Task avg acc:33.2526
2024-05-26 15:37:51,362 - INFO - Batch num: 30, Task 0 acc: 0.0000, Batch num: 30, Task 1 acc: 0.0914, Batch num: 30, Task 2 acc: 99.6588, Task avg acc:33.2501
2024-05-26 15:37:58,012 - INFO - Batch num: 40, Task 0 acc: 0.0000, Batch num: 40, Task 1 acc: 0.0249, Batch num: 40, Task 2 acc: 99.7037, Task avg acc:33.2429
2024-05-26 15:38:04,682 - INFO - Batch num: 50, Task 0 acc: 0.0000, Batch num: 50, Task 1 acc: 0.0831, Batch num: 50, Task 2 acc: 99.6857, Task avg acc:33.2563
2024-05-26 15:38:11,384 - INFO - Batch num: 60, Task 0 acc: 0.0000, Batch num: 60, Task 1 acc: 0.0831, Batch num: 60, Task 2 acc: 99.6947, Task avg acc:33.2593
2024-05-26 15:38:18,164 - INFO - Batch num: 70, Task 0 acc: 0.0000, Batch num: 70, Task 1 acc: 0.0582, Batch num: 70, Task 2 acc: 99.6857, Task avg acc:33.2480
2024-05-26 15:38:24,847 - INFO - Batch num: 80, Task 0 acc: 0.0000, Batch num: 80, Task 1 acc: 0.0748, Batch num: 80, Task 2 acc: 99.6947, Task avg acc:33.2565
2024-05-26 15:38:25,000 - INFO - Epoch 3
2024-05-26 15:38:31,438 - INFO - Batch num: 0, Task 0 acc: 0.0000, Batch num: 0, Task 1 acc: 0.0416, Batch num: 0, Task 2 acc: 99.7037, Task avg acc:33.2484
2024-05-26 15:38:38,133 - INFO - Batch num: 10, Task 0 acc: 0.0000, Batch num: 10, Task 1 acc: 0.0499, Batch num: 10, Task 2 acc: 99.7037, Task avg acc:33.2512
2024-05-26 15:38:44,829 - INFO - Batch num: 20, Task 0 acc: 0.0000, Batch num: 20, Task 1 acc: 0.0665, Batch num: 20, Task 2 acc: 99.7126, Task avg acc:33.2597
2024-05-26 15:38:51,507 - INFO - Batch num: 30, Task 0 acc: 0.0000, Batch num: 30, Task 1 acc: 0.0499, Batch num: 30, Task 2 acc: 99.7037, Task avg acc:33.2512
2024-05-26 15:38:58,276 - INFO - Batch num: 40, Task 0 acc: 0.0000, Batch num: 40, Task 1 acc: 0.0499, Batch num: 40, Task 2 acc: 99.7306, Task avg acc:33.2602
2024-05-26 15:39:04,938 - INFO - Batch num: 50, Task 0 acc: 0.0000, Batch num: 50, Task 1 acc: 0.0582, Batch num: 50, Task 2 acc: 99.7306, Task avg acc:33.2629
2024-05-26 15:39:11,654 - INFO - Batch num: 60, Task 0 acc: 0.0000, Batch num: 60, Task 1 acc: 0.0831, Batch num: 60, Task 2 acc: 99.7396, Task avg acc:33.2742
2024-05-26 15:39:18,326 - INFO - Batch num: 70, Task 0 acc: 0.0000, Batch num: 70, Task 1 acc: 0.0665, Batch num: 70, Task 2 acc: 99.7486, Task avg acc:33.2717
2024-05-26 15:39:25,101 - INFO - Batch num: 80, Task 0 acc: 0.0000, Batch num: 80, Task 1 acc: 0.0831, Batch num: 80, Task 2 acc: 99.7755, Task avg acc:33.2862
2024-05-26 15:39:25,263 - INFO - ##########Task 3##########
2024-05-26 15:39:25,264 - INFO - Epoch 0
2024-05-26 15:39:33,911 - INFO - Batch num: 0, Task 0 acc: 0.0000, Batch num: 0, Task 1 acc: 0.1164, Batch num: 0, Task 2 acc: 99.7665, Batch num: 0, Task 3 acc: 0.0000, Task avg acc:24.9707
2024-05-26 15:39:42,770 - INFO - Batch num: 10, Task 0 acc: 0.0000, Batch num: 10, Task 1 acc: 0.4987, Batch num: 10, Task 2 acc: 99.6947, Batch num: 10, Task 3 acc: 0.0000, Task avg acc:25.0483
2024-05-26 15:39:51,622 - INFO - Batch num: 20, Task 0 acc: 0.0000, Batch num: 20, Task 1 acc: 1.2384, Batch num: 20, Task 2 acc: 98.8865, Batch num: 20, Task 3 acc: 40.6990, Task avg acc:35.2060
2024-05-26 15:40:00,479 - INFO - Batch num: 30, Task 0 acc: 0.0000, Batch num: 30, Task 1 acc: 0.0997, Batch num: 30, Task 2 acc: 78.4932, Batch num: 30, Task 3 acc: 56.4803, Task avg acc:33.7683
2024-05-26 15:40:09,355 - INFO - Batch num: 40, Task 0 acc: 0.0000, Batch num: 40, Task 1 acc: 0.0166, Batch num: 40, Task 2 acc: 45.0790, Batch num: 40, Task 3 acc: 88.5526, Task avg acc:33.4121
2024-05-26 15:40:18,343 - INFO - Batch num: 50, Task 0 acc: 0.0000, Batch num: 50, Task 1 acc: 0.0000, Batch num: 50, Task 2 acc: 15.6250, Batch num: 50, Task 3 acc: 99.4408, Task avg acc:28.7664
2024-05-26 15:40:27,203 - INFO - Batch num: 60, Task 0 acc: 0.0000, Batch num: 60, Task 1 acc: 0.0000, Batch num: 60, Task 2 acc: 5.3520, Batch num: 60, Task 3 acc: 99.6628, Task avg acc:26.2537
2024-05-26 15:40:36,080 - INFO - Batch num: 70, Task 0 acc: 0.0000, Batch num: 70, Task 1 acc: 0.0000, Batch num: 70, Task 2 acc: 2.1731, Batch num: 70, Task 3 acc: 99.7286, Task avg acc:25.4754
2024-05-26 15:40:44,966 - INFO - Batch num: 80, Task 0 acc: 0.0000, Batch num: 80, Task 1 acc: 0.0000, Batch num: 80, Task 2 acc: 1.4817, Batch num: 80, Task 3 acc: 99.7533, Task avg acc:25.3087
2024-05-26 15:40:53,824 - INFO - Batch num: 90, Task 0 acc: 0.0000, Batch num: 90, Task 1 acc: 0.0000, Batch num: 90, Task 2 acc: 0.9070, Batch num: 90, Task 3 acc: 99.7533, Task avg acc:25.1651
2024-05-26 15:40:53,927 - INFO - Epoch 1
2024-05-26 15:41:02,535 - INFO - Batch num: 0, Task 0 acc: 0.0000, Batch num: 0, Task 1 acc: 0.0000, Batch num: 0, Task 2 acc: 0.7812, Batch num: 0, Task 3 acc: 99.7533, Task avg acc:25.1336
2024-05-26 15:41:11,486 - INFO - Batch num: 10, Task 0 acc: 0.0000, Batch num: 10, Task 1 acc: 0.0000, Batch num: 10, Task 2 acc: 0.6915, Batch num: 10, Task 3 acc: 99.8191, Task avg acc:25.1276
2024-05-26 15:41:20,358 - INFO - Batch num: 20, Task 0 acc: 0.0000, Batch num: 20, Task 1 acc: 0.0000, Batch num: 20, Task 2 acc: 0.6286, Batch num: 20, Task 3 acc: 99.8191, Task avg acc:25.1119
2024-05-26 15:41:29,194 - INFO - Batch num: 30, Task 0 acc: 0.0000, Batch num: 30, Task 1 acc: 0.0000, Batch num: 30, Task 2 acc: 0.6735, Batch num: 30, Task 3 acc: 99.8273, Task avg acc:25.1252
2024-05-26 15:41:38,149 - INFO - Batch num: 40, Task 0 acc: 0.0000, Batch num: 40, Task 1 acc: 0.0000, Batch num: 40, Task 2 acc: 0.6106, Batch num: 40, Task 3 acc: 99.8520, Task avg acc:25.1157
2024-05-26 15:41:47,077 - INFO - Batch num: 50, Task 0 acc: 0.0000, Batch num: 50, Task 1 acc: 0.0000, Batch num: 50, Task 2 acc: 0.7094, Batch num: 50, Task 3 acc: 99.8684, Task avg acc:25.1445
2024-05-26 15:41:55,927 - INFO - Batch num: 60, Task 0 acc: 0.0000, Batch num: 60, Task 1 acc: 0.0000, Batch num: 60, Task 2 acc: 0.6466, Batch num: 60, Task 3 acc: 99.8766, Task avg acc:25.1308
2024-05-26 15:42:04,773 - INFO - Batch num: 70, Task 0 acc: 0.0000, Batch num: 70, Task 1 acc: 0.0000, Batch num: 70, Task 2 acc: 0.5208, Batch num: 70, Task 3 acc: 99.8849, Task avg acc:25.1014
2024-05-26 15:42:13,793 - INFO - Batch num: 80, Task 0 acc: 0.0000, Batch num: 80, Task 1 acc: 0.0000, Batch num: 80, Task 2 acc: 0.5657, Batch num: 80, Task 3 acc: 99.9095, Task avg acc:25.1188
2024-05-26 15:42:22,668 - INFO - Batch num: 90, Task 0 acc: 0.0000, Batch num: 90, Task 1 acc: 0.0000, Batch num: 90, Task 2 acc: 0.4939, Batch num: 90, Task 3 acc: 99.9095, Task avg acc:25.1009
2024-05-26 15:42:22,770 - INFO - Epoch 2
2024-05-26 15:42:31,415 - INFO - Batch num: 0, Task 0 acc: 0.0000, Batch num: 0, Task 1 acc: 0.0000, Batch num: 0, Task 2 acc: 0.4580, Batch num: 0, Task 3 acc: 99.9178, Task avg acc:25.0939
2024-05-26 15:42:40,265 - INFO - Batch num: 10, Task 0 acc: 0.0000, Batch num: 10, Task 1 acc: 0.0000, Batch num: 10, Task 2 acc: 0.4400, Batch num: 10, Task 3 acc: 99.9178, Task avg acc:25.0894
2024-05-26 15:42:49,167 - INFO - Batch num: 20, Task 0 acc: 0.0000, Batch num: 20, Task 1 acc: 0.0000, Batch num: 20, Task 2 acc: 0.4310, Batch num: 20, Task 3 acc: 99.9260, Task avg acc:25.0893
2024-05-26 15:42:58,033 - INFO - Batch num: 30, Task 0 acc: 0.0000, Batch num: 30, Task 1 acc: 0.0000, Batch num: 30, Task 2 acc: 0.4400, Batch num: 30, Task 3 acc: 99.9260, Task avg acc:25.0915
2024-05-26 15:43:07,056 - INFO - Batch num: 40, Task 0 acc: 0.0000, Batch num: 40, Task 1 acc: 0.0000, Batch num: 40, Task 2 acc: 0.3861, Batch num: 40, Task 3 acc: 99.9424, Task avg acc:25.0821
2024-05-26 15:43:16,044 - INFO - Batch num: 50, Task 0 acc: 0.0000, Batch num: 50, Task 1 acc: 0.0000, Batch num: 50, Task 2 acc: 0.5208, Batch num: 50, Task 3 acc: 99.9424, Task avg acc:25.1158
2024-05-26 15:43:24,927 - INFO - Batch num: 60, Task 0 acc: 0.0000, Batch num: 60, Task 1 acc: 0.0000, Batch num: 60, Task 2 acc: 0.4849, Batch num: 60, Task 3 acc: 99.9424, Task avg acc:25.1068
2024-05-26 15:43:33,775 - INFO - Batch num: 70, Task 0 acc: 0.0000, Batch num: 70, Task 1 acc: 0.0000, Batch num: 70, Task 2 acc: 0.4131, Batch num: 70, Task 3 acc: 99.9424, Task avg acc:25.0889
2024-05-26 15:43:42,628 - INFO - Batch num: 80, Task 0 acc: 0.0000, Batch num: 80, Task 1 acc: 0.0000, Batch num: 80, Task 2 acc: 0.4939, Batch num: 80, Task 3 acc: 99.9424, Task avg acc:25.1091
2024-05-26 15:43:51,472 - INFO - Batch num: 90, Task 0 acc: 0.0000, Batch num: 90, Task 1 acc: 0.0000, Batch num: 90, Task 2 acc: 0.3772, Batch num: 90, Task 3 acc: 99.9424, Task avg acc:25.0799
2024-05-26 15:43:51,574 - INFO - Epoch 3
2024-05-26 15:44:00,370 - INFO - Batch num: 0, Task 0 acc: 0.0000, Batch num: 0, Task 1 acc: 0.0000, Batch num: 0, Task 2 acc: 0.3592, Batch num: 0, Task 3 acc: 99.9424, Task avg acc:25.0754
2024-05-26 15:44:10,263 - INFO - Batch num: 10, Task 0 acc: 0.0000, Batch num: 10, Task 1 acc: 0.0000, Batch num: 10, Task 2 acc: 0.3412, Batch num: 10, Task 3 acc: 99.9342, Task avg acc:25.0689
2024-05-26 15:44:19,596 - INFO - Batch num: 20, Task 0 acc: 0.0000, Batch num: 20, Task 1 acc: 0.0000, Batch num: 20, Task 2 acc: 0.3592, Batch num: 20, Task 3 acc: 99.9342, Task avg acc:25.0734
2024-05-26 15:44:28,591 - INFO - Batch num: 30, Task 0 acc: 0.0000, Batch num: 30, Task 1 acc: 0.0000, Batch num: 30, Task 2 acc: 0.4131, Batch num: 30, Task 3 acc: 99.9424, Task avg acc:25.0889
2024-05-26 15:44:37,585 - INFO - Batch num: 40, Task 0 acc: 0.0000, Batch num: 40, Task 1 acc: 0.0000, Batch num: 40, Task 2 acc: 0.3772, Batch num: 40, Task 3 acc: 99.9424, Task avg acc:25.0799
2024-05-26 15:44:46,514 - INFO - Batch num: 50, Task 0 acc: 0.0000, Batch num: 50, Task 1 acc: 0.0000, Batch num: 50, Task 2 acc: 0.4580, Batch num: 50, Task 3 acc: 99.9424, Task avg acc:25.1001
2024-05-26 15:44:55,489 - INFO - Batch num: 60, Task 0 acc: 0.0000, Batch num: 60, Task 1 acc: 0.0000, Batch num: 60, Task 2 acc: 0.3951, Batch num: 60, Task 3 acc: 99.9424, Task avg acc:25.0844
2024-05-26 15:45:04,347 - INFO - Batch num: 70, Task 0 acc: 0.0000, Batch num: 70, Task 1 acc: 0.0000, Batch num: 70, Task 2 acc: 0.3592, Batch num: 70, Task 3 acc: 99.9424, Task avg acc:25.0754
2024-05-26 15:45:13,267 - INFO - Batch num: 80, Task 0 acc: 0.0000, Batch num: 80, Task 1 acc: 0.0000, Batch num: 80, Task 2 acc: 0.4041, Batch num: 80, Task 3 acc: 99.9424, Task avg acc:25.0866
2024-05-26 15:45:22,201 - INFO - Batch num: 90, Task 0 acc: 0.0000, Batch num: 90, Task 1 acc: 0.0000, Batch num: 90, Task 2 acc: 0.3592, Batch num: 90, Task 3 acc: 99.9424, Task avg acc:25.0754
2024-05-26 15:45:22,315 - INFO - ##########Task 4##########
2024-05-26 15:45:22,315 - INFO - Epoch 0
2024-05-26 15:45:33,129 - INFO - Batch num: 0, Task 0 acc: 0.0000, Batch num: 0, Task 1 acc: 0.0000, Batch num: 0, Task 2 acc: 0.4310, Batch num: 0, Task 3 acc: 99.9507, Batch num: 0, Task 4 acc: 0.0000, Task avg acc:20.0763
2024-05-26 15:45:44,194 - INFO - Batch num: 10, Task 0 acc: 0.0000, Batch num: 10, Task 1 acc: 0.0000, Batch num: 10, Task 2 acc: 3.3854, Batch num: 10, Task 3 acc: 99.0789, Batch num: 10, Task 4 acc: 0.0000, Task avg acc:20.4929
2024-05-26 15:45:55,361 - INFO - Batch num: 20, Task 0 acc: 0.0000, Batch num: 20, Task 1 acc: 0.1413, Batch num: 20, Task 2 acc: 12.9221, Batch num: 20, Task 3 acc: 97.7632, Batch num: 20, Task 4 acc: 5.1885, Task avg acc:23.2030
2024-05-26 15:46:06,365 - INFO - Batch num: 30, Task 0 acc: 0.0000, Batch num: 30, Task 1 acc: 0.0332, Batch num: 30, Task 2 acc: 10.9016, Batch num: 30, Task 3 acc: 96.6941, Batch num: 30, Task 4 acc: 33.5003, Task avg acc:28.2258
2024-05-26 15:46:17,179 - INFO - Batch num: 40, Task 0 acc: 0.0000, Batch num: 40, Task 1 acc: 0.0083, Batch num: 40, Task 2 acc: 1.0327, Batch num: 40, Task 3 acc: 88.9309, Batch num: 40, Task 4 acc: 73.2422, Task avg acc:32.6428
2024-05-26 15:46:28,154 - INFO - Batch num: 50, Task 0 acc: 0.0000, Batch num: 50, Task 1 acc: 0.0000, Batch num: 50, Task 2 acc: 0.0898, Batch num: 50, Task 3 acc: 35.5263, Batch num: 50, Task 4 acc: 93.9283, Task avg acc:25.9089
2024-05-26 15:46:39,258 - INFO - Batch num: 60, Task 0 acc: 0.0000, Batch num: 60, Task 1 acc: 0.0000, Batch num: 60, Task 2 acc: 0.0000, Batch num: 60, Task 3 acc: 0.0000, Batch num: 60, Task 4 acc: 96.6542, Task avg acc:19.3308
2024-05-26 15:46:50,268 - INFO - Batch num: 70, Task 0 acc: 0.0000, Batch num: 70, Task 1 acc: 0.0000, Batch num: 70, Task 2 acc: 0.0000, Batch num: 70, Task 3 acc: 0.0000, Batch num: 70, Task 4 acc: 97.3590, Task avg acc:19.4718
2024-05-26 15:47:01,244 - INFO - Batch num: 80, Task 0 acc: 0.0000, Batch num: 80, Task 1 acc: 0.0000, Batch num: 80, Task 2 acc: 0.0000, Batch num: 80, Task 3 acc: 0.0000, Batch num: 80, Task 4 acc: 97.9025, Task avg acc:19.5805
2024-05-26 15:47:12,254 - INFO - Batch num: 90, Task 0 acc: 0.0000, Batch num: 90, Task 1 acc: 0.0000, Batch num: 90, Task 2 acc: 0.0000, Batch num: 90, Task 3 acc: 0.0000, Batch num: 90, Task 4 acc: 98.1403, Task avg acc:19.6281
2024-05-26 15:47:12,280 - INFO - Epoch 1
2024-05-26 15:47:23,199 - INFO - Batch num: 0, Task 0 acc: 0.0000, Batch num: 0, Task 1 acc: 0.0000, Batch num: 0, Task 2 acc: 0.0000, Batch num: 0, Task 3 acc: 0.0000, Batch num: 0, Task 4 acc: 98.1233, Task avg acc:19.6247
2024-05-26 15:47:34,172 - INFO - Batch num: 10, Task 0 acc: 0.0000, Batch num: 10, Task 1 acc: 0.0000, Batch num: 10, Task 2 acc: 0.0000, Batch num: 10, Task 3 acc: 0.0000, Batch num: 10, Task 4 acc: 98.2337, Task avg acc:19.6467
2024-05-26 15:47:45,181 - INFO - Batch num: 20, Task 0 acc: 0.0000, Batch num: 20, Task 1 acc: 0.0000, Batch num: 20, Task 2 acc: 0.0000, Batch num: 20, Task 3 acc: 0.0000, Batch num: 20, Task 4 acc: 98.2931, Task avg acc:19.6586
2024-05-26 15:47:56,164 - INFO - Batch num: 30, Task 0 acc: 0.0000, Batch num: 30, Task 1 acc: 0.0000, Batch num: 30, Task 2 acc: 0.0000, Batch num: 30, Task 3 acc: 0.0000, Batch num: 30, Task 4 acc: 98.4120, Task avg acc:19.6824
2024-05-26 15:48:07,141 - INFO - Batch num: 40, Task 0 acc: 0.0000, Batch num: 40, Task 1 acc: 0.0000, Batch num: 40, Task 2 acc: 0.0000, Batch num: 40, Task 3 acc: 0.0000, Batch num: 40, Task 4 acc: 98.5394, Task avg acc:19.7079
2024-05-26 15:48:18,178 - INFO - Batch num: 50, Task 0 acc: 0.0000, Batch num: 50, Task 1 acc: 0.0000, Batch num: 50, Task 2 acc: 0.0000, Batch num: 50, Task 3 acc: 0.0000, Batch num: 50, Task 4 acc: 98.6328, Task avg acc:19.7266
2024-05-26 15:48:29,281 - INFO - Batch num: 60, Task 0 acc: 0.0000, Batch num: 60, Task 1 acc: 0.0000, Batch num: 60, Task 2 acc: 0.0000, Batch num: 60, Task 3 acc: 0.0000, Batch num: 60, Task 4 acc: 98.7517, Task avg acc:19.7503
2024-05-26 15:48:40,326 - INFO - Batch num: 70, Task 0 acc: 0.0000, Batch num: 70, Task 1 acc: 0.0000, Batch num: 70, Task 2 acc: 0.0000, Batch num: 70, Task 3 acc: 0.0000, Batch num: 70, Task 4 acc: 98.8706, Task avg acc:19.7741
2024-05-26 15:48:51,328 - INFO - Batch num: 80, Task 0 acc: 0.0000, Batch num: 80, Task 1 acc: 0.0000, Batch num: 80, Task 2 acc: 0.0000, Batch num: 80, Task 3 acc: 0.0000, Batch num: 80, Task 4 acc: 98.9130, Task avg acc:19.7826
2024-05-26 15:49:02,298 - INFO - Batch num: 90, Task 0 acc: 0.0000, Batch num: 90, Task 1 acc: 0.0000, Batch num: 90, Task 2 acc: 0.0000, Batch num: 90, Task 3 acc: 0.0000, Batch num: 90, Task 4 acc: 98.9895, Task avg acc:19.7979
2024-05-26 15:49:02,325 - INFO - Epoch 2
2024-05-26 15:49:13,095 - INFO - Batch num: 0, Task 0 acc: 0.0000, Batch num: 0, Task 1 acc: 0.0000, Batch num: 0, Task 2 acc: 0.0000, Batch num: 0, Task 3 acc: 0.0000, Batch num: 0, Task 4 acc: 98.9470, Task avg acc:19.7894
2024-05-26 15:49:24,220 - INFO - Batch num: 10, Task 0 acc: 0.0000, Batch num: 10, Task 1 acc: 0.0000, Batch num: 10, Task 2 acc: 0.0000, Batch num: 10, Task 3 acc: 0.0000, Batch num: 10, Task 4 acc: 99.0659, Task avg acc:19.8132
2024-05-26 15:49:35,203 - INFO - Batch num: 20, Task 0 acc: 0.0000, Batch num: 20, Task 1 acc: 0.0000, Batch num: 20, Task 2 acc: 0.0000, Batch num: 20, Task 3 acc: 0.0000, Batch num: 20, Task 4 acc: 99.1084, Task avg acc:19.8217
2024-05-26 15:49:46,216 - INFO - Batch num: 30, Task 0 acc: 0.0000, Batch num: 30, Task 1 acc: 0.0000, Batch num: 30, Task 2 acc: 0.0000, Batch num: 30, Task 3 acc: 0.0000, Batch num: 30, Task 4 acc: 99.1084, Task avg acc:19.8217
2024-05-26 15:49:57,182 - INFO - Batch num: 40, Task 0 acc: 0.0000, Batch num: 40, Task 1 acc: 0.0000, Batch num: 40, Task 2 acc: 0.0000, Batch num: 40, Task 3 acc: 0.0000, Batch num: 40, Task 4 acc: 99.1763, Task avg acc:19.8353
2024-05-26 15:50:08,203 - INFO - Batch num: 50, Task 0 acc: 0.0000, Batch num: 50, Task 1 acc: 0.0000, Batch num: 50, Task 2 acc: 0.0000, Batch num: 50, Task 3 acc: 0.0000, Batch num: 50, Task 4 acc: 99.1508, Task avg acc:19.8302
2024-05-26 15:50:19,222 - INFO - Batch num: 60, Task 0 acc: 0.0000, Batch num: 60, Task 1 acc: 0.0000, Batch num: 60, Task 2 acc: 0.0000, Batch num: 60, Task 3 acc: 0.0000, Batch num: 60, Task 4 acc: 99.1848, Task avg acc:19.8370
2024-05-26 15:50:30,196 - INFO - Batch num: 70, Task 0 acc: 0.0000, Batch num: 70, Task 1 acc: 0.0000, Batch num: 70, Task 2 acc: 0.0000, Batch num: 70, Task 3 acc: 0.0000, Batch num: 70, Task 4 acc: 99.2357, Task avg acc:19.8471
2024-05-26 15:50:41,172 - INFO - Batch num: 80, Task 0 acc: 0.0000, Batch num: 80, Task 1 acc: 0.0000, Batch num: 80, Task 2 acc: 0.0000, Batch num: 80, Task 3 acc: 0.0000, Batch num: 80, Task 4 acc: 99.2357, Task avg acc:19.8471
2024-05-26 15:50:52,294 - INFO - Batch num: 90, Task 0 acc: 0.0000, Batch num: 90, Task 1 acc: 0.0000, Batch num: 90, Task 2 acc: 0.0000, Batch num: 90, Task 3 acc: 0.0000, Batch num: 90, Task 4 acc: 99.2782, Task avg acc:19.8556
2024-05-26 15:50:52,320 - INFO - Epoch 3
2024-05-26 15:51:03,082 - INFO - Batch num: 0, Task 0 acc: 0.0000, Batch num: 0, Task 1 acc: 0.0000, Batch num: 0, Task 2 acc: 0.0000, Batch num: 0, Task 3 acc: 0.0000, Batch num: 0, Task 4 acc: 99.2952, Task avg acc:19.8590
2024-05-26 15:51:14,068 - INFO - Batch num: 10, Task 0 acc: 0.0000, Batch num: 10, Task 1 acc: 0.0000, Batch num: 10, Task 2 acc: 0.0000, Batch num: 10, Task 3 acc: 0.0000, Batch num: 10, Task 4 acc: 99.2612, Task avg acc:19.8522
2024-05-26 15:51:25,049 - INFO - Batch num: 20, Task 0 acc: 0.0000, Batch num: 20, Task 1 acc: 0.0000, Batch num: 20, Task 2 acc: 0.0000, Batch num: 20, Task 3 acc: 0.0000, Batch num: 20, Task 4 acc: 99.2612, Task avg acc:19.8522
2024-05-26 15:51:36,038 - INFO - Batch num: 30, Task 0 acc: 0.0000, Batch num: 30, Task 1 acc: 0.0000, Batch num: 30, Task 2 acc: 0.0000, Batch num: 30, Task 3 acc: 0.0000, Batch num: 30, Task 4 acc: 99.2442, Task avg acc:19.8488
2024-05-26 15:51:47,157 - INFO - Batch num: 40, Task 0 acc: 0.0000, Batch num: 40, Task 1 acc: 0.0000, Batch num: 40, Task 2 acc: 0.0000, Batch num: 40, Task 3 acc: 0.0000, Batch num: 40, Task 4 acc: 99.2782, Task avg acc:19.8556
2024-05-26 15:51:58,145 - INFO - Batch num: 50, Task 0 acc: 0.0000, Batch num: 50, Task 1 acc: 0.0000, Batch num: 50, Task 2 acc: 0.0000, Batch num: 50, Task 3 acc: 0.0000, Batch num: 50, Task 4 acc: 99.3207, Task avg acc:19.8641
2024-05-26 15:52:09,142 - INFO - Batch num: 60, Task 0 acc: 0.0000, Batch num: 60, Task 1 acc: 0.0000, Batch num: 60, Task 2 acc: 0.0000, Batch num: 60, Task 3 acc: 0.0000, Batch num: 60, Task 4 acc: 99.3037, Task avg acc:19.8607
2024-05-26 15:52:20,174 - INFO - Batch num: 70, Task 0 acc: 0.0000, Batch num: 70, Task 1 acc: 0.0000, Batch num: 70, Task 2 acc: 0.0000, Batch num: 70, Task 3 acc: 0.0000, Batch num: 70, Task 4 acc: 99.3037, Task avg acc:19.8607
2024-05-26 15:52:31,284 - INFO - Batch num: 80, Task 0 acc: 0.0000, Batch num: 80, Task 1 acc: 0.0000, Batch num: 80, Task 2 acc: 0.0000, Batch num: 80, Task 3 acc: 0.0000, Batch num: 80, Task 4 acc: 99.3207, Task avg acc:19.8641
2024-05-26 15:52:42,262 - INFO - Batch num: 90, Task 0 acc: 0.0000, Batch num: 90, Task 1 acc: 0.0000, Batch num: 90, Task 2 acc: 0.0000, Batch num: 90, Task 3 acc: 0.0000, Batch num: 90, Task 4 acc: 99.3546, Task avg acc:19.8709
