2024-05-26 07:06:42,706 - INFO - ##########Task 0##########
2024-05-26 07:06:42,707 - INFO - Epoch 0
2024-05-26 07:06:45,245 - INFO - Batch num: 0, Task 0 acc: 16.8925, Task avg acc:16.8925
2024-05-26 07:06:48,043 - INFO - Batch num: 10, Task 0 acc: 85.8897, Task avg acc:85.8897
2024-05-26 07:06:50,836 - INFO - Batch num: 20, Task 0 acc: 87.7232, Task avg acc:87.7232
2024-05-26 07:06:53,624 - INFO - Batch num: 30, Task 0 acc: 88.2254, Task avg acc:88.2254
2024-05-26 07:06:56,437 - INFO - Batch num: 40, Task 0 acc: 88.0341, Task avg acc:88.0341
2024-05-26 07:06:59,245 - INFO - Batch num: 50, Task 0 acc: 88.7117, Task avg acc:88.7117
2024-05-26 07:07:02,050 - INFO - Batch num: 60, Task 0 acc: 88.3131, Task avg acc:88.3131
2024-05-26 07:07:04,851 - INFO - Batch num: 70, Task 0 acc: 87.7392, Task avg acc:87.7392
2024-05-26 07:07:07,682 - INFO - Batch num: 80, Task 0 acc: 86.6311, Task avg acc:86.6311
2024-05-26 07:07:10,493 - INFO - Batch num: 90, Task 0 acc: 86.9420, Task avg acc:86.9420
2024-05-26 07:07:10,851 - INFO - Epoch 1
2024-05-26 07:07:13,212 - INFO - Batch num: 0, Task 0 acc: 87.9863, Task avg acc:87.9863
2024-05-26 07:07:16,005 - INFO - Batch num: 10, Task 0 acc: 87.9305, Task avg acc:87.9305
2024-05-26 07:07:18,812 - INFO - Batch num: 20, Task 0 acc: 89.0466, Task avg acc:89.0466
2024-05-26 07:07:21,627 - INFO - Batch num: 30, Task 0 acc: 88.2733, Task avg acc:88.2733
2024-05-26 07:07:24,439 - INFO - Batch num: 40, Task 0 acc: 88.1537, Task avg acc:88.1537
2024-05-26 07:07:27,250 - INFO - Batch num: 50, Task 0 acc: 89.1661, Task avg acc:89.1661
2024-05-26 07:07:30,051 - INFO - Batch num: 60, Task 0 acc: 88.5443, Task avg acc:88.5443
2024-05-26 07:07:32,861 - INFO - Batch num: 70, Task 0 acc: 89.6445, Task avg acc:89.6445
2024-05-26 07:07:35,773 - INFO - Batch num: 80, Task 0 acc: 89.1661, Task avg acc:89.1661
2024-05-26 07:07:38,592 - INFO - Batch num: 90, Task 0 acc: 90.1467, Task avg acc:90.1467
2024-05-26 07:07:38,949 - INFO - Epoch 2
2024-05-26 07:07:41,304 - INFO - Batch num: 0, Task 0 acc: 89.9554, Task avg acc:89.9554
2024-05-26 07:07:44,153 - INFO - Batch num: 10, Task 0 acc: 90.4257, Task avg acc:90.4257
2024-05-26 07:07:46,961 - INFO - Batch num: 20, Task 0 acc: 91.4302, Task avg acc:91.4302
2024-05-26 07:07:49,772 - INFO - Batch num: 30, Task 0 acc: 90.9518, Task avg acc:90.9518
2024-05-26 07:07:52,587 - INFO - Batch num: 40, Task 0 acc: 91.7172, Task avg acc:91.7172
2024-05-26 07:07:55,385 - INFO - Batch num: 50, Task 0 acc: 91.7490, Task avg acc:91.7490
2024-05-26 07:07:58,195 - INFO - Batch num: 60, Task 0 acc: 90.8004, Task avg acc:90.8004
2024-05-26 07:08:00,996 - INFO - Batch num: 70, Task 0 acc: 91.1990, Task avg acc:91.1990
2024-05-26 07:08:03,815 - INFO - Batch num: 80, Task 0 acc: 90.2902, Task avg acc:90.2902
2024-05-26 07:08:06,621 - INFO - Batch num: 90, Task 0 acc: 90.3619, Task avg acc:90.3619
2024-05-26 07:08:06,968 - INFO - Epoch 3
2024-05-26 07:08:09,319 - INFO - Batch num: 0, Task 0 acc: 90.8721, Task avg acc:90.8721
2024-05-26 07:08:12,125 - INFO - Batch num: 10, Task 0 acc: 89.6524, Task avg acc:89.6524
2024-05-26 07:08:14,932 - INFO - Batch num: 20, Task 0 acc: 90.0670, Task avg acc:90.0670
2024-05-26 07:08:17,742 - INFO - Batch num: 30, Task 0 acc: 90.2902, Task avg acc:90.2902
2024-05-26 07:08:20,532 - INFO - Batch num: 40, Task 0 acc: 91.0874, Task avg acc:91.0874
2024-05-26 07:08:23,354 - INFO - Batch num: 50, Task 0 acc: 89.4850, Task avg acc:89.4850
2024-05-26 07:08:26,156 - INFO - Batch num: 60, Task 0 acc: 89.5568, Task avg acc:89.5568
2024-05-26 07:08:29,062 - INFO - Batch num: 70, Task 0 acc: 89.7959, Task avg acc:89.7959
2024-05-26 07:08:31,853 - INFO - Batch num: 80, Task 0 acc: 88.8074, Task avg acc:88.8074
2024-05-26 07:08:34,652 - INFO - Batch num: 90, Task 0 acc: 89.0466, Task avg acc:89.0466
2024-05-26 07:08:35,023 - INFO - ##########Task 1##########
2024-05-26 07:08:35,023 - INFO - Epoch 0
2024-05-26 07:08:39,599 - INFO - Batch num: 0, Task 0 acc: 88.4168, Batch num: 0, Task 1 acc: 7.3221, Task avg acc:47.8695
2024-05-26 07:08:44,614 - INFO - Batch num: 10, Task 0 acc: 88.4487, Batch num: 10, Task 1 acc: 29.4548, Task avg acc:58.9517
2024-05-26 07:08:49,617 - INFO - Batch num: 20, Task 0 acc: 74.3543, Batch num: 20, Task 1 acc: 59.7074, Task avg acc:67.0309
2024-05-26 07:08:54,626 - INFO - Batch num: 30, Task 0 acc: 64.6445, Batch num: 30, Task 1 acc: 81.4328, Task avg acc:73.0386
2024-05-26 07:08:59,627 - INFO - Batch num: 40, Task 0 acc: 59.0721, Batch num: 40, Task 1 acc: 85.3308, Task avg acc:72.2014
2024-05-26 07:09:04,641 - INFO - Batch num: 50, Task 0 acc: 45.1451, Batch num: 50, Task 1 acc: 87.4668, Task avg acc:66.3059
2024-05-26 07:09:09,639 - INFO - Batch num: 60, Task 0 acc: 40.8960, Batch num: 60, Task 1 acc: 89.2453, Task avg acc:65.0707
2024-05-26 07:09:14,642 - INFO - Batch num: 70, Task 0 acc: 40.1865, Batch num: 70, Task 1 acc: 90.4089, Task avg acc:65.2977
2024-05-26 07:09:19,661 - INFO - Batch num: 80, Task 0 acc: 38.5523, Batch num: 80, Task 1 acc: 91.3481, Task avg acc:64.9502
2024-05-26 07:09:24,677 - INFO - Batch num: 90, Task 0 acc: 29.4643, Batch num: 90, Task 1 acc: 92.7776, Task avg acc:61.1209
2024-05-26 07:09:24,829 - INFO - Epoch 1
2024-05-26 07:09:29,385 - INFO - Batch num: 0, Task 0 acc: 26.6980, Batch num: 0, Task 1 acc: 93.2098, Task avg acc:59.9539
2024-05-26 07:09:34,392 - INFO - Batch num: 10, Task 0 acc: 23.3498, Batch num: 10, Task 1 acc: 92.7443, Task avg acc:58.0471
2024-05-26 07:09:39,425 - INFO - Batch num: 20, Task 0 acc: 16.1432, Batch num: 20, Task 1 acc: 92.6862, Task avg acc:54.4147
2024-05-26 07:09:44,413 - INFO - Batch num: 30, Task 0 acc: 13.7436, Batch num: 30, Task 1 acc: 92.6446, Task avg acc:53.1941
2024-05-26 07:09:49,394 - INFO - Batch num: 40, Task 0 acc: 14.6126, Batch num: 40, Task 1 acc: 93.4924, Task avg acc:54.0525
2024-05-26 07:09:54,488 - INFO - Batch num: 50, Task 0 acc: 12.3884, Batch num: 50, Task 1 acc: 93.4757, Task avg acc:52.9321
2024-05-26 07:09:59,476 - INFO - Batch num: 60, Task 0 acc: 10.0606, Batch num: 60, Task 1 acc: 93.6835, Task avg acc:51.8720
2024-05-26 07:10:04,476 - INFO - Batch num: 70, Task 0 acc: 10.7940, Batch num: 70, Task 1 acc: 93.9412, Task avg acc:52.3676
2024-05-26 07:10:09,498 - INFO - Batch num: 80, Task 0 acc: 14.0784, Batch num: 80, Task 1 acc: 93.4757, Task avg acc:53.7771
2024-05-26 07:10:14,500 - INFO - Batch num: 90, Task 0 acc: 16.9085, Batch num: 90, Task 1 acc: 93.3095, Task avg acc:55.1090
2024-05-26 07:10:14,654 - INFO - Epoch 2
2024-05-26 07:10:19,218 - INFO - Batch num: 0, Task 0 acc: 13.9509, Batch num: 0, Task 1 acc: 93.5672, Task avg acc:53.7590
2024-05-26 07:10:24,242 - INFO - Batch num: 10, Task 0 acc: 21.1735, Batch num: 10, Task 1 acc: 93.7168, Task avg acc:57.4451
2024-05-26 07:10:29,251 - INFO - Batch num: 20, Task 0 acc: 15.6250, Batch num: 20, Task 1 acc: 93.6586, Task avg acc:54.6418
2024-05-26 07:10:34,258 - INFO - Batch num: 30, Task 0 acc: 15.1228, Batch num: 30, Task 1 acc: 93.7417, Task avg acc:54.4322
2024-05-26 07:10:39,285 - INFO - Batch num: 40, Task 0 acc: 18.4391, Batch num: 40, Task 1 acc: 94.0160, Task avg acc:56.2275
2024-05-26 07:10:44,297 - INFO - Batch num: 50, Task 0 acc: 18.6145, Batch num: 50, Task 1 acc: 93.8830, Task avg acc:56.2487
2024-05-26 07:10:49,315 - INFO - Batch num: 60, Task 0 acc: 13.8313, Batch num: 60, Task 1 acc: 94.6892, Task avg acc:54.2602
2024-05-26 07:10:54,303 - INFO - Batch num: 70, Task 0 acc: 12.6834, Batch num: 70, Task 1 acc: 94.4980, Task avg acc:53.5907
2024-05-26 07:10:59,323 - INFO - Batch num: 80, Task 0 acc: 13.2812, Batch num: 80, Task 1 acc: 94.5396, Task avg acc:53.9104
2024-05-26 07:11:04,436 - INFO - Batch num: 90, Task 0 acc: 7.2545, Batch num: 90, Task 1 acc: 94.4980, Task avg acc:50.8762
2024-05-26 07:11:04,588 - INFO - Epoch 3
2024-05-26 07:11:09,158 - INFO - Batch num: 0, Task 0 acc: 8.6097, Batch num: 0, Task 1 acc: 94.3484, Task avg acc:51.4790
2024-05-26 07:11:14,187 - INFO - Batch num: 10, Task 0 acc: 8.4821, Batch num: 10, Task 1 acc: 93.9328, Task avg acc:51.2075
2024-05-26 07:11:19,203 - INFO - Batch num: 20, Task 0 acc: 7.5733, Batch num: 20, Task 1 acc: 94.1323, Task avg acc:50.8528
2024-05-26 07:11:24,213 - INFO - Batch num: 30, Task 0 acc: 8.3147, Batch num: 30, Task 1 acc: 94.0908, Task avg acc:51.2027
2024-05-26 07:11:29,213 - INFO - Batch num: 40, Task 0 acc: 7.3023, Batch num: 40, Task 1 acc: 94.4149, Task avg acc:50.8586
2024-05-26 07:11:34,214 - INFO - Batch num: 50, Task 0 acc: 7.7806, Batch num: 50, Task 1 acc: 94.2819, Task avg acc:51.0313
2024-05-26 07:11:39,251 - INFO - Batch num: 60, Task 0 acc: 8.3626, Batch num: 60, Task 1 acc: 94.4315, Task avg acc:51.3970
2024-05-26 07:11:44,274 - INFO - Batch num: 70, Task 0 acc: 5.6362, Batch num: 70, Task 1 acc: 94.2902, Task avg acc:49.9632
2024-05-26 07:11:49,283 - INFO - Batch num: 80, Task 0 acc: 4.1215, Batch num: 80, Task 1 acc: 94.7723, Task avg acc:49.4469
2024-05-26 07:11:54,295 - INFO - Batch num: 90, Task 0 acc: 3.5714, Batch num: 90, Task 1 acc: 94.9053, Task avg acc:49.2383
2024-05-26 07:11:54,458 - INFO - ##########Task 2##########
2024-05-26 07:11:54,459 - INFO - Epoch 0
2024-05-26 07:12:01,070 - INFO - Batch num: 0, Task 0 acc: 6.0587, Batch num: 0, Task 1 acc: 94.8138, Batch num: 0, Task 2 acc: 0.3502, Task avg acc:33.7409
2024-05-26 07:12:08,126 - INFO - Batch num: 10, Task 0 acc: 3.6751, Batch num: 10, Task 1 acc: 95.2959, Batch num: 10, Task 2 acc: 8.1897, Task avg acc:35.7202
2024-05-26 07:12:15,192 - INFO - Batch num: 20, Task 0 acc: 2.9416, Batch num: 20, Task 1 acc: 92.3953, Batch num: 20, Task 2 acc: 30.5855, Task avg acc:41.9741
2024-05-26 07:12:22,292 - INFO - Batch num: 30, Task 0 acc: 0.8769, Batch num: 30, Task 1 acc: 75.4654, Batch num: 30, Task 2 acc: 63.0568, Task avg acc:46.4664
2024-05-26 07:12:29,370 - INFO - Batch num: 40, Task 0 acc: 1.1400, Batch num: 40, Task 1 acc: 45.4122, Batch num: 40, Task 2 acc: 80.5047, Task avg acc:42.3523
2024-05-26 07:12:36,440 - INFO - Batch num: 50, Task 0 acc: 2.4314, Batch num: 50, Task 1 acc: 31.8401, Batch num: 50, Task 2 acc: 84.8150, Task avg acc:39.6955
2024-05-26 07:12:43,664 - INFO - Batch num: 60, Task 0 acc: 1.7459, Batch num: 60, Task 1 acc: 27.8674, Batch num: 60, Task 2 acc: 86.1979, Task avg acc:38.6037
2024-05-26 07:12:50,717 - INFO - Batch num: 70, Task 0 acc: 0.9726, Batch num: 70, Task 1 acc: 23.5788, Batch num: 70, Task 2 acc: 87.6527, Task avg acc:37.4013
2024-05-26 07:12:57,760 - INFO - Batch num: 80, Task 0 acc: 1.9372, Batch num: 80, Task 1 acc: 20.7031, Batch num: 80, Task 2 acc: 87.3743, Task avg acc:36.6715
2024-05-26 07:12:58,059 - INFO - Epoch 1
2024-05-26 07:13:04,670 - INFO - Batch num: 0, Task 0 acc: 3.1330, Batch num: 0, Task 1 acc: 19.9801, Batch num: 0, Task 2 acc: 85.7938, Task avg acc:36.3023
2024-05-26 07:13:11,728 - INFO - Batch num: 10, Task 0 acc: 1.8176, Batch num: 10, Task 1 acc: 19.1739, Batch num: 10, Task 2 acc: 84.1864, Task avg acc:35.0593
2024-05-26 07:13:18,769 - INFO - Batch num: 20, Task 0 acc: 2.4474, Batch num: 20, Task 1 acc: 18.8165, Batch num: 20, Task 2 acc: 83.7195, Task avg acc:34.9944
2024-05-26 07:13:25,816 - INFO - Batch num: 30, Task 0 acc: 3.2446, Batch num: 30, Task 1 acc: 16.8301, Batch num: 30, Task 2 acc: 82.6419, Task avg acc:34.2389
2024-05-26 07:13:32,855 - INFO - Batch num: 40, Task 0 acc: 2.5112, Batch num: 40, Task 1 acc: 16.4312, Batch num: 40, Task 2 acc: 81.3667, Task avg acc:33.4364
2024-05-26 07:13:39,937 - INFO - Batch num: 50, Task 0 acc: 3.6272, Batch num: 50, Task 1 acc: 15.5585, Batch num: 50, Task 2 acc: 80.1185, Task avg acc:33.1014
2024-05-26 07:13:47,002 - INFO - Batch num: 60, Task 0 acc: 3.0293, Batch num: 60, Task 1 acc: 13.5472, Batch num: 60, Task 2 acc: 80.0916, Task avg acc:32.2227
2024-05-26 07:13:54,055 - INFO - Batch num: 70, Task 0 acc: 2.9576, Batch num: 70, Task 1 acc: 13.9545, Batch num: 70, Task 2 acc: 81.6541, Task avg acc:32.8554
2024-05-26 07:14:01,176 - INFO - Batch num: 80, Task 0 acc: 2.9257, Batch num: 80, Task 1 acc: 14.7357, Batch num: 80, Task 2 acc: 80.7830, Task avg acc:32.8148
2024-05-26 07:14:01,477 - INFO - Epoch 2
2024-05-26 07:14:08,092 - INFO - Batch num: 0, Task 0 acc: 3.6671, Batch num: 0, Task 1 acc: 14.5861, Batch num: 0, Task 2 acc: 80.4418, Task avg acc:32.8983
2024-05-26 07:14:15,161 - INFO - Batch num: 10, Task 0 acc: 2.7503, Batch num: 10, Task 1 acc: 14.1705, Batch num: 10, Task 2 acc: 80.2263, Task avg acc:32.3824
2024-05-26 07:14:22,222 - INFO - Batch num: 20, Task 0 acc: 4.1215, Batch num: 20, Task 1 acc: 13.4392, Batch num: 20, Task 2 acc: 81.3039, Task avg acc:32.9548
2024-05-26 07:14:29,422 - INFO - Batch num: 30, Task 0 acc: 3.4598, Batch num: 30, Task 1 acc: 14.3949, Batch num: 30, Task 2 acc: 81.4925, Task avg acc:33.1157
2024-05-26 07:14:36,458 - INFO - Batch num: 40, Task 0 acc: 2.2640, Batch num: 40, Task 1 acc: 13.4059, Batch num: 40, Task 2 acc: 81.5463, Task avg acc:32.4054
2024-05-26 07:14:43,541 - INFO - Batch num: 50, Task 0 acc: 2.9177, Batch num: 50, Task 1 acc: 14.0043, Batch num: 50, Task 2 acc: 81.8427, Task avg acc:32.9216
2024-05-26 07:14:50,580 - INFO - Batch num: 60, Task 0 acc: 2.3996, Batch num: 60, Task 1 acc: 13.6054, Batch num: 60, Task 2 acc: 81.0165, Task avg acc:32.3405
2024-05-26 07:14:57,640 - INFO - Batch num: 70, Task 0 acc: 2.6626, Batch num: 70, Task 1 acc: 12.6745, Batch num: 70, Task 2 acc: 82.6419, Task avg acc:32.6597
2024-05-26 07:15:04,690 - INFO - Batch num: 80, Task 0 acc: 2.7105, Batch num: 80, Task 1 acc: 13.6553, Batch num: 80, Task 2 acc: 81.9415, Task avg acc:32.7691
2024-05-26 07:15:04,983 - INFO - Epoch 3
2024-05-26 07:15:11,595 - INFO - Batch num: 0, Task 0 acc: 3.1808, Batch num: 0, Task 1 acc: 13.5555, Batch num: 0, Task 2 acc: 81.9953, Task avg acc:32.9106
2024-05-26 07:15:18,667 - INFO - Batch num: 10, Task 0 acc: 2.7503, Batch num: 10, Task 1 acc: 12.5166, Batch num: 10, Task 2 acc: 82.9382, Task avg acc:32.7351
2024-05-26 07:15:25,808 - INFO - Batch num: 20, Task 0 acc: 2.7742, Batch num: 20, Task 1 acc: 13.0402, Batch num: 20, Task 2 acc: 82.8125, Task avg acc:32.8757
2024-05-26 07:15:32,852 - INFO - Batch num: 30, Task 0 acc: 2.6547, Batch num: 30, Task 1 acc: 12.2839, Batch num: 30, Task 2 acc: 82.2288, Task avg acc:32.3891
2024-05-26 07:15:39,952 - INFO - Batch num: 40, Task 0 acc: 2.3119, Batch num: 40, Task 1 acc: 12.0678, Batch num: 40, Task 2 acc: 82.8305, Task avg acc:32.4034
2024-05-26 07:15:46,989 - INFO - Batch num: 50, Task 0 acc: 1.4668, Batch num: 50, Task 1 acc: 12.9987, Batch num: 50, Task 2 acc: 83.6027, Task avg acc:32.6894
2024-05-26 07:15:54,035 - INFO - Batch num: 60, Task 0 acc: 1.3393, Batch num: 60, Task 1 acc: 12.2673, Batch num: 60, Task 2 acc: 83.5848, Task avg acc:32.3971
2024-05-26 07:16:01,197 - INFO - Batch num: 70, Task 0 acc: 2.0966, Batch num: 70, Task 1 acc: 13.3145, Batch num: 70, Task 2 acc: 82.9741, Task avg acc:32.7951
2024-05-26 07:16:08,269 - INFO - Batch num: 80, Task 0 acc: 1.9850, Batch num: 80, Task 1 acc: 12.7743, Batch num: 80, Task 2 acc: 83.3513, Task avg acc:32.7035
2024-05-26 07:16:08,576 - INFO - ##########Task 3##########
2024-05-26 07:16:08,577 - INFO - Epoch 0
2024-05-26 07:16:17,425 - INFO - Batch num: 0, Task 0 acc: 1.1639, Batch num: 0, Task 1 acc: 15.0931, Batch num: 0, Task 2 acc: 82.4982, Batch num: 0, Task 3 acc: 0.5921, Task avg acc:24.8368
2024-05-26 07:16:26,707 - INFO - Batch num: 10, Task 0 acc: 1.2835, Batch num: 10, Task 1 acc: 14.7108, Batch num: 10, Task 2 acc: 78.9422, Batch num: 10, Task 3 acc: 3.9309, Task avg acc:24.7168
2024-05-26 07:16:36,127 - INFO - Batch num: 20, Task 0 acc: 2.8460, Batch num: 20, Task 1 acc: 11.5941, Batch num: 20, Task 2 acc: 71.3631, Batch num: 20, Task 3 acc: 30.1234, Task avg acc:28.9816
2024-05-26 07:16:45,505 - INFO - Batch num: 30, Task 0 acc: 1.8017, Batch num: 30, Task 1 acc: 8.6519, Batch num: 30, Task 2 acc: 63.7302, Batch num: 30, Task 3 acc: 59.8355, Task avg acc:33.5048
2024-05-26 07:16:54,812 - INFO - Batch num: 40, Task 0 acc: 2.6626, Batch num: 40, Task 1 acc: 9.1506, Batch num: 40, Task 2 acc: 58.0550, Batch num: 40, Task 3 acc: 73.7911, Task avg acc:35.9148
2024-05-26 07:17:04,105 - INFO - Batch num: 50, Task 0 acc: 2.1365, Batch num: 50, Task 1 acc: 5.4023, Batch num: 50, Task 2 acc: 56.7978, Batch num: 50, Task 3 acc: 78.6102, Task avg acc:35.7367
2024-05-26 07:17:13,413 - INFO - Batch num: 60, Task 0 acc: 1.4668, Batch num: 60, Task 1 acc: 8.1117, Batch num: 60, Task 2 acc: 54.6246, Batch num: 60, Task 3 acc: 80.3372, Task avg acc:36.1351
2024-05-26 07:17:22,716 - INFO - Batch num: 70, Task 0 acc: 0.7653, Batch num: 70, Task 1 acc: 6.9315, Batch num: 70, Task 2 acc: 54.5079, Batch num: 70, Task 3 acc: 86.5132, Task avg acc:37.1795
2024-05-26 07:17:31,991 - INFO - Batch num: 80, Task 0 acc: 1.2755, Batch num: 80, Task 1 acc: 6.4744, Batch num: 80, Task 2 acc: 53.9601, Batch num: 80, Task 3 acc: 89.8191, Task avg acc:37.8823
2024-05-26 07:17:41,312 - INFO - Batch num: 90, Task 0 acc: 1.3074, Batch num: 90, Task 1 acc: 6.2832, Batch num: 90, Task 2 acc: 54.7055, Batch num: 90, Task 3 acc: 89.1036, Task avg acc:37.8499
2024-05-26 07:17:41,513 - INFO - Epoch 1
2024-05-26 07:17:50,369 - INFO - Batch num: 0, Task 0 acc: 1.5784, Batch num: 0, Task 1 acc: 6.8235, Batch num: 0, Task 2 acc: 53.6818, Batch num: 0, Task 3 acc: 90.2220, Task avg acc:38.0764
2024-05-26 07:17:59,767 - INFO - Batch num: 10, Task 0 acc: 1.4031, Batch num: 10, Task 1 acc: 6.7320, Batch num: 10, Task 2 acc: 54.1128, Batch num: 10, Task 3 acc: 88.2237, Task avg acc:37.6179
2024-05-26 07:18:09,038 - INFO - Batch num: 20, Task 0 acc: 0.9646, Batch num: 20, Task 1 acc: 7.6047, Batch num: 20, Task 2 acc: 53.5650, Batch num: 20, Task 3 acc: 91.8010, Task avg acc:38.4838
2024-05-26 07:18:18,341 - INFO - Batch num: 30, Task 0 acc: 0.8052, Batch num: 30, Task 1 acc: 8.6519, Batch num: 30, Task 2 acc: 52.6311, Batch num: 30, Task 3 acc: 91.7599, Task avg acc:38.4620
2024-05-26 07:18:27,608 - INFO - Batch num: 40, Task 0 acc: 1.5705, Batch num: 40, Task 1 acc: 7.3138, Batch num: 40, Task 2 acc: 53.6189, Batch num: 40, Task 3 acc: 87.6480, Task avg acc:37.5378
2024-05-26 07:18:36,878 - INFO - Batch num: 50, Task 0 acc: 1.3074, Batch num: 50, Task 1 acc: 6.1503, Batch num: 50, Task 2 acc: 53.1430, Batch num: 50, Task 3 acc: 89.2188, Task avg acc:37.4548
2024-05-26 07:18:46,184 - INFO - Batch num: 60, Task 0 acc: 0.9885, Batch num: 60, Task 1 acc: 10.4638, Batch num: 60, Task 2 acc: 52.0564, Batch num: 60, Task 3 acc: 88.8487, Task avg acc:38.0893
2024-05-26 07:18:55,452 - INFO - Batch num: 70, Task 0 acc: 1.4270, Batch num: 70, Task 1 acc: 7.2058, Batch num: 70, Task 2 acc: 52.0564, Batch num: 70, Task 3 acc: 88.2484, Task avg acc:37.2344
2024-05-26 07:19:04,714 - INFO - Batch num: 80, Task 0 acc: 2.0328, Batch num: 80, Task 1 acc: 8.1117, Batch num: 80, Task 2 acc: 51.3200, Batch num: 80, Task 3 acc: 90.2878, Task avg acc:37.9381
2024-05-26 07:19:13,971 - INFO - Batch num: 90, Task 0 acc: 0.6936, Batch num: 90, Task 1 acc: 9.3418, Batch num: 90, Task 2 acc: 52.0744, Batch num: 90, Task 3 acc: 88.5526, Task avg acc:37.6656
2024-05-26 07:19:14,172 - INFO - Epoch 2
2024-05-26 07:19:23,051 - INFO - Batch num: 0, Task 0 acc: 0.9726, Batch num: 0, Task 1 acc: 9.5329, Batch num: 0, Task 2 acc: 51.9486, Batch num: 0, Task 3 acc: 89.1118, Task avg acc:37.8915
2024-05-26 07:19:32,314 - INFO - Batch num: 10, Task 0 acc: 0.9247, Batch num: 10, Task 1 acc: 11.0539, Batch num: 10, Task 2 acc: 49.6139, Batch num: 10, Task 3 acc: 91.8586, Task avg acc:38.3628
2024-05-26 07:19:41,598 - INFO - Batch num: 20, Task 0 acc: 1.6980, Batch num: 20, Task 1 acc: 9.7241, Batch num: 20, Task 2 acc: 51.4098, Batch num: 20, Task 3 acc: 89.8191, Task avg acc:38.1628
2024-05-26 07:19:50,919 - INFO - Batch num: 30, Task 0 acc: 0.8929, Batch num: 30, Task 1 acc: 11.2616, Batch num: 30, Task 2 acc: 51.4098, Batch num: 30, Task 3 acc: 89.1776, Task avg acc:38.1855
2024-05-26 07:20:00,174 - INFO - Batch num: 40, Task 0 acc: 0.9247, Batch num: 40, Task 1 acc: 10.2726, Batch num: 40, Task 2 acc: 47.7281, Batch num: 40, Task 3 acc: 93.3964, Task avg acc:38.0805
2024-05-26 07:20:09,501 - INFO - Batch num: 50, Task 0 acc: 0.6856, Batch num: 50, Task 1 acc: 13.5888, Batch num: 50, Task 2 acc: 48.5542, Batch num: 50, Task 3 acc: 92.4671, Task avg acc:38.8239
2024-05-26 07:20:18,735 - INFO - Batch num: 60, Task 0 acc: 0.7095, Batch num: 60, Task 1 acc: 12.9239, Batch num: 60, Task 2 acc: 48.7608, Batch num: 60, Task 3 acc: 92.8289, Task avg acc:38.8058
2024-05-26 07:20:27,991 - INFO - Batch num: 70, Task 0 acc: 0.5501, Batch num: 70, Task 1 acc: 11.5027, Batch num: 70, Task 2 acc: 47.1354, Batch num: 70, Task 3 acc: 92.9030, Task avg acc:38.0228
2024-05-26 07:20:37,221 - INFO - Batch num: 80, Task 0 acc: 1.6582, Batch num: 80, Task 1 acc: 9.8238, Batch num: 80, Task 2 acc: 47.8448, Batch num: 80, Task 3 acc: 93.6924, Task avg acc:38.2548
2024-05-26 07:20:46,506 - INFO - Batch num: 90, Task 0 acc: 0.8371, Batch num: 90, Task 1 acc: 11.0289, Batch num: 90, Task 2 acc: 49.5690, Batch num: 90, Task 3 acc: 91.8914, Task avg acc:38.3316
2024-05-26 07:20:46,707 - INFO - Epoch 3
2024-05-26 07:20:55,501 - INFO - Batch num: 0, Task 0 acc: 0.7254, Batch num: 0, Task 1 acc: 12.4668, Batch num: 0, Task 2 acc: 48.4555, Batch num: 0, Task 3 acc: 92.4178, Task avg acc:38.5164
2024-05-26 07:21:04,760 - INFO - Batch num: 10, Task 0 acc: 1.2357, Batch num: 10, Task 1 acc: 9.4415, Batch num: 10, Task 2 acc: 46.0578, Batch num: 10, Task 3 acc: 93.9885, Task avg acc:37.6809
2024-05-26 07:21:13,999 - INFO - Batch num: 20, Task 0 acc: 1.2516, Batch num: 20, Task 1 acc: 10.7630, Batch num: 20, Task 2 acc: 46.6505, Batch num: 20, Task 3 acc: 93.9556, Task avg acc:38.1552
2024-05-26 07:21:23,215 - INFO - Batch num: 30, Task 0 acc: 1.2755, Batch num: 30, Task 1 acc: 9.8321, Batch num: 30, Task 2 acc: 47.3330, Batch num: 30, Task 3 acc: 93.2319, Task avg acc:37.9181
2024-05-26 07:21:32,453 - INFO - Batch num: 40, Task 0 acc: 1.7777, Batch num: 40, Task 1 acc: 9.8570, Batch num: 40, Task 2 acc: 42.1516, Batch num: 40, Task 3 acc: 94.7780, Task avg acc:37.1411
2024-05-26 07:21:41,710 - INFO - Batch num: 50, Task 0 acc: 1.4110, Batch num: 50, Task 1 acc: 8.3610, Batch num: 50, Task 2 acc: 46.4619, Batch num: 50, Task 3 acc: 94.4901, Task avg acc:37.6810
2024-05-26 07:21:51,059 - INFO - Batch num: 60, Task 0 acc: 1.2675, Batch num: 60, Task 1 acc: 11.0954, Batch num: 60, Task 2 acc: 48.8147, Batch num: 60, Task 3 acc: 92.8783, Task avg acc:38.5140
2024-05-26 07:22:00,314 - INFO - Batch num: 70, Task 0 acc: 1.0762, Batch num: 70, Task 1 acc: 8.6436, Batch num: 70, Task 2 acc: 47.4138, Batch num: 70, Task 3 acc: 93.7993, Task avg acc:37.7332
2024-05-26 07:22:09,561 - INFO - Batch num: 80, Task 0 acc: 2.0886, Batch num: 80, Task 1 acc: 7.2723, Batch num: 80, Task 2 acc: 45.2407, Batch num: 80, Task 3 acc: 95.4112, Task avg acc:37.5032
2024-05-26 07:22:18,858 - INFO - Batch num: 90, Task 0 acc: 1.7618, Batch num: 90, Task 1 acc: 8.7434, Batch num: 90, Task 2 acc: 49.2367, Batch num: 90, Task 3 acc: 94.5806, Task avg acc:38.5806
2024-05-26 07:22:19,067 - INFO - ##########Task 4##########
2024-05-26 07:22:19,068 - INFO - Epoch 0
2024-05-26 07:22:30,043 - INFO - Batch num: 0, Task 0 acc: 1.7459, Batch num: 0, Task 1 acc: 7.0146, Batch num: 0, Task 2 acc: 50.4310, Batch num: 0, Task 3 acc: 93.7253, Batch num: 0, Task 4 acc: 2.2673, Task avg acc:31.0368
2024-05-26 07:22:41,454 - INFO - Batch num: 10, Task 0 acc: 1.3313, Batch num: 10, Task 1 acc: 12.7410, Batch num: 10, Task 2 acc: 45.5011, Batch num: 10, Task 3 acc: 94.8438, Batch num: 10, Task 4 acc: 2.2588, Task avg acc:31.3352
2024-05-26 07:22:52,851 - INFO - Batch num: 20, Task 0 acc: 0.8371, Batch num: 20, Task 1 acc: 14.4531, Batch num: 20, Task 2 acc: 5.8549, Batch num: 20, Task 3 acc: 86.9326, Batch num: 20, Task 4 acc: 39.1559, Task avg acc:29.4467
2024-05-26 07:23:04,240 - INFO - Batch num: 30, Task 0 acc: 0.5261, Batch num: 30, Task 1 acc: 11.7520, Batch num: 30, Task 2 acc: 1.4907, Batch num: 30, Task 3 acc: 61.2911, Batch num: 30, Task 4 acc: 58.2371, Task avg acc:26.6594
2024-05-26 07:23:15,629 - INFO - Batch num: 40, Task 0 acc: 0.2790, Batch num: 40, Task 1 acc: 9.1174, Batch num: 40, Task 2 acc: 0.4041, Batch num: 40, Task 3 acc: 49.0132, Batch num: 40, Task 4 acc: 65.4552, Task avg acc:24.8538
2024-05-26 07:23:27,026 - INFO - Batch num: 50, Task 0 acc: 0.6457, Batch num: 50, Task 1 acc: 9.4166, Batch num: 50, Task 2 acc: 0.1347, Batch num: 50, Task 3 acc: 44.5641, Batch num: 50, Task 4 acc: 66.9158, Task avg acc:24.3354
2024-05-26 07:23:38,378 - INFO - Batch num: 60, Task 0 acc: 0.7095, Batch num: 60, Task 1 acc: 9.4166, Batch num: 60, Task 2 acc: 0.1078, Batch num: 60, Task 3 acc: 40.6908, Batch num: 60, Task 4 acc: 67.8074, Task avg acc:23.7464
2024-05-26 07:23:49,780 - INFO - Batch num: 70, Task 0 acc: 1.8096, Batch num: 70, Task 1 acc: 7.6546, Batch num: 70, Task 2 acc: 0.0898, Batch num: 70, Task 3 acc: 41.8668, Batch num: 70, Task 4 acc: 67.1535, Task avg acc:23.7149
2024-05-26 07:24:01,169 - INFO - Batch num: 80, Task 0 acc: 1.5466, Batch num: 80, Task 1 acc: 8.1948, Batch num: 80, Task 2 acc: 0.0898, Batch num: 80, Task 3 acc: 41.2336, Batch num: 80, Task 4 acc: 67.2809, Task avg acc:23.6691
2024-05-26 07:24:12,689 - INFO - Batch num: 90, Task 0 acc: 2.7982, Batch num: 90, Task 1 acc: 6.9398, Batch num: 90, Task 2 acc: 0.0898, Batch num: 90, Task 3 acc: 37.3849, Batch num: 90, Task 4 acc: 68.9708, Task avg acc:23.2367
2024-05-26 07:24:12,740 - INFO - Epoch 1
2024-05-26 07:24:23,705 - INFO - Batch num: 0, Task 0 acc: 3.4040, Batch num: 0, Task 1 acc: 6.6406, Batch num: 0, Task 2 acc: 0.0898, Batch num: 0, Task 3 acc: 38.5115, Batch num: 0, Task 4 acc: 68.8349, Task avg acc:23.4962
2024-05-26 07:24:35,116 - INFO - Batch num: 10, Task 0 acc: 2.1205, Batch num: 10, Task 1 acc: 7.6878, Batch num: 10, Task 2 acc: 0.0808, Batch num: 10, Task 3 acc: 39.9589, Batch num: 10, Task 4 acc: 68.2490, Task avg acc:23.6194
2024-05-26 07:24:46,551 - INFO - Batch num: 20, Task 0 acc: 1.7618, Batch num: 20, Task 1 acc: 7.3055, Batch num: 20, Task 2 acc: 0.0269, Batch num: 20, Task 3 acc: 40.3536, Batch num: 20, Task 4 acc: 67.1705, Task avg acc:23.3237
2024-05-26 07:24:57,923 - INFO - Batch num: 30, Task 0 acc: 3.5635, Batch num: 30, Task 1 acc: 6.3830, Batch num: 30, Task 2 acc: 0.0269, Batch num: 30, Task 3 acc: 37.8043, Batch num: 30, Task 4 acc: 67.5442, Task avg acc:23.0644
2024-05-26 07:25:09,279 - INFO - Batch num: 40, Task 0 acc: 2.0568, Batch num: 40, Task 1 acc: 7.0562, Batch num: 40, Task 2 acc: 0.1078, Batch num: 40, Task 3 acc: 39.1447, Batch num: 40, Task 4 acc: 68.2065, Task avg acc:23.3144
2024-05-26 07:25:20,657 - INFO - Batch num: 50, Task 0 acc: 4.2490, Batch num: 50, Task 1 acc: 5.5851, Batch num: 50, Task 2 acc: 0.0449, Batch num: 50, Task 3 acc: 40.4934, Batch num: 50, Task 4 acc: 68.8774, Task avg acc:23.8500
2024-05-26 07:25:32,049 - INFO - Batch num: 60, Task 0 acc: 3.2685, Batch num: 60, Task 1 acc: 5.3690, Batch num: 60, Task 2 acc: 0.1167, Batch num: 60, Task 3 acc: 36.7188, Batch num: 60, Task 4 acc: 69.1661, Task avg acc:22.9278
2024-05-26 07:25:43,474 - INFO - Batch num: 70, Task 0 acc: 1.4668, Batch num: 70, Task 1 acc: 8.1283, Batch num: 70, Task 2 acc: 0.1437, Batch num: 70, Task 3 acc: 38.0921, Batch num: 70, Task 4 acc: 68.6481, Task avg acc:23.2958
2024-05-26 07:25:54,833 - INFO - Batch num: 80, Task 0 acc: 2.7264, Batch num: 80, Task 1 acc: 8.3943, Batch num: 80, Task 2 acc: 0.0808, Batch num: 80, Task 3 acc: 36.9408, Batch num: 80, Task 4 acc: 67.3573, Task avg acc:23.0999
2024-05-26 07:26:06,208 - INFO - Batch num: 90, Task 0 acc: 3.0772, Batch num: 90, Task 1 acc: 8.8098, Batch num: 90, Task 2 acc: 0.0718, Batch num: 90, Task 3 acc: 36.8257, Batch num: 90, Task 4 acc: 67.7734, Task avg acc:23.3116
2024-05-26 07:26:06,261 - INFO - Epoch 2
2024-05-26 07:26:17,321 - INFO - Batch num: 0, Task 0 acc: 2.4633, Batch num: 0, Task 1 acc: 9.3501, Batch num: 0, Task 2 acc: 0.0359, Batch num: 0, Task 3 acc: 36.6036, Batch num: 0, Task 4 acc: 68.3254, Task avg acc:23.3557
2024-05-26 07:26:28,689 - INFO - Batch num: 10, Task 0 acc: 2.3996, Batch num: 10, Task 1 acc: 9.8487, Batch num: 10, Task 2 acc: 0.0629, Batch num: 10, Task 3 acc: 37.8701, Batch num: 10, Task 4 acc: 68.9453, Task avg acc:23.8253
2024-05-26 07:26:40,074 - INFO - Batch num: 20, Task 0 acc: 2.4394, Batch num: 20, Task 1 acc: 11.8767, Batch num: 20, Task 2 acc: 0.0269, Batch num: 20, Task 3 acc: 34.5477, Batch num: 20, Task 4 acc: 67.0601, Task avg acc:23.1902
2024-05-26 07:26:51,485 - INFO - Batch num: 30, Task 0 acc: 3.2047, Batch num: 30, Task 1 acc: 11.5525, Batch num: 30, Task 2 acc: 0.0180, Batch num: 30, Task 3 acc: 34.7368, Batch num: 30, Task 4 acc: 66.7204, Task avg acc:23.2465
2024-05-26 07:27:02,858 - INFO - Batch num: 40, Task 0 acc: 4.2809, Batch num: 40, Task 1 acc: 9.6576, Batch num: 40, Task 2 acc: 0.0090, Batch num: 40, Task 3 acc: 36.9819, Batch num: 40, Task 4 acc: 67.8074, Task avg acc:23.7474
2024-05-26 07:27:14,259 - INFO - Batch num: 50, Task 0 acc: 4.4404, Batch num: 50, Task 1 acc: 11.0206, Batch num: 50, Task 2 acc: 0.0090, Batch num: 50, Task 3 acc: 34.8766, Batch num: 50, Task 4 acc: 68.3084, Task avg acc:23.7310
2024-05-26 07:27:25,618 - INFO - Batch num: 60, Task 0 acc: 5.0064, Batch num: 60, Task 1 acc: 10.0150, Batch num: 60, Task 2 acc: 0.0090, Batch num: 60, Task 3 acc: 34.6957, Batch num: 60, Task 4 acc: 68.6651, Task avg acc:23.6782
2024-05-26 07:27:36,974 - INFO - Batch num: 70, Task 0 acc: 3.8823, Batch num: 70, Task 1 acc: 10.9707, Batch num: 70, Task 2 acc: 0.0180, Batch num: 70, Task 3 acc: 35.9457, Batch num: 70, Task 4 acc: 69.0557, Task avg acc:23.9745
2024-05-26 07:27:48,505 - INFO - Batch num: 80, Task 0 acc: 4.0976, Batch num: 80, Task 1 acc: 12.4584, Batch num: 80, Task 2 acc: 0.0000, Batch num: 80, Task 3 acc: 33.9720, Batch num: 80, Task 4 acc: 67.7989, Task avg acc:23.6654
2024-05-26 07:27:59,881 - INFO - Batch num: 90, Task 0 acc: 2.6706, Batch num: 90, Task 1 acc: 14.1955, Batch num: 90, Task 2 acc: 0.0180, Batch num: 90, Task 3 acc: 33.4704, Batch num: 90, Task 4 acc: 66.7544, Task avg acc:23.4218
2024-05-26 07:27:59,934 - INFO - Epoch 3
2024-05-26 07:28:10,870 - INFO - Batch num: 0, Task 0 acc: 3.6193, Batch num: 0, Task 1 acc: 13.1067, Batch num: 0, Task 2 acc: 0.0090, Batch num: 0, Task 3 acc: 32.2286, Batch num: 0, Task 4 acc: 66.8563, Task avg acc:23.1640
2024-05-26 07:28:22,314 - INFO - Batch num: 10, Task 0 acc: 3.0054, Batch num: 10, Task 1 acc: 14.4282, Batch num: 10, Task 2 acc: 0.0090, Batch num: 10, Task 3 acc: 30.9539, Batch num: 10, Task 4 acc: 67.6800, Task avg acc:23.2153
2024-05-26 07:28:33,695 - INFO - Batch num: 20, Task 0 acc: 3.6591, Batch num: 20, Task 1 acc: 13.5805, Batch num: 20, Task 2 acc: 0.0090, Batch num: 20, Task 3 acc: 31.1595, Batch num: 20, Task 4 acc: 67.4592, Task avg acc:23.1735
2024-05-26 07:28:45,211 - INFO - Batch num: 30, Task 0 acc: 4.2411, Batch num: 30, Task 1 acc: 14.1041, Batch num: 30, Task 2 acc: 0.0090, Batch num: 30, Task 3 acc: 30.1398, Batch num: 30, Task 4 acc: 66.7374, Task avg acc:23.0463
2024-05-26 07:28:56,578 - INFO - Batch num: 40, Task 0 acc: 1.9452, Batch num: 40, Task 1 acc: 15.9076, Batch num: 40, Task 2 acc: 0.0000, Batch num: 40, Task 3 acc: 27.6727, Batch num: 40, Task 4 acc: 66.9837, Task avg acc:22.5018
2024-05-26 07:29:07,959 - INFO - Batch num: 50, Task 0 acc: 2.8061, Batch num: 50, Task 1 acc: 14.4365, Batch num: 50, Task 2 acc: 0.0000, Batch num: 50, Task 3 acc: 27.2368, Batch num: 50, Task 4 acc: 66.9582, Task avg acc:22.2875
2024-05-26 07:29:19,418 - INFO - Batch num: 60, Task 0 acc: 2.6547, Batch num: 60, Task 1 acc: 16.4395, Batch num: 60, Task 2 acc: 0.0000, Batch num: 60, Task 3 acc: 29.4655, Batch num: 60, Task 4 acc: 65.5061, Task avg acc:22.8131
2024-05-26 07:29:30,804 - INFO - Batch num: 70, Task 0 acc: 3.5236, Batch num: 70, Task 1 acc: 14.8853, Batch num: 70, Task 2 acc: 0.0090, Batch num: 70, Task 3 acc: 26.7928, Batch num: 70, Task 4 acc: 66.5506, Task avg acc:22.3523
2024-05-26 07:29:42,171 - INFO - Batch num: 80, Task 0 acc: 3.5714, Batch num: 80, Task 1 acc: 14.6858, Batch num: 80, Task 2 acc: 0.0000, Batch num: 80, Task 3 acc: 24.8191, Batch num: 80, Task 4 acc: 67.5272, Task avg acc:22.1207
2024-05-26 07:29:53,552 - INFO - Batch num: 90, Task 0 acc: 3.0533, Batch num: 90, Task 1 acc: 15.3757, Batch num: 90, Task 2 acc: 0.0000, Batch num: 90, Task 3 acc: 28.0921, Batch num: 90, Task 4 acc: 66.7969, Task avg acc:22.6636
