2024-05-26 21:21:24,253 - INFO - ##########Task 0##########
2024-05-26 21:21:24,253 - INFO - Epoch 0
2024-05-26 21:21:26,764 - INFO - Batch num: 0, Task 0 acc: 62.1333, Task avg acc:62.1333
2024-05-26 21:21:29,293 - INFO - Batch num: 10, Task 0 acc: 97.4729, Task avg acc:97.4729
2024-05-26 21:21:31,812 - INFO - Batch num: 20, Task 0 acc: 99.5615, Task avg acc:99.5615
2024-05-26 21:21:34,454 - INFO - Batch num: 30, Task 0 acc: 99.7848, Task avg acc:99.7848
2024-05-26 21:21:37,023 - INFO - Batch num: 40, Task 0 acc: 99.8485, Task avg acc:99.8485
2024-05-26 21:21:39,540 - INFO - Batch num: 50, Task 0 acc: 99.8406, Task avg acc:99.8406
2024-05-26 21:21:42,115 - INFO - Batch num: 60, Task 0 acc: 99.8645, Task avg acc:99.8645
2024-05-26 21:21:44,758 - INFO - Batch num: 70, Task 0 acc: 99.8724, Task avg acc:99.8724
2024-05-26 21:21:47,296 - INFO - Batch num: 80, Task 0 acc: 99.8804, Task avg acc:99.8804
2024-05-26 21:21:49,816 - INFO - Batch num: 90, Task 0 acc: 99.9203, Task avg acc:99.9203
2024-05-26 21:21:49,998 - INFO - Epoch 1
2024-05-26 21:21:52,476 - INFO - Batch num: 0, Task 0 acc: 99.9203, Task avg acc:99.9203
2024-05-26 21:21:55,018 - INFO - Batch num: 10, Task 0 acc: 99.9203, Task avg acc:99.9203
2024-05-26 21:21:57,554 - INFO - Batch num: 20, Task 0 acc: 99.9203, Task avg acc:99.9203
2024-05-26 21:22:00,093 - INFO - Batch num: 30, Task 0 acc: 99.9283, Task avg acc:99.9283
2024-05-26 21:22:02,753 - INFO - Batch num: 40, Task 0 acc: 99.9283, Task avg acc:99.9283
2024-05-26 21:22:05,283 - INFO - Batch num: 50, Task 0 acc: 99.9283, Task avg acc:99.9283
2024-05-26 21:22:07,857 - INFO - Batch num: 60, Task 0 acc: 99.9442, Task avg acc:99.9442
2024-05-26 21:22:10,498 - INFO - Batch num: 70, Task 0 acc: 99.9601, Task avg acc:99.9601
2024-05-26 21:22:13,032 - INFO - Batch num: 80, Task 0 acc: 99.9601, Task avg acc:99.9601
2024-05-26 21:22:15,559 - INFO - Batch num: 90, Task 0 acc: 99.9601, Task avg acc:99.9601
2024-05-26 21:22:15,736 - INFO - Epoch 2
2024-05-26 21:22:18,172 - INFO - Batch num: 0, Task 0 acc: 99.9601, Task avg acc:99.9601
2024-05-26 21:22:20,705 - INFO - Batch num: 10, Task 0 acc: 99.9601, Task avg acc:99.9601
2024-05-26 21:22:23,278 - INFO - Batch num: 20, Task 0 acc: 99.9442, Task avg acc:99.9442
2024-05-26 21:22:25,918 - INFO - Batch num: 30, Task 0 acc: 99.9442, Task avg acc:99.9442
2024-05-26 21:22:28,445 - INFO - Batch num: 40, Task 0 acc: 99.9362, Task avg acc:99.9362
2024-05-26 21:22:30,969 - INFO - Batch num: 50, Task 0 acc: 99.9362, Task avg acc:99.9362
2024-05-26 21:22:33,626 - INFO - Batch num: 60, Task 0 acc: 99.9362, Task avg acc:99.9362
2024-05-26 21:22:36,156 - INFO - Batch num: 70, Task 0 acc: 99.9681, Task avg acc:99.9681
2024-05-26 21:22:38,723 - INFO - Batch num: 80, Task 0 acc: 99.9681, Task avg acc:99.9681
2024-05-26 21:22:41,386 - INFO - Batch num: 90, Task 0 acc: 99.9681, Task avg acc:99.9681
2024-05-26 21:22:41,567 - INFO - Epoch 3
2024-05-26 21:22:43,875 - INFO - Batch num: 0, Task 0 acc: 99.9681, Task avg acc:99.9681
2024-05-26 21:22:46,397 - INFO - Batch num: 10, Task 0 acc: 99.9601, Task avg acc:99.9601
2024-05-26 21:22:48,940 - INFO - Batch num: 20, Task 0 acc: 99.9601, Task avg acc:99.9601
2024-05-26 21:22:51,597 - INFO - Batch num: 30, Task 0 acc: 99.9601, Task avg acc:99.9601
2024-05-26 21:22:54,168 - INFO - Batch num: 40, Task 0 acc: 99.9522, Task avg acc:99.9522
2024-05-26 21:22:56,700 - INFO - Batch num: 50, Task 0 acc: 99.9522, Task avg acc:99.9522
2024-05-26 21:22:59,226 - INFO - Batch num: 60, Task 0 acc: 99.9522, Task avg acc:99.9522
2024-05-26 21:23:01,898 - INFO - Batch num: 70, Task 0 acc: 99.9681, Task avg acc:99.9681
2024-05-26 21:23:04,431 - INFO - Batch num: 80, Task 0 acc: 99.9681, Task avg acc:99.9681
2024-05-26 21:23:06,954 - INFO - Batch num: 90, Task 0 acc: 99.9681, Task avg acc:99.9681
2024-05-26 21:23:07,142 - INFO - ##########Task 1##########
2024-05-26 21:23:07,142 - INFO - Epoch 0
2024-05-26 21:23:11,659 - INFO - Batch num: 0, Task 0 acc: 99.9681, Batch num: 0, Task 1 acc: 0.0000, Task avg acc:49.9841
2024-05-26 21:23:16,506 - INFO - Batch num: 10, Task 0 acc: 99.9442, Batch num: 10, Task 1 acc: 0.0000, Task avg acc:49.9721
2024-05-26 21:23:21,243 - INFO - Batch num: 20, Task 0 acc: 99.9283, Batch num: 20, Task 1 acc: 0.0000, Task avg acc:49.9641
2024-05-26 21:23:25,961 - INFO - Batch num: 30, Task 0 acc: 99.9203, Batch num: 30, Task 1 acc: 0.0000, Task avg acc:49.9601
2024-05-26 21:23:30,785 - INFO - Batch num: 40, Task 0 acc: 99.9203, Batch num: 40, Task 1 acc: 0.0000, Task avg acc:49.9601
2024-05-26 21:23:35,492 - INFO - Batch num: 50, Task 0 acc: 99.9283, Batch num: 50, Task 1 acc: 0.0000, Task avg acc:49.9641
2024-05-26 21:23:40,231 - INFO - Batch num: 60, Task 0 acc: 99.9123, Batch num: 60, Task 1 acc: 0.0000, Task avg acc:49.9562
2024-05-26 21:23:45,002 - INFO - Batch num: 70, Task 0 acc: 99.9123, Batch num: 70, Task 1 acc: 0.0748, Task avg acc:49.9936
2024-05-26 21:23:49,845 - INFO - Batch num: 80, Task 0 acc: 99.9123, Batch num: 80, Task 1 acc: 1.0472, Task avg acc:50.4798
2024-05-26 21:23:54,557 - INFO - Batch num: 90, Task 0 acc: 99.9203, Batch num: 90, Task 1 acc: 1.8700, Task avg acc:50.8951
2024-05-26 21:23:54,637 - INFO - Epoch 1
2024-05-26 21:23:59,234 - INFO - Batch num: 0, Task 0 acc: 99.9203, Batch num: 0, Task 1 acc: 1.7287, Task avg acc:50.8245
2024-05-26 21:24:03,957 - INFO - Batch num: 10, Task 0 acc: 99.9203, Batch num: 10, Task 1 acc: 1.2799, Task avg acc:50.6001
2024-05-26 21:24:08,714 - INFO - Batch num: 20, Task 0 acc: 99.9283, Batch num: 20, Task 1 acc: 0.8727, Task avg acc:50.4005
2024-05-26 21:24:13,536 - INFO - Batch num: 30, Task 0 acc: 99.9283, Batch num: 30, Task 1 acc: 1.0306, Task avg acc:50.4794
2024-05-26 21:24:18,262 - INFO - Batch num: 40, Task 0 acc: 99.9362, Batch num: 40, Task 1 acc: 1.8534, Task avg acc:50.8948
2024-05-26 21:24:22,975 - INFO - Batch num: 50, Task 0 acc: 99.9362, Batch num: 50, Task 1 acc: 1.7703, Task avg acc:50.8533
2024-05-26 21:24:27,809 - INFO - Batch num: 60, Task 0 acc: 99.9283, Batch num: 60, Task 1 acc: 1.4794, Task avg acc:50.7038
2024-05-26 21:24:32,533 - INFO - Batch num: 70, Task 0 acc: 99.9203, Batch num: 70, Task 1 acc: 1.5293, Task avg acc:50.7248
2024-05-26 21:24:37,409 - INFO - Batch num: 80, Task 0 acc: 99.9283, Batch num: 80, Task 1 acc: 2.1443, Task avg acc:51.0363
2024-05-26 21:24:42,142 - INFO - Batch num: 90, Task 0 acc: 99.9283, Batch num: 90, Task 1 acc: 2.3354, Task avg acc:51.1318
2024-05-26 21:24:42,220 - INFO - Epoch 2
2024-05-26 21:24:46,815 - INFO - Batch num: 0, Task 0 acc: 99.9203, Batch num: 0, Task 1 acc: 2.3770, Task avg acc:51.1486
2024-05-26 21:24:51,562 - INFO - Batch num: 10, Task 0 acc: 99.9203, Batch num: 10, Task 1 acc: 1.7537, Task avg acc:50.8370
2024-05-26 21:24:56,271 - INFO - Batch num: 20, Task 0 acc: 99.9203, Batch num: 20, Task 1 acc: 1.7121, Task avg acc:50.8162
2024-05-26 21:25:01,089 - INFO - Batch num: 30, Task 0 acc: 99.9203, Batch num: 30, Task 1 acc: 2.1110, Task avg acc:51.0157
2024-05-26 21:25:05,877 - INFO - Batch num: 40, Task 0 acc: 99.9362, Batch num: 40, Task 1 acc: 2.4102, Task avg acc:51.1732
2024-05-26 21:25:10,609 - INFO - Batch num: 50, Task 0 acc: 99.9362, Batch num: 50, Task 1 acc: 2.5931, Task avg acc:51.2647
2024-05-26 21:25:15,478 - INFO - Batch num: 60, Task 0 acc: 99.9203, Batch num: 60, Task 1 acc: 3.1915, Task avg acc:51.5559
2024-05-26 21:25:20,203 - INFO - Batch num: 70, Task 0 acc: 99.9203, Batch num: 70, Task 1 acc: 3.9811, Task avg acc:51.9507
2024-05-26 21:25:24,914 - INFO - Batch num: 80, Task 0 acc: 99.9043, Batch num: 80, Task 1 acc: 2.5183, Task avg acc:51.2113
2024-05-26 21:25:29,754 - INFO - Batch num: 90, Task 0 acc: 99.9043, Batch num: 90, Task 1 acc: 1.6539, Task avg acc:50.7791
2024-05-26 21:25:29,833 - INFO - Epoch 3
2024-05-26 21:25:34,349 - INFO - Batch num: 0, Task 0 acc: 99.9043, Batch num: 0, Task 1 acc: 1.6955, Task avg acc:50.7999
2024-05-26 21:25:39,186 - INFO - Batch num: 10, Task 0 acc: 99.9203, Batch num: 10, Task 1 acc: 1.9697, Task avg acc:50.9450
2024-05-26 21:25:43,909 - INFO - Batch num: 20, Task 0 acc: 99.9203, Batch num: 20, Task 1 acc: 2.6097, Task avg acc:51.2650
2024-05-26 21:25:48,624 - INFO - Batch num: 30, Task 0 acc: 99.9283, Batch num: 30, Task 1 acc: 2.7759, Task avg acc:51.3521
2024-05-26 21:25:53,440 - INFO - Batch num: 40, Task 0 acc: 99.9283, Batch num: 40, Task 1 acc: 2.9754, Task avg acc:51.4518
2024-05-26 21:25:58,165 - INFO - Batch num: 50, Task 0 acc: 99.9362, Batch num: 50, Task 1 acc: 2.6928, Task avg acc:51.3145
2024-05-26 21:26:02,907 - INFO - Batch num: 60, Task 0 acc: 99.9203, Batch num: 60, Task 1 acc: 2.4850, Task avg acc:51.2027
2024-05-26 21:26:07,736 - INFO - Batch num: 70, Task 0 acc: 99.9043, Batch num: 70, Task 1 acc: 2.3022, Task avg acc:51.1033
2024-05-26 21:26:12,461 - INFO - Batch num: 80, Task 0 acc: 99.9043, Batch num: 80, Task 1 acc: 2.2606, Task avg acc:51.0825
2024-05-26 21:26:17,174 - INFO - Batch num: 90, Task 0 acc: 99.9203, Batch num: 90, Task 1 acc: 2.6430, Task avg acc:51.2816
2024-05-26 21:26:17,262 - INFO - ##########Task 2##########
2024-05-26 21:26:17,263 - INFO - Epoch 0
2024-05-26 21:26:23,897 - INFO - Batch num: 0, Task 0 acc: 99.9123, Batch num: 0, Task 1 acc: 2.7344, Batch num: 0, Task 2 acc: 0.0000, Task avg acc:34.2156
2024-05-26 21:26:30,630 - INFO - Batch num: 10, Task 0 acc: 99.8884, Batch num: 10, Task 1 acc: 1.5708, Batch num: 10, Task 2 acc: 0.0000, Task avg acc:33.8197
2024-05-26 21:26:37,536 - INFO - Batch num: 20, Task 0 acc: 99.8326, Batch num: 20, Task 1 acc: 1.7869, Batch num: 20, Task 2 acc: 0.0000, Task avg acc:33.8732
2024-05-26 21:26:44,338 - INFO - Batch num: 30, Task 0 acc: 99.8087, Batch num: 30, Task 1 acc: 1.2217, Batch num: 30, Task 2 acc: 0.0000, Task avg acc:33.6768
2024-05-26 21:26:51,104 - INFO - Batch num: 40, Task 0 acc: 99.8007, Batch num: 40, Task 1 acc: 0.6316, Batch num: 40, Task 2 acc: 0.0000, Task avg acc:33.4775
2024-05-26 21:26:57,968 - INFO - Batch num: 50, Task 0 acc: 99.7927, Batch num: 50, Task 1 acc: 0.7397, Batch num: 50, Task 2 acc: 0.2155, Task avg acc:33.5826
2024-05-26 21:27:04,714 - INFO - Batch num: 60, Task 0 acc: 99.8246, Batch num: 60, Task 1 acc: 1.4877, Batch num: 60, Task 2 acc: 2.2989, Task avg acc:34.5371
2024-05-26 21:27:11,441 - INFO - Batch num: 70, Task 0 acc: 99.7290, Batch num: 70, Task 1 acc: 0.2493, Batch num: 70, Task 2 acc: 5.7920, Task avg acc:35.2568
2024-05-26 21:27:18,351 - INFO - Batch num: 80, Task 0 acc: 99.7449, Batch num: 80, Task 1 acc: 0.0416, Batch num: 80, Task 2 acc: 8.0819, Task avg acc:35.9561
2024-05-26 21:27:18,510 - INFO - Epoch 1
2024-05-26 21:27:25,032 - INFO - Batch num: 0, Task 0 acc: 99.7369, Batch num: 0, Task 1 acc: 0.0166, Batch num: 0, Task 2 acc: 8.5489, Task avg acc:36.1008
2024-05-26 21:27:31,862 - INFO - Batch num: 10, Task 0 acc: 99.7768, Batch num: 10, Task 1 acc: 0.0416, Batch num: 10, Task 2 acc: 9.5187, Task avg acc:36.4457
2024-05-26 21:27:38,608 - INFO - Batch num: 20, Task 0 acc: 99.8007, Batch num: 20, Task 1 acc: 0.0332, Batch num: 20, Task 2 acc: 11.3955, Task avg acc:37.0765
2024-05-26 21:27:45,381 - INFO - Batch num: 30, Task 0 acc: 99.8087, Batch num: 30, Task 1 acc: 0.0249, Batch num: 30, Task 2 acc: 10.3269, Task avg acc:36.7202
2024-05-26 21:27:52,237 - INFO - Batch num: 40, Task 0 acc: 99.7449, Batch num: 40, Task 1 acc: 0.0499, Batch num: 40, Task 2 acc: 10.2011, Task avg acc:36.6653
2024-05-26 21:27:59,016 - INFO - Batch num: 50, Task 0 acc: 99.7369, Batch num: 50, Task 1 acc: 0.0416, Batch num: 50, Task 2 acc: 10.6412, Task avg acc:36.8065
2024-05-26 21:28:05,751 - INFO - Batch num: 60, Task 0 acc: 99.7529, Batch num: 60, Task 1 acc: 0.0499, Batch num: 60, Task 2 acc: 11.0902, Task avg acc:36.9643
2024-05-26 21:28:12,614 - INFO - Batch num: 70, Task 0 acc: 99.7449, Batch num: 70, Task 1 acc: 0.0582, Batch num: 70, Task 2 acc: 10.6681, Task avg acc:36.8237
2024-05-26 21:28:19,433 - INFO - Batch num: 80, Task 0 acc: 99.8087, Batch num: 80, Task 1 acc: 0.0416, Batch num: 80, Task 2 acc: 11.1710, Task avg acc:37.0071
2024-05-26 21:28:19,587 - INFO - Epoch 2
2024-05-26 21:28:26,263 - INFO - Batch num: 0, Task 0 acc: 99.7927, Batch num: 0, Task 1 acc: 0.0665, Batch num: 0, Task 2 acc: 11.5481, Task avg acc:37.1358
2024-05-26 21:28:33,009 - INFO - Batch num: 10, Task 0 acc: 99.8007, Batch num: 10, Task 1 acc: 0.0665, Batch num: 10, Task 2 acc: 12.4282, Task avg acc:37.4318
2024-05-26 21:28:39,792 - INFO - Batch num: 20, Task 0 acc: 99.7688, Batch num: 20, Task 1 acc: 0.0582, Batch num: 20, Task 2 acc: 12.2575, Task avg acc:37.3615
2024-05-26 21:28:46,714 - INFO - Batch num: 30, Task 0 acc: 99.7848, Batch num: 30, Task 1 acc: 0.0665, Batch num: 30, Task 2 acc: 10.9914, Task avg acc:36.9475
2024-05-26 21:28:53,484 - INFO - Batch num: 40, Task 0 acc: 99.7449, Batch num: 40, Task 1 acc: 0.0831, Batch num: 40, Task 2 acc: 10.2820, Task avg acc:36.7033
2024-05-26 21:29:00,342 - INFO - Batch num: 50, Task 0 acc: 99.7927, Batch num: 50, Task 1 acc: 0.0748, Batch num: 50, Task 2 acc: 10.3718, Task avg acc:36.7464
2024-05-26 21:29:07,066 - INFO - Batch num: 60, Task 0 acc: 99.7927, Batch num: 60, Task 1 acc: 0.0499, Batch num: 60, Task 2 acc: 10.2730, Task avg acc:36.7052
2024-05-26 21:29:13,907 - INFO - Batch num: 70, Task 0 acc: 99.7608, Batch num: 70, Task 1 acc: 0.0748, Batch num: 70, Task 2 acc: 10.2909, Task avg acc:36.7089
2024-05-26 21:29:20,700 - INFO - Batch num: 80, Task 0 acc: 99.7848, Batch num: 80, Task 1 acc: 0.1080, Batch num: 80, Task 2 acc: 10.8477, Task avg acc:36.9135
2024-05-26 21:29:20,856 - INFO - Epoch 3
2024-05-26 21:29:27,453 - INFO - Batch num: 0, Task 0 acc: 99.7529, Batch num: 0, Task 1 acc: 0.0914, Batch num: 0, Task 2 acc: 11.1081, Task avg acc:36.9841
2024-05-26 21:29:34,183 - INFO - Batch num: 10, Task 0 acc: 99.7688, Batch num: 10, Task 1 acc: 0.1080, Batch num: 10, Task 2 acc: 10.8208, Task avg acc:36.8992
2024-05-26 21:29:41,015 - INFO - Batch num: 20, Task 0 acc: 99.7529, Batch num: 20, Task 1 acc: 0.1247, Batch num: 20, Task 2 acc: 11.6918, Task avg acc:37.1898
2024-05-26 21:29:47,746 - INFO - Batch num: 30, Task 0 acc: 99.7768, Batch num: 30, Task 1 acc: 0.1330, Batch num: 30, Task 2 acc: 12.2216, Task avg acc:37.3771
2024-05-26 21:29:54,596 - INFO - Batch num: 40, Task 0 acc: 99.7210, Batch num: 40, Task 1 acc: 0.1745, Batch num: 40, Task 2 acc: 11.4853, Task avg acc:37.1269
2024-05-26 21:30:01,361 - INFO - Batch num: 50, Task 0 acc: 99.7608, Batch num: 50, Task 1 acc: 0.1164, Batch num: 50, Task 2 acc: 10.9734, Task avg acc:36.9502
2024-05-26 21:30:08,091 - INFO - Batch num: 60, Task 0 acc: 99.7848, Batch num: 60, Task 1 acc: 0.1080, Batch num: 60, Task 2 acc: 10.7040, Task avg acc:36.8656
2024-05-26 21:30:14,940 - INFO - Batch num: 70, Task 0 acc: 99.7608, Batch num: 70, Task 1 acc: 0.1247, Batch num: 70, Task 2 acc: 10.6052, Task avg acc:36.8303
2024-05-26 21:30:21,672 - INFO - Batch num: 80, Task 0 acc: 99.7848, Batch num: 80, Task 1 acc: 0.0997, Batch num: 80, Task 2 acc: 11.0273, Task avg acc:36.9706
2024-05-26 21:30:21,837 - INFO - ##########Task 3##########
2024-05-26 21:30:21,838 - INFO - Epoch 0
2024-05-26 21:30:30,665 - INFO - Batch num: 0, Task 0 acc: 99.7529, Batch num: 0, Task 1 acc: 0.0914, Batch num: 0, Task 2 acc: 11.4494, Batch num: 0, Task 3 acc: 0.0000, Task avg acc:27.8234
2024-05-26 21:30:39,609 - INFO - Batch num: 10, Task 0 acc: 99.7927, Batch num: 10, Task 1 acc: 0.1330, Batch num: 10, Task 2 acc: 7.8843, Batch num: 10, Task 3 acc: 0.0000, Task avg acc:26.9525
2024-05-26 21:30:48,706 - INFO - Batch num: 20, Task 0 acc: 99.8246, Batch num: 20, Task 1 acc: 0.0914, Batch num: 20, Task 2 acc: 8.1627, Batch num: 20, Task 3 acc: 0.0000, Task avg acc:27.0197
2024-05-26 21:30:57,663 - INFO - Batch num: 30, Task 0 acc: 99.8326, Batch num: 30, Task 1 acc: 0.0665, Batch num: 30, Task 2 acc: 6.7439, Batch num: 30, Task 3 acc: 0.0000, Task avg acc:26.6607
2024-05-26 21:31:06,594 - INFO - Batch num: 40, Task 0 acc: 99.8326, Batch num: 40, Task 1 acc: 0.0000, Batch num: 40, Task 2 acc: 6.4116, Batch num: 40, Task 3 acc: 0.0000, Task avg acc:26.5611
2024-05-26 21:31:15,655 - INFO - Batch num: 50, Task 0 acc: 99.8485, Batch num: 50, Task 1 acc: 0.0000, Batch num: 50, Task 2 acc: 6.9145, Batch num: 50, Task 3 acc: 0.0000, Task avg acc:26.6908
2024-05-26 21:31:24,591 - INFO - Batch num: 60, Task 0 acc: 99.8326, Batch num: 60, Task 1 acc: 0.0000, Batch num: 60, Task 2 acc: 6.8427, Batch num: 60, Task 3 acc: 1.0197, Task avg acc:26.9237
2024-05-26 21:31:33,652 - INFO - Batch num: 70, Task 0 acc: 99.8246, Batch num: 70, Task 1 acc: 0.0000, Batch num: 70, Task 2 acc: 6.2051, Batch num: 70, Task 3 acc: 7.5411, Task avg acc:28.3927
2024-05-26 21:31:42,653 - INFO - Batch num: 80, Task 0 acc: 99.8166, Batch num: 80, Task 1 acc: 0.0000, Batch num: 80, Task 2 acc: 4.6067, Batch num: 80, Task 3 acc: 16.1020, Task avg acc:30.1313
2024-05-26 21:31:51,733 - INFO - Batch num: 90, Task 0 acc: 99.8007, Batch num: 90, Task 1 acc: 0.0000, Batch num: 90, Task 2 acc: 3.5022, Batch num: 90, Task 3 acc: 17.6645, Task avg acc:30.2418
2024-05-26 21:31:51,838 - INFO - Epoch 1
2024-05-26 21:32:00,544 - INFO - Batch num: 0, Task 0 acc: 99.7927, Batch num: 0, Task 1 acc: 0.0000, Batch num: 0, Task 2 acc: 3.2687, Batch num: 0, Task 3 acc: 17.9523, Task avg acc:30.2534
2024-05-26 21:32:09,468 - INFO - Batch num: 10, Task 0 acc: 99.7927, Batch num: 10, Task 1 acc: 0.0000, Batch num: 10, Task 2 acc: 3.4303, Batch num: 10, Task 3 acc: 17.7303, Task avg acc:30.2383
2024-05-26 21:32:18,430 - INFO - Batch num: 20, Task 0 acc: 99.8007, Batch num: 20, Task 1 acc: 0.0000, Batch num: 20, Task 2 acc: 3.6907, Batch num: 20, Task 3 acc: 19.1612, Task avg acc:30.6632
2024-05-26 21:32:27,497 - INFO - Batch num: 30, Task 0 acc: 99.8166, Batch num: 30, Task 1 acc: 0.0000, Batch num: 30, Task 2 acc: 4.0230, Batch num: 30, Task 3 acc: 19.4408, Task avg acc:30.8201
2024-05-26 21:32:36,466 - INFO - Batch num: 40, Task 0 acc: 99.8087, Batch num: 40, Task 1 acc: 0.0000, Batch num: 40, Task 2 acc: 4.9120, Batch num: 40, Task 3 acc: 18.8405, Task avg acc:30.8903
2024-05-26 21:32:45,424 - INFO - Batch num: 50, Task 0 acc: 99.8326, Batch num: 50, Task 1 acc: 0.0000, Batch num: 50, Task 2 acc: 5.2532, Batch num: 50, Task 3 acc: 17.0477, Task avg acc:30.5334
2024-05-26 21:32:54,480 - INFO - Batch num: 60, Task 0 acc: 99.8166, Batch num: 60, Task 1 acc: 0.0000, Batch num: 60, Task 2 acc: 5.6034, Batch num: 60, Task 3 acc: 16.9408, Task avg acc:30.5902
2024-05-26 21:33:03,417 - INFO - Batch num: 70, Task 0 acc: 99.8007, Batch num: 70, Task 1 acc: 0.0000, Batch num: 70, Task 2 acc: 5.7741, Batch num: 70, Task 3 acc: 17.9852, Task avg acc:30.8900
2024-05-26 21:33:12,355 - INFO - Batch num: 80, Task 0 acc: 99.8007, Batch num: 80, Task 1 acc: 0.0000, Batch num: 80, Task 2 acc: 6.0435, Batch num: 80, Task 3 acc: 18.0921, Task avg acc:30.9841
2024-05-26 21:33:21,445 - INFO - Batch num: 90, Task 0 acc: 99.7927, Batch num: 90, Task 1 acc: 0.0000, Batch num: 90, Task 2 acc: 5.7920, Batch num: 90, Task 3 acc: 17.4671, Task avg acc:30.7630
2024-05-26 21:33:21,552 - INFO - Epoch 2
2024-05-26 21:33:30,334 - INFO - Batch num: 0, Task 0 acc: 99.7768, Batch num: 0, Task 1 acc: 0.0000, Batch num: 0, Task 2 acc: 5.5136, Batch num: 0, Task 3 acc: 17.6974, Task avg acc:30.7470
2024-05-26 21:33:39,384 - INFO - Batch num: 10, Task 0 acc: 99.7688, Batch num: 10, Task 1 acc: 0.0000, Batch num: 10, Task 2 acc: 5.5765, Batch num: 10, Task 3 acc: 18.4951, Task avg acc:30.9601
2024-05-26 21:33:48,333 - INFO - Batch num: 20, Task 0 acc: 99.7848, Batch num: 20, Task 1 acc: 0.0083, Batch num: 20, Task 2 acc: 5.2083, Batch num: 20, Task 3 acc: 19.3010, Task avg acc:31.0756
2024-05-26 21:33:57,279 - INFO - Batch num: 30, Task 0 acc: 99.7848, Batch num: 30, Task 1 acc: 0.0000, Batch num: 30, Task 2 acc: 5.0557, Batch num: 30, Task 3 acc: 18.6513, Task avg acc:30.8729
2024-05-26 21:34:06,220 - INFO - Batch num: 40, Task 0 acc: 99.8087, Batch num: 40, Task 1 acc: 0.0000, Batch num: 40, Task 2 acc: 5.4239, Batch num: 40, Task 3 acc: 17.2862, Task avg acc:30.6297
2024-05-26 21:34:15,273 - INFO - Batch num: 50, Task 0 acc: 99.8087, Batch num: 50, Task 1 acc: 0.0000, Batch num: 50, Task 2 acc: 5.8908, Batch num: 50, Task 3 acc: 16.2418, Task avg acc:30.4853
2024-05-26 21:34:24,267 - INFO - Batch num: 60, Task 0 acc: 99.7927, Batch num: 60, Task 1 acc: 0.0000, Batch num: 60, Task 2 acc: 6.2051, Batch num: 60, Task 3 acc: 17.4342, Task avg acc:30.8580
2024-05-26 21:34:33,333 - INFO - Batch num: 70, Task 0 acc: 99.7927, Batch num: 70, Task 1 acc: 0.0000, Batch num: 70, Task 2 acc: 6.1243, Batch num: 70, Task 3 acc: 18.7582, Task avg acc:31.1688
2024-05-26 21:34:42,441 - INFO - Batch num: 80, Task 0 acc: 99.8007, Batch num: 80, Task 1 acc: 0.0000, Batch num: 80, Task 2 acc: 6.0345, Batch num: 80, Task 3 acc: 17.0724, Task avg acc:30.7269
2024-05-26 21:34:51,656 - INFO - Batch num: 90, Task 0 acc: 99.7848, Batch num: 90, Task 1 acc: 0.0000, Batch num: 90, Task 2 acc: 5.8998, Batch num: 90, Task 3 acc: 16.8092, Task avg acc:30.6234
2024-05-26 21:34:51,761 - INFO - Epoch 3
2024-05-26 21:35:00,471 - INFO - Batch num: 0, Task 0 acc: 99.7688, Batch num: 0, Task 1 acc: 0.0000, Batch num: 0, Task 2 acc: 5.8549, Batch num: 0, Task 3 acc: 17.0230, Task avg acc:30.6617
2024-05-26 21:35:09,480 - INFO - Batch num: 10, Task 0 acc: 99.7927, Batch num: 10, Task 1 acc: 0.0000, Batch num: 10, Task 2 acc: 5.5136, Batch num: 10, Task 3 acc: 17.8865, Task avg acc:30.7982
2024-05-26 21:35:18,462 - INFO - Batch num: 20, Task 0 acc: 99.8087, Batch num: 20, Task 1 acc: 0.0000, Batch num: 20, Task 2 acc: 5.2443, Batch num: 20, Task 3 acc: 17.4918, Task avg acc:30.6362
2024-05-26 21:35:27,545 - INFO - Batch num: 30, Task 0 acc: 99.8166, Batch num: 30, Task 1 acc: 0.0000, Batch num: 30, Task 2 acc: 4.8042, Batch num: 30, Task 3 acc: 16.4309, Task avg acc:30.2630
2024-05-26 21:35:36,498 - INFO - Batch num: 40, Task 0 acc: 99.8087, Batch num: 40, Task 1 acc: 0.0000, Batch num: 40, Task 2 acc: 4.7504, Batch num: 40, Task 3 acc: 16.2089, Task avg acc:30.1920
2024-05-26 21:35:45,422 - INFO - Batch num: 50, Task 0 acc: 99.8166, Batch num: 50, Task 1 acc: 0.0000, Batch num: 50, Task 2 acc: 4.2295, Batch num: 50, Task 3 acc: 15.7812, Task avg acc:29.9569
2024-05-26 21:35:54,536 - INFO - Batch num: 60, Task 0 acc: 99.8087, Batch num: 60, Task 1 acc: 0.0083, Batch num: 60, Task 2 acc: 4.0858, Batch num: 60, Task 3 acc: 16.7763, Task avg acc:30.1698
2024-05-26 21:36:03,488 - INFO - Batch num: 70, Task 0 acc: 99.8166, Batch num: 70, Task 1 acc: 0.0000, Batch num: 70, Task 2 acc: 4.3552, Batch num: 70, Task 3 acc: 17.4178, Task avg acc:30.3974
2024-05-26 21:36:12,557 - INFO - Batch num: 80, Task 0 acc: 99.8166, Batch num: 80, Task 1 acc: 0.0000, Batch num: 80, Task 2 acc: 4.5169, Batch num: 80, Task 3 acc: 17.2615, Task avg acc:30.3988
2024-05-26 21:36:21,517 - INFO - Batch num: 90, Task 0 acc: 99.8007, Batch num: 90, Task 1 acc: 0.0000, Batch num: 90, Task 2 acc: 4.6965, Batch num: 90, Task 3 acc: 17.4013, Task avg acc:30.4746
2024-05-26 21:36:21,633 - INFO - ##########Task 4##########
2024-05-26 21:36:21,633 - INFO - Epoch 0
2024-05-26 21:36:32,607 - INFO - Batch num: 0, Task 0 acc: 99.8007, Batch num: 0, Task 1 acc: 0.0000, Batch num: 0, Task 2 acc: 4.8402, Batch num: 0, Task 3 acc: 16.6447, Batch num: 0, Task 4 acc: 0.0000, Task avg acc:24.2571
2024-05-26 21:36:43,696 - INFO - Batch num: 10, Task 0 acc: 99.8326, Batch num: 10, Task 1 acc: 0.0000, Batch num: 10, Task 2 acc: 4.2744, Batch num: 10, Task 3 acc: 14.9095, Batch num: 10, Task 4 acc: 0.0000, Task avg acc:23.8033
2024-05-26 21:36:54,924 - INFO - Batch num: 20, Task 0 acc: 99.8326, Batch num: 20, Task 1 acc: 0.0000, Batch num: 20, Task 2 acc: 3.2328, Batch num: 20, Task 3 acc: 14.8191, Batch num: 20, Task 4 acc: 0.0000, Task avg acc:23.5769
2024-05-26 21:37:05,989 - INFO - Batch num: 30, Task 0 acc: 99.8406, Batch num: 30, Task 1 acc: 0.0000, Batch num: 30, Task 2 acc: 3.2238, Batch num: 30, Task 3 acc: 14.6628, Batch num: 30, Task 4 acc: 0.0000, Task avg acc:23.5454
2024-05-26 21:37:17,096 - INFO - Batch num: 40, Task 0 acc: 99.8406, Batch num: 40, Task 1 acc: 0.0000, Batch num: 40, Task 2 acc: 3.2866, Batch num: 40, Task 3 acc: 14.0049, Batch num: 40, Task 4 acc: 0.0000, Task avg acc:23.4264
2024-05-26 21:37:28,301 - INFO - Batch num: 50, Task 0 acc: 99.8406, Batch num: 50, Task 1 acc: 0.0000, Batch num: 50, Task 2 acc: 3.6548, Batch num: 50, Task 3 acc: 14.0954, Batch num: 50, Task 4 acc: 0.0000, Task avg acc:23.5182
2024-05-26 21:37:39,382 - INFO - Batch num: 60, Task 0 acc: 99.8485, Batch num: 60, Task 1 acc: 0.0000, Batch num: 60, Task 2 acc: 2.7209, Batch num: 60, Task 3 acc: 14.0789, Batch num: 60, Task 4 acc: 0.0000, Task avg acc:23.3297
2024-05-26 21:37:50,622 - INFO - Batch num: 70, Task 0 acc: 99.8804, Batch num: 70, Task 1 acc: 0.0000, Batch num: 70, Task 2 acc: 2.1013, Batch num: 70, Task 3 acc: 13.0016, Batch num: 70, Task 4 acc: 0.5944, Task avg acc:23.1156
2024-05-26 21:38:01,723 - INFO - Batch num: 80, Task 0 acc: 99.8724, Batch num: 80, Task 1 acc: 0.0000, Batch num: 80, Task 2 acc: 0.7004, Batch num: 80, Task 3 acc: 9.5888, Batch num: 80, Task 4 acc: 9.9100, Task avg acc:24.0143
2024-05-26 21:38:12,879 - INFO - Batch num: 90, Task 0 acc: 99.8246, Batch num: 90, Task 1 acc: 0.0000, Batch num: 90, Task 2 acc: 0.0000, Batch num: 90, Task 3 acc: 5.1809, Batch num: 90, Task 4 acc: 23.9130, Task avg acc:25.7837
2024-05-26 21:38:12,907 - INFO - Epoch 1
2024-05-26 21:38:23,806 - INFO - Batch num: 0, Task 0 acc: 99.8246, Batch num: 0, Task 1 acc: 0.0000, Batch num: 0, Task 2 acc: 0.0000, Batch num: 0, Task 3 acc: 4.3421, Batch num: 0, Task 4 acc: 25.7897, Task avg acc:25.9913
2024-05-26 21:38:34,883 - INFO - Batch num: 10, Task 0 acc: 99.7529, Batch num: 10, Task 1 acc: 0.0000, Batch num: 10, Task 2 acc: 0.0000, Batch num: 10, Task 3 acc: 2.1793, Batch num: 10, Task 4 acc: 33.5598, Task avg acc:27.0984
2024-05-26 21:38:46,078 - INFO - Batch num: 20, Task 0 acc: 99.7210, Batch num: 20, Task 1 acc: 0.0000, Batch num: 20, Task 2 acc: 0.0000, Batch num: 20, Task 3 acc: 1.6694, Batch num: 20, Task 4 acc: 37.2283, Task avg acc:27.7237
2024-05-26 21:38:57,202 - INFO - Batch num: 30, Task 0 acc: 99.7050, Batch num: 30, Task 1 acc: 0.0000, Batch num: 30, Task 2 acc: 0.0000, Batch num: 30, Task 3 acc: 1.3322, Batch num: 30, Task 4 acc: 39.9202, Task avg acc:28.1915
2024-05-26 21:39:08,387 - INFO - Batch num: 40, Task 0 acc: 99.6652, Batch num: 40, Task 1 acc: 0.0000, Batch num: 40, Task 2 acc: 0.0000, Batch num: 40, Task 3 acc: 1.2171, Batch num: 40, Task 4 acc: 41.9582, Task avg acc:28.5681
2024-05-26 21:39:19,481 - INFO - Batch num: 50, Task 0 acc: 99.6413, Batch num: 50, Task 1 acc: 0.0000, Batch num: 50, Task 2 acc: 0.0000, Batch num: 50, Task 3 acc: 1.1678, Batch num: 50, Task 4 acc: 42.8668, Task avg acc:28.7352
2024-05-26 21:39:30,747 - INFO - Batch num: 60, Task 0 acc: 99.6572, Batch num: 60, Task 1 acc: 0.0000, Batch num: 60, Task 2 acc: 0.0000, Batch num: 60, Task 3 acc: 1.2993, Batch num: 60, Task 4 acc: 42.5866, Task avg acc:28.7086
2024-05-26 21:39:41,831 - INFO - Batch num: 70, Task 0 acc: 99.5536, Batch num: 70, Task 1 acc: 0.0000, Batch num: 70, Task 2 acc: 0.0000, Batch num: 70, Task 3 acc: 0.7895, Batch num: 70, Task 4 acc: 45.9918, Task avg acc:29.2670
2024-05-26 21:39:53,035 - INFO - Batch num: 80, Task 0 acc: 99.4101, Batch num: 80, Task 1 acc: 0.0000, Batch num: 80, Task 2 acc: 0.0000, Batch num: 80, Task 3 acc: 0.6826, Batch num: 80, Task 4 acc: 50.1868, Task avg acc:30.0559
2024-05-26 21:40:04,109 - INFO - Batch num: 90, Task 0 acc: 99.4898, Batch num: 90, Task 1 acc: 0.0000, Batch num: 90, Task 2 acc: 0.0000, Batch num: 90, Task 3 acc: 0.7484, Batch num: 90, Task 4 acc: 49.8302, Task avg acc:30.0137
2024-05-26 21:40:04,137 - INFO - Epoch 2
2024-05-26 21:40:14,990 - INFO - Batch num: 0, Task 0 acc: 99.5057, Batch num: 0, Task 1 acc: 0.0000, Batch num: 0, Task 2 acc: 0.0000, Batch num: 0, Task 3 acc: 0.7812, Batch num: 0, Task 4 acc: 49.1848, Task avg acc:29.8944
2024-05-26 21:40:26,163 - INFO - Batch num: 10, Task 0 acc: 99.5376, Batch num: 10, Task 1 acc: 0.0000, Batch num: 10, Task 2 acc: 0.0000, Batch num: 10, Task 3 acc: 0.8141, Batch num: 10, Task 4 acc: 49.1338, Task avg acc:29.8971
2024-05-26 21:40:37,282 - INFO - Batch num: 20, Task 0 acc: 99.5297, Batch num: 20, Task 1 acc: 0.0000, Batch num: 20, Task 2 acc: 0.0000, Batch num: 20, Task 3 acc: 0.8470, Batch num: 20, Task 4 acc: 50.3651, Task avg acc:30.1484
2024-05-26 21:40:48,402 - INFO - Batch num: 30, Task 0 acc: 99.5297, Batch num: 30, Task 1 acc: 0.0000, Batch num: 30, Task 2 acc: 0.0000, Batch num: 30, Task 3 acc: 0.7812, Batch num: 30, Task 4 acc: 50.4755, Task avg acc:30.1573
2024-05-26 21:40:59,634 - INFO - Batch num: 40, Task 0 acc: 99.4898, Batch num: 40, Task 1 acc: 0.0000, Batch num: 40, Task 2 acc: 0.0000, Batch num: 40, Task 3 acc: 0.7401, Batch num: 40, Task 4 acc: 52.5985, Task avg acc:30.5657
2024-05-26 21:41:10,718 - INFO - Batch num: 50, Task 0 acc: 99.3941, Batch num: 50, Task 1 acc: 0.0000, Batch num: 50, Task 2 acc: 0.0000, Batch num: 50, Task 3 acc: 0.7730, Batch num: 50, Task 4 acc: 53.3628, Task avg acc:30.7060
2024-05-26 21:41:21,785 - INFO - Batch num: 60, Task 0 acc: 99.3144, Batch num: 60, Task 1 acc: 0.0000, Batch num: 60, Task 2 acc: 0.0000, Batch num: 60, Task 3 acc: 0.7237, Batch num: 60, Task 4 acc: 53.5751, Task avg acc:30.7226
2024-05-26 21:41:32,992 - INFO - Batch num: 70, Task 0 acc: 99.1948, Batch num: 70, Task 1 acc: 0.0000, Batch num: 70, Task 2 acc: 0.0000, Batch num: 70, Task 3 acc: 0.6332, Batch num: 70, Task 4 acc: 53.0061, Task avg acc:30.5668
2024-05-26 21:41:44,108 - INFO - Batch num: 80, Task 0 acc: 99.0434, Batch num: 80, Task 1 acc: 0.0000, Batch num: 80, Task 2 acc: 0.0000, Batch num: 80, Task 3 acc: 0.6743, Batch num: 80, Task 4 acc: 53.8468, Task avg acc:30.7129
2024-05-26 21:41:55,325 - INFO - Batch num: 90, Task 0 acc: 99.2985, Batch num: 90, Task 1 acc: 0.0000, Batch num: 90, Task 2 acc: 0.0000, Batch num: 90, Task 3 acc: 0.8553, Batch num: 90, Task 4 acc: 52.8363, Task avg acc:30.5980
2024-05-26 21:41:55,353 - INFO - Epoch 3
2024-05-26 21:42:06,271 - INFO - Batch num: 0, Task 0 acc: 99.3224, Batch num: 0, Task 1 acc: 0.0000, Batch num: 0, Task 2 acc: 0.0000, Batch num: 0, Task 3 acc: 0.8799, Batch num: 0, Task 4 acc: 52.5476, Task avg acc:30.5500
2024-05-26 21:42:17,462 - INFO - Batch num: 10, Task 0 acc: 99.4420, Batch num: 10, Task 1 acc: 0.0000, Batch num: 10, Task 2 acc: 0.0090, Batch num: 10, Task 3 acc: 0.9951, Batch num: 10, Task 4 acc: 51.3587, Task avg acc:30.3609
2024-05-26 21:42:28,563 - INFO - Batch num: 20, Task 0 acc: 99.4340, Batch num: 20, Task 1 acc: 0.0000, Batch num: 20, Task 2 acc: 0.0090, Batch num: 20, Task 3 acc: 1.0609, Batch num: 20, Task 4 acc: 54.5262, Task avg acc:31.0060
2024-05-26 21:42:39,739 - INFO - Batch num: 30, Task 0 acc: 99.4420, Batch num: 30, Task 1 acc: 0.0000, Batch num: 30, Task 2 acc: 0.0000, Batch num: 30, Task 3 acc: 1.0115, Batch num: 30, Task 4 acc: 54.2714, Task avg acc:30.9450
2024-05-26 21:42:50,859 - INFO - Batch num: 40, Task 0 acc: 99.2666, Batch num: 40, Task 1 acc: 0.0000, Batch num: 40, Task 2 acc: 0.0000, Batch num: 40, Task 3 acc: 0.9128, Batch num: 40, Task 4 acc: 55.2225, Task avg acc:31.0804
2024-05-26 21:43:02,266 - INFO - Batch num: 50, Task 0 acc: 99.2506, Batch num: 50, Task 1 acc: 0.0000, Batch num: 50, Task 2 acc: 0.0000, Batch num: 50, Task 3 acc: 1.0444, Batch num: 50, Task 4 acc: 54.7300, Task avg acc:31.0050
2024-05-26 21:43:13,348 - INFO - Batch num: 60, Task 0 acc: 99.4021, Batch num: 60, Task 1 acc: 0.0000, Batch num: 60, Task 2 acc: 0.0090, Batch num: 60, Task 3 acc: 1.0855, Batch num: 60, Task 4 acc: 53.6430, Task avg acc:30.8279
2024-05-26 21:43:24,588 - INFO - Batch num: 70, Task 0 acc: 99.3383, Batch num: 70, Task 1 acc: 0.0000, Batch num: 70, Task 2 acc: 0.0000, Batch num: 70, Task 3 acc: 0.9622, Batch num: 70, Task 4 acc: 54.0846, Task avg acc:30.8770
2024-05-26 21:43:35,669 - INFO - Batch num: 80, Task 0 acc: 99.2746, Batch num: 80, Task 1 acc: 0.0000, Batch num: 80, Task 2 acc: 0.0000, Batch num: 80, Task 3 acc: 0.9375, Batch num: 80, Task 4 acc: 55.6895, Task avg acc:31.1803
2024-05-26 21:43:46,852 - INFO - Batch num: 90, Task 0 acc: 99.2347, Batch num: 90, Task 1 acc: 0.0000, Batch num: 90, Task 2 acc: 0.0090, Batch num: 90, Task 3 acc: 1.0280, Batch num: 90, Task 4 acc: 54.8319, Task avg acc:31.0207
