2024-05-27 04:41:39,716 - INFO - ##########Task 0##########
2024-05-27 04:41:39,718 - INFO - Epoch 0
2024-05-27 04:41:40,734 - INFO - Batch num: 0, Task 0 acc: 42.9209, Task avg acc:42.9209
2024-05-27 04:41:42,143 - INFO - Batch num: 10, Task 0 acc: 94.2682, Task avg acc:94.2682
2024-05-27 04:41:43,619 - INFO - Batch num: 20, Task 0 acc: 99.5217, Task avg acc:99.5217
2024-05-27 04:41:44,882 - INFO - Batch num: 30, Task 0 acc: 99.7927, Task avg acc:99.7927
2024-05-27 04:41:45,998 - INFO - Batch num: 40, Task 0 acc: 99.8406, Task avg acc:99.8406
2024-05-27 04:41:47,080 - INFO - Batch num: 50, Task 0 acc: 99.8565, Task avg acc:99.8565
2024-05-27 04:41:48,148 - INFO - Batch num: 60, Task 0 acc: 99.8724, Task avg acc:99.8724
2024-05-27 04:41:49,217 - INFO - Batch num: 70, Task 0 acc: 99.9043, Task avg acc:99.9043
2024-05-27 04:41:50,248 - INFO - Batch num: 80, Task 0 acc: 99.9043, Task avg acc:99.9043
2024-05-27 04:41:51,328 - INFO - Batch num: 90, Task 0 acc: 99.9203, Task avg acc:99.9203
2024-05-27 04:41:51,430 - INFO - Epoch 1
2024-05-27 04:41:52,352 - INFO - Batch num: 0, Task 0 acc: 99.9203, Task avg acc:99.9203
2024-05-27 04:41:53,381 - INFO - Batch num: 10, Task 0 acc: 99.9203, Task avg acc:99.9203
2024-05-27 04:41:54,427 - INFO - Batch num: 20, Task 0 acc: 99.9203, Task avg acc:99.9203
2024-05-27 04:41:55,454 - INFO - Batch num: 30, Task 0 acc: 99.9203, Task avg acc:99.9203
2024-05-27 04:41:56,497 - INFO - Batch num: 40, Task 0 acc: 99.9123, Task avg acc:99.9123
2024-05-27 04:41:57,528 - INFO - Batch num: 50, Task 0 acc: 99.9442, Task avg acc:99.9442
2024-05-27 04:41:58,551 - INFO - Batch num: 60, Task 0 acc: 99.9442, Task avg acc:99.9442
2024-05-27 04:41:59,584 - INFO - Batch num: 70, Task 0 acc: 99.9601, Task avg acc:99.9601
2024-05-27 04:42:00,616 - INFO - Batch num: 80, Task 0 acc: 99.9601, Task avg acc:99.9601
2024-05-27 04:42:01,686 - INFO - Batch num: 90, Task 0 acc: 99.9522, Task avg acc:99.9522
2024-05-27 04:42:01,798 - INFO - Epoch 2
2024-05-27 04:42:02,738 - INFO - Batch num: 0, Task 0 acc: 99.9601, Task avg acc:99.9601
2024-05-27 04:42:03,758 - INFO - Batch num: 10, Task 0 acc: 99.9601, Task avg acc:99.9601
2024-05-27 04:42:04,850 - INFO - Batch num: 20, Task 0 acc: 99.9601, Task avg acc:99.9601
2024-05-27 04:42:05,871 - INFO - Batch num: 30, Task 0 acc: 99.9601, Task avg acc:99.9601
2024-05-27 04:42:06,930 - INFO - Batch num: 40, Task 0 acc: 99.9601, Task avg acc:99.9601
2024-05-27 04:42:08,049 - INFO - Batch num: 50, Task 0 acc: 99.9681, Task avg acc:99.9681
2024-05-27 04:42:09,112 - INFO - Batch num: 60, Task 0 acc: 99.9681, Task avg acc:99.9681
2024-05-27 04:42:10,190 - INFO - Batch num: 70, Task 0 acc: 99.9761, Task avg acc:99.9761
2024-05-27 04:42:11,262 - INFO - Batch num: 80, Task 0 acc: 99.9761, Task avg acc:99.9761
2024-05-27 04:42:12,371 - INFO - Batch num: 90, Task 0 acc: 99.9761, Task avg acc:99.9761
2024-05-27 04:42:12,490 - INFO - Epoch 3
2024-05-27 04:42:13,432 - INFO - Batch num: 0, Task 0 acc: 99.9761, Task avg acc:99.9761
2024-05-27 04:42:14,509 - INFO - Batch num: 10, Task 0 acc: 99.9761, Task avg acc:99.9761
2024-05-27 04:42:15,552 - INFO - Batch num: 20, Task 0 acc: 99.9681, Task avg acc:99.9681
2024-05-27 04:42:16,597 - INFO - Batch num: 30, Task 0 acc: 99.9681, Task avg acc:99.9681
2024-05-27 04:42:17,658 - INFO - Batch num: 40, Task 0 acc: 99.9601, Task avg acc:99.9601
2024-05-27 04:42:18,714 - INFO - Batch num: 50, Task 0 acc: 99.9681, Task avg acc:99.9681
2024-05-27 04:42:19,757 - INFO - Batch num: 60, Task 0 acc: 99.9681, Task avg acc:99.9681
2024-05-27 04:42:20,816 - INFO - Batch num: 70, Task 0 acc: 99.9841, Task avg acc:99.9841
2024-05-27 04:42:21,856 - INFO - Batch num: 80, Task 0 acc: 99.9841, Task avg acc:99.9841
2024-05-27 04:42:22,932 - INFO - Batch num: 90, Task 0 acc: 99.9841, Task avg acc:99.9841
2024-05-27 04:42:23,047 - INFO - ##########Task 1##########
2024-05-27 04:42:23,047 - INFO - Epoch 0
2024-05-27 04:42:24,895 - INFO - Batch num: 0, Task 0 acc: 99.9841, Batch num: 0, Task 1 acc: 0.0000, Task avg acc:49.9920
2024-05-27 04:42:26,897 - INFO - Batch num: 10, Task 0 acc: 99.9681, Batch num: 10, Task 1 acc: 0.0000, Task avg acc:49.9841
2024-05-27 04:42:28,873 - INFO - Batch num: 20, Task 0 acc: 99.9601, Batch num: 20, Task 1 acc: 10.7630, Task avg acc:55.3616
2024-05-27 04:42:30,843 - INFO - Batch num: 30, Task 0 acc: 99.6253, Batch num: 30, Task 1 acc: 48.6203, Task avg acc:74.1228
2024-05-27 04:42:32,825 - INFO - Batch num: 40, Task 0 acc: 93.7580, Batch num: 40, Task 1 acc: 84.6326, Task avg acc:89.1953
2024-05-27 04:42:34,789 - INFO - Batch num: 50, Task 0 acc: 60.5947, Batch num: 50, Task 1 acc: 95.7364, Task avg acc:78.1655
2024-05-27 04:42:36,794 - INFO - Batch num: 60, Task 0 acc: 35.8658, Batch num: 60, Task 1 acc: 96.9581, Task avg acc:66.4119
2024-05-27 04:42:38,847 - INFO - Batch num: 70, Task 0 acc: 20.0494, Batch num: 70, Task 1 acc: 97.4900, Task avg acc:58.7697
2024-05-27 04:42:40,820 - INFO - Batch num: 80, Task 0 acc: 11.6311, Batch num: 80, Task 1 acc: 97.8391, Task avg acc:54.7351
2024-05-27 04:42:42,825 - INFO - Batch num: 90, Task 0 acc: 8.6894, Batch num: 90, Task 1 acc: 98.0635, Task avg acc:53.3765
2024-05-27 04:42:42,874 - INFO - Epoch 1
2024-05-27 04:42:44,734 - INFO - Batch num: 0, Task 0 acc: 8.9764, Batch num: 0, Task 1 acc: 98.1217, Task avg acc:53.5490
2024-05-27 04:42:46,725 - INFO - Batch num: 10, Task 0 acc: 8.5938, Batch num: 10, Task 1 acc: 98.1965, Task avg acc:53.3951
2024-05-27 04:42:48,725 - INFO - Batch num: 20, Task 0 acc: 6.3616, Batch num: 20, Task 1 acc: 98.3959, Task avg acc:52.3788
2024-05-27 04:42:50,729 - INFO - Batch num: 30, Task 0 acc: 4.4005, Batch num: 30, Task 1 acc: 98.4957, Task avg acc:51.4481
2024-05-27 04:42:52,768 - INFO - Batch num: 40, Task 0 acc: 6.6167, Batch num: 40, Task 1 acc: 98.5123, Task avg acc:52.5645
2024-05-27 04:42:54,770 - INFO - Batch num: 50, Task 0 acc: 7.0950, Batch num: 50, Task 1 acc: 98.6120, Task avg acc:52.8535
2024-05-27 04:42:56,815 - INFO - Batch num: 60, Task 0 acc: 6.5529, Batch num: 60, Task 1 acc: 98.7118, Task avg acc:52.6324
2024-05-27 04:42:58,833 - INFO - Batch num: 70, Task 0 acc: 5.8275, Batch num: 70, Task 1 acc: 98.7450, Task avg acc:52.2863
2024-05-27 04:43:00,840 - INFO - Batch num: 80, Task 0 acc: 4.9506, Batch num: 80, Task 1 acc: 98.7616, Task avg acc:51.8561
2024-05-27 04:43:02,882 - INFO - Batch num: 90, Task 0 acc: 6.6406, Batch num: 90, Task 1 acc: 98.8032, Task avg acc:52.7219
2024-05-27 04:43:02,932 - INFO - Epoch 2
2024-05-27 04:43:04,791 - INFO - Batch num: 0, Task 0 acc: 7.5973, Batch num: 0, Task 1 acc: 98.7533, Task avg acc:53.1753
2024-05-27 04:43:06,825 - INFO - Batch num: 10, Task 0 acc: 6.5370, Batch num: 10, Task 1 acc: 98.8198, Task avg acc:52.6784
2024-05-27 04:43:09,229 - INFO - Batch num: 20, Task 0 acc: 4.0976, Batch num: 20, Task 1 acc: 98.9279, Task avg acc:51.5127
2024-05-27 04:43:11,352 - INFO - Batch num: 30, Task 0 acc: 2.3597, Batch num: 30, Task 1 acc: 99.0193, Task avg acc:50.6895
2024-05-27 04:43:13,405 - INFO - Batch num: 40, Task 0 acc: 2.6626, Batch num: 40, Task 1 acc: 99.0193, Task avg acc:50.8410
2024-05-27 04:43:15,449 - INFO - Batch num: 50, Task 0 acc: 2.6945, Batch num: 50, Task 1 acc: 99.1024, Task avg acc:50.8985
2024-05-27 04:43:17,480 - INFO - Batch num: 60, Task 0 acc: 2.1923, Batch num: 60, Task 1 acc: 99.0941, Task avg acc:50.6432
2024-05-27 04:43:19,538 - INFO - Batch num: 70, Task 0 acc: 2.3039, Batch num: 70, Task 1 acc: 99.1024, Task avg acc:50.7031
2024-05-27 04:43:21,593 - INFO - Batch num: 80, Task 0 acc: 1.5147, Batch num: 80, Task 1 acc: 99.0858, Task avg acc:50.3002
2024-05-27 04:43:23,624 - INFO - Batch num: 90, Task 0 acc: 1.8893, Batch num: 90, Task 1 acc: 99.1190, Task avg acc:50.5042
2024-05-27 04:43:23,675 - INFO - Epoch 3
2024-05-27 04:43:25,553 - INFO - Batch num: 0, Task 0 acc: 2.2321, Batch num: 0, Task 1 acc: 99.1356, Task avg acc:50.6839
2024-05-27 04:43:27,595 - INFO - Batch num: 10, Task 0 acc: 2.2800, Batch num: 10, Task 1 acc: 99.0858, Task avg acc:50.6829
2024-05-27 04:43:29,642 - INFO - Batch num: 20, Task 0 acc: 1.6342, Batch num: 20, Task 1 acc: 99.1772, Task avg acc:50.4057
2024-05-27 04:43:31,683 - INFO - Batch num: 30, Task 0 acc: 1.0523, Batch num: 30, Task 1 acc: 99.1855, Task avg acc:50.1189
2024-05-27 04:43:33,730 - INFO - Batch num: 40, Task 0 acc: 1.2675, Batch num: 40, Task 1 acc: 99.2520, Task avg acc:50.2598
2024-05-27 04:43:35,756 - INFO - Batch num: 50, Task 0 acc: 1.5147, Batch num: 50, Task 1 acc: 99.2686, Task avg acc:50.3916
2024-05-27 04:43:37,847 - INFO - Batch num: 60, Task 0 acc: 1.3552, Batch num: 60, Task 1 acc: 99.2852, Task avg acc:50.3202
2024-05-27 04:43:39,937 - INFO - Batch num: 70, Task 0 acc: 1.2197, Batch num: 70, Task 1 acc: 99.2936, Task avg acc:50.2566
2024-05-27 04:43:41,978 - INFO - Batch num: 80, Task 0 acc: 0.6617, Batch num: 80, Task 1 acc: 99.2936, Task avg acc:49.9776
2024-05-27 04:43:44,025 - INFO - Batch num: 90, Task 0 acc: 0.7892, Batch num: 90, Task 1 acc: 99.2936, Task avg acc:50.0414
2024-05-27 04:43:44,084 - INFO - ##########Task 2##########
2024-05-27 04:43:44,085 - INFO - Epoch 0
2024-05-27 04:43:46,823 - INFO - Batch num: 0, Task 0 acc: 1.1719, Batch num: 0, Task 1 acc: 99.2437, Batch num: 0, Task 2 acc: 0.0000, Task avg acc:33.4719
2024-05-27 04:43:49,721 - INFO - Batch num: 10, Task 0 acc: 21.0220, Batch num: 10, Task 1 acc: 98.8032, Batch num: 10, Task 2 acc: 0.0000, Task avg acc:39.9417
2024-05-27 04:43:52,641 - INFO - Batch num: 20, Task 0 acc: 45.3284, Batch num: 20, Task 1 acc: 97.4485, Batch num: 20, Task 2 acc: 2.8736, Task avg acc:48.5502
2024-05-27 04:43:55,617 - INFO - Batch num: 30, Task 0 acc: 12.4123, Batch num: 30, Task 1 acc: 89.4199, Batch num: 30, Task 2 acc: 31.4116, Task avg acc:44.4146
2024-05-27 04:43:58,652 - INFO - Batch num: 40, Task 0 acc: 1.4509, Batch num: 40, Task 1 acc: 53.3328, Batch num: 40, Task 2 acc: 80.5136, Task avg acc:45.0991
2024-05-27 04:44:01,582 - INFO - Batch num: 50, Task 0 acc: 0.0080, Batch num: 50, Task 1 acc: 23.4541, Batch num: 50, Task 2 acc: 96.6595, Task avg acc:40.0405
2024-05-27 04:44:04,502 - INFO - Batch num: 60, Task 0 acc: 0.0000, Batch num: 60, Task 1 acc: 7.7128, Batch num: 60, Task 2 acc: 98.7338, Task avg acc:35.4822
2024-05-27 04:44:07,473 - INFO - Batch num: 70, Task 0 acc: 0.0000, Batch num: 70, Task 1 acc: 2.5183, Batch num: 70, Task 2 acc: 99.1828, Task avg acc:33.9004
2024-05-27 04:44:10,821 - INFO - Batch num: 80, Task 0 acc: 0.0000, Batch num: 80, Task 1 acc: 1.3132, Batch num: 80, Task 2 acc: 99.2636, Task avg acc:33.5256
2024-05-27 04:44:10,964 - INFO - Epoch 1
2024-05-27 04:44:13,864 - INFO - Batch num: 0, Task 0 acc: 0.0000, Batch num: 0, Task 1 acc: 1.2217, Batch num: 0, Task 2 acc: 99.2996, Task avg acc:33.5071
2024-05-27 04:44:16,873 - INFO - Batch num: 10, Task 0 acc: 0.0000, Batch num: 10, Task 1 acc: 1.0805, Batch num: 10, Task 2 acc: 99.3714, Task avg acc:33.4840
2024-05-27 04:44:19,826 - INFO - Batch num: 20, Task 0 acc: 0.0000, Batch num: 20, Task 1 acc: 0.9059, Batch num: 20, Task 2 acc: 99.4971, Task avg acc:33.4677
2024-05-27 04:44:22,787 - INFO - Batch num: 30, Task 0 acc: 0.0000, Batch num: 30, Task 1 acc: 0.9142, Batch num: 30, Task 2 acc: 99.4792, Task avg acc:33.4645
2024-05-27 04:44:25,758 - INFO - Batch num: 40, Task 0 acc: 0.0000, Batch num: 40, Task 1 acc: 0.7314, Batch num: 40, Task 2 acc: 99.5151, Task avg acc:33.4155
2024-05-27 04:44:28,724 - INFO - Batch num: 50, Task 0 acc: 0.0000, Batch num: 50, Task 1 acc: 0.8810, Batch num: 50, Task 2 acc: 99.5959, Task avg acc:33.4923
2024-05-27 04:44:31,666 - INFO - Batch num: 60, Task 0 acc: 0.0000, Batch num: 60, Task 1 acc: 0.9309, Batch num: 60, Task 2 acc: 99.6139, Task avg acc:33.5149
2024-05-27 04:44:34,606 - INFO - Batch num: 70, Task 0 acc: 0.0000, Batch num: 70, Task 1 acc: 0.8893, Batch num: 70, Task 2 acc: 99.6408, Task avg acc:33.5100
2024-05-27 04:44:37,582 - INFO - Batch num: 80, Task 0 acc: 0.0000, Batch num: 80, Task 1 acc: 0.8477, Batch num: 80, Task 2 acc: 99.6408, Task avg acc:33.4962
2024-05-27 04:44:37,696 - INFO - Epoch 2
2024-05-27 04:44:40,534 - INFO - Batch num: 0, Task 0 acc: 0.0000, Batch num: 0, Task 1 acc: 0.9558, Batch num: 0, Task 2 acc: 99.6677, Task avg acc:33.5412
2024-05-27 04:44:43,511 - INFO - Batch num: 10, Task 0 acc: 0.0000, Batch num: 10, Task 1 acc: 0.9973, Batch num: 10, Task 2 acc: 99.7037, Task avg acc:33.5670
2024-05-27 04:44:46,478 - INFO - Batch num: 20, Task 0 acc: 0.0000, Batch num: 20, Task 1 acc: 0.9641, Batch num: 20, Task 2 acc: 99.7126, Task avg acc:33.5589
2024-05-27 04:44:49,468 - INFO - Batch num: 30, Task 0 acc: 0.0000, Batch num: 30, Task 1 acc: 0.8394, Batch num: 30, Task 2 acc: 99.7216, Task avg acc:33.5204
2024-05-27 04:44:52,417 - INFO - Batch num: 40, Task 0 acc: 0.0000, Batch num: 40, Task 1 acc: 0.6483, Batch num: 40, Task 2 acc: 99.7396, Task avg acc:33.4626
2024-05-27 04:44:55,388 - INFO - Batch num: 50, Task 0 acc: 0.0000, Batch num: 50, Task 1 acc: 0.8145, Batch num: 50, Task 2 acc: 99.7665, Task avg acc:33.5270
2024-05-27 04:44:58,374 - INFO - Batch num: 60, Task 0 acc: 0.0000, Batch num: 60, Task 1 acc: 0.9142, Batch num: 60, Task 2 acc: 99.7486, Task avg acc:33.5543
2024-05-27 04:45:01,377 - INFO - Batch num: 70, Task 0 acc: 0.0000, Batch num: 70, Task 1 acc: 0.8561, Batch num: 70, Task 2 acc: 99.7575, Task avg acc:33.5379
2024-05-27 04:45:04,340 - INFO - Batch num: 80, Task 0 acc: 0.0000, Batch num: 80, Task 1 acc: 0.8477, Batch num: 80, Task 2 acc: 99.7665, Task avg acc:33.5381
2024-05-27 04:45:04,450 - INFO - Epoch 3
2024-05-27 04:45:07,281 - INFO - Batch num: 0, Task 0 acc: 0.0000, Batch num: 0, Task 1 acc: 0.8976, Batch num: 0, Task 2 acc: 99.7755, Task avg acc:33.5577
2024-05-27 04:45:10,264 - INFO - Batch num: 10, Task 0 acc: 0.0000, Batch num: 10, Task 1 acc: 0.7812, Batch num: 10, Task 2 acc: 99.7845, Task avg acc:33.5219
2024-05-27 04:45:13,793 - INFO - Batch num: 20, Task 0 acc: 0.0000, Batch num: 20, Task 1 acc: 0.6566, Batch num: 20, Task 2 acc: 99.7755, Task avg acc:33.4774
2024-05-27 04:45:16,900 - INFO - Batch num: 30, Task 0 acc: 0.0000, Batch num: 30, Task 1 acc: 0.7064, Batch num: 30, Task 2 acc: 99.7845, Task avg acc:33.4970
2024-05-27 04:45:19,914 - INFO - Batch num: 40, Task 0 acc: 0.0000, Batch num: 40, Task 1 acc: 0.5901, Batch num: 40, Task 2 acc: 99.8024, Task avg acc:33.4642
2024-05-27 04:45:22,865 - INFO - Batch num: 50, Task 0 acc: 0.0000, Batch num: 50, Task 1 acc: 0.6566, Batch num: 50, Task 2 acc: 99.8024, Task avg acc:33.4863
2024-05-27 04:45:25,858 - INFO - Batch num: 60, Task 0 acc: 0.0000, Batch num: 60, Task 1 acc: 0.7896, Batch num: 60, Task 2 acc: 99.8294, Task avg acc:33.5396
2024-05-27 04:45:28,854 - INFO - Batch num: 70, Task 0 acc: 0.0000, Batch num: 70, Task 1 acc: 0.7231, Batch num: 70, Task 2 acc: 99.8384, Task avg acc:33.5205
2024-05-27 04:45:31,859 - INFO - Batch num: 80, Task 0 acc: 0.0000, Batch num: 80, Task 1 acc: 0.6981, Batch num: 80, Task 2 acc: 99.8384, Task avg acc:33.5122
2024-05-27 04:45:31,978 - INFO - ##########Task 3##########
2024-05-27 04:45:31,979 - INFO - Epoch 0
2024-05-27 04:45:35,803 - INFO - Batch num: 0, Task 0 acc: 0.0000, Batch num: 0, Task 1 acc: 0.7896, Batch num: 0, Task 2 acc: 99.8204, Batch num: 0, Task 3 acc: 0.0000, Task avg acc:25.1525
2024-05-27 04:45:39,814 - INFO - Batch num: 10, Task 0 acc: 0.0000, Batch num: 10, Task 1 acc: 1.4129, Batch num: 10, Task 2 acc: 99.7935, Batch num: 10, Task 3 acc: 0.1727, Task avg acc:25.3448
2024-05-27 04:45:43,841 - INFO - Batch num: 20, Task 0 acc: 1.0443, Batch num: 20, Task 1 acc: 2.7593, Batch num: 20, Task 2 acc: 99.1828, Batch num: 20, Task 3 acc: 37.0970, Task avg acc:35.0209
2024-05-27 04:45:47,826 - INFO - Batch num: 30, Task 0 acc: 0.0000, Batch num: 30, Task 1 acc: 3.0336, Batch num: 30, Task 2 acc: 87.7963, Batch num: 30, Task 3 acc: 49.7862, Task avg acc:35.1540
2024-05-27 04:45:51,824 - INFO - Batch num: 40, Task 0 acc: 0.0000, Batch num: 40, Task 1 acc: 2.1609, Batch num: 40, Task 2 acc: 68.2561, Batch num: 40, Task 3 acc: 52.6645, Task avg acc:30.7704
2024-05-27 04:45:55,853 - INFO - Batch num: 50, Task 0 acc: 0.0000, Batch num: 50, Task 1 acc: 0.5485, Batch num: 50, Task 2 acc: 45.9770, Batch num: 50, Task 3 acc: 83.1003, Task avg acc:32.4065
2024-05-27 04:45:59,951 - INFO - Batch num: 60, Task 0 acc: 0.0000, Batch num: 60, Task 1 acc: 0.1080, Batch num: 60, Task 2 acc: 13.4249, Batch num: 60, Task 3 acc: 92.9770, Task avg acc:26.6275
2024-05-27 04:46:04,113 - INFO - Batch num: 70, Task 0 acc: 0.0000, Batch num: 70, Task 1 acc: 0.0166, Batch num: 70, Task 2 acc: 2.8556, Batch num: 70, Task 3 acc: 97.9441, Task avg acc:25.2041
2024-05-27 04:46:08,308 - INFO - Batch num: 80, Task 0 acc: 0.0000, Batch num: 80, Task 1 acc: 0.0166, Batch num: 80, Task 2 acc: 1.2931, Batch num: 80, Task 3 acc: 99.7944, Task avg acc:25.2760
2024-05-27 04:46:12,698 - INFO - Batch num: 90, Task 0 acc: 0.0000, Batch num: 90, Task 1 acc: 0.0083, Batch num: 90, Task 2 acc: 0.7902, Batch num: 90, Task 3 acc: 99.8026, Task avg acc:25.1503
2024-05-27 04:46:12,870 - INFO - Epoch 1
2024-05-27 04:46:17,276 - INFO - Batch num: 0, Task 0 acc: 0.0000, Batch num: 0, Task 1 acc: 0.0083, Batch num: 0, Task 2 acc: 0.7274, Batch num: 0, Task 3 acc: 99.7862, Task avg acc:25.1305
2024-05-27 04:46:21,700 - INFO - Batch num: 10, Task 0 acc: 0.0000, Batch num: 10, Task 1 acc: 0.0083, Batch num: 10, Task 2 acc: 0.5747, Batch num: 10, Task 3 acc: 99.8355, Task avg acc:25.1046
2024-05-27 04:46:26,246 - INFO - Batch num: 20, Task 0 acc: 0.0000, Batch num: 20, Task 1 acc: 0.0000, Batch num: 20, Task 2 acc: 0.4759, Batch num: 20, Task 3 acc: 99.8684, Task avg acc:25.0861
2024-05-27 04:46:30,750 - INFO - Batch num: 30, Task 0 acc: 0.0000, Batch num: 30, Task 1 acc: 0.0000, Batch num: 30, Task 2 acc: 0.5208, Batch num: 30, Task 3 acc: 99.8849, Task avg acc:25.1014
2024-05-27 04:46:35,303 - INFO - Batch num: 40, Task 0 acc: 0.0000, Batch num: 40, Task 1 acc: 0.0000, Batch num: 40, Task 2 acc: 0.3502, Batch num: 40, Task 3 acc: 99.8766, Task avg acc:25.0567
2024-05-27 04:46:40,004 - INFO - Batch num: 50, Task 0 acc: 0.0000, Batch num: 50, Task 1 acc: 0.0000, Batch num: 50, Task 2 acc: 0.3951, Batch num: 50, Task 3 acc: 99.8766, Task avg acc:25.0679
2024-05-27 04:46:44,828 - INFO - Batch num: 60, Task 0 acc: 0.0000, Batch num: 60, Task 1 acc: 0.0000, Batch num: 60, Task 2 acc: 0.3412, Batch num: 60, Task 3 acc: 99.8931, Task avg acc:25.0586
2024-05-27 04:46:49,705 - INFO - Batch num: 70, Task 0 acc: 0.0000, Batch num: 70, Task 1 acc: 0.0000, Batch num: 70, Task 2 acc: 0.2784, Batch num: 70, Task 3 acc: 99.9095, Task avg acc:25.0470
2024-05-27 04:46:54,544 - INFO - Batch num: 80, Task 0 acc: 0.0000, Batch num: 80, Task 1 acc: 0.0000, Batch num: 80, Task 2 acc: 0.3412, Batch num: 80, Task 3 acc: 99.9095, Task avg acc:25.0627
2024-05-27 04:46:59,511 - INFO - Batch num: 90, Task 0 acc: 0.0000, Batch num: 90, Task 1 acc: 0.0000, Batch num: 90, Task 2 acc: 0.3053, Batch num: 90, Task 3 acc: 99.9013, Task avg acc:25.0517
2024-05-27 04:46:59,613 - INFO - Epoch 2
2024-05-27 04:47:04,441 - INFO - Batch num: 0, Task 0 acc: 0.0000, Batch num: 0, Task 1 acc: 0.0000, Batch num: 0, Task 2 acc: 0.3053, Batch num: 0, Task 3 acc: 99.9013, Task avg acc:25.0517
2024-05-27 04:47:09,694 - INFO - Batch num: 10, Task 0 acc: 0.0000, Batch num: 10, Task 1 acc: 0.0000, Batch num: 10, Task 2 acc: 0.3502, Batch num: 10, Task 3 acc: 99.9178, Task avg acc:25.0670
2024-05-27 04:47:15,235 - INFO - Batch num: 20, Task 0 acc: 0.0000, Batch num: 20, Task 1 acc: 0.0000, Batch num: 20, Task 2 acc: 0.3053, Batch num: 20, Task 3 acc: 99.9260, Task avg acc:25.0578
2024-05-27 04:47:20,730 - INFO - Batch num: 30, Task 0 acc: 0.0000, Batch num: 30, Task 1 acc: 0.0000, Batch num: 30, Task 2 acc: 0.2784, Batch num: 30, Task 3 acc: 99.9178, Task avg acc:25.0490
2024-05-27 04:47:25,828 - INFO - Batch num: 40, Task 0 acc: 0.0000, Batch num: 40, Task 1 acc: 0.0000, Batch num: 40, Task 2 acc: 0.2425, Batch num: 40, Task 3 acc: 99.9095, Task avg acc:25.0380
2024-05-27 04:47:30,909 - INFO - Batch num: 50, Task 0 acc: 0.0000, Batch num: 50, Task 1 acc: 0.0000, Batch num: 50, Task 2 acc: 0.3233, Batch num: 50, Task 3 acc: 99.9260, Task avg acc:25.0623
2024-05-27 04:47:35,929 - INFO - Batch num: 60, Task 0 acc: 0.0000, Batch num: 60, Task 1 acc: 0.0000, Batch num: 60, Task 2 acc: 0.2874, Batch num: 60, Task 3 acc: 99.9424, Task avg acc:25.0574
2024-05-27 04:47:40,984 - INFO - Batch num: 70, Task 0 acc: 0.0000, Batch num: 70, Task 1 acc: 0.0000, Batch num: 70, Task 2 acc: 0.2694, Batch num: 70, Task 3 acc: 99.9424, Task avg acc:25.0530
2024-05-27 04:47:46,057 - INFO - Batch num: 80, Task 0 acc: 0.0000, Batch num: 80, Task 1 acc: 0.0000, Batch num: 80, Task 2 acc: 0.2694, Batch num: 80, Task 3 acc: 99.9342, Task avg acc:25.0509
2024-05-27 04:47:51,193 - INFO - Batch num: 90, Task 0 acc: 0.0000, Batch num: 90, Task 1 acc: 0.0000, Batch num: 90, Task 2 acc: 0.2963, Batch num: 90, Task 3 acc: 99.9424, Task avg acc:25.0597
2024-05-27 04:47:51,293 - INFO - Epoch 3
2024-05-27 04:47:55,982 - INFO - Batch num: 0, Task 0 acc: 0.0000, Batch num: 0, Task 1 acc: 0.0000, Batch num: 0, Task 2 acc: 0.2963, Batch num: 0, Task 3 acc: 99.9424, Task avg acc:25.0597
2024-05-27 04:48:00,877 - INFO - Batch num: 10, Task 0 acc: 0.0000, Batch num: 10, Task 1 acc: 0.0000, Batch num: 10, Task 2 acc: 0.2963, Batch num: 10, Task 3 acc: 99.9342, Task avg acc:25.0576
2024-05-27 04:48:05,805 - INFO - Batch num: 20, Task 0 acc: 0.0000, Batch num: 20, Task 1 acc: 0.0000, Batch num: 20, Task 2 acc: 0.2425, Batch num: 20, Task 3 acc: 99.9424, Task avg acc:25.0462
2024-05-27 04:48:10,725 - INFO - Batch num: 30, Task 0 acc: 0.0000, Batch num: 30, Task 1 acc: 0.0000, Batch num: 30, Task 2 acc: 0.2694, Batch num: 30, Task 3 acc: 99.9507, Task avg acc:25.0550
2024-05-27 04:48:15,825 - INFO - Batch num: 40, Task 0 acc: 0.0000, Batch num: 40, Task 1 acc: 0.0000, Batch num: 40, Task 2 acc: 0.1976, Batch num: 40, Task 3 acc: 99.9589, Task avg acc:25.0391
2024-05-27 04:48:21,535 - INFO - Batch num: 50, Task 0 acc: 0.0000, Batch num: 50, Task 1 acc: 0.0000, Batch num: 50, Task 2 acc: 0.2245, Batch num: 50, Task 3 acc: 99.9424, Task avg acc:25.0417
2024-05-27 04:48:26,508 - INFO - Batch num: 60, Task 0 acc: 0.0000, Batch num: 60, Task 1 acc: 0.0000, Batch num: 60, Task 2 acc: 0.2335, Batch num: 60, Task 3 acc: 99.9507, Task avg acc:25.0460
2024-05-27 04:48:31,386 - INFO - Batch num: 70, Task 0 acc: 0.0000, Batch num: 70, Task 1 acc: 0.0000, Batch num: 70, Task 2 acc: 0.2335, Batch num: 70, Task 3 acc: 99.9589, Task avg acc:25.0481
2024-05-27 04:48:36,277 - INFO - Batch num: 80, Task 0 acc: 0.0000, Batch num: 80, Task 1 acc: 0.0000, Batch num: 80, Task 2 acc: 0.2335, Batch num: 80, Task 3 acc: 99.9589, Task avg acc:25.0481
2024-05-27 04:48:41,197 - INFO - Batch num: 90, Task 0 acc: 0.0000, Batch num: 90, Task 1 acc: 0.0000, Batch num: 90, Task 2 acc: 0.1796, Batch num: 90, Task 3 acc: 99.9589, Task avg acc:25.0346
2024-05-27 04:48:41,312 - INFO - ##########Task 4##########
2024-05-27 04:48:41,313 - INFO - Epoch 0
2024-05-27 04:48:47,176 - INFO - Batch num: 0, Task 0 acc: 0.0000, Batch num: 0, Task 1 acc: 0.0000, Batch num: 0, Task 2 acc: 0.3143, Batch num: 0, Task 3 acc: 99.9589, Batch num: 0, Task 4 acc: 0.0000, Task avg acc:20.0546
2024-05-27 04:48:53,234 - INFO - Batch num: 10, Task 0 acc: 0.0000, Batch num: 10, Task 1 acc: 0.2244, Batch num: 10, Task 2 acc: 15.6250, Batch num: 10, Task 3 acc: 99.5477, Batch num: 10, Task 4 acc: 2.9806, Task avg acc:23.6755
2024-05-27 04:48:59,279 - INFO - Batch num: 20, Task 0 acc: 0.0000, Batch num: 20, Task 1 acc: 0.6815, Batch num: 20, Task 2 acc: 8.0280, Batch num: 20, Task 3 acc: 89.0378, Batch num: 20, Task 4 acc: 41.5082, Task avg acc:27.8511
2024-05-27 04:49:05,404 - INFO - Batch num: 30, Task 0 acc: 0.0000, Batch num: 30, Task 1 acc: 0.2244, Batch num: 30, Task 2 acc: 1.0955, Batch num: 30, Task 3 acc: 55.2385, Batch num: 30, Task 4 acc: 78.8978, Task avg acc:27.0912
2024-05-27 04:49:11,700 - INFO - Batch num: 40, Task 0 acc: 0.0000, Batch num: 40, Task 1 acc: 0.0166, Batch num: 40, Task 2 acc: 0.0269, Batch num: 40, Task 3 acc: 47.7549, Batch num: 40, Task 4 acc: 91.7204, Task avg acc:27.9038
2024-05-27 04:49:18,203 - INFO - Batch num: 50, Task 0 acc: 0.0000, Batch num: 50, Task 1 acc: 0.0000, Batch num: 50, Task 2 acc: 0.0000, Batch num: 50, Task 3 acc: 43.2648, Batch num: 50, Task 4 acc: 96.4079, Task avg acc:27.9346
2024-05-27 04:49:24,347 - INFO - Batch num: 60, Task 0 acc: 0.0000, Batch num: 60, Task 1 acc: 0.0000, Batch num: 60, Task 2 acc: 0.0000, Batch num: 60, Task 3 acc: 33.9967, Batch num: 60, Task 4 acc: 97.3421, Task avg acc:26.2678
2024-05-27 04:49:30,384 - INFO - Batch num: 70, Task 0 acc: 0.0000, Batch num: 70, Task 1 acc: 0.0000, Batch num: 70, Task 2 acc: 0.0000, Batch num: 70, Task 3 acc: 21.3240, Batch num: 70, Task 4 acc: 97.7921, Task avg acc:23.8232
2024-05-27 04:49:36,378 - INFO - Batch num: 80, Task 0 acc: 0.0000, Batch num: 80, Task 1 acc: 0.0000, Batch num: 80, Task 2 acc: 0.0000, Batch num: 80, Task 3 acc: 13.7993, Batch num: 80, Task 4 acc: 98.0469, Task avg acc:22.3692
2024-05-27 04:49:42,411 - INFO - Batch num: 90, Task 0 acc: 0.0000, Batch num: 90, Task 1 acc: 0.0000, Batch num: 90, Task 2 acc: 0.0000, Batch num: 90, Task 3 acc: 9.1283, Batch num: 90, Task 4 acc: 98.3781, Task avg acc:21.5013
2024-05-27 04:49:42,440 - INFO - Epoch 1
2024-05-27 04:49:48,261 - INFO - Batch num: 0, Task 0 acc: 0.0000, Batch num: 0, Task 1 acc: 0.0000, Batch num: 0, Task 2 acc: 0.0000, Batch num: 0, Task 3 acc: 8.7747, Batch num: 0, Task 4 acc: 98.3526, Task avg acc:21.4255
2024-05-27 04:49:54,287 - INFO - Batch num: 10, Task 0 acc: 0.0000, Batch num: 10, Task 1 acc: 0.0000, Batch num: 10, Task 2 acc: 0.0000, Batch num: 10, Task 3 acc: 7.5164, Batch num: 10, Task 4 acc: 98.3865, Task avg acc:21.1806
2024-05-27 04:50:00,362 - INFO - Batch num: 20, Task 0 acc: 0.0000, Batch num: 20, Task 1 acc: 0.0000, Batch num: 20, Task 2 acc: 0.0000, Batch num: 20, Task 3 acc: 7.5493, Batch num: 20, Task 4 acc: 98.4375, Task avg acc:21.1974
2024-05-27 04:50:06,430 - INFO - Batch num: 30, Task 0 acc: 0.0000, Batch num: 30, Task 1 acc: 0.0000, Batch num: 30, Task 2 acc: 0.0000, Batch num: 30, Task 3 acc: 9.2352, Batch num: 30, Task 4 acc: 98.7007, Task avg acc:21.5872
2024-05-27 04:50:12,481 - INFO - Batch num: 40, Task 0 acc: 0.0000, Batch num: 40, Task 1 acc: 0.0000, Batch num: 40, Task 2 acc: 0.0000, Batch num: 40, Task 3 acc: 9.6299, Batch num: 40, Task 4 acc: 98.7857, Task avg acc:21.6831
2024-05-27 04:50:18,977 - INFO - Batch num: 50, Task 0 acc: 0.0000, Batch num: 50, Task 1 acc: 0.0000, Batch num: 50, Task 2 acc: 0.0000, Batch num: 50, Task 3 acc: 10.0164, Batch num: 50, Task 4 acc: 98.8366, Task avg acc:21.7706
2024-05-27 04:50:25,220 - INFO - Batch num: 60, Task 0 acc: 0.0000, Batch num: 60, Task 1 acc: 0.0000, Batch num: 60, Task 2 acc: 0.0000, Batch num: 60, Task 3 acc: 10.5921, Batch num: 60, Task 4 acc: 98.8281, Task avg acc:21.8840
2024-05-27 04:50:31,301 - INFO - Batch num: 70, Task 0 acc: 0.0000, Batch num: 70, Task 1 acc: 0.0000, Batch num: 70, Task 2 acc: 0.0000, Batch num: 70, Task 3 acc: 7.8125, Batch num: 70, Task 4 acc: 98.9300, Task avg acc:21.3485
2024-05-27 04:50:37,384 - INFO - Batch num: 80, Task 0 acc: 0.0000, Batch num: 80, Task 1 acc: 0.0000, Batch num: 80, Task 2 acc: 0.0000, Batch num: 80, Task 3 acc: 7.3931, Batch num: 80, Task 4 acc: 98.9640, Task avg acc:21.2714
2024-05-27 04:50:43,481 - INFO - Batch num: 90, Task 0 acc: 0.0000, Batch num: 90, Task 1 acc: 0.0000, Batch num: 90, Task 2 acc: 0.0000, Batch num: 90, Task 3 acc: 6.9408, Batch num: 90, Task 4 acc: 99.0744, Task avg acc:21.2030
2024-05-27 04:50:43,508 - INFO - Epoch 2
2024-05-27 04:50:49,465 - INFO - Batch num: 0, Task 0 acc: 0.0000, Batch num: 0, Task 1 acc: 0.0000, Batch num: 0, Task 2 acc: 0.0000, Batch num: 0, Task 3 acc: 6.7352, Batch num: 0, Task 4 acc: 99.0829, Task avg acc:21.1636
2024-05-27 04:50:55,592 - INFO - Batch num: 10, Task 0 acc: 0.0000, Batch num: 10, Task 1 acc: 0.0000, Batch num: 10, Task 2 acc: 0.0000, Batch num: 10, Task 3 acc: 6.8750, Batch num: 10, Task 4 acc: 99.1593, Task avg acc:21.2069
2024-05-27 04:51:01,749 - INFO - Batch num: 20, Task 0 acc: 0.0000, Batch num: 20, Task 1 acc: 0.0000, Batch num: 20, Task 2 acc: 0.0000, Batch num: 20, Task 3 acc: 6.4556, Batch num: 20, Task 4 acc: 99.1763, Task avg acc:21.1264
2024-05-27 04:51:08,220 - INFO - Batch num: 30, Task 0 acc: 0.0000, Batch num: 30, Task 1 acc: 0.0000, Batch num: 30, Task 2 acc: 0.0000, Batch num: 30, Task 3 acc: 6.6612, Batch num: 30, Task 4 acc: 99.1933, Task avg acc:21.1709
2024-05-27 04:51:14,465 - INFO - Batch num: 40, Task 0 acc: 0.0000, Batch num: 40, Task 1 acc: 0.0000, Batch num: 40, Task 2 acc: 0.0000, Batch num: 40, Task 3 acc: 7.0970, Batch num: 40, Task 4 acc: 99.2272, Task avg acc:21.2649
2024-05-27 04:51:21,141 - INFO - Batch num: 50, Task 0 acc: 0.0000, Batch num: 50, Task 1 acc: 0.0000, Batch num: 50, Task 2 acc: 0.0000, Batch num: 50, Task 3 acc: 7.3602, Batch num: 50, Task 4 acc: 99.2527, Task avg acc:21.3226
2024-05-27 04:51:27,572 - INFO - Batch num: 60, Task 0 acc: 0.0000, Batch num: 60, Task 1 acc: 0.0000, Batch num: 60, Task 2 acc: 0.0000, Batch num: 60, Task 3 acc: 7.6069, Batch num: 60, Task 4 acc: 99.2103, Task avg acc:21.3634
2024-05-27 04:51:33,843 - INFO - Batch num: 70, Task 0 acc: 0.0000, Batch num: 70, Task 1 acc: 0.0000, Batch num: 70, Task 2 acc: 0.0000, Batch num: 70, Task 3 acc: 6.0855, Batch num: 70, Task 4 acc: 99.3037, Task avg acc:21.0778
2024-05-27 04:51:40,186 - INFO - Batch num: 80, Task 0 acc: 0.0000, Batch num: 80, Task 1 acc: 0.0000, Batch num: 80, Task 2 acc: 0.0000, Batch num: 80, Task 3 acc: 5.6743, Batch num: 80, Task 4 acc: 99.2782, Task avg acc:20.9905
2024-05-27 04:51:46,469 - INFO - Batch num: 90, Task 0 acc: 0.0000, Batch num: 90, Task 1 acc: 0.0000, Batch num: 90, Task 2 acc: 0.0000, Batch num: 90, Task 3 acc: 4.8438, Batch num: 90, Task 4 acc: 99.2952, Task avg acc:20.8278
2024-05-27 04:51:46,499 - INFO - Epoch 3
2024-05-27 04:51:52,605 - INFO - Batch num: 0, Task 0 acc: 0.0000, Batch num: 0, Task 1 acc: 0.0000, Batch num: 0, Task 2 acc: 0.0000, Batch num: 0, Task 3 acc: 4.7286, Batch num: 0, Task 4 acc: 99.3122, Task avg acc:20.8082
2024-05-27 04:51:58,891 - INFO - Batch num: 10, Task 0 acc: 0.0000, Batch num: 10, Task 1 acc: 0.0000, Batch num: 10, Task 2 acc: 0.0000, Batch num: 10, Task 3 acc: 4.5230, Batch num: 10, Task 4 acc: 99.3122, Task avg acc:20.7670
2024-05-27 04:52:05,193 - INFO - Batch num: 20, Task 0 acc: 0.0000, Batch num: 20, Task 1 acc: 0.0000, Batch num: 20, Task 2 acc: 0.0000, Batch num: 20, Task 3 acc: 4.2352, Batch num: 20, Task 4 acc: 99.3376, Task avg acc:20.7146
2024-05-27 04:52:11,520 - INFO - Batch num: 30, Task 0 acc: 0.0000, Batch num: 30, Task 1 acc: 0.0000, Batch num: 30, Task 2 acc: 0.0000, Batch num: 30, Task 3 acc: 5.0987, Batch num: 30, Task 4 acc: 99.3461, Task avg acc:20.8890
2024-05-27 04:52:18,612 - INFO - Batch num: 40, Task 0 acc: 0.0000, Batch num: 40, Task 1 acc: 0.0000, Batch num: 40, Task 2 acc: 0.0000, Batch num: 40, Task 3 acc: 5.1151, Batch num: 40, Task 4 acc: 99.3801, Task avg acc:20.8990
2024-05-27 04:52:24,991 - INFO - Batch num: 50, Task 0 acc: 0.0000, Batch num: 50, Task 1 acc: 0.0000, Batch num: 50, Task 2 acc: 0.0000, Batch num: 50, Task 3 acc: 5.4441, Batch num: 50, Task 4 acc: 99.3801, Task avg acc:20.9648
2024-05-27 04:52:31,289 - INFO - Batch num: 60, Task 0 acc: 0.0000, Batch num: 60, Task 1 acc: 0.0000, Batch num: 60, Task 2 acc: 0.0000, Batch num: 60, Task 3 acc: 4.9342, Batch num: 60, Task 4 acc: 99.3546, Task avg acc:20.8578
2024-05-27 04:52:37,573 - INFO - Batch num: 70, Task 0 acc: 0.0000, Batch num: 70, Task 1 acc: 0.0000, Batch num: 70, Task 2 acc: 0.0000, Batch num: 70, Task 3 acc: 4.1530, Batch num: 70, Task 4 acc: 99.4056, Task avg acc:20.7117
2024-05-27 04:52:44,013 - INFO - Batch num: 80, Task 0 acc: 0.0000, Batch num: 80, Task 1 acc: 0.0000, Batch num: 80, Task 2 acc: 0.0000, Batch num: 80, Task 3 acc: 4.1447, Batch num: 80, Task 4 acc: 99.3886, Task avg acc:20.7067
2024-05-27 04:52:50,308 - INFO - Batch num: 90, Task 0 acc: 0.0000, Batch num: 90, Task 1 acc: 0.0000, Batch num: 90, Task 2 acc: 0.0000, Batch num: 90, Task 3 acc: 3.3799, Batch num: 90, Task 4 acc: 99.3801, Task avg acc:20.5520
