2024-05-27 04:56:07,972 - INFO - ##########Task 0##########
2024-05-27 04:56:07,973 - INFO - Epoch 0
2024-05-27 04:56:12,109 - INFO - Batch num: 0, Task 0 acc: 20.7988, Task avg acc:20.7988
2024-05-27 04:56:14,680 - INFO - Batch num: 10, Task 0 acc: 96.5721, Task avg acc:96.5721
2024-05-27 04:56:17,175 - INFO - Batch num: 20, Task 0 acc: 99.5217, Task avg acc:99.5217
2024-05-27 04:56:19,688 - INFO - Batch num: 30, Task 0 acc: 99.7688, Task avg acc:99.7688
2024-05-27 04:56:22,127 - INFO - Batch num: 40, Task 0 acc: 99.8326, Task avg acc:99.8326
2024-05-27 04:56:24,526 - INFO - Batch num: 50, Task 0 acc: 99.8246, Task avg acc:99.8246
2024-05-27 04:56:26,927 - INFO - Batch num: 60, Task 0 acc: 99.8565, Task avg acc:99.8565
2024-05-27 04:56:29,302 - INFO - Batch num: 70, Task 0 acc: 99.8804, Task avg acc:99.8804
2024-05-27 04:56:31,765 - INFO - Batch num: 80, Task 0 acc: 99.9123, Task avg acc:99.9123
2024-05-27 04:56:34,475 - INFO - Batch num: 90, Task 0 acc: 99.9203, Task avg acc:99.9203
2024-05-27 04:56:34,689 - INFO - Epoch 1
2024-05-27 04:56:37,198 - INFO - Batch num: 0, Task 0 acc: 99.9123, Task avg acc:99.9123
2024-05-27 04:56:39,647 - INFO - Batch num: 10, Task 0 acc: 99.9123, Task avg acc:99.9123
2024-05-27 04:56:42,113 - INFO - Batch num: 20, Task 0 acc: 99.9362, Task avg acc:99.9362
2024-05-27 04:56:44,569 - INFO - Batch num: 30, Task 0 acc: 99.9362, Task avg acc:99.9362
2024-05-27 04:56:47,016 - INFO - Batch num: 40, Task 0 acc: 99.9283, Task avg acc:99.9283
2024-05-27 04:56:49,460 - INFO - Batch num: 50, Task 0 acc: 99.9283, Task avg acc:99.9283
2024-05-27 04:56:51,892 - INFO - Batch num: 60, Task 0 acc: 99.9362, Task avg acc:99.9362
2024-05-27 04:56:54,335 - INFO - Batch num: 70, Task 0 acc: 99.9442, Task avg acc:99.9442
2024-05-27 04:56:56,802 - INFO - Batch num: 80, Task 0 acc: 99.9442, Task avg acc:99.9442
2024-05-27 04:56:59,245 - INFO - Batch num: 90, Task 0 acc: 99.9442, Task avg acc:99.9442
2024-05-27 04:56:59,415 - INFO - Epoch 2
2024-05-27 04:57:01,637 - INFO - Batch num: 0, Task 0 acc: 99.9522, Task avg acc:99.9522
2024-05-27 04:57:04,108 - INFO - Batch num: 10, Task 0 acc: 99.9601, Task avg acc:99.9601
2024-05-27 04:57:06,551 - INFO - Batch num: 20, Task 0 acc: 99.9601, Task avg acc:99.9601
2024-05-27 04:57:08,997 - INFO - Batch num: 30, Task 0 acc: 99.9601, Task avg acc:99.9601
2024-05-27 04:57:11,567 - INFO - Batch num: 40, Task 0 acc: 99.9522, Task avg acc:99.9522
2024-05-27 04:57:14,580 - INFO - Batch num: 50, Task 0 acc: 99.9522, Task avg acc:99.9522
2024-05-27 04:57:17,108 - INFO - Batch num: 60, Task 0 acc: 99.9601, Task avg acc:99.9601
2024-05-27 04:57:19,563 - INFO - Batch num: 70, Task 0 acc: 99.9601, Task avg acc:99.9601
2024-05-27 04:57:21,994 - INFO - Batch num: 80, Task 0 acc: 99.9601, Task avg acc:99.9601
2024-05-27 04:57:24,447 - INFO - Batch num: 90, Task 0 acc: 99.9761, Task avg acc:99.9761
2024-05-27 04:57:24,617 - INFO - Epoch 3
2024-05-27 04:57:26,841 - INFO - Batch num: 0, Task 0 acc: 99.9681, Task avg acc:99.9681
2024-05-27 04:57:29,305 - INFO - Batch num: 10, Task 0 acc: 99.9681, Task avg acc:99.9681
2024-05-27 04:57:32,067 - INFO - Batch num: 20, Task 0 acc: 99.9761, Task avg acc:99.9761
2024-05-27 04:57:34,523 - INFO - Batch num: 30, Task 0 acc: 99.9681, Task avg acc:99.9681
2024-05-27 04:57:36,994 - INFO - Batch num: 40, Task 0 acc: 99.9601, Task avg acc:99.9601
2024-05-27 04:57:39,430 - INFO - Batch num: 50, Task 0 acc: 99.9761, Task avg acc:99.9761
2024-05-27 04:57:41,878 - INFO - Batch num: 60, Task 0 acc: 99.9841, Task avg acc:99.9841
2024-05-27 04:57:44,319 - INFO - Batch num: 70, Task 0 acc: 99.9841, Task avg acc:99.9841
2024-05-27 04:57:46,766 - INFO - Batch num: 80, Task 0 acc: 99.9841, Task avg acc:99.9841
2024-05-27 04:57:49,208 - INFO - Batch num: 90, Task 0 acc: 99.9841, Task avg acc:99.9841
2024-05-27 04:57:49,390 - INFO - ##########Task 1##########
2024-05-27 04:57:49,391 - INFO - Epoch 0
2024-05-27 04:57:53,737 - INFO - Batch num: 0, Task 0 acc: 99.9841, Batch num: 0, Task 1 acc: 0.0000, Task avg acc:49.9920
2024-05-27 04:57:58,342 - INFO - Batch num: 10, Task 0 acc: 99.9283, Batch num: 10, Task 1 acc: 0.0000, Task avg acc:49.9641
2024-05-27 04:58:02,912 - INFO - Batch num: 20, Task 0 acc: 99.9442, Batch num: 20, Task 1 acc: 10.4471, Task avg acc:55.1957
2024-05-27 04:58:07,482 - INFO - Batch num: 30, Task 0 acc: 99.9283, Batch num: 30, Task 1 acc: 25.7646, Task avg acc:62.8464
2024-05-27 04:58:12,041 - INFO - Batch num: 40, Task 0 acc: 99.8724, Batch num: 40, Task 1 acc: 31.1420, Task avg acc:65.5072
2024-05-27 04:58:16,595 - INFO - Batch num: 50, Task 0 acc: 99.8884, Batch num: 50, Task 1 acc: 29.0309, Task avg acc:64.4597
2024-05-27 04:58:21,142 - INFO - Batch num: 60, Task 0 acc: 99.8884, Batch num: 60, Task 1 acc: 33.1200, Task avg acc:66.5042
2024-05-27 04:58:25,702 - INFO - Batch num: 70, Task 0 acc: 99.8485, Batch num: 70, Task 1 acc: 45.6034, Task avg acc:72.7260
2024-05-27 04:58:30,263 - INFO - Batch num: 80, Task 0 acc: 99.7529, Batch num: 80, Task 1 acc: 52.5765, Task avg acc:76.1647
2024-05-27 04:58:34,816 - INFO - Batch num: 90, Task 0 acc: 99.7210, Batch num: 90, Task 1 acc: 55.1197, Task avg acc:77.4203
2024-05-27 04:58:34,892 - INFO - Epoch 1
2024-05-27 04:58:39,242 - INFO - Batch num: 0, Task 0 acc: 99.7210, Batch num: 0, Task 1 acc: 55.0947, Task avg acc:77.4079
2024-05-27 04:58:43,764 - INFO - Batch num: 10, Task 0 acc: 99.7449, Batch num: 10, Task 1 acc: 56.0672, Task avg acc:77.9060
2024-05-27 04:58:48,323 - INFO - Batch num: 20, Task 0 acc: 99.7529, Batch num: 20, Task 1 acc: 58.3860, Task avg acc:79.0694
2024-05-27 04:58:52,854 - INFO - Batch num: 30, Task 0 acc: 99.8166, Batch num: 30, Task 1 acc: 58.4192, Task avg acc:79.1179
2024-05-27 04:58:57,399 - INFO - Batch num: 40, Task 0 acc: 99.8166, Batch num: 40, Task 1 acc: 56.9398, Task avg acc:78.3782
2024-05-27 04:59:02,461 - INFO - Batch num: 50, Task 0 acc: 99.7529, Batch num: 50, Task 1 acc: 65.0765, Task avg acc:82.4147
2024-05-27 04:59:07,357 - INFO - Batch num: 60, Task 0 acc: 99.6492, Batch num: 60, Task 1 acc: 72.1659, Task avg acc:85.9076
2024-05-27 04:59:12,501 - INFO - Batch num: 70, Task 0 acc: 99.6811, Batch num: 70, Task 1 acc: 66.7636, Task avg acc:83.2224
2024-05-27 04:59:17,159 - INFO - Batch num: 80, Task 0 acc: 99.4420, Batch num: 80, Task 1 acc: 69.6144, Task avg acc:84.5282
2024-05-27 04:59:21,621 - INFO - Batch num: 90, Task 0 acc: 99.3144, Batch num: 90, Task 1 acc: 61.1785, Task avg acc:80.2465
2024-05-27 04:59:21,701 - INFO - Epoch 2
2024-05-27 04:59:25,977 - INFO - Batch num: 0, Task 0 acc: 98.8839, Batch num: 0, Task 1 acc: 60.9541, Task avg acc:79.9190
2024-05-27 04:59:30,453 - INFO - Batch num: 10, Task 0 acc: 97.9751, Batch num: 10, Task 1 acc: 64.9186, Task avg acc:81.4468
2024-05-27 04:59:35,034 - INFO - Batch num: 20, Task 0 acc: 98.7643, Batch num: 20, Task 1 acc: 64.1955, Task avg acc:81.4799
2024-05-27 04:59:39,663 - INFO - Batch num: 30, Task 0 acc: 98.4694, Batch num: 30, Task 1 acc: 67.1127, Task avg acc:82.7910
2024-05-27 04:59:44,173 - INFO - Batch num: 40, Task 0 acc: 96.6358, Batch num: 40, Task 1 acc: 69.9967, Task avg acc:83.3163
2024-05-27 04:59:48,636 - INFO - Batch num: 50, Task 0 acc: 90.4098, Batch num: 50, Task 1 acc: 71.7503, Task avg acc:81.0800
2024-05-27 04:59:53,104 - INFO - Batch num: 60, Task 0 acc: 92.7376, Batch num: 60, Task 1 acc: 66.0987, Task avg acc:79.4182
2024-05-27 04:59:57,574 - INFO - Batch num: 70, Task 0 acc: 93.9732, Batch num: 70, Task 1 acc: 70.4372, Task avg acc:82.2052
2024-05-27 05:00:02,056 - INFO - Batch num: 80, Task 0 acc: 93.3434, Batch num: 80, Task 1 acc: 74.4099, Task avg acc:83.8767
2024-05-27 05:00:06,576 - INFO - Batch num: 90, Task 0 acc: 95.8307, Batch num: 90, Task 1 acc: 65.2842, Task avg acc:80.5575
2024-05-27 05:00:06,657 - INFO - Epoch 3
2024-05-27 05:00:10,911 - INFO - Batch num: 0, Task 0 acc: 96.6757, Batch num: 0, Task 1 acc: 61.4860, Task avg acc:79.0809
2024-05-27 05:00:15,376 - INFO - Batch num: 10, Task 0 acc: 90.5373, Batch num: 10, Task 1 acc: 68.2181, Task avg acc:79.3777
2024-05-27 05:00:19,839 - INFO - Batch num: 20, Task 0 acc: 83.9126, Batch num: 20, Task 1 acc: 75.9724, Task avg acc:79.9425
2024-05-27 05:00:24,331 - INFO - Batch num: 30, Task 0 acc: 94.3798, Batch num: 30, Task 1 acc: 65.7829, Task avg acc:80.0813
2024-05-27 05:00:28,798 - INFO - Batch num: 40, Task 0 acc: 89.4691, Batch num: 40, Task 1 acc: 71.5758, Task avg acc:80.5224
2024-05-27 05:00:33,254 - INFO - Batch num: 50, Task 0 acc: 85.7781, Batch num: 50, Task 1 acc: 71.9830, Task avg acc:78.8806
2024-05-27 05:00:37,732 - INFO - Batch num: 60, Task 0 acc: 93.7181, Batch num: 60, Task 1 acc: 68.9827, Task avg acc:81.3504
2024-05-27 05:00:42,333 - INFO - Batch num: 70, Task 0 acc: 91.0156, Batch num: 70, Task 1 acc: 69.8055, Task avg acc:80.4106
2024-05-27 05:00:46,818 - INFO - Batch num: 80, Task 0 acc: 90.9279, Batch num: 80, Task 1 acc: 67.0130, Task avg acc:78.9704
2024-05-27 05:00:51,276 - INFO - Batch num: 90, Task 0 acc: 86.5115, Batch num: 90, Task 1 acc: 68.5090, Task avg acc:77.5102
2024-05-27 05:00:51,365 - INFO - ##########Task 2##########
2024-05-27 05:00:51,366 - INFO - Epoch 0
2024-05-27 05:00:57,553 - INFO - Batch num: 0, Task 0 acc: 99.0513, Batch num: 0, Task 1 acc: 38.3893, Batch num: 0, Task 2 acc: 0.0000, Task avg acc:45.8135
2024-05-27 05:01:04,045 - INFO - Batch num: 10, Task 0 acc: 99.7768, Batch num: 10, Task 1 acc: 4.8870, Batch num: 10, Task 2 acc: 0.0000, Task avg acc:34.8879
2024-05-27 05:01:10,428 - INFO - Batch num: 20, Task 0 acc: 99.7848, Batch num: 20, Task 1 acc: 6.4744, Batch num: 20, Task 2 acc: 0.0000, Task avg acc:35.4197
2024-05-27 05:01:16,816 - INFO - Batch num: 30, Task 0 acc: 99.7927, Batch num: 30, Task 1 acc: 12.0096, Batch num: 30, Task 2 acc: 0.0000, Task avg acc:37.2675
2024-05-27 05:01:23,206 - INFO - Batch num: 40, Task 0 acc: 99.7210, Batch num: 40, Task 1 acc: 7.6130, Batch num: 40, Task 2 acc: 0.0000, Task avg acc:35.7780
2024-05-27 05:01:29,624 - INFO - Batch num: 50, Task 0 acc: 99.5456, Batch num: 50, Task 1 acc: 1.6955, Batch num: 50, Task 2 acc: 0.0539, Task avg acc:33.7650
2024-05-27 05:01:36,017 - INFO - Batch num: 60, Task 0 acc: 99.5934, Batch num: 60, Task 1 acc: 0.2161, Batch num: 60, Task 2 acc: 0.8890, Task avg acc:33.5662
2024-05-27 05:01:42,479 - INFO - Batch num: 70, Task 0 acc: 99.5376, Batch num: 70, Task 1 acc: 0.0582, Batch num: 70, Task 2 acc: 5.5675, Task avg acc:35.0544
2024-05-27 05:01:48,865 - INFO - Batch num: 80, Task 0 acc: 99.4180, Batch num: 80, Task 1 acc: 0.0000, Batch num: 80, Task 2 acc: 15.9483, Task avg acc:38.4554
2024-05-27 05:01:49,051 - INFO - Epoch 1
2024-05-27 05:01:55,305 - INFO - Batch num: 0, Task 0 acc: 99.5615, Batch num: 0, Task 1 acc: 0.0000, Batch num: 0, Task 2 acc: 16.5948, Task avg acc:38.7188
2024-05-27 05:02:01,714 - INFO - Batch num: 10, Task 0 acc: 99.6014, Batch num: 10, Task 1 acc: 0.0000, Batch num: 10, Task 2 acc: 17.9867, Task avg acc:39.1960
2024-05-27 05:02:08,128 - INFO - Batch num: 20, Task 0 acc: 99.6413, Batch num: 20, Task 1 acc: 0.0000, Batch num: 20, Task 2 acc: 19.7468, Task avg acc:39.7960
2024-05-27 05:02:14,536 - INFO - Batch num: 30, Task 0 acc: 99.6253, Batch num: 30, Task 1 acc: 0.0000, Batch num: 30, Task 2 acc: 25.9608, Task avg acc:41.8621
2024-05-27 05:02:20,918 - INFO - Batch num: 40, Task 0 acc: 99.5695, Batch num: 40, Task 1 acc: 0.0000, Batch num: 40, Task 2 acc: 28.8075, Task avg acc:42.7923
2024-05-27 05:02:27,293 - INFO - Batch num: 50, Task 0 acc: 99.6173, Batch num: 50, Task 1 acc: 0.0000, Batch num: 50, Task 2 acc: 29.9389, Task avg acc:43.1854
2024-05-27 05:02:33,690 - INFO - Batch num: 60, Task 0 acc: 99.6173, Batch num: 60, Task 1 acc: 0.0000, Batch num: 60, Task 2 acc: 32.3455, Task avg acc:43.9876
2024-05-27 05:02:40,152 - INFO - Batch num: 70, Task 0 acc: 99.5695, Batch num: 70, Task 1 acc: 0.0000, Batch num: 70, Task 2 acc: 29.3732, Task avg acc:42.9809
2024-05-27 05:02:46,664 - INFO - Batch num: 80, Task 0 acc: 99.4420, Batch num: 80, Task 1 acc: 0.0000, Batch num: 80, Task 2 acc: 37.9490, Task avg acc:45.7970
2024-05-27 05:02:46,821 - INFO - Epoch 2
2024-05-27 05:02:53,004 - INFO - Batch num: 0, Task 0 acc: 99.5695, Batch num: 0, Task 1 acc: 0.0000, Batch num: 0, Task 2 acc: 33.8991, Task avg acc:44.4895
2024-05-27 05:02:59,432 - INFO - Batch num: 10, Task 0 acc: 99.6492, Batch num: 10, Task 1 acc: 0.0000, Batch num: 10, Task 2 acc: 27.2629, Task avg acc:42.3041
2024-05-27 05:03:05,807 - INFO - Batch num: 20, Task 0 acc: 99.5456, Batch num: 20, Task 1 acc: 0.0000, Batch num: 20, Task 2 acc: 36.1889, Task avg acc:45.2448
2024-05-27 05:03:12,200 - INFO - Batch num: 30, Task 0 acc: 99.6413, Batch num: 30, Task 1 acc: 0.0000, Batch num: 30, Task 2 acc: 32.4892, Task avg acc:44.0435
2024-05-27 05:03:18,719 - INFO - Batch num: 40, Task 0 acc: 99.5775, Batch num: 40, Task 1 acc: 0.0000, Batch num: 40, Task 2 acc: 29.8402, Task avg acc:43.1392
2024-05-27 05:03:25,117 - INFO - Batch num: 50, Task 0 acc: 99.6413, Batch num: 50, Task 1 acc: 0.0000, Batch num: 50, Task 2 acc: 30.2892, Task avg acc:43.3101
2024-05-27 05:03:31,502 - INFO - Batch num: 60, Task 0 acc: 99.4180, Batch num: 60, Task 1 acc: 0.0000, Batch num: 60, Task 2 acc: 31.9504, Task avg acc:43.7895
2024-05-27 05:03:37,888 - INFO - Batch num: 70, Task 0 acc: 99.6094, Batch num: 70, Task 1 acc: 0.0000, Batch num: 70, Task 2 acc: 29.6246, Task avg acc:43.0780
2024-05-27 05:03:44,598 - INFO - Batch num: 80, Task 0 acc: 99.6572, Batch num: 80, Task 1 acc: 0.0000, Batch num: 80, Task 2 acc: 29.6516, Task avg acc:43.1029
2024-05-27 05:03:44,753 - INFO - Epoch 3
2024-05-27 05:03:51,224 - INFO - Batch num: 0, Task 0 acc: 99.5775, Batch num: 0, Task 1 acc: 0.0000, Batch num: 0, Task 2 acc: 32.8035, Task avg acc:44.1270
2024-05-27 05:03:57,668 - INFO - Batch num: 10, Task 0 acc: 99.6413, Batch num: 10, Task 1 acc: 0.0000, Batch num: 10, Task 2 acc: 28.2058, Task avg acc:42.6157
2024-05-27 05:04:04,022 - INFO - Batch num: 20, Task 0 acc: 99.5855, Batch num: 20, Task 1 acc: 0.0000, Batch num: 20, Task 2 acc: 27.7029, Task avg acc:42.4295
2024-05-27 05:04:10,384 - INFO - Batch num: 30, Task 0 acc: 99.5695, Batch num: 30, Task 1 acc: 0.0000, Batch num: 30, Task 2 acc: 30.3879, Task avg acc:43.3191
2024-05-27 05:04:16,751 - INFO - Batch num: 40, Task 0 acc: 99.5775, Batch num: 40, Task 1 acc: 0.0000, Batch num: 40, Task 2 acc: 29.1577, Task avg acc:42.9117
2024-05-27 05:04:23,299 - INFO - Batch num: 50, Task 0 acc: 99.5775, Batch num: 50, Task 1 acc: 0.0000, Batch num: 50, Task 2 acc: 33.7554, Task avg acc:44.4443
2024-05-27 05:04:29,713 - INFO - Batch num: 60, Task 0 acc: 99.6094, Batch num: 60, Task 1 acc: 0.0000, Batch num: 60, Task 2 acc: 30.2532, Task avg acc:43.2875
2024-05-27 05:04:36,405 - INFO - Batch num: 70, Task 0 acc: 99.6014, Batch num: 70, Task 1 acc: 0.0000, Batch num: 70, Task 2 acc: 28.8075, Task avg acc:42.8030
2024-05-27 05:04:42,957 - INFO - Batch num: 80, Task 0 acc: 99.6253, Batch num: 80, Task 1 acc: 0.0000, Batch num: 80, Task 2 acc: 28.9332, Task avg acc:42.8528
2024-05-27 05:04:43,126 - INFO - ##########Task 3##########
2024-05-27 05:04:43,127 - INFO - Epoch 0
2024-05-27 05:04:51,372 - INFO - Batch num: 0, Task 0 acc: 99.6253, Batch num: 0, Task 1 acc: 0.0000, Batch num: 0, Task 2 acc: 21.9379, Batch num: 0, Task 3 acc: 0.0164, Task avg acc:30.3949
2024-05-27 05:05:00,246 - INFO - Batch num: 10, Task 0 acc: 99.7688, Batch num: 10, Task 1 acc: 0.0000, Batch num: 10, Task 2 acc: 2.5144, Batch num: 10, Task 3 acc: 1.2993, Task avg acc:25.8956
2024-05-27 05:05:09,718 - INFO - Batch num: 20, Task 0 acc: 99.7768, Batch num: 20, Task 1 acc: 0.0000, Batch num: 20, Task 2 acc: 0.5568, Batch num: 20, Task 3 acc: 10.8306, Task avg acc:27.7910
2024-05-27 05:05:18,194 - INFO - Batch num: 30, Task 0 acc: 99.7848, Batch num: 30, Task 1 acc: 0.0000, Batch num: 30, Task 2 acc: 0.0449, Batch num: 30, Task 3 acc: 12.5247, Task avg acc:28.0886
2024-05-27 05:05:26,669 - INFO - Batch num: 40, Task 0 acc: 99.7768, Batch num: 40, Task 1 acc: 0.0000, Batch num: 40, Task 2 acc: 0.0000, Batch num: 40, Task 3 acc: 16.3816, Task avg acc:29.0396
2024-05-27 05:05:35,125 - INFO - Batch num: 50, Task 0 acc: 99.7927, Batch num: 50, Task 1 acc: 0.0000, Batch num: 50, Task 2 acc: 0.0000, Batch num: 50, Task 3 acc: 18.9391, Task avg acc:29.6830
2024-05-27 05:05:43,623 - INFO - Batch num: 60, Task 0 acc: 99.8166, Batch num: 60, Task 1 acc: 0.0000, Batch num: 60, Task 2 acc: 0.0000, Batch num: 60, Task 3 acc: 15.5263, Task avg acc:28.8357
2024-05-27 05:05:52,074 - INFO - Batch num: 70, Task 0 acc: 99.8087, Batch num: 70, Task 1 acc: 0.0000, Batch num: 70, Task 2 acc: 0.0000, Batch num: 70, Task 3 acc: 15.7895, Task avg acc:28.8995
2024-05-27 05:06:00,507 - INFO - Batch num: 80, Task 0 acc: 99.7927, Batch num: 80, Task 1 acc: 0.0000, Batch num: 80, Task 2 acc: 0.0000, Batch num: 80, Task 3 acc: 18.1003, Task avg acc:29.4733
2024-05-27 05:06:08,988 - INFO - Batch num: 90, Task 0 acc: 99.7848, Batch num: 90, Task 1 acc: 0.0000, Batch num: 90, Task 2 acc: 0.0000, Batch num: 90, Task 3 acc: 16.9901, Task avg acc:29.1937
2024-05-27 05:06:09,099 - INFO - Epoch 1
2024-05-27 05:06:17,341 - INFO - Batch num: 0, Task 0 acc: 99.7608, Batch num: 0, Task 1 acc: 0.0000, Batch num: 0, Task 2 acc: 0.0000, Batch num: 0, Task 3 acc: 20.4194, Task avg acc:30.0451
2024-05-27 05:06:25,763 - INFO - Batch num: 10, Task 0 acc: 99.7529, Batch num: 10, Task 1 acc: 0.0000, Batch num: 10, Task 2 acc: 0.0000, Batch num: 10, Task 3 acc: 17.5329, Task avg acc:29.3214
2024-05-27 05:06:34,233 - INFO - Batch num: 20, Task 0 acc: 99.7768, Batch num: 20, Task 1 acc: 0.0000, Batch num: 20, Task 2 acc: 0.0000, Batch num: 20, Task 3 acc: 17.5247, Task avg acc:29.3254
2024-05-27 05:06:42,673 - INFO - Batch num: 30, Task 0 acc: 99.8007, Batch num: 30, Task 1 acc: 0.0000, Batch num: 30, Task 2 acc: 0.0000, Batch num: 30, Task 3 acc: 17.0559, Task avg acc:29.2142
2024-05-27 05:06:51,122 - INFO - Batch num: 40, Task 0 acc: 99.8007, Batch num: 40, Task 1 acc: 0.0000, Batch num: 40, Task 2 acc: 0.0000, Batch num: 40, Task 3 acc: 15.5099, Task avg acc:28.8276
2024-05-27 05:06:59,761 - INFO - Batch num: 50, Task 0 acc: 99.8246, Batch num: 50, Task 1 acc: 0.0000, Batch num: 50, Task 2 acc: 0.0000, Batch num: 50, Task 3 acc: 18.5444, Task avg acc:29.5923
2024-05-27 05:07:08,235 - INFO - Batch num: 60, Task 0 acc: 99.8007, Batch num: 60, Task 1 acc: 0.0000, Batch num: 60, Task 2 acc: 0.0000, Batch num: 60, Task 3 acc: 17.2286, Task avg acc:29.2573
2024-05-27 05:07:16,680 - INFO - Batch num: 70, Task 0 acc: 99.7927, Batch num: 70, Task 1 acc: 0.0000, Batch num: 70, Task 2 acc: 0.0000, Batch num: 70, Task 3 acc: 15.9293, Task avg acc:28.9305
2024-05-27 05:07:25,194 - INFO - Batch num: 80, Task 0 acc: 99.8087, Batch num: 80, Task 1 acc: 0.0000, Batch num: 80, Task 2 acc: 0.0000, Batch num: 80, Task 3 acc: 18.4704, Task avg acc:29.5698
2024-05-27 05:07:33,650 - INFO - Batch num: 90, Task 0 acc: 99.8007, Batch num: 90, Task 1 acc: 0.0000, Batch num: 90, Task 2 acc: 0.0000, Batch num: 90, Task 3 acc: 16.8421, Task avg acc:29.1607
2024-05-27 05:07:33,759 - INFO - Epoch 2
2024-05-27 05:07:42,011 - INFO - Batch num: 0, Task 0 acc: 99.7768, Batch num: 0, Task 1 acc: 0.0000, Batch num: 0, Task 2 acc: 0.0000, Batch num: 0, Task 3 acc: 15.6826, Task avg acc:28.8648
2024-05-27 05:07:50,494 - INFO - Batch num: 10, Task 0 acc: 99.7608, Batch num: 10, Task 1 acc: 0.0000, Batch num: 10, Task 2 acc: 0.0000, Batch num: 10, Task 3 acc: 16.6365, Task avg acc:29.0993
2024-05-27 05:07:59,058 - INFO - Batch num: 20, Task 0 acc: 99.7848, Batch num: 20, Task 1 acc: 0.0000, Batch num: 20, Task 2 acc: 0.0000, Batch num: 20, Task 3 acc: 17.7220, Task avg acc:29.3767
2024-05-27 05:08:07,504 - INFO - Batch num: 30, Task 0 acc: 99.7927, Batch num: 30, Task 1 acc: 0.0000, Batch num: 30, Task 2 acc: 0.0000, Batch num: 30, Task 3 acc: 16.6365, Task avg acc:29.1073
2024-05-27 05:08:15,967 - INFO - Batch num: 40, Task 0 acc: 99.7927, Batch num: 40, Task 1 acc: 0.0000, Batch num: 40, Task 2 acc: 0.0000, Batch num: 40, Task 3 acc: 15.8882, Task avg acc:28.9202
2024-05-27 05:08:24,441 - INFO - Batch num: 50, Task 0 acc: 99.8166, Batch num: 50, Task 1 acc: 0.0000, Batch num: 50, Task 2 acc: 0.0000, Batch num: 50, Task 3 acc: 18.4211, Task avg acc:29.5594
2024-05-27 05:08:32,890 - INFO - Batch num: 60, Task 0 acc: 99.8087, Batch num: 60, Task 1 acc: 0.0000, Batch num: 60, Task 2 acc: 0.0000, Batch num: 60, Task 3 acc: 15.5016, Task avg acc:28.8276
2024-05-27 05:08:41,388 - INFO - Batch num: 70, Task 0 acc: 99.7927, Batch num: 70, Task 1 acc: 0.0000, Batch num: 70, Task 2 acc: 0.0000, Batch num: 70, Task 3 acc: 15.4112, Task avg acc:28.8010
2024-05-27 05:08:49,866 - INFO - Batch num: 80, Task 0 acc: 99.8087, Batch num: 80, Task 1 acc: 0.0000, Batch num: 80, Task 2 acc: 0.0000, Batch num: 80, Task 3 acc: 18.4457, Task avg acc:29.5636
2024-05-27 05:08:58,337 - INFO - Batch num: 90, Task 0 acc: 99.7927, Batch num: 90, Task 1 acc: 0.0000, Batch num: 90, Task 2 acc: 0.0000, Batch num: 90, Task 3 acc: 14.8438, Task avg acc:28.6591
2024-05-27 05:08:58,446 - INFO - Epoch 3
2024-05-27 05:09:06,711 - INFO - Batch num: 0, Task 0 acc: 99.7608, Batch num: 0, Task 1 acc: 0.0000, Batch num: 0, Task 2 acc: 0.0000, Batch num: 0, Task 3 acc: 16.0691, Task avg acc:28.9575
2024-05-27 05:09:15,245 - INFO - Batch num: 10, Task 0 acc: 99.7608, Batch num: 10, Task 1 acc: 0.0000, Batch num: 10, Task 2 acc: 0.0000, Batch num: 10, Task 3 acc: 17.1464, Task avg acc:29.2268
2024-05-27 05:09:24,651 - INFO - Batch num: 20, Task 0 acc: 99.7848, Batch num: 20, Task 1 acc: 0.0000, Batch num: 20, Task 2 acc: 0.0000, Batch num: 20, Task 3 acc: 16.7928, Task avg acc:29.1444
2024-05-27 05:09:33,454 - INFO - Batch num: 30, Task 0 acc: 99.7848, Batch num: 30, Task 1 acc: 0.0000, Batch num: 30, Task 2 acc: 0.0000, Batch num: 30, Task 3 acc: 17.3602, Task avg acc:29.2862
2024-05-27 05:09:41,883 - INFO - Batch num: 40, Task 0 acc: 99.8007, Batch num: 40, Task 1 acc: 0.0000, Batch num: 40, Task 2 acc: 0.0000, Batch num: 40, Task 3 acc: 15.1398, Task avg acc:28.7351
2024-05-27 05:09:50,221 - INFO - Batch num: 50, Task 0 acc: 99.8166, Batch num: 50, Task 1 acc: 0.0000, Batch num: 50, Task 2 acc: 0.0000, Batch num: 50, Task 3 acc: 17.3273, Task avg acc:29.2860
2024-05-27 05:09:58,584 - INFO - Batch num: 60, Task 0 acc: 99.8087, Batch num: 60, Task 1 acc: 0.0000, Batch num: 60, Task 2 acc: 0.0000, Batch num: 60, Task 3 acc: 16.1020, Task avg acc:28.9777
2024-05-27 05:10:06,926 - INFO - Batch num: 70, Task 0 acc: 99.8007, Batch num: 70, Task 1 acc: 0.0000, Batch num: 70, Task 2 acc: 0.0000, Batch num: 70, Task 3 acc: 14.6299, Task avg acc:28.6077
2024-05-27 05:10:15,862 - INFO - Batch num: 80, Task 0 acc: 99.8007, Batch num: 80, Task 1 acc: 0.0000, Batch num: 80, Task 2 acc: 0.0000, Batch num: 80, Task 3 acc: 18.2401, Task avg acc:29.5102
2024-05-27 05:10:24,479 - INFO - Batch num: 90, Task 0 acc: 99.7927, Batch num: 90, Task 1 acc: 0.0000, Batch num: 90, Task 2 acc: 0.0000, Batch num: 90, Task 3 acc: 15.9704, Task avg acc:28.9408
2024-05-27 05:10:24,597 - INFO - ##########Task 4##########
2024-05-27 05:10:24,598 - INFO - Epoch 0
2024-05-27 05:10:34,854 - INFO - Batch num: 0, Task 0 acc: 99.7848, Batch num: 0, Task 1 acc: 0.0000, Batch num: 0, Task 2 acc: 0.0000, Batch num: 0, Task 3 acc: 12.3273, Batch num: 0, Task 4 acc: 0.0000, Task avg acc:22.4224
2024-05-27 05:10:45,233 - INFO - Batch num: 10, Task 0 acc: 99.8485, Batch num: 10, Task 1 acc: 0.0000, Batch num: 10, Task 2 acc: 0.0000, Batch num: 10, Task 3 acc: 1.4720, Batch num: 10, Task 4 acc: 0.0000, Task avg acc:20.2641
2024-05-27 05:10:55,591 - INFO - Batch num: 20, Task 0 acc: 99.8565, Batch num: 20, Task 1 acc: 0.0000, Batch num: 20, Task 2 acc: 0.0000, Batch num: 20, Task 3 acc: 0.3618, Batch num: 20, Task 4 acc: 0.0255, Task avg acc:20.0488
2024-05-27 05:11:05,914 - INFO - Batch num: 30, Task 0 acc: 99.8724, Batch num: 30, Task 1 acc: 0.0000, Batch num: 30, Task 2 acc: 0.0000, Batch num: 30, Task 3 acc: 0.1645, Batch num: 30, Task 4 acc: 1.1209, Task avg acc:20.2316
2024-05-27 05:11:16,249 - INFO - Batch num: 40, Task 0 acc: 99.8645, Batch num: 40, Task 1 acc: 0.0000, Batch num: 40, Task 2 acc: 0.0000, Batch num: 40, Task 3 acc: 0.0329, Batch num: 40, Task 4 acc: 11.3366, Task avg acc:22.2468
2024-05-27 05:11:26,596 - INFO - Batch num: 50, Task 0 acc: 99.8485, Batch num: 50, Task 1 acc: 0.0000, Batch num: 50, Task 2 acc: 0.0000, Batch num: 50, Task 3 acc: 0.0082, Batch num: 50, Task 4 acc: 13.0944, Task avg acc:22.5902
2024-05-27 05:11:37,566 - INFO - Batch num: 60, Task 0 acc: 99.8326, Batch num: 60, Task 1 acc: 0.0000, Batch num: 60, Task 2 acc: 0.0000, Batch num: 60, Task 3 acc: 0.0000, Batch num: 60, Task 4 acc: 15.3023, Task avg acc:23.0270
2024-05-27 05:11:48,047 - INFO - Batch num: 70, Task 0 acc: 99.8406, Batch num: 70, Task 1 acc: 0.0000, Batch num: 70, Task 2 acc: 0.0000, Batch num: 70, Task 3 acc: 0.0000, Batch num: 70, Task 4 acc: 13.2133, Task avg acc:22.6108
2024-05-27 05:11:58,400 - INFO - Batch num: 80, Task 0 acc: 99.8485, Batch num: 80, Task 1 acc: 0.0000, Batch num: 80, Task 2 acc: 0.0000, Batch num: 80, Task 3 acc: 0.0000, Batch num: 80, Task 4 acc: 12.0669, Task avg acc:22.3831
2024-05-27 05:12:08,712 - INFO - Batch num: 90, Task 0 acc: 99.8485, Batch num: 90, Task 1 acc: 0.0000, Batch num: 90, Task 2 acc: 0.0000, Batch num: 90, Task 3 acc: 0.0000, Batch num: 90, Task 4 acc: 12.5849, Task avg acc:22.4867
2024-05-27 05:12:08,740 - INFO - Epoch 1
2024-05-27 05:12:18,826 - INFO - Batch num: 0, Task 0 acc: 99.8485, Batch num: 0, Task 1 acc: 0.0000, Batch num: 0, Task 2 acc: 0.0000, Batch num: 0, Task 3 acc: 0.0000, Batch num: 0, Task 4 acc: 12.4915, Task avg acc:22.4680
2024-05-27 05:12:29,167 - INFO - Batch num: 10, Task 0 acc: 99.8485, Batch num: 10, Task 1 acc: 0.0000, Batch num: 10, Task 2 acc: 0.0000, Batch num: 10, Task 3 acc: 0.0000, Batch num: 10, Task 4 acc: 13.0944, Task avg acc:22.5886
2024-05-27 05:12:39,497 - INFO - Batch num: 20, Task 0 acc: 99.8485, Batch num: 20, Task 1 acc: 0.0000, Batch num: 20, Task 2 acc: 0.0000, Batch num: 20, Task 3 acc: 0.0000, Batch num: 20, Task 4 acc: 12.7548, Task avg acc:22.5207
2024-05-27 05:12:49,861 - INFO - Batch num: 30, Task 0 acc: 99.8326, Batch num: 30, Task 1 acc: 0.0000, Batch num: 30, Task 2 acc: 0.0000, Batch num: 30, Task 3 acc: 0.0000, Batch num: 30, Task 4 acc: 11.2262, Task avg acc:22.2118
2024-05-27 05:13:00,190 - INFO - Batch num: 40, Task 0 acc: 99.8406, Batch num: 40, Task 1 acc: 0.0000, Batch num: 40, Task 2 acc: 0.0000, Batch num: 40, Task 3 acc: 0.0000, Batch num: 40, Task 4 acc: 12.1433, Task avg acc:22.3968
2024-05-27 05:13:10,630 - INFO - Batch num: 50, Task 0 acc: 99.8406, Batch num: 50, Task 1 acc: 0.0000, Batch num: 50, Task 2 acc: 0.0000, Batch num: 50, Task 3 acc: 0.0000, Batch num: 50, Task 4 acc: 11.5659, Task avg acc:22.2813
2024-05-27 05:13:20,927 - INFO - Batch num: 60, Task 0 acc: 99.8246, Batch num: 60, Task 1 acc: 0.0000, Batch num: 60, Task 2 acc: 0.0000, Batch num: 60, Task 3 acc: 0.0000, Batch num: 60, Task 4 acc: 12.2707, Task avg acc:22.4191
2024-05-27 05:13:31,261 - INFO - Batch num: 70, Task 0 acc: 99.8326, Batch num: 70, Task 1 acc: 0.0000, Batch num: 70, Task 2 acc: 0.0000, Batch num: 70, Task 3 acc: 0.0000, Batch num: 70, Task 4 acc: 13.0690, Task avg acc:22.5803
2024-05-27 05:13:41,582 - INFO - Batch num: 80, Task 0 acc: 99.8326, Batch num: 80, Task 1 acc: 0.0000, Batch num: 80, Task 2 acc: 0.0000, Batch num: 80, Task 3 acc: 0.0000, Batch num: 80, Task 4 acc: 12.1264, Task avg acc:22.3918
2024-05-27 05:13:51,887 - INFO - Batch num: 90, Task 0 acc: 99.8406, Batch num: 90, Task 1 acc: 0.0000, Batch num: 90, Task 2 acc: 0.0000, Batch num: 90, Task 3 acc: 0.0000, Batch num: 90, Task 4 acc: 11.2347, Task avg acc:22.2151
2024-05-27 05:13:51,915 - INFO - Epoch 2
2024-05-27 05:14:02,035 - INFO - Batch num: 0, Task 0 acc: 99.8406, Batch num: 0, Task 1 acc: 0.0000, Batch num: 0, Task 2 acc: 0.0000, Batch num: 0, Task 3 acc: 0.0000, Batch num: 0, Task 4 acc: 11.1583, Task avg acc:22.1998
2024-05-27 05:14:12,330 - INFO - Batch num: 10, Task 0 acc: 99.8246, Batch num: 10, Task 1 acc: 0.0000, Batch num: 10, Task 2 acc: 0.0000, Batch num: 10, Task 3 acc: 0.0000, Batch num: 10, Task 4 acc: 12.8227, Task avg acc:22.5295
2024-05-27 05:14:22,638 - INFO - Batch num: 20, Task 0 acc: 99.8406, Batch num: 20, Task 1 acc: 0.0000, Batch num: 20, Task 2 acc: 0.0000, Batch num: 20, Task 3 acc: 0.0000, Batch num: 20, Task 4 acc: 12.1943, Task avg acc:22.4070
2024-05-27 05:14:32,934 - INFO - Batch num: 30, Task 0 acc: 99.8326, Batch num: 30, Task 1 acc: 0.0000, Batch num: 30, Task 2 acc: 0.0000, Batch num: 30, Task 3 acc: 0.0000, Batch num: 30, Task 4 acc: 12.5764, Task avg acc:22.4818
2024-05-27 05:14:43,253 - INFO - Batch num: 40, Task 0 acc: 99.8406, Batch num: 40, Task 1 acc: 0.0000, Batch num: 40, Task 2 acc: 0.0000, Batch num: 40, Task 3 acc: 0.0000, Batch num: 40, Task 4 acc: 12.4406, Task avg acc:22.4562
2024-05-27 05:14:53,574 - INFO - Batch num: 50, Task 0 acc: 99.8326, Batch num: 50, Task 1 acc: 0.0000, Batch num: 50, Task 2 acc: 0.0000, Batch num: 50, Task 3 acc: 0.0000, Batch num: 50, Task 4 acc: 12.1349, Task avg acc:22.3935
2024-05-27 05:15:03,924 - INFO - Batch num: 60, Task 0 acc: 99.8166, Batch num: 60, Task 1 acc: 0.0000, Batch num: 60, Task 2 acc: 0.0000, Batch num: 60, Task 3 acc: 0.0000, Batch num: 60, Task 4 acc: 12.1264, Task avg acc:22.3886
2024-05-27 05:15:14,253 - INFO - Batch num: 70, Task 0 acc: 99.8326, Batch num: 70, Task 1 acc: 0.0000, Batch num: 70, Task 2 acc: 0.0000, Batch num: 70, Task 3 acc: 0.0000, Batch num: 70, Task 4 acc: 13.2303, Task avg acc:22.6126
2024-05-27 05:15:24,563 - INFO - Batch num: 80, Task 0 acc: 99.8406, Batch num: 80, Task 1 acc: 0.0000, Batch num: 80, Task 2 acc: 0.0000, Batch num: 80, Task 3 acc: 0.0000, Batch num: 80, Task 4 acc: 12.5085, Task avg acc:22.4698
2024-05-27 05:15:34,897 - INFO - Batch num: 90, Task 0 acc: 99.8406, Batch num: 90, Task 1 acc: 0.0000, Batch num: 90, Task 2 acc: 0.0000, Batch num: 90, Task 3 acc: 0.0000, Batch num: 90, Task 4 acc: 12.3302, Task avg acc:22.4341
2024-05-27 05:15:34,927 - INFO - Epoch 3
2024-05-27 05:15:45,022 - INFO - Batch num: 0, Task 0 acc: 99.8406, Batch num: 0, Task 1 acc: 0.0000, Batch num: 0, Task 2 acc: 0.0000, Batch num: 0, Task 3 acc: 0.0000, Batch num: 0, Task 4 acc: 12.0669, Task avg acc:22.3815
2024-05-27 05:15:55,319 - INFO - Batch num: 10, Task 0 acc: 99.8326, Batch num: 10, Task 1 acc: 0.0000, Batch num: 10, Task 2 acc: 0.0000, Batch num: 10, Task 3 acc: 0.0000, Batch num: 10, Task 4 acc: 12.7632, Task avg acc:22.5192
2024-05-27 05:16:05,647 - INFO - Batch num: 20, Task 0 acc: 99.8246, Batch num: 20, Task 1 acc: 0.0000, Batch num: 20, Task 2 acc: 0.0000, Batch num: 20, Task 3 acc: 0.0000, Batch num: 20, Task 4 acc: 12.7463, Task avg acc:22.5142
2024-05-27 05:16:15,999 - INFO - Batch num: 30, Task 0 acc: 99.8246, Batch num: 30, Task 1 acc: 0.0000, Batch num: 30, Task 2 acc: 0.0000, Batch num: 30, Task 3 acc: 0.0000, Batch num: 30, Task 4 acc: 11.3791, Task avg acc:22.2407
2024-05-27 05:16:26,303 - INFO - Batch num: 40, Task 0 acc: 99.8326, Batch num: 40, Task 1 acc: 0.0000, Batch num: 40, Task 2 acc: 0.0000, Batch num: 40, Task 3 acc: 0.0000, Batch num: 40, Task 4 acc: 12.5340, Task avg acc:22.4733
2024-05-27 05:16:36,599 - INFO - Batch num: 50, Task 0 acc: 99.8326, Batch num: 50, Task 1 acc: 0.0000, Batch num: 50, Task 2 acc: 0.0000, Batch num: 50, Task 3 acc: 0.0000, Batch num: 50, Task 4 acc: 11.9820, Task avg acc:22.3629
2024-05-27 05:16:46,903 - INFO - Batch num: 60, Task 0 acc: 99.8326, Batch num: 60, Task 1 acc: 0.0000, Batch num: 60, Task 2 acc: 0.0000, Batch num: 60, Task 3 acc: 0.0000, Batch num: 60, Task 4 acc: 11.7103, Task avg acc:22.3086
2024-05-27 05:16:57,207 - INFO - Batch num: 70, Task 0 acc: 99.8326, Batch num: 70, Task 1 acc: 0.0000, Batch num: 70, Task 2 acc: 0.0000, Batch num: 70, Task 3 acc: 0.0000, Batch num: 70, Task 4 acc: 11.7697, Task avg acc:22.3205
2024-05-27 05:17:08,121 - INFO - Batch num: 80, Task 0 acc: 99.8326, Batch num: 80, Task 1 acc: 0.0000, Batch num: 80, Task 2 acc: 0.0000, Batch num: 80, Task 3 acc: 0.0000, Batch num: 80, Task 4 acc: 11.5574, Task avg acc:22.2780
2024-05-27 05:17:18,922 - INFO - Batch num: 90, Task 0 acc: 99.8406, Batch num: 90, Task 1 acc: 0.0000, Batch num: 90, Task 2 acc: 0.0000, Batch num: 90, Task 3 acc: 0.0000, Batch num: 90, Task 4 acc: 11.3281, Task avg acc:22.2337
