2024-05-27 02:23:21,011 - INFO - ##########Task 0##########
2024-05-27 02:23:21,012 - INFO - Epoch 0
2024-05-27 02:23:23,631 - INFO - Batch num: 0, Task 0 acc: 1.0364, Task avg acc:1.0364
2024-05-27 02:23:26,295 - INFO - Batch num: 10, Task 0 acc: 96.4764, Task avg acc:96.4764
2024-05-27 02:23:28,998 - INFO - Batch num: 20, Task 0 acc: 99.5934, Task avg acc:99.5934
2024-05-27 02:23:31,562 - INFO - Batch num: 30, Task 0 acc: 99.8087, Task avg acc:99.8087
2024-05-27 02:23:34,119 - INFO - Batch num: 40, Task 0 acc: 99.8406, Task avg acc:99.8406
2024-05-27 02:23:36,816 - INFO - Batch num: 50, Task 0 acc: 99.8645, Task avg acc:99.8645
2024-05-27 02:23:39,484 - INFO - Batch num: 60, Task 0 acc: 99.8964, Task avg acc:99.8964
2024-05-27 02:23:42,078 - INFO - Batch num: 70, Task 0 acc: 99.9043, Task avg acc:99.9043
2024-05-27 02:23:44,865 - INFO - Batch num: 80, Task 0 acc: 99.9123, Task avg acc:99.9123
2024-05-27 02:23:47,435 - INFO - Batch num: 90, Task 0 acc: 99.9283, Task avg acc:99.9283
2024-05-27 02:23:47,615 - INFO - Epoch 1
2024-05-27 02:23:49,980 - INFO - Batch num: 0, Task 0 acc: 99.9442, Task avg acc:99.9442
2024-05-27 02:23:52,645 - INFO - Batch num: 10, Task 0 acc: 99.9522, Task avg acc:99.9522
2024-05-27 02:23:55,373 - INFO - Batch num: 20, Task 0 acc: 99.9362, Task avg acc:99.9362
2024-05-27 02:23:57,936 - INFO - Batch num: 30, Task 0 acc: 99.9442, Task avg acc:99.9442
2024-05-27 02:24:00,493 - INFO - Batch num: 40, Task 0 acc: 99.9442, Task avg acc:99.9442
2024-05-27 02:24:03,053 - INFO - Batch num: 50, Task 0 acc: 99.9522, Task avg acc:99.9522
2024-05-27 02:24:05,757 - INFO - Batch num: 60, Task 0 acc: 99.9522, Task avg acc:99.9522
2024-05-27 02:24:08,312 - INFO - Batch num: 70, Task 0 acc: 99.9522, Task avg acc:99.9522
2024-05-27 02:24:10,869 - INFO - Batch num: 80, Task 0 acc: 99.9522, Task avg acc:99.9522
2024-05-27 02:24:13,564 - INFO - Batch num: 90, Task 0 acc: 99.9522, Task avg acc:99.9522
2024-05-27 02:24:13,743 - INFO - Epoch 2
2024-05-27 02:24:16,072 - INFO - Batch num: 0, Task 0 acc: 99.9522, Task avg acc:99.9522
2024-05-27 02:24:18,626 - INFO - Batch num: 10, Task 0 acc: 99.9522, Task avg acc:99.9522
2024-05-27 02:24:21,359 - INFO - Batch num: 20, Task 0 acc: 99.9601, Task avg acc:99.9601
2024-05-27 02:24:23,932 - INFO - Batch num: 30, Task 0 acc: 99.9681, Task avg acc:99.9681
2024-05-27 02:24:26,511 - INFO - Batch num: 40, Task 0 acc: 99.9442, Task avg acc:99.9442
2024-05-27 02:24:29,075 - INFO - Batch num: 50, Task 0 acc: 99.9522, Task avg acc:99.9522
2024-05-27 02:24:31,756 - INFO - Batch num: 60, Task 0 acc: 99.9522, Task avg acc:99.9522
2024-05-27 02:24:34,318 - INFO - Batch num: 70, Task 0 acc: 99.9601, Task avg acc:99.9601
2024-05-27 02:24:36,916 - INFO - Batch num: 80, Task 0 acc: 99.9681, Task avg acc:99.9681
2024-05-27 02:24:39,472 - INFO - Batch num: 90, Task 0 acc: 99.9681, Task avg acc:99.9681
2024-05-27 02:24:39,653 - INFO - Epoch 3
2024-05-27 02:24:42,128 - INFO - Batch num: 0, Task 0 acc: 99.9681, Task avg acc:99.9681
2024-05-27 02:24:44,724 - INFO - Batch num: 10, Task 0 acc: 99.9681, Task avg acc:99.9681
2024-05-27 02:24:47,275 - INFO - Batch num: 20, Task 0 acc: 99.9681, Task avg acc:99.9681
2024-05-27 02:24:49,831 - INFO - Batch num: 30, Task 0 acc: 99.9761, Task avg acc:99.9761
2024-05-27 02:24:52,561 - INFO - Batch num: 40, Task 0 acc: 99.9601, Task avg acc:99.9601
2024-05-27 02:24:55,106 - INFO - Batch num: 50, Task 0 acc: 99.9761, Task avg acc:99.9761
2024-05-27 02:24:57,662 - INFO - Batch num: 60, Task 0 acc: 99.9761, Task avg acc:99.9761
2024-05-27 02:25:00,350 - INFO - Batch num: 70, Task 0 acc: 99.9761, Task avg acc:99.9761
2024-05-27 02:25:02,907 - INFO - Batch num: 80, Task 0 acc: 99.9761, Task avg acc:99.9761
2024-05-27 02:25:05,457 - INFO - Batch num: 90, Task 0 acc: 99.9761, Task avg acc:99.9761
2024-05-27 02:25:05,649 - INFO - ##########Task 1##########
2024-05-27 02:25:05,649 - INFO - Epoch 0
2024-05-27 02:25:10,348 - INFO - Batch num: 0, Task 0 acc: 99.9761, Batch num: 0, Task 1 acc: 0.0000, Task avg acc:49.9880
2024-05-27 02:25:15,122 - INFO - Batch num: 10, Task 0 acc: 99.9362, Batch num: 10, Task 1 acc: 0.0000, Task avg acc:49.9681
2024-05-27 02:25:19,856 - INFO - Batch num: 20, Task 0 acc: 99.9442, Batch num: 20, Task 1 acc: 0.0831, Task avg acc:50.0137
2024-05-27 02:25:24,730 - INFO - Batch num: 30, Task 0 acc: 99.9123, Batch num: 30, Task 1 acc: 6.4827, Task avg acc:53.1975
2024-05-27 02:25:29,486 - INFO - Batch num: 40, Task 0 acc: 99.9043, Batch num: 40, Task 1 acc: 26.8285, Task avg acc:63.3664
2024-05-27 02:25:34,241 - INFO - Batch num: 50, Task 0 acc: 99.8485, Batch num: 50, Task 1 acc: 43.6586, Task avg acc:71.7536
2024-05-27 02:25:39,150 - INFO - Batch num: 60, Task 0 acc: 99.7688, Batch num: 60, Task 1 acc: 52.1609, Task avg acc:75.9649
2024-05-27 02:25:43,952 - INFO - Batch num: 70, Task 0 acc: 99.7369, Batch num: 70, Task 1 acc: 55.6599, Task avg acc:77.6984
2024-05-27 02:25:48,717 - INFO - Batch num: 80, Task 0 acc: 99.7608, Batch num: 80, Task 1 acc: 57.7543, Task avg acc:78.7576
2024-05-27 02:25:53,477 - INFO - Batch num: 90, Task 0 acc: 99.7848, Batch num: 90, Task 1 acc: 56.2832, Task avg acc:78.0340
2024-05-27 02:25:53,557 - INFO - Epoch 1
2024-05-27 02:25:58,197 - INFO - Batch num: 0, Task 0 acc: 99.7927, Batch num: 0, Task 1 acc: 54.4548, Task avg acc:77.1238
2024-05-27 02:26:02,952 - INFO - Batch num: 10, Task 0 acc: 99.7927, Batch num: 10, Task 1 acc: 55.3856, Task avg acc:77.5892
2024-05-27 02:26:07,758 - INFO - Batch num: 20, Task 0 acc: 99.7449, Batch num: 20, Task 1 acc: 58.1200, Task avg acc:78.9325
2024-05-27 02:26:12,505 - INFO - Batch num: 30, Task 0 acc: 99.7529, Batch num: 30, Task 1 acc: 57.6130, Task avg acc:78.6830
2024-05-27 02:26:17,402 - INFO - Batch num: 40, Task 0 acc: 99.8007, Batch num: 40, Task 1 acc: 55.9092, Task avg acc:77.8550
2024-05-27 02:26:22,178 - INFO - Batch num: 50, Task 0 acc: 99.7768, Batch num: 50, Task 1 acc: 58.8597, Task avg acc:79.3182
2024-05-27 02:26:27,507 - INFO - Batch num: 60, Task 0 acc: 99.6891, Batch num: 60, Task 1 acc: 60.0981, Task avg acc:79.8936
2024-05-27 02:26:32,777 - INFO - Batch num: 70, Task 0 acc: 99.6652, Batch num: 70, Task 1 acc: 62.3587, Task avg acc:81.0119
2024-05-27 02:26:37,778 - INFO - Batch num: 80, Task 0 acc: 99.6811, Batch num: 80, Task 1 acc: 61.8185, Task avg acc:80.7498
2024-05-27 02:26:42,619 - INFO - Batch num: 90, Task 0 acc: 99.6891, Batch num: 90, Task 1 acc: 64.6027, Task avg acc:82.1459
2024-05-27 02:26:42,701 - INFO - Epoch 2
2024-05-27 02:26:47,359 - INFO - Batch num: 0, Task 0 acc: 99.6652, Batch num: 0, Task 1 acc: 64.6027, Task avg acc:82.1340
2024-05-27 02:26:52,180 - INFO - Batch num: 10, Task 0 acc: 99.5137, Batch num: 10, Task 1 acc: 65.4422, Task avg acc:82.4779
2024-05-27 02:26:57,001 - INFO - Batch num: 20, Task 0 acc: 99.2427, Batch num: 20, Task 1 acc: 65.8660, Task avg acc:82.5543
2024-05-27 02:27:02,005 - INFO - Batch num: 30, Task 0 acc: 99.5456, Batch num: 30, Task 1 acc: 61.9930, Task avg acc:80.7693
2024-05-27 02:27:06,822 - INFO - Batch num: 40, Task 0 acc: 99.6333, Batch num: 40, Task 1 acc: 63.1898, Task avg acc:81.4116
2024-05-27 02:27:11,628 - INFO - Batch num: 50, Task 0 acc: 99.4101, Batch num: 50, Task 1 acc: 67.4867, Task avg acc:83.4484
2024-05-27 02:27:16,621 - INFO - Batch num: 60, Task 0 acc: 99.2427, Batch num: 60, Task 1 acc: 68.4591, Task avg acc:83.8509
2024-05-27 02:27:21,437 - INFO - Batch num: 70, Task 0 acc: 99.5137, Batch num: 70, Task 1 acc: 68.2181, Task avg acc:83.8659
2024-05-27 02:27:26,241 - INFO - Batch num: 80, Task 0 acc: 99.6891, Batch num: 80, Task 1 acc: 63.5306, Task avg acc:81.6098
2024-05-27 02:27:31,066 - INFO - Batch num: 90, Task 0 acc: 99.6811, Batch num: 90, Task 1 acc: 66.3481, Task avg acc:83.0146
2024-05-27 02:27:31,149 - INFO - Epoch 3
2024-05-27 02:27:35,784 - INFO - Batch num: 0, Task 0 acc: 99.4818, Batch num: 0, Task 1 acc: 70.1047, Task avg acc:84.7933
2024-05-27 02:27:40,762 - INFO - Batch num: 10, Task 0 acc: 99.2427, Batch num: 10, Task 1 acc: 72.5066, Task avg acc:85.8747
2024-05-27 02:27:45,610 - INFO - Batch num: 20, Task 0 acc: 99.0673, Batch num: 20, Task 1 acc: 67.8275, Task avg acc:83.4474
2024-05-27 02:27:50,545 - INFO - Batch num: 30, Task 0 acc: 99.3224, Batch num: 30, Task 1 acc: 65.1928, Task avg acc:82.2576
2024-05-27 02:27:55,517 - INFO - Batch num: 40, Task 0 acc: 99.2825, Batch num: 40, Task 1 acc: 72.2989, Task avg acc:85.7907
2024-05-27 02:28:00,327 - INFO - Batch num: 50, Task 0 acc: 99.3782, Batch num: 50, Task 1 acc: 69.3152, Task avg acc:84.3467
2024-05-27 02:28:05,139 - INFO - Batch num: 60, Task 0 acc: 98.9397, Batch num: 60, Task 1 acc: 68.3261, Task avg acc:83.6329
2024-05-27 02:28:09,938 - INFO - Batch num: 70, Task 0 acc: 98.8760, Batch num: 70, Task 1 acc: 71.0439, Task avg acc:84.9599
2024-05-27 02:28:14,894 - INFO - Batch num: 80, Task 0 acc: 99.0513, Batch num: 80, Task 1 acc: 71.2434, Task avg acc:85.1473
2024-05-27 02:28:19,718 - INFO - Batch num: 90, Task 0 acc: 99.0274, Batch num: 90, Task 1 acc: 74.5678, Task avg acc:86.7976
2024-05-27 02:28:19,811 - INFO - ##########Task 2##########
2024-05-27 02:28:19,812 - INFO - Epoch 0
2024-05-27 02:28:26,443 - INFO - Batch num: 0, Task 0 acc: 99.5536, Batch num: 0, Task 1 acc: 68.7001, Batch num: 0, Task 2 acc: 0.0000, Task avg acc:56.0846
2024-05-27 02:28:33,296 - INFO - Batch num: 10, Task 0 acc: 99.4579, Batch num: 10, Task 1 acc: 62.0096, Batch num: 10, Task 2 acc: 0.0000, Task avg acc:53.8225
2024-05-27 02:28:40,169 - INFO - Batch num: 20, Task 0 acc: 98.4295, Batch num: 20, Task 1 acc: 58.9511, Batch num: 20, Task 2 acc: 0.0000, Task avg acc:52.4602
2024-05-27 02:28:47,185 - INFO - Batch num: 30, Task 0 acc: 98.0389, Batch num: 30, Task 1 acc: 55.2693, Batch num: 30, Task 2 acc: 0.0000, Task avg acc:51.1027
2024-05-27 02:28:54,053 - INFO - Batch num: 40, Task 0 acc: 97.3135, Batch num: 40, Task 1 acc: 55.3441, Batch num: 40, Task 2 acc: 0.0000, Task avg acc:50.8858
2024-05-27 02:29:00,876 - INFO - Batch num: 50, Task 0 acc: 97.2577, Batch num: 50, Task 1 acc: 58.7184, Batch num: 50, Task 2 acc: 0.7094, Task avg acc:52.2285
2024-05-27 02:29:07,700 - INFO - Batch num: 60, Task 0 acc: 98.4933, Batch num: 60, Task 1 acc: 50.0748, Batch num: 60, Task 2 acc: 11.0453, Task avg acc:53.2045
2024-05-27 02:29:14,527 - INFO - Batch num: 70, Task 0 acc: 86.2325, Batch num: 70, Task 1 acc: 31.5243, Batch num: 70, Task 2 acc: 47.0277, Task avg acc:54.9281
2024-05-27 02:29:21,507 - INFO - Batch num: 80, Task 0 acc: 70.6633, Batch num: 80, Task 1 acc: 7.3554, Batch num: 80, Task 2 acc: 86.3955, Task avg acc:54.8047
2024-05-27 02:29:21,686 - INFO - Epoch 1
2024-05-27 02:29:28,272 - INFO - Batch num: 0, Task 0 acc: 68.6384, Batch num: 0, Task 1 acc: 5.2859, Batch num: 0, Task 2 acc: 89.5564, Task avg acc:54.4936
2024-05-27 02:29:35,083 - INFO - Batch num: 10, Task 0 acc: 67.9528, Batch num: 10, Task 1 acc: 7.1642, Batch num: 10, Task 2 acc: 90.2838, Task avg acc:55.1336
2024-05-27 02:29:41,904 - INFO - Batch num: 20, Task 0 acc: 70.5596, Batch num: 20, Task 1 acc: 9.0259, Batch num: 20, Task 2 acc: 91.3434, Task avg acc:56.9763
2024-05-27 02:29:48,771 - INFO - Batch num: 30, Task 0 acc: 73.6368, Batch num: 30, Task 1 acc: 11.2284, Batch num: 30, Task 2 acc: 91.6577, Task avg acc:58.8410
2024-05-27 02:29:55,700 - INFO - Batch num: 40, Task 0 acc: 72.0026, Batch num: 40, Task 1 acc: 13.1400, Batch num: 40, Task 2 acc: 92.4210, Task avg acc:59.1878
2024-05-27 02:30:02,557 - INFO - Batch num: 50, Task 0 acc: 67.8173, Batch num: 50, Task 1 acc: 13.5057, Batch num: 50, Task 2 acc: 93.1483, Task avg acc:58.1571
2024-05-27 02:30:09,386 - INFO - Batch num: 60, Task 0 acc: 71.6438, Batch num: 60, Task 1 acc: 13.1815, Batch num: 60, Task 2 acc: 92.8520, Task avg acc:59.2258
2024-05-27 02:30:16,260 - INFO - Batch num: 70, Task 0 acc: 75.4783, Batch num: 70, Task 1 acc: 15.0349, Batch num: 70, Task 2 acc: 92.2683, Task avg acc:60.9272
2024-05-27 02:30:23,126 - INFO - Batch num: 80, Task 0 acc: 76.4509, Batch num: 80, Task 1 acc: 14.5612, Batch num: 80, Task 2 acc: 92.2683, Task avg acc:61.0935
2024-05-27 02:30:23,284 - INFO - Epoch 2
2024-05-27 02:30:30,005 - INFO - Batch num: 0, Task 0 acc: 74.7927, Batch num: 0, Task 1 acc: 15.3840, Batch num: 0, Task 2 acc: 91.4511, Task avg acc:60.5426
2024-05-27 02:30:36,913 - INFO - Batch num: 10, Task 0 acc: 73.2302, Batch num: 10, Task 1 acc: 15.1346, Batch num: 10, Task 2 acc: 91.5409, Task avg acc:59.9686
2024-05-27 02:30:43,782 - INFO - Batch num: 20, Task 0 acc: 72.2337, Batch num: 20, Task 1 acc: 14.8022, Batch num: 20, Task 2 acc: 92.1606, Task avg acc:59.7322
2024-05-27 02:30:50,633 - INFO - Batch num: 30, Task 0 acc: 67.4506, Batch num: 30, Task 1 acc: 11.2201, Batch num: 30, Task 2 acc: 94.8815, Task avg acc:57.8507
2024-05-27 02:30:57,537 - INFO - Batch num: 40, Task 0 acc: 66.2628, Batch num: 40, Task 1 acc: 10.4305, Batch num: 40, Task 2 acc: 95.5370, Task avg acc:57.4101
2024-05-27 02:31:04,583 - INFO - Batch num: 50, Task 0 acc: 66.1272, Batch num: 50, Task 1 acc: 10.5801, Batch num: 50, Task 2 acc: 94.9084, Task avg acc:57.2053
2024-05-27 02:31:11,440 - INFO - Batch num: 60, Task 0 acc: 69.2203, Batch num: 60, Task 1 acc: 11.9598, Batch num: 60, Task 2 acc: 93.7051, Task avg acc:58.2951
2024-05-27 02:31:18,289 - INFO - Batch num: 70, Task 0 acc: 77.3597, Batch num: 70, Task 1 acc: 12.2590, Batch num: 70, Task 2 acc: 92.3671, Task avg acc:60.6619
2024-05-27 02:31:25,129 - INFO - Batch num: 80, Task 0 acc: 76.9372, Batch num: 80, Task 1 acc: 12.8491, Batch num: 80, Task 2 acc: 93.8488, Task avg acc:61.2117
2024-05-27 02:31:25,290 - INFO - Epoch 3
2024-05-27 02:31:32,018 - INFO - Batch num: 0, Task 0 acc: 70.3444, Batch num: 0, Task 1 acc: 13.0901, Batch num: 0, Task 2 acc: 94.3068, Task avg acc:59.2471
2024-05-27 02:31:39,035 - INFO - Batch num: 10, Task 0 acc: 63.5762, Batch num: 10, Task 1 acc: 13.2979, Batch num: 10, Task 2 acc: 94.3696, Task avg acc:57.0812
2024-05-27 02:31:45,929 - INFO - Batch num: 20, Task 0 acc: 61.7188, Batch num: 20, Task 1 acc: 12.6995, Batch num: 20, Task 2 acc: 94.3696, Task avg acc:56.2626
2024-05-27 02:31:52,791 - INFO - Batch num: 30, Task 0 acc: 61.0491, Batch num: 30, Task 1 acc: 11.7104, Batch num: 30, Task 2 acc: 95.5370, Task avg acc:56.0988
2024-05-27 02:31:59,603 - INFO - Batch num: 40, Task 0 acc: 63.4008, Batch num: 40, Task 1 acc: 12.1177, Batch num: 40, Task 2 acc: 96.0668, Task avg acc:57.1951
2024-05-27 02:32:06,553 - INFO - Batch num: 50, Task 0 acc: 60.0925, Batch num: 50, Task 1 acc: 12.8241, Batch num: 50, Task 2 acc: 95.5909, Task avg acc:56.1692
2024-05-27 02:32:13,460 - INFO - Batch num: 60, Task 0 acc: 66.2628, Batch num: 60, Task 1 acc: 14.1789, Batch num: 60, Task 2 acc: 94.3068, Task avg acc:58.2495
2024-05-27 02:32:20,316 - INFO - Batch num: 70, Task 0 acc: 71.3010, Batch num: 70, Task 1 acc: 14.3451, Batch num: 70, Task 2 acc: 93.6602, Task avg acc:59.7688
2024-05-27 02:32:27,130 - INFO - Batch num: 80, Task 0 acc: 68.6703, Batch num: 80, Task 1 acc: 14.1124, Batch num: 80, Task 2 acc: 94.6839, Task avg acc:59.1555
2024-05-27 02:32:27,306 - INFO - ##########Task 3##########
2024-05-27 02:32:27,306 - INFO - Epoch 0
2024-05-27 02:32:36,173 - INFO - Batch num: 0, Task 0 acc: 65.9200, Batch num: 0, Task 1 acc: 17.6446, Batch num: 0, Task 2 acc: 93.8757, Batch num: 0, Task 3 acc: 0.0000, Task avg acc:44.3601
2024-05-27 02:32:45,447 - INFO - Batch num: 10, Task 0 acc: 77.5032, Batch num: 10, Task 1 acc: 11.9432, Batch num: 10, Task 2 acc: 82.5970, Batch num: 10, Task 3 acc: 0.0000, Task avg acc:43.0108
2024-05-27 02:32:54,556 - INFO - Batch num: 20, Task 0 acc: 76.7698, Batch num: 20, Task 1 acc: 14.1955, Batch num: 20, Task 2 acc: 79.1756, Batch num: 20, Task 3 acc: 0.0000, Task avg acc:42.5352
2024-05-27 02:33:03,659 - INFO - Batch num: 30, Task 0 acc: 63.3211, Batch num: 30, Task 1 acc: 10.7879, Batch num: 30, Task 2 acc: 81.7349, Batch num: 30, Task 3 acc: 0.0000, Task avg acc:38.9610
2024-05-27 02:33:12,781 - INFO - Batch num: 40, Task 0 acc: 66.8367, Batch num: 40, Task 1 acc: 14.0459, Batch num: 40, Task 2 acc: 73.8147, Batch num: 40, Task 3 acc: 0.0164, Task avg acc:38.6784
2024-05-27 02:33:21,958 - INFO - Batch num: 50, Task 0 acc: 65.7685, Batch num: 50, Task 1 acc: 11.6938, Batch num: 50, Task 2 acc: 79.8402, Batch num: 50, Task 3 acc: 4.9753, Task avg acc:40.5694
2024-05-27 02:33:31,245 - INFO - Batch num: 60, Task 0 acc: 51.7379, Batch num: 60, Task 1 acc: 3.7151, Batch num: 60, Task 2 acc: 69.4684, Batch num: 60, Task 3 acc: 58.8569, Task avg acc:45.9446
2024-05-27 02:33:40,393 - INFO - Batch num: 70, Task 0 acc: 4.6556, Batch num: 70, Task 1 acc: 0.7231, Batch num: 70, Task 2 acc: 45.4921, Batch num: 70, Task 3 acc: 96.1102, Task avg acc:36.7452
2024-05-27 02:33:49,601 - INFO - Batch num: 80, Task 0 acc: 6.6486, Batch num: 80, Task 1 acc: 0.3075, Batch num: 80, Task 2 acc: 36.6200, Batch num: 80, Task 3 acc: 98.9227, Task avg acc:35.6247
2024-05-27 02:33:58,728 - INFO - Batch num: 90, Task 0 acc: 24.0434, Batch num: 90, Task 1 acc: 0.1247, Batch num: 90, Task 2 acc: 36.0991, Batch num: 90, Task 3 acc: 99.1447, Task avg acc:39.8530
2024-05-27 02:33:58,839 - INFO - Epoch 1
2024-05-27 02:34:07,731 - INFO - Batch num: 0, Task 0 acc: 30.8514, Batch num: 0, Task 1 acc: 0.0914, Batch num: 0, Task 2 acc: 37.4731, Batch num: 0, Task 3 acc: 99.1036, Task avg acc:41.8799
2024-05-27 02:34:17,005 - INFO - Batch num: 10, Task 0 acc: 36.8782, Batch num: 10, Task 1 acc: 0.0748, Batch num: 10, Task 2 acc: 38.4788, Batch num: 10, Task 3 acc: 99.0461, Task avg acc:43.6195
2024-05-27 02:34:26,149 - INFO - Batch num: 20, Task 0 acc: 46.2930, Batch num: 20, Task 1 acc: 0.0582, Batch num: 20, Task 2 acc: 39.2331, Batch num: 20, Task 3 acc: 99.0378, Task avg acc:46.1555
2024-05-27 02:34:35,289 - INFO - Batch num: 30, Task 0 acc: 50.3348, Batch num: 30, Task 1 acc: 0.1164, Batch num: 30, Task 2 acc: 40.9662, Batch num: 30, Task 3 acc: 98.6842, Task avg acc:47.5254
2024-05-27 02:34:44,431 - INFO - Batch num: 40, Task 0 acc: 51.3074, Batch num: 40, Task 1 acc: 0.0997, Batch num: 40, Task 2 acc: 44.6839, Batch num: 40, Task 3 acc: 98.3717, Task avg acc:48.6157
2024-05-27 02:34:53,622 - INFO - Batch num: 50, Task 0 acc: 47.6483, Batch num: 50, Task 1 acc: 0.1330, Batch num: 50, Task 2 acc: 45.1868, Batch num: 50, Task 3 acc: 98.8816, Task avg acc:47.9624
2024-05-27 02:35:02,878 - INFO - Batch num: 60, Task 0 acc: 44.0609, Batch num: 60, Task 1 acc: 0.1330, Batch num: 60, Task 2 acc: 47.8358, Batch num: 60, Task 3 acc: 98.8816, Task avg acc:47.7278
2024-05-27 02:35:12,057 - INFO - Batch num: 70, Task 0 acc: 46.5561, Batch num: 70, Task 1 acc: 0.1496, Batch num: 70, Task 2 acc: 53.8165, Batch num: 70, Task 3 acc: 98.3882, Task avg acc:49.7276
2024-05-27 02:35:21,225 - INFO - Batch num: 80, Task 0 acc: 50.0399, Batch num: 80, Task 1 acc: 0.2161, Batch num: 80, Task 2 acc: 55.2981, Batch num: 80, Task 3 acc: 98.2155, Task avg acc:50.9424
2024-05-27 02:35:30,361 - INFO - Batch num: 90, Task 0 acc: 52.5670, Batch num: 90, Task 1 acc: 0.2576, Batch num: 90, Task 2 acc: 58.9350, Batch num: 90, Task 3 acc: 97.6398, Task avg acc:52.3498
2024-05-27 02:35:30,471 - INFO - Epoch 2
2024-05-27 02:35:39,418 - INFO - Batch num: 0, Task 0 acc: 52.6626, Batch num: 0, Task 1 acc: 0.2826, Batch num: 0, Task 2 acc: 60.0754, Batch num: 0, Task 3 acc: 97.4260, Task avg acc:52.6117
2024-05-27 02:35:48,745 - INFO - Batch num: 10, Task 0 acc: 45.1371, Batch num: 10, Task 1 acc: 0.2826, Batch num: 10, Task 2 acc: 58.6117, Batch num: 10, Task 3 acc: 97.5082, Task avg acc:50.3849
2024-05-27 02:35:57,950 - INFO - Batch num: 20, Task 0 acc: 47.5765, Batch num: 20, Task 1 acc: 0.3158, Batch num: 20, Task 2 acc: 58.8003, Batch num: 20, Task 3 acc: 97.5247, Task avg acc:51.0543
2024-05-27 02:36:07,097 - INFO - Batch num: 30, Task 0 acc: 47.2337, Batch num: 30, Task 1 acc: 0.3491, Batch num: 30, Task 2 acc: 57.8843, Batch num: 30, Task 3 acc: 97.5740, Task avg acc:50.7603
2024-05-27 02:36:16,249 - INFO - Batch num: 40, Task 0 acc: 51.1958, Batch num: 40, Task 1 acc: 0.3491, Batch num: 40, Task 2 acc: 60.4077, Batch num: 40, Task 3 acc: 96.9655, Task avg acc:52.2295
2024-05-27 02:36:25,476 - INFO - Batch num: 50, Task 0 acc: 51.7777, Batch num: 50, Task 1 acc: 0.4156, Batch num: 50, Task 2 acc: 58.6207, Batch num: 50, Task 3 acc: 97.4095, Task avg acc:52.0559
2024-05-27 02:36:34,631 - INFO - Batch num: 60, Task 0 acc: 44.1247, Batch num: 60, Task 1 acc: 0.4737, Batch num: 60, Task 2 acc: 55.3520, Batch num: 60, Task 3 acc: 98.0757, Task avg acc:49.5065
2024-05-27 02:36:43,812 - INFO - Batch num: 70, Task 0 acc: 34.9729, Batch num: 70, Task 1 acc: 0.5319, Batch num: 70, Task 2 acc: 56.0614, Batch num: 70, Task 3 acc: 98.1003, Task avg acc:47.4166
2024-05-27 02:36:52,993 - INFO - Batch num: 80, Task 0 acc: 14.8756, Batch num: 80, Task 1 acc: 0.5070, Batch num: 80, Task 2 acc: 54.8671, Batch num: 80, Task 3 acc: 98.3141, Task avg acc:42.1410
2024-05-27 02:37:02,119 - INFO - Batch num: 90, Task 0 acc: 16.9643, Batch num: 90, Task 1 acc: 0.5485, Batch num: 90, Task 2 acc: 56.5912, Batch num: 90, Task 3 acc: 98.2072, Task avg acc:43.0778
2024-05-27 02:37:02,228 - INFO - Epoch 3
2024-05-27 02:37:11,264 - INFO - Batch num: 0, Task 0 acc: 21.1336, Batch num: 0, Task 1 acc: 0.5402, Batch num: 0, Task 2 acc: 57.8574, Batch num: 0, Task 3 acc: 97.8947, Task avg acc:44.3565
2024-05-27 02:37:20,434 - INFO - Batch num: 10, Task 0 acc: 27.8061, Batch num: 10, Task 1 acc: 0.6400, Batch num: 10, Task 2 acc: 58.3064, Batch num: 10, Task 3 acc: 97.6891, Task avg acc:46.1104
2024-05-27 02:37:29,600 - INFO - Batch num: 20, Task 0 acc: 31.8559, Batch num: 20, Task 1 acc: 0.6649, Batch num: 20, Task 2 acc: 58.5129, Batch num: 20, Task 3 acc: 97.6727, Task avg acc:47.1766
2024-05-27 02:37:38,728 - INFO - Batch num: 30, Task 0 acc: 25.4464, Batch num: 30, Task 1 acc: 0.6898, Batch num: 30, Task 2 acc: 57.6598, Batch num: 30, Task 3 acc: 97.6069, Task avg acc:45.3508
2024-05-27 02:37:47,862 - INFO - Batch num: 40, Task 0 acc: 28.6751, Batch num: 40, Task 1 acc: 0.6566, Batch num: 40, Task 2 acc: 58.3603, Batch num: 40, Task 3 acc: 97.5411, Task avg acc:46.3083
2024-05-27 02:37:57,155 - INFO - Batch num: 50, Task 0 acc: 30.4129, Batch num: 50, Task 1 acc: 0.7148, Batch num: 50, Task 2 acc: 56.3488, Batch num: 50, Task 3 acc: 98.2484, Task avg acc:46.4312
2024-05-27 02:38:06,297 - INFO - Batch num: 60, Task 0 acc: 36.4716, Batch num: 60, Task 1 acc: 0.7896, Batch num: 60, Task 2 acc: 55.4149, Batch num: 60, Task 3 acc: 98.1826, Task avg acc:47.7147
2024-05-27 02:38:15,482 - INFO - Batch num: 70, Task 0 acc: 37.1891, Batch num: 70, Task 1 acc: 0.8062, Batch num: 70, Task 2 acc: 56.5553, Batch num: 70, Task 3 acc: 97.8701, Task avg acc:48.1052
2024-05-27 02:38:24,628 - INFO - Batch num: 80, Task 0 acc: 23.0309, Batch num: 80, Task 1 acc: 0.7729, Batch num: 80, Task 2 acc: 56.0973, Batch num: 80, Task 3 acc: 97.5905, Task avg acc:44.3729
2024-05-27 02:38:33,743 - INFO - Batch num: 90, Task 0 acc: 20.8147, Batch num: 90, Task 1 acc: 0.7397, Batch num: 90, Task 2 acc: 56.5912, Batch num: 90, Task 3 acc: 97.5164, Task avg acc:43.9155
2024-05-27 02:38:33,863 - INFO - ##########Task 4##########
2024-05-27 02:38:33,864 - INFO - Epoch 0
2024-05-27 02:38:45,047 - INFO - Batch num: 0, Task 0 acc: 32.7567, Batch num: 0, Task 1 acc: 0.6566, Batch num: 0, Task 2 acc: 54.8940, Batch num: 0, Task 3 acc: 98.2319, Batch num: 0, Task 4 acc: 0.0000, Task avg acc:37.3078
2024-05-27 02:38:56,348 - INFO - Batch num: 10, Task 0 acc: 23.4136, Batch num: 10, Task 1 acc: 0.3324, Batch num: 10, Task 2 acc: 57.8215, Batch num: 10, Task 3 acc: 97.0724, Batch num: 10, Task 4 acc: 0.0000, Task avg acc:35.7280
2024-05-27 02:39:07,681 - INFO - Batch num: 20, Task 0 acc: 29.2969, Batch num: 20, Task 1 acc: 0.1662, Batch num: 20, Task 2 acc: 53.9152, Batch num: 20, Task 3 acc: 94.8191, Batch num: 20, Task 4 acc: 0.0000, Task avg acc:35.6395
2024-05-27 02:39:18,983 - INFO - Batch num: 30, Task 0 acc: 33.7771, Batch num: 30, Task 1 acc: 0.1579, Batch num: 30, Task 2 acc: 51.4188, Batch num: 30, Task 3 acc: 93.9474, Batch num: 30, Task 4 acc: 0.0000, Task avg acc:35.8602
2024-05-27 02:39:30,331 - INFO - Batch num: 40, Task 0 acc: 35.1642, Batch num: 40, Task 1 acc: 0.1080, Batch num: 40, Task 2 acc: 53.5560, Batch num: 40, Task 3 acc: 93.7911, Batch num: 40, Task 4 acc: 0.6454, Task avg acc:36.6530
2024-05-27 02:39:41,710 - INFO - Batch num: 50, Task 0 acc: 3.9780, Batch num: 50, Task 1 acc: 0.0083, Batch num: 50, Task 2 acc: 31.1153, Batch num: 50, Task 3 acc: 73.2730, Batch num: 50, Task 4 acc: 44.3444, Task avg acc:30.5438
2024-05-27 02:39:53,039 - INFO - Batch num: 60, Task 0 acc: 0.1913, Batch num: 60, Task 1 acc: 0.0000, Batch num: 60, Task 2 acc: 27.0744, Batch num: 60, Task 3 acc: 50.4605, Batch num: 60, Task 4 acc: 49.5160, Task avg acc:25.4484
2024-05-27 02:40:04,375 - INFO - Batch num: 70, Task 0 acc: 2.1684, Batch num: 70, Task 1 acc: 0.0000, Batch num: 70, Task 2 acc: 16.7834, Batch num: 70, Task 3 acc: 52.2122, Batch num: 70, Task 4 acc: 64.7249, Task avg acc:27.1778
2024-05-27 02:40:15,676 - INFO - Batch num: 80, Task 0 acc: 0.0239, Batch num: 80, Task 1 acc: 0.0000, Batch num: 80, Task 2 acc: 0.8710, Batch num: 80, Task 3 acc: 53.1168, Batch num: 80, Task 4 acc: 89.9202, Task avg acc:28.7864
2024-05-27 02:40:26,963 - INFO - Batch num: 90, Task 0 acc: 0.0159, Batch num: 90, Task 1 acc: 0.0000, Batch num: 90, Task 2 acc: 0.2065, Batch num: 90, Task 3 acc: 51.4638, Batch num: 90, Task 4 acc: 92.1705, Task avg acc:28.7714
2024-05-27 02:40:26,989 - INFO - Epoch 1
2024-05-27 02:40:38,141 - INFO - Batch num: 0, Task 0 acc: 0.0319, Batch num: 0, Task 1 acc: 0.0000, Batch num: 0, Task 2 acc: 0.2335, Batch num: 0, Task 3 acc: 51.8997, Batch num: 0, Task 4 acc: 92.0007, Task avg acc:28.8331
2024-05-27 02:40:49,456 - INFO - Batch num: 10, Task 0 acc: 0.3348, Batch num: 10, Task 1 acc: 0.0000, Batch num: 10, Task 2 acc: 0.3143, Batch num: 10, Task 3 acc: 51.2664, Batch num: 10, Task 4 acc: 92.5102, Task avg acc:28.8852
2024-05-27 02:41:00,832 - INFO - Batch num: 20, Task 0 acc: 1.3313, Batch num: 20, Task 1 acc: 0.0000, Batch num: 20, Task 2 acc: 0.5298, Batch num: 20, Task 3 acc: 50.1891, Batch num: 20, Task 4 acc: 93.1980, Task avg acc:29.0497
2024-05-27 02:41:12,122 - INFO - Batch num: 30, Task 0 acc: 2.3039, Batch num: 30, Task 1 acc: 0.0000, Batch num: 30, Task 2 acc: 0.6376, Batch num: 30, Task 3 acc: 51.3322, Batch num: 30, Task 4 acc: 93.7245, Task avg acc:29.5996
2024-05-27 02:41:23,551 - INFO - Batch num: 40, Task 0 acc: 3.3562, Batch num: 40, Task 1 acc: 0.0000, Batch num: 40, Task 2 acc: 0.9429, Batch num: 40, Task 3 acc: 52.1053, Batch num: 40, Task 4 acc: 93.8179, Task avg acc:30.0445
2024-05-27 02:41:34,826 - INFO - Batch num: 50, Task 0 acc: 4.2172, Batch num: 50, Task 1 acc: 0.0000, Batch num: 50, Task 2 acc: 1.3560, Batch num: 50, Task 3 acc: 53.6595, Batch num: 50, Task 4 acc: 93.5971, Task avg acc:30.5660
2024-05-27 02:41:46,113 - INFO - Batch num: 60, Task 0 acc: 4.3766, Batch num: 60, Task 1 acc: 0.0000, Batch num: 60, Task 2 acc: 1.6613, Batch num: 60, Task 3 acc: 53.6431, Batch num: 60, Task 4 acc: 93.7925, Task avg acc:30.6947
2024-05-27 02:41:57,461 - INFO - Batch num: 70, Task 0 acc: 2.8619, Batch num: 70, Task 1 acc: 0.0000, Batch num: 70, Task 2 acc: 1.4547, Batch num: 70, Task 3 acc: 53.3470, Batch num: 70, Task 4 acc: 94.4463, Task avg acc:30.4220
2024-05-27 02:42:08,751 - INFO - Batch num: 80, Task 0 acc: 1.2596, Batch num: 80, Task 1 acc: 0.0000, Batch num: 80, Task 2 acc: 1.6882, Batch num: 80, Task 3 acc: 53.8240, Batch num: 80, Task 4 acc: 94.7860, Task avg acc:30.3116
2024-05-27 02:42:20,213 - INFO - Batch num: 90, Task 0 acc: 0.1754, Batch num: 90, Task 1 acc: 0.0000, Batch num: 90, Task 2 acc: 1.6343, Batch num: 90, Task 3 acc: 53.2566, Batch num: 90, Task 4 acc: 95.2785, Task avg acc:30.0690
2024-05-27 02:42:20,246 - INFO - Epoch 2
2024-05-27 02:42:31,305 - INFO - Batch num: 0, Task 0 acc: 0.1515, Batch num: 0, Task 1 acc: 0.0000, Batch num: 0, Task 2 acc: 1.7511, Batch num: 0, Task 3 acc: 53.6431, Batch num: 0, Task 4 acc: 95.2615, Task avg acc:30.1614
2024-05-27 02:42:42,615 - INFO - Batch num: 10, Task 0 acc: 0.1276, Batch num: 10, Task 1 acc: 0.0000, Batch num: 10, Task 2 acc: 2.5323, Batch num: 10, Task 3 acc: 53.8651, Batch num: 10, Task 4 acc: 95.3719, Task avg acc:30.3794
2024-05-27 02:42:54,012 - INFO - Batch num: 20, Task 0 acc: 0.2232, Batch num: 20, Task 1 acc: 0.0000, Batch num: 20, Task 2 acc: 3.3854, Batch num: 20, Task 3 acc: 52.6316, Batch num: 20, Task 4 acc: 95.4144, Task avg acc:30.3309
2024-05-27 02:43:05,723 - INFO - Batch num: 30, Task 0 acc: 0.7015, Batch num: 30, Task 1 acc: 0.0000, Batch num: 30, Task 2 acc: 3.8434, Batch num: 30, Task 3 acc: 52.7796, Batch num: 30, Task 4 acc: 95.4144, Task avg acc:30.5478
2024-05-27 02:43:17,012 - INFO - Batch num: 40, Task 0 acc: 1.4349, Batch num: 40, Task 1 acc: 0.0000, Batch num: 40, Task 2 acc: 4.6516, Batch num: 40, Task 3 acc: 53.4457, Batch num: 40, Task 4 acc: 95.0153, Task avg acc:30.9095
2024-05-27 02:43:28,342 - INFO - Batch num: 50, Task 0 acc: 0.6856, Batch num: 50, Task 1 acc: 0.0000, Batch num: 50, Task 2 acc: 4.9030, Batch num: 50, Task 3 acc: 52.7714, Batch num: 50, Task 4 acc: 95.3125, Task avg acc:30.7345
2024-05-27 02:43:39,617 - INFO - Batch num: 60, Task 0 acc: 0.2392, Batch num: 60, Task 1 acc: 0.0000, Batch num: 60, Task 2 acc: 4.9749, Batch num: 60, Task 3 acc: 52.4753, Batch num: 60, Task 4 acc: 95.0408, Task avg acc:30.5460
2024-05-27 02:43:50,924 - INFO - Batch num: 70, Task 0 acc: 0.1913, Batch num: 70, Task 1 acc: 0.0000, Batch num: 70, Task 2 acc: 4.9479, Batch num: 70, Task 3 acc: 53.6595, Batch num: 70, Task 4 acc: 95.1851, Task avg acc:30.7968
2024-05-27 02:44:02,311 - INFO - Batch num: 80, Task 0 acc: 0.1674, Batch num: 80, Task 1 acc: 0.0000, Batch num: 80, Task 2 acc: 5.5047, Batch num: 80, Task 3 acc: 54.0789, Batch num: 80, Task 4 acc: 94.9813, Task avg acc:30.9465
2024-05-27 02:44:13,631 - INFO - Batch num: 90, Task 0 acc: 0.1276, Batch num: 90, Task 1 acc: 0.0000, Batch num: 90, Task 2 acc: 5.4239, Batch num: 90, Task 3 acc: 55.6497, Batch num: 90, Task 4 acc: 95.1596, Task avg acc:31.2721
2024-05-27 02:44:13,661 - INFO - Epoch 3
2024-05-27 02:44:24,723 - INFO - Batch num: 0, Task 0 acc: 0.1435, Batch num: 0, Task 1 acc: 0.0000, Batch num: 0, Task 2 acc: 5.5855, Batch num: 0, Task 3 acc: 56.1678, Batch num: 0, Task 4 acc: 95.2870, Task avg acc:31.4368
2024-05-27 02:44:35,970 - INFO - Batch num: 10, Task 0 acc: 0.1276, Batch num: 10, Task 1 acc: 0.0000, Batch num: 10, Task 2 acc: 6.7080, Batch num: 10, Task 3 acc: 56.3322, Batch num: 10, Task 4 acc: 95.5418, Task avg acc:31.7419
2024-05-27 02:44:47,396 - INFO - Batch num: 20, Task 0 acc: 0.0877, Batch num: 20, Task 1 acc: 0.0000, Batch num: 20, Task 2 acc: 6.7978, Batch num: 20, Task 3 acc: 55.2467, Batch num: 20, Task 4 acc: 95.7286, Task avg acc:31.5722
2024-05-27 02:44:58,711 - INFO - Batch num: 30, Task 0 acc: 0.1435, Batch num: 30, Task 1 acc: 0.0000, Batch num: 30, Task 2 acc: 5.9806, Batch num: 30, Task 3 acc: 55.4194, Batch num: 30, Task 4 acc: 95.9154, Task avg acc:31.4918
2024-05-27 02:45:09,969 - INFO - Batch num: 40, Task 0 acc: 0.2152, Batch num: 40, Task 1 acc: 0.0000, Batch num: 40, Task 2 acc: 7.0941, Batch num: 40, Task 3 acc: 55.8224, Batch num: 40, Task 4 acc: 95.7541, Task avg acc:31.7772
2024-05-27 02:45:21,225 - INFO - Batch num: 50, Task 0 acc: 0.6298, Batch num: 50, Task 1 acc: 0.0000, Batch num: 50, Task 2 acc: 8.2525, Batch num: 50, Task 3 acc: 56.7434, Batch num: 50, Task 4 acc: 95.8135, Task avg acc:32.2878
2024-05-27 02:45:32,478 - INFO - Batch num: 60, Task 0 acc: 1.8495, Batch num: 60, Task 1 acc: 0.0000, Batch num: 60, Task 2 acc: 8.1537, Batch num: 60, Task 3 acc: 56.6694, Batch num: 60, Task 4 acc: 95.6097, Task avg acc:32.4565
2024-05-27 02:45:43,905 - INFO - Batch num: 70, Task 0 acc: 3.5555, Batch num: 70, Task 1 acc: 0.0000, Batch num: 70, Task 2 acc: 7.9472, Batch num: 70, Task 3 acc: 58.5280, Batch num: 70, Task 4 acc: 95.7880, Task avg acc:33.1637
2024-05-27 02:45:55,207 - INFO - Batch num: 80, Task 0 acc: 4.0258, Batch num: 80, Task 1 acc: 0.0000, Batch num: 80, Task 2 acc: 8.0370, Batch num: 80, Task 3 acc: 58.9309, Batch num: 80, Task 4 acc: 95.7116, Task avg acc:33.3411
2024-05-27 02:46:06,495 - INFO - Batch num: 90, Task 0 acc: 3.2605, Batch num: 90, Task 1 acc: 0.0000, Batch num: 90, Task 2 acc: 7.2647, Batch num: 90, Task 3 acc: 59.3092, Batch num: 90, Task 4 acc: 95.5927, Task avg acc:33.0854
