2024-05-27 02:51:55,538 - INFO - ##########Task 0##########
2024-05-27 02:51:55,539 - INFO - Epoch 0
2024-05-27 02:51:58,002 - INFO - Batch num: 0, Task 0 acc: 43.2956, Task avg acc:43.2956
2024-05-27 02:52:00,572 - INFO - Batch num: 10, Task 0 acc: 98.9318, Task avg acc:98.9318
2024-05-27 02:52:03,338 - INFO - Batch num: 20, Task 0 acc: 99.6333, Task avg acc:99.6333
2024-05-27 02:52:05,926 - INFO - Batch num: 30, Task 0 acc: 99.8007, Task avg acc:99.8007
2024-05-27 02:52:08,488 - INFO - Batch num: 40, Task 0 acc: 99.8406, Task avg acc:99.8406
2024-05-27 02:52:11,172 - INFO - Batch num: 50, Task 0 acc: 99.8406, Task avg acc:99.8406
2024-05-27 02:52:13,721 - INFO - Batch num: 60, Task 0 acc: 99.8724, Task avg acc:99.8724
2024-05-27 02:52:16,288 - INFO - Batch num: 70, Task 0 acc: 99.8724, Task avg acc:99.8724
2024-05-27 02:52:18,852 - INFO - Batch num: 80, Task 0 acc: 99.9043, Task avg acc:99.9043
2024-05-27 02:52:21,423 - INFO - Batch num: 90, Task 0 acc: 99.9123, Task avg acc:99.9123
2024-05-27 02:52:21,604 - INFO - Epoch 1
2024-05-27 02:52:23,973 - INFO - Batch num: 0, Task 0 acc: 99.9123, Task avg acc:99.9123
2024-05-27 02:52:26,597 - INFO - Batch num: 10, Task 0 acc: 99.9203, Task avg acc:99.9203
2024-05-27 02:52:29,178 - INFO - Batch num: 20, Task 0 acc: 99.9283, Task avg acc:99.9283
2024-05-27 02:52:31,861 - INFO - Batch num: 30, Task 0 acc: 99.9203, Task avg acc:99.9203
2024-05-27 02:52:34,435 - INFO - Batch num: 40, Task 0 acc: 99.9442, Task avg acc:99.9442
2024-05-27 02:52:36,989 - INFO - Batch num: 50, Task 0 acc: 99.9442, Task avg acc:99.9442
2024-05-27 02:52:39,537 - INFO - Batch num: 60, Task 0 acc: 99.9522, Task avg acc:99.9522
2024-05-27 02:52:42,207 - INFO - Batch num: 70, Task 0 acc: 99.9442, Task avg acc:99.9442
2024-05-27 02:52:44,795 - INFO - Batch num: 80, Task 0 acc: 99.9601, Task avg acc:99.9601
2024-05-27 02:52:47,353 - INFO - Batch num: 90, Task 0 acc: 99.9601, Task avg acc:99.9601
2024-05-27 02:52:47,535 - INFO - Epoch 2
2024-05-27 02:52:49,963 - INFO - Batch num: 0, Task 0 acc: 99.9681, Task avg acc:99.9681
2024-05-27 02:52:52,533 - INFO - Batch num: 10, Task 0 acc: 99.9681, Task avg acc:99.9681
2024-05-27 02:52:55,084 - INFO - Batch num: 20, Task 0 acc: 99.9601, Task avg acc:99.9601
2024-05-27 02:52:57,657 - INFO - Batch num: 30, Task 0 acc: 99.9601, Task avg acc:99.9601
2024-05-27 02:53:00,407 - INFO - Batch num: 40, Task 0 acc: 99.9681, Task avg acc:99.9681
2024-05-27 02:53:02,967 - INFO - Batch num: 50, Task 0 acc: 99.9761, Task avg acc:99.9761
2024-05-27 02:53:05,513 - INFO - Batch num: 60, Task 0 acc: 99.9601, Task avg acc:99.9601
2024-05-27 02:53:08,062 - INFO - Batch num: 70, Task 0 acc: 99.9681, Task avg acc:99.9681
2024-05-27 02:53:10,739 - INFO - Batch num: 80, Task 0 acc: 99.9761, Task avg acc:99.9761
2024-05-27 02:53:13,283 - INFO - Batch num: 90, Task 0 acc: 99.9681, Task avg acc:99.9681
2024-05-27 02:53:13,463 - INFO - Epoch 3
2024-05-27 02:53:15,787 - INFO - Batch num: 0, Task 0 acc: 99.9681, Task avg acc:99.9681
2024-05-27 02:53:18,465 - INFO - Batch num: 10, Task 0 acc: 99.9681, Task avg acc:99.9681
2024-05-27 02:53:21,040 - INFO - Batch num: 20, Task 0 acc: 99.9681, Task avg acc:99.9681
2024-05-27 02:53:23,597 - INFO - Batch num: 30, Task 0 acc: 99.9681, Task avg acc:99.9681
2024-05-27 02:53:26,282 - INFO - Batch num: 40, Task 0 acc: 99.9681, Task avg acc:99.9681
2024-05-27 02:53:28,834 - INFO - Batch num: 50, Task 0 acc: 99.9681, Task avg acc:99.9681
2024-05-27 02:53:31,404 - INFO - Batch num: 60, Task 0 acc: 99.9681, Task avg acc:99.9681
2024-05-27 02:53:34,125 - INFO - Batch num: 70, Task 0 acc: 99.9681, Task avg acc:99.9681
2024-05-27 02:53:36,686 - INFO - Batch num: 80, Task 0 acc: 99.9681, Task avg acc:99.9681
2024-05-27 02:53:39,236 - INFO - Batch num: 90, Task 0 acc: 99.9681, Task avg acc:99.9681
2024-05-27 02:53:39,427 - INFO - ##########Task 1##########
2024-05-27 02:53:39,428 - INFO - Epoch 0
2024-05-27 02:53:44,094 - INFO - Batch num: 0, Task 0 acc: 99.9681, Batch num: 0, Task 1 acc: 0.0000, Task avg acc:49.9841
2024-05-27 02:53:48,847 - INFO - Batch num: 10, Task 0 acc: 99.9681, Batch num: 10, Task 1 acc: 0.0249, Task avg acc:49.9965
2024-05-27 02:53:53,615 - INFO - Batch num: 20, Task 0 acc: 99.9362, Batch num: 20, Task 1 acc: 10.3059, Task avg acc:55.1210
2024-05-27 02:53:58,513 - INFO - Batch num: 30, Task 0 acc: 99.8884, Batch num: 30, Task 1 acc: 32.0229, Task avg acc:65.9557
2024-05-27 02:54:03,272 - INFO - Batch num: 40, Task 0 acc: 99.7210, Batch num: 40, Task 1 acc: 44.8554, Task avg acc:72.2882
2024-05-27 02:54:08,027 - INFO - Batch num: 50, Task 0 acc: 99.4021, Batch num: 50, Task 1 acc: 63.7799, Task avg acc:81.5910
2024-05-27 02:54:12,901 - INFO - Batch num: 60, Task 0 acc: 98.0150, Batch num: 60, Task 1 acc: 85.3225, Task avg acc:91.6687
2024-05-27 02:54:17,664 - INFO - Batch num: 70, Task 0 acc: 86.5992, Batch num: 70, Task 1 acc: 93.2181, Task avg acc:89.9086
2024-05-27 02:54:22,429 - INFO - Batch num: 80, Task 0 acc: 71.3807, Batch num: 80, Task 1 acc: 94.9053, Task avg acc:83.1430
2024-05-27 02:54:27,206 - INFO - Batch num: 90, Task 0 acc: 75.2631, Batch num: 90, Task 1 acc: 95.6616, Task avg acc:85.4623
2024-05-27 02:54:27,285 - INFO - Epoch 1
2024-05-27 02:54:31,976 - INFO - Batch num: 0, Task 0 acc: 78.7707, Batch num: 0, Task 1 acc: 95.6366, Task avg acc:87.2037
2024-05-27 02:54:36,736 - INFO - Batch num: 10, Task 0 acc: 77.5989, Batch num: 10, Task 1 acc: 95.8112, Task avg acc:86.7050
2024-05-27 02:54:41,485 - INFO - Batch num: 20, Task 0 acc: 83.1314, Batch num: 20, Task 1 acc: 95.7447, Task avg acc:89.4380
2024-05-27 02:54:46,399 - INFO - Batch num: 30, Task 0 acc: 81.8001, Batch num: 30, Task 1 acc: 95.8361, Task avg acc:88.8181
2024-05-27 02:54:51,146 - INFO - Batch num: 40, Task 0 acc: 83.4024, Batch num: 40, Task 1 acc: 96.1021, Task avg acc:89.7522
2024-05-27 02:54:55,923 - INFO - Batch num: 50, Task 0 acc: 77.1445, Batch num: 50, Task 1 acc: 96.4927, Task avg acc:86.8186
2024-05-27 02:55:00,692 - INFO - Batch num: 60, Task 0 acc: 77.1843, Batch num: 60, Task 1 acc: 96.5093, Task avg acc:86.8468
2024-05-27 02:55:05,593 - INFO - Batch num: 70, Task 0 acc: 76.9611, Batch num: 70, Task 1 acc: 96.5010, Task avg acc:86.7310
2024-05-27 02:55:10,356 - INFO - Batch num: 80, Task 0 acc: 76.0204, Batch num: 80, Task 1 acc: 96.2434, Task avg acc:86.1319
2024-05-27 02:55:15,132 - INFO - Batch num: 90, Task 0 acc: 80.6920, Batch num: 90, Task 1 acc: 96.4594, Task avg acc:88.5757
2024-05-27 02:55:15,212 - INFO - Epoch 2
2024-05-27 02:55:19,739 - INFO - Batch num: 0, Task 0 acc: 82.7966, Batch num: 0, Task 1 acc: 96.3846, Task avg acc:89.5906
2024-05-27 02:55:24,634 - INFO - Batch num: 10, Task 0 acc: 78.4837, Batch num: 10, Task 1 acc: 96.5924, Task avg acc:87.5381
2024-05-27 02:55:29,380 - INFO - Batch num: 20, Task 0 acc: 76.7777, Batch num: 20, Task 1 acc: 96.5093, Task avg acc:86.6435
2024-05-27 02:55:34,191 - INFO - Batch num: 30, Task 0 acc: 73.7245, Batch num: 30, Task 1 acc: 96.7005, Task avg acc:85.2125
2024-05-27 02:55:39,070 - INFO - Batch num: 40, Task 0 acc: 75.1834, Batch num: 40, Task 1 acc: 96.8168, Task avg acc:86.0001
2024-05-27 02:55:43,837 - INFO - Batch num: 50, Task 0 acc: 69.0051, Batch num: 50, Task 1 acc: 97.1410, Task avg acc:83.0730
2024-05-27 02:55:48,600 - INFO - Batch num: 60, Task 0 acc: 70.5676, Batch num: 60, Task 1 acc: 97.1410, Task avg acc:83.8543
2024-05-27 02:55:53,370 - INFO - Batch num: 70, Task 0 acc: 65.3061, Batch num: 70, Task 1 acc: 97.3404, Task avg acc:81.3233
2024-05-27 02:55:58,259 - INFO - Batch num: 80, Task 0 acc: 60.2280, Batch num: 80, Task 1 acc: 97.4318, Task avg acc:78.8299
2024-05-27 02:56:03,038 - INFO - Batch num: 90, Task 0 acc: 59.9570, Batch num: 90, Task 1 acc: 97.4318, Task avg acc:78.6944
2024-05-27 02:56:03,120 - INFO - Epoch 3
2024-05-27 02:56:07,857 - INFO - Batch num: 0, Task 0 acc: 60.3316, Batch num: 0, Task 1 acc: 97.4069, Task avg acc:78.8693
2024-05-27 02:56:12,653 - INFO - Batch num: 10, Task 0 acc: 54.6636, Batch num: 10, Task 1 acc: 97.4235, Task avg acc:76.0436
2024-05-27 02:56:17,553 - INFO - Batch num: 20, Task 0 acc: 56.5370, Batch num: 20, Task 1 acc: 97.3654, Task avg acc:76.9512
2024-05-27 02:56:22,338 - INFO - Batch num: 30, Task 0 acc: 56.5609, Batch num: 30, Task 1 acc: 97.3903, Task avg acc:76.9756
2024-05-27 02:56:27,093 - INFO - Batch num: 40, Task 0 acc: 60.4432, Batch num: 40, Task 1 acc: 97.3737, Task avg acc:78.9085
2024-05-27 02:56:31,980 - INFO - Batch num: 50, Task 0 acc: 57.9560, Batch num: 50, Task 1 acc: 97.5150, Task avg acc:77.7355
2024-05-27 02:56:36,771 - INFO - Batch num: 60, Task 0 acc: 61.8782, Batch num: 60, Task 1 acc: 97.5316, Task avg acc:79.7049
2024-05-27 02:56:41,523 - INFO - Batch num: 70, Task 0 acc: 58.3626, Batch num: 70, Task 1 acc: 97.6313, Task avg acc:77.9969
2024-05-27 02:56:46,306 - INFO - Batch num: 80, Task 0 acc: 54.6716, Batch num: 80, Task 1 acc: 97.7643, Task avg acc:76.2179
2024-05-27 02:56:51,191 - INFO - Batch num: 90, Task 0 acc: 54.0497, Batch num: 90, Task 1 acc: 97.7477, Task avg acc:75.8987
2024-05-27 02:56:51,281 - INFO - ##########Task 2##########
2024-05-27 02:56:51,281 - INFO - Epoch 0
2024-05-27 02:56:57,858 - INFO - Batch num: 0, Task 0 acc: 56.6247, Batch num: 0, Task 1 acc: 97.6313, Batch num: 0, Task 2 acc: 0.0000, Task avg acc:51.4187
2024-05-27 02:57:04,668 - INFO - Batch num: 10, Task 0 acc: 45.7510, Batch num: 10, Task 1 acc: 97.8391, Batch num: 10, Task 2 acc: 0.0000, Task avg acc:47.8634
2024-05-27 02:57:11,669 - INFO - Batch num: 20, Task 0 acc: 36.1368, Batch num: 20, Task 1 acc: 97.6729, Batch num: 20, Task 2 acc: 0.0000, Task avg acc:44.6032
2024-05-27 02:57:18,452 - INFO - Batch num: 30, Task 0 acc: 34.6939, Batch num: 30, Task 1 acc: 97.3072, Batch num: 30, Task 2 acc: 0.0000, Task avg acc:44.0004
2024-05-27 02:57:25,332 - INFO - Batch num: 40, Task 0 acc: 29.0338, Batch num: 40, Task 1 acc: 96.7420, Batch num: 40, Task 2 acc: 0.0000, Task avg acc:41.9253
2024-05-27 02:57:32,266 - INFO - Batch num: 50, Task 0 acc: 21.7235, Batch num: 50, Task 1 acc: 97.3570, Batch num: 50, Task 2 acc: 0.2245, Task avg acc:39.7684
2024-05-27 02:57:39,069 - INFO - Batch num: 60, Task 0 acc: 20.7988, Batch num: 60, Task 1 acc: 97.2074, Batch num: 60, Task 2 acc: 5.8279, Task avg acc:41.2781
2024-05-27 02:57:45,844 - INFO - Batch num: 70, Task 0 acc: 11.7427, Batch num: 70, Task 1 acc: 96.8085, Batch num: 70, Task 2 acc: 15.4634, Task avg acc:41.3382
2024-05-27 02:57:52,764 - INFO - Batch num: 80, Task 0 acc: 10.6027, Batch num: 80, Task 1 acc: 96.2267, Batch num: 80, Task 2 acc: 20.4921, Task avg acc:42.4405
2024-05-27 02:57:52,921 - INFO - Epoch 1
2024-05-27 02:57:59,532 - INFO - Batch num: 0, Task 0 acc: 6.9994, Batch num: 0, Task 1 acc: 96.1769, Batch num: 0, Task 2 acc: 22.1893, Task avg acc:41.7885
2024-05-27 02:58:06,333 - INFO - Batch num: 10, Task 0 acc: 7.2864, Batch num: 10, Task 1 acc: 95.9857, Batch num: 10, Task 2 acc: 22.7909, Task avg acc:42.0210
2024-05-27 02:58:13,110 - INFO - Batch num: 20, Task 0 acc: 5.5325, Batch num: 20, Task 1 acc: 95.7281, Batch num: 20, Task 2 acc: 24.8204, Task avg acc:42.0270
2024-05-27 02:58:20,011 - INFO - Batch num: 30, Task 0 acc: 6.5689, Batch num: 30, Task 1 acc: 95.8610, Batch num: 30, Task 2 acc: 25.2694, Task avg acc:42.5664
2024-05-27 02:58:26,823 - INFO - Batch num: 40, Task 0 acc: 3.1967, Batch num: 40, Task 1 acc: 95.3624, Batch num: 40, Task 2 acc: 26.0237, Task avg acc:41.5276
2024-05-27 02:58:33,621 - INFO - Batch num: 50, Task 0 acc: 2.8460, Batch num: 50, Task 1 acc: 95.7197, Batch num: 50, Task 2 acc: 25.5119, Task avg acc:41.3592
2024-05-27 02:58:40,540 - INFO - Batch num: 60, Task 0 acc: 3.7628, Batch num: 60, Task 1 acc: 95.7364, Batch num: 60, Task 2 acc: 25.0359, Task avg acc:41.5117
2024-05-27 02:58:47,332 - INFO - Batch num: 70, Task 0 acc: 4.1215, Batch num: 70, Task 1 acc: 95.4538, Batch num: 70, Task 2 acc: 25.6466, Task avg acc:41.7406
2024-05-27 02:58:54,149 - INFO - Batch num: 80, Task 0 acc: 3.7707, Batch num: 80, Task 1 acc: 95.5369, Batch num: 80, Task 2 acc: 25.6466, Task avg acc:41.6514
2024-05-27 02:58:54,307 - INFO - Epoch 2
2024-05-27 02:59:01,016 - INFO - Batch num: 0, Task 0 acc: 2.7982, Batch num: 0, Task 1 acc: 95.3624, Batch num: 0, Task 2 acc: 26.1225, Task avg acc:41.4277
2024-05-27 02:59:07,818 - INFO - Batch num: 10, Task 0 acc: 3.2127, Batch num: 10, Task 1 acc: 95.4870, Batch num: 10, Task 2 acc: 25.3143, Task avg acc:41.3380
2024-05-27 02:59:14,625 - INFO - Batch num: 20, Task 0 acc: 3.8744, Batch num: 20, Task 1 acc: 95.6117, Batch num: 20, Task 2 acc: 24.9461, Task avg acc:41.4774
2024-05-27 02:59:21,548 - INFO - Batch num: 30, Task 0 acc: 4.9267, Batch num: 30, Task 1 acc: 95.7364, Batch num: 30, Task 2 acc: 23.6620, Task avg acc:41.4417
2024-05-27 02:59:28,409 - INFO - Batch num: 40, Task 0 acc: 5.5724, Batch num: 40, Task 1 acc: 95.3208, Batch num: 40, Task 2 acc: 24.4971, Task avg acc:41.7968
2024-05-27 02:59:35,207 - INFO - Batch num: 50, Task 0 acc: 6.2341, Batch num: 50, Task 1 acc: 95.6449, Batch num: 50, Task 2 acc: 24.3894, Task avg acc:42.0895
2024-05-27 02:59:42,113 - INFO - Batch num: 60, Task 0 acc: 5.8275, Batch num: 60, Task 1 acc: 95.5785, Batch num: 60, Task 2 acc: 25.2514, Task avg acc:42.2191
2024-05-27 02:59:48,891 - INFO - Batch num: 70, Task 0 acc: 6.6406, Batch num: 70, Task 1 acc: 95.3457, Batch num: 70, Task 2 acc: 25.2155, Task avg acc:42.4006
2024-05-27 02:59:55,713 - INFO - Batch num: 80, Task 0 acc: 5.8514, Batch num: 80, Task 1 acc: 95.5037, Batch num: 80, Task 2 acc: 25.3592, Task avg acc:42.2381
2024-05-27 02:59:55,872 - INFO - Epoch 3
2024-05-27 03:00:02,585 - INFO - Batch num: 0, Task 0 acc: 4.9027, Batch num: 0, Task 1 acc: 95.6200, Batch num: 0, Task 2 acc: 25.9878, Task avg acc:42.1702
2024-05-27 03:00:09,409 - INFO - Batch num: 10, Task 0 acc: 3.3881, Batch num: 10, Task 1 acc: 95.5868, Batch num: 10, Task 2 acc: 26.5715, Task avg acc:41.8488
2024-05-27 03:00:16,211 - INFO - Batch num: 20, Task 0 acc: 3.1091, Batch num: 20, Task 1 acc: 95.5785, Batch num: 20, Task 2 acc: 25.6017, Task avg acc:41.4297
2024-05-27 03:00:23,141 - INFO - Batch num: 30, Task 0 acc: 2.6945, Batch num: 30, Task 1 acc: 95.6117, Batch num: 30, Task 2 acc: 24.3714, Task avg acc:40.8925
2024-05-27 03:00:29,926 - INFO - Batch num: 40, Task 0 acc: 2.8779, Batch num: 40, Task 1 acc: 95.1546, Batch num: 40, Task 2 acc: 23.6620, Task avg acc:40.5648
2024-05-27 03:00:36,696 - INFO - Batch num: 50, Task 0 acc: 4.5599, Batch num: 50, Task 1 acc: 95.7364, Batch num: 50, Task 2 acc: 23.8865, Task avg acc:41.3943
2024-05-27 03:00:43,627 - INFO - Batch num: 60, Task 0 acc: 4.4085, Batch num: 60, Task 1 acc: 95.6366, Batch num: 60, Task 2 acc: 25.2694, Task avg acc:41.7715
2024-05-27 03:00:50,443 - INFO - Batch num: 70, Task 0 acc: 6.3138, Batch num: 70, Task 1 acc: 95.3790, Batch num: 70, Task 2 acc: 25.0180, Task avg acc:42.2369
2024-05-27 03:00:57,302 - INFO - Batch num: 80, Task 0 acc: 8.2031, Batch num: 80, Task 1 acc: 95.5452, Batch num: 80, Task 2 acc: 23.7069, Task avg acc:42.4851
2024-05-27 03:00:57,470 - INFO - ##########Task 3##########
2024-05-27 03:00:57,471 - INFO - Epoch 0
2024-05-27 03:01:06,422 - INFO - Batch num: 0, Task 0 acc: 7.1110, Batch num: 0, Task 1 acc: 95.5535, Batch num: 0, Task 2 acc: 24.7755, Batch num: 0, Task 3 acc: 0.0000, Task avg acc:31.8600
2024-05-27 03:01:15,445 - INFO - Batch num: 10, Task 0 acc: 5.1419, Batch num: 10, Task 1 acc: 96.6007, Batch num: 10, Task 2 acc: 19.2708, Batch num: 10, Task 3 acc: 0.0000, Task avg acc:30.2534
2024-05-27 03:01:24,517 - INFO - Batch num: 20, Task 0 acc: 8.9286, Batch num: 20, Task 1 acc: 95.1546, Batch num: 20, Task 2 acc: 18.8847, Batch num: 20, Task 3 acc: 0.0000, Task avg acc:30.7420
2024-05-27 03:01:33,543 - INFO - Batch num: 30, Task 0 acc: 5.6840, Batch num: 30, Task 1 acc: 95.0632, Batch num: 30, Task 2 acc: 19.3427, Batch num: 30, Task 3 acc: 0.0000, Task avg acc:30.0225
2024-05-27 03:01:42,715 - INFO - Batch num: 40, Task 0 acc: 2.8699, Batch num: 40, Task 1 acc: 95.9275, Batch num: 40, Task 2 acc: 20.9680, Batch num: 40, Task 3 acc: 0.0000, Task avg acc:29.9414
2024-05-27 03:01:51,756 - INFO - Batch num: 50, Task 0 acc: 12.8508, Batch num: 50, Task 1 acc: 95.6699, Batch num: 50, Task 2 acc: 18.8308, Batch num: 50, Task 3 acc: 0.1645, Task avg acc:31.8790
2024-05-27 03:02:00,792 - INFO - Batch num: 60, Task 0 acc: 0.2152, Batch num: 60, Task 1 acc: 93.8331, Batch num: 60, Task 2 acc: 17.9957, Batch num: 60, Task 3 acc: 11.9161, Task avg acc:30.9900
2024-05-27 03:02:09,830 - INFO - Batch num: 70, Task 0 acc: 0.0000, Batch num: 70, Task 1 acc: 92.5033, Batch num: 70, Task 2 acc: 12.4102, Batch num: 70, Task 3 acc: 25.5016, Task avg acc:32.6038
2024-05-27 03:02:18,956 - INFO - Batch num: 80, Task 0 acc: 0.0000, Batch num: 80, Task 1 acc: 88.8963, Batch num: 80, Task 2 acc: 7.0672, Batch num: 80, Task 3 acc: 34.7862, Task avg acc:32.6874
2024-05-27 03:02:28,094 - INFO - Batch num: 90, Task 0 acc: 0.0000, Batch num: 90, Task 1 acc: 91.5891, Batch num: 90, Task 2 acc: 6.1602, Batch num: 90, Task 3 acc: 31.7845, Task avg acc:32.3835
2024-05-27 03:02:28,202 - INFO - Epoch 1
2024-05-27 03:02:37,059 - INFO - Batch num: 0, Task 0 acc: 0.0000, Batch num: 0, Task 1 acc: 92.1626, Batch num: 0, Task 2 acc: 6.4745, Batch num: 0, Task 3 acc: 31.2089, Task avg acc:32.4615
2024-05-27 03:02:46,393 - INFO - Batch num: 10, Task 0 acc: 0.0000, Batch num: 10, Task 1 acc: 91.8800, Batch num: 10, Task 2 acc: 7.3994, Batch num: 10, Task 3 acc: 30.7237, Task avg acc:32.5008
2024-05-27 03:02:55,657 - INFO - Batch num: 20, Task 0 acc: 0.0000, Batch num: 20, Task 1 acc: 90.6832, Batch num: 20, Task 2 acc: 8.4770, Batch num: 20, Task 3 acc: 31.9161, Task avg acc:32.7691
2024-05-27 03:03:05,397 - INFO - Batch num: 30, Task 0 acc: 0.0000, Batch num: 30, Task 1 acc: 89.8936, Batch num: 30, Task 2 acc: 8.6386, Batch num: 30, Task 3 acc: 32.2615, Task avg acc:32.6984
2024-05-27 03:03:14,728 - INFO - Batch num: 40, Task 0 acc: 0.0000, Batch num: 40, Task 1 acc: 90.8577, Batch num: 40, Task 2 acc: 7.7496, Batch num: 40, Task 3 acc: 31.5378, Task avg acc:32.5363
2024-05-27 03:03:23,905 - INFO - Batch num: 50, Task 0 acc: 0.0000, Batch num: 50, Task 1 acc: 90.9658, Batch num: 50, Task 2 acc: 7.3455, Batch num: 50, Task 3 acc: 29.3832, Task avg acc:31.9236
2024-05-27 03:03:32,929 - INFO - Batch num: 60, Task 0 acc: 0.0000, Batch num: 60, Task 1 acc: 90.7663, Batch num: 60, Task 2 acc: 6.6092, Batch num: 60, Task 3 acc: 31.1184, Task avg acc:32.1235
2024-05-27 03:03:41,970 - INFO - Batch num: 70, Task 0 acc: 0.0000, Batch num: 70, Task 1 acc: 90.9658, Batch num: 70, Task 2 acc: 6.6541, Batch num: 70, Task 3 acc: 31.5214, Task avg acc:32.2853
2024-05-27 03:03:51,108 - INFO - Batch num: 80, Task 0 acc: 0.0000, Batch num: 80, Task 1 acc: 90.5585, Batch num: 80, Task 2 acc: 7.2108, Batch num: 80, Task 3 acc: 32.3438, Task avg acc:32.5283
2024-05-27 03:04:00,161 - INFO - Batch num: 90, Task 0 acc: 0.0000, Batch num: 90, Task 1 acc: 91.2483, Batch num: 90, Task 2 acc: 9.1954, Batch num: 90, Task 3 acc: 31.8586, Task avg acc:33.0756
2024-05-27 03:04:00,269 - INFO - Epoch 2
2024-05-27 03:04:09,084 - INFO - Batch num: 0, Task 0 acc: 0.0000, Batch num: 0, Task 1 acc: 91.1486, Batch num: 0, Task 2 acc: 10.0934, Batch num: 0, Task 3 acc: 32.3273, Task avg acc:33.3923
2024-05-27 03:04:18,097 - INFO - Batch num: 10, Task 0 acc: 0.0000, Batch num: 10, Task 1 acc: 91.0572, Batch num: 10, Task 2 acc: 10.0395, Batch num: 10, Task 3 acc: 31.8339, Task avg acc:33.2326
2024-05-27 03:04:27,271 - INFO - Batch num: 20, Task 0 acc: 0.0000, Batch num: 20, Task 1 acc: 90.3009, Batch num: 20, Task 2 acc: 9.7701, Batch num: 20, Task 3 acc: 31.6612, Task avg acc:32.9330
2024-05-27 03:04:36,281 - INFO - Batch num: 30, Task 0 acc: 0.0000, Batch num: 30, Task 1 acc: 90.3840, Batch num: 30, Task 2 acc: 9.4199, Batch num: 30, Task 3 acc: 31.3487, Task avg acc:32.7881
2024-05-27 03:04:45,312 - INFO - Batch num: 40, Task 0 acc: 0.0000, Batch num: 40, Task 1 acc: 90.6084, Batch num: 40, Task 2 acc: 10.1203, Batch num: 40, Task 3 acc: 31.4556, Task avg acc:33.0461
2024-05-27 03:04:54,482 - INFO - Batch num: 50, Task 0 acc: 0.0000, Batch num: 50, Task 1 acc: 91.0738, Batch num: 50, Task 2 acc: 10.4436, Batch num: 50, Task 3 acc: 30.3289, Task avg acc:32.9616
2024-05-27 03:05:03,533 - INFO - Batch num: 60, Task 0 acc: 0.0000, Batch num: 60, Task 1 acc: 92.0545, Batch num: 60, Task 2 acc: 9.6713, Batch num: 60, Task 3 acc: 28.8322, Task avg acc:32.6395
2024-05-27 03:05:12,531 - INFO - Batch num: 70, Task 0 acc: 0.0000, Batch num: 70, Task 1 acc: 91.9049, Batch num: 70, Task 2 acc: 8.9619, Batch num: 70, Task 3 acc: 29.6135, Task avg acc:32.6201
2024-05-27 03:05:21,559 - INFO - Batch num: 80, Task 0 acc: 0.0000, Batch num: 80, Task 1 acc: 90.4422, Batch num: 80, Task 2 acc: 8.1986, Batch num: 80, Task 3 acc: 32.0230, Task avg acc:32.6660
2024-05-27 03:05:30,683 - INFO - Batch num: 90, Task 0 acc: 0.0000, Batch num: 90, Task 1 acc: 90.3590, Batch num: 90, Task 2 acc: 9.1056, Batch num: 90, Task 3 acc: 31.5625, Task avg acc:32.7568
2024-05-27 03:05:30,787 - INFO - Epoch 3
2024-05-27 03:05:39,580 - INFO - Batch num: 0, Task 0 acc: 0.0000, Batch num: 0, Task 1 acc: 90.3424, Batch num: 0, Task 2 acc: 9.0338, Batch num: 0, Task 3 acc: 31.0691, Task avg acc:32.6113
2024-05-27 03:05:48,611 - INFO - Batch num: 10, Task 0 acc: 0.0000, Batch num: 10, Task 1 acc: 90.6416, Batch num: 10, Task 2 acc: 8.7733, Batch num: 10, Task 3 acc: 29.9013, Task avg acc:32.3291
2024-05-27 03:05:57,782 - INFO - Batch num: 20, Task 0 acc: 0.0000, Batch num: 20, Task 1 acc: 90.7746, Batch num: 20, Task 2 acc: 8.9260, Batch num: 20, Task 3 acc: 29.8602, Task avg acc:32.3902
2024-05-27 03:06:06,822 - INFO - Batch num: 30, Task 0 acc: 0.0000, Batch num: 30, Task 1 acc: 90.2759, Batch num: 30, Task 2 acc: 9.8869, Batch num: 30, Task 3 acc: 30.3289, Task avg acc:32.6229
2024-05-27 03:06:15,829 - INFO - Batch num: 40, Task 0 acc: 0.0000, Batch num: 40, Task 1 acc: 90.2178, Batch num: 40, Task 2 acc: 9.9048, Batch num: 40, Task 3 acc: 31.2171, Task avg acc:32.8349
2024-05-27 03:06:24,970 - INFO - Batch num: 50, Task 0 acc: 0.0000, Batch num: 50, Task 1 acc: 90.2011, Batch num: 50, Task 2 acc: 9.5546, Batch num: 50, Task 3 acc: 30.8141, Task avg acc:32.6425
2024-05-27 03:06:33,985 - INFO - Batch num: 60, Task 0 acc: 0.0000, Batch num: 60, Task 1 acc: 91.2317, Batch num: 60, Task 2 acc: 10.0844, Batch num: 60, Task 3 acc: 29.0872, Task avg acc:32.6008
2024-05-27 03:06:42,999 - INFO - Batch num: 70, Task 0 acc: 0.0000, Batch num: 70, Task 1 acc: 91.8384, Batch num: 70, Task 2 acc: 9.8509, Batch num: 70, Task 3 acc: 28.5691, Task avg acc:32.5646
2024-05-27 03:06:52,137 - INFO - Batch num: 80, Task 0 acc: 0.0000, Batch num: 80, Task 1 acc: 91.4561, Batch num: 80, Task 2 acc: 8.7195, Batch num: 80, Task 3 acc: 29.5477, Task avg acc:32.4308
2024-05-27 03:07:01,149 - INFO - Batch num: 90, Task 0 acc: 0.0000, Batch num: 90, Task 1 acc: 91.2899, Batch num: 90, Task 2 acc: 8.2795, Batch num: 90, Task 3 acc: 30.2303, Task avg acc:32.4499
2024-05-27 03:07:01,265 - INFO - ##########Task 4##########
2024-05-27 03:07:01,266 - INFO - Epoch 0
2024-05-27 03:07:12,214 - INFO - Batch num: 0, Task 0 acc: 0.0000, Batch num: 0, Task 1 acc: 91.7969, Batch num: 0, Task 2 acc: 8.6746, Batch num: 0, Task 3 acc: 29.5395, Batch num: 0, Task 4 acc: 0.0000, Task avg acc:26.0022
2024-05-27 03:07:23,539 - INFO - Batch num: 10, Task 0 acc: 0.0000, Batch num: 10, Task 1 acc: 94.1157, Batch num: 10, Task 2 acc: 8.4860, Batch num: 10, Task 3 acc: 23.6924, Batch num: 10, Task 4 acc: 0.0000, Task avg acc:25.2588
2024-05-27 03:07:34,697 - INFO - Batch num: 20, Task 0 acc: 0.0000, Batch num: 20, Task 1 acc: 93.0103, Batch num: 20, Task 2 acc: 8.1986, Batch num: 20, Task 3 acc: 25.3289, Batch num: 20, Task 4 acc: 0.0000, Task avg acc:25.3076
2024-05-27 03:07:45,852 - INFO - Batch num: 30, Task 0 acc: 0.0000, Batch num: 30, Task 1 acc: 92.8607, Batch num: 30, Task 2 acc: 7.7766, Batch num: 30, Task 3 acc: 23.8816, Batch num: 30, Task 4 acc: 0.0000, Task avg acc:24.9038
2024-05-27 03:07:57,167 - INFO - Batch num: 40, Task 0 acc: 0.0000, Batch num: 40, Task 1 acc: 93.5505, Batch num: 40, Task 2 acc: 7.4892, Batch num: 40, Task 3 acc: 22.7220, Batch num: 40, Task 4 acc: 0.0000, Task avg acc:24.7524
2024-05-27 03:08:08,366 - INFO - Batch num: 50, Task 0 acc: 0.0000, Batch num: 50, Task 1 acc: 93.6503, Batch num: 50, Task 2 acc: 5.4867, Batch num: 50, Task 3 acc: 23.4622, Batch num: 50, Task 4 acc: 0.3397, Task avg acc:24.5878
2024-05-27 03:08:19,422 - INFO - Batch num: 60, Task 0 acc: 0.0000, Batch num: 60, Task 1 acc: 92.7028, Batch num: 60, Task 2 acc: 4.8132, Batch num: 60, Task 3 acc: 21.3240, Batch num: 60, Task 4 acc: 9.3240, Task avg acc:25.6328
2024-05-27 03:08:30,713 - INFO - Batch num: 70, Task 0 acc: 0.0000, Batch num: 70, Task 1 acc: 90.6582, Batch num: 70, Task 2 acc: 3.9691, Batch num: 70, Task 3 acc: 19.3174, Batch num: 70, Task 4 acc: 20.6522, Task avg acc:26.9194
2024-05-27 03:08:41,854 - INFO - Batch num: 80, Task 0 acc: 0.0000, Batch num: 80, Task 1 acc: 91.3065, Batch num: 80, Task 2 acc: 1.1584, Batch num: 80, Task 3 acc: 18.6513, Batch num: 80, Task 4 acc: 25.7303, Task avg acc:27.3693
2024-05-27 03:08:53,025 - INFO - Batch num: 90, Task 0 acc: 0.0000, Batch num: 90, Task 1 acc: 91.9714, Batch num: 90, Task 2 acc: 0.4221, Batch num: 90, Task 3 acc: 10.8717, Batch num: 90, Task 4 acc: 32.7276, Task avg acc:27.1986
2024-05-27 03:08:53,053 - INFO - Epoch 1
2024-05-27 03:09:03,988 - INFO - Batch num: 0, Task 0 acc: 0.0000, Batch num: 0, Task 1 acc: 91.9631, Batch num: 0, Task 2 acc: 0.3951, Batch num: 0, Task 3 acc: 10.2878, Batch num: 0, Task 4 acc: 33.6787, Task avg acc:27.2649
2024-05-27 03:09:15,166 - INFO - Batch num: 10, Task 0 acc: 0.0000, Batch num: 10, Task 1 acc: 91.7636, Batch num: 10, Task 2 acc: 0.5388, Batch num: 10, Task 3 acc: 10.7566, Batch num: 10, Task 4 acc: 34.1627, Task avg acc:27.4443
2024-05-27 03:09:26,436 - INFO - Batch num: 20, Task 0 acc: 0.0000, Batch num: 20, Task 1 acc: 91.6057, Batch num: 20, Task 2 acc: 0.5298, Batch num: 20, Task 3 acc: 11.8503, Batch num: 20, Task 4 acc: 33.5683, Task avg acc:27.5108
2024-05-27 03:09:37,569 - INFO - Batch num: 30, Task 0 acc: 0.0000, Batch num: 30, Task 1 acc: 89.9102, Batch num: 30, Task 2 acc: 0.3412, Batch num: 30, Task 3 acc: 11.4474, Batch num: 30, Task 4 acc: 36.0819, Task avg acc:27.5561
2024-05-27 03:09:48,716 - INFO - Batch num: 40, Task 0 acc: 0.0000, Batch num: 40, Task 1 acc: 89.8853, Batch num: 40, Task 2 acc: 0.4310, Batch num: 40, Task 3 acc: 11.4062, Batch num: 40, Task 4 acc: 36.1073, Task avg acc:27.5660
2024-05-27 03:10:00,023 - INFO - Batch num: 50, Task 0 acc: 0.0000, Batch num: 50, Task 1 acc: 90.9159, Batch num: 50, Task 2 acc: 0.5388, Batch num: 50, Task 3 acc: 10.9786, Batch num: 50, Task 4 acc: 34.2137, Task avg acc:27.3294
2024-05-27 03:10:11,185 - INFO - Batch num: 60, Task 0 acc: 0.0000, Batch num: 60, Task 1 acc: 91.2068, Batch num: 60, Task 2 acc: 0.5837, Batch num: 60, Task 3 acc: 8.7418, Batch num: 60, Task 4 acc: 32.9823, Task avg acc:26.7029
2024-05-27 03:10:22,344 - INFO - Batch num: 70, Task 0 acc: 0.0000, Batch num: 70, Task 1 acc: 90.1928, Batch num: 70, Task 2 acc: 0.5029, Batch num: 70, Task 3 acc: 8.9638, Batch num: 70, Task 4 acc: 35.8950, Task avg acc:27.1109
2024-05-27 03:10:33,640 - INFO - Batch num: 80, Task 0 acc: 0.0000, Batch num: 80, Task 1 acc: 89.8354, Batch num: 80, Task 2 acc: 0.5568, Batch num: 80, Task 3 acc: 12.0970, Batch num: 80, Task 4 acc: 36.0479, Task avg acc:27.7074
2024-05-27 03:10:44,838 - INFO - Batch num: 90, Task 0 acc: 0.0000, Batch num: 90, Task 1 acc: 90.1180, Batch num: 90, Task 2 acc: 0.4041, Batch num: 90, Task 3 acc: 13.5937, Batch num: 90, Task 4 acc: 35.0459, Task avg acc:27.8323
2024-05-27 03:10:44,866 - INFO - Epoch 2
2024-05-27 03:10:55,838 - INFO - Batch num: 0, Task 0 acc: 0.0000, Batch num: 0, Task 1 acc: 90.2427, Batch num: 0, Task 2 acc: 0.3861, Batch num: 0, Task 3 acc: 13.6431, Batch num: 0, Task 4 acc: 34.9609, Task avg acc:27.8466
2024-05-27 03:11:07,182 - INFO - Batch num: 10, Task 0 acc: 0.0000, Batch num: 10, Task 1 acc: 90.4338, Batch num: 10, Task 2 acc: 0.5208, Batch num: 10, Task 3 acc: 13.3224, Batch num: 10, Task 4 acc: 35.1562, Task avg acc:27.8867
2024-05-27 03:11:18,362 - INFO - Batch num: 20, Task 0 acc: 0.0000, Batch num: 20, Task 1 acc: 90.6084, Batch num: 20, Task 2 acc: 0.5029, Batch num: 20, Task 3 acc: 12.2697, Batch num: 20, Task 4 acc: 34.0948, Task avg acc:27.4952
2024-05-27 03:11:29,564 - INFO - Batch num: 30, Task 0 acc: 0.0000, Batch num: 30, Task 1 acc: 89.8188, Batch num: 30, Task 2 acc: 0.5029, Batch num: 30, Task 3 acc: 11.6859, Batch num: 30, Task 4 acc: 35.9800, Task avg acc:27.5975
2024-05-27 03:11:40,851 - INFO - Batch num: 40, Task 0 acc: 0.0000, Batch num: 40, Task 1 acc: 89.5362, Batch num: 40, Task 2 acc: 0.3772, Batch num: 40, Task 3 acc: 11.6530, Batch num: 40, Task 4 acc: 36.0139, Task avg acc:27.5161
2024-05-27 03:11:52,032 - INFO - Batch num: 50, Task 0 acc: 0.0000, Batch num: 50, Task 1 acc: 90.0432, Batch num: 50, Task 2 acc: 0.3772, Batch num: 50, Task 3 acc: 12.7632, Batch num: 50, Task 4 acc: 34.6977, Task avg acc:27.5762
2024-05-27 03:12:03,342 - INFO - Batch num: 60, Task 0 acc: 0.0000, Batch num: 60, Task 1 acc: 90.0848, Batch num: 60, Task 2 acc: 0.4221, Batch num: 60, Task 3 acc: 11.4967, Batch num: 60, Task 4 acc: 33.7721, Task avg acc:27.1551
2024-05-27 03:12:14,513 - INFO - Batch num: 70, Task 0 acc: 0.0000, Batch num: 70, Task 1 acc: 89.4282, Batch num: 70, Task 2 acc: 0.3053, Batch num: 70, Task 3 acc: 11.7270, Batch num: 70, Task 4 acc: 34.7656, Task avg acc:27.2452
2024-05-27 03:12:25,783 - INFO - Batch num: 80, Task 0 acc: 0.0000, Batch num: 80, Task 1 acc: 89.4864, Batch num: 80, Task 2 acc: 0.2245, Batch num: 80, Task 3 acc: 12.1299, Batch num: 80, Task 4 acc: 34.9524, Task avg acc:27.3586
2024-05-27 03:12:37,230 - INFO - Batch num: 90, Task 0 acc: 0.0000, Batch num: 90, Task 1 acc: 89.8521, Batch num: 90, Task 2 acc: 0.2874, Batch num: 90, Task 3 acc: 12.9359, Batch num: 90, Task 4 acc: 33.4834, Task avg acc:27.3117
2024-05-27 03:12:37,258 - INFO - Epoch 3
2024-05-27 03:12:48,236 - INFO - Batch num: 0, Task 0 acc: 0.0000, Batch num: 0, Task 1 acc: 90.0017, Batch num: 0, Task 2 acc: 0.3053, Batch num: 0, Task 3 acc: 13.1743, Batch num: 0, Task 4 acc: 33.6277, Task avg acc:27.4218
2024-05-27 03:12:59,418 - INFO - Batch num: 10, Task 0 acc: 0.0000, Batch num: 10, Task 1 acc: 89.8687, Batch num: 10, Task 2 acc: 0.3053, Batch num: 10, Task 3 acc: 13.3799, Batch num: 10, Task 4 acc: 35.0459, Task avg acc:27.7200
2024-05-27 03:13:10,772 - INFO - Batch num: 20, Task 0 acc: 0.0000, Batch num: 20, Task 1 acc: 89.8521, Batch num: 20, Task 2 acc: 0.2604, Batch num: 20, Task 3 acc: 12.5493, Batch num: 20, Task 4 acc: 35.4620, Task avg acc:27.6248
2024-05-27 03:13:21,940 - INFO - Batch num: 30, Task 0 acc: 0.0000, Batch num: 30, Task 1 acc: 89.8521, Batch num: 30, Task 2 acc: 0.2784, Batch num: 30, Task 3 acc: 13.5855, Batch num: 30, Task 4 acc: 35.1732, Task avg acc:27.7778
2024-05-27 03:13:33,105 - INFO - Batch num: 40, Task 0 acc: 0.0000, Batch num: 40, Task 1 acc: 90.0183, Batch num: 40, Task 2 acc: 0.2874, Batch num: 40, Task 3 acc: 14.4161, Batch num: 40, Task 4 acc: 34.1287, Task avg acc:27.7701
2024-05-27 03:13:44,290 - INFO - Batch num: 50, Task 0 acc: 0.0000, Batch num: 50, Task 1 acc: 90.0349, Batch num: 50, Task 2 acc: 0.3502, Batch num: 50, Task 3 acc: 14.2763, Batch num: 50, Task 4 acc: 34.1118, Task avg acc:27.7546
2024-05-27 03:13:55,572 - INFO - Batch num: 60, Task 0 acc: 0.0000, Batch num: 60, Task 1 acc: 89.8604, Batch num: 60, Task 2 acc: 0.3233, Batch num: 60, Task 3 acc: 11.6776, Batch num: 60, Task 4 acc: 35.3346, Task avg acc:27.4392
2024-05-27 03:14:06,804 - INFO - Batch num: 70, Task 0 acc: 0.0000, Batch num: 70, Task 1 acc: 89.4116, Batch num: 70, Task 2 acc: 0.3323, Batch num: 70, Task 3 acc: 11.5625, Batch num: 70, Task 4 acc: 36.7782, Task avg acc:27.6169
2024-05-27 03:14:17,959 - INFO - Batch num: 80, Task 0 acc: 0.0000, Batch num: 80, Task 1 acc: 89.8604, Batch num: 80, Task 2 acc: 0.4221, Batch num: 80, Task 3 acc: 10.8470, Batch num: 80, Task 4 acc: 36.6168, Task avg acc:27.5493
2024-05-27 03:14:29,290 - INFO - Batch num: 90, Task 0 acc: 0.0000, Batch num: 90, Task 1 acc: 90.2510, Batch num: 90, Task 2 acc: 0.4041, Batch num: 90, Task 3 acc: 10.4770, Batch num: 90, Task 4 acc: 34.5703, Task avg acc:27.1405
