2024-05-26 18:48:29,891 - INFO - ##########Task 0##########
2024-05-26 18:48:29,892 - INFO - Epoch 0
2024-05-26 18:48:32,745 - INFO - Batch num: 0, Task 0 acc: 17.8571, Task avg acc:17.8571
2024-05-26 18:48:35,170 - INFO - Batch num: 10, Task 0 acc: 98.4216, Task avg acc:98.4216
2024-05-26 18:48:37,596 - INFO - Batch num: 20, Task 0 acc: 99.5536, Task avg acc:99.5536
2024-05-26 18:48:40,184 - INFO - Batch num: 30, Task 0 acc: 99.7608, Task avg acc:99.7608
2024-05-26 18:48:42,681 - INFO - Batch num: 40, Task 0 acc: 99.8007, Task avg acc:99.8007
2024-05-26 18:48:45,192 - INFO - Batch num: 50, Task 0 acc: 99.8485, Task avg acc:99.8485
2024-05-26 18:48:47,802 - INFO - Batch num: 60, Task 0 acc: 99.8724, Task avg acc:99.8724
2024-05-26 18:48:50,378 - INFO - Batch num: 70, Task 0 acc: 99.8804, Task avg acc:99.8804
2024-05-26 18:48:52,918 - INFO - Batch num: 80, Task 0 acc: 99.8964, Task avg acc:99.8964
2024-05-26 18:48:55,424 - INFO - Batch num: 90, Task 0 acc: 99.9043, Task avg acc:99.9043
2024-05-26 18:48:55,601 - INFO - Epoch 1
2024-05-26 18:48:58,007 - INFO - Batch num: 0, Task 0 acc: 99.9203, Task avg acc:99.9203
2024-05-26 18:49:00,540 - INFO - Batch num: 10, Task 0 acc: 99.9283, Task avg acc:99.9283
2024-05-26 18:49:03,049 - INFO - Batch num: 20, Task 0 acc: 99.9203, Task avg acc:99.9203
2024-05-26 18:49:05,679 - INFO - Batch num: 30, Task 0 acc: 99.9203, Task avg acc:99.9203
2024-05-26 18:49:08,190 - INFO - Batch num: 40, Task 0 acc: 99.9362, Task avg acc:99.9362
2024-05-26 18:49:10,688 - INFO - Batch num: 50, Task 0 acc: 99.9442, Task avg acc:99.9442
2024-05-26 18:49:13,187 - INFO - Batch num: 60, Task 0 acc: 99.9442, Task avg acc:99.9442
2024-05-26 18:49:15,810 - INFO - Batch num: 70, Task 0 acc: 99.9601, Task avg acc:99.9601
2024-05-26 18:49:18,316 - INFO - Batch num: 80, Task 0 acc: 99.9522, Task avg acc:99.9522
2024-05-26 18:49:20,822 - INFO - Batch num: 90, Task 0 acc: 99.9681, Task avg acc:99.9681
2024-05-26 18:49:21,003 - INFO - Epoch 2
2024-05-26 18:49:23,279 - INFO - Batch num: 0, Task 0 acc: 99.9681, Task avg acc:99.9681
2024-05-26 18:49:25,908 - INFO - Batch num: 10, Task 0 acc: 99.9601, Task avg acc:99.9601
2024-05-26 18:49:28,406 - INFO - Batch num: 20, Task 0 acc: 99.9522, Task avg acc:99.9522
2024-05-26 18:49:30,945 - INFO - Batch num: 30, Task 0 acc: 99.9522, Task avg acc:99.9522
2024-05-26 18:49:33,477 - INFO - Batch num: 40, Task 0 acc: 99.9442, Task avg acc:99.9442
2024-05-26 18:49:36,133 - INFO - Batch num: 50, Task 0 acc: 99.9522, Task avg acc:99.9522
2024-05-26 18:49:38,636 - INFO - Batch num: 60, Task 0 acc: 99.9522, Task avg acc:99.9522
2024-05-26 18:49:41,132 - INFO - Batch num: 70, Task 0 acc: 99.9601, Task avg acc:99.9601
2024-05-26 18:49:43,761 - INFO - Batch num: 80, Task 0 acc: 99.9761, Task avg acc:99.9761
2024-05-26 18:49:46,256 - INFO - Batch num: 90, Task 0 acc: 99.9761, Task avg acc:99.9761
2024-05-26 18:49:46,435 - INFO - Epoch 3
2024-05-26 18:49:48,711 - INFO - Batch num: 0, Task 0 acc: 99.9761, Task avg acc:99.9761
2024-05-26 18:49:51,208 - INFO - Batch num: 10, Task 0 acc: 99.9761, Task avg acc:99.9761
2024-05-26 18:49:53,716 - INFO - Batch num: 20, Task 0 acc: 99.9681, Task avg acc:99.9681
2024-05-26 18:49:56,333 - INFO - Batch num: 30, Task 0 acc: 99.9681, Task avg acc:99.9681
2024-05-26 18:49:58,891 - INFO - Batch num: 40, Task 0 acc: 99.9522, Task avg acc:99.9522
2024-05-26 18:50:01,398 - INFO - Batch num: 50, Task 0 acc: 99.9601, Task avg acc:99.9601
2024-05-26 18:50:03,906 - INFO - Batch num: 60, Task 0 acc: 99.9601, Task avg acc:99.9601
2024-05-26 18:50:06,540 - INFO - Batch num: 70, Task 0 acc: 99.9761, Task avg acc:99.9761
2024-05-26 18:50:09,050 - INFO - Batch num: 80, Task 0 acc: 99.9761, Task avg acc:99.9761
2024-05-26 18:50:11,562 - INFO - Batch num: 90, Task 0 acc: 99.9761, Task avg acc:99.9761
2024-05-26 18:50:11,751 - INFO - ##########Task 1##########
2024-05-26 18:50:11,752 - INFO - Epoch 0
2024-05-26 18:50:16,295 - INFO - Batch num: 0, Task 0 acc: 99.9761, Batch num: 0, Task 1 acc: 0.0000, Task avg acc:49.9880
2024-05-26 18:50:20,941 - INFO - Batch num: 10, Task 0 acc: 99.9522, Batch num: 10, Task 1 acc: 0.0000, Task avg acc:49.9761
2024-05-26 18:50:25,593 - INFO - Batch num: 20, Task 0 acc: 99.9203, Batch num: 20, Task 1 acc: 0.2909, Task avg acc:50.1056
2024-05-26 18:50:30,356 - INFO - Batch num: 30, Task 0 acc: 99.9203, Batch num: 30, Task 1 acc: 8.2364, Task avg acc:54.0783
2024-05-26 18:50:35,285 - INFO - Batch num: 40, Task 0 acc: 99.8645, Batch num: 40, Task 1 acc: 31.4744, Task avg acc:65.6694
2024-05-26 18:50:40,002 - INFO - Batch num: 50, Task 0 acc: 99.7927, Batch num: 50, Task 1 acc: 48.1300, Task avg acc:73.9614
2024-05-26 18:50:44,706 - INFO - Batch num: 60, Task 0 acc: 99.7927, Batch num: 60, Task 1 acc: 53.5987, Task avg acc:76.6957
2024-05-26 18:50:49,367 - INFO - Batch num: 70, Task 0 acc: 99.7529, Batch num: 70, Task 1 acc: 55.2776, Task avg acc:77.5152
2024-05-26 18:50:54,161 - INFO - Batch num: 80, Task 0 acc: 99.7768, Batch num: 80, Task 1 acc: 54.2138, Task avg acc:76.9953
2024-05-26 18:50:58,820 - INFO - Batch num: 90, Task 0 acc: 99.7608, Batch num: 90, Task 1 acc: 54.2636, Task avg acc:77.0122
2024-05-26 18:50:58,899 - INFO - Epoch 1
2024-05-26 18:51:03,336 - INFO - Batch num: 0, Task 0 acc: 99.7688, Batch num: 0, Task 1 acc: 53.2663, Task avg acc:76.5176
2024-05-26 18:51:08,144 - INFO - Batch num: 10, Task 0 acc: 99.7369, Batch num: 10, Task 1 acc: 55.1945, Task avg acc:77.4657
2024-05-26 18:51:12,803 - INFO - Batch num: 20, Task 0 acc: 99.7210, Batch num: 20, Task 1 acc: 57.0894, Task avg acc:78.4052
2024-05-26 18:51:17,586 - INFO - Batch num: 30, Task 0 acc: 99.7210, Batch num: 30, Task 1 acc: 56.9814, Task avg acc:78.3512
2024-05-26 18:51:22,254 - INFO - Batch num: 40, Task 0 acc: 99.7210, Batch num: 40, Task 1 acc: 56.5741, Task avg acc:78.1476
2024-05-26 18:51:27,640 - INFO - Batch num: 50, Task 0 acc: 99.7050, Batch num: 50, Task 1 acc: 59.2337, Task avg acc:79.4694
2024-05-26 18:51:32,522 - INFO - Batch num: 60, Task 0 acc: 99.6891, Batch num: 60, Task 1 acc: 60.4139, Task avg acc:80.0515
2024-05-26 18:51:37,248 - INFO - Batch num: 70, Task 0 acc: 99.6492, Batch num: 70, Task 1 acc: 61.6523, Task avg acc:80.6507
2024-05-26 18:51:42,555 - INFO - Batch num: 80, Task 0 acc: 99.6253, Batch num: 80, Task 1 acc: 61.8933, Task avg acc:80.7593
2024-05-26 18:51:47,507 - INFO - Batch num: 90, Task 0 acc: 99.6811, Batch num: 90, Task 1 acc: 59.0841, Task avg acc:79.3826
2024-05-26 18:51:47,587 - INFO - Epoch 2
2024-05-26 18:51:52,061 - INFO - Batch num: 0, Task 0 acc: 99.6971, Batch num: 0, Task 1 acc: 58.5273, Task avg acc:79.1122
2024-05-26 18:51:56,757 - INFO - Batch num: 10, Task 0 acc: 99.6891, Batch num: 10, Task 1 acc: 59.6410, Task avg acc:79.6650
2024-05-26 18:52:01,559 - INFO - Batch num: 20, Task 0 acc: 99.7290, Batch num: 20, Task 1 acc: 58.2530, Task avg acc:78.9910
2024-05-26 18:52:06,258 - INFO - Batch num: 30, Task 0 acc: 99.7130, Batch num: 30, Task 1 acc: 58.5854, Task avg acc:79.1492
2024-05-26 18:52:10,946 - INFO - Batch num: 40, Task 0 acc: 99.7210, Batch num: 40, Task 1 acc: 57.9953, Task avg acc:78.8582
2024-05-26 18:52:15,735 - INFO - Batch num: 50, Task 0 acc: 99.4739, Batch num: 50, Task 1 acc: 64.1622, Task avg acc:81.8180
2024-05-26 18:52:20,417 - INFO - Batch num: 60, Task 0 acc: 99.2347, Batch num: 60, Task 1 acc: 67.0047, Task avg acc:83.1197
2024-05-26 18:52:25,089 - INFO - Batch num: 70, Task 0 acc: 99.2746, Batch num: 70, Task 1 acc: 69.0658, Task avg acc:84.1702
2024-05-26 18:52:29,898 - INFO - Batch num: 80, Task 0 acc: 99.2586, Batch num: 80, Task 1 acc: 71.5259, Task avg acc:85.3923
2024-05-26 18:52:34,595 - INFO - Batch num: 90, Task 0 acc: 99.4260, Batch num: 90, Task 1 acc: 70.5618, Task avg acc:84.9939
2024-05-26 18:52:34,673 - INFO - Epoch 3
2024-05-26 18:52:39,175 - INFO - Batch num: 0, Task 0 acc: 99.4180, Batch num: 0, Task 1 acc: 68.9661, Task avg acc:84.1921
2024-05-26 18:52:43,992 - INFO - Batch num: 10, Task 0 acc: 99.4499, Batch num: 10, Task 1 acc: 66.3896, Task avg acc:82.9198
2024-05-26 18:52:48,673 - INFO - Batch num: 20, Task 0 acc: 99.3463, Batch num: 20, Task 1 acc: 67.1543, Task avg acc:83.2503
2024-05-26 18:52:53,472 - INFO - Batch num: 30, Task 0 acc: 99.2188, Batch num: 30, Task 1 acc: 65.5170, Task avg acc:82.3679
2024-05-26 18:52:58,258 - INFO - Batch num: 40, Task 0 acc: 98.9397, Batch num: 40, Task 1 acc: 71.2932, Task avg acc:85.1165
2024-05-26 18:53:02,939 - INFO - Batch num: 50, Task 0 acc: 98.9397, Batch num: 50, Task 1 acc: 72.5648, Task avg acc:85.7523
2024-05-26 18:53:07,630 - INFO - Batch num: 60, Task 0 acc: 99.2427, Batch num: 60, Task 1 acc: 66.6805, Task avg acc:82.9616
2024-05-26 18:53:12,429 - INFO - Batch num: 70, Task 0 acc: 99.3463, Batch num: 70, Task 1 acc: 67.4451, Task avg acc:83.3957
2024-05-26 18:53:17,097 - INFO - Batch num: 80, Task 0 acc: 99.1390, Batch num: 80, Task 1 acc: 73.1632, Task avg acc:86.1511
2024-05-26 18:53:21,770 - INFO - Batch num: 90, Task 0 acc: 99.2427, Batch num: 90, Task 1 acc: 70.3125, Task avg acc:84.7776
2024-05-26 18:53:21,859 - INFO - ##########Task 2##########
2024-05-26 18:53:21,860 - INFO - Epoch 0
2024-05-26 18:53:28,300 - INFO - Batch num: 0, Task 0 acc: 99.2746, Batch num: 0, Task 1 acc: 64.9767, Batch num: 0, Task 2 acc: 0.0000, Task avg acc:54.7504
2024-05-26 18:53:35,100 - INFO - Batch num: 10, Task 0 acc: 99.5536, Batch num: 10, Task 1 acc: 54.0226, Batch num: 10, Task 2 acc: 0.0000, Task avg acc:51.1921
2024-05-26 18:53:41,788 - INFO - Batch num: 20, Task 0 acc: 98.3099, Batch num: 20, Task 1 acc: 64.8853, Batch num: 20, Task 2 acc: 0.0000, Task avg acc:54.3984
2024-05-26 18:53:48,536 - INFO - Batch num: 30, Task 0 acc: 99.3224, Batch num: 30, Task 1 acc: 58.9927, Batch num: 30, Task 2 acc: 0.0000, Task avg acc:52.7717
2024-05-26 18:53:55,202 - INFO - Batch num: 40, Task 0 acc: 99.0274, Batch num: 40, Task 1 acc: 63.4890, Batch num: 40, Task 2 acc: 0.0090, Task avg acc:54.1751
2024-05-26 18:54:01,883 - INFO - Batch num: 50, Task 0 acc: 93.2079, Batch num: 50, Task 1 acc: 70.5868, Batch num: 50, Task 2 acc: 0.8441, Task avg acc:54.8796
2024-05-26 18:54:08,562 - INFO - Batch num: 60, Task 0 acc: 98.7165, Batch num: 60, Task 1 acc: 32.0811, Batch num: 60, Task 2 acc: 38.5686, Task avg acc:56.4554
2024-05-26 18:54:15,348 - INFO - Batch num: 70, Task 0 acc: 29.0737, Batch num: 70, Task 1 acc: 0.5070, Batch num: 70, Task 2 acc: 95.3754, Task avg acc:41.6520
2024-05-26 18:54:22,014 - INFO - Batch num: 80, Task 0 acc: 0.0000, Batch num: 80, Task 1 acc: 0.0000, Batch num: 80, Task 2 acc: 97.8628, Task avg acc:32.6209
2024-05-26 18:54:22,169 - INFO - Epoch 1
2024-05-26 18:54:28,621 - INFO - Batch num: 0, Task 0 acc: 0.0000, Batch num: 0, Task 1 acc: 0.0000, Batch num: 0, Task 2 acc: 98.6261, Task avg acc:32.8754
2024-05-26 18:54:35,452 - INFO - Batch num: 10, Task 0 acc: 0.0000, Batch num: 10, Task 1 acc: 0.0000, Batch num: 10, Task 2 acc: 99.1469, Task avg acc:33.0490
2024-05-26 18:54:42,217 - INFO - Batch num: 20, Task 0 acc: 0.0000, Batch num: 20, Task 1 acc: 0.0000, Batch num: 20, Task 2 acc: 99.3894, Task avg acc:33.1298
2024-05-26 18:54:48,897 - INFO - Batch num: 30, Task 0 acc: 0.0000, Batch num: 30, Task 1 acc: 0.0000, Batch num: 30, Task 2 acc: 99.4253, Task avg acc:33.1418
2024-05-26 18:54:55,682 - INFO - Batch num: 40, Task 0 acc: 0.0000, Batch num: 40, Task 1 acc: 0.0000, Batch num: 40, Task 2 acc: 99.4881, Task avg acc:33.1627
2024-05-26 18:55:02,338 - INFO - Batch num: 50, Task 0 acc: 0.0000, Batch num: 50, Task 1 acc: 0.0000, Batch num: 50, Task 2 acc: 99.5151, Task avg acc:33.1717
2024-05-26 18:55:09,465 - INFO - Batch num: 60, Task 0 acc: 0.0000, Batch num: 60, Task 1 acc: 0.0000, Batch num: 60, Task 2 acc: 99.5600, Task avg acc:33.1867
2024-05-26 18:55:16,508 - INFO - Batch num: 70, Task 0 acc: 0.0000, Batch num: 70, Task 1 acc: 0.0000, Batch num: 70, Task 2 acc: 99.5690, Task avg acc:33.1897
2024-05-26 18:55:24,774 - INFO - Batch num: 80, Task 0 acc: 0.0000, Batch num: 80, Task 1 acc: 0.0000, Batch num: 80, Task 2 acc: 99.5959, Task avg acc:33.1986
2024-05-26 18:55:24,967 - INFO - Epoch 2
2024-05-26 18:55:32,627 - INFO - Batch num: 0, Task 0 acc: 0.0000, Batch num: 0, Task 1 acc: 0.0000, Batch num: 0, Task 2 acc: 99.6139, Task avg acc:33.2046
2024-05-26 18:55:39,427 - INFO - Batch num: 10, Task 0 acc: 0.0000, Batch num: 10, Task 1 acc: 0.0000, Batch num: 10, Task 2 acc: 99.5959, Task avg acc:33.1986
2024-05-26 18:55:46,200 - INFO - Batch num: 20, Task 0 acc: 0.0000, Batch num: 20, Task 1 acc: 0.0000, Batch num: 20, Task 2 acc: 99.6049, Task avg acc:33.2016
2024-05-26 18:55:52,925 - INFO - Batch num: 30, Task 0 acc: 0.0000, Batch num: 30, Task 1 acc: 0.0000, Batch num: 30, Task 2 acc: 99.6318, Task avg acc:33.2106
2024-05-26 18:55:59,553 - INFO - Batch num: 40, Task 0 acc: 0.0000, Batch num: 40, Task 1 acc: 0.0000, Batch num: 40, Task 2 acc: 99.6498, Task avg acc:33.2166
2024-05-26 18:56:06,164 - INFO - Batch num: 50, Task 0 acc: 0.0000, Batch num: 50, Task 1 acc: 0.0000, Batch num: 50, Task 2 acc: 99.6677, Task avg acc:33.2226
2024-05-26 18:56:12,983 - INFO - Batch num: 60, Task 0 acc: 0.0000, Batch num: 60, Task 1 acc: 0.0000, Batch num: 60, Task 2 acc: 99.7037, Task avg acc:33.2346
2024-05-26 18:56:19,623 - INFO - Batch num: 70, Task 0 acc: 0.0000, Batch num: 70, Task 1 acc: 0.0000, Batch num: 70, Task 2 acc: 99.6767, Task avg acc:33.2256
2024-05-26 18:56:26,240 - INFO - Batch num: 80, Task 0 acc: 0.0000, Batch num: 80, Task 1 acc: 0.0000, Batch num: 80, Task 2 acc: 99.6947, Task avg acc:33.2316
2024-05-26 18:56:26,393 - INFO - Epoch 3
2024-05-26 18:56:32,932 - INFO - Batch num: 0, Task 0 acc: 0.0000, Batch num: 0, Task 1 acc: 0.0000, Batch num: 0, Task 2 acc: 99.7126, Task avg acc:33.2375
2024-05-26 18:56:39,582 - INFO - Batch num: 10, Task 0 acc: 0.0000, Batch num: 10, Task 1 acc: 0.0000, Batch num: 10, Task 2 acc: 99.7126, Task avg acc:33.2375
2024-05-26 18:56:46,341 - INFO - Batch num: 20, Task 0 acc: 0.0000, Batch num: 20, Task 1 acc: 0.0000, Batch num: 20, Task 2 acc: 99.7306, Task avg acc:33.2435
2024-05-26 18:56:52,940 - INFO - Batch num: 30, Task 0 acc: 0.0000, Batch num: 30, Task 1 acc: 0.0000, Batch num: 30, Task 2 acc: 99.7486, Task avg acc:33.2495
2024-05-26 18:56:59,655 - INFO - Batch num: 40, Task 0 acc: 0.0000, Batch num: 40, Task 1 acc: 0.0000, Batch num: 40, Task 2 acc: 99.7306, Task avg acc:33.2435
2024-05-26 18:57:06,241 - INFO - Batch num: 50, Task 0 acc: 0.0000, Batch num: 50, Task 1 acc: 0.0000, Batch num: 50, Task 2 acc: 99.7575, Task avg acc:33.2525
2024-05-26 18:57:12,840 - INFO - Batch num: 60, Task 0 acc: 0.0000, Batch num: 60, Task 1 acc: 0.0000, Batch num: 60, Task 2 acc: 99.7486, Task avg acc:33.2495
2024-05-26 18:57:19,553 - INFO - Batch num: 70, Task 0 acc: 0.0000, Batch num: 70, Task 1 acc: 0.0000, Batch num: 70, Task 2 acc: 99.7665, Task avg acc:33.2555
2024-05-26 18:57:26,839 - INFO - Batch num: 80, Task 0 acc: 0.0000, Batch num: 80, Task 1 acc: 0.0000, Batch num: 80, Task 2 acc: 99.7845, Task avg acc:33.2615
2024-05-26 18:57:27,004 - INFO - ##########Task 3##########
2024-05-26 18:57:27,004 - INFO - Epoch 0
2024-05-26 18:57:35,593 - INFO - Batch num: 0, Task 0 acc: 0.0000, Batch num: 0, Task 1 acc: 0.0000, Batch num: 0, Task 2 acc: 99.7665, Batch num: 0, Task 3 acc: 0.0000, Task avg acc:24.9416
2024-05-26 18:57:44,404 - INFO - Batch num: 10, Task 0 acc: 0.0000, Batch num: 10, Task 1 acc: 0.0000, Batch num: 10, Task 2 acc: 99.6857, Batch num: 10, Task 3 acc: 0.0000, Task avg acc:24.9214
2024-05-26 18:57:54,011 - INFO - Batch num: 20, Task 0 acc: 0.0000, Batch num: 20, Task 1 acc: 0.0000, Batch num: 20, Task 2 acc: 99.6677, Batch num: 20, Task 3 acc: 0.0000, Task avg acc:24.9169
2024-05-26 18:58:02,909 - INFO - Batch num: 30, Task 0 acc: 0.0000, Batch num: 30, Task 1 acc: 0.0000, Batch num: 30, Task 2 acc: 99.5959, Batch num: 30, Task 3 acc: 0.0000, Task avg acc:24.8990
2024-05-26 18:58:12,100 - INFO - Batch num: 40, Task 0 acc: 0.0000, Batch num: 40, Task 1 acc: 0.0000, Batch num: 40, Task 2 acc: 99.4343, Batch num: 40, Task 3 acc: 0.0247, Task avg acc:24.8647
2024-05-26 18:58:21,506 - INFO - Batch num: 50, Task 0 acc: 0.0000, Batch num: 50, Task 1 acc: 0.0000, Batch num: 50, Task 2 acc: 99.4971, Batch num: 50, Task 3 acc: 23.8980, Task avg acc:30.8488
2024-05-26 18:58:30,919 - INFO - Batch num: 60, Task 0 acc: 0.0000, Batch num: 60, Task 1 acc: 0.0000, Batch num: 60, Task 2 acc: 89.2062, Batch num: 60, Task 3 acc: 79.6711, Task avg acc:42.2193
2024-05-26 18:58:39,877 - INFO - Batch num: 70, Task 0 acc: 0.0000, Batch num: 70, Task 1 acc: 0.0000, Batch num: 70, Task 2 acc: 41.9899, Batch num: 70, Task 3 acc: 98.3717, Task avg acc:35.0904
2024-05-26 18:58:50,241 - INFO - Batch num: 80, Task 0 acc: 0.0000, Batch num: 80, Task 1 acc: 0.0000, Batch num: 80, Task 2 acc: 16.6577, Batch num: 80, Task 3 acc: 99.6217, Task avg acc:29.0698
2024-05-26 18:59:01,279 - INFO - Batch num: 90, Task 0 acc: 0.0000, Batch num: 90, Task 1 acc: 0.0000, Batch num: 90, Task 2 acc: 8.7733, Batch num: 90, Task 3 acc: 99.7615, Task avg acc:27.1337
2024-05-26 18:59:01,383 - INFO - Epoch 1
2024-05-26 18:59:12,079 - INFO - Batch num: 0, Task 0 acc: 0.0000, Batch num: 0, Task 1 acc: 0.0000, Batch num: 0, Task 2 acc: 7.4264, Batch num: 0, Task 3 acc: 99.7862, Task avg acc:26.8031
2024-05-26 18:59:20,965 - INFO - Batch num: 10, Task 0 acc: 0.0000, Batch num: 10, Task 1 acc: 0.0000, Batch num: 10, Task 2 acc: 6.7708, Batch num: 10, Task 3 acc: 99.8438, Task avg acc:26.6536
2024-05-26 18:59:29,872 - INFO - Batch num: 20, Task 0 acc: 0.0000, Batch num: 20, Task 1 acc: 0.0000, Batch num: 20, Task 2 acc: 6.0075, Batch num: 20, Task 3 acc: 99.8602, Task avg acc:26.4669
2024-05-26 18:59:38,726 - INFO - Batch num: 30, Task 0 acc: 0.0000, Batch num: 30, Task 1 acc: 0.0000, Batch num: 30, Task 2 acc: 5.1185, Batch num: 30, Task 3 acc: 99.8684, Task avg acc:26.2467
2024-05-26 18:59:47,903 - INFO - Batch num: 40, Task 0 acc: 0.0000, Batch num: 40, Task 1 acc: 0.0000, Batch num: 40, Task 2 acc: 5.0018, Batch num: 40, Task 3 acc: 99.8602, Task avg acc:26.2155
2024-05-26 18:59:56,753 - INFO - Batch num: 50, Task 0 acc: 0.0000, Batch num: 50, Task 1 acc: 0.0000, Batch num: 50, Task 2 acc: 4.3732, Batch num: 50, Task 3 acc: 99.8684, Task avg acc:26.0604
2024-05-26 19:00:05,587 - INFO - Batch num: 60, Task 0 acc: 0.0000, Batch num: 60, Task 1 acc: 0.0000, Batch num: 60, Task 2 acc: 3.7267, Batch num: 60, Task 3 acc: 99.8766, Task avg acc:25.9008
2024-05-26 19:00:14,583 - INFO - Batch num: 70, Task 0 acc: 0.0000, Batch num: 70, Task 1 acc: 0.0000, Batch num: 70, Task 2 acc: 3.4662, Batch num: 70, Task 3 acc: 99.8684, Task avg acc:25.8337
2024-05-26 19:00:23,770 - INFO - Batch num: 80, Task 0 acc: 0.0000, Batch num: 80, Task 1 acc: 0.0000, Batch num: 80, Task 2 acc: 3.7446, Batch num: 80, Task 3 acc: 99.8931, Task avg acc:25.9094
2024-05-26 19:00:32,793 - INFO - Batch num: 90, Task 0 acc: 0.0000, Batch num: 90, Task 1 acc: 0.0000, Batch num: 90, Task 2 acc: 3.9332, Batch num: 90, Task 3 acc: 99.8931, Task avg acc:25.9566
2024-05-26 19:00:32,913 - INFO - Epoch 2
2024-05-26 19:00:41,594 - INFO - Batch num: 0, Task 0 acc: 0.0000, Batch num: 0, Task 1 acc: 0.0000, Batch num: 0, Task 2 acc: 4.0858, Batch num: 0, Task 3 acc: 99.8931, Task avg acc:25.9947
2024-05-26 19:00:50,536 - INFO - Batch num: 10, Task 0 acc: 0.0000, Batch num: 10, Task 1 acc: 0.0000, Batch num: 10, Task 2 acc: 3.7446, Batch num: 10, Task 3 acc: 99.8931, Task avg acc:25.9094
2024-05-26 19:00:59,362 - INFO - Batch num: 20, Task 0 acc: 0.0000, Batch num: 20, Task 1 acc: 0.0000, Batch num: 20, Task 2 acc: 3.4662, Batch num: 20, Task 3 acc: 99.9095, Task avg acc:25.8439
2024-05-26 19:01:08,211 - INFO - Batch num: 30, Task 0 acc: 0.0000, Batch num: 30, Task 1 acc: 0.0000, Batch num: 30, Task 2 acc: 3.3944, Batch num: 30, Task 3 acc: 99.9013, Task avg acc:25.8239
2024-05-26 19:01:17,072 - INFO - Batch num: 40, Task 0 acc: 0.0000, Batch num: 40, Task 1 acc: 0.0000, Batch num: 40, Task 2 acc: 3.2417, Batch num: 40, Task 3 acc: 99.9013, Task avg acc:25.7858
2024-05-26 19:01:28,196 - INFO - Batch num: 50, Task 0 acc: 0.0000, Batch num: 50, Task 1 acc: 0.0000, Batch num: 50, Task 2 acc: 3.0801, Batch num: 50, Task 3 acc: 99.9013, Task avg acc:25.7454
2024-05-26 19:01:37,286 - INFO - Batch num: 60, Task 0 acc: 0.0000, Batch num: 60, Task 1 acc: 0.0000, Batch num: 60, Task 2 acc: 2.6760, Batch num: 60, Task 3 acc: 99.9178, Task avg acc:25.6484
2024-05-26 19:01:46,183 - INFO - Batch num: 70, Task 0 acc: 0.0000, Batch num: 70, Task 1 acc: 0.0000, Batch num: 70, Task 2 acc: 2.7568, Batch num: 70, Task 3 acc: 99.9178, Task avg acc:25.6686
2024-05-26 19:01:55,281 - INFO - Batch num: 80, Task 0 acc: 0.0000, Batch num: 80, Task 1 acc: 0.0000, Batch num: 80, Task 2 acc: 3.0621, Batch num: 80, Task 3 acc: 99.9260, Task avg acc:25.7470
2024-05-26 19:02:04,135 - INFO - Batch num: 90, Task 0 acc: 0.0000, Batch num: 90, Task 1 acc: 0.0000, Batch num: 90, Task 2 acc: 3.4842, Batch num: 90, Task 3 acc: 99.9178, Task avg acc:25.8505
2024-05-26 19:02:04,240 - INFO - Epoch 3
2024-05-26 19:02:12,861 - INFO - Batch num: 0, Task 0 acc: 0.0000, Batch num: 0, Task 1 acc: 0.0000, Batch num: 0, Task 2 acc: 3.4303, Batch num: 0, Task 3 acc: 99.9178, Task avg acc:25.8370
2024-05-26 19:02:21,750 - INFO - Batch num: 10, Task 0 acc: 0.0000, Batch num: 10, Task 1 acc: 0.0000, Batch num: 10, Task 2 acc: 3.2777, Batch num: 10, Task 3 acc: 99.9342, Task avg acc:25.8030
2024-05-26 19:02:30,722 - INFO - Batch num: 20, Task 0 acc: 0.0000, Batch num: 20, Task 1 acc: 0.0000, Batch num: 20, Task 2 acc: 3.2238, Batch num: 20, Task 3 acc: 99.9260, Task avg acc:25.7874
2024-05-26 19:02:39,667 - INFO - Batch num: 30, Task 0 acc: 0.0000, Batch num: 30, Task 1 acc: 0.0000, Batch num: 30, Task 2 acc: 3.1340, Batch num: 30, Task 3 acc: 99.9260, Task avg acc:25.7650
2024-05-26 19:02:48,498 - INFO - Batch num: 40, Task 0 acc: 0.0000, Batch num: 40, Task 1 acc: 0.0000, Batch num: 40, Task 2 acc: 3.0083, Batch num: 40, Task 3 acc: 99.9260, Task avg acc:25.7336
2024-05-26 19:02:57,417 - INFO - Batch num: 50, Task 0 acc: 0.0000, Batch num: 50, Task 1 acc: 0.0000, Batch num: 50, Task 2 acc: 2.7658, Batch num: 50, Task 3 acc: 99.9424, Task avg acc:25.6771
2024-05-26 19:03:06,223 - INFO - Batch num: 60, Task 0 acc: 0.0000, Batch num: 60, Task 1 acc: 0.0000, Batch num: 60, Task 2 acc: 2.3527, Batch num: 60, Task 3 acc: 99.9424, Task avg acc:25.5738
2024-05-26 19:03:15,048 - INFO - Batch num: 70, Task 0 acc: 0.0000, Batch num: 70, Task 1 acc: 0.0000, Batch num: 70, Task 2 acc: 2.5503, Batch num: 70, Task 3 acc: 99.9342, Task avg acc:25.6211
2024-05-26 19:03:23,859 - INFO - Batch num: 80, Task 0 acc: 0.0000, Batch num: 80, Task 1 acc: 0.0000, Batch num: 80, Task 2 acc: 2.7748, Batch num: 80, Task 3 acc: 99.9507, Task avg acc:25.6814
2024-05-26 19:03:32,973 - INFO - Batch num: 90, Task 0 acc: 0.0000, Batch num: 90, Task 1 acc: 0.0000, Batch num: 90, Task 2 acc: 3.0981, Batch num: 90, Task 3 acc: 99.9342, Task avg acc:25.7581
2024-05-26 19:03:33,094 - INFO - ##########Task 4##########
2024-05-26 19:03:33,094 - INFO - Epoch 0
2024-05-26 19:03:44,000 - INFO - Batch num: 0, Task 0 acc: 0.0000, Batch num: 0, Task 1 acc: 0.0000, Batch num: 0, Task 2 acc: 2.9274, Batch num: 0, Task 3 acc: 99.9342, Batch num: 0, Task 4 acc: 0.0000, Task avg acc:20.5723
2024-05-26 19:03:54,851 - INFO - Batch num: 10, Task 0 acc: 0.0000, Batch num: 10, Task 1 acc: 0.0000, Batch num: 10, Task 2 acc: 0.6286, Batch num: 10, Task 3 acc: 99.6628, Batch num: 10, Task 4 acc: 0.0000, Task avg acc:20.0583
2024-05-26 19:04:05,998 - INFO - Batch num: 20, Task 0 acc: 0.0000, Batch num: 20, Task 1 acc: 0.0000, Batch num: 20, Task 2 acc: 0.3861, Batch num: 20, Task 3 acc: 99.1365, Batch num: 20, Task 4 acc: 0.0000, Task avg acc:19.9045
2024-05-26 19:04:16,954 - INFO - Batch num: 30, Task 0 acc: 0.0000, Batch num: 30, Task 1 acc: 0.0000, Batch num: 30, Task 2 acc: 0.7453, Batch num: 30, Task 3 acc: 99.0132, Batch num: 30, Task 4 acc: 0.0000, Task avg acc:19.9517
2024-05-26 19:04:27,903 - INFO - Batch num: 40, Task 0 acc: 0.0000, Batch num: 40, Task 1 acc: 0.0000, Batch num: 40, Task 2 acc: 1.4188, Batch num: 40, Task 3 acc: 98.9391, Batch num: 40, Task 4 acc: 1.8257, Task avg acc:20.4367
2024-05-26 19:04:38,976 - INFO - Batch num: 50, Task 0 acc: 0.0000, Batch num: 50, Task 1 acc: 0.0000, Batch num: 50, Task 2 acc: 0.0269, Batch num: 50, Task 3 acc: 93.0263, Batch num: 50, Task 4 acc: 60.3940, Task avg acc:30.6895
2024-05-26 19:04:49,958 - INFO - Batch num: 60, Task 0 acc: 0.0000, Batch num: 60, Task 1 acc: 0.0000, Batch num: 60, Task 2 acc: 0.0000, Batch num: 60, Task 3 acc: 47.4095, Batch num: 60, Task 4 acc: 91.6016, Task avg acc:27.8022
2024-05-26 19:05:00,837 - INFO - Batch num: 70, Task 0 acc: 0.0000, Batch num: 70, Task 1 acc: 0.0000, Batch num: 70, Task 2 acc: 0.0000, Batch num: 70, Task 3 acc: 5.5181, Batch num: 70, Task 4 acc: 96.4504, Task avg acc:20.3937
2024-05-26 19:05:11,739 - INFO - Batch num: 80, Task 0 acc: 0.0000, Batch num: 80, Task 1 acc: 0.0000, Batch num: 80, Task 2 acc: 0.0000, Batch num: 80, Task 3 acc: 0.0740, Batch num: 80, Task 4 acc: 97.5713, Task avg acc:19.5291
2024-05-26 19:05:22,751 - INFO - Batch num: 90, Task 0 acc: 0.0000, Batch num: 90, Task 1 acc: 0.0000, Batch num: 90, Task 2 acc: 0.0000, Batch num: 90, Task 3 acc: 0.0247, Batch num: 90, Task 4 acc: 98.0808, Task avg acc:19.6211
2024-05-26 19:05:22,779 - INFO - Epoch 1
2024-05-26 19:05:33,488 - INFO - Batch num: 0, Task 0 acc: 0.0000, Batch num: 0, Task 1 acc: 0.0000, Batch num: 0, Task 2 acc: 0.0000, Batch num: 0, Task 3 acc: 0.0247, Batch num: 0, Task 4 acc: 98.1573, Task avg acc:19.6364
2024-05-26 19:05:44,472 - INFO - Batch num: 10, Task 0 acc: 0.0000, Batch num: 10, Task 1 acc: 0.0000, Batch num: 10, Task 2 acc: 0.0000, Batch num: 10, Task 3 acc: 0.0247, Batch num: 10, Task 4 acc: 98.2422, Task avg acc:19.6534
2024-05-26 19:05:55,543 - INFO - Batch num: 20, Task 0 acc: 0.0000, Batch num: 20, Task 1 acc: 0.0000, Batch num: 20, Task 2 acc: 0.0000, Batch num: 20, Task 3 acc: 0.0164, Batch num: 20, Task 4 acc: 98.3526, Task avg acc:19.6738
2024-05-26 19:06:06,520 - INFO - Batch num: 30, Task 0 acc: 0.0000, Batch num: 30, Task 1 acc: 0.0000, Batch num: 30, Task 2 acc: 0.0000, Batch num: 30, Task 3 acc: 0.0082, Batch num: 30, Task 4 acc: 98.5564, Task avg acc:19.7129
2024-05-26 19:06:17,618 - INFO - Batch num: 40, Task 0 acc: 0.0000, Batch num: 40, Task 1 acc: 0.0000, Batch num: 40, Task 2 acc: 0.0000, Batch num: 40, Task 3 acc: 0.0082, Batch num: 40, Task 4 acc: 98.6243, Task avg acc:19.7265
2024-05-26 19:06:28,657 - INFO - Batch num: 50, Task 0 acc: 0.0000, Batch num: 50, Task 1 acc: 0.0000, Batch num: 50, Task 2 acc: 0.0000, Batch num: 50, Task 3 acc: 0.0082, Batch num: 50, Task 4 acc: 98.8026, Task avg acc:19.7622
2024-05-26 19:06:39,913 - INFO - Batch num: 60, Task 0 acc: 0.0000, Batch num: 60, Task 1 acc: 0.0000, Batch num: 60, Task 2 acc: 0.0000, Batch num: 60, Task 3 acc: 0.0082, Batch num: 60, Task 4 acc: 98.8451, Task avg acc:19.7707
2024-05-26 19:06:51,003 - INFO - Batch num: 70, Task 0 acc: 0.0000, Batch num: 70, Task 1 acc: 0.0000, Batch num: 70, Task 2 acc: 0.0000, Batch num: 70, Task 3 acc: 0.0082, Batch num: 70, Task 4 acc: 98.9300, Task avg acc:19.7877
2024-05-26 19:07:01,880 - INFO - Batch num: 80, Task 0 acc: 0.0000, Batch num: 80, Task 1 acc: 0.0000, Batch num: 80, Task 2 acc: 0.0000, Batch num: 80, Task 3 acc: 0.0082, Batch num: 80, Task 4 acc: 98.9640, Task avg acc:19.7944
2024-05-26 19:07:12,768 - INFO - Batch num: 90, Task 0 acc: 0.0000, Batch num: 90, Task 1 acc: 0.0000, Batch num: 90, Task 2 acc: 0.0000, Batch num: 90, Task 3 acc: 0.0000, Batch num: 90, Task 4 acc: 99.0659, Task avg acc:19.8132
2024-05-26 19:07:12,795 - INFO - Epoch 2
2024-05-26 19:07:23,559 - INFO - Batch num: 0, Task 0 acc: 0.0000, Batch num: 0, Task 1 acc: 0.0000, Batch num: 0, Task 2 acc: 0.0000, Batch num: 0, Task 3 acc: 0.0000, Batch num: 0, Task 4 acc: 99.0659, Task avg acc:19.8132
2024-05-26 19:07:34,442 - INFO - Batch num: 10, Task 0 acc: 0.0000, Batch num: 10, Task 1 acc: 0.0000, Batch num: 10, Task 2 acc: 0.0000, Batch num: 10, Task 3 acc: 0.0000, Batch num: 10, Task 4 acc: 99.0574, Task avg acc:19.8115
2024-05-26 19:07:45,568 - INFO - Batch num: 20, Task 0 acc: 0.0000, Batch num: 20, Task 1 acc: 0.0000, Batch num: 20, Task 2 acc: 0.0000, Batch num: 20, Task 3 acc: 0.0000, Batch num: 20, Task 4 acc: 99.0574, Task avg acc:19.8115
2024-05-26 19:07:56,591 - INFO - Batch num: 30, Task 0 acc: 0.0000, Batch num: 30, Task 1 acc: 0.0000, Batch num: 30, Task 2 acc: 0.0000, Batch num: 30, Task 3 acc: 0.0164, Batch num: 30, Task 4 acc: 99.1338, Task avg acc:19.8301
2024-05-26 19:08:07,517 - INFO - Batch num: 40, Task 0 acc: 0.0000, Batch num: 40, Task 1 acc: 0.0000, Batch num: 40, Task 2 acc: 0.0000, Batch num: 40, Task 3 acc: 0.0000, Batch num: 40, Task 4 acc: 99.1423, Task avg acc:19.8285
2024-05-26 19:08:18,455 - INFO - Batch num: 50, Task 0 acc: 0.0000, Batch num: 50, Task 1 acc: 0.0000, Batch num: 50, Task 2 acc: 0.0000, Batch num: 50, Task 3 acc: 0.0000, Batch num: 50, Task 4 acc: 99.1423, Task avg acc:19.8285
2024-05-26 19:08:29,465 - INFO - Batch num: 60, Task 0 acc: 0.0000, Batch num: 60, Task 1 acc: 0.0000, Batch num: 60, Task 2 acc: 0.0000, Batch num: 60, Task 3 acc: 0.0000, Batch num: 60, Task 4 acc: 99.0914, Task avg acc:19.8183
2024-05-26 19:08:40,355 - INFO - Batch num: 70, Task 0 acc: 0.0000, Batch num: 70, Task 1 acc: 0.0000, Batch num: 70, Task 2 acc: 0.0000, Batch num: 70, Task 3 acc: 0.0000, Batch num: 70, Task 4 acc: 99.2697, Task avg acc:19.8539
2024-05-26 19:08:51,273 - INFO - Batch num: 80, Task 0 acc: 0.0000, Batch num: 80, Task 1 acc: 0.0000, Batch num: 80, Task 2 acc: 0.0000, Batch num: 80, Task 3 acc: 0.0000, Batch num: 80, Task 4 acc: 99.2952, Task avg acc:19.8590
2024-05-26 19:09:02,293 - INFO - Batch num: 90, Task 0 acc: 0.0000, Batch num: 90, Task 1 acc: 0.0000, Batch num: 90, Task 2 acc: 0.0000, Batch num: 90, Task 3 acc: 0.0000, Batch num: 90, Task 4 acc: 99.3207, Task avg acc:19.8641
2024-05-26 19:09:02,321 - INFO - Epoch 3
2024-05-26 19:09:12,987 - INFO - Batch num: 0, Task 0 acc: 0.0000, Batch num: 0, Task 1 acc: 0.0000, Batch num: 0, Task 2 acc: 0.0000, Batch num: 0, Task 3 acc: 0.0000, Batch num: 0, Task 4 acc: 99.3376, Task avg acc:19.8675
2024-05-26 19:09:24,114 - INFO - Batch num: 10, Task 0 acc: 0.0000, Batch num: 10, Task 1 acc: 0.0000, Batch num: 10, Task 2 acc: 0.0000, Batch num: 10, Task 3 acc: 0.0000, Batch num: 10, Task 4 acc: 99.3546, Task avg acc:19.8709
2024-05-26 19:09:35,125 - INFO - Batch num: 20, Task 0 acc: 0.0000, Batch num: 20, Task 1 acc: 0.0000, Batch num: 20, Task 2 acc: 0.0000, Batch num: 20, Task 3 acc: 0.0000, Batch num: 20, Task 4 acc: 99.3801, Task avg acc:19.8760
2024-05-26 19:09:46,038 - INFO - Batch num: 30, Task 0 acc: 0.0000, Batch num: 30, Task 1 acc: 0.0000, Batch num: 30, Task 2 acc: 0.0000, Batch num: 30, Task 3 acc: 0.0000, Batch num: 30, Task 4 acc: 99.3886, Task avg acc:19.8777
2024-05-26 19:09:56,926 - INFO - Batch num: 40, Task 0 acc: 0.0000, Batch num: 40, Task 1 acc: 0.0000, Batch num: 40, Task 2 acc: 0.0000, Batch num: 40, Task 3 acc: 0.0082, Batch num: 40, Task 4 acc: 99.4141, Task avg acc:19.8845
2024-05-26 19:10:08,183 - INFO - Batch num: 50, Task 0 acc: 0.0000, Batch num: 50, Task 1 acc: 0.0000, Batch num: 50, Task 2 acc: 0.0000, Batch num: 50, Task 3 acc: 0.0000, Batch num: 50, Task 4 acc: 99.4141, Task avg acc:19.8828
2024-05-26 19:10:19,087 - INFO - Batch num: 60, Task 0 acc: 0.0000, Batch num: 60, Task 1 acc: 0.0000, Batch num: 60, Task 2 acc: 0.0000, Batch num: 60, Task 3 acc: 0.0000, Batch num: 60, Task 4 acc: 99.4141, Task avg acc:19.8828
2024-05-26 19:10:29,990 - INFO - Batch num: 70, Task 0 acc: 0.0000, Batch num: 70, Task 1 acc: 0.0000, Batch num: 70, Task 2 acc: 0.0000, Batch num: 70, Task 3 acc: 0.0000, Batch num: 70, Task 4 acc: 99.4735, Task avg acc:19.8947
2024-05-26 19:10:41,022 - INFO - Batch num: 80, Task 0 acc: 0.0000, Batch num: 80, Task 1 acc: 0.0000, Batch num: 80, Task 2 acc: 0.0000, Batch num: 80, Task 3 acc: 0.0000, Batch num: 80, Task 4 acc: 99.4310, Task avg acc:19.8862
2024-05-26 19:10:51,938 - INFO - Batch num: 90, Task 0 acc: 0.0000, Batch num: 90, Task 1 acc: 0.0000, Batch num: 90, Task 2 acc: 0.0000, Batch num: 90, Task 3 acc: 0.0000, Batch num: 90, Task 4 acc: 99.4905, Task avg acc:19.8981
