2024-05-27 05:23:19,826 - INFO - ##########Task 0##########
2024-05-27 05:23:19,826 - INFO - Epoch 0
2024-05-27 05:23:22,235 - INFO - Batch num: 0, Task 0 acc: 1.1798, Task avg acc:1.1798
2024-05-27 05:23:24,714 - INFO - Batch num: 10, Task 0 acc: 96.9069, Task avg acc:96.9069
2024-05-27 05:23:27,188 - INFO - Batch num: 20, Task 0 acc: 99.4739, Task avg acc:99.4739
2024-05-27 05:23:29,698 - INFO - Batch num: 30, Task 0 acc: 99.8166, Task avg acc:99.8166
2024-05-27 05:23:32,174 - INFO - Batch num: 40, Task 0 acc: 99.8485, Task avg acc:99.8485
2024-05-27 05:23:35,074 - INFO - Batch num: 50, Task 0 acc: 99.8724, Task avg acc:99.8724
2024-05-27 05:23:37,642 - INFO - Batch num: 60, Task 0 acc: 99.8804, Task avg acc:99.8804
2024-05-27 05:23:40,127 - INFO - Batch num: 70, Task 0 acc: 99.9123, Task avg acc:99.9123
2024-05-27 05:23:42,640 - INFO - Batch num: 80, Task 0 acc: 99.9123, Task avg acc:99.9123
2024-05-27 05:23:45,114 - INFO - Batch num: 90, Task 0 acc: 99.9203, Task avg acc:99.9203
2024-05-27 05:23:45,289 - INFO - Epoch 1
2024-05-27 05:23:47,576 - INFO - Batch num: 0, Task 0 acc: 99.9203, Task avg acc:99.9203
2024-05-27 05:23:50,065 - INFO - Batch num: 10, Task 0 acc: 99.9522, Task avg acc:99.9522
2024-05-27 05:23:52,598 - INFO - Batch num: 20, Task 0 acc: 99.9362, Task avg acc:99.9362
2024-05-27 05:23:55,063 - INFO - Batch num: 30, Task 0 acc: 99.9283, Task avg acc:99.9283
2024-05-27 05:23:57,605 - INFO - Batch num: 40, Task 0 acc: 99.9442, Task avg acc:99.9442
2024-05-27 05:24:00,094 - INFO - Batch num: 50, Task 0 acc: 99.9442, Task avg acc:99.9442
2024-05-27 05:24:02,598 - INFO - Batch num: 60, Task 0 acc: 99.9362, Task avg acc:99.9362
2024-05-27 05:24:05,070 - INFO - Batch num: 70, Task 0 acc: 99.9442, Task avg acc:99.9442
2024-05-27 05:24:07,545 - INFO - Batch num: 80, Task 0 acc: 99.9442, Task avg acc:99.9442
2024-05-27 05:24:10,056 - INFO - Batch num: 90, Task 0 acc: 99.9442, Task avg acc:99.9442
2024-05-27 05:24:10,232 - INFO - Epoch 2
2024-05-27 05:24:12,479 - INFO - Batch num: 0, Task 0 acc: 99.9442, Task avg acc:99.9442
2024-05-27 05:24:14,985 - INFO - Batch num: 10, Task 0 acc: 99.9522, Task avg acc:99.9522
2024-05-27 05:24:17,455 - INFO - Batch num: 20, Task 0 acc: 99.9442, Task avg acc:99.9442
2024-05-27 05:24:19,988 - INFO - Batch num: 30, Task 0 acc: 99.9522, Task avg acc:99.9522
2024-05-27 05:24:22,628 - INFO - Batch num: 40, Task 0 acc: 99.9522, Task avg acc:99.9522
2024-05-27 05:24:25,118 - INFO - Batch num: 50, Task 0 acc: 99.9601, Task avg acc:99.9601
2024-05-27 05:24:27,607 - INFO - Batch num: 60, Task 0 acc: 99.9681, Task avg acc:99.9681
2024-05-27 05:24:30,112 - INFO - Batch num: 70, Task 0 acc: 99.9601, Task avg acc:99.9601
2024-05-27 05:24:32,582 - INFO - Batch num: 80, Task 0 acc: 99.9601, Task avg acc:99.9601
2024-05-27 05:24:35,108 - INFO - Batch num: 90, Task 0 acc: 99.9601, Task avg acc:99.9601
2024-05-27 05:24:35,289 - INFO - Epoch 3
2024-05-27 05:24:37,542 - INFO - Batch num: 0, Task 0 acc: 99.9601, Task avg acc:99.9601
2024-05-27 05:24:40,076 - INFO - Batch num: 10, Task 0 acc: 99.9681, Task avg acc:99.9681
2024-05-27 05:24:42,586 - INFO - Batch num: 20, Task 0 acc: 99.9681, Task avg acc:99.9681
2024-05-27 05:24:45,085 - INFO - Batch num: 30, Task 0 acc: 99.9601, Task avg acc:99.9601
2024-05-27 05:24:47,542 - INFO - Batch num: 40, Task 0 acc: 99.9601, Task avg acc:99.9601
2024-05-27 05:24:50,056 - INFO - Batch num: 50, Task 0 acc: 99.9761, Task avg acc:99.9761
2024-05-27 05:24:52,525 - INFO - Batch num: 60, Task 0 acc: 99.9761, Task avg acc:99.9761
2024-05-27 05:24:55,032 - INFO - Batch num: 70, Task 0 acc: 99.9681, Task avg acc:99.9681
2024-05-27 05:24:57,510 - INFO - Batch num: 80, Task 0 acc: 99.9601, Task avg acc:99.9601
2024-05-27 05:25:00,008 - INFO - Batch num: 90, Task 0 acc: 99.9681, Task avg acc:99.9681
2024-05-27 05:25:00,196 - INFO - ##########Task 1##########
2024-05-27 05:25:00,196 - INFO - Epoch 0
2024-05-27 05:25:04,612 - INFO - Batch num: 0, Task 0 acc: 99.9761, Batch num: 0, Task 1 acc: 0.0000, Task avg acc:49.9880
2024-05-27 05:25:09,219 - INFO - Batch num: 10, Task 0 acc: 99.9601, Batch num: 10, Task 1 acc: 0.0000, Task avg acc:49.9801
2024-05-27 05:25:13,855 - INFO - Batch num: 20, Task 0 acc: 99.9442, Batch num: 20, Task 1 acc: 0.0332, Task avg acc:49.9887
2024-05-27 05:25:18,436 - INFO - Batch num: 30, Task 0 acc: 99.9203, Batch num: 30, Task 1 acc: 12.0096, Task avg acc:55.9650
2024-05-27 05:25:23,043 - INFO - Batch num: 40, Task 0 acc: 99.7927, Batch num: 40, Task 1 acc: 55.7596, Task avg acc:77.7762
2024-05-27 05:25:27,701 - INFO - Batch num: 50, Task 0 acc: 97.8555, Batch num: 50, Task 1 acc: 83.3112, Task avg acc:90.5834
2024-05-27 05:25:32,293 - INFO - Batch num: 60, Task 0 acc: 86.2085, Batch num: 60, Task 1 acc: 92.8856, Task avg acc:89.5471
2024-05-27 05:25:36,876 - INFO - Batch num: 70, Task 0 acc: 61.6470, Batch num: 70, Task 1 acc: 95.2294, Task avg acc:78.4382
2024-05-27 05:25:41,470 - INFO - Batch num: 80, Task 0 acc: 58.4423, Batch num: 80, Task 1 acc: 95.7447, Task avg acc:77.0935
2024-05-27 05:25:46,117 - INFO - Batch num: 90, Task 0 acc: 70.7749, Batch num: 90, Task 1 acc: 95.6699, Task avg acc:83.2224
2024-05-27 05:25:46,195 - INFO - Epoch 1
2024-05-27 05:25:50,600 - INFO - Batch num: 0, Task 0 acc: 72.7200, Batch num: 0, Task 1 acc: 95.6283, Task avg acc:84.1742
2024-05-27 05:25:55,194 - INFO - Batch num: 10, Task 0 acc: 69.7465, Batch num: 10, Task 1 acc: 95.9109, Task avg acc:82.8287
2024-05-27 05:25:59,845 - INFO - Batch num: 20, Task 0 acc: 75.2073, Batch num: 20, Task 1 acc: 95.7945, Task avg acc:85.5009
2024-05-27 05:26:04,416 - INFO - Batch num: 30, Task 0 acc: 74.0195, Batch num: 30, Task 1 acc: 95.8195, Task avg acc:84.9195
2024-05-27 05:26:09,004 - INFO - Batch num: 40, Task 0 acc: 73.7085, Batch num: 40, Task 1 acc: 96.1602, Task avg acc:84.9344
2024-05-27 05:26:13,626 - INFO - Batch num: 50, Task 0 acc: 67.9050, Batch num: 50, Task 1 acc: 96.5509, Task avg acc:82.2279
2024-05-27 05:26:18,220 - INFO - Batch num: 60, Task 0 acc: 61.7188, Batch num: 60, Task 1 acc: 96.7586, Task avg acc:79.2387
2024-05-27 05:26:22,814 - INFO - Batch num: 70, Task 0 acc: 51.1001, Batch num: 70, Task 1 acc: 97.1908, Task avg acc:74.1455
2024-05-27 05:26:27,474 - INFO - Batch num: 80, Task 0 acc: 49.4340, Batch num: 80, Task 1 acc: 97.0911, Task avg acc:73.2625
2024-05-27 05:26:32,052 - INFO - Batch num: 90, Task 0 acc: 50.5660, Batch num: 90, Task 1 acc: 97.3072, Task avg acc:73.9366
2024-05-27 05:26:32,130 - INFO - Epoch 2
2024-05-27 05:26:36,485 - INFO - Batch num: 0, Task 0 acc: 52.3996, Batch num: 0, Task 1 acc: 97.2906, Task avg acc:74.8451
2024-05-27 05:26:41,059 - INFO - Batch num: 10, Task 0 acc: 47.7200, Batch num: 10, Task 1 acc: 97.4402, Task avg acc:72.5801
2024-05-27 05:26:45,682 - INFO - Batch num: 20, Task 0 acc: 49.5376, Batch num: 20, Task 1 acc: 97.3487, Task avg acc:73.4432
2024-05-27 05:26:50,296 - INFO - Batch num: 30, Task 0 acc: 53.5635, Batch num: 30, Task 1 acc: 97.1077, Task avg acc:75.3356
2024-05-27 05:26:54,884 - INFO - Batch num: 40, Task 0 acc: 59.4627, Batch num: 40, Task 1 acc: 97.1410, Task avg acc:78.3018
2024-05-27 05:26:59,559 - INFO - Batch num: 50, Task 0 acc: 57.4857, Batch num: 50, Task 1 acc: 97.3072, Task avg acc:77.3964
2024-05-27 05:27:04,141 - INFO - Batch num: 60, Task 0 acc: 56.5529, Batch num: 60, Task 1 acc: 97.3404, Task avg acc:76.9467
2024-05-27 05:27:08,774 - INFO - Batch num: 70, Task 0 acc: 53.6511, Batch num: 70, Task 1 acc: 97.6313, Task avg acc:75.6412
2024-05-27 05:27:13,398 - INFO - Batch num: 80, Task 0 acc: 47.1221, Batch num: 80, Task 1 acc: 97.7643, Task avg acc:72.4432
2024-05-27 05:27:17,988 - INFO - Batch num: 90, Task 0 acc: 45.7430, Batch num: 90, Task 1 acc: 97.8308, Task avg acc:71.7869
2024-05-27 05:27:18,067 - INFO - Epoch 3
2024-05-27 05:27:22,437 - INFO - Batch num: 0, Task 0 acc: 47.1381, Batch num: 0, Task 1 acc: 97.8059, Task avg acc:72.4720
2024-05-27 05:27:27,061 - INFO - Batch num: 10, Task 0 acc: 44.3957, Batch num: 10, Task 1 acc: 97.8225, Task avg acc:71.1091
2024-05-27 05:27:31,690 - INFO - Batch num: 20, Task 0 acc: 45.0973, Batch num: 20, Task 1 acc: 97.9222, Task avg acc:71.5097
2024-05-27 05:27:36,287 - INFO - Batch num: 30, Task 0 acc: 46.5163, Batch num: 30, Task 1 acc: 97.8640, Task avg acc:72.1901
2024-05-27 05:27:40,990 - INFO - Batch num: 40, Task 0 acc: 49.9123, Batch num: 40, Task 1 acc: 97.9222, Task avg acc:73.9173
2024-05-27 05:27:45,627 - INFO - Batch num: 50, Task 0 acc: 50.0638, Batch num: 50, Task 1 acc: 98.0136, Task avg acc:74.0387
2024-05-27 05:27:50,274 - INFO - Batch num: 60, Task 0 acc: 50.3109, Batch num: 60, Task 1 acc: 97.9471, Task avg acc:74.1290
2024-05-27 05:27:54,898 - INFO - Batch num: 70, Task 0 acc: 47.1939, Batch num: 70, Task 1 acc: 97.9887, Task avg acc:72.5913
2024-05-27 05:27:59,491 - INFO - Batch num: 80, Task 0 acc: 46.1974, Batch num: 80, Task 1 acc: 98.0469, Task avg acc:72.1221
2024-05-27 05:28:04,126 - INFO - Batch num: 90, Task 0 acc: 46.9707, Batch num: 90, Task 1 acc: 97.9887, Task avg acc:72.4797
2024-05-27 05:28:04,219 - INFO - ##########Task 2##########
2024-05-27 05:28:04,220 - INFO - Epoch 0
2024-05-27 05:28:10,555 - INFO - Batch num: 0, Task 0 acc: 49.3383, Batch num: 0, Task 1 acc: 97.7311, Batch num: 0, Task 2 acc: 0.0000, Task avg acc:49.0231
2024-05-27 05:28:17,149 - INFO - Batch num: 10, Task 0 acc: 81.4334, Batch num: 10, Task 1 acc: 93.3594, Batch num: 10, Task 2 acc: 0.0090, Task avg acc:58.2672
2024-05-27 05:28:23,696 - INFO - Batch num: 20, Task 0 acc: 86.3441, Batch num: 20, Task 1 acc: 89.4697, Batch num: 20, Task 2 acc: 0.9788, Task avg acc:58.9309
2024-05-27 05:28:30,273 - INFO - Batch num: 30, Task 0 acc: 83.4263, Batch num: 30, Task 1 acc: 86.5525, Batch num: 30, Task 2 acc: 22.4228, Task avg acc:64.1339
2024-05-27 05:28:36,941 - INFO - Batch num: 40, Task 0 acc: 45.4401, Batch num: 40, Task 1 acc: 49.2437, Batch num: 40, Task 2 acc: 78.7716, Task avg acc:57.8184
2024-05-27 05:28:43,823 - INFO - Batch num: 50, Task 0 acc: 3.3243, Batch num: 50, Task 1 acc: 20.7114, Batch num: 50, Task 2 acc: 94.9084, Task avg acc:39.6480
2024-05-27 05:28:50,395 - INFO - Batch num: 60, Task 0 acc: 8.7452, Batch num: 60, Task 1 acc: 8.5771, Batch num: 60, Task 2 acc: 98.5273, Task avg acc:38.6165
2024-05-27 05:28:56,951 - INFO - Batch num: 70, Task 0 acc: 11.8224, Batch num: 70, Task 1 acc: 5.3939, Batch num: 70, Task 2 acc: 99.1649, Task avg acc:38.7937
2024-05-27 05:29:03,588 - INFO - Batch num: 80, Task 0 acc: 15.5373, Batch num: 80, Task 1 acc: 3.8979, Batch num: 80, Task 2 acc: 99.2547, Task avg acc:39.5633
2024-05-27 05:29:03,746 - INFO - Epoch 1
2024-05-27 05:29:10,080 - INFO - Batch num: 0, Task 0 acc: 15.6888, Batch num: 0, Task 1 acc: 3.7068, Batch num: 0, Task 2 acc: 99.4432, Task avg acc:39.6129
2024-05-27 05:29:16,645 - INFO - Batch num: 10, Task 0 acc: 11.8064, Batch num: 10, Task 1 acc: 3.2746, Batch num: 10, Task 2 acc: 99.4702, Task avg acc:38.1837
2024-05-27 05:29:23,219 - INFO - Batch num: 20, Task 0 acc: 11.9180, Batch num: 20, Task 1 acc: 2.6097, Batch num: 20, Task 2 acc: 99.5330, Task avg acc:38.0203
2024-05-27 05:29:29,824 - INFO - Batch num: 30, Task 0 acc: 11.8463, Batch num: 30, Task 1 acc: 2.5931, Batch num: 30, Task 2 acc: 99.5420, Task avg acc:37.9938
2024-05-27 05:29:36,429 - INFO - Batch num: 40, Task 0 acc: 11.1288, Batch num: 40, Task 1 acc: 2.5266, Batch num: 40, Task 2 acc: 99.5869, Task avg acc:37.7474
2024-05-27 05:29:43,034 - INFO - Batch num: 50, Task 0 acc: 12.3087, Batch num: 50, Task 1 acc: 2.2357, Batch num: 50, Task 2 acc: 99.6049, Task avg acc:38.0498
2024-05-27 05:29:49,625 - INFO - Batch num: 60, Task 0 acc: 12.7073, Batch num: 60, Task 1 acc: 2.2357, Batch num: 60, Task 2 acc: 99.6677, Task avg acc:38.2036
2024-05-27 05:29:56,202 - INFO - Batch num: 70, Task 0 acc: 13.8074, Batch num: 70, Task 1 acc: 2.4102, Batch num: 70, Task 2 acc: 99.6947, Task avg acc:38.6374
2024-05-27 05:30:02,761 - INFO - Batch num: 80, Task 0 acc: 12.1492, Batch num: 80, Task 1 acc: 2.2191, Batch num: 80, Task 2 acc: 99.7216, Task avg acc:38.0300
2024-05-27 05:30:02,921 - INFO - Epoch 2
2024-05-27 05:30:09,296 - INFO - Batch num: 0, Task 0 acc: 13.2015, Batch num: 0, Task 1 acc: 2.5017, Batch num: 0, Task 2 acc: 99.7306, Task avg acc:38.4779
2024-05-27 05:30:15,914 - INFO - Batch num: 10, Task 0 acc: 10.1084, Batch num: 10, Task 1 acc: 2.5100, Batch num: 10, Task 2 acc: 99.7216, Task avg acc:37.4467
2024-05-27 05:30:22,491 - INFO - Batch num: 20, Task 0 acc: 9.2156, Batch num: 20, Task 1 acc: 2.0861, Batch num: 20, Task 2 acc: 99.7755, Task avg acc:37.0257
2024-05-27 05:30:29,072 - INFO - Batch num: 30, Task 0 acc: 8.7532, Batch num: 30, Task 1 acc: 2.1526, Batch num: 30, Task 2 acc: 99.8024, Task avg acc:36.9027
2024-05-27 05:30:35,666 - INFO - Batch num: 40, Task 0 acc: 8.5938, Batch num: 40, Task 1 acc: 2.1443, Batch num: 40, Task 2 acc: 99.8114, Task avg acc:36.8498
2024-05-27 05:30:42,304 - INFO - Batch num: 50, Task 0 acc: 10.6904, Batch num: 50, Task 1 acc: 2.3022, Batch num: 50, Task 2 acc: 99.8294, Task avg acc:37.6073
2024-05-27 05:30:48,865 - INFO - Batch num: 60, Task 0 acc: 10.5548, Batch num: 60, Task 1 acc: 2.3105, Batch num: 60, Task 2 acc: 99.8204, Task avg acc:37.5619
2024-05-27 05:30:55,480 - INFO - Batch num: 70, Task 0 acc: 10.2997, Batch num: 70, Task 1 acc: 2.2025, Batch num: 70, Task 2 acc: 99.8384, Task avg acc:37.4469
2024-05-27 05:31:02,097 - INFO - Batch num: 80, Task 0 acc: 8.7930, Batch num: 80, Task 1 acc: 2.3105, Batch num: 80, Task 2 acc: 99.8384, Task avg acc:36.9806
2024-05-27 05:31:02,254 - INFO - Epoch 3
2024-05-27 05:31:09,304 - INFO - Batch num: 0, Task 0 acc: 7.9959, Batch num: 0, Task 1 acc: 2.7011, Batch num: 0, Task 2 acc: 99.8653, Task avg acc:36.8541
2024-05-27 05:31:15,692 - INFO - Batch num: 10, Task 0 acc: 5.7478, Batch num: 10, Task 1 acc: 2.8258, Batch num: 10, Task 2 acc: 99.8653, Task avg acc:36.1463
2024-05-27 05:31:22,086 - INFO - Batch num: 20, Task 0 acc: 5.5246, Batch num: 20, Task 1 acc: 2.4767, Batch num: 20, Task 2 acc: 99.8653, Task avg acc:35.9555
2024-05-27 05:31:28,519 - INFO - Batch num: 30, Task 0 acc: 5.0303, Batch num: 30, Task 1 acc: 2.2440, Batch num: 30, Task 2 acc: 99.8563, Task avg acc:35.7102
2024-05-27 05:31:34,921 - INFO - Batch num: 40, Task 0 acc: 5.0064, Batch num: 40, Task 1 acc: 2.0612, Batch num: 40, Task 2 acc: 99.8294, Task avg acc:35.6323
2024-05-27 05:31:41,352 - INFO - Batch num: 50, Task 0 acc: 6.1145, Batch num: 50, Task 1 acc: 2.0529, Batch num: 50, Task 2 acc: 99.8653, Task avg acc:36.0109
2024-05-27 05:31:48,418 - INFO - Batch num: 60, Task 0 acc: 4.3527, Batch num: 60, Task 1 acc: 2.0279, Batch num: 60, Task 2 acc: 99.8384, Task avg acc:35.4063
2024-05-27 05:31:55,091 - INFO - Batch num: 70, Task 0 acc: 5.2695, Batch num: 70, Task 1 acc: 2.0861, Batch num: 70, Task 2 acc: 99.8743, Task avg acc:35.7433
2024-05-27 05:32:02,168 - INFO - Batch num: 80, Task 0 acc: 5.0941, Batch num: 80, Task 1 acc: 2.1110, Batch num: 80, Task 2 acc: 99.8563, Task avg acc:35.6871
2024-05-27 05:32:02,340 - INFO - ##########Task 3##########
2024-05-27 05:32:02,340 - INFO - Epoch 0
2024-05-27 05:32:12,184 - INFO - Batch num: 0, Task 0 acc: 6.9276, Batch num: 0, Task 1 acc: 2.1941, Batch num: 0, Task 2 acc: 99.8833, Batch num: 0, Task 3 acc: 0.0000, Task avg acc:27.2513
2024-05-27 05:32:21,025 - INFO - Batch num: 10, Task 0 acc: 40.7446, Batch num: 10, Task 1 acc: 3.3245, Batch num: 10, Task 2 acc: 98.4106, Batch num: 10, Task 3 acc: 24.4079, Task avg acc:41.7219
2024-05-27 05:32:30,369 - INFO - Batch num: 20, Task 0 acc: 7.7567, Batch num: 20, Task 1 acc: 6.6323, Batch num: 20, Task 2 acc: 92.9777, Batch num: 20, Task 3 acc: 54.0707, Task avg acc:40.3594
2024-05-27 05:32:39,458 - INFO - Batch num: 30, Task 0 acc: 3.7867, Batch num: 30, Task 1 acc: 0.6732, Batch num: 30, Task 2 acc: 81.4476, Batch num: 30, Task 3 acc: 88.9720, Task avg acc:43.7199
2024-05-27 05:32:48,103 - INFO - Batch num: 40, Task 0 acc: 1.9611, Batch num: 40, Task 1 acc: 0.0748, Batch num: 40, Task 2 acc: 56.5284, Batch num: 40, Task 3 acc: 99.2105, Task avg acc:39.4437
2024-05-27 05:32:56,814 - INFO - Batch num: 50, Task 0 acc: 1.0603, Batch num: 50, Task 1 acc: 0.0166, Batch num: 50, Task 2 acc: 33.9799, Batch num: 50, Task 3 acc: 99.6382, Task avg acc:33.6737
2024-05-27 05:33:05,326 - INFO - Batch num: 60, Task 0 acc: 0.6298, Batch num: 60, Task 1 acc: 0.0083, Batch num: 60, Task 2 acc: 21.5427, Batch num: 60, Task 3 acc: 99.7039, Task avg acc:30.4712
2024-05-27 05:33:13,881 - INFO - Batch num: 70, Task 0 acc: 0.3747, Batch num: 70, Task 1 acc: 0.0083, Batch num: 70, Task 2 acc: 16.4511, Batch num: 70, Task 3 acc: 99.7204, Task avg acc:29.1386
2024-05-27 05:33:22,384 - INFO - Batch num: 80, Task 0 acc: 0.4385, Batch num: 80, Task 1 acc: 0.0083, Batch num: 80, Task 2 acc: 13.3082, Batch num: 80, Task 3 acc: 99.7944, Task avg acc:28.3873
2024-05-27 05:33:31,706 - INFO - Batch num: 90, Task 0 acc: 0.3587, Batch num: 90, Task 1 acc: 0.0083, Batch num: 90, Task 2 acc: 11.3506, Batch num: 90, Task 3 acc: 99.8026, Task avg acc:27.8801
2024-05-27 05:33:31,819 - INFO - Epoch 1
2024-05-27 05:33:40,121 - INFO - Batch num: 0, Task 0 acc: 0.2631, Batch num: 0, Task 1 acc: 0.0083, Batch num: 0, Task 2 acc: 10.1742, Batch num: 0, Task 3 acc: 99.8355, Task avg acc:27.5703
2024-05-27 05:33:48,660 - INFO - Batch num: 10, Task 0 acc: 0.2471, Batch num: 10, Task 1 acc: 0.0083, Batch num: 10, Task 2 acc: 7.8843, Batch num: 10, Task 3 acc: 99.8602, Task avg acc:27.0000
2024-05-27 05:33:57,228 - INFO - Batch num: 20, Task 0 acc: 0.2710, Batch num: 20, Task 1 acc: 0.0083, Batch num: 20, Task 2 acc: 7.5521, Batch num: 20, Task 3 acc: 99.8766, Task avg acc:26.9270
2024-05-27 05:34:06,913 - INFO - Batch num: 30, Task 0 acc: 0.3508, Batch num: 30, Task 1 acc: 0.0083, Batch num: 30, Task 2 acc: 7.5611, Batch num: 30, Task 3 acc: 99.8684, Task avg acc:26.9471
2024-05-27 05:34:15,642 - INFO - Batch num: 40, Task 0 acc: 0.4145, Batch num: 40, Task 1 acc: 0.0083, Batch num: 40, Task 2 acc: 7.4982, Batch num: 40, Task 3 acc: 99.8766, Task avg acc:26.9494
2024-05-27 05:34:24,381 - INFO - Batch num: 50, Task 0 acc: 0.4544, Batch num: 50, Task 1 acc: 0.0083, Batch num: 50, Task 2 acc: 7.1749, Batch num: 50, Task 3 acc: 99.8849, Task avg acc:26.8806
2024-05-27 05:34:33,086 - INFO - Batch num: 60, Task 0 acc: 0.4145, Batch num: 60, Task 1 acc: 0.0000, Batch num: 60, Task 2 acc: 6.5912, Batch num: 60, Task 3 acc: 99.9260, Task avg acc:26.7329
2024-05-27 05:34:41,862 - INFO - Batch num: 70, Task 0 acc: 0.3827, Batch num: 70, Task 1 acc: 0.0000, Batch num: 70, Task 2 acc: 6.3578, Batch num: 70, Task 3 acc: 99.9342, Task avg acc:26.6687
2024-05-27 05:34:50,791 - INFO - Batch num: 80, Task 0 acc: 0.3508, Batch num: 80, Task 1 acc: 0.0000, Batch num: 80, Task 2 acc: 6.1153, Batch num: 80, Task 3 acc: 99.9342, Task avg acc:26.6001
2024-05-27 05:34:59,566 - INFO - Batch num: 90, Task 0 acc: 0.2152, Batch num: 90, Task 1 acc: 0.0083, Batch num: 90, Task 2 acc: 5.7651, Batch num: 90, Task 3 acc: 99.9342, Task avg acc:26.4807
2024-05-27 05:34:59,673 - INFO - Epoch 2
2024-05-27 05:35:09,740 - INFO - Batch num: 0, Task 0 acc: 0.1834, Batch num: 0, Task 1 acc: 0.0083, Batch num: 0, Task 2 acc: 5.3520, Batch num: 0, Task 3 acc: 99.9342, Task avg acc:26.3695
2024-05-27 05:35:19,484 - INFO - Batch num: 10, Task 0 acc: 0.2710, Batch num: 10, Task 1 acc: 0.0000, Batch num: 10, Task 2 acc: 4.5079, Batch num: 10, Task 3 acc: 99.9507, Task avg acc:26.1824
2024-05-27 05:35:28,231 - INFO - Batch num: 20, Task 0 acc: 0.2631, Batch num: 20, Task 1 acc: 0.0000, Batch num: 20, Task 2 acc: 4.8042, Batch num: 20, Task 3 acc: 99.9342, Task avg acc:26.2504
2024-05-27 05:35:36,932 - INFO - Batch num: 30, Task 0 acc: 0.3189, Batch num: 30, Task 1 acc: 0.0000, Batch num: 30, Task 2 acc: 5.2443, Batch num: 30, Task 3 acc: 99.9342, Task avg acc:26.3743
2024-05-27 05:35:45,661 - INFO - Batch num: 40, Task 0 acc: 0.3428, Batch num: 40, Task 1 acc: 0.0000, Batch num: 40, Task 2 acc: 4.8312, Batch num: 40, Task 3 acc: 99.9342, Task avg acc:26.2770
2024-05-27 05:35:54,370 - INFO - Batch num: 50, Task 0 acc: 0.3986, Batch num: 50, Task 1 acc: 0.0000, Batch num: 50, Task 2 acc: 4.7773, Batch num: 50, Task 3 acc: 99.9507, Task avg acc:26.2816
2024-05-27 05:36:03,103 - INFO - Batch num: 60, Task 0 acc: 0.3508, Batch num: 60, Task 1 acc: 0.0000, Batch num: 60, Task 2 acc: 4.4361, Batch num: 60, Task 3 acc: 99.9424, Task avg acc:26.1823
2024-05-27 05:36:11,908 - INFO - Batch num: 70, Task 0 acc: 0.3428, Batch num: 70, Task 1 acc: 0.0000, Batch num: 70, Task 2 acc: 4.5977, Batch num: 70, Task 3 acc: 99.9507, Task avg acc:26.2228
2024-05-27 05:36:20,678 - INFO - Batch num: 80, Task 0 acc: 0.4305, Batch num: 80, Task 1 acc: 0.0000, Batch num: 80, Task 2 acc: 4.4989, Batch num: 80, Task 3 acc: 99.9507, Task avg acc:26.2200
2024-05-27 05:36:29,365 - INFO - Batch num: 90, Task 0 acc: 0.3667, Batch num: 90, Task 1 acc: 0.0000, Batch num: 90, Task 2 acc: 3.8793, Batch num: 90, Task 3 acc: 99.9589, Task avg acc:26.0512
2024-05-27 05:36:29,479 - INFO - Epoch 3
2024-05-27 05:36:37,949 - INFO - Batch num: 0, Task 0 acc: 0.2950, Batch num: 0, Task 1 acc: 0.0000, Batch num: 0, Task 2 acc: 3.6997, Batch num: 0, Task 3 acc: 99.9589, Task avg acc:25.9884
2024-05-27 05:36:46,613 - INFO - Batch num: 10, Task 0 acc: 0.3189, Batch num: 10, Task 1 acc: 0.0000, Batch num: 10, Task 2 acc: 3.4303, Batch num: 10, Task 3 acc: 99.9671, Task avg acc:25.9291
2024-05-27 05:36:55,336 - INFO - Batch num: 20, Task 0 acc: 0.3348, Batch num: 20, Task 1 acc: 0.0000, Batch num: 20, Task 2 acc: 3.5201, Batch num: 20, Task 3 acc: 99.9753, Task avg acc:25.9576
2024-05-27 05:37:04,064 - INFO - Batch num: 30, Task 0 acc: 0.4145, Batch num: 30, Task 1 acc: 0.0000, Batch num: 30, Task 2 acc: 3.6638, Batch num: 30, Task 3 acc: 99.9836, Task avg acc:26.0155
2024-05-27 05:37:13,110 - INFO - Batch num: 40, Task 0 acc: 0.5341, Batch num: 40, Task 1 acc: 0.0000, Batch num: 40, Task 2 acc: 3.3136, Batch num: 40, Task 3 acc: 99.9753, Task avg acc:25.9558
2024-05-27 05:37:21,927 - INFO - Batch num: 50, Task 0 acc: 0.5341, Batch num: 50, Task 1 acc: 0.0000, Batch num: 50, Task 2 acc: 3.3046, Batch num: 50, Task 3 acc: 99.9753, Task avg acc:25.9535
2024-05-27 05:37:30,660 - INFO - Batch num: 60, Task 0 acc: 0.3667, Batch num: 60, Task 1 acc: 0.0000, Batch num: 60, Task 2 acc: 3.2597, Batch num: 60, Task 3 acc: 99.9753, Task avg acc:25.9004
2024-05-27 05:37:40,675 - INFO - Batch num: 70, Task 0 acc: 0.3189, Batch num: 70, Task 1 acc: 0.0000, Batch num: 70, Task 2 acc: 3.2777, Batch num: 70, Task 3 acc: 99.9589, Task avg acc:25.8889
2024-05-27 05:37:49,415 - INFO - Batch num: 80, Task 0 acc: 0.3827, Batch num: 80, Task 1 acc: 0.0000, Batch num: 80, Task 2 acc: 3.2777, Batch num: 80, Task 3 acc: 99.9671, Task avg acc:25.9069
2024-05-27 05:37:58,671 - INFO - Batch num: 90, Task 0 acc: 0.3667, Batch num: 90, Task 1 acc: 0.0000, Batch num: 90, Task 2 acc: 3.2777, Batch num: 90, Task 3 acc: 99.9671, Task avg acc:25.9029
2024-05-27 05:37:58,791 - INFO - ##########Task 4##########
2024-05-27 05:37:58,792 - INFO - Epoch 0
2024-05-27 05:38:09,296 - INFO - Batch num: 0, Task 0 acc: 0.5501, Batch num: 0, Task 1 acc: 0.0083, Batch num: 0, Task 2 acc: 4.3822, Batch num: 0, Task 3 acc: 99.9589, Batch num: 0, Task 4 acc: 0.0000, Task avg acc:20.9799
2024-05-27 05:38:20,039 - INFO - Batch num: 10, Task 0 acc: 14.3973, Batch num: 10, Task 1 acc: 0.0499, Batch num: 10, Task 2 acc: 26.2123, Batch num: 10, Task 3 acc: 99.7368, Batch num: 10, Task 4 acc: 18.7585, Task avg acc:31.8310
2024-05-27 05:38:30,794 - INFO - Batch num: 20, Task 0 acc: 25.1754, Batch num: 20, Task 1 acc: 0.0083, Batch num: 20, Task 2 acc: 4.4001, Batch num: 20, Task 3 acc: 94.7368, Batch num: 20, Task 4 acc: 60.4280, Task avg acc:36.9497
2024-05-27 05:38:41,542 - INFO - Batch num: 30, Task 0 acc: 3.6591, Batch num: 30, Task 1 acc: 0.0000, Batch num: 30, Task 2 acc: 0.1616, Batch num: 30, Task 3 acc: 52.0806, Batch num: 30, Task 4 acc: 93.6481, Task avg acc:29.9099
2024-05-27 05:38:52,206 - INFO - Batch num: 40, Task 0 acc: 0.5261, Batch num: 40, Task 1 acc: 0.0000, Batch num: 40, Task 2 acc: 0.0090, Batch num: 40, Task 3 acc: 42.2204, Batch num: 40, Task 4 acc: 96.2636, Task avg acc:27.8038
2024-05-27 05:39:03,365 - INFO - Batch num: 50, Task 0 acc: 0.2790, Batch num: 50, Task 1 acc: 0.0000, Batch num: 50, Task 2 acc: 0.0000, Batch num: 50, Task 3 acc: 25.3207, Batch num: 50, Task 4 acc: 97.5119, Task avg acc:24.6223
2024-05-27 05:39:14,269 - INFO - Batch num: 60, Task 0 acc: 0.2392, Batch num: 60, Task 1 acc: 0.0000, Batch num: 60, Task 2 acc: 0.0000, Batch num: 60, Task 3 acc: 14.5970, Batch num: 60, Task 4 acc: 98.0893, Task avg acc:22.5851
2024-05-27 05:39:25,044 - INFO - Batch num: 70, Task 0 acc: 0.0717, Batch num: 70, Task 1 acc: 0.0000, Batch num: 70, Task 2 acc: 0.0000, Batch num: 70, Task 3 acc: 8.2977, Batch num: 70, Task 4 acc: 98.3696, Task avg acc:21.3478
2024-05-27 05:39:35,753 - INFO - Batch num: 80, Task 0 acc: 0.0717, Batch num: 80, Task 1 acc: 0.0000, Batch num: 80, Task 2 acc: 0.0000, Batch num: 80, Task 3 acc: 6.7681, Batch num: 80, Task 4 acc: 98.4630, Task avg acc:21.0606
2024-05-27 05:39:46,432 - INFO - Batch num: 90, Task 0 acc: 0.0080, Batch num: 90, Task 1 acc: 0.0000, Batch num: 90, Task 2 acc: 0.0000, Batch num: 90, Task 3 acc: 7.4095, Batch num: 90, Task 4 acc: 98.5734, Task avg acc:21.1982
2024-05-27 05:39:46,461 - INFO - Epoch 1
2024-05-27 05:39:57,571 - INFO - Batch num: 0, Task 0 acc: 0.0080, Batch num: 0, Task 1 acc: 0.0000, Batch num: 0, Task 2 acc: 0.0000, Batch num: 0, Task 3 acc: 7.3602, Batch num: 0, Task 4 acc: 98.5819, Task avg acc:21.1900
2024-05-27 05:40:08,748 - INFO - Batch num: 10, Task 0 acc: 0.0239, Batch num: 10, Task 1 acc: 0.0000, Batch num: 10, Task 2 acc: 0.0000, Batch num: 10, Task 3 acc: 7.5822, Batch num: 10, Task 4 acc: 98.5904, Task avg acc:21.2393
2024-05-27 05:40:19,442 - INFO - Batch num: 20, Task 0 acc: 0.0159, Batch num: 20, Task 1 acc: 0.0000, Batch num: 20, Task 2 acc: 0.0000, Batch num: 20, Task 3 acc: 6.8668, Batch num: 20, Task 4 acc: 98.6838, Task avg acc:21.1133
2024-05-27 05:40:30,165 - INFO - Batch num: 30, Task 0 acc: 0.0239, Batch num: 30, Task 1 acc: 0.0000, Batch num: 30, Task 2 acc: 0.0000, Batch num: 30, Task 3 acc: 6.2747, Batch num: 30, Task 4 acc: 98.8621, Task avg acc:21.0321
2024-05-27 05:40:40,913 - INFO - Batch num: 40, Task 0 acc: 0.0159, Batch num: 40, Task 1 acc: 0.0000, Batch num: 40, Task 2 acc: 0.0000, Batch num: 40, Task 3 acc: 5.6414, Batch num: 40, Task 4 acc: 98.9895, Task avg acc:20.9294
2024-05-27 05:40:51,602 - INFO - Batch num: 50, Task 0 acc: 0.0000, Batch num: 50, Task 1 acc: 0.0000, Batch num: 50, Task 2 acc: 0.0000, Batch num: 50, Task 3 acc: 4.9013, Batch num: 50, Task 4 acc: 99.0574, Task avg acc:20.7917
2024-05-27 05:41:03,012 - INFO - Batch num: 60, Task 0 acc: 0.0080, Batch num: 60, Task 1 acc: 0.0000, Batch num: 60, Task 2 acc: 0.0000, Batch num: 60, Task 3 acc: 4.1530, Batch num: 60, Task 4 acc: 99.0404, Task avg acc:20.6403
2024-05-27 05:41:14,490 - INFO - Batch num: 70, Task 0 acc: 0.0000, Batch num: 70, Task 1 acc: 0.0000, Batch num: 70, Task 2 acc: 0.0000, Batch num: 70, Task 3 acc: 3.2648, Batch num: 70, Task 4 acc: 99.0999, Task avg acc:20.4729
2024-05-27 05:41:25,240 - INFO - Batch num: 80, Task 0 acc: 0.0000, Batch num: 80, Task 1 acc: 0.0000, Batch num: 80, Task 2 acc: 0.0000, Batch num: 80, Task 3 acc: 3.0839, Batch num: 80, Task 4 acc: 99.1338, Task avg acc:20.4435
2024-05-27 05:41:36,031 - INFO - Batch num: 90, Task 0 acc: 0.0000, Batch num: 90, Task 1 acc: 0.0000, Batch num: 90, Task 2 acc: 0.0000, Batch num: 90, Task 3 acc: 3.1908, Batch num: 90, Task 4 acc: 99.2272, Task avg acc:20.4836
2024-05-27 05:41:36,060 - INFO - Epoch 2
2024-05-27 05:41:46,527 - INFO - Batch num: 0, Task 0 acc: 0.0000, Batch num: 0, Task 1 acc: 0.0000, Batch num: 0, Task 2 acc: 0.0000, Batch num: 0, Task 3 acc: 3.0428, Batch num: 0, Task 4 acc: 99.2357, Task avg acc:20.4557
2024-05-27 05:41:57,231 - INFO - Batch num: 10, Task 0 acc: 0.0000, Batch num: 10, Task 1 acc: 0.0000, Batch num: 10, Task 2 acc: 0.0000, Batch num: 10, Task 3 acc: 3.0674, Batch num: 10, Task 4 acc: 99.2272, Task avg acc:20.4589
2024-05-27 05:42:07,973 - INFO - Batch num: 20, Task 0 acc: 0.0000, Batch num: 20, Task 1 acc: 0.0000, Batch num: 20, Task 2 acc: 0.0000, Batch num: 20, Task 3 acc: 2.6809, Batch num: 20, Task 4 acc: 99.2442, Task avg acc:20.3850
2024-05-27 05:42:18,784 - INFO - Batch num: 30, Task 0 acc: 0.0000, Batch num: 30, Task 1 acc: 0.0000, Batch num: 30, Task 2 acc: 0.0000, Batch num: 30, Task 3 acc: 2.6151, Batch num: 30, Task 4 acc: 99.2697, Task avg acc:20.3770
2024-05-27 05:42:29,612 - INFO - Batch num: 40, Task 0 acc: 0.0000, Batch num: 40, Task 1 acc: 0.0000, Batch num: 40, Task 2 acc: 0.0000, Batch num: 40, Task 3 acc: 2.4342, Batch num: 40, Task 4 acc: 99.2867, Task avg acc:20.3442
2024-05-27 05:42:40,373 - INFO - Batch num: 50, Task 0 acc: 0.0000, Batch num: 50, Task 1 acc: 0.0000, Batch num: 50, Task 2 acc: 0.0000, Batch num: 50, Task 3 acc: 2.6974, Batch num: 50, Task 4 acc: 99.3291, Task avg acc:20.4053
2024-05-27 05:42:51,108 - INFO - Batch num: 60, Task 0 acc: 0.0000, Batch num: 60, Task 1 acc: 0.0000, Batch num: 60, Task 2 acc: 0.0000, Batch num: 60, Task 3 acc: 2.5822, Batch num: 60, Task 4 acc: 99.2527, Task avg acc:20.3670
2024-05-27 05:43:02,130 - INFO - Batch num: 70, Task 0 acc: 0.0000, Batch num: 70, Task 1 acc: 0.0000, Batch num: 70, Task 2 acc: 0.0000, Batch num: 70, Task 3 acc: 1.9901, Batch num: 70, Task 4 acc: 99.3801, Task avg acc:20.2740
2024-05-27 05:43:13,444 - INFO - Batch num: 80, Task 0 acc: 0.0000, Batch num: 80, Task 1 acc: 0.0000, Batch num: 80, Task 2 acc: 0.0000, Batch num: 80, Task 3 acc: 1.8339, Batch num: 80, Task 4 acc: 99.3716, Task avg acc:20.2411
2024-05-27 05:43:24,204 - INFO - Batch num: 90, Task 0 acc: 0.0000, Batch num: 90, Task 1 acc: 0.0000, Batch num: 90, Task 2 acc: 0.0000, Batch num: 90, Task 3 acc: 1.7434, Batch num: 90, Task 4 acc: 99.4056, Task avg acc:20.2298
2024-05-27 05:43:24,232 - INFO - Epoch 3
2024-05-27 05:43:34,745 - INFO - Batch num: 0, Task 0 acc: 0.0000, Batch num: 0, Task 1 acc: 0.0000, Batch num: 0, Task 2 acc: 0.0000, Batch num: 0, Task 3 acc: 1.5378, Batch num: 0, Task 4 acc: 99.3886, Task avg acc:20.1853
2024-05-27 05:43:45,510 - INFO - Batch num: 10, Task 0 acc: 0.0000, Batch num: 10, Task 1 acc: 0.0000, Batch num: 10, Task 2 acc: 0.0000, Batch num: 10, Task 3 acc: 1.5378, Batch num: 10, Task 4 acc: 99.3801, Task avg acc:20.1836
2024-05-27 05:43:56,210 - INFO - Batch num: 20, Task 0 acc: 0.0000, Batch num: 20, Task 1 acc: 0.0000, Batch num: 20, Task 2 acc: 0.0000, Batch num: 20, Task 3 acc: 1.5625, Batch num: 20, Task 4 acc: 99.3886, Task avg acc:20.1902
2024-05-27 05:44:07,013 - INFO - Batch num: 30, Task 0 acc: 0.0000, Batch num: 30, Task 1 acc: 0.0000, Batch num: 30, Task 2 acc: 0.0000, Batch num: 30, Task 3 acc: 1.5543, Batch num: 30, Task 4 acc: 99.3971, Task avg acc:20.1903
2024-05-27 05:44:17,693 - INFO - Batch num: 40, Task 0 acc: 0.0000, Batch num: 40, Task 1 acc: 0.0000, Batch num: 40, Task 2 acc: 0.0000, Batch num: 40, Task 3 acc: 1.7434, Batch num: 40, Task 4 acc: 99.4395, Task avg acc:20.2366
2024-05-27 05:44:28,403 - INFO - Batch num: 50, Task 0 acc: 0.0000, Batch num: 50, Task 1 acc: 0.0000, Batch num: 50, Task 2 acc: 0.0000, Batch num: 50, Task 3 acc: 1.9572, Batch num: 50, Task 4 acc: 99.4141, Task avg acc:20.2743
2024-05-27 05:44:39,117 - INFO - Batch num: 60, Task 0 acc: 0.0000, Batch num: 60, Task 1 acc: 0.0000, Batch num: 60, Task 2 acc: 0.0000, Batch num: 60, Task 3 acc: 2.0395, Batch num: 60, Task 4 acc: 99.4310, Task avg acc:20.2941
2024-05-27 05:44:49,763 - INFO - Batch num: 70, Task 0 acc: 0.0000, Batch num: 70, Task 1 acc: 0.0000, Batch num: 70, Task 2 acc: 0.0000, Batch num: 70, Task 3 acc: 1.5872, Batch num: 70, Task 4 acc: 99.4565, Task avg acc:20.2087
2024-05-27 05:45:00,484 - INFO - Batch num: 80, Task 0 acc: 0.0000, Batch num: 80, Task 1 acc: 0.0000, Batch num: 80, Task 2 acc: 0.0000, Batch num: 80, Task 3 acc: 1.6283, Batch num: 80, Task 4 acc: 99.4480, Task avg acc:20.2153
2024-05-27 05:45:11,217 - INFO - Batch num: 90, Task 0 acc: 0.0000, Batch num: 90, Task 1 acc: 0.0000, Batch num: 90, Task 2 acc: 0.0000, Batch num: 90, Task 3 acc: 1.5872, Batch num: 90, Task 4 acc: 99.4480, Task avg acc:20.2070
