2024-05-26 14:29:32,559 - INFO - ##########Task 0##########
2024-05-26 14:29:32,559 - INFO - Epoch 0
2024-05-26 14:29:34,976 - INFO - Batch num: 0, Task 0 acc: 2.4713, Task avg acc:2.4713
2024-05-26 14:29:37,671 - INFO - Batch num: 10, Task 0 acc: 52.8699, Task avg acc:52.8699
2024-05-26 14:29:40,217 - INFO - Batch num: 20, Task 0 acc: 88.6559, Task avg acc:88.6559
2024-05-26 14:29:42,755 - INFO - Batch num: 30, Task 0 acc: 97.0902, Task avg acc:97.0902
2024-05-26 14:29:45,298 - INFO - Batch num: 40, Task 0 acc: 98.9716, Task avg acc:98.9716
2024-05-26 14:29:47,851 - INFO - Batch num: 50, Task 0 acc: 99.4260, Task avg acc:99.4260
2024-05-26 14:29:50,402 - INFO - Batch num: 60, Task 0 acc: 99.5456, Task avg acc:99.5456
2024-05-26 14:29:52,942 - INFO - Batch num: 70, Task 0 acc: 99.6173, Task avg acc:99.6173
2024-05-26 14:29:55,483 - INFO - Batch num: 80, Task 0 acc: 99.6492, Task avg acc:99.6492
2024-05-26 14:29:58,027 - INFO - Batch num: 90, Task 0 acc: 99.7050, Task avg acc:99.7050
2024-05-26 14:29:58,205 - INFO - Epoch 1
2024-05-26 14:30:00,518 - INFO - Batch num: 0, Task 0 acc: 99.7210, Task avg acc:99.7210
2024-05-26 14:30:03,051 - INFO - Batch num: 10, Task 0 acc: 99.7290, Task avg acc:99.7290
2024-05-26 14:30:05,587 - INFO - Batch num: 20, Task 0 acc: 99.7290, Task avg acc:99.7290
2024-05-26 14:30:08,123 - INFO - Batch num: 30, Task 0 acc: 99.7369, Task avg acc:99.7369
2024-05-26 14:30:10,670 - INFO - Batch num: 40, Task 0 acc: 99.7529, Task avg acc:99.7529
2024-05-26 14:30:13,198 - INFO - Batch num: 50, Task 0 acc: 99.7529, Task avg acc:99.7529
2024-05-26 14:30:15,738 - INFO - Batch num: 60, Task 0 acc: 99.7608, Task avg acc:99.7608
2024-05-26 14:30:18,270 - INFO - Batch num: 70, Task 0 acc: 99.7688, Task avg acc:99.7688
2024-05-26 14:30:20,816 - INFO - Batch num: 80, Task 0 acc: 99.7688, Task avg acc:99.7688
2024-05-26 14:30:23,398 - INFO - Batch num: 90, Task 0 acc: 99.7688, Task avg acc:99.7688
2024-05-26 14:30:23,576 - INFO - Epoch 2
2024-05-26 14:30:25,900 - INFO - Batch num: 0, Task 0 acc: 99.7768, Task avg acc:99.7768
2024-05-26 14:30:28,436 - INFO - Batch num: 10, Task 0 acc: 99.7768, Task avg acc:99.7768
2024-05-26 14:30:30,958 - INFO - Batch num: 20, Task 0 acc: 99.7768, Task avg acc:99.7768
2024-05-26 14:30:33,496 - INFO - Batch num: 30, Task 0 acc: 99.7848, Task avg acc:99.7848
2024-05-26 14:30:36,024 - INFO - Batch num: 40, Task 0 acc: 99.7848, Task avg acc:99.7848
2024-05-26 14:30:38,585 - INFO - Batch num: 50, Task 0 acc: 99.7927, Task avg acc:99.7927
2024-05-26 14:30:41,127 - INFO - Batch num: 60, Task 0 acc: 99.8007, Task avg acc:99.8007
2024-05-26 14:30:43,654 - INFO - Batch num: 70, Task 0 acc: 99.7927, Task avg acc:99.7927
2024-05-26 14:30:46,173 - INFO - Batch num: 80, Task 0 acc: 99.7927, Task avg acc:99.7927
2024-05-26 14:30:48,693 - INFO - Batch num: 90, Task 0 acc: 99.8007, Task avg acc:99.8007
2024-05-26 14:30:48,869 - INFO - Epoch 3
2024-05-26 14:30:51,182 - INFO - Batch num: 0, Task 0 acc: 99.8007, Task avg acc:99.8007
2024-05-26 14:30:53,700 - INFO - Batch num: 10, Task 0 acc: 99.8087, Task avg acc:99.8087
2024-05-26 14:30:56,234 - INFO - Batch num: 20, Task 0 acc: 99.8087, Task avg acc:99.8087
2024-05-26 14:30:58,877 - INFO - Batch num: 30, Task 0 acc: 99.8087, Task avg acc:99.8087
2024-05-26 14:31:01,417 - INFO - Batch num: 40, Task 0 acc: 99.8007, Task avg acc:99.8007
2024-05-26 14:31:04,246 - INFO - Batch num: 50, Task 0 acc: 99.8087, Task avg acc:99.8087
2024-05-26 14:31:06,790 - INFO - Batch num: 60, Task 0 acc: 99.8087, Task avg acc:99.8087
2024-05-26 14:31:09,333 - INFO - Batch num: 70, Task 0 acc: 99.8087, Task avg acc:99.8087
2024-05-26 14:31:11,873 - INFO - Batch num: 80, Task 0 acc: 99.8166, Task avg acc:99.8166
2024-05-26 14:31:14,404 - INFO - Batch num: 90, Task 0 acc: 99.8246, Task avg acc:99.8246
2024-05-26 14:31:14,593 - INFO - ##########Task 1##########
2024-05-26 14:31:14,593 - INFO - Epoch 0
2024-05-26 14:31:19,088 - INFO - Batch num: 0, Task 0 acc: 99.8326, Batch num: 0, Task 1 acc: 0.0083, Task avg acc:49.9205
2024-05-26 14:31:24,306 - INFO - Batch num: 10, Task 0 acc: 99.7927, Batch num: 10, Task 1 acc: 0.1080, Task avg acc:49.9504
2024-05-26 14:31:29,574 - INFO - Batch num: 20, Task 0 acc: 99.7848, Batch num: 20, Task 1 acc: 0.7064, Task avg acc:50.2456
2024-05-26 14:31:35,114 - INFO - Batch num: 30, Task 0 acc: 99.7927, Batch num: 30, Task 1 acc: 4.2553, Task avg acc:52.0240
2024-05-26 14:31:40,583 - INFO - Batch num: 40, Task 0 acc: 99.7927, Batch num: 40, Task 1 acc: 15.6250, Task avg acc:57.7089
2024-05-26 14:31:45,910 - INFO - Batch num: 50, Task 0 acc: 99.7608, Batch num: 50, Task 1 acc: 35.0150, Task avg acc:67.3879
2024-05-26 14:31:50,635 - INFO - Batch num: 60, Task 0 acc: 99.6652, Batch num: 60, Task 1 acc: 52.4102, Task avg acc:76.0377
2024-05-26 14:31:55,356 - INFO - Batch num: 70, Task 0 acc: 99.2506, Batch num: 70, Task 1 acc: 66.7470, Task avg acc:82.9988
2024-05-26 14:32:00,077 - INFO - Batch num: 80, Task 0 acc: 97.8635, Batch num: 80, Task 1 acc: 76.4295, Task avg acc:87.1465
2024-05-26 14:32:04,816 - INFO - Batch num: 90, Task 0 acc: 95.4002, Batch num: 90, Task 1 acc: 82.5549, Task avg acc:88.9775
2024-05-26 14:32:04,894 - INFO - Epoch 1
2024-05-26 14:32:09,390 - INFO - Batch num: 0, Task 0 acc: 94.6588, Batch num: 0, Task 1 acc: 83.1200, Task avg acc:88.8894
2024-05-26 14:32:14,121 - INFO - Batch num: 10, Task 0 acc: 91.7969, Batch num: 10, Task 1 acc: 86.8517, Task avg acc:89.3243
2024-05-26 14:32:19,264 - INFO - Batch num: 20, Task 0 acc: 88.2414, Batch num: 20, Task 1 acc: 89.5612, Task avg acc:88.9013
2024-05-26 14:32:24,628 - INFO - Batch num: 30, Task 0 acc: 80.1897, Batch num: 30, Task 1 acc: 92.2623, Task avg acc:86.2260
2024-05-26 14:32:29,535 - INFO - Batch num: 40, Task 0 acc: 74.3941, Batch num: 40, Task 1 acc: 93.3760, Task avg acc:83.8851
2024-05-26 14:32:34,277 - INFO - Batch num: 50, Task 0 acc: 65.2742, Batch num: 50, Task 1 acc: 94.4564, Task avg acc:79.8653
2024-05-26 14:32:39,102 - INFO - Batch num: 60, Task 0 acc: 57.3501, Batch num: 60, Task 1 acc: 95.2045, Task avg acc:76.2773
2024-05-26 14:32:43,850 - INFO - Batch num: 70, Task 0 acc: 47.3932, Batch num: 70, Task 1 acc: 95.5951, Task avg acc:71.4941
2024-05-26 14:32:48,593 - INFO - Batch num: 80, Task 0 acc: 39.2459, Batch num: 80, Task 1 acc: 96.0356, Task avg acc:67.6407
2024-05-26 14:32:53,335 - INFO - Batch num: 90, Task 0 acc: 32.7886, Batch num: 90, Task 1 acc: 96.2683, Task avg acc:64.5284
2024-05-26 14:32:53,413 - INFO - Epoch 2
2024-05-26 14:32:57,919 - INFO - Batch num: 0, Task 0 acc: 31.7682, Batch num: 0, Task 1 acc: 96.2600, Task avg acc:64.0141
2024-05-26 14:33:02,661 - INFO - Batch num: 10, Task 0 acc: 27.3756, Batch num: 10, Task 1 acc: 96.4594, Task avg acc:61.9175
2024-05-26 14:33:07,406 - INFO - Batch num: 20, Task 0 acc: 22.2337, Batch num: 20, Task 1 acc: 96.5259, Task avg acc:59.3798
2024-05-26 14:33:12,171 - INFO - Batch num: 30, Task 0 acc: 20.4640, Batch num: 30, Task 1 acc: 96.5093, Task avg acc:58.4866
2024-05-26 14:33:16,905 - INFO - Batch num: 40, Task 0 acc: 15.6489, Batch num: 40, Task 1 acc: 96.7503, Task avg acc:56.1996
2024-05-26 14:33:22,244 - INFO - Batch num: 50, Task 0 acc: 13.1617, Batch num: 50, Task 1 acc: 96.8002, Task avg acc:54.9809
2024-05-26 14:33:27,523 - INFO - Batch num: 60, Task 0 acc: 10.4034, Batch num: 60, Task 1 acc: 96.8085, Task avg acc:53.6059
2024-05-26 14:33:32,164 - INFO - Batch num: 70, Task 0 acc: 7.5415, Batch num: 70, Task 1 acc: 97.0246, Task avg acc:52.2830
2024-05-26 14:33:36,772 - INFO - Batch num: 80, Task 0 acc: 6.7443, Batch num: 80, Task 1 acc: 97.0080, Task avg acc:51.8761
2024-05-26 14:33:41,628 - INFO - Batch num: 90, Task 0 acc: 4.8549, Batch num: 90, Task 1 acc: 97.0080, Task avg acc:50.9314
2024-05-26 14:33:41,709 - INFO - Epoch 3
2024-05-26 14:33:47,004 - INFO - Batch num: 0, Task 0 acc: 3.8664, Batch num: 0, Task 1 acc: 97.0329, Task avg acc:50.4497
2024-05-26 14:33:52,339 - INFO - Batch num: 10, Task 0 acc: 4.0816, Batch num: 10, Task 1 acc: 97.0412, Task avg acc:50.5614
2024-05-26 14:33:57,076 - INFO - Batch num: 20, Task 0 acc: 3.0851, Batch num: 20, Task 1 acc: 97.0994, Task avg acc:50.0923
2024-05-26 14:34:01,806 - INFO - Batch num: 30, Task 0 acc: 3.6033, Batch num: 30, Task 1 acc: 96.9914, Task avg acc:50.2973
2024-05-26 14:34:06,535 - INFO - Batch num: 40, Task 0 acc: 2.8699, Batch num: 40, Task 1 acc: 97.2074, Task avg acc:50.0387
2024-05-26 14:34:11,262 - INFO - Batch num: 50, Task 0 acc: 2.4793, Batch num: 50, Task 1 acc: 97.2490, Task avg acc:49.8641
2024-05-26 14:34:16,002 - INFO - Batch num: 60, Task 0 acc: 1.9850, Batch num: 60, Task 1 acc: 97.2656, Task avg acc:49.6253
2024-05-26 14:34:20,732 - INFO - Batch num: 70, Task 0 acc: 1.3074, Batch num: 70, Task 1 acc: 97.3155, Task avg acc:49.3114
2024-05-26 14:34:25,481 - INFO - Batch num: 80, Task 0 acc: 1.2117, Batch num: 80, Task 1 acc: 97.4152, Task avg acc:49.3135
2024-05-26 14:34:30,217 - INFO - Batch num: 90, Task 0 acc: 1.0762, Batch num: 90, Task 1 acc: 97.4069, Task avg acc:49.2416
2024-05-26 14:34:30,303 - INFO - ##########Task 2##########
2024-05-26 14:34:30,304 - INFO - Epoch 0
2024-05-26 14:34:36,904 - INFO - Batch num: 0, Task 0 acc: 1.3791, Batch num: 0, Task 1 acc: 97.3238, Batch num: 0, Task 2 acc: 0.0000, Task avg acc:32.9010
2024-05-26 14:34:43,730 - INFO - Batch num: 10, Task 0 acc: 12.9863, Batch num: 10, Task 1 acc: 96.6340, Batch num: 10, Task 2 acc: 0.0180, Task avg acc:36.5461
2024-05-26 14:34:50,487 - INFO - Batch num: 20, Task 0 acc: 18.1122, Batch num: 20, Task 1 acc: 95.9358, Batch num: 20, Task 2 acc: 0.1796, Task avg acc:38.0759
2024-05-26 14:34:57,311 - INFO - Batch num: 30, Task 0 acc: 21.7474, Batch num: 30, Task 1 acc: 94.8886, Batch num: 30, Task 2 acc: 1.4009, Task avg acc:39.3456
2024-05-26 14:35:04,065 - INFO - Batch num: 40, Task 0 acc: 21.7714, Batch num: 40, Task 1 acc: 93.8913, Batch num: 40, Task 2 acc: 5.6394, Task avg acc:40.4340
2024-05-26 14:35:10,808 - INFO - Batch num: 50, Task 0 acc: 23.6926, Batch num: 50, Task 1 acc: 93.6170, Batch num: 50, Task 2 acc: 16.7744, Task avg acc:44.6947
2024-05-26 14:35:17,566 - INFO - Batch num: 60, Task 0 acc: 23.0628, Batch num: 60, Task 1 acc: 92.5449, Batch num: 60, Task 2 acc: 29.7234, Task avg acc:48.4437
2024-05-26 14:35:24,334 - INFO - Batch num: 70, Task 0 acc: 18.8536, Batch num: 70, Task 1 acc: 90.6001, Batch num: 70, Task 2 acc: 42.0887, Task avg acc:50.5141
2024-05-26 14:35:31,075 - INFO - Batch num: 80, Task 0 acc: 17.1397, Batch num: 80, Task 1 acc: 88.2480, Batch num: 80, Task 2 acc: 55.3251, Task avg acc:53.5709
2024-05-26 14:35:31,229 - INFO - Epoch 1
2024-05-26 14:35:38,815 - INFO - Batch num: 0, Task 0 acc: 15.2264, Batch num: 0, Task 1 acc: 85.4139, Batch num: 0, Task 2 acc: 62.6616, Task avg acc:54.4340
2024-05-26 14:35:46,772 - INFO - Batch num: 10, Task 0 acc: 14.5568, Batch num: 10, Task 1 acc: 81.7570, Batch num: 10, Task 2 acc: 69.5851, Task avg acc:55.2996
2024-05-26 14:35:55,274 - INFO - Batch num: 20, Task 0 acc: 12.8827, Batch num: 20, Task 1 acc: 76.7453, Batch num: 20, Task 2 acc: 75.2604, Task avg acc:54.9628
2024-05-26 14:36:03,713 - INFO - Batch num: 30, Task 0 acc: 7.5415, Batch num: 30, Task 1 acc: 66.7304, Batch num: 30, Task 2 acc: 81.7529, Task avg acc:52.0082
2024-05-26 14:36:11,502 - INFO - Batch num: 40, Task 0 acc: 4.5759, Batch num: 40, Task 1 acc: 56.0672, Batch num: 40, Task 2 acc: 87.4551, Task avg acc:49.3660
2024-05-26 14:36:18,484 - INFO - Batch num: 50, Task 0 acc: 1.9372, Batch num: 50, Task 1 acc: 45.4870, Batch num: 50, Task 2 acc: 92.8071, Task avg acc:46.7438
2024-05-26 14:36:26,073 - INFO - Batch num: 60, Task 0 acc: 1.4987, Batch num: 60, Task 1 acc: 38.6636, Batch num: 60, Task 2 acc: 95.6537, Task avg acc:45.2720
2024-05-26 14:36:33,414 - INFO - Batch num: 70, Task 0 acc: 0.5261, Batch num: 70, Task 1 acc: 32.2557, Batch num: 70, Task 2 acc: 97.1803, Task avg acc:43.3207
2024-05-26 14:36:40,973 - INFO - Batch num: 80, Task 0 acc: 0.3428, Batch num: 80, Task 1 acc: 28.1915, Batch num: 80, Task 2 acc: 97.7371, Task avg acc:42.0905
2024-05-26 14:36:41,135 - INFO - Epoch 2
2024-05-26 14:36:48,392 - INFO - Batch num: 0, Task 0 acc: 0.2551, Batch num: 0, Task 1 acc: 26.2965, Batch num: 0, Task 2 acc: 98.0065, Task avg acc:41.5194
2024-05-26 14:36:55,267 - INFO - Batch num: 10, Task 0 acc: 0.2312, Batch num: 10, Task 1 acc: 23.6287, Batch num: 10, Task 2 acc: 98.1861, Task avg acc:40.6820
2024-05-26 14:37:02,141 - INFO - Batch num: 20, Task 0 acc: 0.1435, Batch num: 20, Task 1 acc: 21.8002, Batch num: 20, Task 2 acc: 98.3118, Task avg acc:40.0852
2024-05-26 14:37:08,999 - INFO - Batch num: 30, Task 0 acc: 0.0957, Batch num: 30, Task 1 acc: 20.3541, Batch num: 30, Task 2 acc: 98.3657, Task avg acc:39.6051
2024-05-26 14:37:16,725 - INFO - Batch num: 40, Task 0 acc: 0.0877, Batch num: 40, Task 1 acc: 18.8747, Batch num: 40, Task 2 acc: 98.3746, Task avg acc:39.1123
2024-05-26 14:37:24,111 - INFO - Batch num: 50, Task 0 acc: 0.0558, Batch num: 50, Task 1 acc: 17.5116, Batch num: 50, Task 2 acc: 98.6261, Task avg acc:38.7312
2024-05-26 14:37:32,308 - INFO - Batch num: 60, Task 0 acc: 0.0638, Batch num: 60, Task 1 acc: 17.5366, Batch num: 60, Task 2 acc: 98.6620, Task avg acc:38.7541
2024-05-26 14:37:40,209 - INFO - Batch num: 70, Task 0 acc: 0.0319, Batch num: 70, Task 1 acc: 15.9159, Batch num: 70, Task 2 acc: 98.7608, Task avg acc:38.2362
2024-05-26 14:37:48,825 - INFO - Batch num: 80, Task 0 acc: 0.0319, Batch num: 80, Task 1 acc: 14.5030, Batch num: 80, Task 2 acc: 98.7877, Task avg acc:37.7742
2024-05-26 14:37:49,068 - INFO - Epoch 3
2024-05-26 14:37:56,892 - INFO - Batch num: 0, Task 0 acc: 0.0239, Batch num: 0, Task 1 acc: 14.5030, Batch num: 0, Task 2 acc: 98.8326, Task avg acc:37.7865
2024-05-26 14:38:04,425 - INFO - Batch num: 10, Task 0 acc: 0.0239, Batch num: 10, Task 1 acc: 13.7467, Batch num: 10, Task 2 acc: 98.8596, Task avg acc:37.5434
2024-05-26 14:38:11,882 - INFO - Batch num: 20, Task 0 acc: 0.0239, Batch num: 20, Task 1 acc: 12.8906, Batch num: 20, Task 2 acc: 98.8596, Task avg acc:37.2580
2024-05-26 14:38:20,154 - INFO - Batch num: 30, Task 0 acc: 0.0159, Batch num: 30, Task 1 acc: 12.3504, Batch num: 30, Task 2 acc: 98.9404, Task avg acc:37.1022
2024-05-26 14:38:27,678 - INFO - Batch num: 40, Task 0 acc: 0.0000, Batch num: 40, Task 1 acc: 11.8102, Batch num: 40, Task 2 acc: 98.8506, Task avg acc:36.8869
2024-05-26 14:38:35,820 - INFO - Batch num: 50, Task 0 acc: 0.0080, Batch num: 50, Task 1 acc: 11.0372, Batch num: 50, Task 2 acc: 98.9853, Task avg acc:36.6768
2024-05-26 14:38:42,983 - INFO - Batch num: 60, Task 0 acc: 0.0000, Batch num: 60, Task 1 acc: 11.7603, Batch num: 60, Task 2 acc: 98.9763, Task avg acc:36.9122
2024-05-26 14:38:50,184 - INFO - Batch num: 70, Task 0 acc: 0.0000, Batch num: 70, Task 1 acc: 10.8627, Batch num: 70, Task 2 acc: 99.0122, Task avg acc:36.6250
2024-05-26 14:38:57,087 - INFO - Batch num: 80, Task 0 acc: 0.0000, Batch num: 80, Task 1 acc: 10.0565, Batch num: 80, Task 2 acc: 99.0122, Task avg acc:36.3562
2024-05-26 14:38:57,254 - INFO - ##########Task 3##########
2024-05-26 14:38:57,254 - INFO - Epoch 0
2024-05-26 14:39:06,628 - INFO - Batch num: 0, Task 0 acc: 0.0080, Batch num: 0, Task 1 acc: 10.2394, Batch num: 0, Task 2 acc: 99.0302, Batch num: 0, Task 3 acc: 0.0000, Task avg acc:27.3194
2024-05-26 14:39:16,360 - INFO - Batch num: 10, Task 0 acc: 0.0797, Batch num: 10, Task 1 acc: 10.3142, Batch num: 10, Task 2 acc: 98.9494, Batch num: 10, Task 3 acc: 0.0082, Task avg acc:27.3379
2024-05-26 14:39:27,291 - INFO - Batch num: 20, Task 0 acc: 0.2710, Batch num: 20, Task 1 acc: 12.0263, Batch num: 20, Task 2 acc: 98.7608, Batch num: 20, Task 3 acc: 0.4770, Task avg acc:27.8838
2024-05-26 14:39:36,038 - INFO - Batch num: 30, Task 0 acc: 0.7812, Batch num: 30, Task 1 acc: 13.5971, Batch num: 30, Task 2 acc: 98.6889, Batch num: 30, Task 3 acc: 6.6118, Task avg acc:29.9198
2024-05-26 14:39:44,828 - INFO - Batch num: 40, Task 0 acc: 1.5147, Batch num: 40, Task 1 acc: 13.0818, Batch num: 40, Task 2 acc: 98.5542, Batch num: 40, Task 3 acc: 20.0082, Task avg acc:33.2897
2024-05-26 14:39:53,545 - INFO - Batch num: 50, Task 0 acc: 1.6980, Batch num: 50, Task 1 acc: 12.0595, Batch num: 50, Task 2 acc: 98.4016, Batch num: 50, Task 3 acc: 39.7039, Task avg acc:37.9658
2024-05-26 14:40:02,261 - INFO - Batch num: 60, Task 0 acc: 1.4668, Batch num: 60, Task 1 acc: 9.3833, Batch num: 60, Task 2 acc: 97.8718, Batch num: 60, Task 3 acc: 60.0822, Task avg acc:42.2010
2024-05-26 14:40:10,982 - INFO - Batch num: 70, Task 0 acc: 1.5944, Batch num: 70, Task 1 acc: 6.7404, Batch num: 70, Task 2 acc: 96.2284, Batch num: 70, Task 3 acc: 76.8421, Task avg acc:45.3513
2024-05-26 14:40:19,701 - INFO - Batch num: 80, Task 0 acc: 1.0045, Batch num: 80, Task 1 acc: 4.4631, Batch num: 80, Task 2 acc: 93.2022, Batch num: 80, Task 3 acc: 86.8339, Task avg acc:46.3759
2024-05-26 14:40:28,449 - INFO - Batch num: 90, Task 0 acc: 0.6537, Batch num: 90, Task 1 acc: 3.1582, Batch num: 90, Task 2 acc: 88.9188, Batch num: 90, Task 3 acc: 91.7105, Task avg acc:46.1103
2024-05-26 14:40:28,554 - INFO - Epoch 1
2024-05-26 14:40:37,052 - INFO - Batch num: 0, Task 0 acc: 0.5182, Batch num: 0, Task 1 acc: 2.7759, Batch num: 0, Task 2 acc: 87.6257, Batch num: 0, Task 3 acc: 93.4046, Task avg acc:46.0811
2024-05-26 14:40:45,782 - INFO - Batch num: 10, Task 0 acc: 0.2232, Batch num: 10, Task 1 acc: 2.1858, Batch num: 10, Task 2 acc: 85.2550, Batch num: 10, Task 3 acc: 95.5181, Task avg acc:45.7955
2024-05-26 14:40:54,464 - INFO - Batch num: 20, Task 0 acc: 0.1276, Batch num: 20, Task 1 acc: 1.8617, Batch num: 20, Task 2 acc: 81.7888, Batch num: 20, Task 3 acc: 96.6776, Task avg acc:45.1139
2024-05-26 14:41:03,237 - INFO - Batch num: 30, Task 0 acc: 0.1116, Batch num: 30, Task 1 acc: 1.5459, Batch num: 30, Task 2 acc: 78.3495, Batch num: 30, Task 3 acc: 97.5247, Task avg acc:44.3829
2024-05-26 14:41:11,928 - INFO - Batch num: 40, Task 0 acc: 0.0399, Batch num: 40, Task 1 acc: 1.2301, Batch num: 40, Task 2 acc: 74.2906, Batch num: 40, Task 3 acc: 98.0181, Task avg acc:43.3946
2024-05-26 14:41:20,641 - INFO - Batch num: 50, Task 0 acc: 0.0080, Batch num: 50, Task 1 acc: 1.0555, Batch num: 50, Task 2 acc: 70.0431, Batch num: 50, Task 3 acc: 98.5444, Task avg acc:42.4128
2024-05-26 14:41:29,319 - INFO - Batch num: 60, Task 0 acc: 0.0000, Batch num: 60, Task 1 acc: 0.7480, Batch num: 60, Task 2 acc: 65.8226, Batch num: 60, Task 3 acc: 98.8980, Task avg acc:41.3671
2024-05-26 14:41:37,998 - INFO - Batch num: 70, Task 0 acc: 0.0000, Batch num: 70, Task 1 acc: 0.6400, Batch num: 70, Task 2 acc: 61.6379, Batch num: 70, Task 3 acc: 99.1118, Task avg acc:40.3474
2024-05-26 14:41:46,730 - INFO - Batch num: 80, Task 0 acc: 0.0000, Batch num: 80, Task 1 acc: 0.5402, Batch num: 80, Task 2 acc: 57.6060, Batch num: 80, Task 3 acc: 99.2516, Task avg acc:39.3495
2024-05-26 14:41:55,406 - INFO - Batch num: 90, Task 0 acc: 0.0000, Batch num: 90, Task 1 acc: 0.4322, Batch num: 90, Task 2 acc: 53.4752, Batch num: 90, Task 3 acc: 99.3257, Task avg acc:38.3083
2024-05-26 14:41:55,511 - INFO - Epoch 2
2024-05-26 14:42:03,952 - INFO - Batch num: 0, Task 0 acc: 0.0000, Batch num: 0, Task 1 acc: 0.3574, Batch num: 0, Task 2 acc: 51.4996, Batch num: 0, Task 3 acc: 99.3750, Task avg acc:37.8080
2024-05-26 14:42:12,711 - INFO - Batch num: 10, Task 0 acc: 0.0000, Batch num: 10, Task 1 acc: 0.2660, Batch num: 10, Task 2 acc: 46.6774, Batch num: 10, Task 3 acc: 99.4490, Task avg acc:36.5981
2024-05-26 14:42:21,454 - INFO - Batch num: 20, Task 0 acc: 0.0000, Batch num: 20, Task 1 acc: 0.2161, Batch num: 20, Task 2 acc: 45.4652, Batch num: 20, Task 3 acc: 99.4984, Task avg acc:36.2949
2024-05-26 14:42:30,217 - INFO - Batch num: 30, Task 0 acc: 0.0000, Batch num: 30, Task 1 acc: 0.2410, Batch num: 30, Task 2 acc: 44.5312, Batch num: 30, Task 3 acc: 99.5148, Task avg acc:36.0718
2024-05-26 14:42:38,896 - INFO - Batch num: 40, Task 0 acc: 0.0000, Batch num: 40, Task 1 acc: 0.1912, Batch num: 40, Task 2 acc: 41.2356, Batch num: 40, Task 3 acc: 99.5395, Task avg acc:35.2416
2024-05-26 14:42:47,601 - INFO - Batch num: 50, Task 0 acc: 0.0000, Batch num: 50, Task 1 acc: 0.1579, Batch num: 50, Task 2 acc: 39.4846, Batch num: 50, Task 3 acc: 99.5559, Task avg acc:34.7996
2024-05-26 14:42:56,285 - INFO - Batch num: 60, Task 0 acc: 0.0000, Batch num: 60, Task 1 acc: 0.1579, Batch num: 60, Task 2 acc: 37.3473, Batch num: 60, Task 3 acc: 99.6217, Task avg acc:34.2817
2024-05-26 14:43:05,052 - INFO - Batch num: 70, Task 0 acc: 0.0000, Batch num: 70, Task 1 acc: 0.0914, Batch num: 70, Task 2 acc: 34.7971, Batch num: 70, Task 3 acc: 99.6464, Task avg acc:33.6337
2024-05-26 14:43:13,777 - INFO - Batch num: 80, Task 0 acc: 0.0000, Batch num: 80, Task 1 acc: 0.0831, Batch num: 80, Task 2 acc: 33.7015, Batch num: 80, Task 3 acc: 99.6793, Task avg acc:33.3660
2024-05-26 14:43:22,507 - INFO - Batch num: 90, Task 0 acc: 0.0000, Batch num: 90, Task 1 acc: 0.0582, Batch num: 90, Task 2 acc: 31.3488, Batch num: 90, Task 3 acc: 99.7039, Task avg acc:32.7777
2024-05-26 14:43:22,610 - INFO - Epoch 3
2024-05-26 14:43:31,149 - INFO - Batch num: 0, Task 0 acc: 0.0000, Batch num: 0, Task 1 acc: 0.0582, Batch num: 0, Task 2 acc: 30.5496, Batch num: 0, Task 3 acc: 99.7039, Task avg acc:32.5779
2024-05-26 14:43:39,912 - INFO - Batch num: 10, Task 0 acc: 0.0000, Batch num: 10, Task 1 acc: 0.0582, Batch num: 10, Task 2 acc: 27.2989, Batch num: 10, Task 3 acc: 99.6957, Task avg acc:31.7632
2024-05-26 14:43:48,645 - INFO - Batch num: 20, Task 0 acc: 0.0000, Batch num: 20, Task 1 acc: 0.0665, Batch num: 20, Task 2 acc: 26.7870, Batch num: 20, Task 3 acc: 99.7204, Task avg acc:31.6435
2024-05-26 14:43:57,360 - INFO - Batch num: 30, Task 0 acc: 0.0000, Batch num: 30, Task 1 acc: 0.0665, Batch num: 30, Task 2 acc: 27.7568, Batch num: 30, Task 3 acc: 99.7286, Task avg acc:31.8880
2024-05-26 14:44:06,041 - INFO - Batch num: 40, Task 0 acc: 0.0000, Batch num: 40, Task 1 acc: 0.0582, Batch num: 40, Task 2 acc: 25.3682, Batch num: 40, Task 3 acc: 99.7368, Task avg acc:31.2908
2024-05-26 14:44:14,781 - INFO - Batch num: 50, Task 0 acc: 0.0000, Batch num: 50, Task 1 acc: 0.0665, Batch num: 50, Task 2 acc: 25.5298, Batch num: 50, Task 3 acc: 99.7368, Task avg acc:31.3333
2024-05-26 14:44:23,476 - INFO - Batch num: 60, Task 0 acc: 0.0000, Batch num: 60, Task 1 acc: 0.0665, Batch num: 60, Task 2 acc: 24.1469, Batch num: 60, Task 3 acc: 99.7286, Task avg acc:30.9855
2024-05-26 14:44:32,347 - INFO - Batch num: 70, Task 0 acc: 0.0000, Batch num: 70, Task 1 acc: 0.0665, Batch num: 70, Task 2 acc: 22.6562, Batch num: 70, Task 3 acc: 99.7451, Task avg acc:30.6170
2024-05-26 14:44:41,022 - INFO - Batch num: 80, Task 0 acc: 0.0000, Batch num: 80, Task 1 acc: 0.0499, Batch num: 80, Task 2 acc: 21.4350, Batch num: 80, Task 3 acc: 99.7533, Task avg acc:30.3095
2024-05-26 14:44:49,792 - INFO - Batch num: 90, Task 0 acc: 0.0000, Batch num: 90, Task 1 acc: 0.0332, Batch num: 90, Task 2 acc: 19.6031, Batch num: 90, Task 3 acc: 99.7533, Task avg acc:29.8474
2024-05-26 14:44:49,910 - INFO - ##########Task 4##########
2024-05-26 14:44:49,911 - INFO - Epoch 0
2024-05-26 14:45:00,486 - INFO - Batch num: 0, Task 0 acc: 0.0000, Batch num: 0, Task 1 acc: 0.0249, Batch num: 0, Task 2 acc: 23.4914, Batch num: 0, Task 3 acc: 99.7368, Batch num: 0, Task 4 acc: 0.0000, Task avg acc:24.6506
2024-05-26 14:45:11,339 - INFO - Batch num: 10, Task 0 acc: 0.0000, Batch num: 10, Task 1 acc: 0.1080, Batch num: 10, Task 2 acc: 44.9892, Batch num: 10, Task 3 acc: 99.1365, Batch num: 10, Task 4 acc: 0.0000, Task avg acc:28.8468
2024-05-26 14:45:22,093 - INFO - Batch num: 20, Task 0 acc: 0.0000, Batch num: 20, Task 1 acc: 0.2410, Batch num: 20, Task 2 acc: 49.2816, Batch num: 20, Task 3 acc: 98.5115, Batch num: 20, Task 4 acc: 0.0340, Task avg acc:29.6136
2024-05-26 14:45:32,899 - INFO - Batch num: 30, Task 0 acc: 0.0000, Batch num: 30, Task 1 acc: 0.4072, Batch num: 30, Task 2 acc: 51.0506, Batch num: 30, Task 3 acc: 98.1168, Batch num: 30, Task 4 acc: 0.4925, Task avg acc:30.0134
2024-05-26 14:45:43,688 - INFO - Batch num: 40, Task 0 acc: 0.0000, Batch num: 40, Task 1 acc: 0.5901, Batch num: 40, Task 2 acc: 53.6279, Batch num: 40, Task 3 acc: 97.5822, Batch num: 40, Task 4 acc: 6.7935, Task avg acc:31.7187
2024-05-26 14:45:54,477 - INFO - Batch num: 50, Task 0 acc: 0.0000, Batch num: 50, Task 1 acc: 0.6981, Batch num: 50, Task 2 acc: 48.1052, Batch num: 50, Task 3 acc: 95.5345, Batch num: 50, Task 4 acc: 22.1213, Task avg acc:33.2918
2024-05-26 14:46:05,240 - INFO - Batch num: 60, Task 0 acc: 0.0000, Batch num: 60, Task 1 acc: 0.5652, Batch num: 60, Task 2 acc: 36.5122, Batch num: 60, Task 3 acc: 87.6151, Batch num: 60, Task 4 acc: 32.7276, Task avg acc:31.4840
2024-05-26 14:46:16,002 - INFO - Batch num: 70, Task 0 acc: 0.0000, Batch num: 70, Task 1 acc: 0.5402, Batch num: 70, Task 2 acc: 32.2557, Batch num: 70, Task 3 acc: 77.6727, Batch num: 70, Task 4 acc: 39.3003, Task avg acc:29.9538
2024-05-26 14:46:26,769 - INFO - Batch num: 80, Task 0 acc: 0.0000, Batch num: 80, Task 1 acc: 0.4488, Batch num: 80, Task 2 acc: 29.1756, Batch num: 80, Task 3 acc: 69.6464, Batch num: 80, Task 4 acc: 43.3084, Task avg acc:28.5159
2024-05-26 14:46:37,524 - INFO - Batch num: 90, Task 0 acc: 0.0000, Batch num: 90, Task 1 acc: 0.3823, Batch num: 90, Task 2 acc: 26.4907, Batch num: 90, Task 3 acc: 63.0592, Batch num: 90, Task 4 acc: 45.6182, Task avg acc:27.1101
2024-05-26 14:46:37,551 - INFO - Epoch 1
2024-05-26 14:46:48,237 - INFO - Batch num: 0, Task 0 acc: 0.0000, Batch num: 0, Task 1 acc: 0.3906, Batch num: 0, Task 2 acc: 26.4368, Batch num: 0, Task 3 acc: 62.0724, Batch num: 0, Task 4 acc: 46.0428, Task avg acc:26.9885
2024-05-26 14:46:59,009 - INFO - Batch num: 10, Task 0 acc: 0.0000, Batch num: 10, Task 1 acc: 0.3158, Batch num: 10, Task 2 acc: 25.8890, Batch num: 10, Task 3 acc: 59.3750, Batch num: 10, Task 4 acc: 46.8410, Task avg acc:26.4842
2024-05-26 14:47:09,757 - INFO - Batch num: 20, Task 0 acc: 0.0000, Batch num: 20, Task 1 acc: 0.2992, Batch num: 20, Task 2 acc: 24.5869, Batch num: 20, Task 3 acc: 56.4885, Batch num: 20, Task 4 acc: 47.7327, Task avg acc:25.8215
2024-05-26 14:47:20,517 - INFO - Batch num: 30, Task 0 acc: 0.0000, Batch num: 30, Task 1 acc: 0.3408, Batch num: 30, Task 2 acc: 25.1078, Batch num: 30, Task 3 acc: 56.0691, Batch num: 30, Task 4 acc: 49.6179, Task avg acc:26.2271
2024-05-26 14:47:31,280 - INFO - Batch num: 40, Task 0 acc: 0.0000, Batch num: 40, Task 1 acc: 0.3740, Batch num: 40, Task 2 acc: 24.4522, Batch num: 40, Task 3 acc: 54.0461, Batch num: 40, Task 4 acc: 57.2860, Task avg acc:27.2317
2024-05-26 14:47:42,085 - INFO - Batch num: 50, Task 0 acc: 0.0000, Batch num: 50, Task 1 acc: 0.2244, Batch num: 50, Task 2 acc: 24.5600, Batch num: 50, Task 3 acc: 53.3388, Batch num: 50, Task 4 acc: 70.2191, Task avg acc:29.6685
2024-05-26 14:47:52,934 - INFO - Batch num: 60, Task 0 acc: 0.0000, Batch num: 60, Task 1 acc: 0.0831, Batch num: 60, Task 2 acc: 20.8154, Batch num: 60, Task 3 acc: 52.1382, Batch num: 60, Task 4 acc: 79.4158, Task avg acc:30.4905
2024-05-26 14:48:03,681 - INFO - Batch num: 70, Task 0 acc: 0.0000, Batch num: 70, Task 1 acc: 0.0582, Batch num: 70, Task 2 acc: 15.9213, Batch num: 70, Task 3 acc: 51.1513, Batch num: 70, Task 4 acc: 87.0329, Task avg acc:30.8328
2024-05-26 14:48:14,432 - INFO - Batch num: 80, Task 0 acc: 0.0000, Batch num: 80, Task 1 acc: 0.0332, Batch num: 80, Task 2 acc: 12.7245, Batch num: 80, Task 3 acc: 49.7615, Batch num: 80, Task 4 acc: 90.4297, Task avg acc:30.5898
2024-05-26 14:48:25,300 - INFO - Batch num: 90, Task 0 acc: 0.0000, Batch num: 90, Task 1 acc: 0.0083, Batch num: 90, Task 2 acc: 10.4167, Batch num: 90, Task 3 acc: 48.6924, Batch num: 90, Task 4 acc: 92.5526, Task avg acc:30.3340
2024-05-26 14:48:25,327 - INFO - Epoch 2
2024-05-26 14:48:35,918 - INFO - Batch num: 0, Task 0 acc: 0.0000, Batch num: 0, Task 1 acc: 0.0083, Batch num: 0, Task 2 acc: 9.7522, Batch num: 0, Task 3 acc: 48.5773, Batch num: 0, Task 4 acc: 92.8414, Task avg acc:30.2358
2024-05-26 14:48:46,704 - INFO - Batch num: 10, Task 0 acc: 0.0000, Batch num: 10, Task 1 acc: 0.0083, Batch num: 10, Task 2 acc: 8.4591, Batch num: 10, Task 3 acc: 47.9194, Batch num: 10, Task 4 acc: 93.9453, Task avg acc:30.0664
2024-05-26 14:48:57,469 - INFO - Batch num: 20, Task 0 acc: 0.0000, Batch num: 20, Task 1 acc: 0.0083, Batch num: 20, Task 2 acc: 6.6900, Batch num: 20, Task 3 acc: 46.8750, Batch num: 20, Task 4 acc: 94.6332, Task avg acc:29.6413
2024-05-26 14:49:08,212 - INFO - Batch num: 30, Task 0 acc: 0.0000, Batch num: 30, Task 1 acc: 0.0083, Batch num: 30, Task 2 acc: 4.9749, Batch num: 30, Task 3 acc: 45.8882, Batch num: 30, Task 4 acc: 95.3380, Task avg acc:29.2419
2024-05-26 14:49:19,045 - INFO - Batch num: 40, Task 0 acc: 0.0000, Batch num: 40, Task 1 acc: 0.0083, Batch num: 40, Task 2 acc: 4.0589, Batch num: 40, Task 3 acc: 44.5395, Batch num: 40, Task 4 acc: 95.7541, Task avg acc:28.8722
2024-05-26 14:49:29,810 - INFO - Batch num: 50, Task 0 acc: 0.0000, Batch num: 50, Task 1 acc: 0.0083, Batch num: 50, Task 2 acc: 3.2238, Batch num: 50, Task 3 acc: 42.6891, Batch num: 50, Task 4 acc: 96.2041, Task avg acc:28.4251
2024-05-26 14:49:40,556 - INFO - Batch num: 60, Task 0 acc: 0.0000, Batch num: 60, Task 1 acc: 0.0083, Batch num: 60, Task 2 acc: 2.9005, Batch num: 60, Task 3 acc: 42.2204, Batch num: 60, Task 4 acc: 96.1702, Task avg acc:28.2599
2024-05-26 14:49:51,422 - INFO - Batch num: 70, Task 0 acc: 0.0000, Batch num: 70, Task 1 acc: 0.0083, Batch num: 70, Task 2 acc: 2.1821, Batch num: 70, Task 3 acc: 40.9704, Batch num: 70, Task 4 acc: 96.4504, Task avg acc:27.9222
2024-05-26 14:50:02,282 - INFO - Batch num: 80, Task 0 acc: 0.0000, Batch num: 80, Task 1 acc: 0.0083, Batch num: 80, Task 2 acc: 1.8768, Batch num: 80, Task 3 acc: 39.7780, Batch num: 80, Task 4 acc: 96.4504, Task avg acc:27.6227
2024-05-26 14:50:13,053 - INFO - Batch num: 90, Task 0 acc: 0.0000, Batch num: 90, Task 1 acc: 0.0000, Batch num: 90, Task 2 acc: 1.6613, Batch num: 90, Task 3 acc: 38.7747, Batch num: 90, Task 4 acc: 96.5608, Task avg acc:27.3994
2024-05-26 14:50:13,079 - INFO - Epoch 3
2024-05-26 14:50:23,625 - INFO - Batch num: 0, Task 0 acc: 0.0000, Batch num: 0, Task 1 acc: 0.0000, Batch num: 0, Task 2 acc: 1.5356, Batch num: 0, Task 3 acc: 37.9030, Batch num: 0, Task 4 acc: 96.6712, Task avg acc:27.2219
2024-05-26 14:50:34,379 - INFO - Batch num: 10, Task 0 acc: 0.0000, Batch num: 10, Task 1 acc: 0.0000, Batch num: 10, Task 2 acc: 1.4009, Batch num: 10, Task 3 acc: 37.0724, Batch num: 10, Task 4 acc: 96.7986, Task avg acc:27.0544
2024-05-26 14:50:45,345 - INFO - Batch num: 20, Task 0 acc: 0.0000, Batch num: 20, Task 1 acc: 0.0000, Batch num: 20, Task 2 acc: 1.1225, Batch num: 20, Task 3 acc: 36.2829, Batch num: 20, Task 4 acc: 96.8665, Task avg acc:26.8544
2024-05-26 14:50:56,102 - INFO - Batch num: 30, Task 0 acc: 0.0000, Batch num: 30, Task 1 acc: 0.0000, Batch num: 30, Task 2 acc: 0.8082, Batch num: 30, Task 3 acc: 34.2516, Batch num: 30, Task 4 acc: 97.0533, Task avg acc:26.4226
2024-05-26 14:51:06,975 - INFO - Batch num: 40, Task 0 acc: 0.0000, Batch num: 40, Task 1 acc: 0.0000, Batch num: 40, Task 2 acc: 0.7812, Batch num: 40, Task 3 acc: 33.5033, Batch num: 40, Task 4 acc: 97.1043, Task avg acc:26.2778
2024-05-26 14:51:17,681 - INFO - Batch num: 50, Task 0 acc: 0.0000, Batch num: 50, Task 1 acc: 0.0000, Batch num: 50, Task 2 acc: 0.7723, Batch num: 50, Task 3 acc: 32.1711, Batch num: 50, Task 4 acc: 97.1382, Task avg acc:26.0163
2024-05-26 14:51:28,344 - INFO - Batch num: 60, Task 0 acc: 0.0000, Batch num: 60, Task 1 acc: 0.0000, Batch num: 60, Task 2 acc: 0.7004, Batch num: 60, Task 3 acc: 32.2533, Batch num: 60, Task 4 acc: 97.1298, Task avg acc:26.0167
2024-05-26 14:51:38,986 - INFO - Batch num: 70, Task 0 acc: 0.0000, Batch num: 70, Task 1 acc: 0.0000, Batch num: 70, Task 2 acc: 0.6645, Batch num: 70, Task 3 acc: 31.2582, Batch num: 70, Task 4 acc: 97.2317, Task avg acc:25.8309
2024-05-26 14:51:49,700 - INFO - Batch num: 80, Task 0 acc: 0.0000, Batch num: 80, Task 1 acc: 0.0000, Batch num: 80, Task 2 acc: 0.5478, Batch num: 80, Task 3 acc: 30.8635, Batch num: 80, Task 4 acc: 97.1807, Task avg acc:25.7184
2024-05-26 14:52:00,365 - INFO - Batch num: 90, Task 0 acc: 0.0000, Batch num: 90, Task 1 acc: 0.0000, Batch num: 90, Task 2 acc: 0.4849, Batch num: 90, Task 3 acc: 30.0247, Batch num: 90, Task 4 acc: 97.2232, Task avg acc:25.5466
