2024-06-01 09:47:32,646 - INFO - ##########Task 0##########
2024-06-01 09:47:32,647 - INFO - Epoch 0
2024-06-01 09:47:37,652 - INFO - Epoch: 0, , Task 0 acc: 90.1068, Task avg acc:90.1068
2024-06-01 09:47:37,653 - INFO - Epoch 1
2024-06-01 09:47:42,747 - INFO - Epoch: 1, , Task 0 acc: 95.2726, Task avg acc:95.2726
2024-06-01 09:47:42,748 - INFO - Epoch 2
2024-06-01 09:47:48,072 - INFO - Epoch: 2, , Task 0 acc: 96.9149, Task avg acc:96.9149
2024-06-01 09:47:48,073 - INFO - Epoch 3
2024-06-01 09:47:53,417 - INFO - Epoch: 3, , Task 0 acc: 98.8680, Task avg acc:98.8680
2024-06-01 09:47:54,050 - INFO - ##########Task 1##########
2024-06-01 09:47:54,051 - INFO - Epoch 0
2024-06-01 09:48:01,395 - INFO - Epoch: 0, , Task 0 acc: 4.2411, Task 1 acc: 92.3371, Task avg acc:48.2891
2024-06-01 09:48:01,396 - INFO - Epoch 1
2024-06-01 09:48:08,695 - INFO - Epoch: 1, , Task 0 acc: 5.2934, Task 1 acc: 93.3178, Task avg acc:49.3056
2024-06-01 09:48:08,696 - INFO - Epoch 2
2024-06-01 09:48:15,974 - INFO - Epoch: 2, , Task 0 acc: 7.6451, Task 1 acc: 94.8138, Task avg acc:51.2295
2024-06-01 09:48:15,975 - INFO - Epoch 3
2024-06-01 09:48:23,290 - INFO - Epoch: 3, , Task 0 acc: 8.3147, Task 1 acc: 94.7640, Task avg acc:51.5393
2024-06-01 09:48:23,891 - INFO - ##########Task 2##########
2024-06-01 09:48:23,891 - INFO - Epoch 0
2024-06-01 09:48:33,053 - INFO - Epoch: 0, , Task 0 acc: 1.6821, Task 1 acc: 11.1536, Task 2 acc: 88.0927, Task avg acc:33.6428
2024-06-01 09:48:33,054 - INFO - Epoch 1
2024-06-01 09:48:42,611 - INFO - Epoch: 1, , Task 0 acc: 0.6617, Task 1 acc: 5.2111, Task 2 acc: 94.5761, Task avg acc:33.4830
2024-06-01 09:48:42,613 - INFO - Epoch 2
2024-06-01 09:48:52,957 - INFO - Epoch: 2, , Task 0 acc: 0.3268, Task 1 acc: 4.6044, Task 2 acc: 95.6627, Task avg acc:33.5313
2024-06-01 09:48:52,958 - INFO - Epoch 3
2024-06-01 09:49:02,931 - INFO - Epoch: 3, , Task 0 acc: 0.2471, Task 1 acc: 4.2553, Task 2 acc: 95.4203, Task avg acc:33.3076
2024-06-01 09:49:03,629 - INFO - ##########Task 3##########
2024-06-01 09:49:03,630 - INFO - Epoch 0
2024-06-01 09:49:15,691 - INFO - Epoch: 0, , Task 0 acc: 0.1036, Task 1 acc: 1.0638, Task 2 acc: 72.8987, Task 3 acc: 85.4852, Task avg acc:39.8878
2024-06-01 09:49:15,692 - INFO - Epoch 1
2024-06-01 09:49:29,835 - INFO - Epoch: 1, , Task 0 acc: 0.0080, Task 1 acc: 0.0997, Task 2 acc: 44.9264, Task 3 acc: 97.7549, Task avg acc:35.6973
2024-06-01 09:49:29,835 - INFO - Epoch 2
2024-06-01 09:49:41,598 - INFO - Epoch: 2, , Task 0 acc: 0.0159, Task 1 acc: 0.0914, Task 2 acc: 38.6764, Task 3 acc: 98.7418, Task avg acc:34.3814
2024-06-01 09:49:41,599 - INFO - Epoch 3
2024-06-01 09:49:53,387 - INFO - Epoch: 3, , Task 0 acc: 0.0319, Task 1 acc: 0.1164, Task 2 acc: 37.4192, Task 3 acc: 98.9062, Task avg acc:34.1184
2024-06-01 09:49:54,024 - INFO - ##########Task 4##########
2024-06-01 09:49:54,024 - INFO - Epoch 0
2024-06-01 09:50:08,075 - INFO - Epoch: 0, , Task 0 acc: 0.0797, Task 1 acc: 0.1912, Task 2 acc: 48.3926, Task 3 acc: 98.0921, Task 4 acc: 0.2378, Task avg acc:29.3987
2024-06-01 09:50:08,076 - INFO - Epoch 1
2024-06-01 09:50:22,134 - INFO - Epoch: 1, , Task 0 acc: 0.0957, Task 1 acc: 0.3574, Task 2 acc: 53.1609, Task 3 acc: 96.8339, Task 4 acc: 5.3753, Task avg acc:31.1646
2024-06-01 09:50:22,135 - INFO - Epoch 2
2024-06-01 09:50:36,415 - INFO - Epoch: 2, , Task 0 acc: 0.1036, Task 1 acc: 0.3324, Task 2 acc: 49.9820, Task 3 acc: 92.6234, Task 4 acc: 24.2952, Task avg acc:33.4673
2024-06-01 09:50:36,416 - INFO - Epoch 3
2024-06-01 09:50:53,539 - INFO - Epoch: 3, , Task 0 acc: 0.1196, Task 1 acc: 0.1662, Task 2 acc: 41.5858, Task 3 acc: 86.1349, Task 4 acc: 44.7605, Task avg acc:34.5534
2024-06-01 09:57:08,596 - INFO - ##########Task 0##########
2024-06-01 09:57:08,596 - INFO - Epoch 0
2024-06-01 09:57:13,758 - INFO - Epoch: 0, , Task 0 acc: 87.3485, Task avg acc:87.3485
2024-06-01 09:57:13,759 - INFO - Epoch 1
2024-06-01 09:57:19,035 - INFO - Epoch: 1, , Task 0 acc: 95.4480, Task avg acc:95.4480
2024-06-01 09:57:19,035 - INFO - Epoch 2
2024-06-01 09:57:24,624 - INFO - Epoch: 2, , Task 0 acc: 98.7165, Task avg acc:98.7165
2024-06-01 09:57:24,625 - INFO - Epoch 3
2024-06-01 09:57:29,929 - INFO - Epoch: 3, , Task 0 acc: 98.4136, Task avg acc:98.4136
2024-06-01 09:57:30,669 - INFO - ##########Task 1##########
2024-06-01 09:57:30,669 - INFO - Epoch 0
2024-06-01 09:57:38,215 - INFO - Epoch: 0, , Task 0 acc: 2.1843, Task 1 acc: 95.2211, Task avg acc:48.7027
2024-06-01 09:57:38,216 - INFO - Epoch 1
2024-06-01 09:57:45,665 - INFO - Epoch: 1, , Task 0 acc: 5.0383, Task 1 acc: 94.2985, Task avg acc:49.6684
2024-06-01 09:57:45,666 - INFO - Epoch 2
2024-06-01 09:57:53,198 - INFO - Epoch: 2, , Task 0 acc: 4.9346, Task 1 acc: 95.0549, Task avg acc:49.9947
2024-06-01 09:57:53,198 - INFO - Epoch 3
2024-06-01 09:58:00,518 - INFO - Epoch: 3, , Task 0 acc: 1.6263, Task 1 acc: 94.6892, Task avg acc:48.1577
2024-06-01 09:58:01,102 - INFO - ##########Task 2##########
2024-06-01 09:58:01,102 - INFO - Epoch 0
2024-06-01 09:58:10,466 - INFO - Epoch: 0, , Task 0 acc: 0.0080, Task 1 acc: 22.7477, Task 2 acc: 90.6070, Task avg acc:37.7876
2024-06-01 09:58:10,466 - INFO - Epoch 1
2024-06-01 09:58:20,103 - INFO - Epoch: 1, , Task 0 acc: 0.0080, Task 1 acc: 14.8853, Task 2 acc: 93.1932, Task avg acc:36.0288
2024-06-01 09:58:20,104 - INFO - Epoch 2
2024-06-01 09:58:29,818 - INFO - Epoch: 2, , Task 0 acc: 0.0000, Task 1 acc: 11.5027, Task 2 acc: 94.9533, Task avg acc:35.4853
2024-06-01 09:58:29,819 - INFO - Epoch 3
2024-06-01 09:58:39,559 - INFO - Epoch: 3, , Task 0 acc: 0.0000, Task 1 acc: 12.7660, Task 2 acc: 95.2856, Task avg acc:36.0172
2024-06-01 09:58:40,244 - INFO - ##########Task 3##########
2024-06-01 09:58:40,245 - INFO - Epoch 0
2024-06-01 09:58:51,867 - INFO - Epoch: 0, , Task 0 acc: 0.0000, Task 1 acc: 13.8797, Task 2 acc: 83.1627, Task 3 acc: 66.5214, Task avg acc:40.8909
2024-06-01 09:58:51,869 - INFO - Epoch 1
2024-06-01 09:59:03,983 - INFO - Epoch: 1, , Task 0 acc: 0.0000, Task 1 acc: 4.0559, Task 2 acc: 56.1153, Task 3 acc: 93.7007, Task avg acc:38.4680
2024-06-01 09:59:03,983 - INFO - Epoch 2
2024-06-01 09:59:16,257 - INFO - Epoch: 2, , Task 0 acc: 0.0000, Task 1 acc: 2.9671, Task 2 acc: 46.1117, Task 3 acc: 96.8174, Task avg acc:36.4741
2024-06-01 09:59:16,258 - INFO - Epoch 3
2024-06-01 09:59:28,546 - INFO - Epoch: 3, , Task 0 acc: 0.0000, Task 1 acc: 3.9561, Task 2 acc: 48.2489, Task 3 acc: 97.4342, Task avg acc:37.4098
2024-06-01 09:59:29,201 - INFO - ##########Task 4##########
2024-06-01 09:59:29,202 - INFO - Epoch 0
2024-06-01 09:59:42,957 - INFO - Epoch: 0, , Task 0 acc: 0.0000, Task 1 acc: 8.4358, Task 2 acc: 56.3039, Task 3 acc: 96.1020, Task 4 acc: 24.5839, Task avg acc:37.0851
2024-06-01 09:59:42,957 - INFO - Epoch 1
2024-06-01 09:59:57,142 - INFO - Epoch: 1, , Task 0 acc: 0.0000, Task 1 acc: 10.0648, Task 2 acc: 50.6196, Task 3 acc: 92.6727, Task 4 acc: 47.5628, Task avg acc:40.1840
2024-06-01 09:59:57,143 - INFO - Epoch 2
2024-06-01 10:00:11,616 - INFO - Epoch: 2, , Task 0 acc: 0.0000, Task 1 acc: 8.4525, Task 2 acc: 38.1645, Task 3 acc: 86.0280, Task 4 acc: 65.8118, Task avg acc:39.6914
2024-06-01 10:00:11,617 - INFO - Epoch 3
2024-06-01 10:00:26,115 - INFO - Epoch: 3, , Task 0 acc: 0.0000, Task 1 acc: 7.5632, Task 2 acc: 27.4246, Task 3 acc: 77.5000, Task 4 acc: 74.9066, Task avg acc:37.4789
2024-06-01 10:50:34,748 - INFO - ##########Task 0##########
2024-06-01 10:50:34,749 - INFO - Epoch 0
2024-06-01 10:50:39,857 - INFO - Epoch: 0, , Task 0 acc: 99.3463, Task avg acc:99.3463
2024-06-01 10:50:39,858 - INFO - Epoch 1
2024-06-01 10:50:45,083 - INFO - Epoch: 1, , Task 0 acc: 98.8919, Task avg acc:98.8919
2024-06-01 10:50:45,084 - INFO - Epoch 2
2024-06-01 10:50:50,416 - INFO - Epoch: 2, , Task 0 acc: 98.1904, Task avg acc:98.1904
2024-06-01 10:50:50,417 - INFO - Epoch 3
2024-06-01 10:50:55,709 - INFO - Epoch: 3, , Task 0 acc: 98.5730, Task avg acc:98.5730
2024-06-01 10:50:56,350 - INFO - ##########Task 1##########
2024-06-01 10:50:56,351 - INFO - Epoch 0
2024-06-01 10:51:03,719 - INFO - Epoch: 0, , Task 0 acc: 3.9860, Task 1 acc: 94.3484, Task avg acc:49.1672
2024-06-01 10:51:03,720 - INFO - Epoch 1
2024-06-01 10:51:11,148 - INFO - Epoch: 1, , Task 0 acc: 1.9930, Task 1 acc: 92.6446, Task avg acc:47.3188
2024-06-01 10:51:11,149 - INFO - Epoch 2
2024-06-01 10:51:18,546 - INFO - Epoch: 2, , Task 0 acc: 1.4748, Task 1 acc: 95.4289, Task avg acc:48.4518
2024-06-01 10:51:18,546 - INFO - Epoch 3
2024-06-01 10:51:26,600 - INFO - Epoch: 3, , Task 0 acc: 2.8221, Task 1 acc: 94.3152, Task avg acc:48.5686
2024-06-01 10:51:27,219 - INFO - ##########Task 2##########
2024-06-01 10:51:27,219 - INFO - Epoch 0
2024-06-01 10:51:37,636 - INFO - Epoch: 0, , Task 0 acc: 0.2631, Task 1 acc: 7.9205, Task 2 acc: 86.9073, Task avg acc:31.6970
2024-06-01 10:51:37,636 - INFO - Epoch 1
2024-06-01 10:51:48,154 - INFO - Epoch: 1, , Task 0 acc: 0.1116, Task 1 acc: 4.9285, Task 2 acc: 91.6128, Task avg acc:32.2176
2024-06-01 10:51:48,155 - INFO - Epoch 2
2024-06-01 10:51:57,859 - INFO - Epoch: 2, , Task 0 acc: 0.0877, Task 1 acc: 5.2360, Task 2 acc: 94.6570, Task avg acc:33.3269
2024-06-01 10:51:57,860 - INFO - Epoch 3
2024-06-01 10:52:07,585 - INFO - Epoch: 3, , Task 0 acc: 0.2392, Task 1 acc: 6.5658, Task 2 acc: 95.7346, Task avg acc:34.1798
2024-06-01 10:52:08,245 - INFO - ##########Task 3##########
2024-06-01 10:52:08,245 - INFO - Epoch 0
2024-06-01 10:52:24,296 - INFO - Epoch: 0, , Task 0 acc: 0.4066, Task 1 acc: 11.1619, Task 2 acc: 84.2044, Task 3 acc: 50.0411, Task avg acc:36.4535
2024-06-01 10:52:24,297 - INFO - Epoch 1
2024-06-01 10:52:36,270 - INFO - Epoch: 1, , Task 0 acc: 0.0478, Task 1 acc: 6.4744, Task 2 acc: 59.6085, Task 3 acc: 93.1168, Task avg acc:39.8119
2024-06-01 10:52:36,270 - INFO - Epoch 2
2024-06-01 10:52:49,451 - INFO - Epoch: 2, , Task 0 acc: 0.0399, Task 1 acc: 4.3717, Task 2 acc: 43.7769, Task 3 acc: 97.0806, Task avg acc:36.3173
2024-06-01 10:52:49,452 - INFO - Epoch 3
2024-06-01 10:53:03,025 - INFO - Epoch: 3, , Task 0 acc: 0.0877, Task 1 acc: 3.8647, Task 2 acc: 37.4461, Task 3 acc: 98.2319, Task avg acc:34.9076
2024-06-01 10:53:03,702 - INFO - ##########Task 4##########
2024-06-01 10:53:03,702 - INFO - Epoch 0
2024-06-01 10:53:18,340 - INFO - Epoch: 0, , Task 0 acc: 0.3348, Task 1 acc: 7.3886, Task 2 acc: 53.3585, Task 3 acc: 96.3816, Task 4 acc: 9.9864, Task avg acc:33.4900
2024-06-01 10:53:18,340 - INFO - Epoch 1
2024-06-01 10:53:32,264 - INFO - Epoch: 1, , Task 0 acc: 0.3667, Task 1 acc: 7.6878, Task 2 acc: 54.6516, Task 3 acc: 93.4211, Task 4 acc: 25.8322, Task avg acc:36.3919
2024-06-01 10:53:32,265 - INFO - Epoch 2
2024-06-01 10:53:46,618 - INFO - Epoch: 2, , Task 0 acc: 0.3189, Task 1 acc: 6.3996, Task 2 acc: 52.0833, Task 3 acc: 90.6579, Task 4 acc: 40.1834, Task avg acc:37.9286
2024-06-01 10:53:46,619 - INFO - Epoch 3
2024-06-01 10:54:01,006 - INFO - Epoch: 3, , Task 0 acc: 0.1993, Task 1 acc: 4.9451, Task 2 acc: 47.5844, Task 3 acc: 86.3816, Task 4 acc: 53.0486, Task avg acc:38.4318
2024-06-01 10:55:22,016 - INFO - ##########Task 0##########
2024-06-01 10:55:22,017 - INFO - Epoch 0
2024-06-01 10:55:28,104 - INFO - Epoch: 0, , Task 0 acc: 89.5328, Task avg acc:89.5328
2024-06-01 10:55:28,105 - INFO - Epoch 1
2024-06-01 10:55:33,625 - INFO - Epoch: 1, , Task 0 acc: 89.5169, Task avg acc:89.5169
2024-06-01 10:55:33,626 - INFO - Epoch 2
2024-06-01 10:55:39,417 - INFO - Epoch: 2, , Task 0 acc: 94.0131, Task avg acc:94.0131
2024-06-01 10:55:39,418 - INFO - Epoch 3
2024-06-01 10:55:44,950 - INFO - Epoch: 3, , Task 0 acc: 97.1540, Task avg acc:97.1540
2024-06-01 10:55:45,637 - INFO - ##########Task 1##########
2024-06-01 10:55:45,637 - INFO - Epoch 0
2024-06-01 10:56:16,062 - INFO - ##########Task 0##########
2024-06-01 10:56:16,063 - INFO - Epoch 0
2024-06-01 10:56:21,306 - INFO - Epoch: 0, , Task 0 acc: 83.2669, Task avg acc:83.2669
2024-06-01 10:56:21,306 - INFO - Epoch 1
2024-06-01 10:56:26,384 - INFO - Epoch: 1, , Task 0 acc: 74.8964, Task avg acc:74.8964
2024-06-01 10:56:26,385 - INFO - Epoch 2
2024-06-01 10:56:31,558 - INFO - Epoch: 2, , Task 0 acc: 78.9860, Task avg acc:78.9860
2024-06-01 10:56:31,559 - INFO - Epoch 3
2024-06-01 10:56:36,893 - INFO - Epoch: 3, , Task 0 acc: 85.1802, Task avg acc:85.1802
2024-06-01 10:56:37,561 - INFO - ##########Task 1##########
2024-06-01 10:56:37,562 - INFO - Epoch 0
2024-06-01 10:59:17,886 - INFO - ##########Task 0##########
2024-06-01 10:59:17,887 - INFO - Epoch 0
2024-06-01 10:59:22,658 - INFO - Epoch: 0, , Task 0 acc: 83.1473, Task avg acc:83.1473
2024-06-01 10:59:22,658 - INFO - Epoch 1
2024-06-01 10:59:27,409 - INFO - Epoch: 1, , Task 0 acc: 86.5593, Task avg acc:86.5593
2024-06-01 10:59:27,409 - INFO - Epoch 2
2024-06-01 10:59:32,129 - INFO - Epoch: 2, , Task 0 acc: 94.4994, Task avg acc:94.4994
2024-06-01 10:59:32,130 - INFO - Epoch 3
2024-06-01 10:59:36,858 - INFO - Epoch: 3, , Task 0 acc: 96.3170, Task avg acc:96.3170
2024-06-01 10:59:37,241 - INFO - ##########Task 1##########
2024-06-01 10:59:37,242 - INFO - Epoch 0
2024-06-01 10:59:45,035 - INFO - Epoch: 0, , Task 0 acc: 71.1974, Task 1 acc: 87.4501, Task avg acc:79.3238
2024-06-01 10:59:45,036 - INFO - Epoch 1
2024-06-01 10:59:53,476 - INFO - Epoch: 1, , Task 0 acc: 73.7404, Task 1 acc: 86.5359, Task avg acc:80.1382
2024-06-01 10:59:53,477 - INFO - Epoch 2
2024-06-01 11:00:01,596 - INFO - Epoch: 2, , Task 0 acc: 69.0370, Task 1 acc: 83.1366, Task avg acc:76.0868
2024-06-01 11:00:01,596 - INFO - Epoch 3
2024-06-01 11:00:09,748 - INFO - Epoch: 3, , Task 0 acc: 72.0743, Task 1 acc: 86.9598, Task avg acc:79.5170
2024-06-01 11:00:10,133 - INFO - ##########Task 2##########
2024-06-01 11:00:10,133 - INFO - Epoch 0
2024-06-01 11:00:18,622 - INFO - Epoch: 0, , Task 0 acc: 0.5660, Task 1 acc: 72.8142, Task 2 acc: 59.1685, Task avg acc:44.1829
2024-06-01 11:00:18,622 - INFO - Epoch 1
2024-06-01 11:00:27,125 - INFO - Epoch: 1, , Task 0 acc: 0.0877, Task 1 acc: 43.5588, Task 2 acc: 89.2421, Task avg acc:44.2962
2024-06-01 11:00:27,126 - INFO - Epoch 2
2024-06-01 11:00:36,062 - INFO - Epoch: 2, , Task 0 acc: 0.1515, Task 1 acc: 44.5645, Task 2 acc: 91.0471, Task avg acc:45.2543
2024-06-01 11:00:36,063 - INFO - Epoch 3
2024-06-01 11:00:45,698 - INFO - Epoch: 3, , Task 0 acc: 0.1834, Task 1 acc: 42.0961, Task 2 acc: 92.6545, Task avg acc:44.9780
2024-06-01 11:00:46,092 - INFO - ##########Task 3##########
2024-06-01 11:00:46,092 - INFO - Epoch 0
2024-06-01 11:00:58,926 - INFO - Epoch: 0, , Task 0 acc: 0.1515, Task 1 acc: 26.8451, Task 2 acc: 93.2202, Task 3 acc: 16.3322, Task avg acc:34.1372
2024-06-01 11:00:58,926 - INFO - Epoch 1
2024-06-01 11:01:11,179 - INFO - Epoch: 1, , Task 0 acc: 0.0159, Task 1 acc: 11.5525, Task 2 acc: 86.1081, Task 3 acc: 76.7763, Task avg acc:43.6132
2024-06-01 11:01:11,179 - INFO - Epoch 2
2024-06-01 11:01:24,236 - INFO - Epoch: 2, , Task 0 acc: 0.0080, Task 1 acc: 6.8650, Task 2 acc: 80.0557, Task 3 acc: 86.6530, Task avg acc:43.3954
2024-06-01 11:01:24,237 - INFO - Epoch 3
2024-06-01 11:01:39,038 - INFO - Epoch: 3, , Task 0 acc: 0.0159, Task 1 acc: 5.7846, Task 2 acc: 78.7536, Task 3 acc: 89.0872, Task avg acc:43.4103
2024-06-01 11:01:39,490 - INFO - ##########Task 4##########
2024-06-01 11:01:39,491 - INFO - Epoch 0
2024-06-01 11:01:54,097 - INFO - Epoch: 0, , Task 0 acc: 0.0080, Task 1 acc: 4.8122, Task 2 acc: 75.0000, Task 3 acc: 91.7105, Task 4 acc: 2.3183, Task avg acc:34.7698
2024-06-01 11:01:54,098 - INFO - Epoch 1
2024-06-01 11:02:08,235 - INFO - Epoch: 1, , Task 0 acc: 0.0080, Task 1 acc: 5.0366, Task 2 acc: 71.0040, Task 3 acc: 92.4589, Task 4 acc: 8.2116, Task avg acc:35.3438
2024-06-01 11:02:08,236 - INFO - Epoch 2
2024-06-01 11:02:22,057 - INFO - Epoch: 2, , Task 0 acc: 0.0159, Task 1 acc: 4.9618, Task 2 acc: 67.8700, Task 3 acc: 92.0559, Task 4 acc: 15.5656, Task avg acc:36.0938
2024-06-01 11:02:22,057 - INFO - Epoch 3
2024-06-01 11:02:36,794 - INFO - Epoch: 3, , Task 0 acc: 0.0159, Task 1 acc: 4.4880, Task 2 acc: 66.4422, Task 3 acc: 91.4967, Task 4 acc: 22.9620, Task avg acc:37.0810
2024-06-01 11:04:37,846 - INFO - ##########Task 0##########
2024-06-01 11:04:37,847 - INFO - Epoch 0
2024-06-01 11:04:43,001 - INFO - Epoch: 0, , Task 0 acc: 88.2015, Task avg acc:88.2015
2024-06-01 11:04:43,002 - INFO - Epoch 1
2024-06-01 11:04:48,112 - INFO - Epoch: 1, , Task 0 acc: 92.9847, Task avg acc:92.9847
2024-06-01 11:04:48,113 - INFO - Epoch 2
2024-06-01 11:04:53,229 - INFO - Epoch: 2, , Task 0 acc: 97.2258, Task avg acc:97.2258
2024-06-01 11:04:53,230 - INFO - Epoch 3
2024-06-01 11:04:58,239 - INFO - Epoch: 3, , Task 0 acc: 97.2895, Task avg acc:97.2895
2024-06-01 11:04:59,031 - INFO - ##########Task 1##########
2024-06-01 11:04:59,031 - INFO - Epoch 0
2024-06-01 11:05:05,979 - INFO - Epoch: 0, , Task 0 acc: 59.3351, Task 1 acc: 78.5073, Task avg acc:68.9212
2024-06-01 11:05:05,980 - INFO - Epoch 1
2024-06-01 11:05:12,908 - INFO - Epoch: 1, , Task 0 acc: 87.6435, Task 1 acc: 82.9787, Task avg acc:85.3111
2024-06-01 11:05:12,909 - INFO - Epoch 2
2024-06-01 11:05:19,877 - INFO - Epoch: 2, , Task 0 acc: 68.4391, Task 1 acc: 88.5472, Task avg acc:78.4932
2024-06-01 11:05:19,878 - INFO - Epoch 3
2024-06-01 11:05:26,844 - INFO - Epoch: 3, , Task 0 acc: 72.9990, Task 1 acc: 89.3285, Task avg acc:81.1638
2024-06-01 11:05:27,597 - INFO - ##########Task 2##########
2024-06-01 11:05:27,598 - INFO - Epoch 0
2024-06-01 11:05:36,259 - INFO - Epoch: 0, , Task 0 acc: 3.2127, Task 1 acc: 71.9830, Task 2 acc: 62.3473, Task avg acc:45.8477
2024-06-01 11:05:36,260 - INFO - Epoch 1
2024-06-01 11:05:44,956 - INFO - Epoch: 1, , Task 0 acc: 0.4544, Task 1 acc: 46.8999, Task 2 acc: 87.2575, Task avg acc:44.8706
2024-06-01 11:05:44,956 - INFO - Epoch 2
2024-06-01 11:05:54,100 - INFO - Epoch: 2, , Task 0 acc: 0.3986, Task 1 acc: 45.4039, Task 2 acc: 88.2364, Task avg acc:44.6796
2024-06-01 11:05:54,100 - INFO - Epoch 3
2024-06-01 11:06:03,264 - INFO - Epoch: 3, , Task 0 acc: 0.5580, Task 1 acc: 44.3650, Task 2 acc: 89.3678, Task avg acc:44.7636
2024-06-01 11:06:04,044 - INFO - ##########Task 3##########
2024-06-01 11:06:04,045 - INFO - Epoch 0
2024-06-01 11:06:15,066 - INFO - Epoch: 0, , Task 0 acc: 0.1435, Task 1 acc: 32.8042, Task 2 acc: 91.7026, Task 3 acc: 18.9556, Task avg acc:35.9015
2024-06-01 11:06:15,067 - INFO - Epoch 1
2024-06-01 11:06:26,111 - INFO - Epoch: 1, , Task 0 acc: 0.0159, Task 1 acc: 19.7889, Task 2 acc: 88.3531, Task 3 acc: 56.6365, Task avg acc:41.1986
2024-06-01 11:06:26,112 - INFO - Epoch 2
2024-06-01 11:06:37,160 - INFO - Epoch: 2, , Task 0 acc: 0.0000, Task 1 acc: 12.4335, Task 2 acc: 82.5611, Task 3 acc: 82.0312, Task avg acc:44.2565
2024-06-01 11:06:37,161 - INFO - Epoch 3
2024-06-01 11:06:48,677 - INFO - Epoch: 3, , Task 0 acc: 0.0000, Task 1 acc: 10.0981, Task 2 acc: 80.2802, Task 3 acc: 87.6645, Task avg acc:44.5107
2024-06-01 11:06:49,466 - INFO - ##########Task 4##########
2024-06-01 11:06:49,467 - INFO - Epoch 0
2024-06-01 11:07:03,828 - INFO - Epoch: 0, , Task 0 acc: 0.0319, Task 1 acc: 10.1646, Task 2 acc: 78.7177, Task 3 acc: 90.5921, Task 4 acc: 2.1399, Task avg acc:36.3292
2024-06-01 11:07:03,828 - INFO - Epoch 1
2024-06-01 11:07:17,144 - INFO - Epoch: 1, , Task 0 acc: 0.0717, Task 1 acc: 12.1426, Task 2 acc: 78.1609, Task 3 acc: 91.0691, Task 4 acc: 9.6552, Task avg acc:38.2199
2024-06-01 11:07:17,145 - INFO - Epoch 2
2024-06-01 11:07:30,397 - INFO - Epoch: 2, , Task 0 acc: 0.0717, Task 1 acc: 13.1815, Task 2 acc: 77.0474, Task 3 acc: 91.0938, Task 4 acc: 20.3380, Task avg acc:40.3465
2024-06-01 11:07:30,398 - INFO - Epoch 3
2024-06-01 11:07:43,775 - INFO - Epoch: 3, , Task 0 acc: 0.0797, Task 1 acc: 12.9239, Task 2 acc: 75.5747, Task 3 acc: 91.2747, Task 4 acc: 26.6644, Task avg acc:41.3035
2024-06-01 12:35:54,045 - INFO - ##########Task 0##########
2024-06-01 12:35:54,046 - INFO - Epoch 0
2024-06-01 12:35:58,950 - INFO - Epoch: 0, , Task 0 acc: 91.2229, Task avg acc:91.2229
2024-06-01 12:35:58,951 - INFO - Epoch 1
2024-06-01 12:36:03,985 - INFO - Epoch: 1, , Task 0 acc: 95.9263, Task avg acc:95.9263
2024-06-01 12:36:03,986 - INFO - Epoch 2
2024-06-01 12:36:08,990 - INFO - Epoch: 2, , Task 0 acc: 97.1700, Task avg acc:97.1700
2024-06-01 12:36:08,991 - INFO - Epoch 3
2024-06-01 12:36:14,078 - INFO - Epoch: 3, , Task 0 acc: 98.2541, Task avg acc:98.2541
2024-06-01 12:36:14,849 - INFO - ##########Task 1##########
2024-06-01 12:36:14,850 - INFO - Epoch 0
2024-06-01 12:36:21,853 - INFO - Epoch: 0, , Task 0 acc: 80.0622, Task 1 acc: 89.9019, Task avg acc:84.9821
2024-06-01 12:36:21,853 - INFO - Epoch 1
2024-06-01 12:36:28,765 - INFO - Epoch: 1, , Task 0 acc: 76.3233, Task 1 acc: 90.9491, Task avg acc:83.6362
2024-06-01 12:36:28,766 - INFO - Epoch 2
2024-06-01 12:36:35,684 - INFO - Epoch: 2, , Task 0 acc: 83.0038, Task 1 acc: 90.3923, Task avg acc:86.6981
2024-06-01 12:36:35,685 - INFO - Epoch 3
2024-06-01 12:36:42,690 - INFO - Epoch: 3, , Task 0 acc: 85.7302, Task 1 acc: 90.4837, Task avg acc:88.1070
2024-06-01 12:36:43,423 - INFO - ##########Task 2##########
2024-06-01 12:36:43,424 - INFO - Epoch 0
2024-06-01 12:36:52,120 - INFO - Epoch: 0, , Task 0 acc: 1.2516, Task 1 acc: 56.1669, Task 2 acc: 83.4501, Task avg acc:46.9562
2024-06-01 12:36:52,121 - INFO - Epoch 1
2024-06-01 12:37:00,925 - INFO - Epoch: 1, , Task 0 acc: 0.7733, Task 1 acc: 33.1782, Task 2 acc: 90.5891, Task avg acc:41.5135
2024-06-01 12:37:00,925 - INFO - Epoch 2
2024-06-01 12:37:10,107 - INFO - Epoch: 2, , Task 0 acc: 0.4305, Task 1 acc: 35.5552, Task 2 acc: 91.1279, Task avg acc:42.3712
2024-06-01 12:37:10,108 - INFO - Epoch 3
2024-06-01 12:37:19,252 - INFO - Epoch: 3, , Task 0 acc: 0.1435, Task 1 acc: 33.9013, Task 2 acc: 91.6487, Task avg acc:41.8978
2024-06-01 12:37:20,023 - INFO - ##########Task 3##########
2024-06-01 12:37:20,024 - INFO - Epoch 0
2024-06-01 12:37:31,414 - INFO - Epoch: 0, , Task 0 acc: 0.1276, Task 1 acc: 20.5618, Task 2 acc: 93.7231, Task 3 acc: 8.6760, Task avg acc:30.7721
2024-06-01 12:37:31,415 - INFO - Epoch 1
2024-06-01 12:37:43,393 - INFO - Epoch: 1, , Task 0 acc: 0.0159, Task 1 acc: 12.1426, Task 2 acc: 91.6038, Task 3 acc: 52.8043, Task avg acc:39.1417
2024-06-01 12:37:43,393 - INFO - Epoch 2
2024-06-01 12:37:54,597 - INFO - Epoch: 2, , Task 0 acc: 0.0000, Task 1 acc: 8.3444, Task 2 acc: 89.1074, Task 3 acc: 73.2648, Task avg acc:42.6792
2024-06-01 12:37:54,598 - INFO - Epoch 3
2024-06-01 12:38:06,353 - INFO - Epoch: 3, , Task 0 acc: 0.0000, Task 1 acc: 6.9564, Task 2 acc: 86.4314, Task 3 acc: 80.4688, Task avg acc:43.4641
2024-06-01 12:38:07,219 - INFO - ##########Task 4##########
2024-06-01 12:38:07,220 - INFO - Epoch 0
2024-06-01 12:38:20,449 - INFO - Epoch: 0, , Task 0 acc: 0.0319, Task 1 acc: 6.8900, Task 2 acc: 86.4224, Task 3 acc: 85.6250, Task 4 acc: 0.1189, Task avg acc:35.8176
2024-06-01 12:38:20,450 - INFO - Epoch 1
2024-06-01 12:38:33,622 - INFO - Epoch: 1, , Task 0 acc: 0.0399, Task 1 acc: 7.6712, Task 2 acc: 86.4494, Task 3 acc: 87.3109, Task 4 acc: 0.9511, Task avg acc:36.4845
2024-06-01 12:38:33,623 - INFO - Epoch 2
2024-06-01 12:38:46,754 - INFO - Epoch: 2, , Task 0 acc: 0.0399, Task 1 acc: 8.4608, Task 2 acc: 85.9734, Task 3 acc: 88.6102, Task 4 acc: 3.7024, Task avg acc:37.3573
2024-06-01 12:38:46,755 - INFO - Epoch 3
2024-06-01 12:39:00,390 - INFO - Epoch: 3, , Task 0 acc: 0.0319, Task 1 acc: 8.2447, Task 2 acc: 85.0305, Task 3 acc: 89.0461, Task 4 acc: 8.4749, Task avg acc:38.1656
2024-06-01 13:09:07,959 - INFO - ##########Task 0##########
2024-06-01 13:09:07,960 - INFO - Epoch 0
2024-06-01 13:09:13,686 - INFO - Epoch: 0, , Task 0 acc: 97.2577, Task avg acc:97.2577
2024-06-01 13:09:13,687 - INFO - Epoch 1
2024-06-01 13:09:19,385 - INFO - Epoch: 1, , Task 0 acc: 92.5702, Task avg acc:92.5702
2024-06-01 13:09:19,386 - INFO - Epoch 2
2024-06-01 13:09:28,699 - INFO - ##########Task 0##########
2024-06-01 13:09:28,699 - INFO - Epoch 0
2024-06-01 13:09:34,530 - INFO - Epoch: 0, , Task 0 acc: 96.8511, Task avg acc:96.8511
2024-06-01 13:09:34,530 - INFO - Epoch 1
2024-06-01 13:09:40,248 - INFO - Epoch: 1, , Task 0 acc: 91.6374, Task avg acc:91.6374
2024-06-01 13:09:40,249 - INFO - Epoch 2
2024-06-01 13:09:45,401 - INFO - Epoch: 2, , Task 0 acc: 99.2746, Task avg acc:99.2746
2024-06-01 13:09:45,401 - INFO - Epoch 3
2024-06-01 13:09:50,435 - INFO - Epoch: 3, , Task 0 acc: 97.8635, Task avg acc:97.8635
2024-06-01 13:09:50,593 - INFO - ##########Task 1##########
2024-06-01 13:09:50,594 - INFO - Epoch 0
2024-06-01 13:09:58,394 - INFO - Epoch: 0, , Task 0 acc: 87.5159, Task 1 acc: 0.0000, Task avg acc:43.7580
2024-06-01 13:09:58,395 - INFO - Epoch 1
2024-06-01 13:10:05,854 - INFO - Epoch: 1, , Task 0 acc: 44.2203, Task 1 acc: 0.0000, Task avg acc:22.1102
2024-06-01 13:10:05,855 - INFO - Epoch 2
2024-06-01 13:10:13,374 - INFO - Epoch: 2, , Task 0 acc: 39.1661, Task 1 acc: 0.0665, Task avg acc:19.6163
2024-06-01 13:10:13,375 - INFO - Epoch 3
2024-06-01 13:10:20,949 - INFO - Epoch: 3, , Task 0 acc: 41.5816, Task 1 acc: 0.0000, Task avg acc:20.7908
2024-06-01 13:10:21,102 - INFO - ##########Task 2##########
2024-06-01 13:10:21,103 - INFO - Epoch 0
2024-06-01 13:10:58,920 - INFO - ##########Task 0##########
2024-06-01 13:10:58,920 - INFO - Epoch 0
2024-06-01 13:11:04,597 - INFO - Epoch: 0, , Task 0 acc: 94.2283, Task avg acc:94.2283
2024-06-01 13:11:04,598 - INFO - Epoch 1
2024-06-01 13:11:09,705 - INFO - Epoch: 1, , Task 0 acc: 96.3249, Task avg acc:96.3249
2024-06-01 13:11:09,706 - INFO - Epoch 2
2024-06-01 13:11:14,750 - INFO - Epoch: 2, , Task 0 acc: 98.1824, Task avg acc:98.1824
2024-06-01 13:11:14,751 - INFO - Epoch 3
2024-06-01 13:11:19,784 - INFO - Epoch: 3, , Task 0 acc: 99.4180, Task avg acc:99.4180
2024-06-01 13:11:20,101 - INFO - ##########Task 1##########
2024-06-01 13:11:20,101 - INFO - Epoch 0
2024-06-01 13:11:27,092 - INFO - Epoch: 0, , Task 0 acc: 94.7624, Task 1 acc: 0.0499, Task avg acc:47.4062
2024-06-01 13:11:27,093 - INFO - Epoch 1
2024-06-01 13:11:34,725 - INFO - Epoch: 1, , Task 0 acc: 95.2009, Task 1 acc: 0.1080, Task avg acc:47.6545
2024-06-01 13:11:34,726 - INFO - Epoch 2
2024-06-01 13:11:42,480 - INFO - Epoch: 2, , Task 0 acc: 93.5507, Task 1 acc: 1.1802, Task avg acc:47.3654
2024-06-01 13:11:42,481 - INFO - Epoch 3
2024-06-01 13:11:49,811 - INFO - Epoch: 3, , Task 0 acc: 93.7580, Task 1 acc: 0.5070, Task avg acc:47.1325
2024-06-01 13:11:50,074 - INFO - ##########Task 2##########
2024-06-01 13:11:50,074 - INFO - Epoch 0
2024-06-01 13:11:59,116 - INFO - Epoch: 0, , Task 0 acc: 0.0000, Task 1 acc: 49.2769, Task 2 acc: 0.0000, Task avg acc:16.4256
2024-06-01 13:11:59,117 - INFO - Epoch 1
2024-06-01 13:12:12,559 - INFO - ##########Task 0##########
2024-06-01 13:12:12,559 - INFO - Epoch 0
2024-06-01 13:12:17,946 - INFO - Epoch: 0, , Task 0 acc: 86.5753, Task avg acc:86.5753
2024-06-01 13:12:17,947 - INFO - Epoch 1
2024-06-01 13:12:22,736 - INFO - Epoch: 1, , Task 0 acc: 92.0041, Task avg acc:92.0041
2024-06-01 13:12:22,738 - INFO - Epoch 2
2024-06-01 13:12:27,639 - INFO - Epoch: 2, , Task 0 acc: 96.4286, Task avg acc:96.4286
2024-06-01 13:12:27,640 - INFO - Epoch 3
2024-06-01 13:12:32,392 - INFO - Epoch: 3, , Task 0 acc: 97.1381, Task avg acc:97.1381
2024-06-01 13:12:32,645 - INFO - ##########Task 1##########
2024-06-01 13:12:32,645 - INFO - Epoch 0
2024-06-01 13:12:40,658 - INFO - Epoch: 0, , Task 0 acc: 96.9069, Task 1 acc: 0.0997, Task avg acc:48.5033
2024-06-01 13:12:40,659 - INFO - Epoch 1
2024-06-01 13:12:48,596 - INFO - Epoch: 1, , Task 0 acc: 96.7076, Task 1 acc: 0.1330, Task avg acc:48.4203
2024-06-01 13:12:48,597 - INFO - Epoch 2
2024-06-01 13:12:56,198 - INFO - Epoch: 2, , Task 0 acc: 94.1327, Task 1 acc: 0.1413, Task avg acc:47.1370
2024-06-01 13:12:56,198 - INFO - Epoch 3
2024-06-01 13:13:04,482 - INFO - Epoch: 3, , Task 0 acc: 92.2034, Task 1 acc: 0.1164, Task avg acc:46.1599
2024-06-01 13:13:04,924 - INFO - ##########Task 2##########
2024-06-01 13:13:04,925 - INFO - Epoch 0
2024-06-01 13:13:15,639 - INFO - Epoch: 0, , Task 0 acc: 0.0000, Task 1 acc: 81.6905, Task 2 acc: 0.0000, Task avg acc:27.2302
2024-06-01 13:13:15,640 - INFO - Epoch 1
2024-06-01 13:13:22,282 - INFO - ##########Task 0##########
2024-06-01 13:13:22,283 - INFO - Epoch 0
2024-06-01 13:13:28,135 - INFO - Epoch: 0, , Task 0 acc: 82.2784, Task avg acc:82.2784
2024-06-01 13:13:28,136 - INFO - Epoch 1
2024-06-01 13:13:33,559 - INFO - Epoch: 1, , Task 0 acc: 97.2178, Task avg acc:97.2178
2024-06-01 13:13:33,560 - INFO - Epoch 2
2024-06-01 13:13:38,880 - INFO - Epoch: 2, , Task 0 acc: 98.9477, Task avg acc:98.9477
2024-06-01 13:13:38,881 - INFO - Epoch 3
2024-06-01 13:13:44,041 - INFO - Epoch: 3, , Task 0 acc: 98.7803, Task avg acc:98.7803
2024-06-01 13:13:44,357 - INFO - ##########Task 1##########
2024-06-01 13:13:44,357 - INFO - Epoch 0
2024-06-01 13:13:52,045 - INFO - Epoch: 0, , Task 0 acc: 96.4206, Task 1 acc: 1.4960, Task avg acc:48.9583
2024-06-01 13:13:52,046 - INFO - Epoch 1
2024-06-01 13:13:59,424 - INFO - Epoch: 1, , Task 0 acc: 95.5915, Task 1 acc: 1.6955, Task avg acc:48.6435
2024-06-01 13:13:59,425 - INFO - Epoch 2
2024-06-01 13:14:07,472 - INFO - Epoch: 2, , Task 0 acc: 94.7545, Task 1 acc: 6.0339, Task avg acc:50.3942
2024-06-01 13:14:07,473 - INFO - Epoch 3
2024-06-01 13:14:15,437 - INFO - Epoch: 3, , Task 0 acc: 95.0893, Task 1 acc: 1.4046, Task avg acc:48.2469
2024-06-01 13:14:15,843 - INFO - ##########Task 2##########
2024-06-01 13:14:15,844 - INFO - Epoch 0
2024-06-01 13:14:25,128 - INFO - Epoch: 0, , Task 0 acc: 0.0000, Task 1 acc: 66.8966, Task 2 acc: 0.0000, Task avg acc:22.2989
2024-06-01 13:14:25,128 - INFO - Epoch 1
2024-06-01 13:14:33,358 - INFO - ##########Task 0##########
2024-06-01 13:14:33,359 - INFO - Epoch 0
2024-06-01 13:14:38,322 - INFO - Epoch: 0, , Task 0 acc: 94.8262, Task avg acc:94.8262
2024-06-01 13:14:38,323 - INFO - Epoch 1
2024-06-01 13:14:43,094 - INFO - Epoch: 1, , Task 0 acc: 86.9978, Task avg acc:86.9978
2024-06-01 13:14:43,094 - INFO - Epoch 2
2024-06-01 13:14:47,839 - INFO - Epoch: 2, , Task 0 acc: 97.0982, Task avg acc:97.0982
2024-06-01 13:14:47,840 - INFO - Epoch 3
2024-06-01 13:14:52,684 - INFO - Epoch: 3, , Task 0 acc: 97.2417, Task avg acc:97.2417
2024-06-01 13:14:53,007 - INFO - ##########Task 1##########
2024-06-01 13:14:53,008 - INFO - Epoch 0
2024-06-01 13:15:00,195 - INFO - Epoch: 0, , Task 0 acc: 60.8817, Task 1 acc: 46.3098, Task avg acc:53.5958
2024-06-01 13:15:00,195 - INFO - Epoch 1
2024-06-01 13:15:07,261 - INFO - Epoch: 1, , Task 0 acc: 69.6110, Task 1 acc: 43.7832, Task avg acc:56.6971
2024-06-01 13:15:07,262 - INFO - Epoch 2
2024-06-01 13:15:14,277 - INFO - Epoch: 2, , Task 0 acc: 73.2063, Task 1 acc: 42.0628, Task avg acc:57.6346
2024-06-01 13:15:14,278 - INFO - Epoch 3
2024-06-01 13:15:21,144 - INFO - Epoch: 3, , Task 0 acc: 74.4180, Task 1 acc: 47.1991, Task avg acc:60.8086
2024-06-01 13:15:21,406 - INFO - ##########Task 2##########
2024-06-01 13:15:21,407 - INFO - Epoch 0
2024-06-01 13:15:30,165 - INFO - Epoch: 0, , Task 0 acc: 0.2232, Task 1 acc: 15.7663, Task 2 acc: 85.7938, Task avg acc:33.9278
2024-06-01 13:15:30,166 - INFO - Epoch 1
2024-06-01 13:15:38,778 - INFO - Epoch: 1, , Task 0 acc: 0.0638, Task 1 acc: 19.7723, Task 2 acc: 85.0126, Task avg acc:34.9495
2024-06-01 13:15:38,779 - INFO - Epoch 2
2024-06-01 13:15:47,856 - INFO - Epoch: 2, , Task 0 acc: 0.0080, Task 1 acc: 17.9272, Task 2 acc: 87.8323, Task avg acc:35.2558
2024-06-01 13:15:47,857 - INFO - Epoch 3
2024-06-01 13:15:57,152 - INFO - Epoch: 3, , Task 0 acc: 0.0478, Task 1 acc: 19.4731, Task 2 acc: 89.2511, Task avg acc:36.2573
2024-06-01 13:15:57,499 - INFO - ##########Task 3##########
2024-06-01 13:15:57,500 - INFO - Epoch 0
2024-06-01 13:16:09,145 - INFO - Epoch: 0, , Task 0 acc: 0.0000, Task 1 acc: 17.8773, Task 2 acc: 79.5797, Task 3 acc: 11.6365, Task avg acc:27.2734
2024-06-01 13:16:09,146 - INFO - Epoch 1
2024-06-01 13:16:21,035 - INFO - Epoch: 1, , Task 0 acc: 0.0000, Task 1 acc: 8.1366, Task 2 acc: 82.9113, Task 3 acc: 23.5280, Task avg acc:28.6440
2024-06-01 13:16:21,035 - INFO - Epoch 2
2024-06-01 13:16:32,793 - INFO - Epoch: 2, , Task 0 acc: 0.0000, Task 1 acc: 4.7291, Task 2 acc: 84.0697, Task 3 acc: 26.9408, Task avg acc:28.9349
2024-06-01 13:16:32,795 - INFO - Epoch 3
2024-06-01 13:16:44,141 - INFO - Epoch: 3, , Task 0 acc: 0.0000, Task 1 acc: 3.8730, Task 2 acc: 83.8003, Task 3 acc: 28.0921, Task avg acc:28.9413
2024-06-01 13:16:44,450 - INFO - ##########Task 4##########
2024-06-01 13:16:44,451 - INFO - Epoch 0
2024-06-01 13:16:57,898 - INFO - Epoch: 0, , Task 0 acc: 0.0000, Task 1 acc: 3.6902, Task 2 acc: 85.3718, Task 3 acc: 28.0345, Task 4 acc: 0.3482, Task avg acc:23.4889
2024-06-01 13:16:57,899 - INFO - Epoch 1
2024-06-01 13:17:11,312 - INFO - Epoch: 1, , Task 0 acc: 0.0080, Task 1 acc: 4.5047, Task 2 acc: 84.5905, Task 3 acc: 26.7681, Task 4 acc: 3.5836, Task avg acc:23.8910
2024-06-01 13:17:11,313 - INFO - Epoch 2
2024-06-01 13:17:24,833 - INFO - Epoch: 2, , Task 0 acc: 0.0080, Task 1 acc: 4.8537, Task 2 acc: 82.7227, Task 3 acc: 26.8750, Task 4 acc: 9.6043, Task avg acc:24.8127
2024-06-01 13:17:24,834 - INFO - Epoch 3
2024-06-01 13:17:38,784 - INFO - Epoch: 3, , Task 0 acc: 0.0080, Task 1 acc: 4.7207, Task 2 acc: 80.3700, Task 3 acc: 26.2418, Task 4 acc: 14.8183, Task avg acc:25.2317
2024-06-01 13:21:10,729 - INFO - ##########Task 0##########
2024-06-01 13:21:10,730 - INFO - Epoch 0
2024-06-01 13:22:13,451 - INFO - ##########Task 0##########
2024-06-01 13:22:13,452 - INFO - Epoch 0
2024-06-01 13:22:19,353 - INFO - Epoch: 0, , Task 0 acc: 90.1148, Task avg acc:90.1148
2024-06-01 13:22:19,354 - INFO - Epoch 1
2024-06-01 13:22:24,697 - INFO - Epoch: 1, , Task 0 acc: 98.1346, Task avg acc:98.1346
2024-06-01 13:22:24,698 - INFO - Epoch 2
2024-06-01 13:22:29,884 - INFO - Epoch: 2, , Task 0 acc: 98.7564, Task avg acc:98.7564
2024-06-01 13:22:29,885 - INFO - Epoch 3
2024-06-01 13:22:35,098 - INFO - Epoch: 3, , Task 0 acc: 98.0469, Task avg acc:98.0469
2024-06-01 13:22:35,446 - INFO - ##########Task 1##########
2024-06-01 13:22:35,447 - INFO - Epoch 0
2024-06-01 13:23:00,790 - INFO - ##########Task 0##########
2024-06-01 13:23:00,791 - INFO - Epoch 0
2024-06-01 13:23:06,205 - INFO - Epoch: 0, , Task 0 acc: 95.3045, Task avg acc:95.3045
2024-06-01 13:23:06,205 - INFO - Epoch 1
2024-06-01 13:23:11,911 - INFO - Epoch: 1, , Task 0 acc: 97.1620, Task avg acc:97.1620
2024-06-01 13:23:11,912 - INFO - Epoch 2
2024-06-01 13:23:17,177 - INFO - Epoch: 2, , Task 0 acc: 97.7997, Task avg acc:97.7997
2024-06-01 13:23:17,178 - INFO - Epoch 3
2024-06-01 13:23:22,196 - INFO - Epoch: 3, , Task 0 acc: 97.2816, Task avg acc:97.2816
2024-06-01 13:23:22,493 - INFO - ##########Task 1##########
2024-06-01 13:23:22,494 - INFO - Epoch 0
2024-06-01 13:23:58,326 - INFO - ##########Task 0##########
2024-06-01 13:23:58,327 - INFO - Epoch 0
2024-06-01 13:24:03,357 - INFO - Epoch: 0, , Task 0 acc: 97.4171, Task avg acc:97.4171
2024-06-01 13:24:03,357 - INFO - Epoch 1
2024-06-01 13:24:08,381 - INFO - Epoch: 1, , Task 0 acc: 98.6049, Task avg acc:98.6049
2024-06-01 13:24:08,382 - INFO - Epoch 2
2024-06-01 13:24:13,845 - INFO - Epoch: 2, , Task 0 acc: 98.0230, Task avg acc:98.0230
2024-06-01 13:24:13,846 - INFO - Epoch 3
2024-06-01 13:24:19,227 - INFO - Epoch: 3, , Task 0 acc: 97.2975, Task avg acc:97.2975
2024-06-01 13:24:19,583 - INFO - ##########Task 1##########
2024-06-01 13:24:19,584 - INFO - Epoch 0
2024-06-01 13:24:27,080 - INFO - Epoch: 0, , Task 0 acc: 7.0552, Task 1 acc: 0.0000, Task avg acc:3.5276
2024-06-01 13:24:27,081 - INFO - Epoch 1
