2024-06-02 08:51:04,597 - INFO - ##########Task 0##########
2024-06-02 08:51:04,599 - INFO - Epoch 0
2024-06-02 08:51:14,322 - INFO - Epoch: 0, , Task 0 acc: 83.1633, Task avg acc:83.1633
2024-06-02 08:51:14,324 - INFO - Epoch 1
2024-06-02 08:51:23,875 - INFO - Epoch: 1, , Task 0 acc: 95.6952, Task avg acc:95.6952
2024-06-02 08:51:23,877 - INFO - Epoch 2
2024-06-02 08:51:33,344 - INFO - Epoch: 2, , Task 0 acc: 94.1885, Task avg acc:94.1885
2024-06-02 08:51:33,346 - INFO - Epoch 3
2024-06-02 08:51:42,776 - INFO - Epoch: 3, , Task 0 acc: 95.0973, Task avg acc:95.0973
2024-06-02 08:52:36,956 - INFO - ##########Task 0##########
2024-06-02 08:52:36,958 - INFO - Epoch 0
2024-06-02 08:52:46,794 - INFO - Epoch: 0, , Task 0 acc: 91.4222, Task avg acc:91.4222
2024-06-02 08:52:46,796 - INFO - Epoch 1
2024-06-02 08:52:56,289 - INFO - Epoch: 1, , Task 0 acc: 94.1486, Task avg acc:94.1486
2024-06-02 08:52:56,291 - INFO - Epoch 2
2024-06-02 08:53:06,144 - INFO - Epoch: 2, , Task 0 acc: 97.4888, Task avg acc:97.4888
2024-06-02 08:53:06,150 - INFO - Epoch 3
2024-06-02 08:53:15,630 - INFO - Epoch: 3, , Task 0 acc: 98.5571, Task avg acc:98.5571
2024-06-02 08:53:16,705 - INFO - ##########Task 1##########
2024-06-02 08:53:16,707 - INFO - Epoch 0
2024-06-02 08:53:29,662 - INFO - Epoch: 0, , Task 0 acc: 92.8093, Task 1 acc: 69.1489, Task avg acc:80.9791
2024-06-02 08:53:29,664 - INFO - loss:47.43721389770508, reg_loss:0.1463
2024-06-02 08:53:29,665 - INFO - Epoch 1
2024-06-02 08:53:42,712 - INFO - Epoch: 1, , Task 0 acc: 93.0086, Task 1 acc: 78.1416, Task avg acc:85.5751
2024-06-02 08:53:42,714 - INFO - loss:47.11879348754883, reg_loss:0.1320
2024-06-02 08:53:42,715 - INFO - Epoch 2
2024-06-02 08:53:55,420 - INFO - Epoch: 2, , Task 0 acc: 92.8811, Task 1 acc: 70.5618, Task avg acc:81.7214
2024-06-02 08:53:55,421 - INFO - loss:47.287322998046875, reg_loss:0.1392
2024-06-02 08:53:55,422 - INFO - Epoch 3
2024-06-02 08:54:09,056 - INFO - Epoch: 3, , Task 0 acc: 70.9423, Task 1 acc: 68.5339, Task avg acc:69.7381
2024-06-02 08:54:09,059 - INFO - loss:47.38766098022461, reg_loss:0.1753
2024-06-02 08:54:10,389 - INFO - ##########Task 2##########
2024-06-02 08:54:10,391 - INFO - Epoch 0
2024-06-02 08:54:26,259 - INFO - Epoch: 0, , Task 0 acc: 73.8600, Task 1 acc: 35.3557, Task 2 acc: 39.5205, Task avg acc:49.5787
2024-06-02 08:54:26,260 - INFO - loss:48.482845306396484, reg_loss:0.5568
2024-06-02 08:54:26,261 - INFO - Epoch 1
2024-06-02 08:54:42,205 - INFO - Epoch: 1, , Task 0 acc: 73.5252, Task 1 acc: 30.7929, Task 2 acc: 32.2557, Task avg acc:45.5246
2024-06-02 08:54:42,206 - INFO - loss:47.9773063659668, reg_loss:0.5260
2024-06-02 08:54:42,208 - INFO - Epoch 2
2024-06-02 08:54:57,776 - INFO - Epoch: 2, , Task 0 acc: 79.9027, Task 1 acc: 27.4684, Task 2 acc: 33.9619, Task avg acc:47.1110
2024-06-02 08:54:57,777 - INFO - loss:48.099876403808594, reg_loss:0.5444
2024-06-02 08:54:57,778 - INFO - Epoch 3
2024-06-02 08:55:14,316 - INFO - Epoch: 3, , Task 0 acc: 83.7612, Task 1 acc: 24.2520, Task 2 acc: 21.1835, Task avg acc:43.0656
2024-06-02 08:55:14,318 - INFO - loss:48.60911560058594, reg_loss:0.5336
2024-06-02 08:55:16,046 - INFO - ##########Task 3##########
2024-06-02 08:55:16,048 - INFO - Epoch 0
2024-06-02 08:55:39,259 - INFO - Epoch: 0, , Task 0 acc: 88.4726, Task 1 acc: 35.7630, Task 2 acc: 14.9425, Task 3 acc: 55.3372, Task avg acc:48.6288
2024-06-02 08:55:39,264 - INFO - loss:48.77952194213867, reg_loss:0.8015
2024-06-02 08:55:39,265 - INFO - Epoch 1
2024-06-02 08:56:02,228 - INFO - Epoch: 1, , Task 0 acc: 87.9225, Task 1 acc: 37.1343, Task 2 acc: 9.7252, Task 3 acc: 48.9556, Task avg acc:45.9344
2024-06-02 08:56:02,229 - INFO - loss:48.63042068481445, reg_loss:0.7461
2024-06-02 08:56:02,230 - INFO - Epoch 2
2024-06-02 08:56:24,375 - INFO - Epoch: 2, , Task 0 acc: 85.6983, Task 1 acc: 38.3810, Task 2 acc: 12.1049, Task 3 acc: 48.3224, Task avg acc:46.1266
2024-06-02 08:56:24,381 - INFO - loss:48.77879333496094, reg_loss:0.7619
2024-06-02 08:56:24,382 - INFO - Epoch 3
2024-06-02 08:57:56,432 - INFO - ##########Task 0##########
2024-06-02 08:57:56,446 - INFO - Epoch 0
2024-06-02 08:58:06,070 - INFO - Epoch: 0, , Task 0 acc: 97.3932, Task avg acc:97.3932
2024-06-02 08:58:06,071 - INFO - Epoch 1
2024-06-02 08:58:15,547 - INFO - Epoch: 1, , Task 0 acc: 92.6977, Task avg acc:92.6977
2024-06-02 08:58:15,549 - INFO - Epoch 2
2024-06-02 08:58:25,075 - INFO - Epoch: 2, , Task 0 acc: 94.5950, Task avg acc:94.5950
2024-06-02 08:58:25,078 - INFO - Epoch 3
2024-06-02 08:58:35,228 - INFO - Epoch: 3, , Task 0 acc: 96.1575, Task avg acc:96.1575
2024-06-02 08:58:36,442 - INFO - ##########Task 1##########
2024-06-02 08:58:36,444 - INFO - Epoch 0
2024-06-02 08:58:50,059 - INFO - Epoch: 0, , Task 0 acc: 53.2924, Task 1 acc: 26.6041, Task avg acc:39.9482
2024-06-02 08:58:50,061 - INFO - loss:47.7235107421875, reg_loss:0.3092
2024-06-02 08:58:50,062 - INFO - Epoch 1
2024-06-02 08:59:03,868 - INFO - Epoch: 1, , Task 0 acc: 56.7761, Task 1 acc: 34.2420, Task avg acc:45.5091
2024-06-02 08:59:03,870 - INFO - loss:47.553253173828125, reg_loss:0.2995
2024-06-02 08:59:03,872 - INFO - Epoch 2
2024-06-02 08:59:17,516 - INFO - Epoch: 2, , Task 0 acc: 67.8412, Task 1 acc: 34.8986, Task avg acc:51.3699
2024-06-02 08:59:17,518 - INFO - loss:47.76314163208008, reg_loss:0.2911
2024-06-02 08:59:17,520 - INFO - Epoch 3
2024-06-02 08:59:31,110 - INFO - Epoch: 3, , Task 0 acc: 60.8658, Task 1 acc: 49.4432, Task avg acc:55.1545
2024-06-02 08:59:31,112 - INFO - loss:47.68067932128906, reg_loss:0.2586
2024-06-02 08:59:32,437 - INFO - ##########Task 2##########
2024-06-02 08:59:32,438 - INFO - Epoch 0
2024-06-02 08:59:49,253 - INFO - Epoch: 0, , Task 0 acc: 69.3798, Task 1 acc: 24.9418, Task 2 acc: 22.8269, Task avg acc:39.0495
2024-06-02 08:59:49,255 - INFO - loss:49.08098602294922, reg_loss:0.9414
2024-06-02 08:59:49,256 - INFO - Epoch 1
2024-06-02 09:00:07,261 - INFO - Epoch: 1, , Task 0 acc: 76.8973, Task 1 acc: 25.2743, Task 2 acc: 18.9655, Task avg acc:40.3790
2024-06-02 09:00:07,265 - INFO - loss:48.961387634277344, reg_loss:0.9337
2024-06-02 09:00:07,266 - INFO - Epoch 2
2024-06-02 09:00:24,148 - INFO - Epoch: 2, , Task 0 acc: 69.3638, Task 1 acc: 28.2330, Task 2 acc: 25.2425, Task avg acc:40.9464
2024-06-02 09:00:24,150 - INFO - loss:48.80026626586914, reg_loss:0.8310
2024-06-02 09:00:24,151 - INFO - Epoch 3
2024-06-02 09:00:40,916 - INFO - Epoch: 3, , Task 0 acc: 75.0399, Task 1 acc: 35.2809, Task 2 acc: 24.8114, Task avg acc:45.0441
2024-06-02 09:00:40,917 - INFO - loss:48.4971809387207, reg_loss:0.8000
2024-06-02 09:00:42,358 - INFO - ##########Task 3##########
2024-06-02 09:00:42,359 - INFO - Epoch 0
2024-06-02 09:01:04,029 - INFO - Epoch: 0, , Task 0 acc: 71.6119, Task 1 acc: 32.8873, Task 2 acc: 9.8509, Task 3 acc: 35.5921, Task avg acc:37.4856
2024-06-02 09:01:04,031 - INFO - loss:49.44854736328125, reg_loss:1.3460
2024-06-02 09:01:04,033 - INFO - Epoch 1
2024-06-02 09:01:25,684 - INFO - Epoch: 1, , Task 0 acc: 61.3122, Task 1 acc: 42.6363, Task 2 acc: 14.8438, Task 3 acc: 43.4704, Task avg acc:40.5657
2024-06-02 09:01:25,686 - INFO - loss:49.4124870300293, reg_loss:1.1767
2024-06-02 09:01:25,688 - INFO - Epoch 2
2024-06-02 09:01:47,286 - INFO - Epoch: 2, , Task 0 acc: 43.9971, Task 1 acc: 34.1589, Task 2 acc: 11.8983, Task 3 acc: 30.0987, Task avg acc:30.0383
2024-06-02 09:01:47,288 - INFO - loss:49.314697265625, reg_loss:1.2051
2024-06-02 09:01:47,289 - INFO - Epoch 3
2024-06-02 09:02:08,845 - INFO - Epoch: 3, , Task 0 acc: 31.4892, Task 1 acc: 29.3966, Task 2 acc: 11.3955, Task 3 acc: 28.4786, Task avg acc:25.1900
2024-06-02 09:02:08,848 - INFO - loss:49.172515869140625, reg_loss:1.1223
2024-06-02 09:02:10,456 - INFO - ##########Task 4##########
2024-06-02 09:02:10,458 - INFO - Epoch 0
2024-06-02 09:02:35,794 - INFO - Epoch: 0, , Task 0 acc: 38.2175, Task 1 acc: 21.6257, Task 2 acc: 7.3904, Task 3 acc: 11.1513, Task 4 acc: 0.2123, Task avg acc:15.7194
2024-06-02 09:02:35,796 - INFO - loss:50.58720397949219, reg_loss:1.9781
2024-06-02 09:02:35,798 - INFO - Epoch 1
2024-06-02 09:03:01,345 - INFO - Epoch: 1, , Task 0 acc: 25.3827, Task 1 acc: 21.6007, Task 2 acc: 7.1839, Task 3 acc: 13.8569, Task 4 acc: 1.6219, Task avg acc:13.9292
2024-06-02 09:03:01,347 - INFO - loss:50.27643585205078, reg_loss:1.7880
2024-06-02 09:03:01,349 - INFO - Epoch 2
2024-06-02 09:03:26,367 - INFO - Epoch: 2, , Task 0 acc: 47.4809, Task 1 acc: 25.2327, Task 2 acc: 7.5700, Task 3 acc: 18.1332, Task 4 acc: 2.1824, Task avg acc:20.1199
2024-06-02 09:03:26,369 - INFO - loss:50.08604049682617, reg_loss:1.6115
2024-06-02 09:03:26,370 - INFO - Epoch 3
2024-06-02 09:03:51,520 - INFO - Epoch: 3, , Task 0 acc: 50.8291, Task 1 acc: 23.0718, Task 2 acc: 7.2827, Task 3 acc: 11.3322, Task 4 acc: 2.0296, Task avg acc:18.9091
2024-06-02 09:03:51,522 - INFO - loss:50.07987976074219, reg_loss:1.5772
2024-06-02 09:32:10,252 - INFO - ##########Task 0##########
2024-06-02 09:32:10,257 - INFO - Epoch 0
2024-06-02 09:32:20,262 - INFO - Epoch: 0, , Task 0 acc: 26.0045, Task avg acc:26.0045
2024-06-02 09:32:20,278 - INFO - Epoch 1
2024-06-02 09:32:30,389 - INFO - Epoch: 1, , Task 0 acc: 70.5676, Task avg acc:70.5676
2024-06-02 09:32:30,391 - INFO - Epoch 2
2024-06-02 09:32:39,828 - INFO - Epoch: 2, , Task 0 acc: 97.1620, Task avg acc:97.1620
2024-06-02 09:32:39,829 - INFO - Epoch 3
2024-06-02 09:32:49,393 - INFO - Epoch: 3, , Task 0 acc: 84.5584, Task avg acc:84.5584
2024-06-02 09:32:50,446 - INFO - ##########Task 1##########
2024-06-02 09:32:50,448 - INFO - Epoch 0
2024-06-02 09:33:04,411 - INFO - Epoch: 0, , Task 0 acc: 53.2446, Task 1 acc: 36.8434, Task avg acc:45.0440
2024-06-02 09:33:04,414 - INFO - loss:47.73033142089844, reg_loss:0.2296
2024-06-02 09:33:04,415 - INFO - Epoch 1
2024-06-02 09:33:17,768 - INFO - Epoch: 1, , Task 0 acc: 53.2366, Task 1 acc: 46.3514, Task avg acc:49.7940
2024-06-02 09:33:17,769 - INFO - loss:47.61290740966797, reg_loss:0.1762
2024-06-02 09:33:17,770 - INFO - Epoch 2
2024-06-02 09:33:31,242 - INFO - Epoch: 2, , Task 0 acc: 53.2446, Task 1 acc: 36.6855, Task avg acc:44.9650
2024-06-02 09:33:31,245 - INFO - loss:47.321102142333984, reg_loss:0.1706
2024-06-02 09:33:31,247 - INFO - Epoch 3
2024-06-02 09:33:44,597 - INFO - Epoch: 3, , Task 0 acc: 53.2366, Task 1 acc: 28.9894, Task avg acc:41.1130
2024-06-02 09:33:44,599 - INFO - loss:47.49161148071289, reg_loss:0.2193
2024-06-02 09:33:45,825 - INFO - ##########Task 2##########
2024-06-02 09:33:45,827 - INFO - Epoch 0
2024-06-02 09:34:02,423 - INFO - Epoch: 0, , Task 0 acc: 53.8584, Task 1 acc: 17.4950, Task 2 acc: 35.6052, Task avg acc:35.6529
2024-06-02 09:34:02,426 - INFO - loss:48.24437713623047, reg_loss:0.5301
2024-06-02 09:34:02,427 - INFO - Epoch 1
2024-06-02 09:34:18,950 - INFO - Epoch: 1, , Task 0 acc: 58.5220, Task 1 acc: 11.5691, Task 2 acc: 29.0858, Task avg acc:33.0590
2024-06-02 09:34:18,952 - INFO - loss:48.254051208496094, reg_loss:0.5438
2024-06-02 09:34:18,954 - INFO - Epoch 2
2024-06-02 09:34:35,624 - INFO - Epoch: 2, , Task 0 acc: 67.2672, Task 1 acc: 17.4119, Task 2 acc: 37.8951, Task avg acc:40.8581
2024-06-02 09:34:35,627 - INFO - loss:48.27873992919922, reg_loss:0.4691
2024-06-02 09:34:35,628 - INFO - Epoch 3
2024-06-02 09:34:52,132 - INFO - Epoch: 3, , Task 0 acc: 59.7656, Task 1 acc: 17.7111, Task 2 acc: 22.6652, Task avg acc:33.3807
2024-06-02 09:34:52,133 - INFO - loss:48.15157699584961, reg_loss:0.4843
2024-06-02 09:34:53,551 - INFO - ##########Task 3##########
2024-06-02 09:34:53,552 - INFO - Epoch 0
2024-06-02 09:35:14,876 - INFO - Epoch: 0, , Task 0 acc: 69.0131, Task 1 acc: 14.1456, Task 2 acc: 4.8132, Task 3 acc: 29.8355, Task avg acc:29.4519
2024-06-02 09:35:14,878 - INFO - loss:49.4059944152832, reg_loss:1.0801
2024-06-02 09:35:14,879 - INFO - Epoch 1
2024-06-02 09:35:39,143 - INFO - Epoch: 1, , Task 0 acc: 61.0332, Task 1 acc: 13.3810, Task 2 acc: 4.2385, Task 3 acc: 19.5477, Task avg acc:24.5501
2024-06-02 09:35:39,146 - INFO - loss:49.02994155883789, reg_loss:1.0392
2024-06-02 09:35:39,147 - INFO - Epoch 2
2024-06-02 09:36:00,823 - INFO - Epoch: 2, , Task 0 acc: 57.7886, Task 1 acc: 11.2616, Task 2 acc: 2.0115, Task 3 acc: 15.4770, Task avg acc:21.6347
2024-06-02 09:36:00,825 - INFO - loss:49.05834197998047, reg_loss:0.9784
2024-06-02 09:36:00,826 - INFO - Epoch 3
2024-06-02 09:36:22,791 - INFO - Epoch: 3, , Task 0 acc: 53.3801, Task 1 acc: 14.4199, Task 2 acc: 2.4246, Task 3 acc: 23.7829, Task avg acc:23.5019
2024-06-02 09:36:22,796 - INFO - loss:49.08160400390625, reg_loss:1.0259
2024-06-02 09:36:24,391 - INFO - ##########Task 4##########
2024-06-02 09:36:24,392 - INFO - Epoch 0
2024-06-02 09:36:51,034 - INFO - Epoch: 0, , Task 0 acc: 60.4193, Task 1 acc: 12.0678, Task 2 acc: 4.3014, Task 3 acc: 1.2582, Task 4 acc: 20.0917, Task avg acc:19.6277
2024-06-02 09:36:51,037 - INFO - loss:49.711551666259766, reg_loss:1.4656
2024-06-02 09:36:51,038 - INFO - Epoch 1
2024-06-02 09:38:17,411 - INFO - ##########Task 0##########
2024-06-02 09:38:17,413 - INFO - Epoch 0
2024-06-02 09:38:27,372 - INFO - Epoch: 0, , Task 0 acc: 65.1068, Task avg acc:65.1068
2024-06-02 09:38:27,374 - INFO - Epoch 1
2024-06-02 09:38:37,270 - INFO - Epoch: 1, , Task 0 acc: 98.1665, Task avg acc:98.1665
2024-06-02 09:38:37,274 - INFO - Epoch 2
2024-06-02 09:38:47,765 - INFO - Epoch: 2, , Task 0 acc: 94.7864, Task avg acc:94.7864
2024-06-02 09:38:47,768 - INFO - Epoch 3
2024-06-02 09:38:57,290 - INFO - Epoch: 3, , Task 0 acc: 91.9324, Task avg acc:91.9324
2024-06-02 09:38:58,300 - INFO - ##########Task 1##########
2024-06-02 09:38:58,302 - INFO - Epoch 0
2024-06-02 09:39:11,886 - INFO - Epoch: 0, , Task 0 acc: 53.1649, Task 1 acc: 63.8797, Task avg acc:58.5223
2024-06-02 09:39:11,887 - INFO - loss:47.237274169921875, reg_loss:0.0866
2024-06-02 09:39:11,888 - INFO - Epoch 1
2024-06-02 09:39:25,640 - INFO - Epoch: 1, , Task 0 acc: 52.9895, Task 1 acc: 82.9704, Task avg acc:67.9799
2024-06-02 09:39:25,641 - INFO - loss:47.31234359741211, reg_loss:0.1138
2024-06-02 09:39:25,643 - INFO - Epoch 2
2024-06-02 09:39:39,177 - INFO - Epoch: 2, , Task 0 acc: 49.7210, Task 1 acc: 85.7297, Task avg acc:67.7254
2024-06-02 09:39:39,179 - INFO - loss:47.10181427001953, reg_loss:0.1129
2024-06-02 09:39:39,180 - INFO - Epoch 3
2024-06-02 09:39:53,942 - INFO - Epoch: 3, , Task 0 acc: 54.1055, Task 1 acc: 81.9232, Task avg acc:68.0144
2024-06-02 09:39:53,945 - INFO - loss:47.163002014160156, reg_loss:0.0993
2024-06-02 09:39:55,176 - INFO - ##########Task 2##########
2024-06-02 09:39:55,178 - INFO - Epoch 0
2024-06-02 09:40:12,132 - INFO - Epoch: 0, , Task 0 acc: 62.7551, Task 1 acc: 58.3860, Task 2 acc: 20.2586, Task avg acc:47.1332
2024-06-02 09:40:12,134 - INFO - loss:48.28395080566406, reg_loss:0.4693
2024-06-02 09:40:12,135 - INFO - Epoch 1
2024-06-02 09:40:29,907 - INFO - Epoch: 1, , Task 0 acc: 74.5934, Task 1 acc: 56.8401, Task 2 acc: 27.3258, Task avg acc:52.9198
2024-06-02 09:40:29,913 - INFO - loss:48.39703369140625, reg_loss:0.5010
2024-06-02 09:40:29,915 - INFO - Epoch 2
2024-06-02 09:40:47,885 - INFO - Epoch: 2, , Task 0 acc: 62.5717, Task 1 acc: 56.5076, Task 2 acc: 25.7902, Task avg acc:48.2899
2024-06-02 09:40:47,886 - INFO - loss:48.43696594238281, reg_loss:0.4920
2024-06-02 09:40:47,887 - INFO - Epoch 3
2024-06-02 09:41:04,762 - INFO - Epoch: 3, , Task 0 acc: 63.8951, Task 1 acc: 55.3856, Task 2 acc: 24.0481, Task avg acc:47.7763
2024-06-02 09:41:04,764 - INFO - loss:48.5544319152832, reg_loss:0.4576
2024-06-02 09:41:06,163 - INFO - ##########Task 3##########
2024-06-02 09:41:06,165 - INFO - Epoch 0
2024-06-02 09:41:27,859 - INFO - Epoch: 0, , Task 0 acc: 68.5746, Task 1 acc: 57.9455, Task 2 acc: 5.8549, Task 3 acc: 16.6941, Task avg acc:37.2673
2024-06-02 09:41:27,861 - INFO - loss:49.10090255737305, reg_loss:0.8381
2024-06-02 09:41:27,863 - INFO - Epoch 1
2024-06-02 09:41:51,371 - INFO - Epoch: 1, , Task 0 acc: 76.3233, Task 1 acc: 64.1207, Task 2 acc: 10.3089, Task 3 acc: 15.3125, Task avg acc:41.5164
2024-06-02 09:41:51,373 - INFO - loss:48.89045715332031, reg_loss:0.7336
2024-06-02 09:41:51,374 - INFO - Epoch 2
2024-06-02 09:42:12,902 - INFO - Epoch: 2, , Task 0 acc: 69.9458, Task 1 acc: 50.9807, Task 2 acc: 7.6598, Task 3 acc: 13.5033, Task avg acc:35.5224
2024-06-02 09:42:12,904 - INFO - loss:48.8677978515625, reg_loss:0.7748
2024-06-02 09:42:12,905 - INFO - Epoch 3
2024-06-02 09:42:35,360 - INFO - Epoch: 3, , Task 0 acc: 69.3479, Task 1 acc: 52.7676, Task 2 acc: 12.6257, Task 3 acc: 16.2007, Task avg acc:37.7355
2024-06-02 09:42:35,363 - INFO - loss:48.76190948486328, reg_loss:0.7444
2024-06-02 09:42:36,946 - INFO - ##########Task 4##########
2024-06-02 09:42:36,947 - INFO - Epoch 0
2024-06-02 09:43:02,434 - INFO - Epoch: 0, , Task 0 acc: 70.0813, Task 1 acc: 52.6180, Task 2 acc: 15.3556, Task 3 acc: 1.0280, Task 4 acc: 4.5431, Task avg acc:28.7252
2024-06-02 09:43:02,437 - INFO - loss:50.04665756225586, reg_loss:1.3616
2024-06-02 09:43:02,438 - INFO - Epoch 1
2024-06-02 09:43:27,445 - INFO - Epoch: 1, , Task 0 acc: 83.6894, Task 1 acc: 52.2108, Task 2 acc: 16.2626, Task 3 acc: 1.4391, Task 4 acc: 4.2799, Task avg acc:31.5764
2024-06-02 09:43:27,447 - INFO - loss:49.718387603759766, reg_loss:1.2106
2024-06-02 09:43:27,448 - INFO - Epoch 2
2024-06-02 09:43:54,671 - INFO - Epoch: 2, , Task 0 acc: 70.0733, Task 1 acc: 49.7008, Task 2 acc: 14.2780, Task 3 acc: 1.1102, Task 4 acc: 2.3862, Task avg acc:27.5097
2024-06-02 09:43:54,674 - INFO - loss:49.718772888183594, reg_loss:1.2083
2024-06-02 09:43:54,675 - INFO - Epoch 3
2024-06-02 09:44:19,780 - INFO - Epoch: 3, , Task 0 acc: 69.0131, Task 1 acc: 55.9092, Task 2 acc: 13.1735, Task 3 acc: 2.4178, Task 4 acc: 7.3115, Task avg acc:29.5650
2024-06-02 09:44:19,782 - INFO - loss:49.564510345458984, reg_loss:1.1627
2024-06-02 10:09:47,150 - INFO - ##########Task 0##########
2024-06-02 10:09:47,152 - INFO - Epoch 0
2024-06-02 10:09:56,080 - INFO - Epoch: 0, , Task 0 acc: 86.2962, Task avg acc:86.2962
2024-06-02 10:09:56,082 - INFO - Epoch 1
2024-06-02 10:10:05,873 - INFO - Epoch: 1, , Task 0 acc: 99.3941, Task avg acc:99.3941
2024-06-02 10:10:05,875 - INFO - Epoch 2
2024-06-02 10:10:15,576 - INFO - Epoch: 2, , Task 0 acc: 89.3495, Task avg acc:89.3495
2024-06-02 10:10:15,578 - INFO - Epoch 3
2024-06-02 10:10:25,117 - INFO - Epoch: 3, , Task 0 acc: 93.4949, Task avg acc:93.4949
2024-06-02 10:10:26,150 - INFO - ##########Task 1##########
2024-06-02 10:10:26,152 - INFO - Epoch 0
2024-06-02 10:10:40,342 - INFO - Epoch: 0, , Task 0 acc: 53.2047, Task 1 acc: 66.3398, Task avg acc:59.7722
2024-06-02 10:10:40,345 - INFO - loss:47.214542388916016, reg_loss:0.1839
2024-06-02 10:10:40,346 - INFO - Epoch 1
2024-06-02 10:10:55,342 - INFO - Epoch: 1, , Task 0 acc: 52.8141, Task 1 acc: 81.6406, Task avg acc:67.2274
2024-06-02 10:10:55,343 - INFO - loss:47.586429595947266, reg_loss:0.2367
2024-06-02 10:10:55,344 - INFO - Epoch 2
2024-06-02 10:11:09,550 - INFO - Epoch: 2, , Task 0 acc: 56.5131, Task 1 acc: 77.7842, Task avg acc:67.1487
2024-06-02 10:11:09,552 - INFO - loss:47.32783889770508, reg_loss:0.1932
2024-06-02 10:11:09,553 - INFO - Epoch 3
2024-06-02 10:11:23,909 - INFO - Epoch: 3, , Task 0 acc: 51.0124, Task 1 acc: 79.4880, Task avg acc:65.2502
2024-06-02 10:11:23,912 - INFO - loss:47.15475082397461, reg_loss:0.2188
2024-06-02 10:11:25,161 - INFO - ##########Task 2##########
2024-06-02 10:11:25,163 - INFO - Epoch 0
2024-06-02 10:11:45,050 - INFO - Epoch: 0, , Task 0 acc: 69.4515, Task 1 acc: 65.8245, Task 2 acc: 23.0424, Task avg acc:52.7728
2024-06-02 10:11:45,057 - INFO - loss:48.37089157104492, reg_loss:0.4921
2024-06-02 10:11:45,059 - INFO - Epoch 1
2024-06-02 10:12:05,650 - INFO - Epoch: 1, , Task 0 acc: 69.4356, Task 1 acc: 62.3172, Task 2 acc: 22.9795, Task avg acc:51.5774
2024-06-02 10:12:05,658 - INFO - loss:48.154258728027344, reg_loss:0.5076
2024-06-02 10:12:05,659 - INFO - Epoch 2
2024-06-02 10:12:25,028 - INFO - Epoch: 2, , Task 0 acc: 77.7902, Task 1 acc: 59.2670, Task 2 acc: 23.6081, Task avg acc:53.5551
2024-06-02 10:12:25,035 - INFO - loss:48.56499481201172, reg_loss:0.5036
2024-06-02 10:12:25,037 - INFO - Epoch 3
2024-06-02 10:12:43,175 - INFO - Epoch: 3, , Task 0 acc: 78.6511, Task 1 acc: 58.2862, Task 2 acc: 25.2874, Task avg acc:54.0749
2024-06-02 10:12:43,177 - INFO - loss:48.44400405883789, reg_loss:0.4968
2024-06-02 10:12:44,732 - INFO - ##########Task 3##########
2024-06-02 10:12:44,734 - INFO - Epoch 0
2024-06-02 10:13:07,695 - INFO - Epoch: 0, , Task 0 acc: 63.3211, Task 1 acc: 61.1287, Task 2 acc: 18.7500, Task 3 acc: 21.8832, Task avg acc:41.2707
2024-06-02 10:13:07,698 - INFO - loss:48.916385650634766, reg_loss:0.7853
2024-06-02 10:13:07,699 - INFO - Epoch 1
2024-06-02 10:13:31,005 - INFO - Epoch: 1, , Task 0 acc: 73.8919, Task 1 acc: 59.4747, Task 2 acc: 18.9835, Task 3 acc: 23.9145, Task avg acc:44.0661
2024-06-02 10:13:31,008 - INFO - loss:48.81986618041992, reg_loss:0.7689
2024-06-02 10:13:31,009 - INFO - Epoch 2
2024-06-02 10:13:37,089 - INFO - ##########Task 0##########
2024-06-02 10:13:37,091 - INFO - Epoch 0
2024-06-02 10:13:49,469 - INFO - Epoch: 0, , Task 0 acc: 94.9298, Task avg acc:94.9298
2024-06-02 10:13:49,473 - INFO - Epoch 1
2024-06-02 10:13:58,874 - INFO - Epoch: 1, , Task 0 acc: 91.4062, Task avg acc:91.4062
2024-06-02 10:13:58,875 - INFO - Epoch 2
2024-06-02 10:14:08,601 - INFO - Epoch: 2, , Task 0 acc: 94.1964, Task avg acc:94.1964
2024-06-02 10:14:08,604 - INFO - Epoch 3
2024-06-02 10:14:18,131 - INFO - Epoch: 3, , Task 0 acc: 95.9263, Task avg acc:95.9263
2024-06-02 10:14:19,160 - INFO - ##########Task 1##########
2024-06-02 10:14:19,162 - INFO - Epoch 0
2024-06-02 10:14:32,446 - INFO - Epoch: 0, , Task 0 acc: 70.3603, Task 1 acc: 69.9385, Task avg acc:70.1494
2024-06-02 10:14:32,448 - INFO - loss:47.30345153808594, reg_loss:0.2084
2024-06-02 10:14:32,449 - INFO - Epoch 1
2024-06-02 10:14:45,716 - INFO - Epoch: 1, , Task 0 acc: 70.6792, Task 1 acc: 67.8441, Task avg acc:69.2616
2024-06-02 10:14:45,719 - INFO - loss:47.33201599121094, reg_loss:0.2784
2024-06-02 10:14:45,720 - INFO - Epoch 2
2024-06-02 10:14:59,022 - INFO - Epoch: 2, , Task 0 acc: 79.8151, Task 1 acc: 78.6985, Task avg acc:79.2568
2024-06-02 10:14:59,025 - INFO - loss:47.259315490722656, reg_loss:0.2767
2024-06-02 10:14:59,027 - INFO - Epoch 3
2024-06-02 10:15:12,181 - INFO - Epoch: 3, , Task 0 acc: 79.7752, Task 1 acc: 69.0160, Task avg acc:74.3956
2024-06-02 10:15:12,183 - INFO - loss:47.10023498535156, reg_loss:0.2696
2024-06-02 10:15:13,428 - INFO - ##########Task 2##########
2024-06-02 10:15:13,430 - INFO - Epoch 0
2024-06-02 10:16:07,758 - INFO - ##########Task 0##########
2024-06-02 10:16:07,760 - INFO - Epoch 0
2024-06-02 10:16:16,827 - INFO - Epoch: 0, , Task 0 acc: 93.0564, Task avg acc:93.0564
2024-06-02 10:16:16,829 - INFO - Epoch 1
2024-06-02 10:16:26,309 - INFO - Epoch: 1, , Task 0 acc: 96.9069, Task avg acc:96.9069
2024-06-02 10:16:26,310 - INFO - Epoch 2
2024-06-02 10:16:35,780 - INFO - Epoch: 2, , Task 0 acc: 97.9512, Task avg acc:97.9512
2024-06-02 10:16:35,782 - INFO - Epoch 3
2024-06-02 10:16:45,238 - INFO - Epoch: 3, , Task 0 acc: 97.9034, Task avg acc:97.9034
2024-06-02 10:16:46,223 - INFO - ##########Task 1##########
2024-06-02 10:16:46,224 - INFO - Epoch 0
2024-06-02 10:16:59,314 - INFO - Epoch: 0, , Task 0 acc: 85.3555, Task 1 acc: 84.9900, Task avg acc:85.1728
2024-06-02 10:16:59,317 - INFO - loss:47.17885208129883, reg_loss:0.1346
2024-06-02 10:16:59,319 - INFO - Epoch 1
2024-06-02 10:17:12,994 - INFO - Epoch: 1, , Task 0 acc: 67.7854, Task 1 acc: 77.4102, Task avg acc:72.5978
2024-06-02 10:17:12,997 - INFO - loss:47.15931701660156, reg_loss:0.1534
2024-06-02 10:17:12,998 - INFO - Epoch 2
2024-06-02 10:17:25,906 - INFO - Epoch: 2, , Task 0 acc: 57.3661, Task 1 acc: 92.8191, Task avg acc:75.0926
2024-06-02 10:17:25,907 - INFO - loss:47.10131072998047, reg_loss:0.1724
2024-06-02 10:17:25,908 - INFO - Epoch 3
2024-06-02 10:17:38,695 - INFO - Epoch: 3, , Task 0 acc: 61.7746, Task 1 acc: 88.7051, Task avg acc:75.2398
2024-06-02 10:17:38,697 - INFO - loss:47.25305938720703, reg_loss:0.1654
2024-06-02 10:17:39,985 - INFO - ##########Task 2##########
2024-06-02 10:17:39,987 - INFO - Epoch 0
2024-06-02 10:17:55,724 - INFO - Epoch: 0, , Task 0 acc: 79.4404, Task 1 acc: 67.6031, Task 2 acc: 44.1810, Task avg acc:63.7415
2024-06-02 10:17:55,726 - INFO - loss:48.73862838745117, reg_loss:0.5964
2024-06-02 10:17:55,727 - INFO - Epoch 1
2024-06-02 10:18:11,373 - INFO - Epoch: 1, , Task 0 acc: 72.3772, Task 1 acc: 62.9239, Task 2 acc: 35.8746, Task avg acc:57.0586
2024-06-02 10:18:11,375 - INFO - loss:48.590431213378906, reg_loss:0.6256
2024-06-02 10:18:11,376 - INFO - Epoch 2
2024-06-02 10:18:27,007 - INFO - Epoch: 2, , Task 0 acc: 68.7022, Task 1 acc: 62.0761, Task 2 acc: 34.6354, Task avg acc:55.1379
2024-06-02 10:18:27,008 - INFO - loss:48.47640609741211, reg_loss:0.5862
2024-06-02 10:18:27,010 - INFO - Epoch 3
2024-06-02 10:18:42,742 - INFO - Epoch: 3, , Task 0 acc: 79.3846, Task 1 acc: 55.9009, Task 2 acc: 33.2435, Task avg acc:56.1763
2024-06-02 10:18:42,744 - INFO - loss:48.57704544067383, reg_loss:0.6088
2024-06-02 10:18:44,135 - INFO - ##########Task 3##########
2024-06-02 10:18:44,137 - INFO - Epoch 0
2024-06-02 10:19:04,056 - INFO - Epoch: 0, , Task 0 acc: 88.4008, Task 1 acc: 56.6406, Task 2 acc: 18.3190, Task 3 acc: 30.7812, Task avg acc:48.5354
2024-06-02 10:19:04,057 - INFO - loss:49.4587516784668, reg_loss:1.0631
2024-06-02 10:19:04,058 - INFO - Epoch 1
2024-06-02 10:19:23,927 - INFO - Epoch: 1, , Task 0 acc: 73.9238, Task 1 acc: 54.9451, Task 2 acc: 20.9142, Task 3 acc: 20.6908, Task avg acc:42.6185
2024-06-02 10:19:23,930 - INFO - loss:49.38512420654297, reg_loss:1.0600
2024-06-02 10:19:23,931 - INFO - Epoch 2
2024-06-02 10:19:46,248 - INFO - Epoch: 2, , Task 0 acc: 70.7669, Task 1 acc: 46.6838, Task 2 acc: 19.8006, Task 3 acc: 21.7270, Task avg acc:39.7446
2024-06-02 10:19:46,251 - INFO - loss:49.40155792236328, reg_loss:1.0397
2024-06-02 10:19:46,252 - INFO - Epoch 3
2024-06-02 10:20:08,213 - INFO - Epoch: 3, , Task 0 acc: 65.0829, Task 1 acc: 52.7676, Task 2 acc: 19.6929, Task 3 acc: 11.7434, Task avg acc:37.3217
2024-06-02 10:20:08,221 - INFO - loss:49.337825775146484, reg_loss:1.0122
2024-06-02 10:20:09,850 - INFO - ##########Task 4##########
2024-06-02 10:20:09,852 - INFO - Epoch 0
2024-06-02 10:20:34,506 - INFO - Epoch: 0, , Task 0 acc: 69.8740, Task 1 acc: 46.0771, Task 2 acc: 20.6358, Task 3 acc: 17.9770, Task 4 acc: 4.9677, Task avg acc:31.9063
2024-06-02 10:20:34,513 - INFO - loss:50.672706604003906, reg_loss:2.0823
2024-06-02 10:20:34,514 - INFO - Epoch 1
2024-06-02 10:20:59,140 - INFO - Epoch: 1, , Task 0 acc: 70.1132, Task 1 acc: 56.0256, Task 2 acc: 22.1085, Task 3 acc: 11.8750, Task 4 acc: 9.7826, Task avg acc:33.9810
2024-06-02 10:20:59,142 - INFO - loss:50.51481628417969, reg_loss:2.0440
2024-06-02 10:20:59,143 - INFO - Epoch 2
2024-06-02 10:21:22,829 - INFO - Epoch: 2, , Task 0 acc: 75.9885, Task 1 acc: 54.8787, Task 2 acc: 22.8718, Task 3 acc: 11.6447, Task 4 acc: 4.6620, Task avg acc:34.0091
2024-06-02 10:21:22,830 - INFO - loss:50.526737213134766, reg_loss:1.8949
2024-06-02 10:21:22,832 - INFO - Epoch 3
2024-06-02 10:21:51,846 - INFO - Epoch: 3, , Task 0 acc: 77.0169, Task 1 acc: 53.5156, Task 2 acc: 21.1386, Task 3 acc: 14.3174, Task 4 acc: 9.8251, Task avg acc:35.1627
2024-06-02 10:21:51,853 - INFO - loss:50.34566116333008, reg_loss:1.7890
