2024-05-26 20:15:56,506 - INFO - ##########Task 0##########
2024-05-26 20:15:56,507 - INFO - Epoch 0
2024-05-26 20:15:59,245 - INFO - Batch num: 0, Task 0 acc: 54.9426, Task avg acc:54.9426
2024-05-26 20:16:01,728 - INFO - Batch num: 10, Task 0 acc: 97.4729, Task avg acc:97.4729
2024-05-26 20:16:04,191 - INFO - Batch num: 20, Task 0 acc: 99.6413, Task avg acc:99.6413
2024-05-26 20:16:06,824 - INFO - Batch num: 30, Task 0 acc: 99.8007, Task avg acc:99.8007
2024-05-26 20:16:09,383 - INFO - Batch num: 40, Task 0 acc: 99.8485, Task avg acc:99.8485
2024-05-26 20:16:11,947 - INFO - Batch num: 50, Task 0 acc: 99.8804, Task avg acc:99.8804
2024-05-26 20:16:14,610 - INFO - Batch num: 60, Task 0 acc: 99.8724, Task avg acc:99.8724
2024-05-26 20:16:17,135 - INFO - Batch num: 70, Task 0 acc: 99.8804, Task avg acc:99.8804
2024-05-26 20:16:19,669 - INFO - Batch num: 80, Task 0 acc: 99.9123, Task avg acc:99.9123
2024-05-26 20:16:22,202 - INFO - Batch num: 90, Task 0 acc: 99.9203, Task avg acc:99.9203
2024-05-26 20:16:22,383 - INFO - Epoch 1
2024-05-26 20:16:24,842 - INFO - Batch num: 0, Task 0 acc: 99.9283, Task avg acc:99.9283
2024-05-26 20:16:27,367 - INFO - Batch num: 10, Task 0 acc: 99.9283, Task avg acc:99.9283
2024-05-26 20:16:30,026 - INFO - Batch num: 20, Task 0 acc: 99.9283, Task avg acc:99.9283
2024-05-26 20:16:32,563 - INFO - Batch num: 30, Task 0 acc: 99.9442, Task avg acc:99.9442
2024-05-26 20:16:35,098 - INFO - Batch num: 40, Task 0 acc: 99.9442, Task avg acc:99.9442
2024-05-26 20:16:37,630 - INFO - Batch num: 50, Task 0 acc: 99.9522, Task avg acc:99.9522
2024-05-26 20:16:40,157 - INFO - Batch num: 60, Task 0 acc: 99.9522, Task avg acc:99.9522
2024-05-26 20:16:42,845 - INFO - Batch num: 70, Task 0 acc: 99.9522, Task avg acc:99.9522
2024-05-26 20:16:45,375 - INFO - Batch num: 80, Task 0 acc: 99.9601, Task avg acc:99.9601
2024-05-26 20:16:47,898 - INFO - Batch num: 90, Task 0 acc: 99.9601, Task avg acc:99.9601
2024-05-26 20:16:48,078 - INFO - Epoch 2
2024-05-26 20:16:50,529 - INFO - Batch num: 0, Task 0 acc: 99.9601, Task avg acc:99.9601
2024-05-26 20:16:53,069 - INFO - Batch num: 10, Task 0 acc: 99.9522, Task avg acc:99.9522
2024-05-26 20:16:55,598 - INFO - Batch num: 20, Task 0 acc: 99.9601, Task avg acc:99.9601
2024-05-26 20:16:58,138 - INFO - Batch num: 30, Task 0 acc: 99.9601, Task avg acc:99.9601
2024-05-26 20:17:00,731 - INFO - Batch num: 40, Task 0 acc: 99.9681, Task avg acc:99.9681
2024-05-26 20:17:03,372 - INFO - Batch num: 50, Task 0 acc: 99.9681, Task avg acc:99.9681
2024-05-26 20:17:05,898 - INFO - Batch num: 60, Task 0 acc: 99.9681, Task avg acc:99.9681
2024-05-26 20:17:08,435 - INFO - Batch num: 70, Task 0 acc: 99.9681, Task avg acc:99.9681
2024-05-26 20:17:12,269 - INFO - Batch num: 80, Task 0 acc: 99.9601, Task avg acc:99.9601
2024-05-26 20:17:15,018 - INFO - Batch num: 90, Task 0 acc: 99.9601, Task avg acc:99.9601
2024-05-26 20:17:15,197 - INFO - Epoch 3
2024-05-26 20:17:17,514 - INFO - Batch num: 0, Task 0 acc: 99.9601, Task avg acc:99.9601
2024-05-26 20:17:20,040 - INFO - Batch num: 10, Task 0 acc: 99.9601, Task avg acc:99.9601
2024-05-26 20:17:22,563 - INFO - Batch num: 20, Task 0 acc: 99.9601, Task avg acc:99.9601
2024-05-26 20:17:25,100 - INFO - Batch num: 30, Task 0 acc: 99.9601, Task avg acc:99.9601
2024-05-26 20:17:27,741 - INFO - Batch num: 40, Task 0 acc: 99.9601, Task avg acc:99.9601
2024-05-26 20:17:30,277 - INFO - Batch num: 50, Task 0 acc: 99.9601, Task avg acc:99.9601
2024-05-26 20:17:32,803 - INFO - Batch num: 60, Task 0 acc: 99.9681, Task avg acc:99.9681
2024-05-26 20:17:35,351 - INFO - Batch num: 70, Task 0 acc: 99.9681, Task avg acc:99.9681
2024-05-26 20:17:38,040 - INFO - Batch num: 80, Task 0 acc: 99.9681, Task avg acc:99.9681
2024-05-26 20:17:40,572 - INFO - Batch num: 90, Task 0 acc: 99.9681, Task avg acc:99.9681
2024-05-26 20:17:40,763 - INFO - ##########Task 1##########
2024-05-26 20:17:40,764 - INFO - Epoch 0
2024-05-26 20:17:45,245 - INFO - Batch num: 0, Task 0 acc: 99.9761, Batch num: 0, Task 1 acc: 0.0000, Task avg acc:49.9880
2024-05-26 20:17:49,962 - INFO - Batch num: 10, Task 0 acc: 99.9681, Batch num: 10, Task 1 acc: 0.0000, Task avg acc:49.9841
2024-05-26 20:17:54,678 - INFO - Batch num: 20, Task 0 acc: 99.9522, Batch num: 20, Task 1 acc: 1.9282, Task avg acc:50.9402
2024-05-26 20:17:59,495 - INFO - Batch num: 30, Task 0 acc: 99.7927, Batch num: 30, Task 1 acc: 39.1373, Task avg acc:69.4650
2024-05-26 20:18:04,225 - INFO - Batch num: 40, Task 0 acc: 98.3339, Batch num: 40, Task 1 acc: 77.2191, Task avg acc:87.7765
2024-05-26 20:18:08,929 - INFO - Batch num: 50, Task 0 acc: 90.4974, Batch num: 50, Task 1 acc: 92.1875, Task avg acc:91.3425
2024-05-26 20:18:13,956 - INFO - Batch num: 60, Task 0 acc: 54.5839, Batch num: 60, Task 1 acc: 96.1852, Task avg acc:75.3845
2024-05-26 20:18:18,756 - INFO - Batch num: 70, Task 0 acc: 30.3332, Batch num: 70, Task 1 acc: 97.0080, Task avg acc:63.6706
2024-05-26 20:18:23,459 - INFO - Batch num: 80, Task 0 acc: 23.7245, Batch num: 80, Task 1 acc: 97.5066, Task avg acc:60.6156
2024-05-26 20:18:28,286 - INFO - Batch num: 90, Task 0 acc: 20.9024, Batch num: 90, Task 1 acc: 97.8474, Task avg acc:59.3749
2024-05-26 20:18:28,367 - INFO - Epoch 1
2024-05-26 20:18:32,859 - INFO - Batch num: 0, Task 0 acc: 20.0016, Batch num: 0, Task 1 acc: 97.8640, Task avg acc:58.9328
2024-05-26 20:18:37,559 - INFO - Batch num: 10, Task 0 acc: 15.4895, Batch num: 10, Task 1 acc: 98.0136, Task avg acc:56.7516
2024-05-26 20:18:42,341 - INFO - Batch num: 20, Task 0 acc: 14.2140, Batch num: 20, Task 1 acc: 98.1632, Task avg acc:56.1886
2024-05-26 20:18:47,163 - INFO - Batch num: 30, Task 0 acc: 13.0979, Batch num: 30, Task 1 acc: 98.2630, Task avg acc:55.6804
2024-05-26 20:18:51,864 - INFO - Batch num: 40, Task 0 acc: 14.0306, Batch num: 40, Task 1 acc: 98.3876, Task avg acc:56.2091
2024-05-26 20:18:56,571 - INFO - Batch num: 50, Task 0 acc: 12.4681, Batch num: 50, Task 1 acc: 98.5455, Task avg acc:55.5068
2024-05-26 20:19:01,300 - INFO - Batch num: 60, Task 0 acc: 10.9375, Batch num: 60, Task 1 acc: 98.5954, Task avg acc:54.7665
2024-05-26 20:19:06,120 - INFO - Batch num: 70, Task 0 acc: 12.2768, Batch num: 70, Task 1 acc: 98.6370, Task avg acc:55.4569
2024-05-26 20:19:10,807 - INFO - Batch num: 80, Task 0 acc: 8.5938, Batch num: 80, Task 1 acc: 98.7035, Task avg acc:53.6486
2024-05-26 20:19:15,644 - INFO - Batch num: 90, Task 0 acc: 7.5813, Batch num: 90, Task 1 acc: 98.6785, Task avg acc:53.1299
2024-05-26 20:19:15,723 - INFO - Epoch 2
2024-05-26 20:19:20,197 - INFO - Batch num: 0, Task 0 acc: 8.0118, Batch num: 0, Task 1 acc: 98.7118, Task avg acc:53.3618
2024-05-26 20:19:24,891 - INFO - Batch num: 10, Task 0 acc: 6.1862, Batch num: 10, Task 1 acc: 98.6702, Task avg acc:52.4282
2024-05-26 20:19:29,600 - INFO - Batch num: 20, Task 0 acc: 4.9904, Batch num: 20, Task 1 acc: 98.7866, Task avg acc:51.8885
2024-05-26 20:19:34,317 - INFO - Batch num: 30, Task 0 acc: 3.5395, Batch num: 30, Task 1 acc: 98.8198, Task avg acc:51.1797
2024-05-26 20:19:39,118 - INFO - Batch num: 40, Task 0 acc: 3.8823, Batch num: 40, Task 1 acc: 98.8946, Task avg acc:51.3885
2024-05-26 20:19:43,871 - INFO - Batch num: 50, Task 0 acc: 3.4439, Batch num: 50, Task 1 acc: 98.8863, Task avg acc:51.1651
2024-05-26 20:19:48,587 - INFO - Batch num: 60, Task 0 acc: 2.7902, Batch num: 60, Task 1 acc: 98.9029, Task avg acc:50.8466
2024-05-26 20:19:53,387 - INFO - Batch num: 70, Task 0 acc: 3.0692, Batch num: 70, Task 1 acc: 98.9528, Task avg acc:51.0110
2024-05-26 20:19:58,097 - INFO - Batch num: 80, Task 0 acc: 2.4952, Batch num: 80, Task 1 acc: 98.9445, Task avg acc:50.7198
2024-05-26 20:20:02,950 - INFO - Batch num: 90, Task 0 acc: 3.9222, Batch num: 90, Task 1 acc: 98.9611, Task avg acc:51.4416
2024-05-26 20:20:03,029 - INFO - Epoch 3
2024-05-26 20:20:07,502 - INFO - Batch num: 0, Task 0 acc: 4.3527, Batch num: 0, Task 1 acc: 98.9611, Task avg acc:51.6569
2024-05-26 20:20:12,206 - INFO - Batch num: 10, Task 0 acc: 3.6591, Batch num: 10, Task 1 acc: 98.9528, Task avg acc:51.3060
2024-05-26 20:20:17,132 - INFO - Batch num: 20, Task 0 acc: 3.2924, Batch num: 20, Task 1 acc: 98.9860, Task avg acc:51.1392
2024-05-26 20:20:21,837 - INFO - Batch num: 30, Task 0 acc: 2.5510, Batch num: 30, Task 1 acc: 99.0359, Task avg acc:50.7935
2024-05-26 20:20:26,559 - INFO - Batch num: 40, Task 0 acc: 3.0851, Batch num: 40, Task 1 acc: 99.1107, Task avg acc:51.0979
2024-05-26 20:20:31,276 - INFO - Batch num: 50, Task 0 acc: 3.3402, Batch num: 50, Task 1 acc: 99.1190, Task avg acc:51.2296
2024-05-26 20:20:35,992 - INFO - Batch num: 60, Task 0 acc: 3.1489, Batch num: 60, Task 1 acc: 99.1439, Task avg acc:51.1464
2024-05-26 20:20:40,821 - INFO - Batch num: 70, Task 0 acc: 3.1091, Batch num: 70, Task 1 acc: 99.1273, Task avg acc:51.1182
2024-05-26 20:20:45,525 - INFO - Batch num: 80, Task 0 acc: 2.2561, Batch num: 80, Task 1 acc: 99.1439, Task avg acc:50.7000
2024-05-26 20:20:50,266 - INFO - Batch num: 90, Task 0 acc: 2.5112, Batch num: 90, Task 1 acc: 99.1439, Task avg acc:50.8276
2024-05-26 20:20:50,356 - INFO - ##########Task 2##########
2024-05-26 20:20:50,357 - INFO - Epoch 0
2024-05-26 20:20:56,834 - INFO - Batch num: 0, Task 0 acc: 3.0453, Batch num: 0, Task 1 acc: 99.1439, Batch num: 0, Task 2 acc: 0.0000, Task avg acc:34.0631
2024-05-26 20:21:03,710 - INFO - Batch num: 10, Task 0 acc: 2.0328, Batch num: 10, Task 1 acc: 98.7367, Batch num: 10, Task 2 acc: 0.0000, Task avg acc:33.5898
2024-05-26 20:21:10,446 - INFO - Batch num: 20, Task 0 acc: 1.0603, Batch num: 20, Task 1 acc: 97.4983, Batch num: 20, Task 2 acc: 0.0000, Task avg acc:32.8529
2024-05-26 20:21:17,419 - INFO - Batch num: 30, Task 0 acc: 0.3268, Batch num: 30, Task 1 acc: 98.0219, Batch num: 30, Task 2 acc: 0.0000, Task avg acc:32.7829
2024-05-26 20:21:24,355 - INFO - Batch num: 40, Task 0 acc: 0.0159, Batch num: 40, Task 1 acc: 96.9166, Batch num: 40, Task 2 acc: 2.3886, Task avg acc:33.1070
2024-05-26 20:21:31,116 - INFO - Batch num: 50, Task 0 acc: 0.0000, Batch num: 50, Task 1 acc: 85.9624, Batch num: 50, Task 2 acc: 48.9763, Task avg acc:44.9796
2024-05-26 20:21:37,845 - INFO - Batch num: 60, Task 0 acc: 0.0000, Batch num: 60, Task 1 acc: 34.1257, Batch num: 60, Task 2 acc: 93.9206, Task avg acc:42.6821
2024-05-26 20:21:44,578 - INFO - Batch num: 70, Task 0 acc: 0.0000, Batch num: 70, Task 1 acc: 13.8464, Batch num: 70, Task 2 acc: 98.6261, Task avg acc:37.4908
2024-05-26 20:21:51,303 - INFO - Batch num: 80, Task 0 acc: 0.0000, Batch num: 80, Task 1 acc: 3.1250, Batch num: 80, Task 2 acc: 98.9943, Task avg acc:34.0398
2024-05-26 20:21:51,459 - INFO - Epoch 1
2024-05-26 20:21:58,425 - INFO - Batch num: 0, Task 0 acc: 0.0000, Batch num: 0, Task 1 acc: 1.2384, Batch num: 0, Task 2 acc: 99.2188, Task avg acc:33.4857
2024-05-26 20:22:05,292 - INFO - Batch num: 10, Task 0 acc: 0.0000, Batch num: 10, Task 1 acc: 0.7148, Batch num: 10, Task 2 acc: 99.3534, Task avg acc:33.3561
2024-05-26 20:22:12,149 - INFO - Batch num: 20, Task 0 acc: 0.0000, Batch num: 20, Task 1 acc: 0.4820, Batch num: 20, Task 2 acc: 99.4702, Task avg acc:33.3174
2024-05-26 20:22:19,000 - INFO - Batch num: 30, Task 0 acc: 0.0000, Batch num: 30, Task 1 acc: 0.4737, Batch num: 30, Task 2 acc: 99.4702, Task avg acc:33.3146
2024-05-26 20:22:25,740 - INFO - Batch num: 40, Task 0 acc: 0.0000, Batch num: 40, Task 1 acc: 0.4322, Batch num: 40, Task 2 acc: 99.4971, Task avg acc:33.3098
2024-05-26 20:22:32,486 - INFO - Batch num: 50, Task 0 acc: 0.0000, Batch num: 50, Task 1 acc: 0.4737, Batch num: 50, Task 2 acc: 99.5510, Task avg acc:33.3416
2024-05-26 20:22:39,191 - INFO - Batch num: 60, Task 0 acc: 0.0000, Batch num: 60, Task 1 acc: 0.3574, Batch num: 60, Task 2 acc: 99.5690, Task avg acc:33.3088
2024-05-26 20:22:46,050 - INFO - Batch num: 70, Task 0 acc: 0.0000, Batch num: 70, Task 1 acc: 0.2909, Batch num: 70, Task 2 acc: 99.6049, Task avg acc:33.2986
2024-05-26 20:22:52,761 - INFO - Batch num: 80, Task 0 acc: 0.0000, Batch num: 80, Task 1 acc: 0.3491, Batch num: 80, Task 2 acc: 99.6228, Task avg acc:33.3240
2024-05-26 20:22:52,918 - INFO - Epoch 2
2024-05-26 20:22:59,391 - INFO - Batch num: 0, Task 0 acc: 0.0000, Batch num: 0, Task 1 acc: 0.4405, Batch num: 0, Task 2 acc: 99.6318, Task avg acc:33.3574
2024-05-26 20:23:06,128 - INFO - Batch num: 10, Task 0 acc: 0.0000, Batch num: 10, Task 1 acc: 0.5319, Batch num: 10, Task 2 acc: 99.6588, Task avg acc:33.3969
2024-05-26 20:23:12,964 - INFO - Batch num: 20, Task 0 acc: 0.0000, Batch num: 20, Task 1 acc: 0.5070, Batch num: 20, Task 2 acc: 99.6767, Task avg acc:33.3946
2024-05-26 20:23:19,718 - INFO - Batch num: 30, Task 0 acc: 0.0000, Batch num: 30, Task 1 acc: 0.4322, Batch num: 30, Task 2 acc: 99.7126, Task avg acc:33.3816
2024-05-26 20:23:26,425 - INFO - Batch num: 40, Task 0 acc: 0.0000, Batch num: 40, Task 1 acc: 0.3657, Batch num: 40, Task 2 acc: 99.7486, Task avg acc:33.3714
2024-05-26 20:23:33,174 - INFO - Batch num: 50, Task 0 acc: 0.0000, Batch num: 50, Task 1 acc: 0.4156, Batch num: 50, Task 2 acc: 99.7845, Task avg acc:33.4000
2024-05-26 20:23:39,997 - INFO - Batch num: 60, Task 0 acc: 0.0000, Batch num: 60, Task 1 acc: 0.3740, Batch num: 60, Task 2 acc: 99.7755, Task avg acc:33.3832
2024-05-26 20:23:46,757 - INFO - Batch num: 70, Task 0 acc: 0.0000, Batch num: 70, Task 1 acc: 0.3906, Batch num: 70, Task 2 acc: 99.8024, Task avg acc:33.3977
2024-05-26 20:23:53,457 - INFO - Batch num: 80, Task 0 acc: 0.0000, Batch num: 80, Task 1 acc: 0.3491, Batch num: 80, Task 2 acc: 99.7935, Task avg acc:33.3808
2024-05-26 20:23:53,613 - INFO - Epoch 3
2024-05-26 20:24:00,093 - INFO - Batch num: 0, Task 0 acc: 0.0000, Batch num: 0, Task 1 acc: 0.3823, Batch num: 0, Task 2 acc: 99.7935, Task avg acc:33.3919
2024-05-26 20:24:06,975 - INFO - Batch num: 10, Task 0 acc: 0.0000, Batch num: 10, Task 1 acc: 0.3823, Batch num: 10, Task 2 acc: 99.8024, Task avg acc:33.3949
2024-05-26 20:24:13,689 - INFO - Batch num: 20, Task 0 acc: 0.0000, Batch num: 20, Task 1 acc: 0.3241, Batch num: 20, Task 2 acc: 99.7935, Task avg acc:33.3725
2024-05-26 20:24:20,427 - INFO - Batch num: 30, Task 0 acc: 0.0000, Batch num: 30, Task 1 acc: 0.2743, Batch num: 30, Task 2 acc: 99.8114, Task avg acc:33.3619
2024-05-26 20:24:27,277 - INFO - Batch num: 40, Task 0 acc: 0.0000, Batch num: 40, Task 1 acc: 0.2743, Batch num: 40, Task 2 acc: 99.8024, Task avg acc:33.3589
2024-05-26 20:24:34,016 - INFO - Batch num: 50, Task 0 acc: 0.0000, Batch num: 50, Task 1 acc: 0.2992, Batch num: 50, Task 2 acc: 99.8114, Task avg acc:33.3702
2024-05-26 20:24:40,723 - INFO - Batch num: 60, Task 0 acc: 0.0000, Batch num: 60, Task 1 acc: 0.3075, Batch num: 60, Task 2 acc: 99.8294, Task avg acc:33.3790
2024-05-26 20:24:47,435 - INFO - Batch num: 70, Task 0 acc: 0.0000, Batch num: 70, Task 1 acc: 0.2493, Batch num: 70, Task 2 acc: 99.8204, Task avg acc:33.3566
2024-05-26 20:24:54,301 - INFO - Batch num: 80, Task 0 acc: 0.0000, Batch num: 80, Task 1 acc: 0.2078, Batch num: 80, Task 2 acc: 99.8114, Task avg acc:33.3397
2024-05-26 20:24:54,469 - INFO - ##########Task 3##########
2024-05-26 20:24:54,470 - INFO - Epoch 0
2024-05-26 20:25:03,206 - INFO - Batch num: 0, Task 0 acc: 0.0000, Batch num: 0, Task 1 acc: 0.1745, Batch num: 0, Task 2 acc: 99.8114, Batch num: 0, Task 3 acc: 0.0000, Task avg acc:24.9965
2024-05-26 20:25:12,104 - INFO - Batch num: 10, Task 0 acc: 0.0000, Batch num: 10, Task 1 acc: 0.0166, Batch num: 10, Task 2 acc: 99.5959, Batch num: 10, Task 3 acc: 0.0000, Task avg acc:24.9031
2024-05-26 20:25:21,108 - INFO - Batch num: 20, Task 0 acc: 0.0000, Batch num: 20, Task 1 acc: 0.0000, Batch num: 20, Task 2 acc: 99.6228, Batch num: 20, Task 3 acc: 0.0000, Task avg acc:24.9057
2024-05-26 20:25:30,141 - INFO - Batch num: 30, Task 0 acc: 0.0000, Batch num: 30, Task 1 acc: 0.0000, Batch num: 30, Task 2 acc: 99.4881, Batch num: 30, Task 3 acc: 19.0543, Task avg acc:29.6356
2024-05-26 20:25:39,079 - INFO - Batch num: 40, Task 0 acc: 0.0000, Batch num: 40, Task 1 acc: 0.0000, Batch num: 40, Task 2 acc: 93.4447, Batch num: 40, Task 3 acc: 48.4457, Task avg acc:35.4726
2024-05-26 20:25:47,985 - INFO - Batch num: 50, Task 0 acc: 0.0000, Batch num: 50, Task 1 acc: 0.0000, Batch num: 50, Task 2 acc: 76.0417, Batch num: 50, Task 3 acc: 50.9128, Task avg acc:31.7386
2024-05-26 20:25:56,977 - INFO - Batch num: 60, Task 0 acc: 0.0000, Batch num: 60, Task 1 acc: 0.0000, Batch num: 60, Task 2 acc: 60.3807, Batch num: 60, Task 3 acc: 56.1184, Task avg acc:29.1248
2024-05-26 20:26:05,919 - INFO - Batch num: 70, Task 0 acc: 0.0000, Batch num: 70, Task 1 acc: 0.0000, Batch num: 70, Task 2 acc: 43.9745, Batch num: 70, Task 3 acc: 98.6020, Task avg acc:35.6441
2024-05-26 20:26:14,975 - INFO - Batch num: 80, Task 0 acc: 0.0000, Batch num: 80, Task 1 acc: 0.0000, Batch num: 80, Task 2 acc: 15.8764, Batch num: 80, Task 3 acc: 99.7780, Task avg acc:28.9136
2024-05-26 20:26:23,944 - INFO - Batch num: 90, Task 0 acc: 0.0000, Batch num: 90, Task 1 acc: 0.0000, Batch num: 90, Task 2 acc: 7.9741, Batch num: 90, Task 3 acc: 99.7451, Task avg acc:26.9298
2024-05-26 20:26:24,050 - INFO - Epoch 1
2024-05-26 20:26:32,883 - INFO - Batch num: 0, Task 0 acc: 0.0000, Batch num: 0, Task 1 acc: 0.0000, Batch num: 0, Task 2 acc: 6.0075, Batch num: 0, Task 3 acc: 99.7451, Task avg acc:26.4382
2024-05-26 20:26:41,809 - INFO - Batch num: 10, Task 0 acc: 0.0000, Batch num: 10, Task 1 acc: 0.0000, Batch num: 10, Task 2 acc: 4.4540, Batch num: 10, Task 3 acc: 99.8438, Task avg acc:26.0744
2024-05-26 20:26:50,714 - INFO - Batch num: 20, Task 0 acc: 0.0000, Batch num: 20, Task 1 acc: 0.0000, Batch num: 20, Task 2 acc: 3.8254, Batch num: 20, Task 3 acc: 99.8602, Task avg acc:25.9214
2024-05-26 20:26:59,627 - INFO - Batch num: 30, Task 0 acc: 0.0000, Batch num: 30, Task 1 acc: 0.0000, Batch num: 30, Task 2 acc: 4.0230, Batch num: 30, Task 3 acc: 99.8602, Task avg acc:25.9708
2024-05-26 20:27:08,546 - INFO - Batch num: 40, Task 0 acc: 0.0000, Batch num: 40, Task 1 acc: 0.0000, Batch num: 40, Task 2 acc: 3.6279, Batch num: 40, Task 3 acc: 99.8684, Task avg acc:25.8741
2024-05-26 20:27:17,597 - INFO - Batch num: 50, Task 0 acc: 0.0000, Batch num: 50, Task 1 acc: 0.0000, Batch num: 50, Task 2 acc: 3.8254, Batch num: 50, Task 3 acc: 99.8766, Task avg acc:25.9255
2024-05-26 20:27:26,489 - INFO - Batch num: 60, Task 0 acc: 0.0000, Batch num: 60, Task 1 acc: 0.0000, Batch num: 60, Task 2 acc: 3.0711, Batch num: 60, Task 3 acc: 99.9095, Task avg acc:25.7452
2024-05-26 20:27:35,393 - INFO - Batch num: 70, Task 0 acc: 0.0000, Batch num: 70, Task 1 acc: 0.0000, Batch num: 70, Task 2 acc: 3.0083, Batch num: 70, Task 3 acc: 99.9095, Task avg acc:25.7295
2024-05-26 20:27:44,280 - INFO - Batch num: 80, Task 0 acc: 0.0000, Batch num: 80, Task 1 acc: 0.0000, Batch num: 80, Task 2 acc: 3.1519, Batch num: 80, Task 3 acc: 99.9178, Task avg acc:25.7674
2024-05-26 20:27:53,302 - INFO - Batch num: 90, Task 0 acc: 0.0000, Batch num: 90, Task 1 acc: 0.0000, Batch num: 90, Task 2 acc: 3.0801, Batch num: 90, Task 3 acc: 99.9178, Task avg acc:25.7495
2024-05-26 20:27:53,407 - INFO - Epoch 2
2024-05-26 20:28:02,077 - INFO - Batch num: 0, Task 0 acc: 0.0000, Batch num: 0, Task 1 acc: 0.0000, Batch num: 0, Task 2 acc: 2.7748, Batch num: 0, Task 3 acc: 99.9260, Task avg acc:25.6752
2024-05-26 20:28:10,990 - INFO - Batch num: 10, Task 0 acc: 0.0000, Batch num: 10, Task 1 acc: 0.0000, Batch num: 10, Task 2 acc: 2.2270, Batch num: 10, Task 3 acc: 99.9342, Task avg acc:25.5403
2024-05-26 20:28:20,034 - INFO - Batch num: 20, Task 0 acc: 0.0000, Batch num: 20, Task 1 acc: 0.0000, Batch num: 20, Task 2 acc: 2.3078, Batch num: 20, Task 3 acc: 99.9507, Task avg acc:25.5646
2024-05-26 20:28:28,949 - INFO - Batch num: 30, Task 0 acc: 0.0000, Batch num: 30, Task 1 acc: 0.0000, Batch num: 30, Task 2 acc: 2.6311, Batch num: 30, Task 3 acc: 99.9342, Task avg acc:25.6413
2024-05-26 20:28:37,972 - INFO - Batch num: 40, Task 0 acc: 0.0000, Batch num: 40, Task 1 acc: 0.0000, Batch num: 40, Task 2 acc: 2.2540, Batch num: 40, Task 3 acc: 99.9342, Task avg acc:25.5470
2024-05-26 20:28:46,890 - INFO - Batch num: 50, Task 0 acc: 0.0000, Batch num: 50, Task 1 acc: 0.0000, Batch num: 50, Task 2 acc: 2.6042, Batch num: 50, Task 3 acc: 99.9424, Task avg acc:25.6367
2024-05-26 20:28:55,883 - INFO - Batch num: 60, Task 0 acc: 0.0000, Batch num: 60, Task 1 acc: 0.0000, Batch num: 60, Task 2 acc: 2.3438, Batch num: 60, Task 3 acc: 99.9424, Task avg acc:25.5715
2024-05-26 20:29:04,787 - INFO - Batch num: 70, Task 0 acc: 0.0000, Batch num: 70, Task 1 acc: 0.0000, Batch num: 70, Task 2 acc: 2.2989, Batch num: 70, Task 3 acc: 99.9507, Task avg acc:25.5624
2024-05-26 20:29:13,758 - INFO - Batch num: 80, Task 0 acc: 0.0000, Batch num: 80, Task 1 acc: 0.0000, Batch num: 80, Task 2 acc: 2.5772, Batch num: 80, Task 3 acc: 99.9507, Task avg acc:25.6320
2024-05-26 20:29:22,755 - INFO - Batch num: 90, Task 0 acc: 0.0000, Batch num: 90, Task 1 acc: 0.0000, Batch num: 90, Task 2 acc: 2.6042, Batch num: 90, Task 3 acc: 99.9507, Task avg acc:25.6387
2024-05-26 20:29:22,860 - INFO - Epoch 3
2024-05-26 20:29:31,684 - INFO - Batch num: 0, Task 0 acc: 0.0000, Batch num: 0, Task 1 acc: 0.0000, Batch num: 0, Task 2 acc: 2.4515, Batch num: 0, Task 3 acc: 99.9507, Task avg acc:25.6005
2024-05-26 20:29:40,611 - INFO - Batch num: 10, Task 0 acc: 0.0000, Batch num: 10, Task 1 acc: 0.0000, Batch num: 10, Task 2 acc: 2.0923, Batch num: 10, Task 3 acc: 99.9589, Task avg acc:25.5128
2024-05-26 20:29:49,523 - INFO - Batch num: 20, Task 0 acc: 0.0000, Batch num: 20, Task 1 acc: 0.0000, Batch num: 20, Task 2 acc: 2.0115, Batch num: 20, Task 3 acc: 99.9589, Task avg acc:25.4926
2024-05-26 20:29:58,446 - INFO - Batch num: 30, Task 0 acc: 0.0000, Batch num: 30, Task 1 acc: 0.0000, Batch num: 30, Task 2 acc: 2.2180, Batch num: 30, Task 3 acc: 99.9507, Task avg acc:25.5422
2024-05-26 20:30:07,387 - INFO - Batch num: 40, Task 0 acc: 0.0000, Batch num: 40, Task 1 acc: 0.0000, Batch num: 40, Task 2 acc: 1.9127, Batch num: 40, Task 3 acc: 99.9507, Task avg acc:25.4658
2024-05-26 20:30:16,413 - INFO - Batch num: 50, Task 0 acc: 0.0000, Batch num: 50, Task 1 acc: 0.0000, Batch num: 50, Task 2 acc: 2.1731, Batch num: 50, Task 3 acc: 99.9589, Task avg acc:25.5330
2024-05-26 20:30:25,418 - INFO - Batch num: 60, Task 0 acc: 0.0000, Batch num: 60, Task 1 acc: 0.0000, Batch num: 60, Task 2 acc: 2.0025, Batch num: 60, Task 3 acc: 99.9671, Task avg acc:25.4924
2024-05-26 20:30:34,328 - INFO - Batch num: 70, Task 0 acc: 0.0000, Batch num: 70, Task 1 acc: 0.0000, Batch num: 70, Task 2 acc: 2.0025, Batch num: 70, Task 3 acc: 99.9671, Task avg acc:25.4924
2024-05-26 20:30:43,265 - INFO - Batch num: 80, Task 0 acc: 0.0000, Batch num: 80, Task 1 acc: 0.0000, Batch num: 80, Task 2 acc: 2.1193, Batch num: 80, Task 3 acc: 99.9671, Task avg acc:25.5216
2024-05-26 20:30:52,280 - INFO - Batch num: 90, Task 0 acc: 0.0000, Batch num: 90, Task 1 acc: 0.0000, Batch num: 90, Task 2 acc: 2.0833, Batch num: 90, Task 3 acc: 99.9671, Task avg acc:25.5126
2024-05-26 20:30:52,396 - INFO - ##########Task 4##########
2024-05-26 20:30:52,397 - INFO - Epoch 0
2024-05-26 20:31:03,192 - INFO - Batch num: 0, Task 0 acc: 0.0000, Batch num: 0, Task 1 acc: 0.0000, Batch num: 0, Task 2 acc: 2.2180, Batch num: 0, Task 3 acc: 99.9671, Batch num: 0, Task 4 acc: 0.0000, Task avg acc:20.4370
2024-05-26 20:31:14,304 - INFO - Batch num: 10, Task 0 acc: 0.0000, Batch num: 10, Task 1 acc: 0.0000, Batch num: 10, Task 2 acc: 4.1667, Batch num: 10, Task 3 acc: 99.7615, Batch num: 10, Task 4 acc: 0.0000, Task avg acc:20.7856
2024-05-26 20:31:25,417 - INFO - Batch num: 20, Task 0 acc: 0.0000, Batch num: 20, Task 1 acc: 0.0000, Batch num: 20, Task 2 acc: 4.0499, Batch num: 20, Task 3 acc: 99.0461, Batch num: 20, Task 4 acc: 1.0785, Task avg acc:20.8349
2024-05-26 20:31:36,563 - INFO - Batch num: 30, Task 0 acc: 0.0000, Batch num: 30, Task 1 acc: 0.0000, Batch num: 30, Task 2 acc: 2.1282, Batch num: 30, Task 3 acc: 98.9474, Batch num: 30, Task 4 acc: 21.8665, Task avg acc:24.5884
2024-05-26 20:31:47,719 - INFO - Batch num: 40, Task 0 acc: 0.0000, Batch num: 40, Task 1 acc: 0.0000, Batch num: 40, Task 2 acc: 0.0808, Batch num: 40, Task 3 acc: 97.3849, Batch num: 40, Task 4 acc: 54.1355, Task avg acc:30.3202
2024-05-26 20:31:58,879 - INFO - Batch num: 50, Task 0 acc: 0.0000, Batch num: 50, Task 1 acc: 0.0000, Batch num: 50, Task 2 acc: 0.0000, Batch num: 50, Task 3 acc: 62.9934, Batch num: 50, Task 4 acc: 89.5465, Task avg acc:30.5080
2024-05-26 20:32:10,115 - INFO - Batch num: 60, Task 0 acc: 0.0000, Batch num: 60, Task 1 acc: 0.0000, Batch num: 60, Task 2 acc: 0.0000, Batch num: 60, Task 3 acc: 16.9161, Batch num: 60, Task 4 acc: 96.4844, Task avg acc:22.6801
2024-05-26 20:32:21,277 - INFO - Batch num: 70, Task 0 acc: 0.0000, Batch num: 70, Task 1 acc: 0.0000, Batch num: 70, Task 2 acc: 0.0000, Batch num: 70, Task 3 acc: 0.6086, Batch num: 70, Task 4 acc: 97.1892, Task avg acc:19.5596
2024-05-26 20:32:32,316 - INFO - Batch num: 80, Task 0 acc: 0.0000, Batch num: 80, Task 1 acc: 0.0000, Batch num: 80, Task 2 acc: 0.0000, Batch num: 80, Task 3 acc: 0.0905, Batch num: 80, Task 4 acc: 97.6987, Task avg acc:19.5578
2024-05-26 20:32:43,326 - INFO - Batch num: 90, Task 0 acc: 0.0000, Batch num: 90, Task 1 acc: 0.0000, Batch num: 90, Task 2 acc: 0.0000, Batch num: 90, Task 3 acc: 0.0905, Batch num: 90, Task 4 acc: 98.0724, Task avg acc:19.6326
2024-05-26 20:32:43,353 - INFO - Epoch 1
2024-05-26 20:32:54,176 - INFO - Batch num: 0, Task 0 acc: 0.0000, Batch num: 0, Task 1 acc: 0.0000, Batch num: 0, Task 2 acc: 0.0000, Batch num: 0, Task 3 acc: 0.0658, Batch num: 0, Task 4 acc: 98.0978, Task avg acc:19.6327
2024-05-26 20:33:05,340 - INFO - Batch num: 10, Task 0 acc: 0.0000, Batch num: 10, Task 1 acc: 0.0000, Batch num: 10, Task 2 acc: 0.0000, Batch num: 10, Task 3 acc: 0.0576, Batch num: 10, Task 4 acc: 98.2422, Task avg acc:19.6600
2024-05-26 20:33:16,414 - INFO - Batch num: 20, Task 0 acc: 0.0000, Batch num: 20, Task 1 acc: 0.0000, Batch num: 20, Task 2 acc: 0.0000, Batch num: 20, Task 3 acc: 0.0576, Batch num: 20, Task 4 acc: 98.3696, Task avg acc:19.6854
2024-05-26 20:33:27,479 - INFO - Batch num: 30, Task 0 acc: 0.0000, Batch num: 30, Task 1 acc: 0.0000, Batch num: 30, Task 2 acc: 0.0000, Batch num: 30, Task 3 acc: 0.1069, Batch num: 30, Task 4 acc: 98.4885, Task avg acc:19.7191
2024-05-26 20:33:38,522 - INFO - Batch num: 40, Task 0 acc: 0.0000, Batch num: 40, Task 1 acc: 0.0000, Batch num: 40, Task 2 acc: 0.0000, Batch num: 40, Task 3 acc: 0.0905, Batch num: 40, Task 4 acc: 98.5649, Task avg acc:19.7311
2024-05-26 20:33:49,563 - INFO - Batch num: 50, Task 0 acc: 0.0000, Batch num: 50, Task 1 acc: 0.0000, Batch num: 50, Task 2 acc: 0.0000, Batch num: 50, Task 3 acc: 0.0740, Batch num: 50, Task 4 acc: 98.6753, Task avg acc:19.7499
2024-05-26 20:34:00,707 - INFO - Batch num: 60, Task 0 acc: 0.0000, Batch num: 60, Task 1 acc: 0.0000, Batch num: 60, Task 2 acc: 0.0000, Batch num: 60, Task 3 acc: 0.0658, Batch num: 60, Task 4 acc: 98.8196, Task avg acc:19.7771
2024-05-26 20:34:11,757 - INFO - Batch num: 70, Task 0 acc: 0.0000, Batch num: 70, Task 1 acc: 0.0000, Batch num: 70, Task 2 acc: 0.0000, Batch num: 70, Task 3 acc: 0.0576, Batch num: 70, Task 4 acc: 98.8536, Task avg acc:19.7822
2024-05-26 20:34:22,813 - INFO - Batch num: 80, Task 0 acc: 0.0000, Batch num: 80, Task 1 acc: 0.0000, Batch num: 80, Task 2 acc: 0.0000, Batch num: 80, Task 3 acc: 0.0576, Batch num: 80, Task 4 acc: 98.8366, Task avg acc:19.7788
2024-05-26 20:34:33,872 - INFO - Batch num: 90, Task 0 acc: 0.0000, Batch num: 90, Task 1 acc: 0.0000, Batch num: 90, Task 2 acc: 0.0000, Batch num: 90, Task 3 acc: 0.0576, Batch num: 90, Task 4 acc: 98.9895, Task avg acc:19.8094
2024-05-26 20:34:33,901 - INFO - Epoch 2
2024-05-26 20:34:44,753 - INFO - Batch num: 0, Task 0 acc: 0.0000, Batch num: 0, Task 1 acc: 0.0000, Batch num: 0, Task 2 acc: 0.0000, Batch num: 0, Task 3 acc: 0.0658, Batch num: 0, Task 4 acc: 98.9725, Task avg acc:19.8077
2024-05-26 20:34:55,975 - INFO - Batch num: 10, Task 0 acc: 0.0000, Batch num: 10, Task 1 acc: 0.0000, Batch num: 10, Task 2 acc: 0.0000, Batch num: 10, Task 3 acc: 0.0822, Batch num: 10, Task 4 acc: 98.9555, Task avg acc:19.8075
2024-05-26 20:35:07,086 - INFO - Batch num: 20, Task 0 acc: 0.0000, Batch num: 20, Task 1 acc: 0.0000, Batch num: 20, Task 2 acc: 0.0000, Batch num: 20, Task 3 acc: 0.0658, Batch num: 20, Task 4 acc: 98.9470, Task avg acc:19.8026
2024-05-26 20:35:18,136 - INFO - Batch num: 30, Task 0 acc: 0.0000, Batch num: 30, Task 1 acc: 0.0000, Batch num: 30, Task 2 acc: 0.0000, Batch num: 30, Task 3 acc: 0.0658, Batch num: 30, Task 4 acc: 99.0404, Task avg acc:19.8212
2024-05-26 20:35:29,212 - INFO - Batch num: 40, Task 0 acc: 0.0000, Batch num: 40, Task 1 acc: 0.0000, Batch num: 40, Task 2 acc: 0.0000, Batch num: 40, Task 3 acc: 0.0576, Batch num: 40, Task 4 acc: 99.0914, Task avg acc:19.8298
2024-05-26 20:35:40,248 - INFO - Batch num: 50, Task 0 acc: 0.0000, Batch num: 50, Task 1 acc: 0.0000, Batch num: 50, Task 2 acc: 0.0000, Batch num: 50, Task 3 acc: 0.0493, Batch num: 50, Task 4 acc: 99.1423, Task avg acc:19.8383
2024-05-26 20:35:51,446 - INFO - Batch num: 60, Task 0 acc: 0.0000, Batch num: 60, Task 1 acc: 0.0000, Batch num: 60, Task 2 acc: 0.0000, Batch num: 60, Task 3 acc: 0.0658, Batch num: 60, Task 4 acc: 99.1253, Task avg acc:19.8382
2024-05-26 20:36:02,506 - INFO - Batch num: 70, Task 0 acc: 0.0000, Batch num: 70, Task 1 acc: 0.0000, Batch num: 70, Task 2 acc: 0.0000, Batch num: 70, Task 3 acc: 0.0822, Batch num: 70, Task 4 acc: 99.2272, Task avg acc:19.8619
2024-05-26 20:36:13,631 - INFO - Batch num: 80, Task 0 acc: 0.0000, Batch num: 80, Task 1 acc: 0.0000, Batch num: 80, Task 2 acc: 0.0000, Batch num: 80, Task 3 acc: 0.0822, Batch num: 80, Task 4 acc: 99.1678, Task avg acc:19.8500
2024-05-26 20:36:24,674 - INFO - Batch num: 90, Task 0 acc: 0.0000, Batch num: 90, Task 1 acc: 0.0000, Batch num: 90, Task 2 acc: 0.0000, Batch num: 90, Task 3 acc: 0.1069, Batch num: 90, Task 4 acc: 99.2272, Task avg acc:19.8668
2024-05-26 20:36:24,702 - INFO - Epoch 3
2024-05-26 20:36:35,720 - INFO - Batch num: 0, Task 0 acc: 0.0000, Batch num: 0, Task 1 acc: 0.0000, Batch num: 0, Task 2 acc: 0.0000, Batch num: 0, Task 3 acc: 0.0822, Batch num: 0, Task 4 acc: 99.2442, Task avg acc:19.8653
2024-05-26 20:36:46,793 - INFO - Batch num: 10, Task 0 acc: 0.0000, Batch num: 10, Task 1 acc: 0.0000, Batch num: 10, Task 2 acc: 0.0000, Batch num: 10, Task 3 acc: 0.0905, Batch num: 10, Task 4 acc: 99.2612, Task avg acc:19.8703
2024-05-26 20:36:57,841 - INFO - Batch num: 20, Task 0 acc: 0.0000, Batch num: 20, Task 1 acc: 0.0000, Batch num: 20, Task 2 acc: 0.0000, Batch num: 20, Task 3 acc: 0.0740, Batch num: 20, Task 4 acc: 99.2612, Task avg acc:19.8670
2024-05-26 20:37:08,903 - INFO - Batch num: 30, Task 0 acc: 0.0000, Batch num: 30, Task 1 acc: 0.0000, Batch num: 30, Task 2 acc: 0.0000, Batch num: 30, Task 3 acc: 0.0658, Batch num: 30, Task 4 acc: 99.3207, Task avg acc:19.8773
2024-05-26 20:37:19,914 - INFO - Batch num: 40, Task 0 acc: 0.0000, Batch num: 40, Task 1 acc: 0.0000, Batch num: 40, Task 2 acc: 0.0000, Batch num: 40, Task 3 acc: 0.0740, Batch num: 40, Task 4 acc: 99.3376, Task avg acc:19.8823
2024-05-26 20:37:31,156 - INFO - Batch num: 50, Task 0 acc: 0.0000, Batch num: 50, Task 1 acc: 0.0000, Batch num: 50, Task 2 acc: 0.0000, Batch num: 50, Task 3 acc: 0.0493, Batch num: 50, Task 4 acc: 99.3461, Task avg acc:19.8791
2024-05-26 20:37:42,208 - INFO - Batch num: 60, Task 0 acc: 0.0000, Batch num: 60, Task 1 acc: 0.0000, Batch num: 60, Task 2 acc: 0.0000, Batch num: 60, Task 3 acc: 0.0658, Batch num: 60, Task 4 acc: 99.3631, Task avg acc:19.8858
2024-05-26 20:37:53,286 - INFO - Batch num: 70, Task 0 acc: 0.0000, Batch num: 70, Task 1 acc: 0.0000, Batch num: 70, Task 2 acc: 0.0000, Batch num: 70, Task 3 acc: 0.0822, Batch num: 70, Task 4 acc: 99.3716, Task avg acc:19.8908
2024-05-26 20:38:04,326 - INFO - Batch num: 80, Task 0 acc: 0.0000, Batch num: 80, Task 1 acc: 0.0000, Batch num: 80, Task 2 acc: 0.0000, Batch num: 80, Task 3 acc: 0.0822, Batch num: 80, Task 4 acc: 99.3716, Task avg acc:19.8908
2024-05-26 20:38:15,392 - INFO - Batch num: 90, Task 0 acc: 0.0000, Batch num: 90, Task 1 acc: 0.0000, Batch num: 90, Task 2 acc: 0.0000, Batch num: 90, Task 3 acc: 0.0822, Batch num: 90, Task 4 acc: 99.3546, Task avg acc:19.8874
