2024-05-26 17:00:48,973 - INFO - ##########Task 0##########
2024-05-26 17:00:48,974 - INFO - Epoch 0
2024-05-26 17:00:51,458 - INFO - Batch num: 0, Task 0 acc: 61.0013, Task avg acc:61.0013
2024-05-26 17:00:53,980 - INFO - Batch num: 10, Task 0 acc: 97.2895, Task avg acc:97.2895
2024-05-26 17:00:56,605 - INFO - Batch num: 20, Task 0 acc: 99.4180, Task avg acc:99.4180
2024-05-26 17:00:59,115 - INFO - Batch num: 30, Task 0 acc: 99.6811, Task avg acc:99.6811
2024-05-26 17:01:01,645 - INFO - Batch num: 40, Task 0 acc: 99.7688, Task avg acc:99.7688
2024-05-26 17:01:04,163 - INFO - Batch num: 50, Task 0 acc: 99.7927, Task avg acc:99.7927
2024-05-26 17:01:06,823 - INFO - Batch num: 60, Task 0 acc: 99.8485, Task avg acc:99.8485
2024-05-26 17:01:09,334 - INFO - Batch num: 70, Task 0 acc: 99.8724, Task avg acc:99.8724
2024-05-26 17:01:11,849 - INFO - Batch num: 80, Task 0 acc: 99.8884, Task avg acc:99.8884
2024-05-26 17:01:14,371 - INFO - Batch num: 90, Task 0 acc: 99.8964, Task avg acc:99.8964
2024-05-26 17:01:14,586 - INFO - Epoch 1
2024-05-26 17:01:16,983 - INFO - Batch num: 0, Task 0 acc: 99.8964, Task avg acc:99.8964
2024-05-26 17:01:19,507 - INFO - Batch num: 10, Task 0 acc: 99.9043, Task avg acc:99.9043
2024-05-26 17:01:22,033 - INFO - Batch num: 20, Task 0 acc: 99.9362, Task avg acc:99.9362
2024-05-26 17:01:24,550 - INFO - Batch num: 30, Task 0 acc: 99.9362, Task avg acc:99.9362
2024-05-26 17:01:27,167 - INFO - Batch num: 40, Task 0 acc: 99.9283, Task avg acc:99.9283
2024-05-26 17:01:29,681 - INFO - Batch num: 50, Task 0 acc: 99.9283, Task avg acc:99.9283
2024-05-26 17:01:32,228 - INFO - Batch num: 60, Task 0 acc: 99.9362, Task avg acc:99.9362
2024-05-26 17:01:34,757 - INFO - Batch num: 70, Task 0 acc: 99.9442, Task avg acc:99.9442
2024-05-26 17:01:37,389 - INFO - Batch num: 80, Task 0 acc: 99.9362, Task avg acc:99.9362
2024-05-26 17:01:39,899 - INFO - Batch num: 90, Task 0 acc: 99.9362, Task avg acc:99.9362
2024-05-26 17:01:40,079 - INFO - Epoch 2
2024-05-26 17:01:42,500 - INFO - Batch num: 0, Task 0 acc: 99.9362, Task avg acc:99.9362
2024-05-26 17:01:45,055 - INFO - Batch num: 10, Task 0 acc: 99.9362, Task avg acc:99.9362
2024-05-26 17:01:47,593 - INFO - Batch num: 20, Task 0 acc: 99.9442, Task avg acc:99.9442
2024-05-26 17:01:50,113 - INFO - Batch num: 30, Task 0 acc: 99.9442, Task avg acc:99.9442
2024-05-26 17:01:52,751 - INFO - Batch num: 40, Task 0 acc: 99.9442, Task avg acc:99.9442
2024-05-26 17:01:55,266 - INFO - Batch num: 50, Task 0 acc: 99.9442, Task avg acc:99.9442
2024-05-26 17:01:57,885 - INFO - Batch num: 60, Task 0 acc: 99.9442, Task avg acc:99.9442
2024-05-26 17:02:00,551 - INFO - Batch num: 70, Task 0 acc: 99.9442, Task avg acc:99.9442
2024-05-26 17:02:03,073 - INFO - Batch num: 80, Task 0 acc: 99.9442, Task avg acc:99.9442
2024-05-26 17:02:05,595 - INFO - Batch num: 90, Task 0 acc: 99.9522, Task avg acc:99.9522
2024-05-26 17:02:05,775 - INFO - Epoch 3
2024-05-26 17:02:08,168 - INFO - Batch num: 0, Task 0 acc: 99.9522, Task avg acc:99.9522
2024-05-26 17:02:10,690 - INFO - Batch num: 10, Task 0 acc: 99.9522, Task avg acc:99.9522
2024-05-26 17:02:13,202 - INFO - Batch num: 20, Task 0 acc: 99.9522, Task avg acc:99.9522
2024-05-26 17:02:15,780 - INFO - Batch num: 30, Task 0 acc: 99.9362, Task avg acc:99.9362
2024-05-26 17:02:18,420 - INFO - Batch num: 40, Task 0 acc: 99.9442, Task avg acc:99.9442
2024-05-26 17:02:20,947 - INFO - Batch num: 50, Task 0 acc: 99.9442, Task avg acc:99.9442
2024-05-26 17:02:23,587 - INFO - Batch num: 60, Task 0 acc: 99.9442, Task avg acc:99.9442
2024-05-26 17:02:26,103 - INFO - Batch num: 70, Task 0 acc: 99.9362, Task avg acc:99.9362
2024-05-26 17:02:28,611 - INFO - Batch num: 80, Task 0 acc: 99.9522, Task avg acc:99.9522
2024-05-26 17:02:31,159 - INFO - Batch num: 90, Task 0 acc: 99.9522, Task avg acc:99.9522
2024-05-26 17:02:31,345 - INFO - ##########Task 1##########
2024-05-26 17:02:31,346 - INFO - Epoch 0
2024-05-26 17:02:35,961 - INFO - Batch num: 0, Task 0 acc: 99.9442, Batch num: 0, Task 1 acc: 0.0000, Task avg acc:49.9721
2024-05-26 17:02:40,747 - INFO - Batch num: 10, Task 0 acc: 99.9442, Batch num: 10, Task 1 acc: 0.0000, Task avg acc:49.9721
2024-05-26 17:02:45,478 - INFO - Batch num: 20, Task 0 acc: 99.9203, Batch num: 20, Task 1 acc: 0.0083, Task avg acc:49.9643
2024-05-26 17:02:50,169 - INFO - Batch num: 30, Task 0 acc: 99.9203, Batch num: 30, Task 1 acc: 0.4239, Task avg acc:50.1721
2024-05-26 17:02:54,979 - INFO - Batch num: 40, Task 0 acc: 99.9203, Batch num: 40, Task 1 acc: 3.3162, Task avg acc:51.6182
2024-05-26 17:02:59,717 - INFO - Batch num: 50, Task 0 acc: 99.9123, Batch num: 50, Task 1 acc: 8.5023, Task avg acc:54.2073
2024-05-26 17:03:04,406 - INFO - Batch num: 60, Task 0 acc: 99.9123, Batch num: 60, Task 1 acc: 9.9318, Task avg acc:54.9221
2024-05-26 17:03:09,112 - INFO - Batch num: 70, Task 0 acc: 99.9043, Batch num: 70, Task 1 acc: 11.5359, Task avg acc:55.7201
2024-05-26 17:03:13,926 - INFO - Batch num: 80, Task 0 acc: 99.8964, Batch num: 80, Task 1 acc: 13.1483, Task avg acc:56.5223
2024-05-26 17:03:18,621 - INFO - Batch num: 90, Task 0 acc: 99.9043, Batch num: 90, Task 1 acc: 12.9571, Task avg acc:56.4307
2024-05-26 17:03:18,702 - INFO - Epoch 1
2024-05-26 17:03:23,170 - INFO - Batch num: 0, Task 0 acc: 99.9043, Batch num: 0, Task 1 acc: 12.0346, Task avg acc:55.9695
2024-05-26 17:03:28,004 - INFO - Batch num: 10, Task 0 acc: 99.9043, Batch num: 10, Task 1 acc: 12.8574, Task avg acc:56.3809
2024-05-26 17:03:32,698 - INFO - Batch num: 20, Task 0 acc: 99.8884, Batch num: 20, Task 1 acc: 13.3311, Task avg acc:56.6098
2024-05-26 17:03:37,514 - INFO - Batch num: 30, Task 0 acc: 99.8884, Batch num: 30, Task 1 acc: 12.0678, Task avg acc:55.9781
2024-05-26 17:03:42,213 - INFO - Batch num: 40, Task 0 acc: 99.8884, Batch num: 40, Task 1 acc: 10.8959, Task avg acc:55.3922
2024-05-26 17:03:47,033 - INFO - Batch num: 50, Task 0 acc: 99.9043, Batch num: 50, Task 1 acc: 11.9847, Task avg acc:55.9445
2024-05-26 17:03:51,720 - INFO - Batch num: 60, Task 0 acc: 99.8884, Batch num: 60, Task 1 acc: 12.8989, Task avg acc:56.3937
2024-05-26 17:03:56,546 - INFO - Batch num: 70, Task 0 acc: 99.8884, Batch num: 70, Task 1 acc: 13.0236, Task avg acc:56.4560
2024-05-26 17:04:01,251 - INFO - Batch num: 80, Task 0 acc: 99.8884, Batch num: 80, Task 1 acc: 13.2148, Task avg acc:56.5516
2024-05-26 17:04:05,955 - INFO - Batch num: 90, Task 0 acc: 99.8884, Batch num: 90, Task 1 acc: 12.6745, Task avg acc:56.2815
2024-05-26 17:04:06,033 - INFO - Epoch 2
2024-05-26 17:04:10,608 - INFO - Batch num: 0, Task 0 acc: 99.8964, Batch num: 0, Task 1 acc: 12.6995, Task avg acc:56.2979
2024-05-26 17:04:15,371 - INFO - Batch num: 10, Task 0 acc: 99.8964, Batch num: 10, Task 1 acc: 14.1373, Task avg acc:57.0168
2024-05-26 17:04:20,095 - INFO - Batch num: 20, Task 0 acc: 99.8884, Batch num: 20, Task 1 acc: 14.9435, Task avg acc:57.4159
2024-05-26 17:04:24,977 - INFO - Batch num: 30, Task 0 acc: 99.8884, Batch num: 30, Task 1 acc: 14.6277, Task avg acc:57.2580
2024-05-26 17:04:29,680 - INFO - Batch num: 40, Task 0 acc: 99.8964, Batch num: 40, Task 1 acc: 15.3341, Task avg acc:57.6152
2024-05-26 17:04:34,377 - INFO - Batch num: 50, Task 0 acc: 99.9043, Batch num: 50, Task 1 acc: 14.7689, Task avg acc:57.3366
2024-05-26 17:04:39,194 - INFO - Batch num: 60, Task 0 acc: 99.8964, Batch num: 60, Task 1 acc: 13.5971, Task avg acc:56.7467
2024-05-26 17:04:43,907 - INFO - Batch num: 70, Task 0 acc: 99.8884, Batch num: 70, Task 1 acc: 14.3949, Task avg acc:57.1417
2024-05-26 17:04:48,612 - INFO - Batch num: 80, Task 0 acc: 99.8884, Batch num: 80, Task 1 acc: 14.4116, Task avg acc:57.1500
2024-05-26 17:04:53,457 - INFO - Batch num: 90, Task 0 acc: 99.8884, Batch num: 90, Task 1 acc: 13.4724, Task avg acc:56.6804
2024-05-26 17:04:53,536 - INFO - Epoch 3
2024-05-26 17:04:58,004 - INFO - Batch num: 0, Task 0 acc: 99.8884, Batch num: 0, Task 1 acc: 13.2064, Task avg acc:56.5474
2024-05-26 17:05:02,701 - INFO - Batch num: 10, Task 0 acc: 99.8964, Batch num: 10, Task 1 acc: 12.8408, Task avg acc:56.3686
2024-05-26 17:05:07,507 - INFO - Batch num: 20, Task 0 acc: 99.8884, Batch num: 20, Task 1 acc: 13.7301, Task avg acc:56.8092
2024-05-26 17:05:12,201 - INFO - Batch num: 30, Task 0 acc: 99.8884, Batch num: 30, Task 1 acc: 14.2869, Task avg acc:57.0876
2024-05-26 17:05:16,974 - INFO - Batch num: 40, Task 0 acc: 99.9043, Batch num: 40, Task 1 acc: 15.1845, Task avg acc:57.5444
2024-05-26 17:05:21,827 - INFO - Batch num: 50, Task 0 acc: 99.8884, Batch num: 50, Task 1 acc: 15.4505, Task avg acc:57.6694
2024-05-26 17:05:26,533 - INFO - Batch num: 60, Task 0 acc: 99.8884, Batch num: 60, Task 1 acc: 14.8687, Task avg acc:57.3785
2024-05-26 17:05:31,348 - INFO - Batch num: 70, Task 0 acc: 99.8884, Batch num: 70, Task 1 acc: 14.3201, Task avg acc:57.1043
2024-05-26 17:05:36,069 - INFO - Batch num: 80, Task 0 acc: 99.8884, Batch num: 80, Task 1 acc: 14.2952, Task avg acc:57.0918
2024-05-26 17:05:40,863 - INFO - Batch num: 90, Task 0 acc: 99.8884, Batch num: 90, Task 1 acc: 14.1789, Task avg acc:57.0336
2024-05-26 17:05:40,954 - INFO - ##########Task 2##########
2024-05-26 17:05:40,954 - INFO - Epoch 0
2024-05-26 17:05:47,434 - INFO - Batch num: 0, Task 0 acc: 99.8804, Batch num: 0, Task 1 acc: 14.2952, Batch num: 0, Task 2 acc: 0.0000, Task avg acc:38.0585
2024-05-26 17:05:54,274 - INFO - Batch num: 10, Task 0 acc: 99.8246, Batch num: 10, Task 1 acc: 10.5635, Batch num: 10, Task 2 acc: 0.0000, Task avg acc:36.7960
2024-05-26 17:06:00,957 - INFO - Batch num: 20, Task 0 acc: 99.7848, Batch num: 20, Task 1 acc: 10.0233, Batch num: 20, Task 2 acc: 0.0000, Task avg acc:36.6027
2024-05-26 17:06:07,788 - INFO - Batch num: 30, Task 0 acc: 99.7927, Batch num: 30, Task 1 acc: 11.3697, Batch num: 30, Task 2 acc: 0.0000, Task avg acc:37.0541
2024-05-26 17:06:14,477 - INFO - Batch num: 40, Task 0 acc: 99.7608, Batch num: 40, Task 1 acc: 11.6855, Batch num: 40, Task 2 acc: 0.0000, Task avg acc:37.1488
2024-05-26 17:06:21,186 - INFO - Batch num: 50, Task 0 acc: 99.7688, Batch num: 50, Task 1 acc: 11.3032, Batch num: 50, Task 2 acc: 0.0000, Task avg acc:37.0240
2024-05-26 17:06:28,022 - INFO - Batch num: 60, Task 0 acc: 99.7369, Batch num: 60, Task 1 acc: 9.8404, Batch num: 60, Task 2 acc: 0.1078, Task avg acc:36.5617
2024-05-26 17:06:34,745 - INFO - Batch num: 70, Task 0 acc: 99.6732, Batch num: 70, Task 1 acc: 10.3059, Batch num: 70, Task 2 acc: 2.6042, Task avg acc:37.5277
2024-05-26 17:06:41,450 - INFO - Batch num: 80, Task 0 acc: 99.6811, Batch num: 80, Task 1 acc: 8.7600, Batch num: 80, Task 2 acc: 10.7579, Task avg acc:39.7330
2024-05-26 17:06:41,607 - INFO - Epoch 1
2024-05-26 17:06:48,220 - INFO - Batch num: 0, Task 0 acc: 99.6572, Batch num: 0, Task 1 acc: 6.1087, Batch num: 0, Task 2 acc: 18.5345, Task avg acc:41.4335
2024-05-26 17:06:54,915 - INFO - Batch num: 10, Task 0 acc: 99.6652, Batch num: 10, Task 1 acc: 1.8617, Batch num: 10, Task 2 acc: 30.7381, Task avg acc:44.0883
2024-05-26 17:07:01,620 - INFO - Batch num: 20, Task 0 acc: 99.5376, Batch num: 20, Task 1 acc: 0.1413, Batch num: 20, Task 2 acc: 42.6275, Task avg acc:47.4355
2024-05-26 17:07:08,413 - INFO - Batch num: 30, Task 0 acc: 99.3862, Batch num: 30, Task 1 acc: 0.0997, Batch num: 30, Task 2 acc: 49.0302, Task avg acc:49.5054
2024-05-26 17:07:15,141 - INFO - Batch num: 40, Task 0 acc: 99.1629, Batch num: 40, Task 1 acc: 0.0997, Batch num: 40, Task 2 acc: 52.6311, Task avg acc:50.6313
2024-05-26 17:07:21,948 - INFO - Batch num: 50, Task 0 acc: 98.9876, Batch num: 50, Task 1 acc: 0.0914, Batch num: 50, Task 2 acc: 55.0826, Task avg acc:51.3872
2024-05-26 17:07:28,649 - INFO - Batch num: 60, Task 0 acc: 99.0035, Batch num: 60, Task 1 acc: 0.0416, Batch num: 60, Task 2 acc: 56.5643, Task avg acc:51.8698
2024-05-26 17:07:35,468 - INFO - Batch num: 70, Task 0 acc: 98.8520, Batch num: 70, Task 1 acc: 0.0831, Batch num: 70, Task 2 acc: 56.7259, Task avg acc:51.8870
2024-05-26 17:07:42,178 - INFO - Batch num: 80, Task 0 acc: 98.9318, Batch num: 80, Task 1 acc: 0.0665, Batch num: 80, Task 2 acc: 58.3603, Task avg acc:52.4528
2024-05-26 17:07:42,333 - INFO - Epoch 2
2024-05-26 17:07:48,869 - INFO - Batch num: 0, Task 0 acc: 98.6368, Batch num: 0, Task 1 acc: 0.0997, Batch num: 0, Task 2 acc: 59.6264, Task avg acc:52.7877
2024-05-26 17:07:55,683 - INFO - Batch num: 10, Task 0 acc: 98.6527, Batch num: 10, Task 1 acc: 0.0997, Batch num: 10, Task 2 acc: 60.0305, Task avg acc:52.9277
2024-05-26 17:08:02,394 - INFO - Batch num: 20, Task 0 acc: 98.3976, Batch num: 20, Task 1 acc: 0.0914, Batch num: 20, Task 2 acc: 61.4673, Task avg acc:53.3188
2024-05-26 17:08:09,203 - INFO - Batch num: 30, Task 0 acc: 98.5810, Batch num: 30, Task 1 acc: 0.1080, Batch num: 30, Task 2 acc: 62.3114, Task avg acc:53.6668
2024-05-26 17:08:15,918 - INFO - Batch num: 40, Task 0 acc: 98.5013, Batch num: 40, Task 1 acc: 0.0914, Batch num: 40, Task 2 acc: 62.5269, Task avg acc:53.7065
2024-05-26 17:08:22,633 - INFO - Batch num: 50, Task 0 acc: 98.3817, Batch num: 50, Task 1 acc: 0.1247, Batch num: 50, Task 2 acc: 62.6976, Task avg acc:53.7346
2024-05-26 17:08:29,429 - INFO - Batch num: 60, Task 0 acc: 98.5252, Batch num: 60, Task 1 acc: 0.1080, Batch num: 60, Task 2 acc: 62.5898, Task avg acc:53.7410
2024-05-26 17:08:36,154 - INFO - Batch num: 70, Task 0 acc: 98.4774, Batch num: 70, Task 1 acc: 0.1330, Batch num: 70, Task 2 acc: 62.0061, Task avg acc:53.5388
2024-05-26 17:08:42,860 - INFO - Batch num: 80, Task 0 acc: 98.5969, Batch num: 80, Task 1 acc: 0.1330, Batch num: 80, Task 2 acc: 63.0029, Task avg acc:53.9109
2024-05-26 17:08:43,015 - INFO - Epoch 3
2024-05-26 17:08:49,603 - INFO - Batch num: 0, Task 0 acc: 98.4216, Batch num: 0, Task 1 acc: 0.1164, Batch num: 0, Task 2 acc: 63.2902, Task avg acc:53.9427
2024-05-26 17:08:56,314 - INFO - Batch num: 10, Task 0 acc: 98.0548, Batch num: 10, Task 1 acc: 0.1164, Batch num: 10, Task 2 acc: 64.3858, Task avg acc:54.1857
2024-05-26 17:09:03,250 - INFO - Batch num: 20, Task 0 acc: 97.6562, Batch num: 20, Task 1 acc: 0.1080, Batch num: 20, Task 2 acc: 65.6070, Task avg acc:54.4571
2024-05-26 17:09:09,973 - INFO - Batch num: 30, Task 0 acc: 98.2382, Batch num: 30, Task 1 acc: 0.1247, Batch num: 30, Task 2 acc: 66.3165, Task avg acc:54.8931
2024-05-26 17:09:16,708 - INFO - Batch num: 40, Task 0 acc: 98.2621, Batch num: 40, Task 1 acc: 0.1496, Batch num: 40, Task 2 acc: 66.3793, Task avg acc:54.9303
2024-05-26 17:09:23,520 - INFO - Batch num: 50, Task 0 acc: 98.0309, Batch num: 50, Task 1 acc: 0.1496, Batch num: 50, Task 2 acc: 66.2805, Task avg acc:54.8204
2024-05-26 17:09:30,209 - INFO - Batch num: 60, Task 0 acc: 97.9831, Batch num: 60, Task 1 acc: 0.0997, Batch num: 60, Task 2 acc: 66.6128, Task avg acc:54.8985
2024-05-26 17:09:36,897 - INFO - Batch num: 70, Task 0 acc: 97.7200, Batch num: 70, Task 1 acc: 0.1164, Batch num: 70, Task 2 acc: 66.4242, Task avg acc:54.7535
2024-05-26 17:09:43,590 - INFO - Batch num: 80, Task 0 acc: 98.0469, Batch num: 80, Task 1 acc: 0.1080, Batch num: 80, Task 2 acc: 67.1426, Task avg acc:55.0992
2024-05-26 17:09:43,867 - INFO - ##########Task 3##########
2024-05-26 17:09:43,868 - INFO - Epoch 0
2024-05-26 17:09:52,540 - INFO - Batch num: 0, Task 0 acc: 97.9990, Batch num: 0, Task 1 acc: 0.1080, Batch num: 0, Task 2 acc: 64.2421, Batch num: 0, Task 3 acc: 0.0000, Task avg acc:40.5873
2024-05-26 17:10:01,463 - INFO - Batch num: 10, Task 0 acc: 97.8795, Batch num: 10, Task 1 acc: 0.0582, Batch num: 10, Task 2 acc: 62.9400, Batch num: 10, Task 3 acc: 0.0000, Task avg acc:40.2194
2024-05-26 17:10:10,477 - INFO - Batch num: 20, Task 0 acc: 98.2063, Batch num: 20, Task 1 acc: 0.0332, Batch num: 20, Task 2 acc: 61.2338, Batch num: 20, Task 3 acc: 0.0000, Task avg acc:39.8683
2024-05-26 17:10:19,368 - INFO - Batch num: 30, Task 0 acc: 98.9477, Batch num: 30, Task 1 acc: 0.0416, Batch num: 30, Task 2 acc: 57.5251, Batch num: 30, Task 3 acc: 0.0000, Task avg acc:39.1286
2024-05-26 17:10:28,349 - INFO - Batch num: 40, Task 0 acc: 98.8520, Batch num: 40, Task 1 acc: 0.0416, Batch num: 40, Task 2 acc: 58.9978, Batch num: 40, Task 3 acc: 0.0000, Task avg acc:39.4729
2024-05-26 17:10:37,228 - INFO - Batch num: 50, Task 0 acc: 98.3658, Batch num: 50, Task 1 acc: 0.0083, Batch num: 50, Task 2 acc: 61.9522, Batch num: 50, Task 3 acc: 0.0082, Task avg acc:40.0836
2024-05-26 17:10:46,105 - INFO - Batch num: 60, Task 0 acc: 98.2382, Batch num: 60, Task 1 acc: 0.0000, Batch num: 60, Task 2 acc: 62.1228, Batch num: 60, Task 3 acc: 0.6086, Task avg acc:40.2424
2024-05-26 17:10:55,140 - INFO - Batch num: 70, Task 0 acc: 98.3498, Batch num: 70, Task 1 acc: 0.0000, Batch num: 70, Task 2 acc: 61.8445, Batch num: 70, Task 3 acc: 10.2796, Task avg acc:42.6185
2024-05-26 17:11:04,011 - INFO - Batch num: 80, Task 0 acc: 98.2223, Batch num: 80, Task 1 acc: 0.0000, Batch num: 80, Task 2 acc: 60.5963, Batch num: 80, Task 3 acc: 52.5822, Task avg acc:52.8502
2024-05-26 17:11:13,022 - INFO - Batch num: 90, Task 0 acc: 90.4496, Batch num: 90, Task 1 acc: 0.0000, Batch num: 90, Task 2 acc: 38.8919, Batch num: 90, Task 3 acc: 86.1924, Task avg acc:53.8835
2024-05-26 17:11:13,128 - INFO - Epoch 1
2024-05-26 17:11:21,800 - INFO - Batch num: 0, Task 0 acc: 72.2178, Batch num: 0, Task 1 acc: 0.0000, Batch num: 0, Task 2 acc: 25.7453, Batch num: 0, Task 3 acc: 89.8602, Task avg acc:46.9558
2024-05-26 17:11:30,779 - INFO - Batch num: 10, Task 0 acc: 57.2943, Batch num: 10, Task 1 acc: 0.0000, Batch num: 10, Task 2 acc: 9.3840, Batch num: 10, Task 3 acc: 97.2368, Task avg acc:40.9788
2024-05-26 17:11:39,665 - INFO - Batch num: 20, Task 0 acc: 26.5147, Batch num: 20, Task 1 acc: 0.0000, Batch num: 20, Task 2 acc: 4.3193, Batch num: 20, Task 3 acc: 99.6135, Task avg acc:32.6119
2024-05-26 17:11:48,720 - INFO - Batch num: 30, Task 0 acc: 3.6432, Batch num: 30, Task 1 acc: 0.0000, Batch num: 30, Task 2 acc: 2.6042, Batch num: 30, Task 3 acc: 99.7368, Task avg acc:26.4960
2024-05-26 17:11:57,647 - INFO - Batch num: 40, Task 0 acc: 0.6776, Batch num: 40, Task 1 acc: 0.0000, Batch num: 40, Task 2 acc: 2.0115, Batch num: 40, Task 3 acc: 99.7533, Task avg acc:25.6106
2024-05-26 17:12:06,524 - INFO - Batch num: 50, Task 0 acc: 0.2471, Batch num: 50, Task 1 acc: 0.0000, Batch num: 50, Task 2 acc: 1.9666, Batch num: 50, Task 3 acc: 99.7862, Task avg acc:25.5000
2024-05-26 17:12:15,542 - INFO - Batch num: 60, Task 0 acc: 0.1355, Batch num: 60, Task 1 acc: 0.0000, Batch num: 60, Task 2 acc: 1.7870, Batch num: 60, Task 3 acc: 99.7944, Task avg acc:25.4292
2024-05-26 17:12:24,429 - INFO - Batch num: 70, Task 0 acc: 0.0478, Batch num: 70, Task 1 acc: 0.0000, Batch num: 70, Task 2 acc: 1.4458, Batch num: 70, Task 3 acc: 99.8026, Task avg acc:25.3241
2024-05-26 17:12:33,299 - INFO - Batch num: 80, Task 0 acc: 0.0080, Batch num: 80, Task 1 acc: 0.0000, Batch num: 80, Task 2 acc: 1.0596, Batch num: 80, Task 3 acc: 99.8273, Task avg acc:25.2237
2024-05-26 17:12:42,348 - INFO - Batch num: 90, Task 0 acc: 0.0000, Batch num: 90, Task 1 acc: 0.0000, Batch num: 90, Task 2 acc: 1.0506, Batch num: 90, Task 3 acc: 99.8273, Task avg acc:25.2195
2024-05-26 17:12:42,454 - INFO - Epoch 2
2024-05-26 17:12:51,142 - INFO - Batch num: 0, Task 0 acc: 0.0080, Batch num: 0, Task 1 acc: 0.0000, Batch num: 0, Task 2 acc: 1.1404, Batch num: 0, Task 3 acc: 99.8273, Task avg acc:25.2439
2024-05-26 17:13:00,154 - INFO - Batch num: 10, Task 0 acc: 0.0080, Batch num: 10, Task 1 acc: 0.0000, Batch num: 10, Task 2 acc: 0.7094, Batch num: 10, Task 3 acc: 99.8684, Task avg acc:25.1465
2024-05-26 17:13:09,063 - INFO - Batch num: 20, Task 0 acc: 0.0000, Batch num: 20, Task 1 acc: 0.0000, Batch num: 20, Task 2 acc: 0.7453, Batch num: 20, Task 3 acc: 99.8766, Task avg acc:25.1555
2024-05-26 17:13:18,199 - INFO - Batch num: 30, Task 0 acc: 0.0000, Batch num: 30, Task 1 acc: 0.0000, Batch num: 30, Task 2 acc: 0.6466, Batch num: 30, Task 3 acc: 99.8766, Task avg acc:25.1308
2024-05-26 17:13:27,101 - INFO - Batch num: 40, Task 0 acc: 0.0000, Batch num: 40, Task 1 acc: 0.0000, Batch num: 40, Task 2 acc: 0.6645, Batch num: 40, Task 3 acc: 99.8766, Task avg acc:25.1353
2024-05-26 17:13:36,146 - INFO - Batch num: 50, Task 0 acc: 0.0000, Batch num: 50, Task 1 acc: 0.0000, Batch num: 50, Task 2 acc: 0.7902, Batch num: 50, Task 3 acc: 99.8684, Task avg acc:25.1647
2024-05-26 17:13:45,050 - INFO - Batch num: 60, Task 0 acc: 0.0000, Batch num: 60, Task 1 acc: 0.0000, Batch num: 60, Task 2 acc: 0.7094, Batch num: 60, Task 3 acc: 99.8766, Task avg acc:25.1465
2024-05-26 17:13:54,062 - INFO - Batch num: 70, Task 0 acc: 0.0000, Batch num: 70, Task 1 acc: 0.0000, Batch num: 70, Task 2 acc: 0.6106, Batch num: 70, Task 3 acc: 99.8766, Task avg acc:25.1218
2024-05-26 17:14:02,936 - INFO - Batch num: 80, Task 0 acc: 0.0000, Batch num: 80, Task 1 acc: 0.0000, Batch num: 80, Task 2 acc: 0.3772, Batch num: 80, Task 3 acc: 99.8931, Task avg acc:25.0676
2024-05-26 17:14:11,824 - INFO - Batch num: 90, Task 0 acc: 0.0000, Batch num: 90, Task 1 acc: 0.0000, Batch num: 90, Task 2 acc: 0.4849, Batch num: 90, Task 3 acc: 99.8931, Task avg acc:25.0945
2024-05-26 17:14:11,930 - INFO - Epoch 3
2024-05-26 17:14:20,676 - INFO - Batch num: 0, Task 0 acc: 0.0000, Batch num: 0, Task 1 acc: 0.0000, Batch num: 0, Task 2 acc: 0.5029, Batch num: 0, Task 3 acc: 99.8931, Task avg acc:25.0990
2024-05-26 17:14:29,746 - INFO - Batch num: 10, Task 0 acc: 0.0000, Batch num: 10, Task 1 acc: 0.0000, Batch num: 10, Task 2 acc: 0.4310, Batch num: 10, Task 3 acc: 99.8849, Task avg acc:25.0790
2024-05-26 17:14:38,647 - INFO - Batch num: 20, Task 0 acc: 0.0000, Batch num: 20, Task 1 acc: 0.0000, Batch num: 20, Task 2 acc: 0.3772, Batch num: 20, Task 3 acc: 99.8849, Task avg acc:25.0655
2024-05-26 17:14:47,624 - INFO - Batch num: 30, Task 0 acc: 0.0000, Batch num: 30, Task 1 acc: 0.0000, Batch num: 30, Task 2 acc: 0.3772, Batch num: 30, Task 3 acc: 99.8931, Task avg acc:25.0676
2024-05-26 17:14:56,517 - INFO - Batch num: 40, Task 0 acc: 0.0000, Batch num: 40, Task 1 acc: 0.0000, Batch num: 40, Task 2 acc: 0.4490, Batch num: 40, Task 3 acc: 99.8931, Task avg acc:25.0855
2024-05-26 17:15:05,387 - INFO - Batch num: 50, Task 0 acc: 0.0000, Batch num: 50, Task 1 acc: 0.0000, Batch num: 50, Task 2 acc: 0.4490, Batch num: 50, Task 3 acc: 99.8931, Task avg acc:25.0855
2024-05-26 17:15:14,382 - INFO - Batch num: 60, Task 0 acc: 0.0000, Batch num: 60, Task 1 acc: 0.0000, Batch num: 60, Task 2 acc: 0.3592, Batch num: 60, Task 3 acc: 99.9013, Task avg acc:25.0651
2024-05-26 17:15:23,295 - INFO - Batch num: 70, Task 0 acc: 0.0000, Batch num: 70, Task 1 acc: 0.0000, Batch num: 70, Task 2 acc: 0.3592, Batch num: 70, Task 3 acc: 99.9178, Task avg acc:25.0692
2024-05-26 17:15:32,277 - INFO - Batch num: 80, Task 0 acc: 0.0000, Batch num: 80, Task 1 acc: 0.0000, Batch num: 80, Task 2 acc: 0.2604, Batch num: 80, Task 3 acc: 99.9013, Task avg acc:25.0404
2024-05-26 17:15:41,170 - INFO - Batch num: 90, Task 0 acc: 0.0000, Batch num: 90, Task 1 acc: 0.0000, Batch num: 90, Task 2 acc: 0.2874, Batch num: 90, Task 3 acc: 99.9013, Task avg acc:25.0472
2024-05-26 17:15:41,285 - INFO - ##########Task 4##########
2024-05-26 17:15:41,285 - INFO - Epoch 0
2024-05-26 17:15:52,093 - INFO - Batch num: 0, Task 0 acc: 0.0000, Batch num: 0, Task 1 acc: 0.0000, Batch num: 0, Task 2 acc: 0.2065, Batch num: 0, Task 3 acc: 99.9013, Batch num: 0, Task 4 acc: 0.0000, Task avg acc:20.0216
2024-05-26 17:16:03,208 - INFO - Batch num: 10, Task 0 acc: 0.0000, Batch num: 10, Task 1 acc: 0.0000, Batch num: 10, Task 2 acc: 0.0090, Batch num: 10, Task 3 acc: 99.6711, Batch num: 10, Task 4 acc: 0.0000, Task avg acc:19.9360
2024-05-26 17:16:14,255 - INFO - Batch num: 20, Task 0 acc: 0.0000, Batch num: 20, Task 1 acc: 0.0000, Batch num: 20, Task 2 acc: 0.0180, Batch num: 20, Task 3 acc: 99.2188, Batch num: 20, Task 4 acc: 0.0000, Task avg acc:19.8473
2024-05-26 17:16:25,293 - INFO - Batch num: 30, Task 0 acc: 0.0000, Batch num: 30, Task 1 acc: 0.0000, Batch num: 30, Task 2 acc: 0.0000, Batch num: 30, Task 3 acc: 98.9556, Batch num: 30, Task 4 acc: 0.0000, Task avg acc:19.7911
2024-05-26 17:16:36,402 - INFO - Batch num: 40, Task 0 acc: 0.0000, Batch num: 40, Task 1 acc: 0.0000, Batch num: 40, Task 2 acc: 0.0000, Batch num: 40, Task 3 acc: 99.1118, Batch num: 40, Task 4 acc: 0.0000, Task avg acc:19.8224
2024-05-26 17:16:47,432 - INFO - Batch num: 50, Task 0 acc: 0.0000, Batch num: 50, Task 1 acc: 0.0000, Batch num: 50, Task 2 acc: 0.0090, Batch num: 50, Task 3 acc: 99.4572, Batch num: 50, Task 4 acc: 0.0000, Task avg acc:19.8932
2024-05-26 17:16:58,564 - INFO - Batch num: 60, Task 0 acc: 0.0000, Batch num: 60, Task 1 acc: 0.0000, Batch num: 60, Task 2 acc: 0.0090, Batch num: 60, Task 3 acc: 99.4490, Batch num: 60, Task 4 acc: 0.4925, Task avg acc:19.9901
2024-05-26 17:17:09,586 - INFO - Batch num: 70, Task 0 acc: 0.0000, Batch num: 70, Task 1 acc: 0.0000, Batch num: 70, Task 2 acc: 0.0000, Batch num: 70, Task 3 acc: 98.9474, Batch num: 70, Task 4 acc: 27.1315, Task avg acc:25.2158
2024-05-26 17:17:20,665 - INFO - Batch num: 80, Task 0 acc: 0.0000, Batch num: 80, Task 1 acc: 0.0000, Batch num: 80, Task 2 acc: 0.0000, Batch num: 80, Task 3 acc: 91.0609, Batch num: 80, Task 4 acc: 60.9800, Task avg acc:30.4082
2024-05-26 17:17:31,803 - INFO - Batch num: 90, Task 0 acc: 0.0000, Batch num: 90, Task 1 acc: 0.0000, Batch num: 90, Task 2 acc: 0.0000, Batch num: 90, Task 3 acc: 68.6595, Batch num: 90, Task 4 acc: 84.0863, Task avg acc:30.5492
2024-05-26 17:17:31,830 - INFO - Epoch 1
2024-05-26 17:17:42,613 - INFO - Batch num: 0, Task 0 acc: 0.0000, Batch num: 0, Task 1 acc: 0.0000, Batch num: 0, Task 2 acc: 0.0000, Batch num: 0, Task 3 acc: 64.8026, Batch num: 0, Task 4 acc: 87.3981, Task avg acc:30.4401
2024-05-26 17:17:53,692 - INFO - Batch num: 10, Task 0 acc: 0.0000, Batch num: 10, Task 1 acc: 0.0000, Batch num: 10, Task 2 acc: 0.0000, Batch num: 10, Task 3 acc: 48.3306, Batch num: 10, Task 4 acc: 94.3444, Task avg acc:28.5350
2024-05-26 17:18:04,815 - INFO - Batch num: 20, Task 0 acc: 0.0000, Batch num: 20, Task 1 acc: 0.0000, Batch num: 20, Task 2 acc: 0.0000, Batch num: 20, Task 3 acc: 39.8684, Batch num: 20, Task 4 acc: 95.8305, Task avg acc:27.1398
2024-05-26 17:18:15,825 - INFO - Batch num: 30, Task 0 acc: 0.0000, Batch num: 30, Task 1 acc: 0.0000, Batch num: 30, Task 2 acc: 0.0000, Batch num: 30, Task 3 acc: 33.2730, Batch num: 30, Task 4 acc: 96.9260, Task avg acc:26.0398
2024-05-26 17:18:26,957 - INFO - Batch num: 40, Task 0 acc: 0.0000, Batch num: 40, Task 1 acc: 0.0000, Batch num: 40, Task 2 acc: 0.0000, Batch num: 40, Task 3 acc: 30.6003, Batch num: 40, Task 4 acc: 97.4355, Task avg acc:25.6072
2024-05-26 17:18:37,935 - INFO - Batch num: 50, Task 0 acc: 0.0000, Batch num: 50, Task 1 acc: 0.0000, Batch num: 50, Task 2 acc: 0.0000, Batch num: 50, Task 3 acc: 27.4507, Batch num: 50, Task 4 acc: 97.8176, Task avg acc:25.0537
2024-05-26 17:18:49,081 - INFO - Batch num: 60, Task 0 acc: 0.0000, Batch num: 60, Task 1 acc: 0.0000, Batch num: 60, Task 2 acc: 0.0000, Batch num: 60, Task 3 acc: 26.8174, Batch num: 60, Task 4 acc: 97.8431, Task avg acc:24.9321
2024-05-26 17:19:00,097 - INFO - Batch num: 70, Task 0 acc: 0.0000, Batch num: 70, Task 1 acc: 0.0000, Batch num: 70, Task 2 acc: 0.0000, Batch num: 70, Task 3 acc: 21.8339, Batch num: 70, Task 4 acc: 98.2592, Task avg acc:24.0186
2024-05-26 17:19:11,222 - INFO - Batch num: 80, Task 0 acc: 0.0000, Batch num: 80, Task 1 acc: 0.0000, Batch num: 80, Task 2 acc: 0.0000, Batch num: 80, Task 3 acc: 20.4359, Batch num: 80, Task 4 acc: 98.4290, Task avg acc:23.7730
2024-05-26 17:19:22,225 - INFO - Batch num: 90, Task 0 acc: 0.0000, Batch num: 90, Task 1 acc: 0.0000, Batch num: 90, Task 2 acc: 0.0000, Batch num: 90, Task 3 acc: 20.2467, Batch num: 90, Task 4 acc: 98.5139, Task avg acc:23.7521
2024-05-26 17:19:22,254 - INFO - Epoch 2
2024-05-26 17:19:33,239 - INFO - Batch num: 0, Task 0 acc: 0.0000, Batch num: 0, Task 1 acc: 0.0000, Batch num: 0, Task 2 acc: 0.0000, Batch num: 0, Task 3 acc: 19.8849, Batch num: 0, Task 4 acc: 98.5224, Task avg acc:23.6815
2024-05-26 17:19:44,291 - INFO - Batch num: 10, Task 0 acc: 0.0000, Batch num: 10, Task 1 acc: 0.0000, Batch num: 10, Task 2 acc: 0.0000, Batch num: 10, Task 3 acc: 19.1694, Batch num: 10, Task 4 acc: 98.5988, Task avg acc:23.5537
2024-05-26 17:19:55,355 - INFO - Batch num: 20, Task 0 acc: 0.0000, Batch num: 20, Task 1 acc: 0.0000, Batch num: 20, Task 2 acc: 0.0000, Batch num: 20, Task 3 acc: 17.9934, Batch num: 20, Task 4 acc: 98.6243, Task avg acc:23.3235
2024-05-26 17:20:06,521 - INFO - Batch num: 30, Task 0 acc: 0.0000, Batch num: 30, Task 1 acc: 0.0000, Batch num: 30, Task 2 acc: 0.0000, Batch num: 30, Task 3 acc: 17.4589, Batch num: 30, Task 4 acc: 98.7007, Task avg acc:23.2319
2024-05-26 17:20:17,589 - INFO - Batch num: 40, Task 0 acc: 0.0000, Batch num: 40, Task 1 acc: 0.0000, Batch num: 40, Task 2 acc: 0.0000, Batch num: 40, Task 3 acc: 17.4095, Batch num: 40, Task 4 acc: 98.8196, Task avg acc:23.2458
2024-05-26 17:20:28,704 - INFO - Batch num: 50, Task 0 acc: 0.0000, Batch num: 50, Task 1 acc: 0.0000, Batch num: 50, Task 2 acc: 0.0000, Batch num: 50, Task 3 acc: 17.0312, Batch num: 50, Task 4 acc: 98.8451, Task avg acc:23.1753
2024-05-26 17:20:39,730 - INFO - Batch num: 60, Task 0 acc: 0.0000, Batch num: 60, Task 1 acc: 0.0000, Batch num: 60, Task 2 acc: 0.0000, Batch num: 60, Task 3 acc: 17.2451, Batch num: 60, Task 4 acc: 98.8706, Task avg acc:23.2231
2024-05-26 17:20:50,757 - INFO - Batch num: 70, Task 0 acc: 0.0000, Batch num: 70, Task 1 acc: 0.0000, Batch num: 70, Task 2 acc: 0.0000, Batch num: 70, Task 3 acc: 14.9424, Batch num: 70, Task 4 acc: 98.9470, Task avg acc:22.7779
2024-05-26 17:21:01,880 - INFO - Batch num: 80, Task 0 acc: 0.0000, Batch num: 80, Task 1 acc: 0.0000, Batch num: 80, Task 2 acc: 0.0000, Batch num: 80, Task 3 acc: 14.0789, Batch num: 80, Task 4 acc: 98.9640, Task avg acc:22.6086
2024-05-26 17:21:12,906 - INFO - Batch num: 90, Task 0 acc: 0.0000, Batch num: 90, Task 1 acc: 0.0000, Batch num: 90, Task 2 acc: 0.0000, Batch num: 90, Task 3 acc: 13.4868, Batch num: 90, Task 4 acc: 99.0319, Task avg acc:22.5038
2024-05-26 17:21:12,934 - INFO - Epoch 3
2024-05-26 17:21:23,734 - INFO - Batch num: 0, Task 0 acc: 0.0000, Batch num: 0, Task 1 acc: 0.0000, Batch num: 0, Task 2 acc: 0.0000, Batch num: 0, Task 3 acc: 13.4539, Batch num: 0, Task 4 acc: 99.0065, Task avg acc:22.4921
2024-05-26 17:21:34,889 - INFO - Batch num: 10, Task 0 acc: 0.0000, Batch num: 10, Task 1 acc: 0.0000, Batch num: 10, Task 2 acc: 0.0000, Batch num: 10, Task 3 acc: 13.2730, Batch num: 10, Task 4 acc: 99.0574, Task avg acc:22.4661
2024-05-26 17:21:45,944 - INFO - Batch num: 20, Task 0 acc: 0.0000, Batch num: 20, Task 1 acc: 0.0000, Batch num: 20, Task 2 acc: 0.0000, Batch num: 20, Task 3 acc: 13.2155, Batch num: 20, Task 4 acc: 99.0659, Task avg acc:22.4563
2024-05-26 17:21:57,105 - INFO - Batch num: 30, Task 0 acc: 0.0000, Batch num: 30, Task 1 acc: 0.0000, Batch num: 30, Task 2 acc: 0.0000, Batch num: 30, Task 3 acc: 12.6398, Batch num: 30, Task 4 acc: 99.1168, Task avg acc:22.3513
2024-05-26 17:22:08,115 - INFO - Batch num: 40, Task 0 acc: 0.0000, Batch num: 40, Task 1 acc: 0.0000, Batch num: 40, Task 2 acc: 0.0000, Batch num: 40, Task 3 acc: 12.4589, Batch num: 40, Task 4 acc: 99.1593, Task avg acc:22.3236
2024-05-26 17:22:19,229 - INFO - Batch num: 50, Task 0 acc: 0.0000, Batch num: 50, Task 1 acc: 0.0000, Batch num: 50, Task 2 acc: 0.0000, Batch num: 50, Task 3 acc: 11.9572, Batch num: 50, Task 4 acc: 99.1593, Task avg acc:22.2233
2024-05-26 17:22:30,255 - INFO - Batch num: 60, Task 0 acc: 0.0000, Batch num: 60, Task 1 acc: 0.0000, Batch num: 60, Task 2 acc: 0.0000, Batch num: 60, Task 3 acc: 12.7138, Batch num: 60, Task 4 acc: 99.1084, Task avg acc:22.3644
2024-05-26 17:22:41,321 - INFO - Batch num: 70, Task 0 acc: 0.0000, Batch num: 70, Task 1 acc: 0.0000, Batch num: 70, Task 2 acc: 0.0000, Batch num: 70, Task 3 acc: 10.0740, Batch num: 70, Task 4 acc: 99.1763, Task avg acc:21.8501
2024-05-26 17:22:52,394 - INFO - Batch num: 80, Task 0 acc: 0.0000, Batch num: 80, Task 1 acc: 0.0000, Batch num: 80, Task 2 acc: 0.0000, Batch num: 80, Task 3 acc: 9.6793, Batch num: 80, Task 4 acc: 99.2103, Task avg acc:21.7779
2024-05-26 17:23:03,526 - INFO - Batch num: 90, Task 0 acc: 0.0000, Batch num: 90, Task 1 acc: 0.0000, Batch num: 90, Task 2 acc: 0.0000, Batch num: 90, Task 3 acc: 9.6793, Batch num: 90, Task 4 acc: 99.2272, Task avg acc:21.7813
