2024-05-28 00:20:25,863 - INFO - ##########Task 0##########
2024-05-28 00:20:25,864 - INFO - Epoch 0
2024-05-28 00:20:28,212 - INFO - Batch num: 0, Task 0 acc: 16.5418, Task avg acc:16.5418
2024-05-28 00:20:30,682 - INFO - Batch num: 10, Task 0 acc: 98.9876, Task avg acc:98.9876
2024-05-28 00:20:33,152 - INFO - Batch num: 20, Task 0 acc: 99.6652, Task avg acc:99.6652
2024-05-28 00:20:35,618 - INFO - Batch num: 30, Task 0 acc: 99.8326, Task avg acc:99.8326
2024-05-28 00:20:38,076 - INFO - Batch num: 40, Task 0 acc: 99.8485, Task avg acc:99.8485
2024-05-28 00:20:40,590 - INFO - Batch num: 50, Task 0 acc: 99.8645, Task avg acc:99.8645
2024-05-28 00:20:43,078 - INFO - Batch num: 60, Task 0 acc: 99.8645, Task avg acc:99.8645
2024-05-28 00:20:45,544 - INFO - Batch num: 70, Task 0 acc: 99.8804, Task avg acc:99.8804
2024-05-28 00:20:48,026 - INFO - Batch num: 80, Task 0 acc: 99.8964, Task avg acc:99.8964
2024-05-28 00:20:50,504 - INFO - Batch num: 90, Task 0 acc: 99.8964, Task avg acc:99.8964
2024-05-28 00:20:50,679 - INFO - Epoch 1
2024-05-28 00:20:52,929 - INFO - Batch num: 0, Task 0 acc: 99.9123, Task avg acc:99.9123
2024-05-28 00:20:55,392 - INFO - Batch num: 10, Task 0 acc: 99.9362, Task avg acc:99.9362
2024-05-28 00:20:57,852 - INFO - Batch num: 20, Task 0 acc: 99.9203, Task avg acc:99.9203
2024-05-28 00:21:00,309 - INFO - Batch num: 30, Task 0 acc: 99.9362, Task avg acc:99.9362
2024-05-28 00:21:02,768 - INFO - Batch num: 40, Task 0 acc: 99.9442, Task avg acc:99.9442
2024-05-28 00:21:05,278 - INFO - Batch num: 50, Task 0 acc: 99.9442, Task avg acc:99.9442
2024-05-28 00:21:07,735 - INFO - Batch num: 60, Task 0 acc: 99.9601, Task avg acc:99.9601
2024-05-28 00:21:10,188 - INFO - Batch num: 70, Task 0 acc: 99.9601, Task avg acc:99.9601
2024-05-28 00:21:12,639 - INFO - Batch num: 80, Task 0 acc: 99.9601, Task avg acc:99.9601
2024-05-28 00:21:15,121 - INFO - Batch num: 90, Task 0 acc: 99.9522, Task avg acc:99.9522
2024-05-28 00:21:15,294 - INFO - Epoch 2
2024-05-28 00:21:17,539 - INFO - Batch num: 0, Task 0 acc: 99.9601, Task avg acc:99.9601
2024-05-28 00:21:19,992 - INFO - Batch num: 10, Task 0 acc: 99.9601, Task avg acc:99.9601
2024-05-28 00:21:22,445 - INFO - Batch num: 20, Task 0 acc: 99.9601, Task avg acc:99.9601
2024-05-28 00:21:24,903 - INFO - Batch num: 30, Task 0 acc: 99.9601, Task avg acc:99.9601
2024-05-28 00:21:27,440 - INFO - Batch num: 40, Task 0 acc: 99.9601, Task avg acc:99.9601
2024-05-28 00:21:29,912 - INFO - Batch num: 50, Task 0 acc: 99.9681, Task avg acc:99.9681
2024-05-28 00:21:32,378 - INFO - Batch num: 60, Task 0 acc: 99.9601, Task avg acc:99.9601
2024-05-28 00:21:34,834 - INFO - Batch num: 70, Task 0 acc: 99.9442, Task avg acc:99.9442
2024-05-28 00:21:37,295 - INFO - Batch num: 80, Task 0 acc: 99.9442, Task avg acc:99.9442
2024-05-28 00:21:39,761 - INFO - Batch num: 90, Task 0 acc: 99.9601, Task avg acc:99.9601
2024-05-28 00:21:39,931 - INFO - Epoch 3
2024-05-28 00:21:42,170 - INFO - Batch num: 0, Task 0 acc: 99.9601, Task avg acc:99.9601
2024-05-28 00:21:44,638 - INFO - Batch num: 10, Task 0 acc: 99.9601, Task avg acc:99.9601
2024-05-28 00:21:47,124 - INFO - Batch num: 20, Task 0 acc: 99.9681, Task avg acc:99.9681
2024-05-28 00:21:49,581 - INFO - Batch num: 30, Task 0 acc: 99.9442, Task avg acc:99.9442
2024-05-28 00:21:52,094 - INFO - Batch num: 40, Task 0 acc: 99.9522, Task avg acc:99.9522
2024-05-28 00:21:54,551 - INFO - Batch num: 50, Task 0 acc: 99.9601, Task avg acc:99.9601
2024-05-28 00:21:57,012 - INFO - Batch num: 60, Task 0 acc: 99.9761, Task avg acc:99.9761
2024-05-28 00:21:59,471 - INFO - Batch num: 70, Task 0 acc: 99.9522, Task avg acc:99.9522
2024-05-28 00:22:01,957 - INFO - Batch num: 80, Task 0 acc: 99.9123, Task avg acc:99.9123
2024-05-28 00:22:04,420 - INFO - Batch num: 90, Task 0 acc: 99.9522, Task avg acc:99.9522
2024-05-28 00:22:04,603 - INFO - ##########Task 1##########
2024-05-28 00:22:04,603 - INFO - Epoch 0
2024-05-28 00:22:08,981 - INFO - Batch num: 0, Task 0 acc: 99.9601, Batch num: 0, Task 1 acc: 0.0000, Task avg acc:49.9801
2024-05-28 00:22:13,598 - INFO - Batch num: 10, Task 0 acc: 99.9841, Batch num: 10, Task 1 acc: 0.0000, Task avg acc:49.9920
2024-05-28 00:22:18,267 - INFO - Batch num: 20, Task 0 acc: 99.9681, Batch num: 20, Task 1 acc: 0.0000, Task avg acc:49.9841
2024-05-28 00:22:22,878 - INFO - Batch num: 30, Task 0 acc: 99.9681, Batch num: 30, Task 1 acc: 0.0000, Task avg acc:49.9841
2024-05-28 00:22:27,501 - INFO - Batch num: 40, Task 0 acc: 99.9681, Batch num: 40, Task 1 acc: 0.0000, Task avg acc:49.9841
2024-05-28 00:22:32,115 - INFO - Batch num: 50, Task 0 acc: 99.9681, Batch num: 50, Task 1 acc: 0.0000, Task avg acc:49.9841
2024-05-28 00:22:36,698 - INFO - Batch num: 60, Task 0 acc: 99.9681, Batch num: 60, Task 1 acc: 0.0000, Task avg acc:49.9841
2024-05-28 00:22:41,305 - INFO - Batch num: 70, Task 0 acc: 99.9681, Batch num: 70, Task 1 acc: 0.0000, Task avg acc:49.9841
2024-05-28 00:22:45,938 - INFO - Batch num: 80, Task 0 acc: 99.9681, Batch num: 80, Task 1 acc: 0.0000, Task avg acc:49.9841
2024-05-28 00:22:50,553 - INFO - Batch num: 90, Task 0 acc: 99.9681, Batch num: 90, Task 1 acc: 0.0000, Task avg acc:49.9841
2024-05-28 00:22:50,638 - INFO - Epoch 1
2024-05-28 00:22:55,009 - INFO - Batch num: 0, Task 0 acc: 99.9681, Batch num: 0, Task 1 acc: 0.0000, Task avg acc:49.9841
2024-05-28 00:22:59,610 - INFO - Batch num: 10, Task 0 acc: 99.9681, Batch num: 10, Task 1 acc: 0.0000, Task avg acc:49.9841
2024-05-28 00:23:04,274 - INFO - Batch num: 20, Task 0 acc: 99.9681, Batch num: 20, Task 1 acc: 0.0000, Task avg acc:49.9841
2024-05-28 00:23:08,878 - INFO - Batch num: 30, Task 0 acc: 99.9681, Batch num: 30, Task 1 acc: 0.0000, Task avg acc:49.9841
2024-05-28 00:23:13,494 - INFO - Batch num: 40, Task 0 acc: 99.9681, Batch num: 40, Task 1 acc: 0.0000, Task avg acc:49.9841
2024-05-28 00:23:18,096 - INFO - Batch num: 50, Task 0 acc: 99.9681, Batch num: 50, Task 1 acc: 0.0000, Task avg acc:49.9841
2024-05-28 00:23:22,703 - INFO - Batch num: 60, Task 0 acc: 99.9681, Batch num: 60, Task 1 acc: 0.0000, Task avg acc:49.9841
2024-05-28 00:23:27,398 - INFO - Batch num: 70, Task 0 acc: 99.9681, Batch num: 70, Task 1 acc: 0.0000, Task avg acc:49.9841
2024-05-28 00:23:32,026 - INFO - Batch num: 80, Task 0 acc: 99.9681, Batch num: 80, Task 1 acc: 0.0000, Task avg acc:49.9841
2024-05-28 00:23:36,636 - INFO - Batch num: 90, Task 0 acc: 99.9681, Batch num: 90, Task 1 acc: 0.0000, Task avg acc:49.9841
2024-05-28 00:23:36,718 - INFO - Epoch 2
2024-05-28 00:23:41,094 - INFO - Batch num: 0, Task 0 acc: 99.9681, Batch num: 0, Task 1 acc: 0.0000, Task avg acc:49.9841
2024-05-28 00:23:45,689 - INFO - Batch num: 10, Task 0 acc: 99.9681, Batch num: 10, Task 1 acc: 0.0000, Task avg acc:49.9841
2024-05-28 00:23:50,294 - INFO - Batch num: 20, Task 0 acc: 99.9681, Batch num: 20, Task 1 acc: 0.0000, Task avg acc:49.9841
2024-05-28 00:23:54,969 - INFO - Batch num: 30, Task 0 acc: 99.9681, Batch num: 30, Task 1 acc: 0.0000, Task avg acc:49.9841
2024-05-28 00:23:59,637 - INFO - Batch num: 40, Task 0 acc: 99.9681, Batch num: 40, Task 1 acc: 0.0000, Task avg acc:49.9841
2024-05-28 00:24:04,257 - INFO - Batch num: 50, Task 0 acc: 99.9681, Batch num: 50, Task 1 acc: 0.0000, Task avg acc:49.9841
2024-05-28 00:24:08,943 - INFO - Batch num: 60, Task 0 acc: 99.9681, Batch num: 60, Task 1 acc: 0.0000, Task avg acc:49.9841
2024-05-28 00:24:13,532 - INFO - Batch num: 70, Task 0 acc: 99.9681, Batch num: 70, Task 1 acc: 0.0000, Task avg acc:49.9841
2024-05-28 00:24:18,115 - INFO - Batch num: 80, Task 0 acc: 99.9681, Batch num: 80, Task 1 acc: 0.0000, Task avg acc:49.9841
2024-05-28 00:24:22,725 - INFO - Batch num: 90, Task 0 acc: 99.9681, Batch num: 90, Task 1 acc: 0.0000, Task avg acc:49.9841
2024-05-28 00:24:22,807 - INFO - Epoch 3
2024-05-28 00:24:27,166 - INFO - Batch num: 0, Task 0 acc: 99.9681, Batch num: 0, Task 1 acc: 0.0000, Task avg acc:49.9841
2024-05-28 00:24:31,767 - INFO - Batch num: 10, Task 0 acc: 99.9681, Batch num: 10, Task 1 acc: 0.0000, Task avg acc:49.9841
2024-05-28 00:24:36,353 - INFO - Batch num: 20, Task 0 acc: 99.9681, Batch num: 20, Task 1 acc: 0.0000, Task avg acc:49.9841
2024-05-28 00:24:40,965 - INFO - Batch num: 30, Task 0 acc: 99.9681, Batch num: 30, Task 1 acc: 0.0000, Task avg acc:49.9841
2024-05-28 00:24:45,614 - INFO - Batch num: 40, Task 0 acc: 99.9681, Batch num: 40, Task 1 acc: 0.0000, Task avg acc:49.9841
2024-05-28 00:24:50,215 - INFO - Batch num: 50, Task 0 acc: 99.9681, Batch num: 50, Task 1 acc: 0.0000, Task avg acc:49.9841
2024-05-28 00:24:54,871 - INFO - Batch num: 60, Task 0 acc: 99.9681, Batch num: 60, Task 1 acc: 0.0000, Task avg acc:49.9841
2024-05-28 00:24:59,561 - INFO - Batch num: 70, Task 0 acc: 99.9681, Batch num: 70, Task 1 acc: 0.0000, Task avg acc:49.9841
2024-05-28 00:25:04,155 - INFO - Batch num: 80, Task 0 acc: 99.9681, Batch num: 80, Task 1 acc: 0.0000, Task avg acc:49.9841
2024-05-28 00:25:08,754 - INFO - Batch num: 90, Task 0 acc: 99.9681, Batch num: 90, Task 1 acc: 0.0000, Task avg acc:49.9841
2024-05-28 00:25:08,846 - INFO - ##########Task 2##########
2024-05-28 00:25:08,847 - INFO - Epoch 0
2024-05-28 00:25:15,174 - INFO - Batch num: 0, Task 0 acc: 99.9601, Batch num: 0, Task 1 acc: 0.0000, Batch num: 0, Task 2 acc: 0.0000, Task avg acc:33.3200
2024-05-28 00:25:21,736 - INFO - Batch num: 10, Task 0 acc: 99.9601, Batch num: 10, Task 1 acc: 0.0000, Batch num: 10, Task 2 acc: 0.0000, Task avg acc:33.3200
2024-05-28 00:25:28,407 - INFO - Batch num: 20, Task 0 acc: 99.9362, Batch num: 20, Task 1 acc: 0.0000, Batch num: 20, Task 2 acc: 0.0000, Task avg acc:33.3121
2024-05-28 00:25:34,953 - INFO - Batch num: 30, Task 0 acc: 99.9442, Batch num: 30, Task 1 acc: 0.0000, Batch num: 30, Task 2 acc: 0.0000, Task avg acc:33.3147
2024-05-28 00:25:41,536 - INFO - Batch num: 40, Task 0 acc: 99.9283, Batch num: 40, Task 1 acc: 0.0000, Batch num: 40, Task 2 acc: 0.0000, Task avg acc:33.3094
2024-05-28 00:25:48,091 - INFO - Batch num: 50, Task 0 acc: 99.9362, Batch num: 50, Task 1 acc: 0.0000, Batch num: 50, Task 2 acc: 0.0000, Task avg acc:33.3121
2024-05-28 00:25:54,669 - INFO - Batch num: 60, Task 0 acc: 99.9362, Batch num: 60, Task 1 acc: 0.0000, Batch num: 60, Task 2 acc: 0.0000, Task avg acc:33.3121
2024-05-28 00:26:01,289 - INFO - Batch num: 70, Task 0 acc: 99.9283, Batch num: 70, Task 1 acc: 0.0000, Batch num: 70, Task 2 acc: 0.0000, Task avg acc:33.3094
2024-05-28 00:26:07,863 - INFO - Batch num: 80, Task 0 acc: 99.9442, Batch num: 80, Task 1 acc: 0.0000, Batch num: 80, Task 2 acc: 0.0000, Task avg acc:33.3147
2024-05-28 00:26:08,022 - INFO - Epoch 1
2024-05-28 00:26:14,348 - INFO - Batch num: 0, Task 0 acc: 99.9283, Batch num: 0, Task 1 acc: 0.0000, Batch num: 0, Task 2 acc: 0.0000, Task avg acc:33.3094
2024-05-28 00:26:20,929 - INFO - Batch num: 10, Task 0 acc: 99.9362, Batch num: 10, Task 1 acc: 0.0000, Batch num: 10, Task 2 acc: 0.0000, Task avg acc:33.3121
2024-05-28 00:26:27,580 - INFO - Batch num: 20, Task 0 acc: 99.9283, Batch num: 20, Task 1 acc: 0.0000, Batch num: 20, Task 2 acc: 0.0000, Task avg acc:33.3094
2024-05-28 00:26:34,162 - INFO - Batch num: 30, Task 0 acc: 99.9362, Batch num: 30, Task 1 acc: 0.0000, Batch num: 30, Task 2 acc: 0.0000, Task avg acc:33.3121
2024-05-28 00:26:40,704 - INFO - Batch num: 40, Task 0 acc: 99.9283, Batch num: 40, Task 1 acc: 0.0000, Batch num: 40, Task 2 acc: 0.0000, Task avg acc:33.3094
2024-05-28 00:26:47,276 - INFO - Batch num: 50, Task 0 acc: 99.9362, Batch num: 50, Task 1 acc: 0.0000, Batch num: 50, Task 2 acc: 0.0000, Task avg acc:33.3121
2024-05-28 00:26:53,845 - INFO - Batch num: 60, Task 0 acc: 99.9362, Batch num: 60, Task 1 acc: 0.0000, Batch num: 60, Task 2 acc: 0.0000, Task avg acc:33.3121
2024-05-28 00:27:00,429 - INFO - Batch num: 70, Task 0 acc: 99.9283, Batch num: 70, Task 1 acc: 0.0000, Batch num: 70, Task 2 acc: 0.0000, Task avg acc:33.3094
2024-05-28 00:27:06,986 - INFO - Batch num: 80, Task 0 acc: 99.9442, Batch num: 80, Task 1 acc: 0.0000, Batch num: 80, Task 2 acc: 0.0000, Task avg acc:33.3147
2024-05-28 00:27:07,148 - INFO - Epoch 2
2024-05-28 00:27:13,479 - INFO - Batch num: 0, Task 0 acc: 99.9362, Batch num: 0, Task 1 acc: 0.0000, Batch num: 0, Task 2 acc: 0.0000, Task avg acc:33.3121
2024-05-28 00:27:20,031 - INFO - Batch num: 10, Task 0 acc: 99.9362, Batch num: 10, Task 1 acc: 0.0000, Batch num: 10, Task 2 acc: 0.0000, Task avg acc:33.3121
2024-05-28 00:27:26,710 - INFO - Batch num: 20, Task 0 acc: 99.9362, Batch num: 20, Task 1 acc: 0.0000, Batch num: 20, Task 2 acc: 0.0000, Task avg acc:33.3121
2024-05-28 00:27:33,335 - INFO - Batch num: 30, Task 0 acc: 99.9362, Batch num: 30, Task 1 acc: 0.0000, Batch num: 30, Task 2 acc: 0.0000, Task avg acc:33.3121
2024-05-28 00:27:39,915 - INFO - Batch num: 40, Task 0 acc: 99.9283, Batch num: 40, Task 1 acc: 0.0000, Batch num: 40, Task 2 acc: 0.0000, Task avg acc:33.3094
2024-05-28 00:27:46,477 - INFO - Batch num: 50, Task 0 acc: 99.9362, Batch num: 50, Task 1 acc: 0.0000, Batch num: 50, Task 2 acc: 0.0000, Task avg acc:33.3121
2024-05-28 00:27:53,015 - INFO - Batch num: 60, Task 0 acc: 99.9362, Batch num: 60, Task 1 acc: 0.0000, Batch num: 60, Task 2 acc: 0.0000, Task avg acc:33.3121
2024-05-28 00:27:59,595 - INFO - Batch num: 70, Task 0 acc: 99.9283, Batch num: 70, Task 1 acc: 0.0000, Batch num: 70, Task 2 acc: 0.0000, Task avg acc:33.3094
2024-05-28 00:28:06,209 - INFO - Batch num: 80, Task 0 acc: 99.9442, Batch num: 80, Task 1 acc: 0.0000, Batch num: 80, Task 2 acc: 0.0000, Task avg acc:33.3147
2024-05-28 00:28:06,369 - INFO - Epoch 3
2024-05-28 00:28:12,693 - INFO - Batch num: 0, Task 0 acc: 99.9362, Batch num: 0, Task 1 acc: 0.0000, Batch num: 0, Task 2 acc: 0.0000, Task avg acc:33.3121
2024-05-28 00:28:19,313 - INFO - Batch num: 10, Task 0 acc: 99.9362, Batch num: 10, Task 1 acc: 0.0000, Batch num: 10, Task 2 acc: 0.0000, Task avg acc:33.3121
2024-05-28 00:28:25,882 - INFO - Batch num: 20, Task 0 acc: 99.9362, Batch num: 20, Task 1 acc: 0.0000, Batch num: 20, Task 2 acc: 0.0000, Task avg acc:33.3121
2024-05-28 00:28:32,483 - INFO - Batch num: 30, Task 0 acc: 99.9362, Batch num: 30, Task 1 acc: 0.0000, Batch num: 30, Task 2 acc: 0.0000, Task avg acc:33.3121
2024-05-28 00:28:39,024 - INFO - Batch num: 40, Task 0 acc: 99.9283, Batch num: 40, Task 1 acc: 0.0000, Batch num: 40, Task 2 acc: 0.0000, Task avg acc:33.3094
2024-05-28 00:28:45,580 - INFO - Batch num: 50, Task 0 acc: 99.9362, Batch num: 50, Task 1 acc: 0.0000, Batch num: 50, Task 2 acc: 0.0000, Task avg acc:33.3121
2024-05-28 00:28:52,134 - INFO - Batch num: 60, Task 0 acc: 99.9362, Batch num: 60, Task 1 acc: 0.0000, Batch num: 60, Task 2 acc: 0.0000, Task avg acc:33.3121
2024-05-28 00:28:58,726 - INFO - Batch num: 70, Task 0 acc: 99.9283, Batch num: 70, Task 1 acc: 0.0000, Batch num: 70, Task 2 acc: 0.0000, Task avg acc:33.3094
2024-05-28 00:29:05,350 - INFO - Batch num: 80, Task 0 acc: 99.9442, Batch num: 80, Task 1 acc: 0.0000, Batch num: 80, Task 2 acc: 0.0000, Task avg acc:33.3147
2024-05-28 00:29:05,521 - INFO - ##########Task 3##########
2024-05-28 00:29:05,522 - INFO - Epoch 0
2024-05-28 00:29:13,989 - INFO - Batch num: 0, Task 0 acc: 99.9203, Batch num: 0, Task 1 acc: 0.0000, Batch num: 0, Task 2 acc: 0.0000, Batch num: 0, Task 3 acc: 0.0000, Task avg acc:24.9801
2024-05-28 00:29:22,683 - INFO - Batch num: 10, Task 0 acc: 99.9283, Batch num: 10, Task 1 acc: 0.0000, Batch num: 10, Task 2 acc: 0.0000, Batch num: 10, Task 3 acc: 0.0000, Task avg acc:24.9821
2024-05-28 00:29:31,410 - INFO - Batch num: 20, Task 0 acc: 99.9283, Batch num: 20, Task 1 acc: 0.0000, Batch num: 20, Task 2 acc: 0.0000, Batch num: 20, Task 3 acc: 0.0000, Task avg acc:24.9821
2024-05-28 00:29:40,132 - INFO - Batch num: 30, Task 0 acc: 99.9362, Batch num: 30, Task 1 acc: 0.0000, Batch num: 30, Task 2 acc: 0.0000, Batch num: 30, Task 3 acc: 0.0000, Task avg acc:24.9841
2024-05-28 00:29:48,844 - INFO - Batch num: 40, Task 0 acc: 99.9362, Batch num: 40, Task 1 acc: 0.0000, Batch num: 40, Task 2 acc: 0.0000, Batch num: 40, Task 3 acc: 0.0000, Task avg acc:24.9841
2024-05-28 00:29:57,549 - INFO - Batch num: 50, Task 0 acc: 99.9362, Batch num: 50, Task 1 acc: 0.0000, Batch num: 50, Task 2 acc: 0.0000, Batch num: 50, Task 3 acc: 0.0000, Task avg acc:24.9841
2024-05-28 00:30:06,253 - INFO - Batch num: 60, Task 0 acc: 99.9362, Batch num: 60, Task 1 acc: 0.0000, Batch num: 60, Task 2 acc: 0.0000, Batch num: 60, Task 3 acc: 0.0000, Task avg acc:24.9841
2024-05-28 00:30:14,934 - INFO - Batch num: 70, Task 0 acc: 99.9362, Batch num: 70, Task 1 acc: 0.0000, Batch num: 70, Task 2 acc: 0.0000, Batch num: 70, Task 3 acc: 0.0000, Task avg acc:24.9841
2024-05-28 00:30:23,677 - INFO - Batch num: 80, Task 0 acc: 99.9362, Batch num: 80, Task 1 acc: 0.0000, Batch num: 80, Task 2 acc: 0.0000, Batch num: 80, Task 3 acc: 0.0000, Task avg acc:24.9841
2024-05-28 00:30:32,389 - INFO - Batch num: 90, Task 0 acc: 99.9362, Batch num: 90, Task 1 acc: 0.0000, Batch num: 90, Task 2 acc: 0.0000, Batch num: 90, Task 3 acc: 0.0000, Task avg acc:24.9841
2024-05-28 00:30:32,496 - INFO - Epoch 1
2024-05-28 00:30:41,024 - INFO - Batch num: 0, Task 0 acc: 99.9203, Batch num: 0, Task 1 acc: 0.0000, Batch num: 0, Task 2 acc: 0.0000, Batch num: 0, Task 3 acc: 0.0000, Task avg acc:24.9801
2024-05-28 00:30:49,708 - INFO - Batch num: 10, Task 0 acc: 99.9123, Batch num: 10, Task 1 acc: 0.0000, Batch num: 10, Task 2 acc: 0.0000, Batch num: 10, Task 3 acc: 0.0000, Task avg acc:24.9781
2024-05-28 00:30:58,401 - INFO - Batch num: 20, Task 0 acc: 99.9283, Batch num: 20, Task 1 acc: 0.0000, Batch num: 20, Task 2 acc: 0.0000, Batch num: 20, Task 3 acc: 0.0000, Task avg acc:24.9821
2024-05-28 00:31:07,101 - INFO - Batch num: 30, Task 0 acc: 99.9362, Batch num: 30, Task 1 acc: 0.0000, Batch num: 30, Task 2 acc: 0.0000, Batch num: 30, Task 3 acc: 0.0000, Task avg acc:24.9841
2024-05-28 00:31:15,788 - INFO - Batch num: 40, Task 0 acc: 99.9362, Batch num: 40, Task 1 acc: 0.0000, Batch num: 40, Task 2 acc: 0.0000, Batch num: 40, Task 3 acc: 0.0000, Task avg acc:24.9841
2024-05-28 00:31:24,485 - INFO - Batch num: 50, Task 0 acc: 99.9362, Batch num: 50, Task 1 acc: 0.0000, Batch num: 50, Task 2 acc: 0.0000, Batch num: 50, Task 3 acc: 0.0000, Task avg acc:24.9841
2024-05-28 00:31:33,226 - INFO - Batch num: 60, Task 0 acc: 99.9362, Batch num: 60, Task 1 acc: 0.0000, Batch num: 60, Task 2 acc: 0.0000, Batch num: 60, Task 3 acc: 0.0000, Task avg acc:24.9841
2024-05-28 00:31:42,019 - INFO - Batch num: 70, Task 0 acc: 99.9362, Batch num: 70, Task 1 acc: 0.0000, Batch num: 70, Task 2 acc: 0.0000, Batch num: 70, Task 3 acc: 0.0000, Task avg acc:24.9841
2024-05-28 00:31:50,805 - INFO - Batch num: 80, Task 0 acc: 99.9362, Batch num: 80, Task 1 acc: 0.0000, Batch num: 80, Task 2 acc: 0.0000, Batch num: 80, Task 3 acc: 0.0000, Task avg acc:24.9841
2024-05-28 00:31:59,514 - INFO - Batch num: 90, Task 0 acc: 99.9362, Batch num: 90, Task 1 acc: 0.0000, Batch num: 90, Task 2 acc: 0.0000, Batch num: 90, Task 3 acc: 0.0000, Task avg acc:24.9841
2024-05-28 00:31:59,622 - INFO - Epoch 2
2024-05-28 00:32:08,074 - INFO - Batch num: 0, Task 0 acc: 99.9203, Batch num: 0, Task 1 acc: 0.0000, Batch num: 0, Task 2 acc: 0.0000, Batch num: 0, Task 3 acc: 0.0000, Task avg acc:24.9801
2024-05-28 00:32:16,763 - INFO - Batch num: 10, Task 0 acc: 99.9123, Batch num: 10, Task 1 acc: 0.0000, Batch num: 10, Task 2 acc: 0.0000, Batch num: 10, Task 3 acc: 0.0000, Task avg acc:24.9781
2024-05-28 00:32:25,501 - INFO - Batch num: 20, Task 0 acc: 99.9283, Batch num: 20, Task 1 acc: 0.0000, Batch num: 20, Task 2 acc: 0.0000, Batch num: 20, Task 3 acc: 0.0000, Task avg acc:24.9821
2024-05-28 00:32:34,193 - INFO - Batch num: 30, Task 0 acc: 99.9362, Batch num: 30, Task 1 acc: 0.0000, Batch num: 30, Task 2 acc: 0.0000, Batch num: 30, Task 3 acc: 0.0000, Task avg acc:24.9841
2024-05-28 00:32:42,892 - INFO - Batch num: 40, Task 0 acc: 99.9362, Batch num: 40, Task 1 acc: 0.0000, Batch num: 40, Task 2 acc: 0.0000, Batch num: 40, Task 3 acc: 0.0000, Task avg acc:24.9841
2024-05-28 00:32:51,410 - INFO - Batch num: 50, Task 0 acc: 99.9362, Batch num: 50, Task 1 acc: 0.0000, Batch num: 50, Task 2 acc: 0.0000, Batch num: 50, Task 3 acc: 0.0000, Task avg acc:24.9841
2024-05-28 00:33:00,097 - INFO - Batch num: 60, Task 0 acc: 99.9362, Batch num: 60, Task 1 acc: 0.0000, Batch num: 60, Task 2 acc: 0.0000, Batch num: 60, Task 3 acc: 0.0000, Task avg acc:24.9841
2024-05-28 00:33:08,801 - INFO - Batch num: 70, Task 0 acc: 99.9362, Batch num: 70, Task 1 acc: 0.0000, Batch num: 70, Task 2 acc: 0.0000, Batch num: 70, Task 3 acc: 0.0000, Task avg acc:24.9841
2024-05-28 00:33:17,504 - INFO - Batch num: 80, Task 0 acc: 99.9362, Batch num: 80, Task 1 acc: 0.0000, Batch num: 80, Task 2 acc: 0.0000, Batch num: 80, Task 3 acc: 0.0000, Task avg acc:24.9841
2024-05-28 00:33:26,171 - INFO - Batch num: 90, Task 0 acc: 99.9362, Batch num: 90, Task 1 acc: 0.0000, Batch num: 90, Task 2 acc: 0.0000, Batch num: 90, Task 3 acc: 0.0000, Task avg acc:24.9841
2024-05-28 00:33:26,277 - INFO - Epoch 3
2024-05-28 00:33:34,782 - INFO - Batch num: 0, Task 0 acc: 99.9203, Batch num: 0, Task 1 acc: 0.0000, Batch num: 0, Task 2 acc: 0.0000, Batch num: 0, Task 3 acc: 0.0000, Task avg acc:24.9801
2024-05-28 00:33:43,560 - INFO - Batch num: 10, Task 0 acc: 99.9123, Batch num: 10, Task 1 acc: 0.0000, Batch num: 10, Task 2 acc: 0.0000, Batch num: 10, Task 3 acc: 0.0000, Task avg acc:24.9781
2024-05-28 00:33:52,246 - INFO - Batch num: 20, Task 0 acc: 99.9283, Batch num: 20, Task 1 acc: 0.0000, Batch num: 20, Task 2 acc: 0.0000, Batch num: 20, Task 3 acc: 0.0000, Task avg acc:24.9821
2024-05-28 00:34:00,954 - INFO - Batch num: 30, Task 0 acc: 99.9362, Batch num: 30, Task 1 acc: 0.0000, Batch num: 30, Task 2 acc: 0.0000, Batch num: 30, Task 3 acc: 0.0000, Task avg acc:24.9841
2024-05-28 00:34:09,622 - INFO - Batch num: 40, Task 0 acc: 99.9362, Batch num: 40, Task 1 acc: 0.0000, Batch num: 40, Task 2 acc: 0.0000, Batch num: 40, Task 3 acc: 0.0000, Task avg acc:24.9841
2024-05-28 00:34:18,368 - INFO - Batch num: 50, Task 0 acc: 99.9362, Batch num: 50, Task 1 acc: 0.0000, Batch num: 50, Task 2 acc: 0.0000, Batch num: 50, Task 3 acc: 0.0000, Task avg acc:24.9841
2024-05-28 00:34:27,154 - INFO - Batch num: 60, Task 0 acc: 99.9362, Batch num: 60, Task 1 acc: 0.0000, Batch num: 60, Task 2 acc: 0.0000, Batch num: 60, Task 3 acc: 0.0000, Task avg acc:24.9841
2024-05-28 00:34:35,877 - INFO - Batch num: 70, Task 0 acc: 99.9362, Batch num: 70, Task 1 acc: 0.0000, Batch num: 70, Task 2 acc: 0.0000, Batch num: 70, Task 3 acc: 0.0000, Task avg acc:24.9841
2024-05-28 00:34:44,570 - INFO - Batch num: 80, Task 0 acc: 99.9362, Batch num: 80, Task 1 acc: 0.0000, Batch num: 80, Task 2 acc: 0.0000, Batch num: 80, Task 3 acc: 0.0000, Task avg acc:24.9841
2024-05-28 00:34:53,279 - INFO - Batch num: 90, Task 0 acc: 99.9362, Batch num: 90, Task 1 acc: 0.0000, Batch num: 90, Task 2 acc: 0.0000, Batch num: 90, Task 3 acc: 0.0000, Task avg acc:24.9841
2024-05-28 00:34:53,398 - INFO - ##########Task 4##########
2024-05-28 00:34:53,398 - INFO - Epoch 0
2024-05-28 00:35:03,984 - INFO - Batch num: 0, Task 0 acc: 99.9522, Batch num: 0, Task 1 acc: 0.0000, Batch num: 0, Task 2 acc: 0.0000, Batch num: 0, Task 3 acc: 0.0000, Batch num: 0, Task 4 acc: 0.0000, Task avg acc:19.9904
2024-05-28 00:35:14,738 - INFO - Batch num: 10, Task 0 acc: 99.9601, Batch num: 10, Task 1 acc: 0.0000, Batch num: 10, Task 2 acc: 0.0000, Batch num: 10, Task 3 acc: 0.0000, Batch num: 10, Task 4 acc: 0.0000, Task avg acc:19.9920
2024-05-28 00:35:25,500 - INFO - Batch num: 20, Task 0 acc: 99.9681, Batch num: 20, Task 1 acc: 0.0000, Batch num: 20, Task 2 acc: 0.0000, Batch num: 20, Task 3 acc: 0.0000, Batch num: 20, Task 4 acc: 0.0000, Task avg acc:19.9936
2024-05-28 00:35:36,310 - INFO - Batch num: 30, Task 0 acc: 99.9681, Batch num: 30, Task 1 acc: 0.0000, Batch num: 30, Task 2 acc: 0.0000, Batch num: 30, Task 3 acc: 0.0000, Batch num: 30, Task 4 acc: 0.0000, Task avg acc:19.9936
2024-05-28 00:35:47,101 - INFO - Batch num: 40, Task 0 acc: 99.9761, Batch num: 40, Task 1 acc: 0.0000, Batch num: 40, Task 2 acc: 0.0000, Batch num: 40, Task 3 acc: 0.0000, Batch num: 40, Task 4 acc: 0.0000, Task avg acc:19.9952
2024-05-28 00:35:57,926 - INFO - Batch num: 50, Task 0 acc: 99.9681, Batch num: 50, Task 1 acc: 0.0000, Batch num: 50, Task 2 acc: 0.0000, Batch num: 50, Task 3 acc: 0.0000, Batch num: 50, Task 4 acc: 0.0000, Task avg acc:19.9936
2024-05-28 00:36:08,705 - INFO - Batch num: 60, Task 0 acc: 99.9681, Batch num: 60, Task 1 acc: 0.0000, Batch num: 60, Task 2 acc: 0.0000, Batch num: 60, Task 3 acc: 0.0000, Batch num: 60, Task 4 acc: 0.0000, Task avg acc:19.9936
2024-05-28 00:36:19,501 - INFO - Batch num: 70, Task 0 acc: 99.9761, Batch num: 70, Task 1 acc: 0.0000, Batch num: 70, Task 2 acc: 0.0000, Batch num: 70, Task 3 acc: 0.0000, Batch num: 70, Task 4 acc: 0.0000, Task avg acc:19.9952
2024-05-28 00:36:30,319 - INFO - Batch num: 80, Task 0 acc: 99.9761, Batch num: 80, Task 1 acc: 0.0000, Batch num: 80, Task 2 acc: 0.0000, Batch num: 80, Task 3 acc: 0.0000, Batch num: 80, Task 4 acc: 0.0000, Task avg acc:19.9952
2024-05-28 00:36:41,082 - INFO - Batch num: 90, Task 0 acc: 99.9761, Batch num: 90, Task 1 acc: 0.0000, Batch num: 90, Task 2 acc: 0.0000, Batch num: 90, Task 3 acc: 0.0000, Batch num: 90, Task 4 acc: 0.0000, Task avg acc:19.9952
2024-05-28 00:36:41,110 - INFO - Epoch 1
2024-05-28 00:36:51,660 - INFO - Batch num: 0, Task 0 acc: 99.9761, Batch num: 0, Task 1 acc: 0.0000, Batch num: 0, Task 2 acc: 0.0000, Batch num: 0, Task 3 acc: 0.0000, Batch num: 0, Task 4 acc: 0.0000, Task avg acc:19.9952
2024-05-28 00:37:02,424 - INFO - Batch num: 10, Task 0 acc: 99.9681, Batch num: 10, Task 1 acc: 0.0000, Batch num: 10, Task 2 acc: 0.0000, Batch num: 10, Task 3 acc: 0.0000, Batch num: 10, Task 4 acc: 0.0000, Task avg acc:19.9936
2024-05-28 00:37:13,190 - INFO - Batch num: 20, Task 0 acc: 99.9681, Batch num: 20, Task 1 acc: 0.0000, Batch num: 20, Task 2 acc: 0.0000, Batch num: 20, Task 3 acc: 0.0000, Batch num: 20, Task 4 acc: 0.0000, Task avg acc:19.9936
2024-05-28 00:37:23,972 - INFO - Batch num: 30, Task 0 acc: 99.9681, Batch num: 30, Task 1 acc: 0.0000, Batch num: 30, Task 2 acc: 0.0000, Batch num: 30, Task 3 acc: 0.0000, Batch num: 30, Task 4 acc: 0.0000, Task avg acc:19.9936
2024-05-28 00:37:34,752 - INFO - Batch num: 40, Task 0 acc: 99.9761, Batch num: 40, Task 1 acc: 0.0000, Batch num: 40, Task 2 acc: 0.0000, Batch num: 40, Task 3 acc: 0.0000, Batch num: 40, Task 4 acc: 0.0000, Task avg acc:19.9952
2024-05-28 00:37:45,532 - INFO - Batch num: 50, Task 0 acc: 99.9761, Batch num: 50, Task 1 acc: 0.0000, Batch num: 50, Task 2 acc: 0.0000, Batch num: 50, Task 3 acc: 0.0000, Batch num: 50, Task 4 acc: 0.0000, Task avg acc:19.9952
2024-05-28 00:37:56,349 - INFO - Batch num: 60, Task 0 acc: 99.9681, Batch num: 60, Task 1 acc: 0.0000, Batch num: 60, Task 2 acc: 0.0000, Batch num: 60, Task 3 acc: 0.0000, Batch num: 60, Task 4 acc: 0.0000, Task avg acc:19.9936
2024-05-28 00:38:07,157 - INFO - Batch num: 70, Task 0 acc: 99.9761, Batch num: 70, Task 1 acc: 0.0000, Batch num: 70, Task 2 acc: 0.0000, Batch num: 70, Task 3 acc: 0.0000, Batch num: 70, Task 4 acc: 0.0000, Task avg acc:19.9952
2024-05-28 00:38:17,921 - INFO - Batch num: 80, Task 0 acc: 99.9761, Batch num: 80, Task 1 acc: 0.0000, Batch num: 80, Task 2 acc: 0.0000, Batch num: 80, Task 3 acc: 0.0000, Batch num: 80, Task 4 acc: 0.0000, Task avg acc:19.9952
2024-05-28 00:38:28,740 - INFO - Batch num: 90, Task 0 acc: 99.9761, Batch num: 90, Task 1 acc: 0.0000, Batch num: 90, Task 2 acc: 0.0000, Batch num: 90, Task 3 acc: 0.0000, Batch num: 90, Task 4 acc: 0.0000, Task avg acc:19.9952
2024-05-28 00:38:28,767 - INFO - Epoch 2
2024-05-28 00:38:39,335 - INFO - Batch num: 0, Task 0 acc: 99.9761, Batch num: 0, Task 1 acc: 0.0000, Batch num: 0, Task 2 acc: 0.0000, Batch num: 0, Task 3 acc: 0.0000, Batch num: 0, Task 4 acc: 0.0000, Task avg acc:19.9952
2024-05-28 00:38:50,114 - INFO - Batch num: 10, Task 0 acc: 99.9681, Batch num: 10, Task 1 acc: 0.0000, Batch num: 10, Task 2 acc: 0.0000, Batch num: 10, Task 3 acc: 0.0000, Batch num: 10, Task 4 acc: 0.0000, Task avg acc:19.9936
2024-05-28 00:39:00,958 - INFO - Batch num: 20, Task 0 acc: 99.9681, Batch num: 20, Task 1 acc: 0.0000, Batch num: 20, Task 2 acc: 0.0000, Batch num: 20, Task 3 acc: 0.0000, Batch num: 20, Task 4 acc: 0.0000, Task avg acc:19.9936
2024-05-28 00:39:11,819 - INFO - Batch num: 30, Task 0 acc: 99.9681, Batch num: 30, Task 1 acc: 0.0000, Batch num: 30, Task 2 acc: 0.0000, Batch num: 30, Task 3 acc: 0.0000, Batch num: 30, Task 4 acc: 0.0000, Task avg acc:19.9936
2024-05-28 00:39:22,594 - INFO - Batch num: 40, Task 0 acc: 99.9761, Batch num: 40, Task 1 acc: 0.0000, Batch num: 40, Task 2 acc: 0.0000, Batch num: 40, Task 3 acc: 0.0000, Batch num: 40, Task 4 acc: 0.0000, Task avg acc:19.9952
2024-05-28 00:39:33,367 - INFO - Batch num: 50, Task 0 acc: 99.9681, Batch num: 50, Task 1 acc: 0.0000, Batch num: 50, Task 2 acc: 0.0000, Batch num: 50, Task 3 acc: 0.0000, Batch num: 50, Task 4 acc: 0.0000, Task avg acc:19.9936
2024-05-28 00:39:44,133 - INFO - Batch num: 60, Task 0 acc: 99.9681, Batch num: 60, Task 1 acc: 0.0000, Batch num: 60, Task 2 acc: 0.0000, Batch num: 60, Task 3 acc: 0.0000, Batch num: 60, Task 4 acc: 0.0000, Task avg acc:19.9936
2024-05-28 00:39:54,889 - INFO - Batch num: 70, Task 0 acc: 99.9761, Batch num: 70, Task 1 acc: 0.0000, Batch num: 70, Task 2 acc: 0.0000, Batch num: 70, Task 3 acc: 0.0000, Batch num: 70, Task 4 acc: 0.0000, Task avg acc:19.9952
2024-05-28 00:40:05,658 - INFO - Batch num: 80, Task 0 acc: 99.9761, Batch num: 80, Task 1 acc: 0.0000, Batch num: 80, Task 2 acc: 0.0000, Batch num: 80, Task 3 acc: 0.0000, Batch num: 80, Task 4 acc: 0.0000, Task avg acc:19.9952
2024-05-28 00:40:16,420 - INFO - Batch num: 90, Task 0 acc: 99.9761, Batch num: 90, Task 1 acc: 0.0000, Batch num: 90, Task 2 acc: 0.0000, Batch num: 90, Task 3 acc: 0.0000, Batch num: 90, Task 4 acc: 0.0000, Task avg acc:19.9952
2024-05-28 00:40:16,449 - INFO - Epoch 3
2024-05-28 00:40:27,011 - INFO - Batch num: 0, Task 0 acc: 99.9761, Batch num: 0, Task 1 acc: 0.0000, Batch num: 0, Task 2 acc: 0.0000, Batch num: 0, Task 3 acc: 0.0000, Batch num: 0, Task 4 acc: 0.0000, Task avg acc:19.9952
2024-05-28 00:40:37,826 - INFO - Batch num: 10, Task 0 acc: 99.9681, Batch num: 10, Task 1 acc: 0.0000, Batch num: 10, Task 2 acc: 0.0000, Batch num: 10, Task 3 acc: 0.0000, Batch num: 10, Task 4 acc: 0.0000, Task avg acc:19.9936
2024-05-28 00:40:48,646 - INFO - Batch num: 20, Task 0 acc: 99.9681, Batch num: 20, Task 1 acc: 0.0000, Batch num: 20, Task 2 acc: 0.0000, Batch num: 20, Task 3 acc: 0.0000, Batch num: 20, Task 4 acc: 0.0000, Task avg acc:19.9936
2024-05-28 00:40:59,484 - INFO - Batch num: 30, Task 0 acc: 99.9681, Batch num: 30, Task 1 acc: 0.0000, Batch num: 30, Task 2 acc: 0.0000, Batch num: 30, Task 3 acc: 0.0000, Batch num: 30, Task 4 acc: 0.0000, Task avg acc:19.9936
2024-05-28 00:41:10,276 - INFO - Batch num: 40, Task 0 acc: 99.9761, Batch num: 40, Task 1 acc: 0.0000, Batch num: 40, Task 2 acc: 0.0000, Batch num: 40, Task 3 acc: 0.0000, Batch num: 40, Task 4 acc: 0.0000, Task avg acc:19.9952
2024-05-28 00:41:21,036 - INFO - Batch num: 50, Task 0 acc: 99.9681, Batch num: 50, Task 1 acc: 0.0000, Batch num: 50, Task 2 acc: 0.0000, Batch num: 50, Task 3 acc: 0.0000, Batch num: 50, Task 4 acc: 0.0000, Task avg acc:19.9936
2024-05-28 00:41:31,860 - INFO - Batch num: 60, Task 0 acc: 99.9681, Batch num: 60, Task 1 acc: 0.0000, Batch num: 60, Task 2 acc: 0.0000, Batch num: 60, Task 3 acc: 0.0000, Batch num: 60, Task 4 acc: 0.0000, Task avg acc:19.9936
2024-05-28 00:41:42,644 - INFO - Batch num: 70, Task 0 acc: 99.9761, Batch num: 70, Task 1 acc: 0.0000, Batch num: 70, Task 2 acc: 0.0000, Batch num: 70, Task 3 acc: 0.0000, Batch num: 70, Task 4 acc: 0.0000, Task avg acc:19.9952
2024-05-28 00:41:53,624 - INFO - Batch num: 80, Task 0 acc: 99.9761, Batch num: 80, Task 1 acc: 0.0000, Batch num: 80, Task 2 acc: 0.0000, Batch num: 80, Task 3 acc: 0.0000, Batch num: 80, Task 4 acc: 0.0000, Task avg acc:19.9952
2024-05-28 00:42:04,482 - INFO - Batch num: 90, Task 0 acc: 99.9761, Batch num: 90, Task 1 acc: 0.0000, Batch num: 90, Task 2 acc: 0.0000, Batch num: 90, Task 3 acc: 0.0000, Batch num: 90, Task 4 acc: 0.0000, Task avg acc:19.9952
