2024-05-27 23:30:07,566 - INFO - ##########Task 0##########
2024-05-27 23:30:07,567 - INFO - Epoch 0
2024-05-27 23:30:09,889 - INFO - Batch num: 0, Task 0 acc: 0.0319, Task avg acc:0.0319
2024-05-27 23:30:12,392 - INFO - Batch num: 10, Task 0 acc: 98.0230, Task avg acc:98.0230
2024-05-27 23:30:14,903 - INFO - Batch num: 20, Task 0 acc: 99.6014, Task avg acc:99.6014
2024-05-27 23:30:17,360 - INFO - Batch num: 30, Task 0 acc: 99.8166, Task avg acc:99.8166
2024-05-27 23:30:19,819 - INFO - Batch num: 40, Task 0 acc: 99.8406, Task avg acc:99.8406
2024-05-27 23:30:22,304 - INFO - Batch num: 50, Task 0 acc: 99.8804, Task avg acc:99.8804
2024-05-27 23:30:24,817 - INFO - Batch num: 60, Task 0 acc: 99.8804, Task avg acc:99.8804
2024-05-27 23:30:27,275 - INFO - Batch num: 70, Task 0 acc: 99.9123, Task avg acc:99.9123
2024-05-27 23:30:29,734 - INFO - Batch num: 80, Task 0 acc: 99.9123, Task avg acc:99.9123
2024-05-27 23:30:32,186 - INFO - Batch num: 90, Task 0 acc: 99.9283, Task avg acc:99.9283
2024-05-27 23:30:32,360 - INFO - Epoch 1
2024-05-27 23:30:34,647 - INFO - Batch num: 0, Task 0 acc: 99.9283, Task avg acc:99.9283
2024-05-27 23:30:37,106 - INFO - Batch num: 10, Task 0 acc: 99.9522, Task avg acc:99.9522
2024-05-27 23:30:39,563 - INFO - Batch num: 20, Task 0 acc: 99.9362, Task avg acc:99.9362
2024-05-27 23:30:42,027 - INFO - Batch num: 30, Task 0 acc: 99.9283, Task avg acc:99.9283
2024-05-27 23:30:44,482 - INFO - Batch num: 40, Task 0 acc: 99.9283, Task avg acc:99.9283
2024-05-27 23:30:46,974 - INFO - Batch num: 50, Task 0 acc: 99.9442, Task avg acc:99.9442
2024-05-27 23:30:49,440 - INFO - Batch num: 60, Task 0 acc: 99.9522, Task avg acc:99.9522
2024-05-27 23:30:51,907 - INFO - Batch num: 70, Task 0 acc: 99.9601, Task avg acc:99.9601
2024-05-27 23:30:54,420 - INFO - Batch num: 80, Task 0 acc: 99.9522, Task avg acc:99.9522
2024-05-27 23:30:56,885 - INFO - Batch num: 90, Task 0 acc: 99.9601, Task avg acc:99.9601
2024-05-27 23:30:57,056 - INFO - Epoch 2
2024-05-27 23:30:59,299 - INFO - Batch num: 0, Task 0 acc: 99.9681, Task avg acc:99.9681
2024-05-27 23:31:01,759 - INFO - Batch num: 10, Task 0 acc: 99.9681, Task avg acc:99.9681
2024-05-27 23:31:04,298 - INFO - Batch num: 20, Task 0 acc: 99.9522, Task avg acc:99.9522
2024-05-27 23:31:06,762 - INFO - Batch num: 30, Task 0 acc: 99.9442, Task avg acc:99.9442
2024-05-27 23:31:09,215 - INFO - Batch num: 40, Task 0 acc: 99.9362, Task avg acc:99.9362
2024-05-27 23:31:11,673 - INFO - Batch num: 50, Task 0 acc: 99.9283, Task avg acc:99.9283
2024-05-27 23:31:14,194 - INFO - Batch num: 60, Task 0 acc: 99.9522, Task avg acc:99.9522
2024-05-27 23:31:16,652 - INFO - Batch num: 70, Task 0 acc: 99.9681, Task avg acc:99.9681
2024-05-27 23:31:19,110 - INFO - Batch num: 80, Task 0 acc: 99.9601, Task avg acc:99.9601
2024-05-27 23:31:21,573 - INFO - Batch num: 90, Task 0 acc: 99.9601, Task avg acc:99.9601
2024-05-27 23:31:21,746 - INFO - Epoch 3
2024-05-27 23:31:24,056 - INFO - Batch num: 0, Task 0 acc: 99.9601, Task avg acc:99.9601
2024-05-27 23:31:26,523 - INFO - Batch num: 10, Task 0 acc: 99.9362, Task avg acc:99.9362
2024-05-27 23:31:28,995 - INFO - Batch num: 20, Task 0 acc: 99.9601, Task avg acc:99.9601
2024-05-27 23:31:31,457 - INFO - Batch num: 30, Task 0 acc: 99.9442, Task avg acc:99.9442
2024-05-27 23:31:33,960 - INFO - Batch num: 40, Task 0 acc: 99.9442, Task avg acc:99.9442
2024-05-27 23:31:36,415 - INFO - Batch num: 50, Task 0 acc: 99.9681, Task avg acc:99.9681
2024-05-27 23:31:38,904 - INFO - Batch num: 60, Task 0 acc: 99.9681, Task avg acc:99.9681
2024-05-27 23:31:41,354 - INFO - Batch num: 70, Task 0 acc: 99.8964, Task avg acc:99.8964
2024-05-27 23:31:43,856 - INFO - Batch num: 80, Task 0 acc: 99.8485, Task avg acc:99.8485
2024-05-27 23:31:46,313 - INFO - Batch num: 90, Task 0 acc: 99.9761, Task avg acc:99.9761
2024-05-27 23:31:46,494 - INFO - ##########Task 1##########
2024-05-27 23:31:46,495 - INFO - Epoch 0
2024-05-27 23:31:50,866 - INFO - Batch num: 0, Task 0 acc: 99.9761, Batch num: 0, Task 1 acc: 0.0000, Task avg acc:49.9880
2024-05-27 23:31:55,648 - INFO - Batch num: 10, Task 0 acc: 99.9601, Batch num: 10, Task 1 acc: 0.0000, Task avg acc:49.9801
2024-05-27 23:32:00,398 - INFO - Batch num: 20, Task 0 acc: 99.9601, Batch num: 20, Task 1 acc: 0.0000, Task avg acc:49.9801
2024-05-27 23:32:05,048 - INFO - Batch num: 30, Task 0 acc: 99.9601, Batch num: 30, Task 1 acc: 0.0000, Task avg acc:49.9801
2024-05-27 23:32:09,733 - INFO - Batch num: 40, Task 0 acc: 99.9601, Batch num: 40, Task 1 acc: 0.0000, Task avg acc:49.9801
2024-05-27 23:32:14,328 - INFO - Batch num: 50, Task 0 acc: 99.9601, Batch num: 50, Task 1 acc: 0.0000, Task avg acc:49.9801
2024-05-27 23:32:19,000 - INFO - Batch num: 60, Task 0 acc: 99.9601, Batch num: 60, Task 1 acc: 0.0000, Task avg acc:49.9801
2024-05-27 23:32:23,603 - INFO - Batch num: 70, Task 0 acc: 99.9601, Batch num: 70, Task 1 acc: 0.0000, Task avg acc:49.9801
2024-05-27 23:32:28,235 - INFO - Batch num: 80, Task 0 acc: 99.9601, Batch num: 80, Task 1 acc: 0.0000, Task avg acc:49.9801
2024-05-27 23:32:32,831 - INFO - Batch num: 90, Task 0 acc: 99.9601, Batch num: 90, Task 1 acc: 0.0000, Task avg acc:49.9801
2024-05-27 23:32:32,913 - INFO - Epoch 1
2024-05-27 23:32:37,318 - INFO - Batch num: 0, Task 0 acc: 99.9601, Batch num: 0, Task 1 acc: 0.0000, Task avg acc:49.9801
2024-05-27 23:32:41,893 - INFO - Batch num: 10, Task 0 acc: 99.9522, Batch num: 10, Task 1 acc: 0.0000, Task avg acc:49.9761
2024-05-27 23:32:46,533 - INFO - Batch num: 20, Task 0 acc: 99.9601, Batch num: 20, Task 1 acc: 0.0000, Task avg acc:49.9801
2024-05-27 23:32:51,148 - INFO - Batch num: 30, Task 0 acc: 99.9601, Batch num: 30, Task 1 acc: 0.0000, Task avg acc:49.9801
2024-05-27 23:32:55,740 - INFO - Batch num: 40, Task 0 acc: 99.9601, Batch num: 40, Task 1 acc: 0.0000, Task avg acc:49.9801
2024-05-27 23:33:00,401 - INFO - Batch num: 50, Task 0 acc: 99.9601, Batch num: 50, Task 1 acc: 0.0000, Task avg acc:49.9801
2024-05-27 23:33:05,048 - INFO - Batch num: 60, Task 0 acc: 99.9601, Batch num: 60, Task 1 acc: 0.0000, Task avg acc:49.9801
2024-05-27 23:33:09,661 - INFO - Batch num: 70, Task 0 acc: 99.9601, Batch num: 70, Task 1 acc: 0.0000, Task avg acc:49.9801
2024-05-27 23:33:14,250 - INFO - Batch num: 80, Task 0 acc: 99.9601, Batch num: 80, Task 1 acc: 0.0000, Task avg acc:49.9801
2024-05-27 23:33:18,889 - INFO - Batch num: 90, Task 0 acc: 99.9601, Batch num: 90, Task 1 acc: 0.0000, Task avg acc:49.9801
2024-05-27 23:33:18,969 - INFO - Epoch 2
2024-05-27 23:33:23,326 - INFO - Batch num: 0, Task 0 acc: 99.9601, Batch num: 0, Task 1 acc: 0.0000, Task avg acc:49.9801
2024-05-27 23:33:27,952 - INFO - Batch num: 10, Task 0 acc: 99.9522, Batch num: 10, Task 1 acc: 0.0000, Task avg acc:49.9761
2024-05-27 23:33:32,592 - INFO - Batch num: 20, Task 0 acc: 99.9601, Batch num: 20, Task 1 acc: 0.0000, Task avg acc:49.9801
2024-05-27 23:33:37,247 - INFO - Batch num: 30, Task 0 acc: 99.9601, Batch num: 30, Task 1 acc: 0.0000, Task avg acc:49.9801
2024-05-27 23:33:41,867 - INFO - Batch num: 40, Task 0 acc: 99.9601, Batch num: 40, Task 1 acc: 0.0000, Task avg acc:49.9801
2024-05-27 23:33:46,491 - INFO - Batch num: 50, Task 0 acc: 99.9601, Batch num: 50, Task 1 acc: 0.0000, Task avg acc:49.9801
2024-05-27 23:33:51,086 - INFO - Batch num: 60, Task 0 acc: 99.9601, Batch num: 60, Task 1 acc: 0.0000, Task avg acc:49.9801
2024-05-27 23:33:55,693 - INFO - Batch num: 70, Task 0 acc: 99.9601, Batch num: 70, Task 1 acc: 0.0000, Task avg acc:49.9801
2024-05-27 23:34:00,367 - INFO - Batch num: 80, Task 0 acc: 99.9601, Batch num: 80, Task 1 acc: 0.0000, Task avg acc:49.9801
2024-05-27 23:34:04,990 - INFO - Batch num: 90, Task 0 acc: 99.9601, Batch num: 90, Task 1 acc: 0.0000, Task avg acc:49.9801
2024-05-27 23:34:05,076 - INFO - Epoch 3
2024-05-27 23:34:09,519 - INFO - Batch num: 0, Task 0 acc: 99.9601, Batch num: 0, Task 1 acc: 0.0000, Task avg acc:49.9801
2024-05-27 23:34:14,184 - INFO - Batch num: 10, Task 0 acc: 99.9522, Batch num: 10, Task 1 acc: 0.0000, Task avg acc:49.9761
2024-05-27 23:34:18,796 - INFO - Batch num: 20, Task 0 acc: 99.9601, Batch num: 20, Task 1 acc: 0.0000, Task avg acc:49.9801
2024-05-27 23:34:23,447 - INFO - Batch num: 30, Task 0 acc: 99.9601, Batch num: 30, Task 1 acc: 0.0000, Task avg acc:49.9801
2024-05-27 23:34:28,087 - INFO - Batch num: 40, Task 0 acc: 99.9601, Batch num: 40, Task 1 acc: 0.0000, Task avg acc:49.9801
2024-05-27 23:34:32,775 - INFO - Batch num: 50, Task 0 acc: 99.9601, Batch num: 50, Task 1 acc: 0.0000, Task avg acc:49.9801
2024-05-27 23:34:37,382 - INFO - Batch num: 60, Task 0 acc: 99.9601, Batch num: 60, Task 1 acc: 0.0000, Task avg acc:49.9801
2024-05-27 23:34:41,992 - INFO - Batch num: 70, Task 0 acc: 99.9601, Batch num: 70, Task 1 acc: 0.0000, Task avg acc:49.9801
2024-05-27 23:34:46,619 - INFO - Batch num: 80, Task 0 acc: 99.9601, Batch num: 80, Task 1 acc: 0.0000, Task avg acc:49.9801
2024-05-27 23:34:51,232 - INFO - Batch num: 90, Task 0 acc: 99.9601, Batch num: 90, Task 1 acc: 0.0000, Task avg acc:49.9801
2024-05-27 23:34:51,363 - INFO - ##########Task 2##########
2024-05-27 23:34:51,364 - INFO - Epoch 0
2024-05-27 23:34:57,725 - INFO - Batch num: 0, Task 0 acc: 99.9522, Batch num: 0, Task 1 acc: 0.0000, Batch num: 0, Task 2 acc: 0.0000, Task avg acc:33.3174
2024-05-27 23:35:04,398 - INFO - Batch num: 10, Task 0 acc: 99.9362, Batch num: 10, Task 1 acc: 0.0000, Batch num: 10, Task 2 acc: 0.0000, Task avg acc:33.3121
2024-05-27 23:35:11,087 - INFO - Batch num: 20, Task 0 acc: 99.9203, Batch num: 20, Task 1 acc: 0.0000, Batch num: 20, Task 2 acc: 0.0000, Task avg acc:33.3068
2024-05-27 23:35:17,689 - INFO - Batch num: 30, Task 0 acc: 99.9283, Batch num: 30, Task 1 acc: 0.0000, Batch num: 30, Task 2 acc: 0.0000, Task avg acc:33.3094
2024-05-27 23:35:24,257 - INFO - Batch num: 40, Task 0 acc: 99.9283, Batch num: 40, Task 1 acc: 0.0000, Batch num: 40, Task 2 acc: 0.0000, Task avg acc:33.3094
2024-05-27 23:35:30,833 - INFO - Batch num: 50, Task 0 acc: 99.9283, Batch num: 50, Task 1 acc: 0.0000, Batch num: 50, Task 2 acc: 0.0000, Task avg acc:33.3094
2024-05-27 23:35:37,400 - INFO - Batch num: 60, Task 0 acc: 99.9283, Batch num: 60, Task 1 acc: 0.0000, Batch num: 60, Task 2 acc: 0.0000, Task avg acc:33.3094
2024-05-27 23:35:44,009 - INFO - Batch num: 70, Task 0 acc: 99.9283, Batch num: 70, Task 1 acc: 0.0000, Batch num: 70, Task 2 acc: 0.0000, Task avg acc:33.3094
2024-05-27 23:35:50,576 - INFO - Batch num: 80, Task 0 acc: 99.9283, Batch num: 80, Task 1 acc: 0.0000, Batch num: 80, Task 2 acc: 0.0000, Task avg acc:33.3094
2024-05-27 23:35:50,738 - INFO - Epoch 1
2024-05-27 23:35:57,043 - INFO - Batch num: 0, Task 0 acc: 99.9283, Batch num: 0, Task 1 acc: 0.0000, Batch num: 0, Task 2 acc: 0.0000, Task avg acc:33.3094
2024-05-27 23:36:03,606 - INFO - Batch num: 10, Task 0 acc: 99.9203, Batch num: 10, Task 1 acc: 0.0000, Batch num: 10, Task 2 acc: 0.0000, Task avg acc:33.3068
2024-05-27 23:36:10,209 - INFO - Batch num: 20, Task 0 acc: 99.9203, Batch num: 20, Task 1 acc: 0.0000, Batch num: 20, Task 2 acc: 0.0000, Task avg acc:33.3068
2024-05-27 23:36:16,803 - INFO - Batch num: 30, Task 0 acc: 99.9283, Batch num: 30, Task 1 acc: 0.0000, Batch num: 30, Task 2 acc: 0.0000, Task avg acc:33.3094
2024-05-27 23:36:23,359 - INFO - Batch num: 40, Task 0 acc: 99.9283, Batch num: 40, Task 1 acc: 0.0000, Batch num: 40, Task 2 acc: 0.0000, Task avg acc:33.3094
2024-05-27 23:36:29,918 - INFO - Batch num: 50, Task 0 acc: 99.9283, Batch num: 50, Task 1 acc: 0.0000, Batch num: 50, Task 2 acc: 0.0000, Task avg acc:33.3094
2024-05-27 23:36:36,476 - INFO - Batch num: 60, Task 0 acc: 99.9283, Batch num: 60, Task 1 acc: 0.0000, Batch num: 60, Task 2 acc: 0.0000, Task avg acc:33.3094
2024-05-27 23:36:43,075 - INFO - Batch num: 70, Task 0 acc: 99.9283, Batch num: 70, Task 1 acc: 0.0000, Batch num: 70, Task 2 acc: 0.0000, Task avg acc:33.3094
2024-05-27 23:36:49,631 - INFO - Batch num: 80, Task 0 acc: 99.9283, Batch num: 80, Task 1 acc: 0.0000, Batch num: 80, Task 2 acc: 0.0000, Task avg acc:33.3094
2024-05-27 23:36:49,795 - INFO - Epoch 2
2024-05-27 23:36:56,105 - INFO - Batch num: 0, Task 0 acc: 99.9283, Batch num: 0, Task 1 acc: 0.0000, Batch num: 0, Task 2 acc: 0.0000, Task avg acc:33.3094
2024-05-27 23:37:02,635 - INFO - Batch num: 10, Task 0 acc: 99.9283, Batch num: 10, Task 1 acc: 0.0000, Batch num: 10, Task 2 acc: 0.0000, Task avg acc:33.3094
2024-05-27 23:37:09,243 - INFO - Batch num: 20, Task 0 acc: 99.9283, Batch num: 20, Task 1 acc: 0.0000, Batch num: 20, Task 2 acc: 0.0000, Task avg acc:33.3094
2024-05-27 23:37:15,818 - INFO - Batch num: 30, Task 0 acc: 99.9362, Batch num: 30, Task 1 acc: 0.0000, Batch num: 30, Task 2 acc: 0.0000, Task avg acc:33.3121
2024-05-27 23:37:22,413 - INFO - Batch num: 40, Task 0 acc: 99.9283, Batch num: 40, Task 1 acc: 0.0000, Batch num: 40, Task 2 acc: 0.0000, Task avg acc:33.3094
2024-05-27 23:37:29,005 - INFO - Batch num: 50, Task 0 acc: 99.9283, Batch num: 50, Task 1 acc: 0.0000, Batch num: 50, Task 2 acc: 0.0000, Task avg acc:33.3094
2024-05-27 23:37:35,565 - INFO - Batch num: 60, Task 0 acc: 99.9283, Batch num: 60, Task 1 acc: 0.0000, Batch num: 60, Task 2 acc: 0.0000, Task avg acc:33.3094
2024-05-27 23:37:42,171 - INFO - Batch num: 70, Task 0 acc: 99.9283, Batch num: 70, Task 1 acc: 0.0000, Batch num: 70, Task 2 acc: 0.0000, Task avg acc:33.3094
2024-05-27 23:37:48,740 - INFO - Batch num: 80, Task 0 acc: 99.9283, Batch num: 80, Task 1 acc: 0.0000, Batch num: 80, Task 2 acc: 0.0000, Task avg acc:33.3094
2024-05-27 23:37:48,902 - INFO - Epoch 3
2024-05-27 23:37:55,241 - INFO - Batch num: 0, Task 0 acc: 99.9283, Batch num: 0, Task 1 acc: 0.0000, Batch num: 0, Task 2 acc: 0.0000, Task avg acc:33.3094
2024-05-27 23:38:01,864 - INFO - Batch num: 10, Task 0 acc: 99.9283, Batch num: 10, Task 1 acc: 0.0000, Batch num: 10, Task 2 acc: 0.0000, Task avg acc:33.3094
2024-05-27 23:38:08,583 - INFO - Batch num: 20, Task 0 acc: 99.9203, Batch num: 20, Task 1 acc: 0.0000, Batch num: 20, Task 2 acc: 0.0000, Task avg acc:33.3068
2024-05-27 23:38:15,309 - INFO - Batch num: 30, Task 0 acc: 99.9283, Batch num: 30, Task 1 acc: 0.0000, Batch num: 30, Task 2 acc: 0.0000, Task avg acc:33.3094
2024-05-27 23:38:21,953 - INFO - Batch num: 40, Task 0 acc: 99.9283, Batch num: 40, Task 1 acc: 0.0000, Batch num: 40, Task 2 acc: 0.0000, Task avg acc:33.3094
2024-05-27 23:38:28,684 - INFO - Batch num: 50, Task 0 acc: 99.9283, Batch num: 50, Task 1 acc: 0.0000, Batch num: 50, Task 2 acc: 0.0000, Task avg acc:33.3094
2024-05-27 23:38:35,266 - INFO - Batch num: 60, Task 0 acc: 99.9283, Batch num: 60, Task 1 acc: 0.0000, Batch num: 60, Task 2 acc: 0.0000, Task avg acc:33.3094
2024-05-27 23:38:41,907 - INFO - Batch num: 70, Task 0 acc: 99.9283, Batch num: 70, Task 1 acc: 0.0000, Batch num: 70, Task 2 acc: 0.0000, Task avg acc:33.3094
2024-05-27 23:38:48,509 - INFO - Batch num: 80, Task 0 acc: 99.9283, Batch num: 80, Task 1 acc: 0.0000, Batch num: 80, Task 2 acc: 0.0000, Task avg acc:33.3094
2024-05-27 23:38:48,678 - INFO - ##########Task 3##########
2024-05-27 23:38:48,678 - INFO - Epoch 0
2024-05-27 23:38:57,278 - INFO - Batch num: 0, Task 0 acc: 99.9283, Batch num: 0, Task 1 acc: 0.0000, Batch num: 0, Task 2 acc: 0.0000, Batch num: 0, Task 3 acc: 0.0000, Task avg acc:24.9821
2024-05-27 23:39:06,030 - INFO - Batch num: 10, Task 0 acc: 99.9283, Batch num: 10, Task 1 acc: 0.0000, Batch num: 10, Task 2 acc: 0.0000, Batch num: 10, Task 3 acc: 0.0000, Task avg acc:24.9821
2024-05-27 23:39:14,764 - INFO - Batch num: 20, Task 0 acc: 99.9283, Batch num: 20, Task 1 acc: 0.0000, Batch num: 20, Task 2 acc: 0.0000, Batch num: 20, Task 3 acc: 0.0000, Task avg acc:24.9821
2024-05-27 23:39:23,456 - INFO - Batch num: 30, Task 0 acc: 99.9283, Batch num: 30, Task 1 acc: 0.0000, Batch num: 30, Task 2 acc: 0.0000, Batch num: 30, Task 3 acc: 0.0000, Task avg acc:24.9821
2024-05-27 23:39:32,182 - INFO - Batch num: 40, Task 0 acc: 99.9362, Batch num: 40, Task 1 acc: 0.0000, Batch num: 40, Task 2 acc: 0.0000, Batch num: 40, Task 3 acc: 0.0000, Task avg acc:24.9841
2024-05-27 23:39:40,917 - INFO - Batch num: 50, Task 0 acc: 99.9362, Batch num: 50, Task 1 acc: 0.0000, Batch num: 50, Task 2 acc: 0.0000, Batch num: 50, Task 3 acc: 0.0000, Task avg acc:24.9841
2024-05-27 23:39:49,647 - INFO - Batch num: 60, Task 0 acc: 99.9283, Batch num: 60, Task 1 acc: 0.0000, Batch num: 60, Task 2 acc: 0.0000, Batch num: 60, Task 3 acc: 0.0000, Task avg acc:24.9821
2024-05-27 23:39:58,350 - INFO - Batch num: 70, Task 0 acc: 99.9283, Batch num: 70, Task 1 acc: 0.0000, Batch num: 70, Task 2 acc: 0.0000, Batch num: 70, Task 3 acc: 0.0000, Task avg acc:24.9821
2024-05-27 23:40:07,040 - INFO - Batch num: 80, Task 0 acc: 99.9362, Batch num: 80, Task 1 acc: 0.0000, Batch num: 80, Task 2 acc: 0.0000, Batch num: 80, Task 3 acc: 0.0000, Task avg acc:24.9841
2024-05-27 23:40:15,833 - INFO - Batch num: 90, Task 0 acc: 99.9362, Batch num: 90, Task 1 acc: 0.0000, Batch num: 90, Task 2 acc: 0.0000, Batch num: 90, Task 3 acc: 0.0000, Task avg acc:24.9841
2024-05-27 23:40:15,940 - INFO - Epoch 1
2024-05-27 23:40:24,454 - INFO - Batch num: 0, Task 0 acc: 99.9283, Batch num: 0, Task 1 acc: 0.0000, Batch num: 0, Task 2 acc: 0.0000, Batch num: 0, Task 3 acc: 0.0000, Task avg acc:24.9821
2024-05-27 23:40:33,161 - INFO - Batch num: 10, Task 0 acc: 99.9203, Batch num: 10, Task 1 acc: 0.0000, Batch num: 10, Task 2 acc: 0.0000, Batch num: 10, Task 3 acc: 0.0000, Task avg acc:24.9801
2024-05-27 23:40:41,860 - INFO - Batch num: 20, Task 0 acc: 99.9283, Batch num: 20, Task 1 acc: 0.0000, Batch num: 20, Task 2 acc: 0.0000, Batch num: 20, Task 3 acc: 0.0000, Task avg acc:24.9821
2024-05-27 23:40:50,643 - INFO - Batch num: 30, Task 0 acc: 99.9283, Batch num: 30, Task 1 acc: 0.0000, Batch num: 30, Task 2 acc: 0.0000, Batch num: 30, Task 3 acc: 0.0000, Task avg acc:24.9821
2024-05-27 23:40:59,357 - INFO - Batch num: 40, Task 0 acc: 99.9362, Batch num: 40, Task 1 acc: 0.0000, Batch num: 40, Task 2 acc: 0.0000, Batch num: 40, Task 3 acc: 0.0000, Task avg acc:24.9841
2024-05-27 23:41:08,052 - INFO - Batch num: 50, Task 0 acc: 99.9362, Batch num: 50, Task 1 acc: 0.0000, Batch num: 50, Task 2 acc: 0.0000, Batch num: 50, Task 3 acc: 0.0000, Task avg acc:24.9841
2024-05-27 23:41:16,837 - INFO - Batch num: 60, Task 0 acc: 99.9362, Batch num: 60, Task 1 acc: 0.0000, Batch num: 60, Task 2 acc: 0.0000, Batch num: 60, Task 3 acc: 0.0000, Task avg acc:24.9841
2024-05-27 23:41:25,539 - INFO - Batch num: 70, Task 0 acc: 99.9283, Batch num: 70, Task 1 acc: 0.0000, Batch num: 70, Task 2 acc: 0.0000, Batch num: 70, Task 3 acc: 0.0000, Task avg acc:24.9821
2024-05-27 23:41:34,251 - INFO - Batch num: 80, Task 0 acc: 99.9362, Batch num: 80, Task 1 acc: 0.0000, Batch num: 80, Task 2 acc: 0.0000, Batch num: 80, Task 3 acc: 0.0000, Task avg acc:24.9841
2024-05-27 23:41:42,959 - INFO - Batch num: 90, Task 0 acc: 99.9362, Batch num: 90, Task 1 acc: 0.0000, Batch num: 90, Task 2 acc: 0.0000, Batch num: 90, Task 3 acc: 0.0000, Task avg acc:24.9841
2024-05-27 23:41:43,067 - INFO - Epoch 2
2024-05-27 23:41:51,557 - INFO - Batch num: 0, Task 0 acc: 99.9283, Batch num: 0, Task 1 acc: 0.0000, Batch num: 0, Task 2 acc: 0.0000, Batch num: 0, Task 3 acc: 0.0000, Task avg acc:24.9821
2024-05-27 23:42:00,279 - INFO - Batch num: 10, Task 0 acc: 99.9283, Batch num: 10, Task 1 acc: 0.0000, Batch num: 10, Task 2 acc: 0.0000, Batch num: 10, Task 3 acc: 0.0000, Task avg acc:24.9821
2024-05-27 23:42:09,107 - INFO - Batch num: 20, Task 0 acc: 99.9283, Batch num: 20, Task 1 acc: 0.0000, Batch num: 20, Task 2 acc: 0.0000, Batch num: 20, Task 3 acc: 0.0000, Task avg acc:24.9821
2024-05-27 23:42:17,804 - INFO - Batch num: 30, Task 0 acc: 99.9283, Batch num: 30, Task 1 acc: 0.0000, Batch num: 30, Task 2 acc: 0.0000, Batch num: 30, Task 3 acc: 0.0000, Task avg acc:24.9821
2024-05-27 23:42:26,521 - INFO - Batch num: 40, Task 0 acc: 99.9362, Batch num: 40, Task 1 acc: 0.0000, Batch num: 40, Task 2 acc: 0.0000, Batch num: 40, Task 3 acc: 0.0000, Task avg acc:24.9841
2024-05-27 23:42:35,213 - INFO - Batch num: 50, Task 0 acc: 99.9362, Batch num: 50, Task 1 acc: 0.0000, Batch num: 50, Task 2 acc: 0.0000, Batch num: 50, Task 3 acc: 0.0000, Task avg acc:24.9841
2024-05-27 23:42:43,985 - INFO - Batch num: 60, Task 0 acc: 99.9283, Batch num: 60, Task 1 acc: 0.0000, Batch num: 60, Task 2 acc: 0.0000, Batch num: 60, Task 3 acc: 0.0000, Task avg acc:24.9821
2024-05-27 23:42:52,739 - INFO - Batch num: 70, Task 0 acc: 99.9283, Batch num: 70, Task 1 acc: 0.0000, Batch num: 70, Task 2 acc: 0.0000, Batch num: 70, Task 3 acc: 0.0000, Task avg acc:24.9821
2024-05-27 23:43:01,489 - INFO - Batch num: 80, Task 0 acc: 99.9362, Batch num: 80, Task 1 acc: 0.0000, Batch num: 80, Task 2 acc: 0.0000, Batch num: 80, Task 3 acc: 0.0000, Task avg acc:24.9841
2024-05-27 23:43:10,279 - INFO - Batch num: 90, Task 0 acc: 99.9362, Batch num: 90, Task 1 acc: 0.0000, Batch num: 90, Task 2 acc: 0.0000, Batch num: 90, Task 3 acc: 0.0000, Task avg acc:24.9841
2024-05-27 23:43:10,385 - INFO - Epoch 3
2024-05-27 23:43:18,881 - INFO - Batch num: 0, Task 0 acc: 99.9283, Batch num: 0, Task 1 acc: 0.0000, Batch num: 0, Task 2 acc: 0.0000, Batch num: 0, Task 3 acc: 0.0000, Task avg acc:24.9821
2024-05-27 23:43:27,678 - INFO - Batch num: 10, Task 0 acc: 99.9283, Batch num: 10, Task 1 acc: 0.0000, Batch num: 10, Task 2 acc: 0.0000, Batch num: 10, Task 3 acc: 0.0000, Task avg acc:24.9821
2024-05-27 23:43:36,379 - INFO - Batch num: 20, Task 0 acc: 99.9283, Batch num: 20, Task 1 acc: 0.0000, Batch num: 20, Task 2 acc: 0.0000, Batch num: 20, Task 3 acc: 0.0000, Task avg acc:24.9821
2024-05-27 23:43:45,116 - INFO - Batch num: 30, Task 0 acc: 99.9283, Batch num: 30, Task 1 acc: 0.0000, Batch num: 30, Task 2 acc: 0.0000, Batch num: 30, Task 3 acc: 0.0000, Task avg acc:24.9821
2024-05-27 23:43:53,893 - INFO - Batch num: 40, Task 0 acc: 99.9362, Batch num: 40, Task 1 acc: 0.0000, Batch num: 40, Task 2 acc: 0.0000, Batch num: 40, Task 3 acc: 0.0000, Task avg acc:24.9841
2024-05-27 23:44:02,599 - INFO - Batch num: 50, Task 0 acc: 99.9362, Batch num: 50, Task 1 acc: 0.0000, Batch num: 50, Task 2 acc: 0.0000, Batch num: 50, Task 3 acc: 0.0000, Task avg acc:24.9841
2024-05-27 23:44:11,329 - INFO - Batch num: 60, Task 0 acc: 99.9283, Batch num: 60, Task 1 acc: 0.0000, Batch num: 60, Task 2 acc: 0.0000, Batch num: 60, Task 3 acc: 0.0000, Task avg acc:24.9821
2024-05-27 23:44:20,067 - INFO - Batch num: 70, Task 0 acc: 99.9283, Batch num: 70, Task 1 acc: 0.0000, Batch num: 70, Task 2 acc: 0.0000, Batch num: 70, Task 3 acc: 0.0000, Task avg acc:24.9821
2024-05-27 23:44:28,799 - INFO - Batch num: 80, Task 0 acc: 99.9362, Batch num: 80, Task 1 acc: 0.0000, Batch num: 80, Task 2 acc: 0.0000, Batch num: 80, Task 3 acc: 0.0000, Task avg acc:24.9841
2024-05-27 23:44:37,501 - INFO - Batch num: 90, Task 0 acc: 99.9362, Batch num: 90, Task 1 acc: 0.0000, Batch num: 90, Task 2 acc: 0.0000, Batch num: 90, Task 3 acc: 0.0000, Task avg acc:24.9841
2024-05-27 23:44:37,620 - INFO - ##########Task 4##########
2024-05-27 23:44:37,620 - INFO - Epoch 0
2024-05-27 23:44:48,185 - INFO - Batch num: 0, Task 0 acc: 99.9362, Batch num: 0, Task 1 acc: 0.0000, Batch num: 0, Task 2 acc: 0.0000, Batch num: 0, Task 3 acc: 0.0000, Batch num: 0, Task 4 acc: 0.0000, Task avg acc:19.9872
2024-05-27 23:44:58,951 - INFO - Batch num: 10, Task 0 acc: 99.9601, Batch num: 10, Task 1 acc: 0.0000, Batch num: 10, Task 2 acc: 0.0000, Batch num: 10, Task 3 acc: 0.0000, Batch num: 10, Task 4 acc: 0.0000, Task avg acc:19.9920
2024-05-27 23:45:09,719 - INFO - Batch num: 20, Task 0 acc: 99.9601, Batch num: 20, Task 1 acc: 0.0000, Batch num: 20, Task 2 acc: 0.0000, Batch num: 20, Task 3 acc: 0.0000, Batch num: 20, Task 4 acc: 0.0000, Task avg acc:19.9920
2024-05-27 23:45:20,550 - INFO - Batch num: 30, Task 0 acc: 99.9601, Batch num: 30, Task 1 acc: 0.0000, Batch num: 30, Task 2 acc: 0.0000, Batch num: 30, Task 3 acc: 0.0000, Batch num: 30, Task 4 acc: 0.0000, Task avg acc:19.9920
2024-05-27 23:45:31,329 - INFO - Batch num: 40, Task 0 acc: 99.9601, Batch num: 40, Task 1 acc: 0.0000, Batch num: 40, Task 2 acc: 0.0000, Batch num: 40, Task 3 acc: 0.0000, Batch num: 40, Task 4 acc: 0.0000, Task avg acc:19.9920
2024-05-27 23:45:42,087 - INFO - Batch num: 50, Task 0 acc: 99.9601, Batch num: 50, Task 1 acc: 0.0000, Batch num: 50, Task 2 acc: 0.0000, Batch num: 50, Task 3 acc: 0.0000, Batch num: 50, Task 4 acc: 0.0000, Task avg acc:19.9920
2024-05-27 23:45:52,821 - INFO - Batch num: 60, Task 0 acc: 99.9601, Batch num: 60, Task 1 acc: 0.0000, Batch num: 60, Task 2 acc: 0.0000, Batch num: 60, Task 3 acc: 0.0000, Batch num: 60, Task 4 acc: 0.0000, Task avg acc:19.9920
2024-05-27 23:46:03,620 - INFO - Batch num: 70, Task 0 acc: 99.9601, Batch num: 70, Task 1 acc: 0.0000, Batch num: 70, Task 2 acc: 0.0000, Batch num: 70, Task 3 acc: 0.0000, Batch num: 70, Task 4 acc: 0.0000, Task avg acc:19.9920
2024-05-27 23:46:14,402 - INFO - Batch num: 80, Task 0 acc: 99.9601, Batch num: 80, Task 1 acc: 0.0000, Batch num: 80, Task 2 acc: 0.0000, Batch num: 80, Task 3 acc: 0.0000, Batch num: 80, Task 4 acc: 0.0000, Task avg acc:19.9920
2024-05-27 23:46:25,208 - INFO - Batch num: 90, Task 0 acc: 99.9601, Batch num: 90, Task 1 acc: 0.0000, Batch num: 90, Task 2 acc: 0.0000, Batch num: 90, Task 3 acc: 0.0000, Batch num: 90, Task 4 acc: 0.0000, Task avg acc:19.9920
2024-05-27 23:46:25,237 - INFO - Epoch 1
2024-05-27 23:46:35,796 - INFO - Batch num: 0, Task 0 acc: 99.9601, Batch num: 0, Task 1 acc: 0.0000, Batch num: 0, Task 2 acc: 0.0000, Batch num: 0, Task 3 acc: 0.0000, Batch num: 0, Task 4 acc: 0.0000, Task avg acc:19.9920
2024-05-27 23:46:46,568 - INFO - Batch num: 10, Task 0 acc: 99.9601, Batch num: 10, Task 1 acc: 0.0000, Batch num: 10, Task 2 acc: 0.0000, Batch num: 10, Task 3 acc: 0.0000, Batch num: 10, Task 4 acc: 0.0000, Task avg acc:19.9920
2024-05-27 23:46:57,344 - INFO - Batch num: 20, Task 0 acc: 99.9601, Batch num: 20, Task 1 acc: 0.0000, Batch num: 20, Task 2 acc: 0.0000, Batch num: 20, Task 3 acc: 0.0000, Batch num: 20, Task 4 acc: 0.0000, Task avg acc:19.9920
2024-05-27 23:47:08,125 - INFO - Batch num: 30, Task 0 acc: 99.9601, Batch num: 30, Task 1 acc: 0.0000, Batch num: 30, Task 2 acc: 0.0000, Batch num: 30, Task 3 acc: 0.0000, Batch num: 30, Task 4 acc: 0.0000, Task avg acc:19.9920
2024-05-27 23:47:18,922 - INFO - Batch num: 40, Task 0 acc: 99.9601, Batch num: 40, Task 1 acc: 0.0000, Batch num: 40, Task 2 acc: 0.0000, Batch num: 40, Task 3 acc: 0.0000, Batch num: 40, Task 4 acc: 0.0000, Task avg acc:19.9920
2024-05-27 23:47:29,984 - INFO - Batch num: 50, Task 0 acc: 99.9601, Batch num: 50, Task 1 acc: 0.0000, Batch num: 50, Task 2 acc: 0.0000, Batch num: 50, Task 3 acc: 0.0000, Batch num: 50, Task 4 acc: 0.0000, Task avg acc:19.9920
2024-05-27 23:47:40,735 - INFO - Batch num: 60, Task 0 acc: 99.9601, Batch num: 60, Task 1 acc: 0.0000, Batch num: 60, Task 2 acc: 0.0000, Batch num: 60, Task 3 acc: 0.0000, Batch num: 60, Task 4 acc: 0.0000, Task avg acc:19.9920
2024-05-27 23:47:51,505 - INFO - Batch num: 70, Task 0 acc: 99.9601, Batch num: 70, Task 1 acc: 0.0000, Batch num: 70, Task 2 acc: 0.0000, Batch num: 70, Task 3 acc: 0.0000, Batch num: 70, Task 4 acc: 0.0000, Task avg acc:19.9920
2024-05-27 23:48:02,283 - INFO - Batch num: 80, Task 0 acc: 99.9601, Batch num: 80, Task 1 acc: 0.0000, Batch num: 80, Task 2 acc: 0.0000, Batch num: 80, Task 3 acc: 0.0000, Batch num: 80, Task 4 acc: 0.0000, Task avg acc:19.9920
2024-05-27 23:48:13,060 - INFO - Batch num: 90, Task 0 acc: 99.9601, Batch num: 90, Task 1 acc: 0.0000, Batch num: 90, Task 2 acc: 0.0000, Batch num: 90, Task 3 acc: 0.0000, Batch num: 90, Task 4 acc: 0.0000, Task avg acc:19.9920
2024-05-27 23:48:13,088 - INFO - Epoch 2
2024-05-27 23:48:23,778 - INFO - Batch num: 0, Task 0 acc: 99.9601, Batch num: 0, Task 1 acc: 0.0000, Batch num: 0, Task 2 acc: 0.0000, Batch num: 0, Task 3 acc: 0.0000, Batch num: 0, Task 4 acc: 0.0000, Task avg acc:19.9920
2024-05-27 23:48:34,668 - INFO - Batch num: 10, Task 0 acc: 99.9601, Batch num: 10, Task 1 acc: 0.0000, Batch num: 10, Task 2 acc: 0.0000, Batch num: 10, Task 3 acc: 0.0000, Batch num: 10, Task 4 acc: 0.0000, Task avg acc:19.9920
2024-05-27 23:48:45,462 - INFO - Batch num: 20, Task 0 acc: 99.9601, Batch num: 20, Task 1 acc: 0.0000, Batch num: 20, Task 2 acc: 0.0000, Batch num: 20, Task 3 acc: 0.0000, Batch num: 20, Task 4 acc: 0.0000, Task avg acc:19.9920
2024-05-27 23:48:56,222 - INFO - Batch num: 30, Task 0 acc: 99.9601, Batch num: 30, Task 1 acc: 0.0000, Batch num: 30, Task 2 acc: 0.0000, Batch num: 30, Task 3 acc: 0.0000, Batch num: 30, Task 4 acc: 0.0000, Task avg acc:19.9920
2024-05-27 23:49:06,976 - INFO - Batch num: 40, Task 0 acc: 99.9601, Batch num: 40, Task 1 acc: 0.0000, Batch num: 40, Task 2 acc: 0.0000, Batch num: 40, Task 3 acc: 0.0000, Batch num: 40, Task 4 acc: 0.0000, Task avg acc:19.9920
2024-05-27 23:49:17,747 - INFO - Batch num: 50, Task 0 acc: 99.9601, Batch num: 50, Task 1 acc: 0.0000, Batch num: 50, Task 2 acc: 0.0000, Batch num: 50, Task 3 acc: 0.0000, Batch num: 50, Task 4 acc: 0.0000, Task avg acc:19.9920
2024-05-27 23:49:28,564 - INFO - Batch num: 60, Task 0 acc: 99.9601, Batch num: 60, Task 1 acc: 0.0000, Batch num: 60, Task 2 acc: 0.0000, Batch num: 60, Task 3 acc: 0.0000, Batch num: 60, Task 4 acc: 0.0000, Task avg acc:19.9920
2024-05-27 23:49:39,328 - INFO - Batch num: 70, Task 0 acc: 99.9601, Batch num: 70, Task 1 acc: 0.0000, Batch num: 70, Task 2 acc: 0.0000, Batch num: 70, Task 3 acc: 0.0000, Batch num: 70, Task 4 acc: 0.0000, Task avg acc:19.9920
2024-05-27 23:49:50,079 - INFO - Batch num: 80, Task 0 acc: 99.9601, Batch num: 80, Task 1 acc: 0.0000, Batch num: 80, Task 2 acc: 0.0000, Batch num: 80, Task 3 acc: 0.0000, Batch num: 80, Task 4 acc: 0.0000, Task avg acc:19.9920
2024-05-27 23:50:00,917 - INFO - Batch num: 90, Task 0 acc: 99.9601, Batch num: 90, Task 1 acc: 0.0000, Batch num: 90, Task 2 acc: 0.0000, Batch num: 90, Task 3 acc: 0.0000, Batch num: 90, Task 4 acc: 0.0000, Task avg acc:19.9920
2024-05-27 23:50:00,945 - INFO - Epoch 3
2024-05-27 23:50:11,495 - INFO - Batch num: 0, Task 0 acc: 99.9601, Batch num: 0, Task 1 acc: 0.0000, Batch num: 0, Task 2 acc: 0.0000, Batch num: 0, Task 3 acc: 0.0000, Batch num: 0, Task 4 acc: 0.0000, Task avg acc:19.9920
2024-05-27 23:50:22,273 - INFO - Batch num: 10, Task 0 acc: 99.9601, Batch num: 10, Task 1 acc: 0.0000, Batch num: 10, Task 2 acc: 0.0000, Batch num: 10, Task 3 acc: 0.0000, Batch num: 10, Task 4 acc: 0.0000, Task avg acc:19.9920
2024-05-27 23:50:33,085 - INFO - Batch num: 20, Task 0 acc: 99.9601, Batch num: 20, Task 1 acc: 0.0000, Batch num: 20, Task 2 acc: 0.0000, Batch num: 20, Task 3 acc: 0.0000, Batch num: 20, Task 4 acc: 0.0000, Task avg acc:19.9920
2024-05-27 23:50:43,898 - INFO - Batch num: 30, Task 0 acc: 99.9601, Batch num: 30, Task 1 acc: 0.0000, Batch num: 30, Task 2 acc: 0.0000, Batch num: 30, Task 3 acc: 0.0000, Batch num: 30, Task 4 acc: 0.0000, Task avg acc:19.9920
2024-05-27 23:50:54,684 - INFO - Batch num: 40, Task 0 acc: 99.9601, Batch num: 40, Task 1 acc: 0.0000, Batch num: 40, Task 2 acc: 0.0000, Batch num: 40, Task 3 acc: 0.0000, Batch num: 40, Task 4 acc: 0.0000, Task avg acc:19.9920
2024-05-27 23:51:05,443 - INFO - Batch num: 50, Task 0 acc: 99.9601, Batch num: 50, Task 1 acc: 0.0000, Batch num: 50, Task 2 acc: 0.0000, Batch num: 50, Task 3 acc: 0.0000, Batch num: 50, Task 4 acc: 0.0000, Task avg acc:19.9920
2024-05-27 23:51:16,242 - INFO - Batch num: 60, Task 0 acc: 99.9601, Batch num: 60, Task 1 acc: 0.0000, Batch num: 60, Task 2 acc: 0.0000, Batch num: 60, Task 3 acc: 0.0000, Batch num: 60, Task 4 acc: 0.0000, Task avg acc:19.9920
2024-05-27 23:51:26,979 - INFO - Batch num: 70, Task 0 acc: 99.9601, Batch num: 70, Task 1 acc: 0.0000, Batch num: 70, Task 2 acc: 0.0000, Batch num: 70, Task 3 acc: 0.0000, Batch num: 70, Task 4 acc: 0.0000, Task avg acc:19.9920
2024-05-27 23:51:37,734 - INFO - Batch num: 80, Task 0 acc: 99.9601, Batch num: 80, Task 1 acc: 0.0000, Batch num: 80, Task 2 acc: 0.0000, Batch num: 80, Task 3 acc: 0.0000, Batch num: 80, Task 4 acc: 0.0000, Task avg acc:19.9920
2024-05-27 23:51:48,577 - INFO - Batch num: 90, Task 0 acc: 99.9601, Batch num: 90, Task 1 acc: 0.0000, Batch num: 90, Task 2 acc: 0.0000, Batch num: 90, Task 3 acc: 0.0000, Batch num: 90, Task 4 acc: 0.0000, Task avg acc:19.9920
