2024-05-28 06:38:56,482 - INFO - ##########Task 0##########
2024-05-28 06:38:56,483 - INFO - Epoch 0
2024-05-28 06:38:59,018 - INFO - Batch num: 0, Task 0 acc: 28.0931, Task avg acc:28.0931
2024-05-28 06:39:01,511 - INFO - Batch num: 10, Task 0 acc: 99.0753, Task avg acc:99.0753
2024-05-28 06:39:04,254 - INFO - Batch num: 20, Task 0 acc: 99.7050, Task avg acc:99.7050
2024-05-28 06:39:06,791 - INFO - Batch num: 30, Task 0 acc: 99.8246, Task avg acc:99.8246
2024-05-28 06:39:09,262 - INFO - Batch num: 40, Task 0 acc: 99.8485, Task avg acc:99.8485
2024-05-28 06:39:11,781 - INFO - Batch num: 50, Task 0 acc: 99.8804, Task avg acc:99.8804
2024-05-28 06:39:14,289 - INFO - Batch num: 60, Task 0 acc: 99.9123, Task avg acc:99.9123
2024-05-28 06:39:16,789 - INFO - Batch num: 70, Task 0 acc: 99.9123, Task avg acc:99.9123
2024-05-28 06:39:19,303 - INFO - Batch num: 80, Task 0 acc: 99.9283, Task avg acc:99.9283
2024-05-28 06:39:21,811 - INFO - Batch num: 90, Task 0 acc: 99.9362, Task avg acc:99.9362
2024-05-28 06:39:21,982 - INFO - Epoch 1
2024-05-28 06:39:24,289 - INFO - Batch num: 0, Task 0 acc: 99.9442, Task avg acc:99.9442
2024-05-28 06:39:26,777 - INFO - Batch num: 10, Task 0 acc: 99.9442, Task avg acc:99.9442
2024-05-28 06:39:29,291 - INFO - Batch num: 20, Task 0 acc: 99.9203, Task avg acc:99.9203
2024-05-28 06:39:31,802 - INFO - Batch num: 30, Task 0 acc: 99.9283, Task avg acc:99.9283
2024-05-28 06:39:34,314 - INFO - Batch num: 40, Task 0 acc: 99.9362, Task avg acc:99.9362
2024-05-28 06:39:36,779 - INFO - Batch num: 50, Task 0 acc: 99.9362, Task avg acc:99.9362
2024-05-28 06:39:39,262 - INFO - Batch num: 60, Task 0 acc: 99.9442, Task avg acc:99.9442
2024-05-28 06:39:41,698 - INFO - Batch num: 70, Task 0 acc: 99.9522, Task avg acc:99.9522
2024-05-28 06:39:44,161 - INFO - Batch num: 80, Task 0 acc: 99.9601, Task avg acc:99.9601
2024-05-28 06:39:46,596 - INFO - Batch num: 90, Task 0 acc: 99.9601, Task avg acc:99.9601
2024-05-28 06:39:46,767 - INFO - Epoch 2
2024-05-28 06:39:48,991 - INFO - Batch num: 0, Task 0 acc: 99.9601, Task avg acc:99.9601
2024-05-28 06:39:51,429 - INFO - Batch num: 10, Task 0 acc: 99.9362, Task avg acc:99.9362
2024-05-28 06:39:53,913 - INFO - Batch num: 20, Task 0 acc: 99.9522, Task avg acc:99.9522
2024-05-28 06:39:56,357 - INFO - Batch num: 30, Task 0 acc: 99.9522, Task avg acc:99.9522
2024-05-28 06:39:58,800 - INFO - Batch num: 40, Task 0 acc: 99.9362, Task avg acc:99.9362
2024-05-28 06:40:01,251 - INFO - Batch num: 50, Task 0 acc: 99.9442, Task avg acc:99.9442
2024-05-28 06:40:03,720 - INFO - Batch num: 60, Task 0 acc: 99.9522, Task avg acc:99.9522
2024-05-28 06:40:06,158 - INFO - Batch num: 70, Task 0 acc: 99.9522, Task avg acc:99.9522
2024-05-28 06:40:08,605 - INFO - Batch num: 80, Task 0 acc: 99.9681, Task avg acc:99.9681
2024-05-28 06:40:11,046 - INFO - Batch num: 90, Task 0 acc: 99.9601, Task avg acc:99.9601
2024-05-28 06:40:11,220 - INFO - Epoch 3
2024-05-28 06:40:13,478 - INFO - Batch num: 0, Task 0 acc: 99.9522, Task avg acc:99.9522
2024-05-28 06:40:15,939 - INFO - Batch num: 10, Task 0 acc: 99.9522, Task avg acc:99.9522
2024-05-28 06:40:18,382 - INFO - Batch num: 20, Task 0 acc: 99.9522, Task avg acc:99.9522
2024-05-28 06:40:20,844 - INFO - Batch num: 30, Task 0 acc: 99.9601, Task avg acc:99.9601
2024-05-28 06:40:23,291 - INFO - Batch num: 40, Task 0 acc: 99.9681, Task avg acc:99.9681
2024-05-28 06:40:25,734 - INFO - Batch num: 50, Task 0 acc: 99.9681, Task avg acc:99.9681
2024-05-28 06:40:28,172 - INFO - Batch num: 60, Task 0 acc: 99.9681, Task avg acc:99.9681
2024-05-28 06:40:30,652 - INFO - Batch num: 70, Task 0 acc: 99.9681, Task avg acc:99.9681
2024-05-28 06:40:33,083 - INFO - Batch num: 80, Task 0 acc: 99.9601, Task avg acc:99.9601
2024-05-28 06:40:35,520 - INFO - Batch num: 90, Task 0 acc: 99.9601, Task avg acc:99.9601
2024-05-28 06:40:35,702 - INFO - ##########Task 1##########
2024-05-28 06:40:35,703 - INFO - Epoch 0
2024-05-28 06:40:40,031 - INFO - Batch num: 0, Task 0 acc: 99.9681, Batch num: 0, Task 1 acc: 0.0000, Task avg acc:49.9841
2024-05-28 06:40:44,635 - INFO - Batch num: 10, Task 0 acc: 99.9681, Batch num: 10, Task 1 acc: 2.5100, Task avg acc:51.2390
2024-05-28 06:40:49,203 - INFO - Batch num: 20, Task 0 acc: 98.9238, Batch num: 20, Task 1 acc: 48.1549, Task avg acc:73.5394
2024-05-28 06:40:53,783 - INFO - Batch num: 30, Task 0 acc: 44.0450, Batch num: 30, Task 1 acc: 91.8218, Task avg acc:67.9334
2024-05-28 06:40:58,350 - INFO - Batch num: 40, Task 0 acc: 2.3119, Batch num: 40, Task 1 acc: 95.7862, Task avg acc:49.0490
2024-05-28 06:41:02,982 - INFO - Batch num: 50, Task 0 acc: 0.0159, Batch num: 50, Task 1 acc: 96.6506, Task avg acc:48.3333
2024-05-28 06:41:07,555 - INFO - Batch num: 60, Task 0 acc: 0.0080, Batch num: 60, Task 1 acc: 97.0578, Task avg acc:48.5329
2024-05-28 06:41:12,118 - INFO - Batch num: 70, Task 0 acc: 0.0000, Batch num: 70, Task 1 acc: 97.5898, Task avg acc:48.7949
2024-05-28 06:41:16,685 - INFO - Batch num: 80, Task 0 acc: 0.0000, Batch num: 80, Task 1 acc: 97.9222, Task avg acc:48.9611
2024-05-28 06:41:21,233 - INFO - Batch num: 90, Task 0 acc: 0.0000, Batch num: 90, Task 1 acc: 98.0053, Task avg acc:49.0027
2024-05-28 06:41:21,314 - INFO - Epoch 1
2024-05-28 06:41:25,635 - INFO - Batch num: 0, Task 0 acc: 0.0000, Batch num: 0, Task 1 acc: 98.0967, Task avg acc:49.0484
2024-05-28 06:41:30,211 - INFO - Batch num: 10, Task 0 acc: 0.0000, Batch num: 10, Task 1 acc: 98.2713, Task avg acc:49.1356
2024-05-28 06:41:34,823 - INFO - Batch num: 20, Task 0 acc: 0.0000, Batch num: 20, Task 1 acc: 98.3461, Task avg acc:49.1730
2024-05-28 06:41:39,390 - INFO - Batch num: 30, Task 0 acc: 0.0239, Batch num: 30, Task 1 acc: 98.4126, Task avg acc:49.2182
2024-05-28 06:41:43,965 - INFO - Batch num: 40, Task 0 acc: 0.0159, Batch num: 40, Task 1 acc: 98.4126, Task avg acc:49.2143
2024-05-28 06:41:48,554 - INFO - Batch num: 50, Task 0 acc: 0.1754, Batch num: 50, Task 1 acc: 98.6287, Task avg acc:49.4020
2024-05-28 06:41:53,132 - INFO - Batch num: 60, Task 0 acc: 0.2073, Batch num: 60, Task 1 acc: 98.6619, Task avg acc:49.4346
2024-05-28 06:41:57,704 - INFO - Batch num: 70, Task 0 acc: 0.4225, Batch num: 70, Task 1 acc: 98.5954, Task avg acc:49.5090
2024-05-28 06:42:02,364 - INFO - Batch num: 80, Task 0 acc: 0.4464, Batch num: 80, Task 1 acc: 98.6619, Task avg acc:49.5542
2024-05-28 06:42:07,034 - INFO - Batch num: 90, Task 0 acc: 1.0364, Batch num: 90, Task 1 acc: 98.6370, Task avg acc:49.8367
2024-05-28 06:42:07,116 - INFO - Epoch 2
2024-05-28 06:42:11,463 - INFO - Batch num: 0, Task 0 acc: 1.8096, Batch num: 0, Task 1 acc: 98.5455, Task avg acc:50.1776
2024-05-28 06:42:16,033 - INFO - Batch num: 10, Task 0 acc: 1.9053, Batch num: 10, Task 1 acc: 98.8697, Task avg acc:50.3875
2024-05-28 06:42:20,626 - INFO - Batch num: 20, Task 0 acc: 0.4544, Batch num: 20, Task 1 acc: 98.9112, Task avg acc:49.6828
2024-05-28 06:42:25,230 - INFO - Batch num: 30, Task 0 acc: 0.2551, Batch num: 30, Task 1 acc: 98.7118, Task avg acc:49.4834
2024-05-28 06:42:29,805 - INFO - Batch num: 40, Task 0 acc: 0.4703, Batch num: 40, Task 1 acc: 98.7533, Task avg acc:49.6118
2024-05-28 06:42:34,370 - INFO - Batch num: 50, Task 0 acc: 0.2392, Batch num: 50, Task 1 acc: 99.0442, Task avg acc:49.6417
2024-05-28 06:42:38,946 - INFO - Batch num: 60, Task 0 acc: 0.1834, Batch num: 60, Task 1 acc: 99.0608, Task avg acc:49.6221
2024-05-28 06:42:43,524 - INFO - Batch num: 70, Task 0 acc: 0.1674, Batch num: 70, Task 1 acc: 99.1439, Task avg acc:49.6557
2024-05-28 06:42:48,126 - INFO - Batch num: 80, Task 0 acc: 0.0080, Batch num: 80, Task 1 acc: 99.0442, Task avg acc:49.5261
2024-05-28 06:42:52,755 - INFO - Batch num: 90, Task 0 acc: 0.0399, Batch num: 90, Task 1 acc: 98.9362, Task avg acc:49.4880
2024-05-28 06:42:52,837 - INFO - Epoch 3
2024-05-28 06:42:57,180 - INFO - Batch num: 0, Task 0 acc: 0.0319, Batch num: 0, Task 1 acc: 98.9694, Task avg acc:49.5007
2024-05-28 06:43:01,923 - INFO - Batch num: 10, Task 0 acc: 0.0319, Batch num: 10, Task 1 acc: 99.0941, Task avg acc:49.5630
2024-05-28 06:43:06,606 - INFO - Batch num: 20, Task 0 acc: 0.0239, Batch num: 20, Task 1 acc: 99.0525, Task avg acc:49.5382
2024-05-28 06:43:11,194 - INFO - Batch num: 30, Task 0 acc: 0.0239, Batch num: 30, Task 1 acc: 98.9195, Task avg acc:49.4717
2024-05-28 06:43:15,756 - INFO - Batch num: 40, Task 0 acc: 0.0159, Batch num: 40, Task 1 acc: 98.9362, Task avg acc:49.4761
2024-05-28 06:43:20,364 - INFO - Batch num: 50, Task 0 acc: 0.0159, Batch num: 50, Task 1 acc: 99.2354, Task avg acc:49.6257
2024-05-28 06:43:24,940 - INFO - Batch num: 60, Task 0 acc: 0.0000, Batch num: 60, Task 1 acc: 99.2021, Task avg acc:49.6011
2024-05-28 06:43:29,561 - INFO - Batch num: 70, Task 0 acc: 0.0000, Batch num: 70, Task 1 acc: 99.2021, Task avg acc:49.6011
2024-05-28 06:43:34,163 - INFO - Batch num: 80, Task 0 acc: 0.0159, Batch num: 80, Task 1 acc: 99.1606, Task avg acc:49.5883
2024-05-28 06:43:38,715 - INFO - Batch num: 90, Task 0 acc: 0.0159, Batch num: 90, Task 1 acc: 99.1938, Task avg acc:49.6049
2024-05-28 06:43:38,808 - INFO - ##########Task 2##########
2024-05-28 06:43:38,809 - INFO - Epoch 0
2024-05-28 06:43:45,119 - INFO - Batch num: 0, Task 0 acc: 0.1594, Batch num: 0, Task 1 acc: 99.0525, Batch num: 0, Task 2 acc: 0.0000, Task avg acc:33.0707
2024-05-28 06:43:51,636 - INFO - Batch num: 10, Task 0 acc: 39.6524, Batch num: 10, Task 1 acc: 92.0961, Batch num: 10, Task 2 acc: 0.0000, Task avg acc:43.9162
2024-05-28 06:43:58,138 - INFO - Batch num: 20, Task 0 acc: 68.8297, Batch num: 20, Task 1 acc: 79.8870, Batch num: 20, Task 2 acc: 24.5061, Task avg acc:57.7409
2024-05-28 06:44:04,671 - INFO - Batch num: 30, Task 0 acc: 22.5925, Batch num: 30, Task 1 acc: 38.7716, Batch num: 30, Task 2 acc: 87.9849, Task avg acc:49.7830
2024-05-28 06:44:11,179 - INFO - Batch num: 40, Task 0 acc: 0.5261, Batch num: 40, Task 1 acc: 3.0086, Batch num: 40, Task 2 acc: 97.5126, Task avg acc:33.6825
2024-05-28 06:44:17,683 - INFO - Batch num: 50, Task 0 acc: 0.0000, Batch num: 50, Task 1 acc: 0.0083, Batch num: 50, Task 2 acc: 98.9314, Task avg acc:32.9799
2024-05-28 06:44:24,211 - INFO - Batch num: 60, Task 0 acc: 0.0000, Batch num: 60, Task 1 acc: 0.0000, Batch num: 60, Task 2 acc: 99.2188, Task avg acc:33.0729
2024-05-28 06:44:30,733 - INFO - Batch num: 70, Task 0 acc: 0.0000, Batch num: 70, Task 1 acc: 0.0000, Batch num: 70, Task 2 acc: 99.3085, Task avg acc:33.1028
2024-05-28 06:44:37,294 - INFO - Batch num: 80, Task 0 acc: 0.0000, Batch num: 80, Task 1 acc: 0.0000, Batch num: 80, Task 2 acc: 99.3714, Task avg acc:33.1238
2024-05-28 06:44:37,454 - INFO - Epoch 1
2024-05-28 06:44:43,722 - INFO - Batch num: 0, Task 0 acc: 0.0000, Batch num: 0, Task 1 acc: 0.0000, Batch num: 0, Task 2 acc: 99.4253, Task avg acc:33.1418
2024-05-28 06:44:50,219 - INFO - Batch num: 10, Task 0 acc: 0.0000, Batch num: 10, Task 1 acc: 0.0000, Batch num: 10, Task 2 acc: 99.4792, Task avg acc:33.1597
2024-05-28 06:44:56,750 - INFO - Batch num: 20, Task 0 acc: 0.0000, Batch num: 20, Task 1 acc: 0.0166, Batch num: 20, Task 2 acc: 99.5241, Task avg acc:33.1802
2024-05-28 06:45:03,253 - INFO - Batch num: 30, Task 0 acc: 0.0000, Batch num: 30, Task 1 acc: 0.0831, Batch num: 30, Task 2 acc: 99.5779, Task avg acc:33.2204
2024-05-28 06:45:09,779 - INFO - Batch num: 40, Task 0 acc: 0.0000, Batch num: 40, Task 1 acc: 0.1912, Batch num: 40, Task 2 acc: 99.5869, Task avg acc:33.2594
2024-05-28 06:45:16,287 - INFO - Batch num: 50, Task 0 acc: 0.0000, Batch num: 50, Task 1 acc: 0.5568, Batch num: 50, Task 2 acc: 99.6677, Task avg acc:33.4082
2024-05-28 06:45:22,837 - INFO - Batch num: 60, Task 0 acc: 0.0000, Batch num: 60, Task 1 acc: 1.0223, Batch num: 60, Task 2 acc: 99.6588, Task avg acc:33.5603
2024-05-28 06:45:29,366 - INFO - Batch num: 70, Task 0 acc: 0.0000, Batch num: 70, Task 1 acc: 1.4877, Batch num: 70, Task 2 acc: 99.7126, Task avg acc:33.7334
2024-05-28 06:45:35,876 - INFO - Batch num: 80, Task 0 acc: 0.0000, Batch num: 80, Task 1 acc: 2.0612, Batch num: 80, Task 2 acc: 99.7037, Task avg acc:33.9216
2024-05-28 06:45:36,036 - INFO - Epoch 2
2024-05-28 06:45:42,311 - INFO - Batch num: 0, Task 0 acc: 0.0000, Batch num: 0, Task 1 acc: 2.8258, Batch num: 0, Task 2 acc: 99.6588, Task avg acc:34.1615
2024-05-28 06:45:48,815 - INFO - Batch num: 10, Task 0 acc: 0.0000, Batch num: 10, Task 1 acc: 3.0170, Batch num: 10, Task 2 acc: 99.6767, Task avg acc:34.2312
2024-05-28 06:45:55,364 - INFO - Batch num: 20, Task 0 acc: 0.0000, Batch num: 20, Task 1 acc: 3.2414, Batch num: 20, Task 2 acc: 99.7126, Task avg acc:34.3180
2024-05-28 06:46:01,898 - INFO - Batch num: 30, Task 0 acc: 0.0000, Batch num: 30, Task 1 acc: 2.9006, Batch num: 30, Task 2 acc: 99.6947, Task avg acc:34.1984
2024-05-28 06:46:08,434 - INFO - Batch num: 40, Task 0 acc: 0.0000, Batch num: 40, Task 1 acc: 2.6513, Batch num: 40, Task 2 acc: 99.7126, Task avg acc:34.1213
2024-05-28 06:46:14,965 - INFO - Batch num: 50, Task 0 acc: 0.0000, Batch num: 50, Task 1 acc: 2.8258, Batch num: 50, Task 2 acc: 99.8114, Task avg acc:34.2124
2024-05-28 06:46:21,460 - INFO - Batch num: 60, Task 0 acc: 0.0000, Batch num: 60, Task 1 acc: 3.2746, Batch num: 60, Task 2 acc: 99.7935, Task avg acc:34.3560
2024-05-28 06:46:28,026 - INFO - Batch num: 70, Task 0 acc: 0.0000, Batch num: 70, Task 1 acc: 2.4102, Batch num: 70, Task 2 acc: 99.8114, Task avg acc:34.0739
2024-05-28 06:46:34,535 - INFO - Batch num: 80, Task 0 acc: 0.0000, Batch num: 80, Task 1 acc: 1.6622, Batch num: 80, Task 2 acc: 99.7665, Task avg acc:33.8096
2024-05-28 06:46:34,693 - INFO - Epoch 3
2024-05-28 06:46:40,961 - INFO - Batch num: 0, Task 0 acc: 0.0000, Batch num: 0, Task 1 acc: 2.1609, Batch num: 0, Task 2 acc: 99.7216, Task avg acc:33.9608
2024-05-28 06:46:47,466 - INFO - Batch num: 10, Task 0 acc: 0.0000, Batch num: 10, Task 1 acc: 2.4352, Batch num: 10, Task 2 acc: 99.7306, Task avg acc:34.0553
2024-05-28 06:46:53,949 - INFO - Batch num: 20, Task 0 acc: 0.0000, Batch num: 20, Task 1 acc: 2.8175, Batch num: 20, Task 2 acc: 99.7935, Task avg acc:34.2036
2024-05-28 06:47:00,519 - INFO - Batch num: 30, Task 0 acc: 0.0000, Batch num: 30, Task 1 acc: 1.8118, Batch num: 30, Task 2 acc: 99.7845, Task avg acc:33.8654
2024-05-28 06:47:07,092 - INFO - Batch num: 40, Task 0 acc: 0.0000, Batch num: 40, Task 1 acc: 1.3963, Batch num: 40, Task 2 acc: 99.8384, Task avg acc:33.7449
2024-05-28 06:47:13,619 - INFO - Batch num: 50, Task 0 acc: 0.0000, Batch num: 50, Task 1 acc: 1.5293, Batch num: 50, Task 2 acc: 99.8204, Task avg acc:33.7832
2024-05-28 06:47:20,149 - INFO - Batch num: 60, Task 0 acc: 0.0000, Batch num: 60, Task 1 acc: 1.7287, Batch num: 60, Task 2 acc: 99.8384, Task avg acc:33.8557
2024-05-28 06:47:26,687 - INFO - Batch num: 70, Task 0 acc: 0.0000, Batch num: 70, Task 1 acc: 1.5791, Batch num: 70, Task 2 acc: 99.8384, Task avg acc:33.8058
2024-05-28 06:47:33,263 - INFO - Batch num: 80, Task 0 acc: 0.0000, Batch num: 80, Task 1 acc: 1.7370, Batch num: 80, Task 2 acc: 99.8384, Task avg acc:33.8585
2024-05-28 06:47:33,432 - INFO - ##########Task 3##########
2024-05-28 06:47:33,433 - INFO - Epoch 0
2024-05-28 06:47:41,821 - INFO - Batch num: 0, Task 0 acc: 0.0000, Batch num: 0, Task 1 acc: 3.2330, Batch num: 0, Task 2 acc: 99.7935, Batch num: 0, Task 3 acc: 0.0000, Task avg acc:25.7566
2024-05-28 06:47:50,439 - INFO - Batch num: 10, Task 0 acc: 0.0957, Batch num: 10, Task 1 acc: 25.5070, Batch num: 10, Task 2 acc: 99.3804, Batch num: 10, Task 3 acc: 0.4276, Task avg acc:31.3527
2024-05-28 06:47:59,088 - INFO - Batch num: 20, Task 0 acc: 6.2978, Batch num: 20, Task 1 acc: 31.9564, Batch num: 20, Task 2 acc: 85.1024, Batch num: 20, Task 3 acc: 49.1694, Task avg acc:43.1315
2024-05-28 06:48:07,777 - INFO - Batch num: 30, Task 0 acc: 0.2790, Batch num: 30, Task 1 acc: 4.3218, Batch num: 30, Task 2 acc: 24.2906, Batch num: 30, Task 3 acc: 96.1020, Task avg acc:31.2483
2024-05-28 06:48:16,430 - INFO - Batch num: 40, Task 0 acc: 0.0000, Batch num: 40, Task 1 acc: 0.4737, Batch num: 40, Task 2 acc: 0.5568, Batch num: 40, Task 3 acc: 99.5806, Task avg acc:25.1528
2024-05-28 06:48:25,112 - INFO - Batch num: 50, Task 0 acc: 0.0000, Batch num: 50, Task 1 acc: 0.0249, Batch num: 50, Task 2 acc: 0.0000, Batch num: 50, Task 3 acc: 99.7451, Task avg acc:24.9425
2024-05-28 06:48:33,762 - INFO - Batch num: 60, Task 0 acc: 0.0000, Batch num: 60, Task 1 acc: 0.0166, Batch num: 60, Task 2 acc: 0.0000, Batch num: 60, Task 3 acc: 99.7368, Task avg acc:24.9384
2024-05-28 06:48:42,371 - INFO - Batch num: 70, Task 0 acc: 0.0000, Batch num: 70, Task 1 acc: 0.0000, Batch num: 70, Task 2 acc: 0.0000, Batch num: 70, Task 3 acc: 99.7451, Task avg acc:24.9363
2024-05-28 06:48:50,977 - INFO - Batch num: 80, Task 0 acc: 0.0000, Batch num: 80, Task 1 acc: 0.0000, Batch num: 80, Task 2 acc: 0.0000, Batch num: 80, Task 3 acc: 99.8026, Task avg acc:24.9507
2024-05-28 06:48:59,590 - INFO - Batch num: 90, Task 0 acc: 0.0000, Batch num: 90, Task 1 acc: 0.0000, Batch num: 90, Task 2 acc: 0.0000, Batch num: 90, Task 3 acc: 99.8273, Task avg acc:24.9568
2024-05-28 06:48:59,699 - INFO - Epoch 1
2024-05-28 06:49:08,143 - INFO - Batch num: 0, Task 0 acc: 0.0000, Batch num: 0, Task 1 acc: 0.0000, Batch num: 0, Task 2 acc: 0.0000, Batch num: 0, Task 3 acc: 99.8684, Task avg acc:24.9671
2024-05-28 06:49:16,758 - INFO - Batch num: 10, Task 0 acc: 0.0000, Batch num: 10, Task 1 acc: 0.0083, Batch num: 10, Task 2 acc: 0.0090, Batch num: 10, Task 3 acc: 99.8684, Task avg acc:24.9714
2024-05-28 06:49:25,421 - INFO - Batch num: 20, Task 0 acc: 0.0000, Batch num: 20, Task 1 acc: 0.0166, Batch num: 20, Task 2 acc: 0.0180, Batch num: 20, Task 3 acc: 99.8766, Task avg acc:24.9778
2024-05-28 06:49:34,040 - INFO - Batch num: 30, Task 0 acc: 0.0000, Batch num: 30, Task 1 acc: 0.0249, Batch num: 30, Task 2 acc: 0.2155, Batch num: 30, Task 3 acc: 99.8849, Task avg acc:25.0313
2024-05-28 06:49:42,665 - INFO - Batch num: 40, Task 0 acc: 0.0000, Batch num: 40, Task 1 acc: 0.0083, Batch num: 40, Task 2 acc: 0.5837, Batch num: 40, Task 3 acc: 99.8931, Task avg acc:25.1213
2024-05-28 06:49:51,266 - INFO - Batch num: 50, Task 0 acc: 0.0000, Batch num: 50, Task 1 acc: 0.0249, Batch num: 50, Task 2 acc: 1.3200, Batch num: 50, Task 3 acc: 99.9095, Task avg acc:25.3136
2024-05-28 06:49:59,868 - INFO - Batch num: 60, Task 0 acc: 0.0000, Batch num: 60, Task 1 acc: 0.0332, Batch num: 60, Task 2 acc: 2.3168, Batch num: 60, Task 3 acc: 99.9260, Task avg acc:25.5690
2024-05-28 06:50:08,493 - INFO - Batch num: 70, Task 0 acc: 0.0000, Batch num: 70, Task 1 acc: 0.0166, Batch num: 70, Task 2 acc: 3.9781, Batch num: 70, Task 3 acc: 99.9424, Task avg acc:25.9843
2024-05-28 06:50:17,082 - INFO - Batch num: 80, Task 0 acc: 0.0000, Batch num: 80, Task 1 acc: 0.0249, Batch num: 80, Task 2 acc: 5.6214, Batch num: 80, Task 3 acc: 99.9342, Task avg acc:26.3951
2024-05-28 06:50:25,727 - INFO - Batch num: 90, Task 0 acc: 0.0000, Batch num: 90, Task 1 acc: 0.0166, Batch num: 90, Task 2 acc: 5.5855, Batch num: 90, Task 3 acc: 99.9260, Task avg acc:26.3820
2024-05-28 06:50:25,833 - INFO - Epoch 2
2024-05-28 06:50:34,236 - INFO - Batch num: 0, Task 0 acc: 0.0000, Batch num: 0, Task 1 acc: 0.0249, Batch num: 0, Task 2 acc: 5.7741, Batch num: 0, Task 3 acc: 99.9013, Task avg acc:26.4251
2024-05-28 06:50:42,838 - INFO - Batch num: 10, Task 0 acc: 0.0000, Batch num: 10, Task 1 acc: 0.0166, Batch num: 10, Task 2 acc: 5.7920, Batch num: 10, Task 3 acc: 99.9424, Task avg acc:26.4378
2024-05-28 06:50:51,440 - INFO - Batch num: 20, Task 0 acc: 0.0000, Batch num: 20, Task 1 acc: 0.0000, Batch num: 20, Task 2 acc: 5.4598, Batch num: 20, Task 3 acc: 99.9342, Task avg acc:26.3485
2024-05-28 06:51:00,065 - INFO - Batch num: 30, Task 0 acc: 0.0000, Batch num: 30, Task 1 acc: 0.0083, Batch num: 30, Task 2 acc: 5.8100, Batch num: 30, Task 3 acc: 99.9424, Task avg acc:26.4402
2024-05-28 06:51:08,747 - INFO - Batch num: 40, Task 0 acc: 0.0000, Batch num: 40, Task 1 acc: 0.0000, Batch num: 40, Task 2 acc: 6.1512, Batch num: 40, Task 3 acc: 99.9178, Task avg acc:26.5172
2024-05-28 06:51:17,380 - INFO - Batch num: 50, Task 0 acc: 0.0000, Batch num: 50, Task 1 acc: 0.0000, Batch num: 50, Task 2 acc: 4.6695, Batch num: 50, Task 3 acc: 99.9342, Task avg acc:26.1509
2024-05-28 06:51:25,993 - INFO - Batch num: 60, Task 0 acc: 0.0000, Batch num: 60, Task 1 acc: 0.0000, Batch num: 60, Task 2 acc: 4.8312, Batch num: 60, Task 3 acc: 99.9424, Task avg acc:26.1934
2024-05-28 06:51:34,609 - INFO - Batch num: 70, Task 0 acc: 0.0000, Batch num: 70, Task 1 acc: 0.0000, Batch num: 70, Task 2 acc: 5.1365, Batch num: 70, Task 3 acc: 99.9589, Task avg acc:26.2738
2024-05-28 06:51:43,250 - INFO - Batch num: 80, Task 0 acc: 0.0000, Batch num: 80, Task 1 acc: 0.0000, Batch num: 80, Task 2 acc: 4.7144, Batch num: 80, Task 3 acc: 99.9589, Task avg acc:26.1683
2024-05-28 06:51:51,851 - INFO - Batch num: 90, Task 0 acc: 0.0000, Batch num: 90, Task 1 acc: 0.0000, Batch num: 90, Task 2 acc: 3.0621, Batch num: 90, Task 3 acc: 99.9013, Task avg acc:25.7409
2024-05-28 06:51:51,960 - INFO - Epoch 3
2024-05-28 06:52:00,344 - INFO - Batch num: 0, Task 0 acc: 0.0000, Batch num: 0, Task 1 acc: 0.0000, Batch num: 0, Task 2 acc: 2.6491, Batch num: 0, Task 3 acc: 99.9095, Task avg acc:25.6397
2024-05-28 06:52:09,003 - INFO - Batch num: 10, Task 0 acc: 0.0000, Batch num: 10, Task 1 acc: 0.0000, Batch num: 10, Task 2 acc: 2.8556, Batch num: 10, Task 3 acc: 99.9671, Task avg acc:25.7057
2024-05-28 06:52:17,616 - INFO - Batch num: 20, Task 0 acc: 0.0000, Batch num: 20, Task 1 acc: 0.0000, Batch num: 20, Task 2 acc: 2.9095, Batch num: 20, Task 3 acc: 99.9424, Task avg acc:25.7130
2024-05-28 06:52:26,260 - INFO - Batch num: 30, Task 0 acc: 0.0000, Batch num: 30, Task 1 acc: 0.0000, Batch num: 30, Task 2 acc: 2.8287, Batch num: 30, Task 3 acc: 99.9342, Task avg acc:25.6907
2024-05-28 06:52:34,853 - INFO - Batch num: 40, Task 0 acc: 0.0000, Batch num: 40, Task 1 acc: 0.0000, Batch num: 40, Task 2 acc: 2.2899, Batch num: 40, Task 3 acc: 99.9589, Task avg acc:25.5622
2024-05-28 06:52:43,464 - INFO - Batch num: 50, Task 0 acc: 0.0000, Batch num: 50, Task 1 acc: 0.0000, Batch num: 50, Task 2 acc: 2.0295, Batch num: 50, Task 3 acc: 99.9589, Task avg acc:25.4971
2024-05-28 06:52:52,069 - INFO - Batch num: 60, Task 0 acc: 0.0000, Batch num: 60, Task 1 acc: 0.0000, Batch num: 60, Task 2 acc: 1.9217, Batch num: 60, Task 3 acc: 99.9260, Task avg acc:25.4619
2024-05-28 06:53:00,681 - INFO - Batch num: 70, Task 0 acc: 0.0000, Batch num: 70, Task 1 acc: 0.0000, Batch num: 70, Task 2 acc: 1.8319, Batch num: 70, Task 3 acc: 99.9671, Task avg acc:25.4498
2024-05-28 06:53:09,318 - INFO - Batch num: 80, Task 0 acc: 0.0000, Batch num: 80, Task 1 acc: 0.0000, Batch num: 80, Task 2 acc: 2.6042, Batch num: 80, Task 3 acc: 99.9671, Task avg acc:25.6428
2024-05-28 06:53:17,986 - INFO - Batch num: 90, Task 0 acc: 0.0000, Batch num: 90, Task 1 acc: 0.0000, Batch num: 90, Task 2 acc: 2.5862, Batch num: 90, Task 3 acc: 99.9589, Task avg acc:25.6363
2024-05-28 06:53:18,104 - INFO - ##########Task 4##########
2024-05-28 06:53:18,104 - INFO - Epoch 0
2024-05-28 06:53:28,521 - INFO - Batch num: 0, Task 0 acc: 0.0000, Batch num: 0, Task 1 acc: 0.0000, Batch num: 0, Task 2 acc: 4.3822, Batch num: 0, Task 3 acc: 99.9260, Batch num: 0, Task 4 acc: 0.0000, Task avg acc:20.8616
2024-05-28 06:53:39,168 - INFO - Batch num: 10, Task 0 acc: 0.0000, Batch num: 10, Task 1 acc: 2.1775, Batch num: 10, Task 2 acc: 66.8463, Batch num: 10, Task 3 acc: 97.6069, Batch num: 10, Task 4 acc: 5.0017, Task avg acc:34.3265
2024-05-28 06:53:49,839 - INFO - Batch num: 20, Task 0 acc: 0.0000, Batch num: 20, Task 1 acc: 0.6316, Batch num: 20, Task 2 acc: 20.7346, Batch num: 20, Task 3 acc: 72.5822, Batch num: 20, Task 4 acc: 73.4035, Task avg acc:33.4704
2024-05-28 06:54:00,490 - INFO - Batch num: 30, Task 0 acc: 0.0000, Batch num: 30, Task 1 acc: 0.1413, Batch num: 30, Task 2 acc: 1.0955, Batch num: 30, Task 3 acc: 15.8141, Batch num: 30, Task 4 acc: 94.6501, Task avg acc:22.3402
2024-05-28 06:54:11,395 - INFO - Batch num: 40, Task 0 acc: 0.0000, Batch num: 40, Task 1 acc: 0.0000, Batch num: 40, Task 2 acc: 0.0359, Batch num: 40, Task 3 acc: 0.0411, Batch num: 40, Task 4 acc: 96.8495, Task avg acc:19.3853
2024-05-28 06:54:22,299 - INFO - Batch num: 50, Task 0 acc: 0.0000, Batch num: 50, Task 1 acc: 0.0000, Batch num: 50, Task 2 acc: 0.0000, Batch num: 50, Task 3 acc: 0.0000, Batch num: 50, Task 4 acc: 97.6223, Task avg acc:19.5245
2024-05-28 06:54:33,202 - INFO - Batch num: 60, Task 0 acc: 0.0000, Batch num: 60, Task 1 acc: 0.0000, Batch num: 60, Task 2 acc: 0.0000, Batch num: 60, Task 3 acc: 0.0000, Batch num: 60, Task 4 acc: 97.9365, Task avg acc:19.5873
2024-05-28 06:54:44,128 - INFO - Batch num: 70, Task 0 acc: 0.0000, Batch num: 70, Task 1 acc: 0.0000, Batch num: 70, Task 2 acc: 0.0000, Batch num: 70, Task 3 acc: 0.0000, Batch num: 70, Task 4 acc: 98.2507, Task avg acc:19.6501
2024-05-28 06:54:54,792 - INFO - Batch num: 80, Task 0 acc: 0.0000, Batch num: 80, Task 1 acc: 0.0000, Batch num: 80, Task 2 acc: 0.0000, Batch num: 80, Task 3 acc: 0.0000, Batch num: 80, Task 4 acc: 98.3950, Task avg acc:19.6790
2024-05-28 06:55:05,471 - INFO - Batch num: 90, Task 0 acc: 0.0000, Batch num: 90, Task 1 acc: 0.0000, Batch num: 90, Task 2 acc: 0.0000, Batch num: 90, Task 3 acc: 0.0000, Batch num: 90, Task 4 acc: 98.5139, Task avg acc:19.7028
2024-05-28 06:55:05,500 - INFO - Epoch 1
2024-05-28 06:55:16,001 - INFO - Batch num: 0, Task 0 acc: 0.0000, Batch num: 0, Task 1 acc: 0.0000, Batch num: 0, Task 2 acc: 0.0000, Batch num: 0, Task 3 acc: 0.0000, Batch num: 0, Task 4 acc: 98.4715, Task avg acc:19.6943
2024-05-28 06:55:26,677 - INFO - Batch num: 10, Task 0 acc: 0.0000, Batch num: 10, Task 1 acc: 0.0000, Batch num: 10, Task 2 acc: 0.0000, Batch num: 10, Task 3 acc: 0.0000, Batch num: 10, Task 4 acc: 98.5224, Task avg acc:19.7045
2024-05-28 06:55:37,378 - INFO - Batch num: 20, Task 0 acc: 0.0000, Batch num: 20, Task 1 acc: 0.0000, Batch num: 20, Task 2 acc: 0.0000, Batch num: 20, Task 3 acc: 0.0000, Batch num: 20, Task 4 acc: 98.7347, Task avg acc:19.7469
2024-05-28 06:55:48,120 - INFO - Batch num: 30, Task 0 acc: 0.0000, Batch num: 30, Task 1 acc: 0.0083, Batch num: 30, Task 2 acc: 0.0000, Batch num: 30, Task 3 acc: 0.0082, Batch num: 30, Task 4 acc: 98.8961, Task avg acc:19.7825
2024-05-28 06:55:58,789 - INFO - Batch num: 40, Task 0 acc: 0.0000, Batch num: 40, Task 1 acc: 0.0083, Batch num: 40, Task 2 acc: 0.0000, Batch num: 40, Task 3 acc: 0.0576, Batch num: 40, Task 4 acc: 98.9725, Task avg acc:19.8077
2024-05-28 06:56:09,500 - INFO - Batch num: 50, Task 0 acc: 0.0000, Batch num: 50, Task 1 acc: 0.0083, Batch num: 50, Task 2 acc: 0.0000, Batch num: 50, Task 3 acc: 0.0987, Batch num: 50, Task 4 acc: 99.0744, Task avg acc:19.8363
2024-05-28 06:56:20,202 - INFO - Batch num: 60, Task 0 acc: 0.0000, Batch num: 60, Task 1 acc: 0.0083, Batch num: 60, Task 2 acc: 0.0000, Batch num: 60, Task 3 acc: 0.3125, Batch num: 60, Task 4 acc: 98.9046, Task avg acc:19.8451
2024-05-28 06:56:30,917 - INFO - Batch num: 70, Task 0 acc: 0.0000, Batch num: 70, Task 1 acc: 0.0083, Batch num: 70, Task 2 acc: 0.0000, Batch num: 70, Task 3 acc: 0.5099, Batch num: 70, Task 4 acc: 99.0829, Task avg acc:19.9202
2024-05-28 06:56:41,566 - INFO - Batch num: 80, Task 0 acc: 0.0000, Batch num: 80, Task 1 acc: 0.0083, Batch num: 80, Task 2 acc: 0.0000, Batch num: 80, Task 3 acc: 0.4523, Batch num: 80, Task 4 acc: 99.0999, Task avg acc:19.9121
2024-05-28 06:56:52,288 - INFO - Batch num: 90, Task 0 acc: 0.0000, Batch num: 90, Task 1 acc: 0.0000, Batch num: 90, Task 2 acc: 0.0000, Batch num: 90, Task 3 acc: 0.8470, Batch num: 90, Task 4 acc: 99.0234, Task avg acc:19.9741
2024-05-28 06:56:52,317 - INFO - Epoch 2
2024-05-28 06:57:02,766 - INFO - Batch num: 0, Task 0 acc: 0.0000, Batch num: 0, Task 1 acc: 0.0000, Batch num: 0, Task 2 acc: 0.0000, Batch num: 0, Task 3 acc: 1.0115, Batch num: 0, Task 4 acc: 99.0149, Task avg acc:20.0053
2024-05-28 06:57:13,459 - INFO - Batch num: 10, Task 0 acc: 0.0000, Batch num: 10, Task 1 acc: 0.0000, Batch num: 10, Task 2 acc: 0.0000, Batch num: 10, Task 3 acc: 1.2829, Batch num: 10, Task 4 acc: 99.0829, Task avg acc:20.0732
2024-05-28 06:57:24,151 - INFO - Batch num: 20, Task 0 acc: 0.0000, Batch num: 20, Task 1 acc: 0.0000, Batch num: 20, Task 2 acc: 0.0000, Batch num: 20, Task 3 acc: 1.2336, Batch num: 20, Task 4 acc: 99.1933, Task avg acc:20.0854
2024-05-28 06:57:34,866 - INFO - Batch num: 30, Task 0 acc: 0.0000, Batch num: 30, Task 1 acc: 0.0083, Batch num: 30, Task 2 acc: 0.0000, Batch num: 30, Task 3 acc: 1.6036, Batch num: 30, Task 4 acc: 99.2697, Task avg acc:20.1763
2024-05-28 06:57:45,535 - INFO - Batch num: 40, Task 0 acc: 0.0000, Batch num: 40, Task 1 acc: 0.0000, Batch num: 40, Task 2 acc: 0.0000, Batch num: 40, Task 3 acc: 1.5214, Batch num: 40, Task 4 acc: 99.3291, Task avg acc:20.1701
2024-05-28 06:57:56,224 - INFO - Batch num: 50, Task 0 acc: 0.0000, Batch num: 50, Task 1 acc: 0.0000, Batch num: 50, Task 2 acc: 0.0000, Batch num: 50, Task 3 acc: 1.5378, Batch num: 50, Task 4 acc: 99.3631, Task avg acc:20.1802
2024-05-28 06:58:06,905 - INFO - Batch num: 60, Task 0 acc: 0.0000, Batch num: 60, Task 1 acc: 0.0000, Batch num: 60, Task 2 acc: 0.0000, Batch num: 60, Task 3 acc: 1.7352, Batch num: 60, Task 4 acc: 99.3291, Task avg acc:20.2129
2024-05-28 06:58:17,609 - INFO - Batch num: 70, Task 0 acc: 0.0000, Batch num: 70, Task 1 acc: 0.0000, Batch num: 70, Task 2 acc: 0.0000, Batch num: 70, Task 3 acc: 1.1349, Batch num: 70, Task 4 acc: 99.3037, Task avg acc:20.0877
2024-05-28 06:58:28,317 - INFO - Batch num: 80, Task 0 acc: 0.0000, Batch num: 80, Task 1 acc: 0.0000, Batch num: 80, Task 2 acc: 0.0000, Batch num: 80, Task 3 acc: 0.7648, Batch num: 80, Task 4 acc: 99.2867, Task avg acc:20.0103
2024-05-28 06:58:39,026 - INFO - Batch num: 90, Task 0 acc: 0.0000, Batch num: 90, Task 1 acc: 0.0000, Batch num: 90, Task 2 acc: 0.0000, Batch num: 90, Task 3 acc: 0.8964, Batch num: 90, Task 4 acc: 99.3207, Task avg acc:20.0434
2024-05-28 06:58:39,055 - INFO - Epoch 3
2024-05-28 06:58:49,477 - INFO - Batch num: 0, Task 0 acc: 0.0000, Batch num: 0, Task 1 acc: 0.0000, Batch num: 0, Task 2 acc: 0.0000, Batch num: 0, Task 3 acc: 0.8141, Batch num: 0, Task 4 acc: 99.3122, Task avg acc:20.0253
2024-05-28 06:59:00,158 - INFO - Batch num: 10, Task 0 acc: 0.0000, Batch num: 10, Task 1 acc: 0.0000, Batch num: 10, Task 2 acc: 0.0000, Batch num: 10, Task 3 acc: 0.6414, Batch num: 10, Task 4 acc: 99.3122, Task avg acc:19.9907
2024-05-28 06:59:10,827 - INFO - Batch num: 20, Task 0 acc: 0.0000, Batch num: 20, Task 1 acc: 0.0000, Batch num: 20, Task 2 acc: 0.0000, Batch num: 20, Task 3 acc: 0.6990, Batch num: 20, Task 4 acc: 99.2952, Task avg acc:19.9988
2024-05-28 06:59:21,478 - INFO - Batch num: 30, Task 0 acc: 0.0000, Batch num: 30, Task 1 acc: 0.0000, Batch num: 30, Task 2 acc: 0.0000, Batch num: 30, Task 3 acc: 1.1513, Batch num: 30, Task 4 acc: 99.4141, Task avg acc:20.1131
2024-05-28 06:59:32,145 - INFO - Batch num: 40, Task 0 acc: 0.0000, Batch num: 40, Task 1 acc: 0.0000, Batch num: 40, Task 2 acc: 0.0000, Batch num: 40, Task 3 acc: 0.6908, Batch num: 40, Task 4 acc: 99.3971, Task avg acc:20.0176
2024-05-28 06:59:42,793 - INFO - Batch num: 50, Task 0 acc: 0.0000, Batch num: 50, Task 1 acc: 0.0000, Batch num: 50, Task 2 acc: 0.0000, Batch num: 50, Task 3 acc: 0.5510, Batch num: 50, Task 4 acc: 99.4735, Task avg acc:20.0049
2024-05-28 06:59:53,517 - INFO - Batch num: 60, Task 0 acc: 0.0000, Batch num: 60, Task 1 acc: 0.0000, Batch num: 60, Task 2 acc: 0.0000, Batch num: 60, Task 3 acc: 0.1891, Batch num: 60, Task 4 acc: 99.3971, Task avg acc:19.9172
2024-05-28 07:00:04,178 - INFO - Batch num: 70, Task 0 acc: 0.0000, Batch num: 70, Task 1 acc: 0.0000, Batch num: 70, Task 2 acc: 0.0000, Batch num: 70, Task 3 acc: 0.1727, Batch num: 70, Task 4 acc: 99.3122, Task avg acc:19.8970
2024-05-28 07:00:14,861 - INFO - Batch num: 80, Task 0 acc: 0.0000, Batch num: 80, Task 1 acc: 0.0000, Batch num: 80, Task 2 acc: 0.0000, Batch num: 80, Task 3 acc: 0.0658, Batch num: 80, Task 4 acc: 99.3971, Task avg acc:19.8926
2024-05-28 07:00:25,575 - INFO - Batch num: 90, Task 0 acc: 0.0000, Batch num: 90, Task 1 acc: 0.0000, Batch num: 90, Task 2 acc: 0.0000, Batch num: 90, Task 3 acc: 0.1809, Batch num: 90, Task 4 acc: 99.4226, Task avg acc:19.9207
