2024-05-28 07:10:45,901 - INFO - ##########Task 0##########
2024-05-28 07:10:45,903 - INFO - Epoch 0
2024-05-28 07:10:48,795 - INFO - Batch num: 0, Task 0 acc: 11.5593, Task avg acc:11.5593
2024-05-28 07:10:51,414 - INFO - Batch num: 10, Task 0 acc: 97.5446, Task avg acc:97.5446
2024-05-28 07:10:54,038 - INFO - Batch num: 20, Task 0 acc: 99.5855, Task avg acc:99.5855
2024-05-28 07:10:56,668 - INFO - Batch num: 30, Task 0 acc: 99.8246, Task avg acc:99.8246
2024-05-28 07:10:59,338 - INFO - Batch num: 40, Task 0 acc: 99.8406, Task avg acc:99.8406
2024-05-28 07:11:01,967 - INFO - Batch num: 50, Task 0 acc: 99.8565, Task avg acc:99.8565
2024-05-28 07:11:04,595 - INFO - Batch num: 60, Task 0 acc: 99.8884, Task avg acc:99.8884
2024-05-28 07:11:07,223 - INFO - Batch num: 70, Task 0 acc: 99.9203, Task avg acc:99.9203
2024-05-28 07:11:09,874 - INFO - Batch num: 80, Task 0 acc: 99.9283, Task avg acc:99.9283
2024-05-28 07:11:12,487 - INFO - Batch num: 90, Task 0 acc: 99.9283, Task avg acc:99.9283
2024-05-28 07:11:12,669 - INFO - Epoch 1
2024-05-28 07:11:15,094 - INFO - Batch num: 0, Task 0 acc: 99.9283, Task avg acc:99.9283
2024-05-28 07:11:17,753 - INFO - Batch num: 10, Task 0 acc: 99.9442, Task avg acc:99.9442
2024-05-28 07:11:20,364 - INFO - Batch num: 20, Task 0 acc: 99.9283, Task avg acc:99.9283
2024-05-28 07:11:22,980 - INFO - Batch num: 30, Task 0 acc: 99.9362, Task avg acc:99.9362
2024-05-28 07:11:25,594 - INFO - Batch num: 40, Task 0 acc: 99.9442, Task avg acc:99.9442
2024-05-28 07:11:28,209 - INFO - Batch num: 50, Task 0 acc: 99.9601, Task avg acc:99.9601
2024-05-28 07:11:30,875 - INFO - Batch num: 60, Task 0 acc: 99.9362, Task avg acc:99.9362
2024-05-28 07:11:33,489 - INFO - Batch num: 70, Task 0 acc: 99.9522, Task avg acc:99.9522
2024-05-28 07:11:36,094 - INFO - Batch num: 80, Task 0 acc: 99.9522, Task avg acc:99.9522
2024-05-28 07:11:38,752 - INFO - Batch num: 90, Task 0 acc: 99.9522, Task avg acc:99.9522
2024-05-28 07:11:38,935 - INFO - Epoch 2
2024-05-28 07:11:41,323 - INFO - Batch num: 0, Task 0 acc: 99.9522, Task avg acc:99.9522
2024-05-28 07:11:43,940 - INFO - Batch num: 10, Task 0 acc: 99.9522, Task avg acc:99.9522
2024-05-28 07:11:46,553 - INFO - Batch num: 20, Task 0 acc: 99.9522, Task avg acc:99.9522
2024-05-28 07:11:49,167 - INFO - Batch num: 30, Task 0 acc: 99.9601, Task avg acc:99.9601
2024-05-28 07:11:51,827 - INFO - Batch num: 40, Task 0 acc: 99.9522, Task avg acc:99.9522
2024-05-28 07:11:54,442 - INFO - Batch num: 50, Task 0 acc: 99.9681, Task avg acc:99.9681
2024-05-28 07:11:57,071 - INFO - Batch num: 60, Task 0 acc: 99.9681, Task avg acc:99.9681
2024-05-28 07:11:59,679 - INFO - Batch num: 70, Task 0 acc: 99.9601, Task avg acc:99.9601
2024-05-28 07:12:02,314 - INFO - Batch num: 80, Task 0 acc: 99.9442, Task avg acc:99.9442
2024-05-28 07:12:04,929 - INFO - Batch num: 90, Task 0 acc: 99.9681, Task avg acc:99.9681
2024-05-28 07:12:05,113 - INFO - Epoch 3
2024-05-28 07:12:07,496 - INFO - Batch num: 0, Task 0 acc: 99.9681, Task avg acc:99.9681
2024-05-28 07:12:10,172 - INFO - Batch num: 10, Task 0 acc: 99.9681, Task avg acc:99.9681
2024-05-28 07:12:12,787 - INFO - Batch num: 20, Task 0 acc: 99.9522, Task avg acc:99.9522
2024-05-28 07:12:15,401 - INFO - Batch num: 30, Task 0 acc: 99.9283, Task avg acc:99.9283
2024-05-28 07:12:18,038 - INFO - Batch num: 40, Task 0 acc: 99.9283, Task avg acc:99.9283
2024-05-28 07:12:20,654 - INFO - Batch num: 50, Task 0 acc: 99.9601, Task avg acc:99.9601
2024-05-28 07:12:23,259 - INFO - Batch num: 60, Task 0 acc: 99.9681, Task avg acc:99.9681
2024-05-28 07:12:25,914 - INFO - Batch num: 70, Task 0 acc: 99.9761, Task avg acc:99.9761
2024-05-28 07:12:28,538 - INFO - Batch num: 80, Task 0 acc: 99.9522, Task avg acc:99.9522
2024-05-28 07:12:31,250 - INFO - Batch num: 90, Task 0 acc: 99.9522, Task avg acc:99.9522
2024-05-28 07:12:31,445 - INFO - ##########Task 1##########
2024-05-28 07:12:31,445 - INFO - Epoch 0
2024-05-28 07:12:36,085 - INFO - Batch num: 0, Task 0 acc: 99.9761, Batch num: 0, Task 1 acc: 0.0000, Task avg acc:49.9880
2024-05-28 07:12:40,969 - INFO - Batch num: 10, Task 0 acc: 99.9681, Batch num: 10, Task 1 acc: 16.3564, Task avg acc:58.1622
2024-05-28 07:12:45,903 - INFO - Batch num: 20, Task 0 acc: 99.1869, Batch num: 20, Task 1 acc: 45.5037, Task avg acc:72.3453
2024-05-28 07:12:50,812 - INFO - Batch num: 30, Task 0 acc: 80.6441, Batch num: 30, Task 1 acc: 48.1134, Task avg acc:64.3787
2024-05-28 07:12:55,701 - INFO - Batch num: 40, Task 0 acc: 2.9815, Batch num: 40, Task 1 acc: 48.3959, Task avg acc:25.6887
2024-05-28 07:13:00,587 - INFO - Batch num: 50, Task 0 acc: 0.0000, Batch num: 50, Task 1 acc: 48.7118, Task avg acc:24.3559
2024-05-28 07:13:05,476 - INFO - Batch num: 60, Task 0 acc: 0.0000, Batch num: 60, Task 1 acc: 49.0775, Task avg acc:24.5387
2024-05-28 07:13:10,370 - INFO - Batch num: 70, Task 0 acc: 0.0080, Batch num: 70, Task 1 acc: 49.6842, Task avg acc:24.8461
2024-05-28 07:13:15,269 - INFO - Batch num: 80, Task 0 acc: 0.2312, Batch num: 80, Task 1 acc: 49.8836, Task avg acc:25.0574
2024-05-28 07:13:20,260 - INFO - Batch num: 90, Task 0 acc: 3.4439, Batch num: 90, Task 1 acc: 50.0332, Task avg acc:26.7386
2024-05-28 07:13:20,348 - INFO - Epoch 1
2024-05-28 07:13:24,994 - INFO - Batch num: 0, Task 0 acc: 7.3422, Batch num: 0, Task 1 acc: 49.9418, Task avg acc:28.6420
2024-05-28 07:13:29,895 - INFO - Batch num: 10, Task 0 acc: 2.8141, Batch num: 10, Task 1 acc: 49.8836, Task avg acc:26.3489
2024-05-28 07:13:34,794 - INFO - Batch num: 20, Task 0 acc: 0.2152, Batch num: 20, Task 1 acc: 49.9668, Task avg acc:25.0910
2024-05-28 07:13:39,682 - INFO - Batch num: 30, Task 0 acc: 0.0638, Batch num: 30, Task 1 acc: 49.9169, Task avg acc:24.9903
2024-05-28 07:13:44,584 - INFO - Batch num: 40, Task 0 acc: 0.0080, Batch num: 40, Task 1 acc: 50.0000, Task avg acc:25.0040
2024-05-28 07:13:49,523 - INFO - Batch num: 50, Task 0 acc: 0.0000, Batch num: 50, Task 1 acc: 50.2576, Task avg acc:25.1288
2024-05-28 07:13:54,463 - INFO - Batch num: 60, Task 0 acc: 0.0000, Batch num: 60, Task 1 acc: 50.1496, Task avg acc:25.0748
2024-05-28 07:13:59,354 - INFO - Batch num: 70, Task 0 acc: 0.0000, Batch num: 70, Task 1 acc: 50.1080, Task avg acc:25.0540
2024-05-28 07:14:04,244 - INFO - Batch num: 80, Task 0 acc: 0.0000, Batch num: 80, Task 1 acc: 49.9668, Task avg acc:24.9834
2024-05-28 07:14:09,136 - INFO - Batch num: 90, Task 0 acc: 0.0000, Batch num: 90, Task 1 acc: 49.9584, Task avg acc:24.9792
2024-05-28 07:14:09,222 - INFO - Epoch 2
2024-05-28 07:14:13,922 - INFO - Batch num: 0, Task 0 acc: 0.0000, Batch num: 0, Task 1 acc: 50.0582, Task avg acc:25.0291
2024-05-28 07:14:18,887 - INFO - Batch num: 10, Task 0 acc: 0.0000, Batch num: 10, Task 1 acc: 50.2576, Task avg acc:25.1288
2024-05-28 07:14:23,794 - INFO - Batch num: 20, Task 0 acc: 0.0080, Batch num: 20, Task 1 acc: 50.0914, Task avg acc:25.0497
2024-05-28 07:14:28,690 - INFO - Batch num: 30, Task 0 acc: 0.0000, Batch num: 30, Task 1 acc: 50.1330, Task avg acc:25.0665
2024-05-28 07:14:33,566 - INFO - Batch num: 40, Task 0 acc: 0.0000, Batch num: 40, Task 1 acc: 50.2327, Task avg acc:25.1164
2024-05-28 07:14:38,452 - INFO - Batch num: 50, Task 0 acc: 0.0000, Batch num: 50, Task 1 acc: 50.1995, Task avg acc:25.0997
2024-05-28 07:14:43,336 - INFO - Batch num: 60, Task 0 acc: 0.0000, Batch num: 60, Task 1 acc: 50.2410, Task avg acc:25.1205
2024-05-28 07:14:48,227 - INFO - Batch num: 70, Task 0 acc: 0.0000, Batch num: 70, Task 1 acc: 50.0249, Task avg acc:25.0125
2024-05-28 07:14:53,185 - INFO - Batch num: 80, Task 0 acc: 0.0000, Batch num: 80, Task 1 acc: 49.8005, Task avg acc:24.9003
2024-05-28 07:14:58,098 - INFO - Batch num: 90, Task 0 acc: 0.0000, Batch num: 90, Task 1 acc: 50.1164, Task avg acc:25.0582
2024-05-28 07:14:58,184 - INFO - Epoch 3
2024-05-28 07:15:02,824 - INFO - Batch num: 0, Task 0 acc: 0.0000, Batch num: 0, Task 1 acc: 50.0914, Task avg acc:25.0457
2024-05-28 07:15:07,751 - INFO - Batch num: 10, Task 0 acc: 0.0000, Batch num: 10, Task 1 acc: 50.1745, Task avg acc:25.0873
2024-05-28 07:15:12,705 - INFO - Batch num: 20, Task 0 acc: 0.0000, Batch num: 20, Task 1 acc: 49.9668, Task avg acc:24.9834
2024-05-28 07:15:17,688 - INFO - Batch num: 30, Task 0 acc: 0.0000, Batch num: 30, Task 1 acc: 50.0582, Task avg acc:25.0291
2024-05-28 07:15:22,637 - INFO - Batch num: 40, Task 0 acc: 0.0000, Batch num: 40, Task 1 acc: 50.1080, Task avg acc:25.0540
2024-05-28 07:15:27,557 - INFO - Batch num: 50, Task 0 acc: 0.0000, Batch num: 50, Task 1 acc: 50.0582, Task avg acc:25.0291
2024-05-28 07:15:32,455 - INFO - Batch num: 60, Task 0 acc: 0.0000, Batch num: 60, Task 1 acc: 49.7839, Task avg acc:24.8920
2024-05-28 07:15:37,335 - INFO - Batch num: 70, Task 0 acc: 0.0000, Batch num: 70, Task 1 acc: 50.0249, Task avg acc:25.0125
2024-05-28 07:15:42,279 - INFO - Batch num: 80, Task 0 acc: 0.0000, Batch num: 80, Task 1 acc: 50.1164, Task avg acc:25.0582
2024-05-28 07:15:47,173 - INFO - Batch num: 90, Task 0 acc: 0.0000, Batch num: 90, Task 1 acc: 50.0748, Task avg acc:25.0374
2024-05-28 07:15:47,269 - INFO - ##########Task 2##########
2024-05-28 07:15:47,270 - INFO - Epoch 0
2024-05-28 07:15:54,007 - INFO - Batch num: 0, Task 0 acc: 0.0000, Batch num: 0, Task 1 acc: 49.3850, Batch num: 0, Task 2 acc: 0.0000, Task avg acc:16.4617
2024-05-28 07:16:01,033 - INFO - Batch num: 10, Task 0 acc: 0.0000, Batch num: 10, Task 1 acc: 40.3009, Batch num: 10, Task 2 acc: 0.0000, Task avg acc:13.4336
2024-05-28 07:16:08,036 - INFO - Batch num: 20, Task 0 acc: 0.0000, Batch num: 20, Task 1 acc: 23.9279, Batch num: 20, Task 2 acc: 0.0000, Task avg acc:7.9760
2024-05-28 07:16:15,011 - INFO - Batch num: 30, Task 0 acc: 0.0000, Batch num: 30, Task 1 acc: 0.0000, Batch num: 30, Task 2 acc: 0.0000, Task avg acc:0.0000
2024-05-28 07:16:22,075 - INFO - Batch num: 40, Task 0 acc: 0.0000, Batch num: 40, Task 1 acc: 0.0000, Batch num: 40, Task 2 acc: 0.0000, Task avg acc:0.0000
2024-05-28 07:16:29,099 - INFO - Batch num: 50, Task 0 acc: 0.0000, Batch num: 50, Task 1 acc: 1.0057, Batch num: 50, Task 2 acc: 0.0000, Task avg acc:0.3352
2024-05-28 07:16:36,081 - INFO - Batch num: 60, Task 0 acc: 0.0000, Batch num: 60, Task 1 acc: 1.7869, Batch num: 60, Task 2 acc: 0.0000, Task avg acc:0.5956
2024-05-28 07:16:43,059 - INFO - Batch num: 70, Task 0 acc: 0.0000, Batch num: 70, Task 1 acc: 2.4518, Batch num: 70, Task 2 acc: 0.0000, Task avg acc:0.8173
2024-05-28 07:16:50,066 - INFO - Batch num: 80, Task 0 acc: 0.0000, Batch num: 80, Task 1 acc: 4.6626, Batch num: 80, Task 2 acc: 0.0000, Task avg acc:1.5542
2024-05-28 07:16:50,239 - INFO - Epoch 1
2024-05-28 07:16:56,974 - INFO - Batch num: 0, Task 0 acc: 0.0000, Batch num: 0, Task 1 acc: 4.1639, Batch num: 0, Task 2 acc: 0.0000, Task avg acc:1.3880
2024-05-28 07:17:03,999 - INFO - Batch num: 10, Task 0 acc: 0.0000, Batch num: 10, Task 1 acc: 4.5795, Batch num: 10, Task 2 acc: 0.0000, Task avg acc:1.5265
2024-05-28 07:17:10,992 - INFO - Batch num: 20, Task 0 acc: 0.0000, Batch num: 20, Task 1 acc: 1.6622, Batch num: 20, Task 2 acc: 0.0000, Task avg acc:0.5541
2024-05-28 07:17:18,082 - INFO - Batch num: 30, Task 0 acc: 0.0000, Batch num: 30, Task 1 acc: 2.9255, Batch num: 30, Task 2 acc: 0.0000, Task avg acc:0.9752
2024-05-28 07:17:25,146 - INFO - Batch num: 40, Task 0 acc: 0.0000, Batch num: 40, Task 1 acc: 1.6622, Batch num: 40, Task 2 acc: 0.0000, Task avg acc:0.5541
2024-05-28 07:17:32,160 - INFO - Batch num: 50, Task 0 acc: 0.0000, Batch num: 50, Task 1 acc: 1.7204, Batch num: 50, Task 2 acc: 0.0000, Task avg acc:0.5735
2024-05-28 07:17:39,129 - INFO - Batch num: 60, Task 0 acc: 0.0000, Batch num: 60, Task 1 acc: 1.2799, Batch num: 60, Task 2 acc: 0.0000, Task avg acc:0.4266
2024-05-28 07:17:46,074 - INFO - Batch num: 70, Task 0 acc: 0.0000, Batch num: 70, Task 1 acc: 1.7287, Batch num: 70, Task 2 acc: 0.0000, Task avg acc:0.5762
2024-05-28 07:17:53,089 - INFO - Batch num: 80, Task 0 acc: 0.0000, Batch num: 80, Task 1 acc: 1.6456, Batch num: 80, Task 2 acc: 0.0000, Task avg acc:0.5485
2024-05-28 07:17:53,262 - INFO - Epoch 2
2024-05-28 07:18:00,087 - INFO - Batch num: 0, Task 0 acc: 0.0000, Batch num: 0, Task 1 acc: 0.8644, Batch num: 0, Task 2 acc: 0.0000, Task avg acc:0.2881
2024-05-28 07:18:07,117 - INFO - Batch num: 10, Task 0 acc: 0.0000, Batch num: 10, Task 1 acc: 0.9724, Batch num: 10, Task 2 acc: 0.0000, Task avg acc:0.3241
2024-05-28 07:18:14,105 - INFO - Batch num: 20, Task 0 acc: 0.0000, Batch num: 20, Task 1 acc: 0.9225, Batch num: 20, Task 2 acc: 0.0000, Task avg acc:0.3075
2024-05-28 07:18:21,097 - INFO - Batch num: 30, Task 0 acc: 0.0000, Batch num: 30, Task 1 acc: 1.0140, Batch num: 30, Task 2 acc: 0.0000, Task avg acc:0.3380
2024-05-28 07:18:28,137 - INFO - Batch num: 40, Task 0 acc: 0.0000, Batch num: 40, Task 1 acc: 1.0223, Batch num: 40, Task 2 acc: 0.0000, Task avg acc:0.3408
2024-05-28 07:18:35,145 - INFO - Batch num: 50, Task 0 acc: 0.0000, Batch num: 50, Task 1 acc: 1.2882, Batch num: 50, Task 2 acc: 0.0000, Task avg acc:0.4294
2024-05-28 07:18:42,125 - INFO - Batch num: 60, Task 0 acc: 0.0000, Batch num: 60, Task 1 acc: 0.9807, Batch num: 60, Task 2 acc: 0.0000, Task avg acc:0.3269
2024-05-28 07:18:49,101 - INFO - Batch num: 70, Task 0 acc: 0.0000, Batch num: 70, Task 1 acc: 1.1220, Batch num: 70, Task 2 acc: 0.0000, Task avg acc:0.3740
2024-05-28 07:18:56,130 - INFO - Batch num: 80, Task 0 acc: 0.0000, Batch num: 80, Task 1 acc: 1.0555, Batch num: 80, Task 2 acc: 0.0000, Task avg acc:0.3518
2024-05-28 07:18:56,301 - INFO - Epoch 3
2024-05-28 07:19:03,049 - INFO - Batch num: 0, Task 0 acc: 0.0000, Batch num: 0, Task 1 acc: 0.4904, Batch num: 0, Task 2 acc: 0.0000, Task avg acc:0.1635
2024-05-28 07:19:10,037 - INFO - Batch num: 10, Task 0 acc: 0.0000, Batch num: 10, Task 1 acc: 1.0805, Batch num: 10, Task 2 acc: 0.0000, Task avg acc:0.3602
2024-05-28 07:19:17,056 - INFO - Batch num: 20, Task 0 acc: 0.0000, Batch num: 20, Task 1 acc: 0.5901, Batch num: 20, Task 2 acc: 0.0000, Task avg acc:0.1967
2024-05-28 07:19:24,056 - INFO - Batch num: 30, Task 0 acc: 0.0000, Batch num: 30, Task 1 acc: 0.4904, Batch num: 30, Task 2 acc: 0.0000, Task avg acc:0.1635
2024-05-28 07:19:31,073 - INFO - Batch num: 40, Task 0 acc: 0.0000, Batch num: 40, Task 1 acc: 0.5901, Batch num: 40, Task 2 acc: 0.0000, Task avg acc:0.1967
2024-05-28 07:19:38,071 - INFO - Batch num: 50, Task 0 acc: 0.0000, Batch num: 50, Task 1 acc: 0.5070, Batch num: 50, Task 2 acc: 0.0000, Task avg acc:0.1690
2024-05-28 07:19:45,024 - INFO - Batch num: 60, Task 0 acc: 0.0000, Batch num: 60, Task 1 acc: 0.4820, Batch num: 60, Task 2 acc: 0.0000, Task avg acc:0.1607
2024-05-28 07:19:51,959 - INFO - Batch num: 70, Task 0 acc: 0.0000, Batch num: 70, Task 1 acc: 0.6981, Batch num: 70, Task 2 acc: 0.0000, Task avg acc:0.2327
2024-05-28 07:19:58,959 - INFO - Batch num: 80, Task 0 acc: 0.0000, Batch num: 80, Task 1 acc: 0.5485, Batch num: 80, Task 2 acc: 0.0000, Task avg acc:0.1828
2024-05-28 07:19:59,139 - INFO - ##########Task 3##########
2024-05-28 07:19:59,140 - INFO - Epoch 0
2024-05-28 07:20:08,177 - INFO - Batch num: 0, Task 0 acc: 0.0000, Batch num: 0, Task 1 acc: 0.7812, Batch num: 0, Task 2 acc: 0.0000, Batch num: 0, Task 3 acc: 48.5609, Task avg acc:12.3355
2024-05-28 07:20:17,408 - INFO - Batch num: 10, Task 0 acc: 0.0000, Batch num: 10, Task 1 acc: 15.5170, Batch num: 10, Task 2 acc: 0.0000, Batch num: 10, Task 3 acc: 48.5609, Task avg acc:16.0195
2024-05-28 07:20:26,673 - INFO - Batch num: 20, Task 0 acc: 0.0558, Batch num: 20, Task 1 acc: 18.0352, Batch num: 20, Task 2 acc: 0.0000, Batch num: 20, Task 3 acc: 92.0888, Task avg acc:27.5450
2024-05-28 07:20:35,946 - INFO - Batch num: 30, Task 0 acc: 0.0000, Batch num: 30, Task 1 acc: 4.9701, Batch num: 30, Task 2 acc: 0.0000, Batch num: 30, Task 3 acc: 99.4819, Task avg acc:26.1130
2024-05-28 07:20:45,227 - INFO - Batch num: 40, Task 0 acc: 0.0000, Batch num: 40, Task 1 acc: 2.2939, Batch num: 40, Task 2 acc: 0.0000, Batch num: 40, Task 3 acc: 99.6382, Task avg acc:25.4830
2024-05-28 07:20:54,486 - INFO - Batch num: 50, Task 0 acc: 0.0000, Batch num: 50, Task 1 acc: 0.8893, Batch num: 50, Task 2 acc: 0.0000, Batch num: 50, Task 3 acc: 99.7451, Task avg acc:25.1586
2024-05-28 07:21:03,726 - INFO - Batch num: 60, Task 0 acc: 0.0000, Batch num: 60, Task 1 acc: 0.3241, Batch num: 60, Task 2 acc: 0.0000, Batch num: 60, Task 3 acc: 99.7615, Task avg acc:25.0214
2024-05-28 07:21:13,072 - INFO - Batch num: 70, Task 0 acc: 0.0000, Batch num: 70, Task 1 acc: 0.2410, Batch num: 70, Task 2 acc: 0.0000, Batch num: 70, Task 3 acc: 99.7780, Task avg acc:25.0047
2024-05-28 07:21:22,324 - INFO - Batch num: 80, Task 0 acc: 0.0000, Batch num: 80, Task 1 acc: 0.3324, Batch num: 80, Task 2 acc: 0.0000, Batch num: 80, Task 3 acc: 99.8602, Task avg acc:25.0482
2024-05-28 07:21:31,547 - INFO - Batch num: 90, Task 0 acc: 0.0000, Batch num: 90, Task 1 acc: 0.2992, Batch num: 90, Task 2 acc: 0.0000, Batch num: 90, Task 3 acc: 99.8438, Task avg acc:25.0357
2024-05-28 07:21:31,661 - INFO - Epoch 1
2024-05-28 07:21:40,742 - INFO - Batch num: 0, Task 0 acc: 0.0000, Batch num: 0, Task 1 acc: 0.1579, Batch num: 0, Task 2 acc: 0.0000, Batch num: 0, Task 3 acc: 99.8438, Task avg acc:25.0004
2024-05-28 07:21:49,983 - INFO - Batch num: 10, Task 0 acc: 0.0000, Batch num: 10, Task 1 acc: 0.0582, Batch num: 10, Task 2 acc: 0.0000, Batch num: 10, Task 3 acc: 99.7697, Task avg acc:24.9570
2024-05-28 07:21:59,225 - INFO - Batch num: 20, Task 0 acc: 0.0000, Batch num: 20, Task 1 acc: 0.0416, Batch num: 20, Task 2 acc: 0.0000, Batch num: 20, Task 3 acc: 99.7944, Task avg acc:24.9590
2024-05-28 07:22:08,498 - INFO - Batch num: 30, Task 0 acc: 0.0000, Batch num: 30, Task 1 acc: 0.0083, Batch num: 30, Task 2 acc: 0.0000, Batch num: 30, Task 3 acc: 99.8684, Task avg acc:24.9692
2024-05-28 07:22:17,734 - INFO - Batch num: 40, Task 0 acc: 0.0000, Batch num: 40, Task 1 acc: 0.0000, Batch num: 40, Task 2 acc: 0.0000, Batch num: 40, Task 3 acc: 99.8766, Task avg acc:24.9692
2024-05-28 07:22:27,006 - INFO - Batch num: 50, Task 0 acc: 0.0000, Batch num: 50, Task 1 acc: 0.0000, Batch num: 50, Task 2 acc: 0.0000, Batch num: 50, Task 3 acc: 99.8849, Task avg acc:24.9712
2024-05-28 07:22:36,298 - INFO - Batch num: 60, Task 0 acc: 0.0000, Batch num: 60, Task 1 acc: 0.0000, Batch num: 60, Task 2 acc: 0.0000, Batch num: 60, Task 3 acc: 99.8684, Task avg acc:24.9671
2024-05-28 07:22:45,547 - INFO - Batch num: 70, Task 0 acc: 0.0000, Batch num: 70, Task 1 acc: 0.0000, Batch num: 70, Task 2 acc: 0.0000, Batch num: 70, Task 3 acc: 99.9095, Task avg acc:24.9774
2024-05-28 07:22:54,780 - INFO - Batch num: 80, Task 0 acc: 0.0000, Batch num: 80, Task 1 acc: 0.0000, Batch num: 80, Task 2 acc: 0.0000, Batch num: 80, Task 3 acc: 99.9013, Task avg acc:24.9753
2024-05-28 07:23:04,035 - INFO - Batch num: 90, Task 0 acc: 0.0000, Batch num: 90, Task 1 acc: 0.0000, Batch num: 90, Task 2 acc: 0.0000, Batch num: 90, Task 3 acc: 99.8766, Task avg acc:24.9692
2024-05-28 07:23:04,148 - INFO - Epoch 2
2024-05-28 07:23:13,158 - INFO - Batch num: 0, Task 0 acc: 0.0000, Batch num: 0, Task 1 acc: 0.0083, Batch num: 0, Task 2 acc: 0.0000, Batch num: 0, Task 3 acc: 99.9013, Task avg acc:24.9774
2024-05-28 07:23:22,445 - INFO - Batch num: 10, Task 0 acc: 0.0000, Batch num: 10, Task 1 acc: 0.0000, Batch num: 10, Task 2 acc: 0.0000, Batch num: 10, Task 3 acc: 99.8849, Task avg acc:24.9712
2024-05-28 07:23:31,711 - INFO - Batch num: 20, Task 0 acc: 0.0000, Batch num: 20, Task 1 acc: 0.0000, Batch num: 20, Task 2 acc: 0.0000, Batch num: 20, Task 3 acc: 99.8355, Task avg acc:24.9589
2024-05-28 07:23:40,950 - INFO - Batch num: 30, Task 0 acc: 0.0000, Batch num: 30, Task 1 acc: 0.0000, Batch num: 30, Task 2 acc: 0.0000, Batch num: 30, Task 3 acc: 99.8520, Task avg acc:24.9630
2024-05-28 07:23:50,196 - INFO - Batch num: 40, Task 0 acc: 0.0000, Batch num: 40, Task 1 acc: 0.0000, Batch num: 40, Task 2 acc: 0.0000, Batch num: 40, Task 3 acc: 99.8931, Task avg acc:24.9733
2024-05-28 07:23:59,437 - INFO - Batch num: 50, Task 0 acc: 0.0000, Batch num: 50, Task 1 acc: 0.0000, Batch num: 50, Task 2 acc: 0.0000, Batch num: 50, Task 3 acc: 99.9260, Task avg acc:24.9815
2024-05-28 07:24:08,685 - INFO - Batch num: 60, Task 0 acc: 0.0000, Batch num: 60, Task 1 acc: 0.0000, Batch num: 60, Task 2 acc: 0.0000, Batch num: 60, Task 3 acc: 99.9013, Task avg acc:24.9753
2024-05-28 07:24:17,927 - INFO - Batch num: 70, Task 0 acc: 0.0000, Batch num: 70, Task 1 acc: 0.0000, Batch num: 70, Task 2 acc: 0.0000, Batch num: 70, Task 3 acc: 99.8849, Task avg acc:24.9712
2024-05-28 07:24:27,229 - INFO - Batch num: 80, Task 0 acc: 0.0000, Batch num: 80, Task 1 acc: 0.0000, Batch num: 80, Task 2 acc: 0.0000, Batch num: 80, Task 3 acc: 99.8766, Task avg acc:24.9692
2024-05-28 07:24:36,486 - INFO - Batch num: 90, Task 0 acc: 0.0000, Batch num: 90, Task 1 acc: 0.0000, Batch num: 90, Task 2 acc: 0.0000, Batch num: 90, Task 3 acc: 99.8355, Task avg acc:24.9589
2024-05-28 07:24:36,599 - INFO - Epoch 3
2024-05-28 07:24:45,585 - INFO - Batch num: 0, Task 0 acc: 0.0000, Batch num: 0, Task 1 acc: 0.0000, Batch num: 0, Task 2 acc: 0.0000, Batch num: 0, Task 3 acc: 99.8849, Task avg acc:24.9712
2024-05-28 07:24:54,826 - INFO - Batch num: 10, Task 0 acc: 0.0000, Batch num: 10, Task 1 acc: 0.0000, Batch num: 10, Task 2 acc: 0.0000, Batch num: 10, Task 3 acc: 99.8849, Task avg acc:24.9712
2024-05-28 07:25:04,073 - INFO - Batch num: 20, Task 0 acc: 0.0000, Batch num: 20, Task 1 acc: 0.0000, Batch num: 20, Task 2 acc: 0.0000, Batch num: 20, Task 3 acc: 99.8766, Task avg acc:24.9692
2024-05-28 07:25:13,306 - INFO - Batch num: 30, Task 0 acc: 0.0000, Batch num: 30, Task 1 acc: 0.0000, Batch num: 30, Task 2 acc: 0.0000, Batch num: 30, Task 3 acc: 99.9013, Task avg acc:24.9753
2024-05-28 07:25:22,575 - INFO - Batch num: 40, Task 0 acc: 0.0000, Batch num: 40, Task 1 acc: 0.0000, Batch num: 40, Task 2 acc: 0.0000, Batch num: 40, Task 3 acc: 99.8026, Task avg acc:24.9507
2024-05-28 07:25:31,876 - INFO - Batch num: 50, Task 0 acc: 0.0000, Batch num: 50, Task 1 acc: 0.0000, Batch num: 50, Task 2 acc: 0.0000, Batch num: 50, Task 3 acc: 99.9013, Task avg acc:24.9753
2024-05-28 07:25:41,107 - INFO - Batch num: 60, Task 0 acc: 0.0000, Batch num: 60, Task 1 acc: 0.0000, Batch num: 60, Task 2 acc: 0.0000, Batch num: 60, Task 3 acc: 99.8849, Task avg acc:24.9712
2024-05-28 07:25:50,353 - INFO - Batch num: 70, Task 0 acc: 0.0000, Batch num: 70, Task 1 acc: 0.0000, Batch num: 70, Task 2 acc: 0.0000, Batch num: 70, Task 3 acc: 99.8849, Task avg acc:24.9712
2024-05-28 07:25:59,609 - INFO - Batch num: 80, Task 0 acc: 0.0000, Batch num: 80, Task 1 acc: 0.0000, Batch num: 80, Task 2 acc: 0.0000, Batch num: 80, Task 3 acc: 99.7533, Task avg acc:24.9383
2024-05-28 07:26:08,855 - INFO - Batch num: 90, Task 0 acc: 0.0000, Batch num: 90, Task 1 acc: 0.0000, Batch num: 90, Task 2 acc: 0.0000, Batch num: 90, Task 3 acc: 99.8766, Task avg acc:24.9692
2024-05-28 07:26:08,977 - INFO - ##########Task 4##########
2024-05-28 07:26:08,977 - INFO - Epoch 0
2024-05-28 07:26:20,184 - INFO - Batch num: 0, Task 0 acc: 0.0000, Batch num: 0, Task 1 acc: 0.0000, Batch num: 0, Task 2 acc: 0.0000, Batch num: 0, Task 3 acc: 99.8602, Batch num: 0, Task 4 acc: 0.0000, Task avg acc:19.9720
2024-05-28 07:26:31,695 - INFO - Batch num: 10, Task 0 acc: 0.0000, Batch num: 10, Task 1 acc: 0.0416, Batch num: 10, Task 2 acc: 0.0000, Batch num: 10, Task 3 acc: 99.1283, Batch num: 10, Task 4 acc: 5.5876, Task avg acc:20.9515
2024-05-28 07:26:43,132 - INFO - Batch num: 20, Task 0 acc: 0.0000, Batch num: 20, Task 1 acc: 0.0083, Batch num: 20, Task 2 acc: 0.0000, Batch num: 20, Task 3 acc: 59.4984, Batch num: 20, Task 4 acc: 40.9562, Task avg acc:20.0926
2024-05-28 07:26:54,549 - INFO - Batch num: 30, Task 0 acc: 0.0000, Batch num: 30, Task 1 acc: 0.0000, Batch num: 30, Task 2 acc: 0.0000, Batch num: 30, Task 3 acc: 47.4260, Batch num: 30, Task 4 acc: 48.2592, Task avg acc:19.1370
2024-05-28 07:27:05,969 - INFO - Batch num: 40, Task 0 acc: 0.0000, Batch num: 40, Task 1 acc: 0.0000, Batch num: 40, Task 2 acc: 0.0000, Batch num: 40, Task 3 acc: 42.5740, Batch num: 40, Task 4 acc: 68.5462, Task avg acc:22.2240
2024-05-28 07:27:17,392 - INFO - Batch num: 50, Task 0 acc: 0.0000, Batch num: 50, Task 1 acc: 0.0000, Batch num: 50, Task 2 acc: 0.0000, Batch num: 50, Task 3 acc: 1.6201, Batch num: 50, Task 4 acc: 96.9939, Task avg acc:19.7228
2024-05-28 07:27:28,879 - INFO - Batch num: 60, Task 0 acc: 0.0000, Batch num: 60, Task 1 acc: 0.0000, Batch num: 60, Task 2 acc: 0.0000, Batch num: 60, Task 3 acc: 0.0000, Batch num: 60, Task 4 acc: 97.4949, Task avg acc:19.4990
2024-05-28 07:27:40,357 - INFO - Batch num: 70, Task 0 acc: 0.0000, Batch num: 70, Task 1 acc: 0.0000, Batch num: 70, Task 2 acc: 0.0000, Batch num: 70, Task 3 acc: 0.0000, Batch num: 70, Task 4 acc: 97.9450, Task avg acc:19.5890
2024-05-28 07:27:51,843 - INFO - Batch num: 80, Task 0 acc: 0.0000, Batch num: 80, Task 1 acc: 0.0000, Batch num: 80, Task 2 acc: 0.0000, Batch num: 80, Task 3 acc: 0.0164, Batch num: 80, Task 4 acc: 98.2337, Task avg acc:19.6500
2024-05-28 07:28:03,279 - INFO - Batch num: 90, Task 0 acc: 0.0000, Batch num: 90, Task 1 acc: 0.0000, Batch num: 90, Task 2 acc: 0.0000, Batch num: 90, Task 3 acc: 0.1316, Batch num: 90, Task 4 acc: 98.3865, Task avg acc:19.7036
2024-05-28 07:28:03,310 - INFO - Epoch 1
2024-05-28 07:28:14,485 - INFO - Batch num: 0, Task 0 acc: 0.0000, Batch num: 0, Task 1 acc: 0.0000, Batch num: 0, Task 2 acc: 0.0000, Batch num: 0, Task 3 acc: 0.1645, Batch num: 0, Task 4 acc: 98.4120, Task avg acc:19.7153
2024-05-28 07:28:25,950 - INFO - Batch num: 10, Task 0 acc: 0.0000, Batch num: 10, Task 1 acc: 0.0000, Batch num: 10, Task 2 acc: 0.0000, Batch num: 10, Task 3 acc: 1.2993, Batch num: 10, Task 4 acc: 98.7602, Task avg acc:20.0119
2024-05-28 07:28:37,441 - INFO - Batch num: 20, Task 0 acc: 0.0000, Batch num: 20, Task 1 acc: 0.0000, Batch num: 20, Task 2 acc: 0.0000, Batch num: 20, Task 3 acc: 1.6941, Batch num: 20, Task 4 acc: 98.9385, Task avg acc:20.1265
2024-05-28 07:28:48,874 - INFO - Batch num: 30, Task 0 acc: 0.0000, Batch num: 30, Task 1 acc: 0.0000, Batch num: 30, Task 2 acc: 0.0000, Batch num: 30, Task 3 acc: 4.6711, Batch num: 30, Task 4 acc: 99.0319, Task avg acc:20.7406
2024-05-28 07:29:00,321 - INFO - Batch num: 40, Task 0 acc: 0.0000, Batch num: 40, Task 1 acc: 0.0000, Batch num: 40, Task 2 acc: 0.0000, Batch num: 40, Task 3 acc: 10.5592, Batch num: 40, Task 4 acc: 99.0149, Task avg acc:21.9148
2024-05-28 07:29:11,761 - INFO - Batch num: 50, Task 0 acc: 0.0000, Batch num: 50, Task 1 acc: 0.0000, Batch num: 50, Task 2 acc: 0.0000, Batch num: 50, Task 3 acc: 12.7056, Batch num: 50, Task 4 acc: 99.1168, Task avg acc:22.3645
2024-05-28 07:29:23,223 - INFO - Batch num: 60, Task 0 acc: 0.0000, Batch num: 60, Task 1 acc: 0.0000, Batch num: 60, Task 2 acc: 0.0000, Batch num: 60, Task 3 acc: 12.9030, Batch num: 60, Task 4 acc: 99.0489, Task avg acc:22.3904
2024-05-28 07:29:34,684 - INFO - Batch num: 70, Task 0 acc: 0.0000, Batch num: 70, Task 1 acc: 0.0000, Batch num: 70, Task 2 acc: 0.0000, Batch num: 70, Task 3 acc: 8.2566, Batch num: 70, Task 4 acc: 99.0659, Task avg acc:21.4645
2024-05-28 07:29:46,086 - INFO - Batch num: 80, Task 0 acc: 0.0000, Batch num: 80, Task 1 acc: 0.0000, Batch num: 80, Task 2 acc: 0.0000, Batch num: 80, Task 3 acc: 7.1793, Batch num: 80, Task 4 acc: 99.1084, Task avg acc:21.2575
2024-05-28 07:29:57,571 - INFO - Batch num: 90, Task 0 acc: 0.0000, Batch num: 90, Task 1 acc: 0.0000, Batch num: 90, Task 2 acc: 0.0000, Batch num: 90, Task 3 acc: 10.9951, Batch num: 90, Task 4 acc: 99.1848, Task avg acc:22.0360
2024-05-28 07:29:57,602 - INFO - Epoch 2
2024-05-28 07:30:08,788 - INFO - Batch num: 0, Task 0 acc: 0.0000, Batch num: 0, Task 1 acc: 0.0000, Batch num: 0, Task 2 acc: 0.0000, Batch num: 0, Task 3 acc: 10.3125, Batch num: 0, Task 4 acc: 99.1253, Task avg acc:21.8876
2024-05-28 07:30:20,213 - INFO - Batch num: 10, Task 0 acc: 0.0000, Batch num: 10, Task 1 acc: 0.0000, Batch num: 10, Task 2 acc: 0.0000, Batch num: 10, Task 3 acc: 8.8158, Batch num: 10, Task 4 acc: 99.0914, Task avg acc:21.5814
2024-05-28 07:30:31,684 - INFO - Batch num: 20, Task 0 acc: 0.0000, Batch num: 20, Task 1 acc: 0.0000, Batch num: 20, Task 2 acc: 0.0000, Batch num: 20, Task 3 acc: 6.8997, Batch num: 20, Task 4 acc: 99.1168, Task avg acc:21.2033
2024-05-28 07:30:43,124 - INFO - Batch num: 30, Task 0 acc: 0.0000, Batch num: 30, Task 1 acc: 0.0000, Batch num: 30, Task 2 acc: 0.0000, Batch num: 30, Task 3 acc: 8.0345, Batch num: 30, Task 4 acc: 99.3461, Task avg acc:21.4761
2024-05-28 07:30:54,636 - INFO - Batch num: 40, Task 0 acc: 0.0000, Batch num: 40, Task 1 acc: 0.0000, Batch num: 40, Task 2 acc: 0.0000, Batch num: 40, Task 3 acc: 8.3799, Batch num: 40, Task 4 acc: 99.1848, Task avg acc:21.5129
2024-05-28 07:31:06,138 - INFO - Batch num: 50, Task 0 acc: 0.0000, Batch num: 50, Task 1 acc: 0.0000, Batch num: 50, Task 2 acc: 0.0000, Batch num: 50, Task 3 acc: 6.8174, Batch num: 50, Task 4 acc: 99.2782, Task avg acc:21.2191
2024-05-28 07:31:17,594 - INFO - Batch num: 60, Task 0 acc: 0.0000, Batch num: 60, Task 1 acc: 0.0000, Batch num: 60, Task 2 acc: 0.0000, Batch num: 60, Task 3 acc: 7.1957, Batch num: 60, Task 4 acc: 99.2103, Task avg acc:21.2812
2024-05-28 07:31:29,068 - INFO - Batch num: 70, Task 0 acc: 0.0000, Batch num: 70, Task 1 acc: 0.0000, Batch num: 70, Task 2 acc: 0.0000, Batch num: 70, Task 3 acc: 6.1924, Batch num: 70, Task 4 acc: 99.1848, Task avg acc:21.0754
2024-05-28 07:31:40,521 - INFO - Batch num: 80, Task 0 acc: 0.0000, Batch num: 80, Task 1 acc: 0.0000, Batch num: 80, Task 2 acc: 0.0000, Batch num: 80, Task 3 acc: 6.5543, Batch num: 80, Task 4 acc: 99.2188, Task avg acc:21.1546
2024-05-28 07:31:52,004 - INFO - Batch num: 90, Task 0 acc: 0.0000, Batch num: 90, Task 1 acc: 0.0000, Batch num: 90, Task 2 acc: 0.0000, Batch num: 90, Task 3 acc: 8.4128, Batch num: 90, Task 4 acc: 99.2527, Task avg acc:21.5331
2024-05-28 07:31:52,035 - INFO - Epoch 3
2024-05-28 07:32:03,265 - INFO - Batch num: 0, Task 0 acc: 0.0000, Batch num: 0, Task 1 acc: 0.0000, Batch num: 0, Task 2 acc: 0.0000, Batch num: 0, Task 3 acc: 8.4786, Batch num: 0, Task 4 acc: 99.1763, Task avg acc:21.5310
2024-05-28 07:32:14,703 - INFO - Batch num: 10, Task 0 acc: 0.0000, Batch num: 10, Task 1 acc: 0.0000, Batch num: 10, Task 2 acc: 0.0000, Batch num: 10, Task 3 acc: 8.2566, Batch num: 10, Task 4 acc: 98.8111, Task avg acc:21.4135
2024-05-28 07:32:26,181 - INFO - Batch num: 20, Task 0 acc: 0.0000, Batch num: 20, Task 1 acc: 0.0000, Batch num: 20, Task 2 acc: 0.0000, Batch num: 20, Task 3 acc: 6.6283, Batch num: 20, Task 4 acc: 99.1168, Task avg acc:21.1490
2024-05-28 07:32:37,660 - INFO - Batch num: 30, Task 0 acc: 0.0000, Batch num: 30, Task 1 acc: 0.0000, Batch num: 30, Task 2 acc: 0.0000, Batch num: 30, Task 3 acc: 8.1332, Batch num: 30, Task 4 acc: 99.3122, Task avg acc:21.4891
2024-05-28 07:32:49,121 - INFO - Batch num: 40, Task 0 acc: 0.0000, Batch num: 40, Task 1 acc: 0.0000, Batch num: 40, Task 2 acc: 0.0000, Batch num: 40, Task 3 acc: 9.2516, Batch num: 40, Task 4 acc: 99.2272, Task avg acc:21.6958
2024-05-28 07:33:00,554 - INFO - Batch num: 50, Task 0 acc: 0.0000, Batch num: 50, Task 1 acc: 0.0000, Batch num: 50, Task 2 acc: 0.0000, Batch num: 50, Task 3 acc: 6.4885, Batch num: 50, Task 4 acc: 99.3376, Task avg acc:21.1652
2024-05-28 07:33:12,010 - INFO - Batch num: 60, Task 0 acc: 0.0000, Batch num: 60, Task 1 acc: 0.0000, Batch num: 60, Task 2 acc: 0.0000, Batch num: 60, Task 3 acc: 4.3586, Batch num: 60, Task 4 acc: 99.2527, Task avg acc:20.7223
2024-05-28 07:33:23,432 - INFO - Batch num: 70, Task 0 acc: 0.0000, Batch num: 70, Task 1 acc: 0.0000, Batch num: 70, Task 2 acc: 0.0000, Batch num: 70, Task 3 acc: 3.6513, Batch num: 70, Task 4 acc: 99.3037, Task avg acc:20.5910
2024-05-28 07:33:34,959 - INFO - Batch num: 80, Task 0 acc: 0.0000, Batch num: 80, Task 1 acc: 0.0000, Batch num: 80, Task 2 acc: 0.0000, Batch num: 80, Task 3 acc: 4.4408, Batch num: 80, Task 4 acc: 99.1848, Task avg acc:20.7251
2024-05-28 07:33:46,385 - INFO - Batch num: 90, Task 0 acc: 0.0000, Batch num: 90, Task 1 acc: 0.0000, Batch num: 90, Task 2 acc: 0.0000, Batch num: 90, Task 3 acc: 11.1266, Batch num: 90, Task 4 acc: 99.0659, Task avg acc:22.0385
