2024-05-27 15:51:28,793 - INFO - ##########Task 0##########
2024-05-27 15:51:28,794 - INFO - Epoch 0
2024-05-27 15:51:31,009 - INFO - Batch num: 0, Task 0 acc: 0.0080, Task avg acc:0.0080
2024-05-27 15:51:33,445 - INFO - Batch num: 10, Task 0 acc: 12.9066, Task avg acc:12.9066
2024-05-27 15:51:35,839 - INFO - Batch num: 20, Task 0 acc: 20.5437, Task avg acc:20.5437
2024-05-27 15:51:38,246 - INFO - Batch num: 30, Task 0 acc: 21.8351, Task avg acc:21.8351
2024-05-27 15:51:40,627 - INFO - Batch num: 40, Task 0 acc: 38.7038, Task avg acc:38.7038
2024-05-27 15:51:43,033 - INFO - Batch num: 50, Task 0 acc: 49.8565, Task avg acc:49.8565
2024-05-27 15:51:45,460 - INFO - Batch num: 60, Task 0 acc: 45.7749, Task avg acc:45.7749
2024-05-27 15:51:47,844 - INFO - Batch num: 70, Task 0 acc: 39.3495, Task avg acc:39.3495
2024-05-27 15:51:50,227 - INFO - Batch num: 80, Task 0 acc: 49.8485, Task avg acc:49.8485
2024-05-27 15:51:52,615 - INFO - Batch num: 90, Task 0 acc: 57.6929, Task avg acc:57.6929
2024-05-27 15:51:52,796 - INFO - Epoch 1
2024-05-27 15:51:54,951 - INFO - Batch num: 0, Task 0 acc: 62.0775, Task avg acc:62.0775
2024-05-27 15:51:57,337 - INFO - Batch num: 10, Task 0 acc: 68.8217, Task avg acc:68.8217
2024-05-27 15:51:59,725 - INFO - Batch num: 20, Task 0 acc: 73.4933, Task avg acc:73.4933
2024-05-27 15:52:02,127 - INFO - Batch num: 30, Task 0 acc: 74.0992, Task avg acc:74.0992
2024-05-27 15:52:04,515 - INFO - Batch num: 40, Task 0 acc: 74.4499, Task avg acc:74.4499
2024-05-27 15:52:06,905 - INFO - Batch num: 50, Task 0 acc: 72.9592, Task avg acc:72.9592
2024-05-27 15:52:09,334 - INFO - Batch num: 60, Task 0 acc: 77.5510, Task avg acc:77.5510
2024-05-27 15:52:11,712 - INFO - Batch num: 70, Task 0 acc: 83.0277, Task avg acc:83.0277
2024-05-27 15:52:14,094 - INFO - Batch num: 80, Task 0 acc: 81.9196, Task avg acc:81.9196
2024-05-27 15:52:16,480 - INFO - Batch num: 90, Task 0 acc: 77.2401, Task avg acc:77.2401
2024-05-27 15:52:16,662 - INFO - Epoch 2
2024-05-27 15:52:18,815 - INFO - Batch num: 0, Task 0 acc: 73.9716, Task avg acc:73.9716
2024-05-27 15:52:21,204 - INFO - Batch num: 10, Task 0 acc: 73.5252, Task avg acc:73.5252
2024-05-27 15:52:23,590 - INFO - Batch num: 20, Task 0 acc: 82.1429, Task avg acc:82.1429
2024-05-27 15:52:25,976 - INFO - Batch num: 30, Task 0 acc: 86.0969, Task avg acc:86.0969
2024-05-27 15:52:28,356 - INFO - Batch num: 40, Task 0 acc: 86.1448, Task avg acc:86.1448
2024-05-27 15:52:30,736 - INFO - Batch num: 50, Task 0 acc: 88.9589, Task avg acc:88.9589
2024-05-27 15:52:33,141 - INFO - Batch num: 60, Task 0 acc: 89.2857, Task avg acc:89.2857
2024-05-27 15:52:35,517 - INFO - Batch num: 70, Task 0 acc: 88.0421, Task avg acc:88.0421
2024-05-27 15:52:37,913 - INFO - Batch num: 80, Task 0 acc: 88.3610, Task avg acc:88.3610
2024-05-27 15:52:40,317 - INFO - Batch num: 90, Task 0 acc: 89.7082, Task avg acc:89.7082
2024-05-27 15:52:40,496 - INFO - Epoch 3
2024-05-27 15:52:42,642 - INFO - Batch num: 0, Task 0 acc: 93.1441, Task avg acc:93.1441
2024-05-27 15:52:45,038 - INFO - Batch num: 10, Task 0 acc: 93.5826, Task avg acc:93.5826
2024-05-27 15:52:47,416 - INFO - Batch num: 20, Task 0 acc: 93.7420, Task avg acc:93.7420
2024-05-27 15:52:49,794 - INFO - Batch num: 30, Task 0 acc: 95.8785, Task avg acc:95.8785
2024-05-27 15:52:52,183 - INFO - Batch num: 40, Task 0 acc: 97.7758, Task avg acc:97.7758
2024-05-27 15:52:54,561 - INFO - Batch num: 50, Task 0 acc: 98.5332, Task avg acc:98.5332
2024-05-27 15:52:56,956 - INFO - Batch num: 60, Task 0 acc: 98.4375, Task avg acc:98.4375
2024-05-27 15:52:59,365 - INFO - Batch num: 70, Task 0 acc: 97.6323, Task avg acc:97.6323
2024-05-27 15:53:01,744 - INFO - Batch num: 80, Task 0 acc: 96.7953, Task avg acc:96.7953
2024-05-27 15:53:04,128 - INFO - Batch num: 90, Task 0 acc: 96.0300, Task avg acc:96.0300
2024-05-27 15:53:04,318 - INFO - ##########Task 1##########
2024-05-27 15:53:04,318 - INFO - Epoch 0
2024-05-27 15:53:08,528 - INFO - Batch num: 0, Task 0 acc: 96.2293, Batch num: 0, Task 1 acc: 0.6483, Task avg acc:48.4388
2024-05-27 15:53:12,943 - INFO - Batch num: 10, Task 0 acc: 95.5357, Batch num: 10, Task 1 acc: 2.0695, Task avg acc:48.8026
2024-05-27 15:53:17,351 - INFO - Batch num: 20, Task 0 acc: 96.1256, Batch num: 20, Task 1 acc: 4.2221, Task avg acc:50.1739
2024-05-27 15:53:21,763 - INFO - Batch num: 30, Task 0 acc: 95.7111, Batch num: 30, Task 1 acc: 8.5356, Task avg acc:52.1233
2024-05-27 15:53:26,193 - INFO - Batch num: 40, Task 0 acc: 93.9971, Batch num: 40, Task 1 acc: 11.8684, Task avg acc:52.9327
2024-05-27 15:53:30,606 - INFO - Batch num: 50, Task 0 acc: 91.6693, Batch num: 50, Task 1 acc: 13.5389, Task avg acc:52.6041
2024-05-27 15:53:35,018 - INFO - Batch num: 60, Task 0 acc: 90.4496, Batch num: 60, Task 1 acc: 13.3228, Task avg acc:51.8862
2024-05-27 15:53:39,447 - INFO - Batch num: 70, Task 0 acc: 90.8562, Batch num: 70, Task 1 acc: 11.5775, Task avg acc:51.2168
2024-05-27 15:53:43,891 - INFO - Batch num: 80, Task 0 acc: 90.3540, Batch num: 80, Task 1 acc: 13.0818, Task avg acc:51.7179
2024-05-27 15:53:48,347 - INFO - Batch num: 90, Task 0 acc: 90.6569, Batch num: 90, Task 1 acc: 20.0216, Task avg acc:55.3392
2024-05-27 15:53:48,426 - INFO - Epoch 1
2024-05-27 15:53:52,625 - INFO - Batch num: 0, Task 0 acc: 90.3699, Batch num: 0, Task 1 acc: 21.5176, Task avg acc:55.9438
2024-05-27 15:53:57,038 - INFO - Batch num: 10, Task 0 acc: 89.7003, Batch num: 10, Task 1 acc: 22.4069, Task avg acc:56.0536
2024-05-27 15:54:01,472 - INFO - Batch num: 20, Task 0 acc: 87.8747, Batch num: 20, Task 1 acc: 25.9890, Task avg acc:56.9319
2024-05-27 15:54:05,896 - INFO - Batch num: 30, Task 0 acc: 86.0571, Batch num: 30, Task 1 acc: 31.5160, Task avg acc:58.7865
2024-05-27 15:54:10,311 - INFO - Batch num: 40, Task 0 acc: 80.7717, Batch num: 40, Task 1 acc: 34.6493, Task avg acc:57.7105
2024-05-27 15:54:14,761 - INFO - Batch num: 50, Task 0 acc: 76.6741, Batch num: 50, Task 1 acc: 41.4062, Task avg acc:59.0402
2024-05-27 15:54:19,186 - INFO - Batch num: 60, Task 0 acc: 78.1728, Batch num: 60, Task 1 acc: 41.2400, Task avg acc:59.7064
2024-05-27 15:54:23,598 - INFO - Batch num: 70, Task 0 acc: 83.8010, Batch num: 70, Task 1 acc: 32.5881, Task avg acc:58.1946
2024-05-27 15:54:28,024 - INFO - Batch num: 80, Task 0 acc: 88.7596, Batch num: 80, Task 1 acc: 32.8541, Task avg acc:60.8068
2024-05-27 15:54:32,466 - INFO - Batch num: 90, Task 0 acc: 92.1158, Batch num: 90, Task 1 acc: 30.5352, Task avg acc:61.3255
2024-05-27 15:54:32,544 - INFO - Epoch 2
2024-05-27 15:54:36,723 - INFO - Batch num: 0, Task 0 acc: 91.4541, Batch num: 0, Task 1 acc: 29.1805, Task avg acc:60.3173
2024-05-27 15:54:41,143 - INFO - Batch num: 10, Task 0 acc: 88.0022, Batch num: 10, Task 1 acc: 28.9644, Task avg acc:58.4833
2024-05-27 15:54:45,615 - INFO - Batch num: 20, Task 0 acc: 79.0099, Batch num: 20, Task 1 acc: 36.7354, Task avg acc:57.8726
2024-05-27 15:54:50,050 - INFO - Batch num: 30, Task 0 acc: 69.0689, Batch num: 30, Task 1 acc: 45.4205, Task avg acc:57.2447
2024-05-27 15:54:54,462 - INFO - Batch num: 40, Task 0 acc: 61.8941, Batch num: 40, Task 1 acc: 46.3265, Task avg acc:54.1103
2024-05-27 15:54:58,871 - INFO - Batch num: 50, Task 0 acc: 65.7685, Batch num: 50, Task 1 acc: 48.0469, Task avg acc:56.9077
2024-05-27 15:55:03,289 - INFO - Batch num: 60, Task 0 acc: 70.3444, Batch num: 60, Task 1 acc: 47.0662, Task avg acc:58.7053
2024-05-27 15:55:07,696 - INFO - Batch num: 70, Task 0 acc: 72.0584, Batch num: 70, Task 1 acc: 42.9272, Task avg acc:57.4928
2024-05-27 15:55:12,121 - INFO - Batch num: 80, Task 0 acc: 70.7430, Batch num: 80, Task 1 acc: 37.2922, Task avg acc:54.0176
2024-05-27 15:55:16,607 - INFO - Batch num: 90, Task 0 acc: 49.2347, Batch num: 90, Task 1 acc: 33.8514, Task avg acc:41.5430
2024-05-27 15:55:16,685 - INFO - Epoch 3
2024-05-27 15:55:20,909 - INFO - Batch num: 0, Task 0 acc: 39.3734, Batch num: 0, Task 1 acc: 31.5409, Task avg acc:35.4571
2024-05-27 15:55:25,375 - INFO - Batch num: 10, Task 0 acc: 40.8881, Batch num: 10, Task 1 acc: 38.1400, Task avg acc:39.5140
2024-05-27 15:55:29,795 - INFO - Batch num: 20, Task 0 acc: 52.6945, Batch num: 20, Task 1 acc: 46.5342, Task avg acc:49.6144
2024-05-27 15:55:34,201 - INFO - Batch num: 30, Task 0 acc: 59.5185, Batch num: 30, Task 1 acc: 45.0798, Task avg acc:52.2991
2024-05-27 15:55:38,615 - INFO - Batch num: 40, Task 0 acc: 66.5497, Batch num: 40, Task 1 acc: 49.8338, Task avg acc:58.1918
2024-05-27 15:55:43,024 - INFO - Batch num: 50, Task 0 acc: 69.6110, Batch num: 50, Task 1 acc: 50.3491, Task avg acc:59.9800
2024-05-27 15:55:47,493 - INFO - Batch num: 60, Task 0 acc: 69.4834, Batch num: 60, Task 1 acc: 48.5954, Task avg acc:59.0394
2024-05-27 15:55:51,914 - INFO - Batch num: 70, Task 0 acc: 65.8402, Batch num: 70, Task 1 acc: 47.9471, Task avg acc:56.8937
2024-05-27 15:55:56,327 - INFO - Batch num: 80, Task 0 acc: 60.6505, Batch num: 80, Task 1 acc: 56.8152, Task avg acc:58.7328
2024-05-27 15:56:00,731 - INFO - Batch num: 90, Task 0 acc: 29.5599, Batch num: 90, Task 1 acc: 55.5685, Task avg acc:42.5642
2024-05-27 15:56:00,820 - INFO - ##########Task 2##########
2024-05-27 15:56:00,821 - INFO - Epoch 0
2024-05-27 15:56:06,895 - INFO - Batch num: 0, Task 0 acc: 20.9503, Batch num: 0, Task 1 acc: 56.4744, Batch num: 0, Task 2 acc: 0.0898, Task avg acc:25.8382
2024-05-27 15:56:13,234 - INFO - Batch num: 10, Task 0 acc: 30.8913, Batch num: 10, Task 1 acc: 60.0482, Batch num: 10, Task 2 acc: 1.2392, Task avg acc:30.7262
2024-05-27 15:56:19,543 - INFO - Batch num: 20, Task 0 acc: 29.9187, Batch num: 20, Task 1 acc: 54.7041, Batch num: 20, Task 2 acc: 4.0589, Task avg acc:29.5606
2024-05-27 15:56:25,835 - INFO - Batch num: 30, Task 0 acc: 23.1186, Batch num: 30, Task 1 acc: 45.7114, Batch num: 30, Task 2 acc: 4.8581, Task avg acc:24.5627
2024-05-27 15:56:32,154 - INFO - Batch num: 40, Task 0 acc: 32.3501, Batch num: 40, Task 1 acc: 41.3647, Batch num: 40, Task 2 acc: 5.5406, Task avg acc:26.4185
2024-05-27 15:56:38,465 - INFO - Batch num: 50, Task 0 acc: 28.5475, Batch num: 50, Task 1 acc: 41.9963, Batch num: 50, Task 2 acc: 5.4867, Task avg acc:25.3435
2024-05-27 15:56:44,776 - INFO - Batch num: 60, Task 0 acc: 21.1735, Batch num: 60, Task 1 acc: 45.7114, Batch num: 60, Task 2 acc: 4.6965, Task avg acc:23.8605
2024-05-27 15:56:51,133 - INFO - Batch num: 70, Task 0 acc: 20.7749, Batch num: 70, Task 1 acc: 51.2301, Batch num: 70, Task 2 acc: 5.8190, Task avg acc:25.9413
2024-05-27 15:56:57,421 - INFO - Batch num: 80, Task 0 acc: 14.6684, Batch num: 80, Task 1 acc: 51.2217, Batch num: 80, Task 2 acc: 8.8721, Task avg acc:24.9207
2024-05-27 15:56:57,577 - INFO - Epoch 1
2024-05-27 15:57:03,644 - INFO - Batch num: 0, Task 0 acc: 13.9349, Batch num: 0, Task 1 acc: 48.8281, Batch num: 0, Task 2 acc: 11.1440, Task avg acc:24.6357
2024-05-27 15:57:09,923 - INFO - Batch num: 10, Task 0 acc: 11.2564, Batch num: 10, Task 1 acc: 53.1666, Batch num: 10, Task 2 acc: 15.0233, Task avg acc:26.4821
2024-05-27 15:57:16,214 - INFO - Batch num: 20, Task 0 acc: 16.5577, Batch num: 20, Task 1 acc: 50.4072, Batch num: 20, Task 2 acc: 23.0334, Task avg acc:29.9995
2024-05-27 15:57:22,558 - INFO - Batch num: 30, Task 0 acc: 32.4936, Batch num: 30, Task 1 acc: 56.0755, Batch num: 30, Task 2 acc: 22.0187, Task avg acc:36.8626
2024-05-27 15:57:28,856 - INFO - Batch num: 40, Task 0 acc: 43.4311, Batch num: 40, Task 1 acc: 46.3930, Batch num: 40, Task 2 acc: 25.6735, Task avg acc:38.4992
2024-05-27 15:57:35,161 - INFO - Batch num: 50, Task 0 acc: 45.1610, Batch num: 50, Task 1 acc: 42.4036, Batch num: 50, Task 2 acc: 36.3506, Task avg acc:41.3051
2024-05-27 15:57:41,451 - INFO - Batch num: 60, Task 0 acc: 41.8925, Batch num: 60, Task 1 acc: 32.6297, Batch num: 60, Task 2 acc: 48.1681, Task avg acc:40.8968
2024-05-27 15:57:47,760 - INFO - Batch num: 70, Task 0 acc: 39.0306, Batch num: 70, Task 1 acc: 25.6649, Batch num: 70, Task 2 acc: 55.0108, Task avg acc:39.9021
2024-05-27 15:57:54,065 - INFO - Batch num: 80, Task 0 acc: 43.3833, Batch num: 80, Task 1 acc: 20.1297, Batch num: 80, Task 2 acc: 51.1045, Task avg acc:38.2058
2024-05-27 15:57:54,221 - INFO - Epoch 2
2024-05-27 15:58:00,272 - INFO - Batch num: 0, Task 0 acc: 36.9978, Batch num: 0, Task 1 acc: 18.7666, Batch num: 0, Task 2 acc: 50.3682, Task avg acc:35.3775
2024-05-27 15:58:06,561 - INFO - Batch num: 10, Task 0 acc: 32.4857, Batch num: 10, Task 1 acc: 14.1955, Batch num: 10, Task 2 acc: 46.3991, Task avg acc:31.0267
2024-05-27 15:58:12,853 - INFO - Batch num: 20, Task 0 acc: 32.9082, Batch num: 20, Task 1 acc: 15.6001, Batch num: 20, Task 2 acc: 53.7087, Task avg acc:34.0723
2024-05-27 15:58:19,160 - INFO - Batch num: 30, Task 0 acc: 27.1524, Batch num: 30, Task 1 acc: 17.7277, Batch num: 30, Task 2 acc: 60.0934, Task avg acc:34.9912
2024-05-27 15:58:25,498 - INFO - Batch num: 40, Task 0 acc: 21.0858, Batch num: 40, Task 1 acc: 19.0991, Batch num: 40, Task 2 acc: 64.9425, Task avg acc:35.0425
2024-05-27 15:58:31,802 - INFO - Batch num: 50, Task 0 acc: 5.5166, Batch num: 50, Task 1 acc: 22.1659, Batch num: 50, Task 2 acc: 62.8502, Task avg acc:30.1776
2024-05-27 15:58:38,088 - INFO - Batch num: 60, Task 0 acc: 5.7956, Batch num: 60, Task 1 acc: 18.3344, Batch num: 60, Task 2 acc: 62.8592, Task avg acc:28.9964
2024-05-27 15:58:44,394 - INFO - Batch num: 70, Task 0 acc: 4.5121, Batch num: 70, Task 1 acc: 13.6802, Batch num: 70, Task 2 acc: 57.6868, Task avg acc:25.2930
2024-05-27 15:58:50,723 - INFO - Batch num: 80, Task 0 acc: 6.6566, Batch num: 80, Task 1 acc: 11.6024, Batch num: 80, Task 2 acc: 63.4070, Task avg acc:27.2220
2024-05-27 15:58:50,881 - INFO - Epoch 3
2024-05-27 15:58:56,968 - INFO - Batch num: 0, Task 0 acc: 10.4751, Batch num: 0, Task 1 acc: 9.0509, Batch num: 0, Task 2 acc: 63.3621, Task avg acc:27.6294
2024-05-27 15:59:03,268 - INFO - Batch num: 10, Task 0 acc: 15.6250, Batch num: 10, Task 1 acc: 8.7184, Batch num: 10, Task 2 acc: 62.7694, Task avg acc:29.0376
2024-05-27 15:59:09,565 - INFO - Batch num: 20, Task 0 acc: 9.1279, Batch num: 20, Task 1 acc: 10.3557, Batch num: 20, Task 2 acc: 61.7277, Task avg acc:27.0704
2024-05-27 15:59:15,874 - INFO - Batch num: 30, Task 0 acc: 7.8284, Batch num: 30, Task 1 acc: 11.9016, Batch num: 30, Task 2 acc: 63.1915, Task avg acc:27.6405
2024-05-27 15:59:22,207 - INFO - Batch num: 40, Task 0 acc: 9.2395, Batch num: 40, Task 1 acc: 11.3614, Batch num: 40, Task 2 acc: 64.2241, Task avg acc:28.2750
2024-05-27 15:59:28,559 - INFO - Batch num: 50, Task 0 acc: 16.0475, Batch num: 50, Task 1 acc: 8.7600, Batch num: 50, Task 2 acc: 69.3876, Task avg acc:31.3984
2024-05-27 15:59:34,862 - INFO - Batch num: 60, Task 0 acc: 8.9764, Batch num: 60, Task 1 acc: 6.1503, Batch num: 60, Task 2 acc: 67.7622, Task avg acc:27.6296
2024-05-27 15:59:41,163 - INFO - Batch num: 70, Task 0 acc: 1.6821, Batch num: 70, Task 1 acc: 5.3108, Batch num: 70, Task 2 acc: 68.2381, Task avg acc:25.0770
2024-05-27 15:59:47,491 - INFO - Batch num: 80, Task 0 acc: 1.4987, Batch num: 80, Task 1 acc: 5.4106, Batch num: 80, Task 2 acc: 66.1548, Task avg acc:24.3547
2024-05-27 15:59:47,655 - INFO - ##########Task 3##########
2024-05-27 15:59:47,656 - INFO - Epoch 0
2024-05-27 15:59:55,820 - INFO - Batch num: 0, Task 0 acc: 1.8495, Batch num: 0, Task 1 acc: 5.5602, Batch num: 0, Task 2 acc: 66.7026, Batch num: 0, Task 3 acc: 1.3487, Task avg acc:18.8652
2024-05-27 16:00:04,185 - INFO - Batch num: 10, Task 0 acc: 2.3996, Batch num: 10, Task 1 acc: 8.5106, Batch num: 10, Task 2 acc: 55.8279, Batch num: 10, Task 3 acc: 6.7270, Task avg acc:18.3663
2024-05-27 16:00:12,510 - INFO - Batch num: 20, Task 0 acc: 0.7175, Batch num: 20, Task 1 acc: 8.7267, Batch num: 20, Task 2 acc: 45.8423, Batch num: 20, Task 3 acc: 13.2319, Task avg acc:17.1296
2024-05-27 16:00:20,868 - INFO - Batch num: 30, Task 0 acc: 0.2312, Batch num: 30, Task 1 acc: 13.8713, Batch num: 30, Task 2 acc: 47.7371, Batch num: 30, Task 3 acc: 19.4490, Task avg acc:20.3222
2024-05-27 16:00:29,229 - INFO - Batch num: 40, Task 0 acc: 0.4624, Batch num: 40, Task 1 acc: 19.1489, Batch num: 40, Task 2 acc: 47.5844, Batch num: 40, Task 3 acc: 26.3076, Task avg acc:23.3758
2024-05-27 16:00:37,599 - INFO - Batch num: 50, Task 0 acc: 0.5501, Batch num: 50, Task 1 acc: 22.4402, Batch num: 50, Task 2 acc: 49.1379, Batch num: 50, Task 3 acc: 27.5164, Task avg acc:24.9112
2024-05-27 16:00:45,924 - INFO - Batch num: 60, Task 0 acc: 1.1480, Batch num: 60, Task 1 acc: 17.0047, Batch num: 60, Task 2 acc: 45.2856, Batch num: 60, Task 3 acc: 35.2056, Task avg acc:24.6609
2024-05-27 16:00:54,296 - INFO - Batch num: 70, Task 0 acc: 1.8017, Batch num: 70, Task 1 acc: 11.4860, Batch num: 70, Task 2 acc: 47.5126, Batch num: 70, Task 3 acc: 36.1184, Task avg acc:24.2297
2024-05-27 16:01:02,645 - INFO - Batch num: 80, Task 0 acc: 3.2526, Batch num: 80, Task 1 acc: 5.9591, Batch num: 80, Task 2 acc: 49.0302, Batch num: 80, Task 3 acc: 36.4062, Task avg acc:23.6620
2024-05-27 16:01:11,009 - INFO - Batch num: 90, Task 0 acc: 3.0533, Batch num: 90, Task 1 acc: 3.5655, Batch num: 90, Task 2 acc: 44.9174, Batch num: 90, Task 3 acc: 39.2188, Task avg acc:22.6887
2024-05-27 16:01:11,113 - INFO - Epoch 1
2024-05-27 16:01:19,245 - INFO - Batch num: 0, Task 0 acc: 2.9656, Batch num: 0, Task 1 acc: 3.6237, Batch num: 0, Task 2 acc: 39.0266, Batch num: 0, Task 3 acc: 44.5148, Task avg acc:22.5327
2024-05-27 16:01:27,636 - INFO - Batch num: 10, Task 0 acc: 3.1888, Batch num: 10, Task 1 acc: 4.3966, Batch num: 10, Task 2 acc: 34.8060, Batch num: 10, Task 3 acc: 50.8224, Task avg acc:23.3034
2024-05-27 16:01:36,005 - INFO - Batch num: 20, Task 0 acc: 4.1614, Batch num: 20, Task 1 acc: 7.5299, Batch num: 20, Task 2 acc: 32.6688, Batch num: 20, Task 3 acc: 58.2730, Task avg acc:25.6583
2024-05-27 16:01:44,368 - INFO - Batch num: 30, Task 0 acc: 4.3846, Batch num: 30, Task 1 acc: 10.0399, Batch num: 30, Task 2 acc: 26.5176, Batch num: 30, Task 3 acc: 67.1793, Task avg acc:27.0303
2024-05-27 16:01:52,760 - INFO - Batch num: 40, Task 0 acc: 7.9401, Batch num: 40, Task 1 acc: 7.1725, Batch num: 40, Task 2 acc: 28.2866, Batch num: 40, Task 3 acc: 68.1661, Task avg acc:27.8913
2024-05-27 16:02:01,132 - INFO - Batch num: 50, Task 0 acc: 9.3670, Batch num: 50, Task 1 acc: 5.8594, Batch num: 50, Task 2 acc: 37.3294, Batch num: 50, Task 3 acc: 69.7697, Task avg acc:30.5814
2024-05-27 16:02:09,477 - INFO - Batch num: 60, Task 0 acc: 5.3253, Batch num: 60, Task 1 acc: 7.5216, Batch num: 60, Task 2 acc: 45.8333, Batch num: 60, Task 3 acc: 71.1513, Task avg acc:32.4579
2024-05-27 16:02:17,839 - INFO - Batch num: 70, Task 0 acc: 3.7628, Batch num: 70, Task 1 acc: 10.2061, Batch num: 70, Task 2 acc: 56.2949, Batch num: 70, Task 3 acc: 76.7928, Task avg acc:36.7641
2024-05-27 16:02:26,210 - INFO - Batch num: 80, Task 0 acc: 1.9531, Batch num: 80, Task 1 acc: 10.4056, Batch num: 80, Task 2 acc: 55.2712, Batch num: 80, Task 3 acc: 78.4786, Task avg acc:36.5271
2024-05-27 16:02:34,596 - INFO - Batch num: 90, Task 0 acc: 0.6059, Batch num: 90, Task 1 acc: 5.3939, Batch num: 90, Task 2 acc: 50.2425, Batch num: 90, Task 3 acc: 77.7549, Task avg acc:33.4993
2024-05-27 16:02:34,701 - INFO - Epoch 2
2024-05-27 16:02:42,802 - INFO - Batch num: 0, Task 0 acc: 0.7733, Batch num: 0, Task 1 acc: 4.2969, Batch num: 0, Task 2 acc: 51.6254, Batch num: 0, Task 3 acc: 79.2270, Task avg acc:33.9806
2024-05-27 16:02:51,222 - INFO - Batch num: 10, Task 0 acc: 0.6776, Batch num: 10, Task 1 acc: 3.0419, Batch num: 10, Task 2 acc: 47.3420, Batch num: 10, Task 3 acc: 81.8832, Task avg acc:33.2362
2024-05-27 16:02:59,636 - INFO - Batch num: 20, Task 0 acc: 0.7972, Batch num: 20, Task 1 acc: 2.9754, Batch num: 20, Task 2 acc: 46.7942, Batch num: 20, Task 3 acc: 84.5559, Task avg acc:33.7807
2024-05-27 16:03:08,013 - INFO - Batch num: 30, Task 0 acc: 0.9407, Batch num: 30, Task 1 acc: 2.9671, Batch num: 30, Task 2 acc: 41.6128, Batch num: 30, Task 3 acc: 90.4852, Task avg acc:34.0014
2024-05-27 16:03:16,372 - INFO - Batch num: 40, Task 0 acc: 2.0647, Batch num: 40, Task 1 acc: 5.2111, Batch num: 40, Task 2 acc: 37.3922, Batch num: 40, Task 3 acc: 92.8043, Task avg acc:34.3681
2024-05-27 16:03:24,741 - INFO - Batch num: 50, Task 0 acc: 2.2959, Batch num: 50, Task 1 acc: 8.3610, Batch num: 50, Task 2 acc: 35.0216, Batch num: 50, Task 3 acc: 92.7796, Task avg acc:34.6145
2024-05-27 16:03:33,127 - INFO - Batch num: 60, Task 0 acc: 1.8176, Batch num: 60, Task 1 acc: 6.1918, Batch num: 60, Task 2 acc: 33.6566, Batch num: 60, Task 3 acc: 92.9770, Task avg acc:33.6608
2024-05-27 16:03:41,479 - INFO - Batch num: 70, Task 0 acc: 1.3791, Batch num: 70, Task 1 acc: 3.5322, Batch num: 70, Task 2 acc: 33.6297, Batch num: 70, Task 3 acc: 92.3684, Task avg acc:32.7274
2024-05-27 16:03:49,875 - INFO - Batch num: 80, Task 0 acc: 1.0922, Batch num: 80, Task 1 acc: 1.7703, Batch num: 80, Task 2 acc: 37.3384, Batch num: 80, Task 3 acc: 92.1135, Task avg acc:33.0786
2024-05-27 16:03:58,206 - INFO - Batch num: 90, Task 0 acc: 0.9566, Batch num: 90, Task 1 acc: 1.2051, Batch num: 90, Task 2 acc: 45.4472, Batch num: 90, Task 3 acc: 91.5625, Task avg acc:34.7929
2024-05-27 16:03:58,310 - INFO - Epoch 3
2024-05-27 16:04:06,421 - INFO - Batch num: 0, Task 0 acc: 0.8769, Batch num: 0, Task 1 acc: 1.0971, Batch num: 0, Task 2 acc: 50.1078, Batch num: 0, Task 3 acc: 91.0197, Task avg acc:35.7754
2024-05-27 16:04:14,780 - INFO - Batch num: 10, Task 0 acc: 0.9327, Batch num: 10, Task 1 acc: 0.9392, Batch num: 10, Task 2 acc: 50.3772, Batch num: 10, Task 3 acc: 91.9984, Task avg acc:36.0618
2024-05-27 16:04:23,123 - INFO - Batch num: 20, Task 0 acc: 1.5147, Batch num: 20, Task 1 acc: 1.7453, Batch num: 20, Task 2 acc: 50.5657, Batch num: 20, Task 3 acc: 93.3799, Task avg acc:36.8014
2024-05-27 16:04:31,476 - INFO - Batch num: 30, Task 0 acc: 1.3393, Batch num: 30, Task 1 acc: 3.4658, Batch num: 30, Task 2 acc: 43.1304, Batch num: 30, Task 3 acc: 94.4326, Task avg acc:35.5920
2024-05-27 16:04:39,866 - INFO - Batch num: 40, Task 0 acc: 1.3233, Batch num: 40, Task 1 acc: 3.9312, Batch num: 40, Task 2 acc: 39.7540, Batch num: 40, Task 3 acc: 95.1316, Task avg acc:35.0350
2024-05-27 16:04:48,215 - INFO - Batch num: 50, Task 0 acc: 2.2800, Batch num: 50, Task 1 acc: 3.4990, Batch num: 50, Task 2 acc: 38.7302, Batch num: 50, Task 3 acc: 94.6382, Task avg acc:34.7868
2024-05-27 16:04:56,569 - INFO - Batch num: 60, Task 0 acc: 2.7105, Batch num: 60, Task 1 acc: 3.7151, Batch num: 60, Task 2 acc: 27.0654, Batch num: 60, Task 3 acc: 94.5230, Task avg acc:32.0035
2024-05-27 16:05:04,942 - INFO - Batch num: 70, Task 0 acc: 2.2003, Batch num: 70, Task 1 acc: 2.9172, Batch num: 70, Task 2 acc: 25.0090, Batch num: 70, Task 3 acc: 94.5477, Task avg acc:31.1685
2024-05-27 16:05:13,273 - INFO - Batch num: 80, Task 0 acc: 1.1320, Batch num: 80, Task 1 acc: 2.0030, Batch num: 80, Task 2 acc: 26.0506, Batch num: 80, Task 3 acc: 94.9342, Task avg acc:31.0300
2024-05-27 16:05:21,629 - INFO - Batch num: 90, Task 0 acc: 1.3154, Batch num: 90, Task 1 acc: 1.4212, Batch num: 90, Task 2 acc: 28.1968, Batch num: 90, Task 3 acc: 94.6135, Task avg acc:31.3867
2024-05-27 16:05:21,744 - INFO - ##########Task 4##########
2024-05-27 16:05:21,745 - INFO - Epoch 0
2024-05-27 16:05:31,916 - INFO - Batch num: 0, Task 0 acc: 3.2685, Batch num: 0, Task 1 acc: 1.2799, Batch num: 0, Task 2 acc: 30.1275, Batch num: 0, Task 3 acc: 94.4572, Batch num: 0, Task 4 acc: 15.0560, Task avg acc:28.8378
2024-05-27 16:05:42,310 - INFO - Batch num: 10, Task 0 acc: 4.2172, Batch num: 10, Task 1 acc: 0.5070, Batch num: 10, Task 2 acc: 25.2874, Batch num: 10, Task 3 acc: 93.0757, Batch num: 10, Task 4 acc: 11.0054, Task avg acc:26.8185
2024-05-27 16:05:52,681 - INFO - Batch num: 20, Task 0 acc: 10.4432, Batch num: 20, Task 1 acc: 0.5901, Batch num: 20, Task 2 acc: 24.3804, Batch num: 20, Task 3 acc: 91.0444, Batch num: 20, Task 4 acc: 8.6447, Task avg acc:27.0206
2024-05-27 16:06:03,026 - INFO - Batch num: 30, Task 0 acc: 12.3007, Batch num: 30, Task 1 acc: 0.3241, Batch num: 30, Task 2 acc: 20.8513, Batch num: 30, Task 3 acc: 90.0411, Batch num: 30, Task 4 acc: 8.0757, Task avg acc:26.3186
2024-05-27 16:06:13,406 - INFO - Batch num: 40, Task 0 acc: 13.8791, Batch num: 40, Task 1 acc: 0.3491, Batch num: 40, Task 2 acc: 20.7166, Batch num: 40, Task 3 acc: 88.9556, Batch num: 40, Task 4 acc: 8.9674, Task avg acc:26.5736
2024-05-27 16:06:23,788 - INFO - Batch num: 50, Task 0 acc: 9.8135, Batch num: 50, Task 1 acc: 0.2327, Batch num: 50, Task 2 acc: 20.9501, Batch num: 50, Task 3 acc: 88.2977, Batch num: 50, Task 4 acc: 14.3937, Task avg acc:26.7375
2024-05-27 16:06:34,114 - INFO - Batch num: 60, Task 0 acc: 8.2669, Batch num: 60, Task 1 acc: 0.1745, Batch num: 60, Task 2 acc: 18.9116, Batch num: 60, Task 3 acc: 87.0066, Batch num: 60, Task 4 acc: 19.3274, Task avg acc:26.7374
2024-05-27 16:06:44,450 - INFO - Batch num: 70, Task 0 acc: 3.0612, Batch num: 70, Task 1 acc: 0.1330, Batch num: 70, Task 2 acc: 15.7328, Batch num: 70, Task 3 acc: 84.4819, Batch num: 70, Task 4 acc: 29.1101, Task avg acc:26.5038
2024-05-27 16:06:54,843 - INFO - Batch num: 80, Task 0 acc: 2.4474, Batch num: 80, Task 1 acc: 0.1662, Batch num: 80, Task 2 acc: 13.3172, Batch num: 80, Task 3 acc: 81.1184, Batch num: 80, Task 4 acc: 31.2245, Task avg acc:25.6547
2024-05-27 16:07:05,184 - INFO - Batch num: 90, Task 0 acc: 1.3074, Batch num: 90, Task 1 acc: 0.3989, Batch num: 90, Task 2 acc: 14.7629, Batch num: 90, Task 3 acc: 78.5280, Batch num: 90, Task 4 acc: 36.7103, Task avg acc:26.3415
2024-05-27 16:07:05,211 - INFO - Epoch 1
2024-05-27 16:07:15,306 - INFO - Batch num: 0, Task 0 acc: 1.1958, Batch num: 0, Task 1 acc: 0.4322, Batch num: 0, Task 2 acc: 15.5083, Batch num: 0, Task 3 acc: 78.1990, Batch num: 0, Task 4 acc: 36.0139, Task avg acc:26.2698
2024-05-27 16:07:25,633 - INFO - Batch num: 10, Task 0 acc: 1.4110, Batch num: 10, Task 1 acc: 2.3853, Batch num: 10, Task 2 acc: 17.9777, Batch num: 10, Task 3 acc: 83.1990, Batch num: 10, Task 4 acc: 33.7041, Task avg acc:27.7354
2024-05-27 16:07:35,983 - INFO - Batch num: 20, Task 0 acc: 0.8291, Batch num: 20, Task 1 acc: 1.4129, Batch num: 20, Task 2 acc: 18.1124, Batch num: 20, Task 3 acc: 82.7056, Batch num: 20, Task 4 acc: 42.2809, Task avg acc:29.0682
2024-05-27 16:07:46,370 - INFO - Batch num: 30, Task 0 acc: 0.2710, Batch num: 30, Task 1 acc: 0.3075, Batch num: 30, Task 2 acc: 15.3915, Batch num: 30, Task 3 acc: 75.6743, Batch num: 30, Task 4 acc: 56.6151, Task avg acc:29.6519
2024-05-27 16:07:56,827 - INFO - Batch num: 40, Task 0 acc: 0.9088, Batch num: 40, Task 1 acc: 0.5984, Batch num: 40, Task 2 acc: 12.8143, Batch num: 40, Task 3 acc: 81.2829, Batch num: 40, Task 4 acc: 48.6923, Task avg acc:28.8593
2024-05-27 16:08:07,273 - INFO - Batch num: 50, Task 0 acc: 1.2596, Batch num: 50, Task 1 acc: 3.0585, Batch num: 50, Task 2 acc: 13.3172, Batch num: 50, Task 3 acc: 84.7944, Batch num: 50, Task 4 acc: 42.2724, Task avg acc:28.9404
2024-05-27 16:08:17,612 - INFO - Batch num: 60, Task 0 acc: 1.7140, Batch num: 60, Task 1 acc: 5.0615, Batch num: 60, Task 2 acc: 12.4910, Batch num: 60, Task 3 acc: 81.4062, Batch num: 60, Task 4 acc: 43.6736, Task avg acc:28.8693
2024-05-27 16:08:27,972 - INFO - Batch num: 70, Task 0 acc: 1.2277, Batch num: 70, Task 1 acc: 4.4548, Batch num: 70, Task 2 acc: 12.5269, Batch num: 70, Task 3 acc: 75.8964, Batch num: 70, Task 4 acc: 49.9151, Task avg acc:28.8042
2024-05-27 16:08:38,327 - INFO - Batch num: 80, Task 0 acc: 1.3154, Batch num: 80, Task 1 acc: 1.8700, Batch num: 80, Task 2 acc: 9.9138, Batch num: 80, Task 3 acc: 71.2007, Batch num: 80, Task 4 acc: 57.7785, Task avg acc:28.4157
2024-05-27 16:08:48,703 - INFO - Batch num: 90, Task 0 acc: 0.6776, Batch num: 90, Task 1 acc: 0.5735, Batch num: 90, Task 2 acc: 9.5636, Batch num: 90, Task 3 acc: 69.6217, Batch num: 90, Task 4 acc: 60.9885, Task avg acc:28.2850
2024-05-27 16:08:48,731 - INFO - Epoch 2
2024-05-27 16:08:58,893 - INFO - Batch num: 0, Task 0 acc: 0.6696, Batch num: 0, Task 1 acc: 0.4737, Batch num: 0, Task 2 acc: 8.4950, Batch num: 0, Task 3 acc: 69.1776, Batch num: 0, Task 4 acc: 61.1753, Task avg acc:27.9983
2024-05-27 16:09:09,233 - INFO - Batch num: 10, Task 0 acc: 0.7414, Batch num: 10, Task 1 acc: 0.2244, Batch num: 10, Task 2 acc: 4.9569, Batch num: 10, Task 3 acc: 70.7812, Batch num: 10, Task 4 acc: 59.5448, Task avg acc:27.2498
2024-05-27 16:09:19,609 - INFO - Batch num: 20, Task 0 acc: 0.7812, Batch num: 20, Task 1 acc: 0.2826, Batch num: 20, Task 2 acc: 3.6458, Batch num: 20, Task 3 acc: 74.7615, Batch num: 20, Task 4 acc: 58.3305, Task avg acc:27.5603
2024-05-27 16:09:29,961 - INFO - Batch num: 30, Task 0 acc: 0.5102, Batch num: 30, Task 1 acc: 0.4156, Batch num: 30, Task 2 acc: 5.8549, Batch num: 30, Task 3 acc: 75.1562, Batch num: 30, Task 4 acc: 60.3685, Task avg acc:28.4611
2024-05-27 16:09:40,312 - INFO - Batch num: 40, Task 0 acc: 0.3189, Batch num: 40, Task 1 acc: 0.4904, Batch num: 40, Task 2 acc: 3.9152, Batch num: 40, Task 3 acc: 74.9424, Batch num: 40, Task 4 acc: 62.2622, Task avg acc:28.3858
2024-05-27 16:09:50,711 - INFO - Batch num: 50, Task 0 acc: 0.3508, Batch num: 50, Task 1 acc: 0.1745, Batch num: 50, Task 2 acc: 3.4303, Batch num: 50, Task 3 acc: 72.0066, Batch num: 50, Task 4 acc: 64.8098, Task avg acc:28.1544
2024-05-27 16:10:01,058 - INFO - Batch num: 60, Task 0 acc: 0.1834, Batch num: 60, Task 1 acc: 0.2992, Batch num: 60, Task 2 acc: 6.3757, Batch num: 60, Task 3 acc: 66.4556, Batch num: 60, Task 4 acc: 74.6688, Task avg acc:29.5965
2024-05-27 16:10:11,373 - INFO - Batch num: 70, Task 0 acc: 0.1515, Batch num: 70, Task 1 acc: 0.0665, Batch num: 70, Task 2 acc: 6.3578, Batch num: 70, Task 3 acc: 58.4539, Batch num: 70, Task 4 acc: 72.0024, Task avg acc:27.4064
2024-05-27 16:10:21,774 - INFO - Batch num: 80, Task 0 acc: 0.4624, Batch num: 80, Task 1 acc: 0.1247, Batch num: 80, Task 2 acc: 7.6060, Batch num: 80, Task 3 acc: 56.1924, Batch num: 80, Task 4 acc: 68.3424, Task avg acc:26.5456
2024-05-27 16:10:32,128 - INFO - Batch num: 90, Task 0 acc: 0.7972, Batch num: 90, Task 1 acc: 0.3075, Batch num: 90, Task 2 acc: 7.5251, Batch num: 90, Task 3 acc: 55.3783, Batch num: 90, Task 4 acc: 70.7626, Task avg acc:26.9541
2024-05-27 16:10:32,156 - INFO - Epoch 3
2024-05-27 16:10:42,274 - INFO - Batch num: 0, Task 0 acc: 0.7653, Batch num: 0, Task 1 acc: 0.2992, Batch num: 0, Task 2 acc: 7.1480, Batch num: 0, Task 3 acc: 54.9671, Batch num: 0, Task 4 acc: 69.8794, Task avg acc:26.6118
2024-05-27 16:10:52,648 - INFO - Batch num: 10, Task 0 acc: 0.6218, Batch num: 10, Task 1 acc: 0.1912, Batch num: 10, Task 2 acc: 2.9005, Batch num: 10, Task 3 acc: 53.5773, Batch num: 10, Task 4 acc: 72.2401, Task avg acc:25.9062
2024-05-27 16:11:03,029 - INFO - Batch num: 20, Task 0 acc: 0.6936, Batch num: 20, Task 1 acc: 0.4405, Batch num: 20, Task 2 acc: 1.9217, Batch num: 20, Task 3 acc: 50.3865, Batch num: 20, Task 4 acc: 77.1145, Task avg acc:26.1113
2024-05-27 16:11:13,398 - INFO - Batch num: 30, Task 0 acc: 0.6617, Batch num: 30, Task 1 acc: 0.5070, Batch num: 30, Task 2 acc: 2.4156, Batch num: 30, Task 3 acc: 43.9391, Batch num: 30, Task 4 acc: 82.9059, Task avg acc:26.0859
2024-05-27 16:11:23,755 - INFO - Batch num: 40, Task 0 acc: 0.5820, Batch num: 40, Task 1 acc: 0.3989, Batch num: 40, Task 2 acc: 2.4605, Batch num: 40, Task 3 acc: 38.8076, Batch num: 40, Task 4 acc: 84.6382, Task avg acc:25.3774
2024-05-27 16:11:34,141 - INFO - Batch num: 50, Task 0 acc: 0.2073, Batch num: 50, Task 1 acc: 1.2467, Batch num: 50, Task 2 acc: 3.4124, Batch num: 50, Task 3 acc: 37.7632, Batch num: 50, Task 4 acc: 84.8760, Task avg acc:25.5011
2024-05-27 16:11:44,465 - INFO - Batch num: 60, Task 0 acc: 0.2870, Batch num: 60, Task 1 acc: 0.9059, Batch num: 60, Task 2 acc: 5.6214, Batch num: 60, Task 3 acc: 33.5033, Batch num: 60, Task 4 acc: 86.2432, Task avg acc:25.3122
2024-05-27 16:11:54,848 - INFO - Batch num: 70, Task 0 acc: 0.2870, Batch num: 70, Task 1 acc: 1.6041, Batch num: 70, Task 2 acc: 7.0941, Batch num: 70, Task 3 acc: 37.0395, Batch num: 70, Task 4 acc: 85.4704, Task avg acc:26.2990
2024-05-27 16:12:05,203 - INFO - Batch num: 80, Task 0 acc: 0.0957, Batch num: 80, Task 1 acc: 1.8700, Batch num: 80, Task 2 acc: 7.1839, Batch num: 80, Task 3 acc: 35.4770, Batch num: 80, Task 4 acc: 85.8101, Task avg acc:26.0873
2024-05-27 16:12:15,547 - INFO - Batch num: 90, Task 0 acc: 0.0399, Batch num: 90, Task 1 acc: 1.9614, Batch num: 90, Task 2 acc: 7.9562, Batch num: 90, Task 3 acc: 29.7368, Batch num: 90, Task 4 acc: 87.4066, Task avg acc:25.4202
