2024-05-27 06:30:22,742 - INFO - ##########Task 0##########
2024-05-27 06:30:22,743 - INFO - Epoch 0
2024-05-27 06:30:25,399 - INFO - Batch num: 0, Task 0 acc: 48.6607, Task avg acc:48.6607
2024-05-27 06:30:27,782 - INFO - Batch num: 10, Task 0 acc: 99.1231, Task avg acc:99.1231
2024-05-27 06:30:30,170 - INFO - Batch num: 20, Task 0 acc: 99.6891, Task avg acc:99.6891
2024-05-27 06:30:32,615 - INFO - Batch num: 30, Task 0 acc: 99.8007, Task avg acc:99.8007
2024-05-27 06:30:35,105 - INFO - Batch num: 40, Task 0 acc: 99.8406, Task avg acc:99.8406
2024-05-27 06:30:37,608 - INFO - Batch num: 50, Task 0 acc: 99.8884, Task avg acc:99.8884
2024-05-27 06:30:40,092 - INFO - Batch num: 60, Task 0 acc: 99.9043, Task avg acc:99.9043
2024-05-27 06:30:42,596 - INFO - Batch num: 70, Task 0 acc: 99.9123, Task avg acc:99.9123
2024-05-27 06:30:45,085 - INFO - Batch num: 80, Task 0 acc: 99.9203, Task avg acc:99.9203
2024-05-27 06:30:47,561 - INFO - Batch num: 90, Task 0 acc: 99.9362, Task avg acc:99.9362
2024-05-27 06:30:47,741 - INFO - Epoch 1
2024-05-27 06:30:50,017 - INFO - Batch num: 0, Task 0 acc: 99.9283, Task avg acc:99.9283
2024-05-27 06:30:52,520 - INFO - Batch num: 10, Task 0 acc: 99.9522, Task avg acc:99.9522
2024-05-27 06:30:55,021 - INFO - Batch num: 20, Task 0 acc: 99.9442, Task avg acc:99.9442
2024-05-27 06:30:57,508 - INFO - Batch num: 30, Task 0 acc: 99.9442, Task avg acc:99.9442
2024-05-27 06:30:59,984 - INFO - Batch num: 40, Task 0 acc: 99.9522, Task avg acc:99.9522
2024-05-27 06:31:02,473 - INFO - Batch num: 50, Task 0 acc: 99.9442, Task avg acc:99.9442
2024-05-27 06:31:04,958 - INFO - Batch num: 60, Task 0 acc: 99.9522, Task avg acc:99.9522
2024-05-27 06:31:07,440 - INFO - Batch num: 70, Task 0 acc: 99.9601, Task avg acc:99.9601
2024-05-27 06:31:09,929 - INFO - Batch num: 80, Task 0 acc: 99.9601, Task avg acc:99.9601
2024-05-27 06:31:12,420 - INFO - Batch num: 90, Task 0 acc: 99.9601, Task avg acc:99.9601
2024-05-27 06:31:12,601 - INFO - Epoch 2
2024-05-27 06:31:14,873 - INFO - Batch num: 0, Task 0 acc: 99.9522, Task avg acc:99.9522
2024-05-27 06:31:17,352 - INFO - Batch num: 10, Task 0 acc: 99.9442, Task avg acc:99.9442
2024-05-27 06:31:19,843 - INFO - Batch num: 20, Task 0 acc: 99.9442, Task avg acc:99.9442
2024-05-27 06:31:22,352 - INFO - Batch num: 30, Task 0 acc: 99.9442, Task avg acc:99.9442
2024-05-27 06:31:25,393 - INFO - Batch num: 40, Task 0 acc: 99.9522, Task avg acc:99.9522
2024-05-27 06:31:28,166 - INFO - Batch num: 50, Task 0 acc: 99.9522, Task avg acc:99.9522
2024-05-27 06:31:30,940 - INFO - Batch num: 60, Task 0 acc: 99.9601, Task avg acc:99.9601
2024-05-27 06:31:33,539 - INFO - Batch num: 70, Task 0 acc: 99.9522, Task avg acc:99.9522
2024-05-27 06:31:36,031 - INFO - Batch num: 80, Task 0 acc: 99.9522, Task avg acc:99.9522
2024-05-27 06:31:38,758 - INFO - Batch num: 90, Task 0 acc: 99.9601, Task avg acc:99.9601
2024-05-27 06:31:38,935 - INFO - Epoch 3
2024-05-27 06:31:41,220 - INFO - Batch num: 0, Task 0 acc: 99.9681, Task avg acc:99.9681
2024-05-27 06:31:43,718 - INFO - Batch num: 10, Task 0 acc: 99.9761, Task avg acc:99.9761
2024-05-27 06:31:46,213 - INFO - Batch num: 20, Task 0 acc: 99.9601, Task avg acc:99.9601
2024-05-27 06:31:48,700 - INFO - Batch num: 30, Task 0 acc: 99.9601, Task avg acc:99.9601
2024-05-27 06:31:51,187 - INFO - Batch num: 40, Task 0 acc: 99.9522, Task avg acc:99.9522
2024-05-27 06:31:53,669 - INFO - Batch num: 50, Task 0 acc: 99.9681, Task avg acc:99.9681
2024-05-27 06:31:56,166 - INFO - Batch num: 60, Task 0 acc: 99.9681, Task avg acc:99.9681
2024-05-27 06:31:58,652 - INFO - Batch num: 70, Task 0 acc: 99.9841, Task avg acc:99.9841
2024-05-27 06:32:01,142 - INFO - Batch num: 80, Task 0 acc: 99.9841, Task avg acc:99.9841
2024-05-27 06:32:03,637 - INFO - Batch num: 90, Task 0 acc: 99.9841, Task avg acc:99.9841
2024-05-27 06:32:03,825 - INFO - ##########Task 1##########
2024-05-27 06:32:03,826 - INFO - Epoch 0
2024-05-27 06:32:08,238 - INFO - Batch num: 0, Task 0 acc: 99.9761, Batch num: 0, Task 1 acc: 0.0000, Task avg acc:49.9880
2024-05-27 06:32:12,861 - INFO - Batch num: 10, Task 0 acc: 99.9681, Batch num: 10, Task 1 acc: 23.2962, Task avg acc:61.6322
2024-05-27 06:32:17,499 - INFO - Batch num: 20, Task 0 acc: 95.0335, Batch num: 20, Task 1 acc: 67.1210, Task avg acc:81.0772
2024-05-27 06:32:22,127 - INFO - Batch num: 30, Task 0 acc: 56.2261, Batch num: 30, Task 1 acc: 90.4920, Task avg acc:73.3591
2024-05-27 06:32:26,783 - INFO - Batch num: 40, Task 0 acc: 6.2261, Batch num: 40, Task 1 acc: 96.0938, Task avg acc:51.1599
2024-05-27 06:32:31,413 - INFO - Batch num: 50, Task 0 acc: 0.4863, Batch num: 50, Task 1 acc: 96.9166, Task avg acc:48.7014
2024-05-27 06:32:36,046 - INFO - Batch num: 60, Task 0 acc: 0.0239, Batch num: 60, Task 1 acc: 97.3321, Task avg acc:48.6780
2024-05-27 06:32:40,668 - INFO - Batch num: 70, Task 0 acc: 0.0000, Batch num: 70, Task 1 acc: 97.6147, Task avg acc:48.8073
2024-05-27 06:32:45,337 - INFO - Batch num: 80, Task 0 acc: 0.0000, Batch num: 80, Task 1 acc: 97.8807, Task avg acc:48.9403
2024-05-27 06:32:50,002 - INFO - Batch num: 90, Task 0 acc: 0.0000, Batch num: 90, Task 1 acc: 98.0967, Task avg acc:49.0484
2024-05-27 06:32:50,090 - INFO - Epoch 1
2024-05-27 06:32:54,495 - INFO - Batch num: 0, Task 0 acc: 0.0000, Batch num: 0, Task 1 acc: 98.1715, Task avg acc:49.0858
2024-05-27 06:32:59,135 - INFO - Batch num: 10, Task 0 acc: 0.0000, Batch num: 10, Task 1 acc: 98.2630, Task avg acc:49.1315
2024-05-27 06:33:03,758 - INFO - Batch num: 20, Task 0 acc: 0.0000, Batch num: 20, Task 1 acc: 98.3128, Task avg acc:49.1564
2024-05-27 06:33:08,363 - INFO - Batch num: 30, Task 0 acc: 0.0000, Batch num: 30, Task 1 acc: 98.4126, Task avg acc:49.2063
2024-05-27 06:33:13,022 - INFO - Batch num: 40, Task 0 acc: 0.0000, Batch num: 40, Task 1 acc: 98.4624, Task avg acc:49.2312
2024-05-27 06:33:17,635 - INFO - Batch num: 50, Task 0 acc: 0.0000, Batch num: 50, Task 1 acc: 98.5788, Task avg acc:49.2894
2024-05-27 06:33:22,258 - INFO - Batch num: 60, Task 0 acc: 0.0000, Batch num: 60, Task 1 acc: 98.6203, Task avg acc:49.3102
2024-05-27 06:33:26,885 - INFO - Batch num: 70, Task 0 acc: 0.0000, Batch num: 70, Task 1 acc: 98.6951, Task avg acc:49.3476
2024-05-27 06:33:31,558 - INFO - Batch num: 80, Task 0 acc: 0.0000, Batch num: 80, Task 1 acc: 98.6536, Task avg acc:49.3268
2024-05-27 06:33:36,170 - INFO - Batch num: 90, Task 0 acc: 0.0000, Batch num: 90, Task 1 acc: 98.7284, Task avg acc:49.3642
2024-05-27 06:33:36,249 - INFO - Epoch 2
2024-05-27 06:33:40,640 - INFO - Batch num: 0, Task 0 acc: 0.0000, Batch num: 0, Task 1 acc: 98.7284, Task avg acc:49.3642
2024-05-27 06:33:45,261 - INFO - Batch num: 10, Task 0 acc: 0.0000, Batch num: 10, Task 1 acc: 98.8115, Task avg acc:49.4058
2024-05-27 06:33:49,871 - INFO - Batch num: 20, Task 0 acc: 0.0000, Batch num: 20, Task 1 acc: 98.8447, Task avg acc:49.4224
2024-05-27 06:33:54,550 - INFO - Batch num: 30, Task 0 acc: 0.0000, Batch num: 30, Task 1 acc: 98.8364, Task avg acc:49.4182
2024-05-27 06:33:59,173 - INFO - Batch num: 40, Task 0 acc: 0.0000, Batch num: 40, Task 1 acc: 98.9112, Task avg acc:49.4556
2024-05-27 06:34:03,793 - INFO - Batch num: 50, Task 0 acc: 0.0000, Batch num: 50, Task 1 acc: 98.9943, Task avg acc:49.4972
2024-05-27 06:34:08,388 - INFO - Batch num: 60, Task 0 acc: 0.0000, Batch num: 60, Task 1 acc: 98.9777, Task avg acc:49.4889
2024-05-27 06:34:12,985 - INFO - Batch num: 70, Task 0 acc: 0.0000, Batch num: 70, Task 1 acc: 98.9860, Task avg acc:49.4930
2024-05-27 06:34:17,596 - INFO - Batch num: 80, Task 0 acc: 0.0000, Batch num: 80, Task 1 acc: 99.1606, Task avg acc:49.5803
2024-05-27 06:34:22,196 - INFO - Batch num: 90, Task 0 acc: 0.0000, Batch num: 90, Task 1 acc: 99.1190, Task avg acc:49.5595
2024-05-27 06:34:22,275 - INFO - Epoch 3
2024-05-27 06:34:26,678 - INFO - Batch num: 0, Task 0 acc: 0.0000, Batch num: 0, Task 1 acc: 99.1107, Task avg acc:49.5554
2024-05-27 06:34:31,308 - INFO - Batch num: 10, Task 0 acc: 0.0000, Batch num: 10, Task 1 acc: 99.0110, Task avg acc:49.5055
2024-05-27 06:34:35,910 - INFO - Batch num: 20, Task 0 acc: 0.0000, Batch num: 20, Task 1 acc: 99.1024, Task avg acc:49.5512
2024-05-27 06:34:40,512 - INFO - Batch num: 30, Task 0 acc: 0.0000, Batch num: 30, Task 1 acc: 99.1190, Task avg acc:49.5595
2024-05-27 06:34:45,142 - INFO - Batch num: 40, Task 0 acc: 0.0000, Batch num: 40, Task 1 acc: 99.1855, Task avg acc:49.5928
2024-05-27 06:34:49,754 - INFO - Batch num: 50, Task 0 acc: 0.0000, Batch num: 50, Task 1 acc: 99.2852, Task avg acc:49.6426
2024-05-27 06:34:54,462 - INFO - Batch num: 60, Task 0 acc: 0.0000, Batch num: 60, Task 1 acc: 99.2437, Task avg acc:49.6218
2024-05-27 06:34:59,075 - INFO - Batch num: 70, Task 0 acc: 0.0000, Batch num: 70, Task 1 acc: 99.2769, Task avg acc:49.6385
2024-05-27 06:35:03,907 - INFO - Batch num: 80, Task 0 acc: 0.0000, Batch num: 80, Task 1 acc: 99.2852, Task avg acc:49.6426
2024-05-27 06:35:08,514 - INFO - Batch num: 90, Task 0 acc: 0.0000, Batch num: 90, Task 1 acc: 99.2852, Task avg acc:49.6426
2024-05-27 06:35:08,601 - INFO - ##########Task 2##########
2024-05-27 06:35:08,602 - INFO - Epoch 0
2024-05-27 06:35:14,973 - INFO - Batch num: 0, Task 0 acc: 0.0000, Batch num: 0, Task 1 acc: 99.2437, Batch num: 0, Task 2 acc: 0.0000, Task avg acc:33.0812
2024-05-27 06:35:21,589 - INFO - Batch num: 10, Task 0 acc: 0.0000, Batch num: 10, Task 1 acc: 97.0329, Batch num: 10, Task 2 acc: 0.0000, Task avg acc:32.3443
2024-05-27 06:35:28,225 - INFO - Batch num: 20, Task 0 acc: 0.0399, Batch num: 20, Task 1 acc: 89.4116, Batch num: 20, Task 2 acc: 30.9806, Task avg acc:40.1440
2024-05-27 06:35:34,837 - INFO - Batch num: 30, Task 0 acc: 1.5784, Batch num: 30, Task 1 acc: 63.1732, Batch num: 30, Task 2 acc: 51.2482, Task avg acc:38.6666
2024-05-27 06:35:41,513 - INFO - Batch num: 40, Task 0 acc: 0.1196, Batch num: 40, Task 1 acc: 42.3620, Batch num: 40, Task 2 acc: 56.1871, Task avg acc:32.8896
2024-05-27 06:35:48,110 - INFO - Batch num: 50, Task 0 acc: 0.0000, Batch num: 50, Task 1 acc: 3.2164, Batch num: 50, Task 2 acc: 95.1868, Task avg acc:32.8011
2024-05-27 06:35:54,869 - INFO - Batch num: 60, Task 0 acc: 0.0000, Batch num: 60, Task 1 acc: 0.0748, Batch num: 60, Task 2 acc: 98.8865, Task avg acc:32.9871
2024-05-27 06:36:01,477 - INFO - Batch num: 70, Task 0 acc: 0.0000, Batch num: 70, Task 1 acc: 0.0083, Batch num: 70, Task 2 acc: 99.0841, Task avg acc:33.0308
2024-05-27 06:36:08,134 - INFO - Batch num: 80, Task 0 acc: 0.0000, Batch num: 80, Task 1 acc: 0.0083, Batch num: 80, Task 2 acc: 99.1828, Task avg acc:33.0637
2024-05-27 06:36:08,286 - INFO - Epoch 1
2024-05-27 06:36:14,670 - INFO - Batch num: 0, Task 0 acc: 0.0000, Batch num: 0, Task 1 acc: 0.0000, Batch num: 0, Task 2 acc: 99.2277, Task avg acc:33.0759
2024-05-27 06:36:21,288 - INFO - Batch num: 10, Task 0 acc: 0.0000, Batch num: 10, Task 1 acc: 0.0000, Batch num: 10, Task 2 acc: 99.3714, Task avg acc:33.1238
2024-05-27 06:36:27,904 - INFO - Batch num: 20, Task 0 acc: 0.0000, Batch num: 20, Task 1 acc: 0.0000, Batch num: 20, Task 2 acc: 99.4343, Task avg acc:33.1448
2024-05-27 06:36:34,507 - INFO - Batch num: 30, Task 0 acc: 0.0000, Batch num: 30, Task 1 acc: 0.0000, Batch num: 30, Task 2 acc: 99.4522, Task avg acc:33.1507
2024-05-27 06:36:41,118 - INFO - Batch num: 40, Task 0 acc: 0.0000, Batch num: 40, Task 1 acc: 0.0000, Batch num: 40, Task 2 acc: 99.4343, Task avg acc:33.1448
2024-05-27 06:36:47,827 - INFO - Batch num: 50, Task 0 acc: 0.0000, Batch num: 50, Task 1 acc: 0.0000, Batch num: 50, Task 2 acc: 99.5330, Task avg acc:33.1777
2024-05-27 06:36:54,419 - INFO - Batch num: 60, Task 0 acc: 0.0000, Batch num: 60, Task 1 acc: 0.0000, Batch num: 60, Task 2 acc: 99.5420, Task avg acc:33.1807
2024-05-27 06:37:01,009 - INFO - Batch num: 70, Task 0 acc: 0.0000, Batch num: 70, Task 1 acc: 0.0000, Batch num: 70, Task 2 acc: 99.6139, Task avg acc:33.2046
2024-05-27 06:37:07,624 - INFO - Batch num: 80, Task 0 acc: 0.0000, Batch num: 80, Task 1 acc: 0.0000, Batch num: 80, Task 2 acc: 99.6049, Task avg acc:33.2016
2024-05-27 06:37:07,777 - INFO - Epoch 2
2024-05-27 06:37:14,144 - INFO - Batch num: 0, Task 0 acc: 0.0000, Batch num: 0, Task 1 acc: 0.0000, Batch num: 0, Task 2 acc: 99.6139, Task avg acc:33.2046
2024-05-27 06:37:20,782 - INFO - Batch num: 10, Task 0 acc: 0.0000, Batch num: 10, Task 1 acc: 0.0000, Batch num: 10, Task 2 acc: 99.6049, Task avg acc:33.2016
2024-05-27 06:37:27,402 - INFO - Batch num: 20, Task 0 acc: 0.0000, Batch num: 20, Task 1 acc: 0.0000, Batch num: 20, Task 2 acc: 99.6408, Task avg acc:33.2136
2024-05-27 06:37:34,006 - INFO - Batch num: 30, Task 0 acc: 0.0000, Batch num: 30, Task 1 acc: 0.0000, Batch num: 30, Task 2 acc: 99.6498, Task avg acc:33.2166
2024-05-27 06:37:40,616 - INFO - Batch num: 40, Task 0 acc: 0.0000, Batch num: 40, Task 1 acc: 0.0000, Batch num: 40, Task 2 acc: 99.7126, Task avg acc:33.2375
2024-05-27 06:37:47,219 - INFO - Batch num: 50, Task 0 acc: 0.0000, Batch num: 50, Task 1 acc: 0.0000, Batch num: 50, Task 2 acc: 99.7396, Task avg acc:33.2465
2024-05-27 06:37:53,812 - INFO - Batch num: 60, Task 0 acc: 0.0000, Batch num: 60, Task 1 acc: 0.0000, Batch num: 60, Task 2 acc: 99.7216, Task avg acc:33.2405
2024-05-27 06:38:00,393 - INFO - Batch num: 70, Task 0 acc: 0.0000, Batch num: 70, Task 1 acc: 0.0000, Batch num: 70, Task 2 acc: 99.7486, Task avg acc:33.2495
2024-05-27 06:38:06,986 - INFO - Batch num: 80, Task 0 acc: 0.0000, Batch num: 80, Task 1 acc: 0.0000, Batch num: 80, Task 2 acc: 99.7396, Task avg acc:33.2465
2024-05-27 06:38:07,140 - INFO - Epoch 3
2024-05-27 06:38:13,520 - INFO - Batch num: 0, Task 0 acc: 0.0000, Batch num: 0, Task 1 acc: 0.0000, Batch num: 0, Task 2 acc: 99.7306, Task avg acc:33.2435
2024-05-27 06:38:20,104 - INFO - Batch num: 10, Task 0 acc: 0.0000, Batch num: 10, Task 1 acc: 0.0000, Batch num: 10, Task 2 acc: 99.6947, Task avg acc:33.2316
2024-05-27 06:38:26,764 - INFO - Batch num: 20, Task 0 acc: 0.0000, Batch num: 20, Task 1 acc: 0.0000, Batch num: 20, Task 2 acc: 99.7037, Task avg acc:33.2346
2024-05-27 06:38:33,372 - INFO - Batch num: 30, Task 0 acc: 0.0000, Batch num: 30, Task 1 acc: 0.0000, Batch num: 30, Task 2 acc: 99.7486, Task avg acc:33.2495
2024-05-27 06:38:39,982 - INFO - Batch num: 40, Task 0 acc: 0.0000, Batch num: 40, Task 1 acc: 0.0000, Batch num: 40, Task 2 acc: 99.7665, Task avg acc:33.2555
2024-05-27 06:38:46,594 - INFO - Batch num: 50, Task 0 acc: 0.0000, Batch num: 50, Task 1 acc: 0.0000, Batch num: 50, Task 2 acc: 99.7665, Task avg acc:33.2555
2024-05-27 06:38:53,189 - INFO - Batch num: 60, Task 0 acc: 0.0000, Batch num: 60, Task 1 acc: 0.0000, Batch num: 60, Task 2 acc: 99.7755, Task avg acc:33.2585
2024-05-27 06:38:59,767 - INFO - Batch num: 70, Task 0 acc: 0.0000, Batch num: 70, Task 1 acc: 0.0000, Batch num: 70, Task 2 acc: 99.7845, Task avg acc:33.2615
2024-05-27 06:39:06,352 - INFO - Batch num: 80, Task 0 acc: 0.0000, Batch num: 80, Task 1 acc: 0.0000, Batch num: 80, Task 2 acc: 99.7755, Task avg acc:33.2585
2024-05-27 06:39:06,515 - INFO - ##########Task 3##########
2024-05-27 06:39:06,516 - INFO - Epoch 0
2024-05-27 06:39:15,057 - INFO - Batch num: 0, Task 0 acc: 0.0000, Batch num: 0, Task 1 acc: 0.0000, Batch num: 0, Task 2 acc: 99.7935, Batch num: 0, Task 3 acc: 0.0000, Task avg acc:24.9484
2024-05-27 06:39:23,811 - INFO - Batch num: 10, Task 0 acc: 0.0000, Batch num: 10, Task 1 acc: 0.0831, Batch num: 10, Task 2 acc: 97.8358, Batch num: 10, Task 3 acc: 31.4803, Task avg acc:32.3498
2024-05-27 06:39:32,565 - INFO - Batch num: 20, Task 0 acc: 0.0000, Batch num: 20, Task 1 acc: 0.0416, Batch num: 20, Task 2 acc: 87.1767, Batch num: 20, Task 3 acc: 49.5066, Task avg acc:34.1812
2024-05-27 06:39:41,378 - INFO - Batch num: 30, Task 0 acc: 0.0000, Batch num: 30, Task 1 acc: 0.0083, Batch num: 30, Task 2 acc: 62.3024, Batch num: 30, Task 3 acc: 50.9457, Task avg acc:28.3141
2024-05-27 06:39:50,149 - INFO - Batch num: 40, Task 0 acc: 0.0000, Batch num: 40, Task 1 acc: 0.0166, Batch num: 40, Task 2 acc: 42.5108, Batch num: 40, Task 3 acc: 51.2500, Task avg acc:23.4443
2024-05-27 06:39:58,880 - INFO - Batch num: 50, Task 0 acc: 0.0000, Batch num: 50, Task 1 acc: 0.0000, Batch num: 50, Task 2 acc: 19.8186, Batch num: 50, Task 3 acc: 79.2188, Task avg acc:24.7593
2024-05-27 06:40:07,600 - INFO - Batch num: 60, Task 0 acc: 0.0000, Batch num: 60, Task 1 acc: 0.0000, Batch num: 60, Task 2 acc: 3.8434, Batch num: 60, Task 3 acc: 99.2516, Task avg acc:25.7738
2024-05-27 06:40:16,534 - INFO - Batch num: 70, Task 0 acc: 0.0000, Batch num: 70, Task 1 acc: 0.0000, Batch num: 70, Task 2 acc: 0.8531, Batch num: 70, Task 3 acc: 99.7204, Task avg acc:25.1434
2024-05-27 06:40:25,296 - INFO - Batch num: 80, Task 0 acc: 0.0000, Batch num: 80, Task 1 acc: 0.0000, Batch num: 80, Task 2 acc: 0.0629, Batch num: 80, Task 3 acc: 99.8109, Task avg acc:24.9684
2024-05-27 06:40:34,079 - INFO - Batch num: 90, Task 0 acc: 0.0000, Batch num: 90, Task 1 acc: 0.0000, Batch num: 90, Task 2 acc: 0.0000, Batch num: 90, Task 3 acc: 99.7697, Task avg acc:24.9424
2024-05-27 06:40:34,183 - INFO - Epoch 1
2024-05-27 06:40:43,837 - INFO - Batch num: 0, Task 0 acc: 0.0000, Batch num: 0, Task 1 acc: 0.0000, Batch num: 0, Task 2 acc: 0.0000, Batch num: 0, Task 3 acc: 99.7697, Task avg acc:24.9424
2024-05-27 06:40:54,480 - INFO - Batch num: 10, Task 0 acc: 0.0000, Batch num: 10, Task 1 acc: 0.0000, Batch num: 10, Task 2 acc: 0.0000, Batch num: 10, Task 3 acc: 99.8109, Task avg acc:24.9527
2024-05-27 06:41:04,518 - INFO - Batch num: 20, Task 0 acc: 0.0000, Batch num: 20, Task 1 acc: 0.0000, Batch num: 20, Task 2 acc: 0.0000, Batch num: 20, Task 3 acc: 99.8355, Task avg acc:24.9589
2024-05-27 06:41:14,539 - INFO - Batch num: 30, Task 0 acc: 0.0000, Batch num: 30, Task 1 acc: 0.0000, Batch num: 30, Task 2 acc: 0.0000, Batch num: 30, Task 3 acc: 99.8438, Task avg acc:24.9609
2024-05-27 06:41:24,027 - INFO - Batch num: 40, Task 0 acc: 0.0000, Batch num: 40, Task 1 acc: 0.0000, Batch num: 40, Task 2 acc: 0.0000, Batch num: 40, Task 3 acc: 99.8438, Task avg acc:24.9609
2024-05-27 06:41:33,929 - INFO - Batch num: 50, Task 0 acc: 0.0000, Batch num: 50, Task 1 acc: 0.0000, Batch num: 50, Task 2 acc: 0.0000, Batch num: 50, Task 3 acc: 99.8849, Task avg acc:24.9712
2024-05-27 06:41:43,933 - INFO - Batch num: 60, Task 0 acc: 0.0000, Batch num: 60, Task 1 acc: 0.0000, Batch num: 60, Task 2 acc: 0.0000, Batch num: 60, Task 3 acc: 99.8766, Task avg acc:24.9692
2024-05-27 06:41:53,309 - INFO - Batch num: 70, Task 0 acc: 0.0000, Batch num: 70, Task 1 acc: 0.0000, Batch num: 70, Task 2 acc: 0.0000, Batch num: 70, Task 3 acc: 99.8931, Task avg acc:24.9733
2024-05-27 06:42:03,635 - INFO - Batch num: 80, Task 0 acc: 0.0000, Batch num: 80, Task 1 acc: 0.0000, Batch num: 80, Task 2 acc: 0.0000, Batch num: 80, Task 3 acc: 99.8849, Task avg acc:24.9712
2024-05-27 06:42:13,542 - INFO - Batch num: 90, Task 0 acc: 0.0000, Batch num: 90, Task 1 acc: 0.0000, Batch num: 90, Task 2 acc: 0.0000, Batch num: 90, Task 3 acc: 99.8931, Task avg acc:24.9733
2024-05-27 06:42:13,643 - INFO - Epoch 2
2024-05-27 06:42:22,916 - INFO - Batch num: 0, Task 0 acc: 0.0000, Batch num: 0, Task 1 acc: 0.0000, Batch num: 0, Task 2 acc: 0.0000, Batch num: 0, Task 3 acc: 99.9013, Task avg acc:24.9753
2024-05-27 06:42:33,663 - INFO - Batch num: 10, Task 0 acc: 0.0000, Batch num: 10, Task 1 acc: 0.0000, Batch num: 10, Task 2 acc: 0.0000, Batch num: 10, Task 3 acc: 99.9013, Task avg acc:24.9753
2024-05-27 06:42:43,732 - INFO - Batch num: 20, Task 0 acc: 0.0000, Batch num: 20, Task 1 acc: 0.0000, Batch num: 20, Task 2 acc: 0.0000, Batch num: 20, Task 3 acc: 99.8931, Task avg acc:24.9733
2024-05-27 06:42:52,669 - INFO - Batch num: 30, Task 0 acc: 0.0000, Batch num: 30, Task 1 acc: 0.0000, Batch num: 30, Task 2 acc: 0.0000, Batch num: 30, Task 3 acc: 99.9013, Task avg acc:24.9753
2024-05-27 06:43:01,603 - INFO - Batch num: 40, Task 0 acc: 0.0000, Batch num: 40, Task 1 acc: 0.0000, Batch num: 40, Task 2 acc: 0.0000, Batch num: 40, Task 3 acc: 99.9178, Task avg acc:24.9794
2024-05-27 06:43:10,497 - INFO - Batch num: 50, Task 0 acc: 0.0000, Batch num: 50, Task 1 acc: 0.0000, Batch num: 50, Task 2 acc: 0.0000, Batch num: 50, Task 3 acc: 99.9178, Task avg acc:24.9794
2024-05-27 06:43:19,356 - INFO - Batch num: 60, Task 0 acc: 0.0000, Batch num: 60, Task 1 acc: 0.0000, Batch num: 60, Task 2 acc: 0.0000, Batch num: 60, Task 3 acc: 99.9260, Task avg acc:24.9815
2024-05-27 06:43:28,209 - INFO - Batch num: 70, Task 0 acc: 0.0000, Batch num: 70, Task 1 acc: 0.0000, Batch num: 70, Task 2 acc: 0.0000, Batch num: 70, Task 3 acc: 99.9342, Task avg acc:24.9836
2024-05-27 06:43:37,106 - INFO - Batch num: 80, Task 0 acc: 0.0000, Batch num: 80, Task 1 acc: 0.0000, Batch num: 80, Task 2 acc: 0.0000, Batch num: 80, Task 3 acc: 99.9424, Task avg acc:24.9856
2024-05-27 06:43:45,969 - INFO - Batch num: 90, Task 0 acc: 0.0000, Batch num: 90, Task 1 acc: 0.0000, Batch num: 90, Task 2 acc: 0.0000, Batch num: 90, Task 3 acc: 99.9424, Task avg acc:24.9856
2024-05-27 06:43:46,073 - INFO - Epoch 3
2024-05-27 06:43:54,691 - INFO - Batch num: 0, Task 0 acc: 0.0000, Batch num: 0, Task 1 acc: 0.0000, Batch num: 0, Task 2 acc: 0.0000, Batch num: 0, Task 3 acc: 99.9342, Task avg acc:24.9836
2024-05-27 06:44:03,540 - INFO - Batch num: 10, Task 0 acc: 0.0000, Batch num: 10, Task 1 acc: 0.0000, Batch num: 10, Task 2 acc: 0.0000, Batch num: 10, Task 3 acc: 99.9424, Task avg acc:24.9856
2024-05-27 06:44:12,379 - INFO - Batch num: 20, Task 0 acc: 0.0000, Batch num: 20, Task 1 acc: 0.0000, Batch num: 20, Task 2 acc: 0.0000, Batch num: 20, Task 3 acc: 99.9424, Task avg acc:24.9856
2024-05-27 06:44:21,306 - INFO - Batch num: 30, Task 0 acc: 0.0000, Batch num: 30, Task 1 acc: 0.0000, Batch num: 30, Task 2 acc: 0.0000, Batch num: 30, Task 3 acc: 99.9424, Task avg acc:24.9856
2024-05-27 06:44:31,491 - INFO - Batch num: 40, Task 0 acc: 0.0000, Batch num: 40, Task 1 acc: 0.0000, Batch num: 40, Task 2 acc: 0.0000, Batch num: 40, Task 3 acc: 99.9424, Task avg acc:24.9856
2024-05-27 06:44:42,838 - INFO - Batch num: 50, Task 0 acc: 0.0000, Batch num: 50, Task 1 acc: 0.0000, Batch num: 50, Task 2 acc: 0.0000, Batch num: 50, Task 3 acc: 99.9424, Task avg acc:24.9856
2024-05-27 06:44:53,684 - INFO - Batch num: 60, Task 0 acc: 0.0000, Batch num: 60, Task 1 acc: 0.0000, Batch num: 60, Task 2 acc: 0.0000, Batch num: 60, Task 3 acc: 99.9424, Task avg acc:24.9856
2024-05-27 06:45:02,688 - INFO - Batch num: 70, Task 0 acc: 0.0000, Batch num: 70, Task 1 acc: 0.0000, Batch num: 70, Task 2 acc: 0.0000, Batch num: 70, Task 3 acc: 99.9507, Task avg acc:24.9877
2024-05-27 06:45:11,567 - INFO - Batch num: 80, Task 0 acc: 0.0000, Batch num: 80, Task 1 acc: 0.0000, Batch num: 80, Task 2 acc: 0.0000, Batch num: 80, Task 3 acc: 99.9424, Task avg acc:24.9856
2024-05-27 06:45:20,429 - INFO - Batch num: 90, Task 0 acc: 0.0000, Batch num: 90, Task 1 acc: 0.0000, Batch num: 90, Task 2 acc: 0.0000, Batch num: 90, Task 3 acc: 99.9424, Task avg acc:24.9856
2024-05-27 06:45:20,541 - INFO - ##########Task 4##########
2024-05-27 06:45:20,542 - INFO - Epoch 0
2024-05-27 06:45:31,244 - INFO - Batch num: 0, Task 0 acc: 0.0000, Batch num: 0, Task 1 acc: 0.0000, Batch num: 0, Task 2 acc: 0.0000, Batch num: 0, Task 3 acc: 99.9424, Batch num: 0, Task 4 acc: 0.0000, Task avg acc:19.9885
2024-05-27 06:45:42,228 - INFO - Batch num: 10, Task 0 acc: 0.0000, Batch num: 10, Task 1 acc: 0.0000, Batch num: 10, Task 2 acc: 0.2963, Batch num: 10, Task 3 acc: 98.8322, Batch num: 10, Task 4 acc: 12.2622, Task avg acc:22.2782
2024-05-27 06:45:53,075 - INFO - Batch num: 20, Task 0 acc: 0.0000, Batch num: 20, Task 1 acc: 0.0000, Batch num: 20, Task 2 acc: 0.0718, Batch num: 20, Task 3 acc: 88.7253, Batch num: 20, Task 4 acc: 54.4582, Task avg acc:28.6511
2024-05-27 06:46:03,943 - INFO - Batch num: 30, Task 0 acc: 0.0000, Batch num: 30, Task 1 acc: 0.0000, Batch num: 30, Task 2 acc: 0.0269, Batch num: 30, Task 3 acc: 51.1184, Batch num: 30, Task 4 acc: 79.2714, Task avg acc:26.0834
2024-05-27 06:46:14,857 - INFO - Batch num: 40, Task 0 acc: 0.0000, Batch num: 40, Task 1 acc: 0.0000, Batch num: 40, Task 2 acc: 0.0000, Batch num: 40, Task 3 acc: 30.4030, Batch num: 40, Task 4 acc: 91.8818, Task avg acc:24.4570
2024-05-27 06:46:25,704 - INFO - Batch num: 50, Task 0 acc: 0.0000, Batch num: 50, Task 1 acc: 0.0000, Batch num: 50, Task 2 acc: 0.0000, Batch num: 50, Task 3 acc: 10.4194, Batch num: 50, Task 4 acc: 96.3315, Task avg acc:21.3502
2024-05-27 06:46:36,578 - INFO - Batch num: 60, Task 0 acc: 0.0000, Batch num: 60, Task 1 acc: 0.0000, Batch num: 60, Task 2 acc: 0.0000, Batch num: 60, Task 3 acc: 0.7730, Batch num: 60, Task 4 acc: 97.1892, Task avg acc:19.5924
2024-05-27 06:46:47,423 - INFO - Batch num: 70, Task 0 acc: 0.0000, Batch num: 70, Task 1 acc: 0.0000, Batch num: 70, Task 2 acc: 0.0000, Batch num: 70, Task 3 acc: 0.0411, Batch num: 70, Task 4 acc: 97.7666, Task avg acc:19.5616
2024-05-27 06:46:58,282 - INFO - Batch num: 80, Task 0 acc: 0.0000, Batch num: 80, Task 1 acc: 0.0000, Batch num: 80, Task 2 acc: 0.0000, Batch num: 80, Task 3 acc: 0.0000, Batch num: 80, Task 4 acc: 97.9959, Task avg acc:19.5992
2024-05-27 06:47:09,168 - INFO - Batch num: 90, Task 0 acc: 0.0000, Batch num: 90, Task 1 acc: 0.0000, Batch num: 90, Task 2 acc: 0.0000, Batch num: 90, Task 3 acc: 0.0000, Batch num: 90, Task 4 acc: 98.2337, Task avg acc:19.6467
2024-05-27 06:47:09,196 - INFO - Epoch 1
2024-05-27 06:47:19,905 - INFO - Batch num: 0, Task 0 acc: 0.0000, Batch num: 0, Task 1 acc: 0.0000, Batch num: 0, Task 2 acc: 0.0000, Batch num: 0, Task 3 acc: 0.0000, Batch num: 0, Task 4 acc: 98.3271, Task avg acc:19.6654
2024-05-27 06:47:30,820 - INFO - Batch num: 10, Task 0 acc: 0.0000, Batch num: 10, Task 1 acc: 0.0000, Batch num: 10, Task 2 acc: 0.0000, Batch num: 10, Task 3 acc: 0.0000, Batch num: 10, Task 4 acc: 98.4375, Task avg acc:19.6875
2024-05-27 06:47:41,675 - INFO - Batch num: 20, Task 0 acc: 0.0000, Batch num: 20, Task 1 acc: 0.0000, Batch num: 20, Task 2 acc: 0.0000, Batch num: 20, Task 3 acc: 0.0000, Batch num: 20, Task 4 acc: 98.5394, Task avg acc:19.7079
2024-05-27 06:47:52,550 - INFO - Batch num: 30, Task 0 acc: 0.0000, Batch num: 30, Task 1 acc: 0.0000, Batch num: 30, Task 2 acc: 0.0000, Batch num: 30, Task 3 acc: 0.0000, Batch num: 30, Task 4 acc: 98.5479, Task avg acc:19.7096
2024-05-27 06:48:03,443 - INFO - Batch num: 40, Task 0 acc: 0.0000, Batch num: 40, Task 1 acc: 0.0000, Batch num: 40, Task 2 acc: 0.0000, Batch num: 40, Task 3 acc: 0.0000, Batch num: 40, Task 4 acc: 98.7092, Task avg acc:19.7418
2024-05-27 06:48:14,308 - INFO - Batch num: 50, Task 0 acc: 0.0000, Batch num: 50, Task 1 acc: 0.0000, Batch num: 50, Task 2 acc: 0.0000, Batch num: 50, Task 3 acc: 0.0000, Batch num: 50, Task 4 acc: 98.7687, Task avg acc:19.7537
2024-05-27 06:48:25,120 - INFO - Batch num: 60, Task 0 acc: 0.0000, Batch num: 60, Task 1 acc: 0.0000, Batch num: 60, Task 2 acc: 0.0000, Batch num: 60, Task 3 acc: 0.0000, Batch num: 60, Task 4 acc: 98.9046, Task avg acc:19.7809
2024-05-27 06:48:35,985 - INFO - Batch num: 70, Task 0 acc: 0.0000, Batch num: 70, Task 1 acc: 0.0000, Batch num: 70, Task 2 acc: 0.0000, Batch num: 70, Task 3 acc: 0.0000, Batch num: 70, Task 4 acc: 99.0319, Task avg acc:19.8064
2024-05-27 06:48:46,893 - INFO - Batch num: 80, Task 0 acc: 0.0000, Batch num: 80, Task 1 acc: 0.0000, Batch num: 80, Task 2 acc: 0.0000, Batch num: 80, Task 3 acc: 0.0000, Batch num: 80, Task 4 acc: 99.0149, Task avg acc:19.8030
2024-05-27 06:48:57,794 - INFO - Batch num: 90, Task 0 acc: 0.0000, Batch num: 90, Task 1 acc: 0.0000, Batch num: 90, Task 2 acc: 0.0000, Batch num: 90, Task 3 acc: 0.0000, Batch num: 90, Task 4 acc: 99.1338, Task avg acc:19.8268
2024-05-27 06:48:57,823 - INFO - Epoch 2
2024-05-27 06:49:08,484 - INFO - Batch num: 0, Task 0 acc: 0.0000, Batch num: 0, Task 1 acc: 0.0000, Batch num: 0, Task 2 acc: 0.0000, Batch num: 0, Task 3 acc: 0.0000, Batch num: 0, Task 4 acc: 99.1423, Task avg acc:19.8285
2024-05-27 06:49:19,322 - INFO - Batch num: 10, Task 0 acc: 0.0000, Batch num: 10, Task 1 acc: 0.0000, Batch num: 10, Task 2 acc: 0.0000, Batch num: 10, Task 3 acc: 0.0000, Batch num: 10, Task 4 acc: 99.0744, Task avg acc:19.8149
2024-05-27 06:49:30,164 - INFO - Batch num: 20, Task 0 acc: 0.0000, Batch num: 20, Task 1 acc: 0.0000, Batch num: 20, Task 2 acc: 0.0000, Batch num: 20, Task 3 acc: 0.0000, Batch num: 20, Task 4 acc: 99.1084, Task avg acc:19.8217
2024-05-27 06:49:41,047 - INFO - Batch num: 30, Task 0 acc: 0.0000, Batch num: 30, Task 1 acc: 0.0000, Batch num: 30, Task 2 acc: 0.0000, Batch num: 30, Task 3 acc: 0.0000, Batch num: 30, Task 4 acc: 99.2188, Task avg acc:19.8438
2024-05-27 06:49:51,909 - INFO - Batch num: 40, Task 0 acc: 0.0000, Batch num: 40, Task 1 acc: 0.0000, Batch num: 40, Task 2 acc: 0.0000, Batch num: 40, Task 3 acc: 0.0000, Batch num: 40, Task 4 acc: 99.2018, Task avg acc:19.8404
2024-05-27 06:50:02,908 - INFO - Batch num: 50, Task 0 acc: 0.0000, Batch num: 50, Task 1 acc: 0.0000, Batch num: 50, Task 2 acc: 0.0000, Batch num: 50, Task 3 acc: 0.0000, Batch num: 50, Task 4 acc: 99.2357, Task avg acc:19.8471
2024-05-27 06:50:13,755 - INFO - Batch num: 60, Task 0 acc: 0.0000, Batch num: 60, Task 1 acc: 0.0000, Batch num: 60, Task 2 acc: 0.0000, Batch num: 60, Task 3 acc: 0.0000, Batch num: 60, Task 4 acc: 99.2867, Task avg acc:19.8573
2024-05-27 06:50:24,577 - INFO - Batch num: 70, Task 0 acc: 0.0000, Batch num: 70, Task 1 acc: 0.0000, Batch num: 70, Task 2 acc: 0.0000, Batch num: 70, Task 3 acc: 0.0000, Batch num: 70, Task 4 acc: 99.3122, Task avg acc:19.8624
2024-05-27 06:50:35,445 - INFO - Batch num: 80, Task 0 acc: 0.0000, Batch num: 80, Task 1 acc: 0.0000, Batch num: 80, Task 2 acc: 0.0000, Batch num: 80, Task 3 acc: 0.0000, Batch num: 80, Task 4 acc: 99.2952, Task avg acc:19.8590
2024-05-27 06:50:46,311 - INFO - Batch num: 90, Task 0 acc: 0.0000, Batch num: 90, Task 1 acc: 0.0000, Batch num: 90, Task 2 acc: 0.0000, Batch num: 90, Task 3 acc: 0.0000, Batch num: 90, Task 4 acc: 99.3461, Task avg acc:19.8692
2024-05-27 06:50:46,337 - INFO - Epoch 3
2024-05-27 06:50:56,970 - INFO - Batch num: 0, Task 0 acc: 0.0000, Batch num: 0, Task 1 acc: 0.0000, Batch num: 0, Task 2 acc: 0.0000, Batch num: 0, Task 3 acc: 0.0000, Batch num: 0, Task 4 acc: 99.3461, Task avg acc:19.8692
2024-05-27 06:51:07,911 - INFO - Batch num: 10, Task 0 acc: 0.0000, Batch num: 10, Task 1 acc: 0.0000, Batch num: 10, Task 2 acc: 0.0000, Batch num: 10, Task 3 acc: 0.0000, Batch num: 10, Task 4 acc: 99.3376, Task avg acc:19.8675
2024-05-27 06:51:18,766 - INFO - Batch num: 20, Task 0 acc: 0.0000, Batch num: 20, Task 1 acc: 0.0000, Batch num: 20, Task 2 acc: 0.0000, Batch num: 20, Task 3 acc: 0.0000, Batch num: 20, Task 4 acc: 99.3291, Task avg acc:19.8658
2024-05-27 06:51:29,593 - INFO - Batch num: 30, Task 0 acc: 0.0000, Batch num: 30, Task 1 acc: 0.0000, Batch num: 30, Task 2 acc: 0.0000, Batch num: 30, Task 3 acc: 0.0000, Batch num: 30, Task 4 acc: 99.3037, Task avg acc:19.8607
2024-05-27 06:51:40,460 - INFO - Batch num: 40, Task 0 acc: 0.0000, Batch num: 40, Task 1 acc: 0.0000, Batch num: 40, Task 2 acc: 0.0000, Batch num: 40, Task 3 acc: 0.0000, Batch num: 40, Task 4 acc: 99.4820, Task avg acc:19.8964
2024-05-27 06:51:51,313 - INFO - Batch num: 50, Task 0 acc: 0.0000, Batch num: 50, Task 1 acc: 0.0000, Batch num: 50, Task 2 acc: 0.0000, Batch num: 50, Task 3 acc: 0.0000, Batch num: 50, Task 4 acc: 99.4735, Task avg acc:19.8947
2024-05-27 06:52:02,171 - INFO - Batch num: 60, Task 0 acc: 0.0000, Batch num: 60, Task 1 acc: 0.0000, Batch num: 60, Task 2 acc: 0.0000, Batch num: 60, Task 3 acc: 0.0000, Batch num: 60, Task 4 acc: 99.4141, Task avg acc:19.8828
2024-05-27 06:52:13,018 - INFO - Batch num: 70, Task 0 acc: 0.0000, Batch num: 70, Task 1 acc: 0.0000, Batch num: 70, Task 2 acc: 0.0000, Batch num: 70, Task 3 acc: 0.0000, Batch num: 70, Task 4 acc: 99.5160, Task avg acc:19.9032
2024-05-27 06:52:23,898 - INFO - Batch num: 80, Task 0 acc: 0.0000, Batch num: 80, Task 1 acc: 0.0000, Batch num: 80, Task 2 acc: 0.0000, Batch num: 80, Task 3 acc: 0.0000, Batch num: 80, Task 4 acc: 99.5245, Task avg acc:19.9049
2024-05-27 06:52:34,787 - INFO - Batch num: 90, Task 0 acc: 0.0000, Batch num: 90, Task 1 acc: 0.0000, Batch num: 90, Task 2 acc: 0.0000, Batch num: 90, Task 3 acc: 0.0000, Batch num: 90, Task 4 acc: 99.5245, Task avg acc:19.9049
