2024-05-29 05:53:05,255 - INFO - ##########Task 0##########
2024-05-29 05:53:05,256 - INFO - Epoch 0
2024-05-29 05:53:07,785 - INFO - Batch num: 0, Task 0 acc: 0.0000, Task avg acc:0.0000
2024-05-29 05:53:10,608 - INFO - Batch num: 10, Task 0 acc: 11.9659, Task avg acc:11.9659
2024-05-29 05:53:13,287 - INFO - Batch num: 20, Task 0 acc: 77.3438, Task avg acc:77.3438
2024-05-29 05:53:16,054 - INFO - Batch num: 30, Task 0 acc: 90.0590, Task avg acc:90.0590
2024-05-29 05:53:18,779 - INFO - Batch num: 40, Task 0 acc: 92.2114, Task avg acc:92.2114
2024-05-29 05:53:21,526 - INFO - Batch num: 50, Task 0 acc: 92.2513, Task avg acc:92.2513
2024-05-29 05:53:24,200 - INFO - Batch num: 60, Task 0 acc: 95.2647, Task avg acc:95.2647
2024-05-29 05:53:26,974 - INFO - Batch num: 70, Task 0 acc: 96.1735, Task avg acc:96.1735
2024-05-29 05:53:29,691 - INFO - Batch num: 80, Task 0 acc: 96.4365, Task avg acc:96.4365
2024-05-29 05:53:32,439 - INFO - Batch num: 90, Task 0 acc: 96.1496, Task avg acc:96.1496
2024-05-29 05:53:32,648 - INFO - Epoch 1
2024-05-29 05:53:35,081 - INFO - Batch num: 0, Task 0 acc: 96.0539, Task avg acc:96.0539
2024-05-29 05:53:37,855 - INFO - Batch num: 10, Task 0 acc: 95.0893, Task avg acc:95.0893
2024-05-29 05:53:40,533 - INFO - Batch num: 20, Task 0 acc: 94.9378, Task avg acc:94.9378
2024-05-29 05:53:43,283 - INFO - Batch num: 30, Task 0 acc: 96.1097, Task avg acc:96.1097
2024-05-29 05:53:45,975 - INFO - Batch num: 40, Task 0 acc: 96.5721, Task avg acc:96.5721
2024-05-29 05:53:48,737 - INFO - Batch num: 50, Task 0 acc: 97.2497, Task avg acc:97.2497
2024-05-29 05:53:51,455 - INFO - Batch num: 60, Task 0 acc: 97.9512, Task avg acc:97.9512
2024-05-29 05:53:54,246 - INFO - Batch num: 70, Task 0 acc: 97.9911, Task avg acc:97.9911
2024-05-29 05:53:56,927 - INFO - Batch num: 80, Task 0 acc: 97.6802, Task avg acc:97.6802
2024-05-29 05:53:59,705 - INFO - Batch num: 90, Task 0 acc: 97.6722, Task avg acc:97.6722
2024-05-29 05:53:59,921 - INFO - Epoch 2
2024-05-29 05:54:02,376 - INFO - Batch num: 0, Task 0 acc: 97.9193, Task avg acc:97.9193
2024-05-29 05:54:05,108 - INFO - Batch num: 10, Task 0 acc: 97.9034, Task avg acc:97.9034
2024-05-29 05:54:07,802 - INFO - Batch num: 20, Task 0 acc: 98.0389, Task avg acc:98.0389
2024-05-29 05:54:10,613 - INFO - Batch num: 30, Task 0 acc: 98.3897, Task avg acc:98.3897
2024-05-29 05:54:13,289 - INFO - Batch num: 40, Task 0 acc: 98.4136, Task avg acc:98.4136
2024-05-29 05:54:16,039 - INFO - Batch num: 50, Task 0 acc: 98.3339, Task avg acc:98.3339
2024-05-29 05:54:18,774 - INFO - Batch num: 60, Task 0 acc: 98.1585, Task avg acc:98.1585
2024-05-29 05:54:21,560 - INFO - Batch num: 70, Task 0 acc: 98.0548, Task avg acc:98.0548
2024-05-29 05:54:24,237 - INFO - Batch num: 80, Task 0 acc: 98.0867, Task avg acc:98.0867
2024-05-29 05:54:27,302 - INFO - Batch num: 90, Task 0 acc: 97.9990, Task avg acc:97.9990
2024-05-29 05:54:27,507 - INFO - Epoch 3
2024-05-29 05:54:29,953 - INFO - Batch num: 0, Task 0 acc: 98.2302, Task avg acc:98.2302
2024-05-29 05:54:33,011 - INFO - Batch num: 10, Task 0 acc: 98.3020, Task avg acc:98.3020
2024-05-29 05:54:35,675 - INFO - Batch num: 20, Task 0 acc: 98.2781, Task avg acc:98.2781
2024-05-29 05:54:38,412 - INFO - Batch num: 30, Task 0 acc: 98.3099, Task avg acc:98.3099
2024-05-29 05:54:41,081 - INFO - Batch num: 40, Task 0 acc: 98.0230, Task avg acc:98.0230
2024-05-29 05:54:43,827 - INFO - Batch num: 50, Task 0 acc: 97.9592, Task avg acc:97.9592
2024-05-29 05:54:46,496 - INFO - Batch num: 60, Task 0 acc: 97.9911, Task avg acc:97.9911
2024-05-29 05:54:49,285 - INFO - Batch num: 70, Task 0 acc: 98.1027, Task avg acc:98.1027
2024-05-29 05:54:51,958 - INFO - Batch num: 80, Task 0 acc: 98.0469, Task avg acc:98.0469
2024-05-29 05:54:54,704 - INFO - Batch num: 90, Task 0 acc: 98.0947, Task avg acc:98.0947
2024-05-29 05:54:54,918 - INFO - ##########Task 1##########
2024-05-29 05:54:54,918 - INFO - Epoch 0
2024-05-29 05:54:59,589 - INFO - Batch num: 0, Task 0 acc: 98.0150, Batch num: 0, Task 1 acc: 2.3105, Task avg acc:50.1627
2024-05-29 05:55:04,676 - INFO - Batch num: 10, Task 0 acc: 97.2098, Batch num: 10, Task 1 acc: 3.7816, Task avg acc:50.4957
2024-05-29 05:55:09,629 - INFO - Batch num: 20, Task 0 acc: 96.6916, Batch num: 20, Task 1 acc: 9.1174, Task avg acc:52.9045
2024-05-29 05:55:14,645 - INFO - Batch num: 30, Task 0 acc: 95.9184, Batch num: 30, Task 1 acc: 29.0725, Task avg acc:62.4954
2024-05-29 05:55:19,624 - INFO - Batch num: 40, Task 0 acc: 95.3763, Batch num: 40, Task 1 acc: 48.0635, Task avg acc:71.7199
2024-05-29 05:55:24,639 - INFO - Batch num: 50, Task 0 acc: 94.6189, Batch num: 50, Task 1 acc: 58.6686, Task avg acc:76.6437
2024-05-29 05:55:29,561 - INFO - Batch num: 60, Task 0 acc: 94.0131, Batch num: 60, Task 1 acc: 64.7689, Task avg acc:79.3910
2024-05-29 05:55:34,642 - INFO - Batch num: 70, Task 0 acc: 94.7385, Batch num: 70, Task 1 acc: 72.0412, Task avg acc:83.3899
2024-05-29 05:55:39,569 - INFO - Batch num: 80, Task 0 acc: 94.8103, Batch num: 80, Task 1 acc: 73.8946, Task avg acc:84.3524
2024-05-29 05:55:44,551 - INFO - Batch num: 90, Task 0 acc: 93.9174, Batch num: 90, Task 1 acc: 70.8278, Task avg acc:82.3726
2024-05-29 05:55:44,662 - INFO - Epoch 1
2024-05-29 05:55:49,338 - INFO - Batch num: 0, Task 0 acc: 92.2672, Batch num: 0, Task 1 acc: 69.8305, Task avg acc:81.0488
2024-05-29 05:55:54,356 - INFO - Batch num: 10, Task 0 acc: 91.0236, Batch num: 10, Task 1 acc: 68.3511, Task avg acc:79.6873
2024-05-29 05:55:59,311 - INFO - Batch num: 20, Task 0 acc: 89.4611, Batch num: 20, Task 1 acc: 68.5755, Task avg acc:79.0183
2024-05-29 05:56:04,319 - INFO - Batch num: 30, Task 0 acc: 90.0829, Batch num: 30, Task 1 acc: 68.4924, Task avg acc:79.2876
2024-05-29 05:56:09,287 - INFO - Batch num: 40, Task 0 acc: 89.5169, Batch num: 40, Task 1 acc: 70.3042, Task avg acc:79.9105
2024-05-29 05:56:14,329 - INFO - Batch num: 50, Task 0 acc: 89.4531, Batch num: 50, Task 1 acc: 69.5728, Task avg acc:79.5130
2024-05-29 05:56:19,288 - INFO - Batch num: 60, Task 0 acc: 89.7003, Batch num: 60, Task 1 acc: 67.6529, Task avg acc:78.6766
2024-05-29 05:56:25,032 - INFO - Batch num: 70, Task 0 acc: 91.1990, Batch num: 70, Task 1 acc: 66.0156, Task avg acc:78.6073
2024-05-29 05:56:30,741 - INFO - Batch num: 80, Task 0 acc: 90.9359, Batch num: 80, Task 1 acc: 66.7886, Task avg acc:78.8622
2024-05-29 05:56:35,765 - INFO - Batch num: 90, Task 0 acc: 91.5338, Batch num: 90, Task 1 acc: 68.2846, Task avg acc:79.9092
2024-05-29 05:56:35,855 - INFO - Epoch 2
2024-05-29 05:56:40,545 - INFO - Batch num: 0, Task 0 acc: 91.3425, Batch num: 0, Task 1 acc: 68.4425, Task avg acc:79.8925
2024-05-29 05:56:45,550 - INFO - Batch num: 10, Task 0 acc: 92.2752, Batch num: 10, Task 1 acc: 69.9385, Task avg acc:81.1068
2024-05-29 05:56:51,275 - INFO - Batch num: 20, Task 0 acc: 92.8332, Batch num: 20, Task 1 acc: 72.2573, Task avg acc:82.5453
2024-05-29 05:56:56,379 - INFO - Batch num: 30, Task 0 acc: 93.4710, Batch num: 30, Task 1 acc: 73.7035, Task avg acc:83.5872
2024-05-29 05:57:01,296 - INFO - Batch num: 40, Task 0 acc: 93.5746, Batch num: 40, Task 1 acc: 75.5568, Task avg acc:84.5657
2024-05-29 05:57:07,079 - INFO - Batch num: 50, Task 0 acc: 92.1875, Batch num: 50, Task 1 acc: 77.8424, Task avg acc:85.0150
2024-05-29 05:57:12,043 - INFO - Batch num: 60, Task 0 acc: 90.2423, Batch num: 60, Task 1 acc: 78.2663, Task avg acc:84.2543
2024-05-29 05:57:17,425 - INFO - Batch num: 70, Task 0 acc: 90.0749, Batch num: 70, Task 1 acc: 79.5130, Task avg acc:84.7940
2024-05-29 05:57:22,855 - INFO - Batch num: 80, Task 0 acc: 91.2070, Batch num: 80, Task 1 acc: 77.9255, Task avg acc:84.5662
2024-05-29 05:57:28,077 - INFO - Batch num: 90, Task 0 acc: 90.8562, Batch num: 90, Task 1 acc: 77.3521, Task avg acc:84.1041
2024-05-29 05:57:28,169 - INFO - Epoch 3
2024-05-29 05:57:32,852 - INFO - Batch num: 0, Task 0 acc: 90.4974, Batch num: 0, Task 1 acc: 76.2965, Task avg acc:83.3970
2024-05-29 05:57:37,913 - INFO - Batch num: 10, Task 0 acc: 90.5293, Batch num: 10, Task 1 acc: 76.0888, Task avg acc:83.3091
2024-05-29 05:57:42,907 - INFO - Batch num: 20, Task 0 acc: 90.9439, Batch num: 20, Task 1 acc: 75.5070, Task avg acc:83.2254
2024-05-29 05:57:47,850 - INFO - Batch num: 30, Task 0 acc: 91.0316, Batch num: 30, Task 1 acc: 76.1885, Task avg acc:83.6100
2024-05-29 05:57:52,845 - INFO - Batch num: 40, Task 0 acc: 91.0714, Batch num: 40, Task 1 acc: 76.2217, Task avg acc:83.6466
2024-05-29 05:57:57,895 - INFO - Batch num: 50, Task 0 acc: 90.8243, Batch num: 50, Task 1 acc: 76.2965, Task avg acc:83.5604
2024-05-29 05:58:02,841 - INFO - Batch num: 60, Task 0 acc: 88.8313, Batch num: 60, Task 1 acc: 75.9309, Task avg acc:82.3811
2024-05-29 05:58:07,857 - INFO - Batch num: 70, Task 0 acc: 87.7232, Batch num: 70, Task 1 acc: 76.8617, Task avg acc:82.2925
2024-05-29 05:58:12,833 - INFO - Batch num: 80, Task 0 acc: 86.6709, Batch num: 80, Task 1 acc: 78.7650, Task avg acc:82.7179
2024-05-29 05:58:17,882 - INFO - Batch num: 90, Task 0 acc: 87.2768, Batch num: 90, Task 1 acc: 78.6154, Task avg acc:82.9461
2024-05-29 05:58:18,002 - INFO - ##########Task 2##########
2024-05-29 05:58:18,003 - INFO - Epoch 0
2024-05-29 05:58:24,783 - INFO - Batch num: 0, Task 0 acc: 88.9110, Batch num: 0, Task 1 acc: 75.9059, Batch num: 0, Task 2 acc: 0.6915, Task avg acc:55.1695
2024-05-29 05:58:31,891 - INFO - Batch num: 10, Task 0 acc: 91.6853, Batch num: 10, Task 1 acc: 58.0452, Batch num: 10, Task 2 acc: 14.0715, Task avg acc:54.6007
2024-05-29 05:58:38,932 - INFO - Batch num: 20, Task 0 acc: 79.0338, Batch num: 20, Task 1 acc: 39.5113, Batch num: 20, Task 2 acc: 42.8700, Task avg acc:53.8050
2024-05-29 05:58:46,064 - INFO - Batch num: 30, Task 0 acc: 60.6346, Batch num: 30, Task 1 acc: 8.8098, Batch num: 30, Task 2 acc: 68.1034, Task avg acc:45.8493
2024-05-29 05:58:53,095 - INFO - Batch num: 40, Task 0 acc: 56.8638, Batch num: 40, Task 1 acc: 3.2995, Batch num: 40, Task 2 acc: 72.7101, Task avg acc:44.2912
2024-05-29 05:59:00,202 - INFO - Batch num: 50, Task 0 acc: 55.6601, Batch num: 50, Task 1 acc: 1.9531, Batch num: 50, Task 2 acc: 78.2687, Task avg acc:45.2940
2024-05-29 05:59:07,253 - INFO - Batch num: 60, Task 0 acc: 56.7522, Batch num: 60, Task 1 acc: 1.9365, Batch num: 60, Task 2 acc: 79.8132, Task avg acc:46.1673
2024-05-29 05:59:14,310 - INFO - Batch num: 70, Task 0 acc: 58.4423, Batch num: 70, Task 1 acc: 1.6124, Batch num: 70, Task 2 acc: 77.5593, Task avg acc:45.8713
2024-05-29 05:59:21,480 - INFO - Batch num: 80, Task 0 acc: 58.4024, Batch num: 80, Task 1 acc: 1.9947, Batch num: 80, Task 2 acc: 79.2834, Task avg acc:46.5602
2024-05-29 05:59:21,666 - INFO - Epoch 1
2024-05-29 05:59:28,497 - INFO - Batch num: 0, Task 0 acc: 57.7726, Batch num: 0, Task 1 acc: 2.6180, Batch num: 0, Task 2 acc: 81.1243, Task avg acc:47.1716
2024-05-29 05:59:35,557 - INFO - Batch num: 10, Task 0 acc: 57.3820, Batch num: 10, Task 1 acc: 2.8757, Batch num: 10, Task 2 acc: 83.0729, Task avg acc:47.7769
2024-05-29 05:59:43,054 - INFO - Batch num: 20, Task 0 acc: 61.3680, Batch num: 20, Task 1 acc: 2.2773, Batch num: 20, Task 2 acc: 83.3872, Task avg acc:49.0108
2024-05-29 05:59:50,233 - INFO - Batch num: 30, Task 0 acc: 64.1342, Batch num: 30, Task 1 acc: 2.3770, Batch num: 30, Task 2 acc: 85.0305, Task avg acc:50.5139
2024-05-29 05:59:57,172 - INFO - Batch num: 40, Task 0 acc: 64.9713, Batch num: 40, Task 1 acc: 2.3105, Batch num: 40, Task 2 acc: 84.7252, Task avg acc:50.6690
2024-05-29 06:00:04,024 - INFO - Batch num: 50, Task 0 acc: 59.9410, Batch num: 50, Task 1 acc: 2.0113, Batch num: 50, Task 2 acc: 85.5963, Task avg acc:49.1829
2024-05-29 06:00:10,970 - INFO - Batch num: 60, Task 0 acc: 59.8135, Batch num: 60, Task 1 acc: 2.5598, Batch num: 60, Task 2 acc: 86.2698, Task avg acc:49.5477
2024-05-29 06:00:17,866 - INFO - Batch num: 70, Task 0 acc: 58.5698, Batch num: 70, Task 1 acc: 3.0336, Batch num: 70, Task 2 acc: 87.5988, Task avg acc:49.7341
2024-05-29 06:00:24,820 - INFO - Batch num: 80, Task 0 acc: 61.7188, Batch num: 80, Task 1 acc: 4.7623, Batch num: 80, Task 2 acc: 85.7310, Task avg acc:50.7373
2024-05-29 06:00:25,001 - INFO - Epoch 2
2024-05-29 06:00:31,579 - INFO - Batch num: 0, Task 0 acc: 61.7506, Batch num: 0, Task 1 acc: 6.7320, Batch num: 0, Task 2 acc: 85.4795, Task avg acc:51.3207
2024-05-29 06:00:38,496 - INFO - Batch num: 10, Task 0 acc: 61.2643, Batch num: 10, Task 1 acc: 7.0396, Batch num: 10, Task 2 acc: 87.1767, Task avg acc:51.8269
2024-05-29 06:00:45,362 - INFO - Batch num: 20, Task 0 acc: 60.1881, Batch num: 20, Task 1 acc: 4.8122, Batch num: 20, Task 2 acc: 87.5718, Task avg acc:50.8574
2024-05-29 06:00:52,343 - INFO - Batch num: 30, Task 0 acc: 62.2210, Batch num: 30, Task 1 acc: 4.7291, Batch num: 30, Task 2 acc: 86.9792, Task avg acc:51.3097
2024-05-29 06:00:59,335 - INFO - Batch num: 40, Task 0 acc: 64.0864, Batch num: 40, Task 1 acc: 4.8454, Batch num: 40, Task 2 acc: 85.3987, Task avg acc:51.4435
2024-05-29 06:01:06,263 - INFO - Batch num: 50, Task 0 acc: 61.9101, Batch num: 50, Task 1 acc: 5.6932, Batch num: 50, Task 2 acc: 87.3922, Task avg acc:51.6652
2024-05-29 06:01:13,128 - INFO - Batch num: 60, Task 0 acc: 60.1881, Batch num: 60, Task 1 acc: 5.0116, Batch num: 60, Task 2 acc: 88.3890, Task avg acc:51.1963
2024-05-29 06:01:20,060 - INFO - Batch num: 70, Task 0 acc: 57.6371, Batch num: 70, Task 1 acc: 4.6210, Batch num: 70, Task 2 acc: 89.6282, Task avg acc:50.6288
2024-05-29 06:01:26,939 - INFO - Batch num: 80, Task 0 acc: 60.3874, Batch num: 80, Task 1 acc: 4.8537, Batch num: 80, Task 2 acc: 87.4371, Task avg acc:50.8928
2024-05-29 06:01:27,122 - INFO - Epoch 3
2024-05-29 06:01:33,792 - INFO - Batch num: 0, Task 0 acc: 61.8064, Batch num: 0, Task 1 acc: 5.1197, Batch num: 0, Task 2 acc: 86.3326, Task avg acc:51.0862
2024-05-29 06:01:40,638 - INFO - Batch num: 10, Task 0 acc: 62.6435, Batch num: 10, Task 1 acc: 5.3773, Batch num: 10, Task 2 acc: 85.4346, Task avg acc:51.1518
2024-05-29 06:01:47,574 - INFO - Batch num: 20, Task 0 acc: 62.1572, Batch num: 20, Task 1 acc: 5.6017, Batch num: 20, Task 2 acc: 85.2011, Task avg acc:50.9867
2024-05-29 06:01:54,508 - INFO - Batch num: 30, Task 0 acc: 62.3246, Batch num: 30, Task 1 acc: 6.3580, Batch num: 30, Task 2 acc: 85.7220, Task avg acc:51.4682
2024-05-29 06:02:01,443 - INFO - Batch num: 40, Task 0 acc: 62.4362, Batch num: 40, Task 1 acc: 6.8235, Batch num: 40, Task 2 acc: 85.7130, Task avg acc:51.6576
2024-05-29 06:02:08,284 - INFO - Batch num: 50, Task 0 acc: 60.8418, Batch num: 50, Task 1 acc: 8.4275, Batch num: 50, Task 2 acc: 87.9041, Task avg acc:52.3912
2024-05-29 06:02:15,224 - INFO - Batch num: 60, Task 0 acc: 58.9047, Batch num: 60, Task 1 acc: 8.8514, Batch num: 60, Task 2 acc: 88.1286, Task avg acc:51.9615
2024-05-29 06:02:22,074 - INFO - Batch num: 70, Task 0 acc: 56.9834, Batch num: 70, Task 1 acc: 8.4441, Batch num: 70, Task 2 acc: 89.2152, Task avg acc:51.5476
2024-05-29 06:02:28,996 - INFO - Batch num: 80, Task 0 acc: 57.0392, Batch num: 80, Task 1 acc: 7.3886, Batch num: 80, Task 2 acc: 89.2241, Task avg acc:51.2173
2024-05-29 06:02:29,196 - INFO - ##########Task 3##########
2024-05-29 06:02:29,197 - INFO - Epoch 0
2024-05-29 06:02:38,025 - INFO - Batch num: 0, Task 0 acc: 57.5654, Batch num: 0, Task 1 acc: 8.3693, Batch num: 0, Task 2 acc: 88.7931, Batch num: 0, Task 3 acc: 0.0082, Task avg acc:38.6840
2024-05-29 06:02:47,427 - INFO - Batch num: 10, Task 0 acc: 68.6623, Batch num: 10, Task 1 acc: 16.1902, Batch num: 10, Task 2 acc: 73.3926, Batch num: 10, Task 3 acc: 0.7812, Task avg acc:39.7566
2024-05-29 06:02:56,686 - INFO - Batch num: 20, Task 0 acc: 73.8202, Batch num: 20, Task 1 acc: 13.4807, Batch num: 20, Task 2 acc: 64.9335, Batch num: 20, Task 3 acc: 32.8043, Task avg acc:46.2597
2024-05-29 06:03:05,832 - INFO - Batch num: 30, Task 0 acc: 70.2647, Batch num: 30, Task 1 acc: 4.1307, Batch num: 30, Task 2 acc: 52.3527, Batch num: 30, Task 3 acc: 78.4457, Task avg acc:51.2984
2024-05-29 06:03:15,250 - INFO - Batch num: 40, Task 0 acc: 67.3549, Batch num: 40, Task 1 acc: 2.7676, Batch num: 40, Task 2 acc: 49.4702, Batch num: 40, Task 3 acc: 86.9655, Task avg acc:51.6395
2024-05-29 06:03:25,303 - INFO - Batch num: 50, Task 0 acc: 71.0459, Batch num: 50, Task 1 acc: 2.9837, Batch num: 50, Task 2 acc: 49.7216, Batch num: 50, Task 3 acc: 88.8816, Task avg acc:53.1582
2024-05-29 06:03:34,731 - INFO - Batch num: 60, Task 0 acc: 73.1186, Batch num: 60, Task 1 acc: 4.5130, Batch num: 60, Task 2 acc: 50.3233, Batch num: 60, Task 3 acc: 89.3421, Task avg acc:54.3242
2024-05-29 06:03:44,090 - INFO - Batch num: 70, Task 0 acc: 75.9885, Batch num: 70, Task 1 acc: 6.0173, Batch num: 70, Task 2 acc: 45.9231, Batch num: 70, Task 3 acc: 91.1020, Task avg acc:54.7577
2024-05-29 06:03:53,534 - INFO - Batch num: 80, Task 0 acc: 80.9152, Batch num: 80, Task 1 acc: 7.3720, Batch num: 80, Task 2 acc: 46.1117, Batch num: 80, Task 3 acc: 91.4720, Task avg acc:56.4677
2024-05-29 06:04:02,903 - INFO - Batch num: 90, Task 0 acc: 80.2695, Batch num: 90, Task 1 acc: 9.6077, Batch num: 90, Task 2 acc: 42.2504, Batch num: 90, Task 3 acc: 92.1875, Task avg acc:56.0788
2024-05-29 06:04:03,036 - INFO - Epoch 1
2024-05-29 06:04:12,170 - INFO - Batch num: 0, Task 0 acc: 78.2207, Batch num: 0, Task 1 acc: 7.8125, Batch num: 0, Task 2 acc: 42.1785, Batch num: 0, Task 3 acc: 92.4424, Task avg acc:55.1635
2024-05-29 06:04:21,586 - INFO - Batch num: 10, Task 0 acc: 74.7608, Batch num: 10, Task 1 acc: 5.8594, Batch num: 10, Task 2 acc: 38.2902, Batch num: 10, Task 3 acc: 92.9030, Task avg acc:52.9534
2024-05-29 06:04:31,004 - INFO - Batch num: 20, Task 0 acc: 72.7121, Batch num: 20, Task 1 acc: 6.5492, Batch num: 20, Task 2 acc: 36.5481, Batch num: 20, Task 3 acc: 94.6875, Task avg acc:52.6242
2024-05-29 06:04:40,342 - INFO - Batch num: 30, Task 0 acc: 73.6209, Batch num: 30, Task 1 acc: 6.3414, Batch num: 30, Task 2 acc: 31.6721, Batch num: 30, Task 3 acc: 95.3783, Task avg acc:51.7532
2024-05-29 06:04:49,737 - INFO - Batch num: 40, Task 0 acc: 71.7474, Batch num: 40, Task 1 acc: 6.2999, Batch num: 40, Task 2 acc: 33.4770, Batch num: 40, Task 3 acc: 96.0855, Task avg acc:51.9025
2024-05-29 06:04:59,205 - INFO - Batch num: 50, Task 0 acc: 69.9617, Batch num: 50, Task 1 acc: 6.2500, Batch num: 50, Task 2 acc: 32.4084, Batch num: 50, Task 3 acc: 96.6941, Task avg acc:51.3286
2024-05-29 06:05:08,772 - INFO - Batch num: 60, Task 0 acc: 72.5606, Batch num: 60, Task 1 acc: 6.7736, Batch num: 60, Task 2 acc: 33.0370, Batch num: 60, Task 3 acc: 96.6118, Task avg acc:52.2458
2024-05-29 06:05:19,061 - INFO - Batch num: 70, Task 0 acc: 75.7254, Batch num: 70, Task 1 acc: 6.5741, Batch num: 70, Task 2 acc: 32.5790, Batch num: 70, Task 3 acc: 97.4095, Task avg acc:53.0720
2024-05-29 06:05:28,556 - INFO - Batch num: 80, Task 0 acc: 78.1967, Batch num: 80, Task 1 acc: 7.0645, Batch num: 80, Task 2 acc: 33.8811, Batch num: 80, Task 3 acc: 97.8372, Task avg acc:54.2449
2024-05-29 06:05:38,025 - INFO - Batch num: 90, Task 0 acc: 74.9761, Batch num: 90, Task 1 acc: 7.2141, Batch num: 90, Task 2 acc: 39.7989, Batch num: 90, Task 3 acc: 97.6480, Task avg acc:54.9093
2024-05-29 06:05:38,159 - INFO - Epoch 2
2024-05-29 06:05:47,952 - INFO - Batch num: 0, Task 0 acc: 73.6527, Batch num: 0, Task 1 acc: 7.5216, Batch num: 0, Task 2 acc: 43.8218, Batch num: 0, Task 3 acc: 97.2533, Task avg acc:55.5624
2024-05-29 06:05:57,926 - INFO - Batch num: 10, Task 0 acc: 72.7599, Batch num: 10, Task 1 acc: 5.6350, Batch num: 10, Task 2 acc: 46.5787, Batch num: 10, Task 3 acc: 97.1464, Task avg acc:55.5300
2024-05-29 06:06:08,008 - INFO - Batch num: 20, Task 0 acc: 69.2602, Batch num: 20, Task 1 acc: 4.7457, Batch num: 20, Task 2 acc: 51.8050, Batch num: 20, Task 3 acc: 96.8586, Task avg acc:55.6673
2024-05-29 06:06:17,477 - INFO - Batch num: 30, Task 0 acc: 67.0281, Batch num: 30, Task 1 acc: 4.8703, Batch num: 30, Task 2 acc: 56.4116, Batch num: 30, Task 3 acc: 96.6447, Task avg acc:56.2387
2024-05-29 06:06:26,858 - INFO - Batch num: 40, Task 0 acc: 67.5462, Batch num: 40, Task 1 acc: 6.3913, Batch num: 40, Task 2 acc: 57.6688, Batch num: 40, Task 3 acc: 96.5625, Task avg acc:57.0422
2024-05-29 06:06:36,321 - INFO - Batch num: 50, Task 0 acc: 70.5756, Batch num: 50, Task 1 acc: 6.9481, Batch num: 50, Task 2 acc: 55.0287, Batch num: 50, Task 3 acc: 96.9161, Task avg acc:57.3671
2024-05-29 06:06:46,769 - INFO - Batch num: 60, Task 0 acc: 73.0708, Batch num: 60, Task 1 acc: 6.4578, Batch num: 60, Task 2 acc: 52.5593, Batch num: 60, Task 3 acc: 97.2368, Task avg acc:57.3312
2024-05-29 06:06:56,243 - INFO - Batch num: 70, Task 0 acc: 71.6279, Batch num: 70, Task 1 acc: 5.9840, Batch num: 70, Task 2 acc: 51.8499, Batch num: 70, Task 3 acc: 97.3684, Task avg acc:56.7075
2024-05-29 06:07:05,623 - INFO - Batch num: 80, Task 0 acc: 73.8999, Batch num: 80, Task 1 acc: 5.6765, Batch num: 80, Task 2 acc: 52.2989, Batch num: 80, Task 3 acc: 97.0148, Task avg acc:57.2225
2024-05-29 06:07:15,674 - INFO - Batch num: 90, Task 0 acc: 70.1849, Batch num: 90, Task 1 acc: 5.8261, Batch num: 90, Task 2 acc: 48.3926, Batch num: 90, Task 3 acc: 97.5247, Task avg acc:55.4821
2024-05-29 06:07:15,837 - INFO - Epoch 3
2024-05-29 06:07:25,499 - INFO - Batch num: 0, Task 0 acc: 68.3036, Batch num: 0, Task 1 acc: 5.1695, Batch num: 0, Task 2 acc: 46.5876, Batch num: 0, Task 3 acc: 97.6727, Task avg acc:54.4334
2024-05-29 06:07:35,502 - INFO - Batch num: 10, Task 0 acc: 68.4232, Batch num: 10, Task 1 acc: 5.0947, Batch num: 10, Task 2 acc: 45.1149, Batch num: 10, Task 3 acc: 97.6727, Task avg acc:54.0764
2024-05-29 06:07:44,945 - INFO - Batch num: 20, Task 0 acc: 68.0006, Batch num: 20, Task 1 acc: 4.4382, Batch num: 20, Task 2 acc: 45.6627, Batch num: 20, Task 3 acc: 97.6398, Task avg acc:53.9353
2024-05-29 06:07:54,363 - INFO - Batch num: 30, Task 0 acc: 66.6374, Batch num: 30, Task 1 acc: 5.0366, Batch num: 30, Task 2 acc: 45.9052, Batch num: 30, Task 3 acc: 97.5905, Task avg acc:53.7924
2024-05-29 06:08:03,831 - INFO - Batch num: 40, Task 0 acc: 66.2787, Batch num: 40, Task 1 acc: 5.3025, Batch num: 40, Task 2 acc: 44.6570, Batch num: 40, Task 3 acc: 97.8125, Task avg acc:53.5127
2024-05-29 06:08:13,191 - INFO - Batch num: 50, Task 0 acc: 67.6977, Batch num: 50, Task 1 acc: 6.4744, Batch num: 50, Task 2 acc: 44.7288, Batch num: 50, Task 3 acc: 97.8043, Task avg acc:54.1763
2024-05-29 06:08:22,674 - INFO - Batch num: 60, Task 0 acc: 69.5073, Batch num: 60, Task 1 acc: 5.3856, Batch num: 60, Task 2 acc: 44.0463, Batch num: 60, Task 3 acc: 97.8947, Task avg acc:54.2085
2024-05-29 06:08:32,037 - INFO - Batch num: 70, Task 0 acc: 69.7066, Batch num: 70, Task 1 acc: 5.6267, Batch num: 70, Task 2 acc: 42.5198, Batch num: 70, Task 3 acc: 97.9852, Task avg acc:53.9596
2024-05-29 06:08:42,144 - INFO - Batch num: 80, Task 0 acc: 68.2398, Batch num: 80, Task 1 acc: 5.6516, Batch num: 80, Task 2 acc: 40.4364, Batch num: 80, Task 3 acc: 98.0674, Task avg acc:53.0988
2024-05-29 06:08:51,438 - INFO - Batch num: 90, Task 0 acc: 68.9174, Batch num: 90, Task 1 acc: 4.9036, Batch num: 90, Task 2 acc: 39.0266, Batch num: 90, Task 3 acc: 98.0345, Task avg acc:52.7205
2024-05-29 06:08:51,579 - INFO - ##########Task 4##########
2024-05-29 06:08:51,580 - INFO - Epoch 0
2024-05-29 06:09:02,586 - INFO - Batch num: 0, Task 0 acc: 68.1282, Batch num: 0, Task 1 acc: 4.7041, Batch num: 0, Task 2 acc: 38.5955, Batch num: 0, Task 3 acc: 97.8947, Batch num: 0, Task 4 acc: 6.2075, Task avg acc:43.1060
2024-05-29 06:09:13,913 - INFO - Batch num: 10, Task 0 acc: 76.5067, Batch num: 10, Task 1 acc: 8.6436, Batch num: 10, Task 2 acc: 43.5704, Batch num: 10, Task 3 acc: 92.0066, Batch num: 10, Task 4 acc: 16.8308, Task avg acc:47.5116
2024-05-29 06:09:25,984 - INFO - Batch num: 20, Task 0 acc: 72.9751, Batch num: 20, Task 1 acc: 10.1812, Batch num: 20, Task 2 acc: 43.9835, Batch num: 20, Task 3 acc: 77.3273, Batch num: 20, Task 4 acc: 31.3689, Task avg acc:47.1672
2024-05-29 06:09:38,228 - INFO - Batch num: 30, Task 0 acc: 60.2439, Batch num: 30, Task 1 acc: 5.0615, Batch num: 30, Task 2 acc: 19.0374, Batch num: 30, Task 3 acc: 49.5395, Batch num: 30, Task 4 acc: 65.5486, Task avg acc:39.8862
2024-05-29 06:09:49,470 - INFO - Batch num: 40, Task 0 acc: 55.0383, Batch num: 40, Task 1 acc: 2.3438, Batch num: 40, Task 2 acc: 2.2180, Batch num: 40, Task 3 acc: 33.6349, Batch num: 40, Task 4 acc: 81.8359, Task avg acc:35.0142
2024-05-29 06:10:00,820 - INFO - Batch num: 50, Task 0 acc: 59.9171, Batch num: 50, Task 1 acc: 2.9671, Batch num: 50, Task 2 acc: 1.0237, Batch num: 50, Task 3 acc: 28.6184, Batch num: 50, Task 4 acc: 80.5112, Task avg acc:34.6075
2024-05-29 06:10:12,091 - INFO - Batch num: 60, Task 0 acc: 61.8064, Batch num: 60, Task 1 acc: 4.3218, Batch num: 60, Task 2 acc: 0.7543, Batch num: 60, Task 3 acc: 26.2500, Batch num: 60, Task 4 acc: 81.9633, Task avg acc:35.0192
2024-05-29 06:10:23,442 - INFO - Batch num: 70, Task 0 acc: 56.3855, Batch num: 70, Task 1 acc: 6.6074, Batch num: 70, Task 2 acc: 1.1315, Batch num: 70, Task 3 acc: 25.7484, Batch num: 70, Task 4 acc: 86.0479, Task avg acc:35.1841
2024-05-29 06:10:34,705 - INFO - Batch num: 80, Task 0 acc: 55.2695, Batch num: 80, Task 1 acc: 6.1420, Batch num: 80, Task 2 acc: 0.7902, Batch num: 80, Task 3 acc: 26.6776, Batch num: 80, Task 4 acc: 86.0479, Task avg acc:34.9854
2024-05-29 06:10:46,588 - INFO - Batch num: 90, Task 0 acc: 51.6263, Batch num: 90, Task 1 acc: 5.2610, Batch num: 90, Task 2 acc: 1.3649, Batch num: 90, Task 3 acc: 22.3684, Batch num: 90, Task 4 acc: 86.8461, Task avg acc:33.4933
2024-05-29 06:10:46,622 - INFO - Epoch 1
2024-05-29 06:10:58,507 - INFO - Batch num: 0, Task 0 acc: 52.2321, Batch num: 0, Task 1 acc: 6.0090, Batch num: 0, Task 2 acc: 1.5176, Batch num: 0, Task 3 acc: 22.5164, Batch num: 0, Task 4 acc: 86.3536, Task avg acc:33.7258
2024-05-29 06:11:10,090 - INFO - Batch num: 10, Task 0 acc: 51.4270, Batch num: 10, Task 1 acc: 5.9591, Batch num: 10, Task 2 acc: 2.4874, Batch num: 10, Task 3 acc: 20.7401, Batch num: 10, Task 4 acc: 85.5384, Task avg acc:33.2304
2024-05-29 06:11:21,460 - INFO - Batch num: 20, Task 0 acc: 50.1196, Batch num: 20, Task 1 acc: 5.9674, Batch num: 20, Task 2 acc: 1.6703, Batch num: 20, Task 3 acc: 23.1086, Batch num: 20, Task 4 acc: 86.5234, Task avg acc:33.4778
2024-05-29 06:11:32,793 - INFO - Batch num: 30, Task 0 acc: 50.0080, Batch num: 30, Task 1 acc: 7.0146, Batch num: 30, Task 2 acc: 0.9519, Batch num: 30, Task 3 acc: 26.1020, Batch num: 30, Task 4 acc: 86.6253, Task avg acc:34.1404
2024-05-29 06:11:44,107 - INFO - Batch num: 40, Task 0 acc: 49.9283, Batch num: 40, Task 1 acc: 5.6932, Batch num: 40, Task 2 acc: 0.6286, Batch num: 40, Task 3 acc: 23.4704, Batch num: 40, Task 4 acc: 87.3471, Task avg acc:33.4135
2024-05-29 06:11:55,437 - INFO - Batch num: 50, Task 0 acc: 51.5944, Batch num: 50, Task 1 acc: 6.5243, Batch num: 50, Task 2 acc: 0.9159, Batch num: 50, Task 3 acc: 24.9836, Batch num: 50, Task 4 acc: 87.1349, Task avg acc:34.2306
2024-05-29 06:12:06,681 - INFO - Batch num: 60, Task 0 acc: 54.9346, Batch num: 60, Task 1 acc: 7.2473, Batch num: 60, Task 2 acc: 1.0057, Batch num: 60, Task 3 acc: 29.2188, Batch num: 60, Task 4 acc: 86.1668, Task avg acc:35.7146
2024-05-29 06:12:18,059 - INFO - Batch num: 70, Task 0 acc: 53.7628, Batch num: 70, Task 1 acc: 8.0701, Batch num: 70, Task 2 acc: 1.2302, Batch num: 70, Task 3 acc: 30.2549, Batch num: 70, Task 4 acc: 87.2283, Task avg acc:36.1093
2024-05-29 06:12:29,890 - INFO - Batch num: 80, Task 0 acc: 50.6856, Batch num: 80, Task 1 acc: 9.5828, Batch num: 80, Task 2 acc: 1.3380, Batch num: 80, Task 3 acc: 27.9030, Batch num: 80, Task 4 acc: 87.9501, Task avg acc:35.4919
2024-05-29 06:12:43,297 - INFO - Batch num: 90, Task 0 acc: 50.3029, Batch num: 90, Task 1 acc: 11.5858, Batch num: 90, Task 2 acc: 2.0744, Batch num: 90, Task 3 acc: 25.6990, Batch num: 90, Task 4 acc: 88.4086, Task avg acc:35.6141
2024-05-29 06:12:43,332 - INFO - Epoch 2
2024-05-29 06:12:56,189 - INFO - Batch num: 0, Task 0 acc: 50.8291, Batch num: 0, Task 1 acc: 11.1203, Batch num: 0, Task 2 acc: 2.5413, Batch num: 0, Task 3 acc: 25.8141, Batch num: 0, Task 4 acc: 88.4086, Task avg acc:35.7427
2024-05-29 06:13:09,472 - INFO - Batch num: 10, Task 0 acc: 51.6741, Batch num: 10, Task 1 acc: 10.5386, Batch num: 10, Task 2 acc: 3.5560, Batch num: 10, Task 3 acc: 28.7089, Batch num: 10, Task 4 acc: 87.7802, Task avg acc:36.4516
2024-05-29 06:13:22,250 - INFO - Batch num: 20, Task 0 acc: 52.6706, Batch num: 20, Task 1 acc: 9.3418, Batch num: 20, Task 2 acc: 2.6940, Batch num: 20, Task 3 acc: 27.1793, Batch num: 20, Task 4 acc: 87.7378, Task avg acc:35.9247
2024-05-29 06:13:34,173 - INFO - Batch num: 30, Task 0 acc: 51.8256, Batch num: 30, Task 1 acc: 7.8624, Batch num: 30, Task 2 acc: 2.0564, Batch num: 30, Task 3 acc: 23.8076, Batch num: 30, Task 4 acc: 87.9925, Task avg acc:34.7089
2024-05-29 06:13:45,536 - INFO - Batch num: 40, Task 0 acc: 56.8718, Batch num: 40, Task 1 acc: 6.8733, Batch num: 40, Task 2 acc: 1.8858, Batch num: 40, Task 3 acc: 21.4967, Batch num: 40, Task 4 acc: 86.6338, Task avg acc:34.7523
2024-05-29 06:13:56,803 - INFO - Batch num: 50, Task 0 acc: 59.3112, Batch num: 50, Task 1 acc: 7.2889, Batch num: 50, Task 2 acc: 1.6972, Batch num: 50, Task 3 acc: 19.0625, Batch num: 50, Task 4 acc: 86.2177, Task avg acc:34.7155
2024-05-29 06:14:08,156 - INFO - Batch num: 60, Task 0 acc: 59.7258, Batch num: 60, Task 1 acc: 6.8401, Batch num: 60, Task 2 acc: 1.7421, Batch num: 60, Task 3 acc: 19.5230, Batch num: 60, Task 4 acc: 85.9205, Task avg acc:34.7503
2024-05-29 06:14:19,441 - INFO - Batch num: 70, Task 0 acc: 55.7717, Batch num: 70, Task 1 acc: 5.1862, Batch num: 70, Task 2 acc: 1.4727, Batch num: 70, Task 3 acc: 17.9523, Batch num: 70, Task 4 acc: 86.5744, Task avg acc:33.3914
2024-05-29 06:14:31,097 - INFO - Batch num: 80, Task 0 acc: 54.6875, Batch num: 80, Task 1 acc: 4.7457, Batch num: 80, Task 2 acc: 1.2033, Batch num: 80, Task 3 acc: 18.0428, Batch num: 80, Task 4 acc: 86.5234, Task avg acc:33.0405
2024-05-29 06:14:43,781 - INFO - Batch num: 90, Task 0 acc: 56.7203, Batch num: 90, Task 1 acc: 3.6735, Batch num: 90, Task 2 acc: 1.1943, Batch num: 90, Task 3 acc: 18.9967, Batch num: 90, Task 4 acc: 85.2921, Task avg acc:33.1754
2024-05-29 06:14:43,816 - INFO - Epoch 3
2024-05-29 06:14:54,985 - INFO - Batch num: 0, Task 0 acc: 57.3422, Batch num: 0, Task 1 acc: 3.6154, Batch num: 0, Task 2 acc: 1.1853, Batch num: 0, Task 3 acc: 19.4326, Batch num: 0, Task 4 acc: 85.1647, Task avg acc:33.3480
2024-05-29 06:15:06,262 - INFO - Batch num: 10, Task 0 acc: 57.2226, Batch num: 10, Task 1 acc: 3.2746, Batch num: 10, Task 2 acc: 1.1943, Batch num: 10, Task 3 acc: 20.4688, Batch num: 10, Task 4 acc: 85.1987, Task avg acc:33.4718
2024-05-29 06:15:17,619 - INFO - Batch num: 20, Task 0 acc: 57.9082, Batch num: 20, Task 1 acc: 4.1390, Batch num: 20, Task 2 acc: 1.1943, Batch num: 20, Task 3 acc: 20.6414, Batch num: 20, Task 4 acc: 85.3940, Task avg acc:33.8554
2024-05-29 06:15:28,905 - INFO - Batch num: 30, Task 0 acc: 56.4812, Batch num: 30, Task 1 acc: 4.5795, Batch num: 30, Task 2 acc: 1.6703, Batch num: 30, Task 3 acc: 18.8816, Batch num: 30, Task 4 acc: 86.2942, Task avg acc:33.5813
2024-05-29 06:15:40,248 - INFO - Batch num: 40, Task 0 acc: 57.0233, Batch num: 40, Task 1 acc: 5.7347, Batch num: 40, Task 2 acc: 1.7780, Batch num: 40, Task 3 acc: 16.6283, Batch num: 40, Task 4 acc: 86.9395, Task avg acc:33.6208
2024-05-29 06:15:51,580 - INFO - Batch num: 50, Task 0 acc: 57.7168, Batch num: 50, Task 1 acc: 5.2194, Batch num: 50, Task 2 acc: 2.0115, Batch num: 50, Task 3 acc: 15.0000, Batch num: 50, Task 4 acc: 86.8631, Task avg acc:33.3622
2024-05-29 06:16:02,935 - INFO - Batch num: 60, Task 0 acc: 56.7363, Batch num: 60, Task 1 acc: 5.3191, Batch num: 60, Task 2 acc: 2.1911, Batch num: 60, Task 3 acc: 13.1414, Batch num: 60, Task 4 acc: 87.5849, Task avg acc:32.9946
2024-05-29 06:16:14,238 - INFO - Batch num: 70, Task 0 acc: 55.0383, Batch num: 70, Task 1 acc: 5.1862, Batch num: 70, Task 2 acc: 2.3527, Batch num: 70, Task 3 acc: 11.0444, Batch num: 70, Task 4 acc: 88.6804, Task avg acc:32.4604
2024-05-29 06:16:25,602 - INFO - Batch num: 80, Task 0 acc: 56.0188, Batch num: 80, Task 1 acc: 4.0475, Batch num: 80, Task 2 acc: 2.4964, Batch num: 80, Task 3 acc: 9.6464, Batch num: 80, Task 4 acc: 88.6549, Task avg acc:32.1728
2024-05-29 06:16:36,816 - INFO - Batch num: 90, Task 0 acc: 52.5191, Batch num: 90, Task 1 acc: 3.1084, Batch num: 90, Task 2 acc: 3.1250, Batch num: 90, Task 3 acc: 9.2681, Batch num: 90, Task 4 acc: 89.3088, Task avg acc:31.4659
