2024-05-28 23:18:28,671 - INFO - ##########Task 0##########
2024-05-28 23:18:28,672 - INFO - Epoch 0
2024-05-28 23:18:31,300 - INFO - Batch num: 0, Task 0 acc: 31.6486, Task avg acc:31.6486
2024-05-28 23:18:33,977 - INFO - Batch num: 10, Task 0 acc: 61.7267, Task avg acc:61.7267
2024-05-28 23:18:36,722 - INFO - Batch num: 20, Task 0 acc: 88.7675, Task avg acc:88.7675
2024-05-28 23:18:39,388 - INFO - Batch num: 30, Task 0 acc: 97.0185, Task avg acc:97.0185
2024-05-28 23:18:42,061 - INFO - Batch num: 40, Task 0 acc: 96.6438, Task avg acc:96.6438
2024-05-28 23:18:44,739 - INFO - Batch num: 50, Task 0 acc: 96.4286, Task avg acc:96.4286
2024-05-28 23:18:47,460 - INFO - Batch num: 60, Task 0 acc: 96.1336, Task avg acc:96.1336
2024-05-28 23:18:50,132 - INFO - Batch num: 70, Task 0 acc: 96.8909, Task avg acc:96.8909
2024-05-28 23:18:52,794 - INFO - Batch num: 80, Task 0 acc: 97.9990, Task avg acc:97.9990
2024-05-28 23:18:55,487 - INFO - Batch num: 90, Task 0 acc: 98.1505, Task avg acc:98.1505
2024-05-28 23:18:55,694 - INFO - Epoch 1
2024-05-28 23:18:58,109 - INFO - Batch num: 0, Task 0 acc: 97.6642, Task avg acc:97.6642
2024-05-28 23:19:00,876 - INFO - Batch num: 10, Task 0 acc: 96.5800, Task avg acc:96.5800
2024-05-28 23:19:03,584 - INFO - Batch num: 20, Task 0 acc: 96.0938, Task avg acc:96.0938
2024-05-28 23:19:06,276 - INFO - Batch num: 30, Task 0 acc: 97.2018, Task avg acc:97.2018
2024-05-28 23:19:08,940 - INFO - Batch num: 40, Task 0 acc: 97.0902, Task avg acc:97.0902
2024-05-28 23:19:11,606 - INFO - Batch num: 50, Task 0 acc: 97.0823, Task avg acc:97.0823
2024-05-28 23:19:14,333 - INFO - Batch num: 60, Task 0 acc: 97.3374, Task avg acc:97.3374
2024-05-28 23:19:16,997 - INFO - Batch num: 70, Task 0 acc: 97.2736, Task avg acc:97.2736
2024-05-28 23:19:19,696 - INFO - Batch num: 80, Task 0 acc: 96.8112, Task avg acc:96.8112
2024-05-28 23:19:22,362 - INFO - Batch num: 90, Task 0 acc: 97.4490, Task avg acc:97.4490
2024-05-28 23:19:22,571 - INFO - Epoch 2
2024-05-28 23:19:25,086 - INFO - Batch num: 0, Task 0 acc: 97.9193, Task avg acc:97.9193
2024-05-28 23:19:27,778 - INFO - Batch num: 10, Task 0 acc: 97.8874, Task avg acc:97.8874
2024-05-28 23:19:30,449 - INFO - Batch num: 20, Task 0 acc: 97.8237, Task avg acc:97.8237
2024-05-28 23:19:33,135 - INFO - Batch num: 30, Task 0 acc: 98.3339, Task avg acc:98.3339
2024-05-28 23:19:35,801 - INFO - Batch num: 40, Task 0 acc: 97.8396, Task avg acc:97.8396
2024-05-28 23:19:38,540 - INFO - Batch num: 50, Task 0 acc: 97.5048, Task avg acc:97.5048
2024-05-28 23:19:41,198 - INFO - Batch num: 60, Task 0 acc: 97.4968, Task avg acc:97.4968
2024-05-28 23:19:43,870 - INFO - Batch num: 70, Task 0 acc: 97.5686, Task avg acc:97.5686
2024-05-28 23:19:46,531 - INFO - Batch num: 80, Task 0 acc: 97.7280, Task avg acc:97.7280
2024-05-28 23:19:49,269 - INFO - Batch num: 90, Task 0 acc: 97.9034, Task avg acc:97.9034
2024-05-28 23:19:49,473 - INFO - Epoch 3
2024-05-28 23:19:51,876 - INFO - Batch num: 0, Task 0 acc: 98.3259, Task avg acc:98.3259
2024-05-28 23:19:54,547 - INFO - Batch num: 10, Task 0 acc: 98.5092, Task avg acc:98.5092
2024-05-28 23:19:57,230 - INFO - Batch num: 20, Task 0 acc: 98.2940, Task avg acc:98.2940
2024-05-28 23:19:59,952 - INFO - Batch num: 30, Task 0 acc: 98.6288, Task avg acc:98.6288
2024-05-28 23:20:02,619 - INFO - Batch num: 40, Task 0 acc: 98.3976, Task avg acc:98.3976
2024-05-28 23:20:05,285 - INFO - Batch num: 50, Task 0 acc: 98.3498, Task avg acc:98.3498
2024-05-28 23:20:08,040 - INFO - Batch num: 60, Task 0 acc: 98.3259, Task avg acc:98.3259
2024-05-28 23:20:10,711 - INFO - Batch num: 70, Task 0 acc: 98.3339, Task avg acc:98.3339
2024-05-28 23:20:13,389 - INFO - Batch num: 80, Task 0 acc: 98.3339, Task avg acc:98.3339
2024-05-28 23:20:16,060 - INFO - Batch num: 90, Task 0 acc: 98.3897, Task avg acc:98.3897
2024-05-28 23:20:16,277 - INFO - ##########Task 1##########
2024-05-28 23:20:16,277 - INFO - Epoch 0
2024-05-28 23:20:20,974 - INFO - Batch num: 0, Task 0 acc: 98.2462, Batch num: 0, Task 1 acc: 5.8095, Task avg acc:52.0278
2024-05-28 23:20:25,918 - INFO - Batch num: 10, Task 0 acc: 94.4834, Batch num: 10, Task 1 acc: 48.2879, Task avg acc:71.3857
2024-05-28 23:20:30,944 - INFO - Batch num: 20, Task 0 acc: 89.0784, Batch num: 20, Task 1 acc: 64.9102, Task avg acc:76.9943
2024-05-28 23:20:36,045 - INFO - Batch num: 30, Task 0 acc: 84.4627, Batch num: 30, Task 1 acc: 69.1489, Task avg acc:76.8058
2024-05-28 23:20:41,058 - INFO - Batch num: 40, Task 0 acc: 85.3077, Batch num: 40, Task 1 acc: 72.0994, Task avg acc:78.7036
2024-05-28 23:20:46,046 - INFO - Batch num: 50, Task 0 acc: 86.0969, Batch num: 50, Task 1 acc: 74.9335, Task avg acc:80.5152
2024-05-28 23:20:50,986 - INFO - Batch num: 60, Task 0 acc: 87.7870, Batch num: 60, Task 1 acc: 74.1439, Task avg acc:80.9655
2024-05-28 23:20:56,010 - INFO - Batch num: 70, Task 0 acc: 88.0421, Batch num: 70, Task 1 acc: 73.9860, Task avg acc:81.0141
2024-05-28 23:21:00,971 - INFO - Batch num: 80, Task 0 acc: 86.4477, Batch num: 80, Task 1 acc: 78.4325, Task avg acc:82.4401
2024-05-28 23:21:05,902 - INFO - Batch num: 90, Task 0 acc: 83.8728, Batch num: 90, Task 1 acc: 79.6792, Task avg acc:81.7760
2024-05-28 23:21:05,994 - INFO - Epoch 1
2024-05-28 23:21:10,673 - INFO - Batch num: 0, Task 0 acc: 82.3182, Batch num: 0, Task 1 acc: 78.6486, Task avg acc:80.4834
2024-05-28 23:21:15,619 - INFO - Batch num: 10, Task 0 acc: 83.6416, Batch num: 10, Task 1 acc: 78.7234, Task avg acc:81.1825
2024-05-28 23:21:20,639 - INFO - Batch num: 20, Task 0 acc: 84.9091, Batch num: 20, Task 1 acc: 76.0472, Task avg acc:80.4782
2024-05-28 23:21:25,573 - INFO - Batch num: 30, Task 0 acc: 84.5105, Batch num: 30, Task 1 acc: 74.6509, Task avg acc:79.5807
2024-05-28 23:21:30,537 - INFO - Batch num: 40, Task 0 acc: 84.9809, Batch num: 40, Task 1 acc: 73.5788, Task avg acc:79.2798
2024-05-28 23:21:35,495 - INFO - Batch num: 50, Task 0 acc: 86.4397, Batch num: 50, Task 1 acc: 73.4541, Task avg acc:79.9469
2024-05-28 23:21:40,442 - INFO - Batch num: 60, Task 0 acc: 85.7701, Batch num: 60, Task 1 acc: 73.5539, Task avg acc:79.6620
2024-05-28 23:21:45,477 - INFO - Batch num: 70, Task 0 acc: 86.8224, Batch num: 70, Task 1 acc: 75.4322, Task avg acc:81.1273
2024-05-28 23:21:50,418 - INFO - Batch num: 80, Task 0 acc: 85.8179, Batch num: 80, Task 1 acc: 76.1553, Task avg acc:80.9866
2024-05-28 23:21:55,376 - INFO - Batch num: 90, Task 0 acc: 86.2962, Batch num: 90, Task 1 acc: 76.6124, Task avg acc:81.4543
2024-05-28 23:21:55,468 - INFO - Epoch 2
2024-05-28 23:22:00,148 - INFO - Batch num: 0, Task 0 acc: 85.5469, Batch num: 0, Task 1 acc: 75.8561, Task avg acc:80.7015
2024-05-28 23:22:05,097 - INFO - Batch num: 10, Task 0 acc: 86.4158, Batch num: 10, Task 1 acc: 76.3381, Task avg acc:81.3770
2024-05-28 23:22:10,113 - INFO - Batch num: 20, Task 0 acc: 86.0890, Batch num: 20, Task 1 acc: 75.7231, Task avg acc:80.9060
2024-05-28 23:22:15,055 - INFO - Batch num: 30, Task 0 acc: 86.9579, Batch num: 30, Task 1 acc: 75.7729, Task avg acc:81.3654
2024-05-28 23:22:20,001 - INFO - Batch num: 40, Task 0 acc: 87.1253, Batch num: 40, Task 1 acc: 74.6509, Task avg acc:80.8881
2024-05-28 23:22:24,948 - INFO - Batch num: 50, Task 0 acc: 88.4805, Batch num: 50, Task 1 acc: 77.6180, Task avg acc:83.0493
2024-05-28 23:22:29,885 - INFO - Batch num: 60, Task 0 acc: 86.5434, Batch num: 60, Task 1 acc: 78.4076, Task avg acc:82.4755
2024-05-28 23:22:34,894 - INFO - Batch num: 70, Task 0 acc: 86.7506, Batch num: 70, Task 1 acc: 78.0668, Task avg acc:82.4087
2024-05-28 23:22:39,822 - INFO - Batch num: 80, Task 0 acc: 86.2404, Batch num: 80, Task 1 acc: 76.9864, Task avg acc:81.6134
2024-05-28 23:22:44,755 - INFO - Batch num: 90, Task 0 acc: 86.3680, Batch num: 90, Task 1 acc: 76.4046, Task avg acc:81.3863
2024-05-28 23:22:44,849 - INFO - Epoch 3
2024-05-28 23:22:49,522 - INFO - Batch num: 0, Task 0 acc: 85.8578, Batch num: 0, Task 1 acc: 75.8727, Task avg acc:80.8652
2024-05-28 23:22:54,464 - INFO - Batch num: 10, Task 0 acc: 86.3680, Batch num: 10, Task 1 acc: 77.0445, Task avg acc:81.7063
2024-05-28 23:22:59,488 - INFO - Batch num: 20, Task 0 acc: 86.6470, Batch num: 20, Task 1 acc: 76.8285, Task avg acc:81.7377
2024-05-28 23:23:04,530 - INFO - Batch num: 30, Task 0 acc: 86.8862, Batch num: 30, Task 1 acc: 76.5209, Task avg acc:81.7036
2024-05-28 23:23:09,472 - INFO - Batch num: 40, Task 0 acc: 86.2484, Batch num: 40, Task 1 acc: 78.2746, Task avg acc:82.2615
2024-05-28 23:23:14,409 - INFO - Batch num: 50, Task 0 acc: 86.5753, Batch num: 50, Task 1 acc: 80.5851, Task avg acc:83.5802
2024-05-28 23:23:19,396 - INFO - Batch num: 60, Task 0 acc: 84.8613, Batch num: 60, Task 1 acc: 81.8900, Task avg acc:83.3756
2024-05-28 23:23:24,442 - INFO - Batch num: 70, Task 0 acc: 85.1084, Batch num: 70, Task 1 acc: 82.3305, Task avg acc:83.7194
2024-05-28 23:23:29,563 - INFO - Batch num: 80, Task 0 acc: 84.5902, Batch num: 80, Task 1 acc: 82.7543, Task avg acc:83.6723
2024-05-28 23:23:34,562 - INFO - Batch num: 90, Task 0 acc: 85.1802, Batch num: 90, Task 1 acc: 83.4774, Task avg acc:84.3288
2024-05-28 23:23:34,665 - INFO - ##########Task 2##########
2024-05-28 23:23:34,666 - INFO - Epoch 0
2024-05-28 23:23:41,528 - INFO - Batch num: 0, Task 0 acc: 84.8613, Batch num: 0, Task 1 acc: 80.6516, Batch num: 0, Task 2 acc: 0.5747, Task avg acc:55.3625
2024-05-28 23:23:48,577 - INFO - Batch num: 10, Task 0 acc: 82.4617, Batch num: 10, Task 1 acc: 79.6210, Batch num: 10, Task 2 acc: 8.0819, Task avg acc:56.7215
2024-05-28 23:23:55,700 - INFO - Batch num: 20, Task 0 acc: 76.4110, Batch num: 20, Task 1 acc: 76.5791, Batch num: 20, Task 2 acc: 29.0320, Task avg acc:60.6740
2024-05-28 23:24:02,744 - INFO - Batch num: 30, Task 0 acc: 67.1237, Batch num: 30, Task 1 acc: 71.3015, Batch num: 30, Task 2 acc: 42.4838, Task avg acc:60.3030
2024-05-28 23:24:09,828 - INFO - Batch num: 40, Task 0 acc: 61.5274, Batch num: 40, Task 1 acc: 64.5529, Batch num: 40, Task 2 acc: 52.5593, Task avg acc:59.5465
2024-05-28 23:24:16,869 - INFO - Batch num: 50, Task 0 acc: 60.0686, Batch num: 50, Task 1 acc: 61.1702, Batch num: 50, Task 2 acc: 62.5629, Task avg acc:61.2672
2024-05-28 23:24:23,919 - INFO - Batch num: 60, Task 0 acc: 59.7337, Batch num: 60, Task 1 acc: 67.3620, Batch num: 60, Task 2 acc: 59.0787, Task avg acc:62.0581
2024-05-28 23:24:30,968 - INFO - Batch num: 70, Task 0 acc: 59.2793, Batch num: 70, Task 1 acc: 71.2600, Batch num: 70, Task 2 acc: 55.1365, Task avg acc:61.8919
2024-05-28 23:24:38,096 - INFO - Batch num: 80, Task 0 acc: 57.4298, Batch num: 80, Task 1 acc: 69.4814, Batch num: 80, Task 2 acc: 59.4019, Task avg acc:62.1044
2024-05-28 23:24:38,275 - INFO - Epoch 1
2024-05-28 23:24:45,070 - INFO - Batch num: 0, Task 0 acc: 56.0666, Batch num: 0, Task 1 acc: 68.7583, Batch num: 0, Task 2 acc: 61.8804, Task avg acc:62.2351
2024-05-28 23:24:52,106 - INFO - Batch num: 10, Task 0 acc: 55.9232, Batch num: 10, Task 1 acc: 64.9601, Batch num: 10, Task 2 acc: 65.4364, Task avg acc:62.1066
2024-05-28 23:24:59,155 - INFO - Batch num: 20, Task 0 acc: 56.0587, Batch num: 20, Task 1 acc: 66.1154, Batch num: 20, Task 2 acc: 64.1972, Task avg acc:62.1237
2024-05-28 23:25:06,268 - INFO - Batch num: 30, Task 0 acc: 57.5415, Batch num: 30, Task 1 acc: 66.8218, Batch num: 30, Task 2 acc: 62.5898, Task avg acc:62.3177
2024-05-28 23:25:13,359 - INFO - Batch num: 40, Task 0 acc: 61.1288, Batch num: 40, Task 1 acc: 64.2620, Batch num: 40, Task 2 acc: 61.0273, Task avg acc:62.1394
2024-05-28 23:25:20,476 - INFO - Batch num: 50, Task 0 acc: 60.9774, Batch num: 50, Task 1 acc: 62.6496, Batch num: 50, Task 2 acc: 61.9073, Task avg acc:61.8448
2024-05-28 23:25:27,523 - INFO - Batch num: 60, Task 0 acc: 60.3237, Batch num: 60, Task 1 acc: 63.1483, Batch num: 60, Task 2 acc: 62.6976, Task avg acc:62.0565
2024-05-28 23:25:34,565 - INFO - Batch num: 70, Task 0 acc: 60.3635, Batch num: 70, Task 1 acc: 65.2926, Batch num: 70, Task 2 acc: 63.8290, Task avg acc:63.1617
2024-05-28 23:25:41,670 - INFO - Batch num: 80, Task 0 acc: 59.5105, Batch num: 80, Task 1 acc: 67.9023, Batch num: 80, Task 2 acc: 62.6257, Task avg acc:63.3462
2024-05-28 23:25:41,849 - INFO - Epoch 2
2024-05-28 23:25:48,625 - INFO - Batch num: 0, Task 0 acc: 59.2554, Batch num: 0, Task 1 acc: 67.3870, Batch num: 0, Task 2 acc: 60.9195, Task avg acc:62.5206
2024-05-28 23:25:55,673 - INFO - Batch num: 10, Task 0 acc: 59.1837, Batch num: 10, Task 1 acc: 64.0957, Batch num: 10, Task 2 acc: 61.7547, Task avg acc:61.6780
2024-05-28 23:26:02,731 - INFO - Batch num: 20, Task 0 acc: 58.6814, Batch num: 20, Task 1 acc: 61.9182, Batch num: 20, Task 2 acc: 62.2486, Task avg acc:60.9494
2024-05-28 23:26:09,872 - INFO - Batch num: 30, Task 0 acc: 58.0995, Batch num: 30, Task 1 acc: 59.4332, Batch num: 30, Task 2 acc: 65.5442, Task avg acc:61.0256
2024-05-28 23:26:16,915 - INFO - Batch num: 40, Task 0 acc: 58.4184, Batch num: 40, Task 1 acc: 58.7600, Batch num: 40, Task 2 acc: 67.0079, Task avg acc:61.3954
2024-05-28 23:26:23,980 - INFO - Batch num: 50, Task 0 acc: 58.2350, Batch num: 50, Task 1 acc: 60.2975, Batch num: 50, Task 2 acc: 66.0830, Task avg acc:61.5385
2024-05-28 23:26:31,024 - INFO - Batch num: 60, Task 0 acc: 59.2554, Batch num: 60, Task 1 acc: 63.1566, Batch num: 60, Task 2 acc: 65.1131, Task avg acc:62.5084
2024-05-28 23:26:38,177 - INFO - Batch num: 70, Task 0 acc: 60.0765, Batch num: 70, Task 1 acc: 62.3836, Batch num: 70, Task 2 acc: 64.8078, Task avg acc:62.4227
2024-05-28 23:26:45,271 - INFO - Batch num: 80, Task 0 acc: 61.1527, Batch num: 80, Task 1 acc: 61.0871, Batch num: 80, Task 2 acc: 63.4608, Task avg acc:61.9002
2024-05-28 23:26:45,451 - INFO - Epoch 3
2024-05-28 23:26:52,273 - INFO - Batch num: 0, Task 0 acc: 59.9809, Batch num: 0, Task 1 acc: 61.1370, Batch num: 0, Task 2 acc: 63.7213, Task avg acc:61.6130
2024-05-28 23:26:59,357 - INFO - Batch num: 10, Task 0 acc: 59.6700, Batch num: 10, Task 1 acc: 64.1539, Batch num: 10, Task 2 acc: 63.0927, Task avg acc:62.3055
2024-05-28 23:27:06,531 - INFO - Batch num: 20, Task 0 acc: 59.1996, Batch num: 20, Task 1 acc: 66.5808, Batch num: 20, Task 2 acc: 63.1735, Task avg acc:62.9846
2024-05-28 23:27:13,642 - INFO - Batch num: 30, Task 0 acc: 58.5778, Batch num: 30, Task 1 acc: 68.1350, Batch num: 30, Task 2 acc: 63.8290, Task avg acc:63.5139
2024-05-28 23:27:20,729 - INFO - Batch num: 40, Task 0 acc: 58.5539, Batch num: 40, Task 1 acc: 67.5199, Batch num: 40, Task 2 acc: 65.2478, Task avg acc:63.7739
2024-05-28 23:27:27,827 - INFO - Batch num: 50, Task 0 acc: 57.7806, Batch num: 50, Task 1 acc: 67.8108, Batch num: 50, Task 2 acc: 64.7091, Task avg acc:63.4335
2024-05-28 23:27:34,912 - INFO - Batch num: 60, Task 0 acc: 57.9480, Batch num: 60, Task 1 acc: 66.2899, Batch num: 60, Task 2 acc: 64.5474, Task avg acc:62.9284
2024-05-28 23:27:42,048 - INFO - Batch num: 70, Task 0 acc: 57.4059, Batch num: 70, Task 1 acc: 63.9212, Batch num: 70, Task 2 acc: 66.5858, Task avg acc:62.6377
2024-05-28 23:27:49,126 - INFO - Batch num: 80, Task 0 acc: 57.2624, Batch num: 80, Task 1 acc: 61.6273, Batch num: 80, Task 2 acc: 66.9720, Task avg acc:61.9539
2024-05-28 23:27:49,319 - INFO - ##########Task 3##########
2024-05-28 23:27:49,320 - INFO - Epoch 0
2024-05-28 23:27:58,456 - INFO - Batch num: 0, Task 0 acc: 56.8559, Batch num: 0, Task 1 acc: 60.8461, Batch num: 0, Task 2 acc: 67.1157, Batch num: 0, Task 3 acc: 0.1151, Task avg acc:46.2332
2024-05-28 23:28:07,847 - INFO - Batch num: 10, Task 0 acc: 55.7637, Batch num: 10, Task 1 acc: 64.0542, Batch num: 10, Task 2 acc: 65.2299, Batch num: 10, Task 3 acc: 9.6217, Task avg acc:48.6674
2024-05-28 23:28:17,249 - INFO - Batch num: 20, Task 0 acc: 52.9656, Batch num: 20, Task 1 acc: 65.1180, Batch num: 20, Task 2 acc: 62.5629, Batch num: 20, Task 3 acc: 49.4572, Task avg acc:57.5259
2024-05-28 23:28:26,644 - INFO - Batch num: 30, Task 0 acc: 50.2870, Batch num: 30, Task 1 acc: 57.3471, Batch num: 30, Task 2 acc: 55.0557, Batch num: 30, Task 3 acc: 73.1497, Task avg acc:58.9599
2024-05-28 23:28:36,102 - INFO - Batch num: 40, Task 0 acc: 38.9429, Batch num: 40, Task 1 acc: 47.8391, Batch num: 40, Task 2 acc: 55.1724, Batch num: 40, Task 3 acc: 79.6299, Task avg acc:55.3961
2024-05-28 23:28:45,489 - INFO - Batch num: 50, Task 0 acc: 39.1103, Batch num: 50, Task 1 acc: 42.9854, Batch num: 50, Task 2 acc: 60.7759, Batch num: 50, Task 3 acc: 79.8109, Task avg acc:55.6706
2024-05-28 23:28:54,876 - INFO - Batch num: 60, Task 0 acc: 41.0395, Batch num: 60, Task 1 acc: 39.8105, Batch num: 60, Task 2 acc: 67.3042, Batch num: 60, Task 3 acc: 77.6398, Task avg acc:56.4485
2024-05-28 23:29:04,239 - INFO - Batch num: 70, Task 0 acc: 42.7774, Batch num: 70, Task 1 acc: 38.9378, Batch num: 70, Task 2 acc: 64.0356, Batch num: 70, Task 3 acc: 88.3799, Task avg acc:58.5327
2024-05-28 23:29:13,672 - INFO - Batch num: 80, Task 0 acc: 37.5399, Batch num: 80, Task 1 acc: 40.2011, Batch num: 80, Task 2 acc: 58.2974, Batch num: 80, Task 3 acc: 91.5543, Task avg acc:56.8982
2024-05-28 23:29:23,142 - INFO - Batch num: 90, Task 0 acc: 34.2873, Batch num: 90, Task 1 acc: 36.9016, Batch num: 90, Task 2 acc: 58.1717, Batch num: 90, Task 3 acc: 91.6941, Task avg acc:55.2637
2024-05-28 23:29:23,263 - INFO - Epoch 1
2024-05-28 23:29:32,390 - INFO - Batch num: 0, Task 0 acc: 30.0702, Batch num: 0, Task 1 acc: 34.7490, Batch num: 0, Task 2 acc: 58.2525, Batch num: 0, Task 3 acc: 91.6859, Task avg acc:53.6894
2024-05-28 23:29:41,761 - INFO - Batch num: 10, Task 0 acc: 32.2545, Batch num: 10, Task 1 acc: 40.3258, Batch num: 10, Task 2 acc: 55.0287, Batch num: 10, Task 3 acc: 91.0197, Task avg acc:54.6572
2024-05-28 23:29:51,148 - INFO - Batch num: 20, Task 0 acc: 30.9630, Batch num: 20, Task 1 acc: 40.8494, Batch num: 20, Task 2 acc: 54.6426, Batch num: 20, Task 3 acc: 90.7730, Task avg acc:54.3070
2024-05-28 23:30:00,544 - INFO - Batch num: 30, Task 0 acc: 31.6247, Batch num: 30, Task 1 acc: 38.8797, Batch num: 30, Task 2 acc: 56.5194, Batch num: 30, Task 3 acc: 90.8141, Task avg acc:54.4595
2024-05-28 23:30:09,986 - INFO - Batch num: 40, Task 0 acc: 28.0612, Batch num: 40, Task 1 acc: 33.6187, Batch num: 40, Task 2 acc: 62.6886, Batch num: 40, Task 3 acc: 92.3026, Task avg acc:54.1678
2024-05-28 23:30:19,398 - INFO - Batch num: 50, Task 0 acc: 30.0143, Batch num: 50, Task 1 acc: 33.8348, Batch num: 50, Task 2 acc: 68.1214, Batch num: 50, Task 3 acc: 91.7188, Task avg acc:55.9223
2024-05-28 23:30:28,788 - INFO - Batch num: 60, Task 0 acc: 34.5902, Batch num: 60, Task 1 acc: 32.6213, Batch num: 60, Task 2 acc: 66.2536, Batch num: 60, Task 3 acc: 92.1875, Task avg acc:56.4132
2024-05-28 23:30:38,152 - INFO - Batch num: 70, Task 0 acc: 36.5513, Batch num: 70, Task 1 acc: 30.1197, Batch num: 70, Task 2 acc: 63.1555, Batch num: 70, Task 3 acc: 94.0543, Task avg acc:55.9702
2024-05-28 23:30:47,510 - INFO - Batch num: 80, Task 0 acc: 32.7806, Batch num: 80, Task 1 acc: 29.9867, Batch num: 80, Task 2 acc: 64.2690, Batch num: 80, Task 3 acc: 94.6711, Task avg acc:55.4269
2024-05-28 23:30:56,918 - INFO - Batch num: 90, Task 0 acc: 34.3909, Batch num: 90, Task 1 acc: 31.1170, Batch num: 90, Task 2 acc: 66.1548, Batch num: 90, Task 3 acc: 95.5345, Task avg acc:56.7993
2024-05-28 23:30:57,042 - INFO - Epoch 2
2024-05-28 23:31:06,275 - INFO - Batch num: 0, Task 0 acc: 30.5006, Batch num: 0, Task 1 acc: 33.8763, Batch num: 0, Task 2 acc: 63.9817, Batch num: 0, Task 3 acc: 95.4934, Task avg acc:55.9630
2024-05-28 23:31:15,636 - INFO - Batch num: 10, Task 0 acc: 26.0284, Batch num: 10, Task 1 acc: 37.9405, Batch num: 10, Task 2 acc: 61.6200, Batch num: 10, Task 3 acc: 95.2961, Task avg acc:55.2212
2024-05-28 23:31:25,038 - INFO - Batch num: 20, Task 0 acc: 30.7876, Batch num: 20, Task 1 acc: 43.7999, Batch num: 20, Task 2 acc: 59.1954, Batch num: 20, Task 3 acc: 94.4819, Task avg acc:57.0662
2024-05-28 23:31:34,410 - INFO - Batch num: 30, Task 0 acc: 35.6425, Batch num: 30, Task 1 acc: 43.3760, Batch num: 30, Task 2 acc: 59.0338, Batch num: 30, Task 3 acc: 94.0707, Task avg acc:58.0308
2024-05-28 23:31:43,783 - INFO - Batch num: 40, Task 0 acc: 34.2953, Batch num: 40, Task 1 acc: 36.9681, Batch num: 40, Task 2 acc: 62.6886, Batch num: 40, Task 3 acc: 94.5148, Task avg acc:57.1167
2024-05-28 23:31:53,192 - INFO - Batch num: 50, Task 0 acc: 34.8214, Batch num: 50, Task 1 acc: 35.0814, Batch num: 50, Task 2 acc: 63.6764, Batch num: 50, Task 3 acc: 93.0181, Task avg acc:56.6493
2024-05-28 23:32:02,745 - INFO - Batch num: 60, Task 0 acc: 33.2828, Batch num: 60, Task 1 acc: 34.8570, Batch num: 60, Task 2 acc: 62.3114, Batch num: 60, Task 3 acc: 92.5740, Task avg acc:55.7563
2024-05-28 23:32:12,112 - INFO - Batch num: 70, Task 0 acc: 34.4547, Batch num: 70, Task 1 acc: 33.8514, Batch num: 70, Task 2 acc: 61.6739, Batch num: 70, Task 3 acc: 94.2434, Task avg acc:56.0558
2024-05-28 23:32:21,484 - INFO - Batch num: 80, Task 0 acc: 34.9011, Batch num: 80, Task 1 acc: 37.6912, Batch num: 80, Task 2 acc: 62.8412, Batch num: 80, Task 3 acc: 93.6349, Task avg acc:57.2671
2024-05-28 23:32:30,914 - INFO - Batch num: 90, Task 0 acc: 37.7631, Batch num: 90, Task 1 acc: 37.7410, Batch num: 90, Task 2 acc: 65.1491, Batch num: 90, Task 3 acc: 93.0757, Task avg acc:58.4322
2024-05-28 23:32:31,034 - INFO - Epoch 3
2024-05-28 23:32:40,154 - INFO - Batch num: 0, Task 0 acc: 37.0695, Batch num: 0, Task 1 acc: 37.2839, Batch num: 0, Task 2 acc: 64.5474, Batch num: 0, Task 3 acc: 93.8898, Task avg acc:58.1977
2024-05-28 23:32:49,533 - INFO - Batch num: 10, Task 0 acc: 34.4707, Batch num: 10, Task 1 acc: 38.4059, Batch num: 10, Task 2 acc: 64.0176, Batch num: 10, Task 3 acc: 92.7303, Task avg acc:57.4061
2024-05-28 23:32:58,997 - INFO - Batch num: 20, Task 0 acc: 32.4139, Batch num: 20, Task 1 acc: 32.1892, Batch num: 20, Task 2 acc: 64.3139, Batch num: 20, Task 3 acc: 93.9803, Task avg acc:55.7243
2024-05-28 23:33:08,364 - INFO - Batch num: 30, Task 0 acc: 31.8320, Batch num: 30, Task 1 acc: 27.9505, Batch num: 30, Task 2 acc: 65.9393, Batch num: 30, Task 3 acc: 94.3010, Task avg acc:55.0057
2024-05-28 23:33:17,755 - INFO - Batch num: 40, Task 0 acc: 35.9375, Batch num: 40, Task 1 acc: 26.7370, Batch num: 40, Task 2 acc: 66.4332, Batch num: 40, Task 3 acc: 94.7451, Task avg acc:55.9632
2024-05-28 23:33:27,198 - INFO - Batch num: 50, Task 0 acc: 42.6818, Batch num: 50, Task 1 acc: 28.6902, Batch num: 50, Task 2 acc: 64.7989, Batch num: 50, Task 3 acc: 95.2632, Task avg acc:57.8585
2024-05-28 23:33:36,600 - INFO - Batch num: 60, Task 0 acc: 46.6916, Batch num: 60, Task 1 acc: 31.8401, Batch num: 60, Task 2 acc: 65.7777, Batch num: 60, Task 3 acc: 95.3125, Task avg acc:59.9055
2024-05-28 23:33:46,055 - INFO - Batch num: 70, Task 0 acc: 47.9432, Batch num: 70, Task 1 acc: 32.8956, Batch num: 70, Task 2 acc: 67.5467, Batch num: 70, Task 3 acc: 95.0164, Task avg acc:60.8505
2024-05-28 23:33:55,465 - INFO - Batch num: 80, Task 0 acc: 47.2337, Batch num: 80, Task 1 acc: 34.0010, Batch num: 80, Task 2 acc: 66.9540, Batch num: 80, Task 3 acc: 95.2138, Task avg acc:60.8506
2024-05-28 23:34:04,891 - INFO - Batch num: 90, Task 0 acc: 46.2930, Batch num: 90, Task 1 acc: 32.6961, Batch num: 90, Task 2 acc: 66.6846, Batch num: 90, Task 3 acc: 95.5428, Task avg acc:60.3041
2024-05-28 23:34:05,022 - INFO - ##########Task 4##########
2024-05-28 23:34:05,023 - INFO - Epoch 0
2024-05-28 23:34:16,390 - INFO - Batch num: 0, Task 0 acc: 47.9273, Batch num: 0, Task 1 acc: 33.6021, Batch num: 0, Task 2 acc: 66.7924, Batch num: 0, Task 3 acc: 94.5559, Batch num: 0, Task 4 acc: 0.1359, Task avg acc:48.6027
2024-05-28 23:34:28,016 - INFO - Batch num: 10, Task 0 acc: 47.6562, Batch num: 10, Task 1 acc: 39.0708, Batch num: 10, Task 2 acc: 67.9328, Batch num: 10, Task 3 acc: 93.4951, Batch num: 10, Task 4 acc: 2.2418, Task avg acc:50.0794
2024-05-28 23:34:39,692 - INFO - Batch num: 20, Task 0 acc: 47.6562, Batch num: 20, Task 1 acc: 34.9485, Batch num: 20, Task 2 acc: 67.2414, Batch num: 20, Task 3 acc: 92.6398, Batch num: 20, Task 4 acc: 16.5166, Task avg acc:51.8005
2024-05-28 23:34:51,291 - INFO - Batch num: 30, Task 0 acc: 31.3855, Batch num: 30, Task 1 acc: 16.6971, Batch num: 30, Task 2 acc: 55.1455, Batch num: 30, Task 3 acc: 88.6760, Batch num: 30, Task 4 acc: 51.1124, Task avg acc:48.6033
2024-05-28 23:35:02,916 - INFO - Batch num: 40, Task 0 acc: 3.1649, Batch num: 40, Task 1 acc: 7.7211, Batch num: 40, Task 2 acc: 23.0783, Batch num: 40, Task 3 acc: 57.2368, Batch num: 40, Task 4 acc: 81.1056, Task avg acc:34.4613
2024-05-28 23:35:14,503 - INFO - Batch num: 50, Task 0 acc: 4.7353, Batch num: 50, Task 1 acc: 9.6493, Batch num: 50, Task 2 acc: 16.7565, Batch num: 50, Task 3 acc: 53.4951, Batch num: 50, Task 4 acc: 84.2731, Task avg acc:33.7818
2024-05-28 23:35:26,163 - INFO - Batch num: 60, Task 0 acc: 9.0960, Batch num: 60, Task 1 acc: 13.2812, Batch num: 60, Task 2 acc: 15.3197, Batch num: 60, Task 3 acc: 52.0806, Batch num: 60, Task 4 acc: 84.2137, Task avg acc:34.7982
2024-05-28 23:35:37,838 - INFO - Batch num: 70, Task 0 acc: 23.8281, Batch num: 70, Task 1 acc: 14.5445, Batch num: 70, Task 2 acc: 19.2259, Batch num: 70, Task 3 acc: 55.2056, Batch num: 70, Task 4 acc: 83.4239, Task avg acc:39.2456
2024-05-28 23:35:49,453 - INFO - Batch num: 80, Task 0 acc: 26.9691, Batch num: 80, Task 1 acc: 16.7470, Batch num: 80, Task 2 acc: 21.0040, Batch num: 80, Task 3 acc: 54.9342, Batch num: 80, Task 4 acc: 83.5003, Task avg acc:40.6309
2024-05-28 23:36:01,071 - INFO - Batch num: 90, Task 0 acc: 34.4866, Batch num: 90, Task 1 acc: 20.6533, Batch num: 90, Task 2 acc: 21.4260, Batch num: 90, Task 3 acc: 57.4260, Batch num: 90, Task 4 acc: 83.3815, Task avg acc:43.4747
2024-05-28 23:36:01,104 - INFO - Epoch 1
2024-05-28 23:36:12,443 - INFO - Batch num: 0, Task 0 acc: 36.4955, Batch num: 0, Task 1 acc: 20.5535, Batch num: 0, Task 2 acc: 20.6897, Batch num: 0, Task 3 acc: 59.2599, Batch num: 0, Task 4 acc: 83.2286, Task avg acc:44.0454
2024-05-28 23:36:24,025 - INFO - Batch num: 10, Task 0 acc: 34.7417, Batch num: 10, Task 1 acc: 22.2906, Batch num: 10, Task 2 acc: 14.7989, Batch num: 10, Task 3 acc: 53.7500, Batch num: 10, Task 4 acc: 84.7062, Task avg acc:42.0575
2024-05-28 23:36:35,690 - INFO - Batch num: 20, Task 0 acc: 30.2615, Batch num: 20, Task 1 acc: 25.0914, Batch num: 20, Task 2 acc: 12.6886, Batch num: 20, Task 3 acc: 51.2418, Batch num: 20, Task 4 acc: 85.7592, Task avg acc:41.0085
2024-05-28 23:36:47,369 - INFO - Batch num: 30, Task 0 acc: 27.0010, Batch num: 30, Task 1 acc: 23.9279, Batch num: 30, Task 2 acc: 14.6642, Batch num: 30, Task 3 acc: 52.9523, Batch num: 30, Task 4 acc: 85.4280, Task avg acc:40.7947
2024-05-28 23:36:58,987 - INFO - Batch num: 40, Task 0 acc: 21.5960, Batch num: 40, Task 1 acc: 27.2773, Batch num: 40, Task 2 acc: 12.4910, Batch num: 40, Task 3 acc: 48.7253, Batch num: 40, Task 4 acc: 85.8611, Task avg acc:39.1901
2024-05-28 23:37:10,585 - INFO - Batch num: 50, Task 0 acc: 16.7969, Batch num: 50, Task 1 acc: 28.4159, Batch num: 50, Task 2 acc: 10.6232, Batch num: 50, Task 3 acc: 45.4852, Batch num: 50, Task 4 acc: 86.8716, Task avg acc:37.6386
2024-05-28 23:37:22,181 - INFO - Batch num: 60, Task 0 acc: 17.7535, Batch num: 60, Task 1 acc: 27.5100, Batch num: 60, Task 2 acc: 10.8836, Batch num: 60, Task 3 acc: 47.0148, Batch num: 60, Task 4 acc: 86.1923, Task avg acc:37.8708
2024-05-28 23:37:33,835 - INFO - Batch num: 70, Task 0 acc: 20.3045, Batch num: 70, Task 1 acc: 24.7839, Batch num: 70, Task 2 acc: 10.6142, Batch num: 70, Task 3 acc: 48.3882, Batch num: 70, Task 4 acc: 86.9565, Task avg acc:38.2095
2024-05-28 23:37:45,493 - INFO - Batch num: 80, Task 0 acc: 22.5128, Batch num: 80, Task 1 acc: 17.5116, Batch num: 80, Task 2 acc: 12.8772, Batch num: 80, Task 3 acc: 48.5033, Batch num: 80, Task 4 acc: 87.7887, Task avg acc:37.8387
2024-05-28 23:37:57,094 - INFO - Batch num: 90, Task 0 acc: 25.6696, Batch num: 90, Task 1 acc: 15.2178, Batch num: 90, Task 2 acc: 12.7694, Batch num: 90, Task 3 acc: 47.7220, Batch num: 90, Task 4 acc: 89.3937, Task avg acc:38.1545
2024-05-28 23:37:57,127 - INFO - Epoch 2
2024-05-28 23:38:08,482 - INFO - Batch num: 0, Task 0 acc: 26.2596, Batch num: 0, Task 1 acc: 15.0100, Batch num: 0, Task 2 acc: 12.9759, Batch num: 0, Task 3 acc: 47.6151, Batch num: 0, Task 4 acc: 89.5211, Task avg acc:38.2763
2024-05-28 23:38:20,072 - INFO - Batch num: 10, Task 0 acc: 29.5440, Batch num: 10, Task 1 acc: 14.5861, Batch num: 10, Task 2 acc: 14.7091, Batch num: 10, Task 3 acc: 50.9868, Batch num: 10, Task 4 acc: 88.5615, Task avg acc:39.6775
2024-05-28 23:38:31,697 - INFO - Batch num: 20, Task 0 acc: 33.8728, Batch num: 20, Task 1 acc: 14.9102, Batch num: 20, Task 2 acc: 17.6275, Batch num: 20, Task 3 acc: 49.1776, Batch num: 20, Task 4 acc: 88.2048, Task avg acc:40.7586
2024-05-28 23:38:43,384 - INFO - Batch num: 30, Task 0 acc: 29.9904, Batch num: 30, Task 1 acc: 13.2148, Batch num: 30, Task 2 acc: 16.6756, Batch num: 30, Task 3 acc: 46.1266, Batch num: 30, Task 4 acc: 89.8607, Task avg acc:39.1736
2024-05-28 23:38:54,996 - INFO - Batch num: 40, Task 0 acc: 27.8779, Batch num: 40, Task 1 acc: 16.5559, Batch num: 40, Task 2 acc: 16.3703, Batch num: 40, Task 3 acc: 45.7484, Batch num: 40, Task 4 acc: 88.9266, Task avg acc:39.0958
2024-05-28 23:39:06,600 - INFO - Batch num: 50, Task 0 acc: 24.6014, Batch num: 50, Task 1 acc: 18.8913, Batch num: 50, Task 2 acc: 16.0471, Batch num: 50, Task 3 acc: 44.5230, Batch num: 50, Task 4 acc: 89.1729, Task avg acc:38.6471
2024-05-28 23:39:18,208 - INFO - Batch num: 60, Task 0 acc: 21.0300, Batch num: 60, Task 1 acc: 20.1629, Batch num: 60, Task 2 acc: 13.9009, Batch num: 60, Task 3 acc: 43.5197, Batch num: 60, Task 4 acc: 88.9861, Task avg acc:37.5199
2024-05-28 23:39:29,850 - INFO - Batch num: 70, Task 0 acc: 19.1566, Batch num: 70, Task 1 acc: 21.8334, Batch num: 70, Task 2 acc: 12.9221, Batch num: 70, Task 3 acc: 44.2434, Batch num: 70, Task 4 acc: 89.6654, Task avg acc:37.5642
2024-05-28 23:39:41,533 - INFO - Batch num: 80, Task 0 acc: 17.9608, Batch num: 80, Task 1 acc: 21.5010, Batch num: 80, Task 2 acc: 12.8233, Batch num: 80, Task 3 acc: 43.4211, Batch num: 80, Task 4 acc: 89.3597, Task avg acc:37.0132
2024-05-28 23:39:53,133 - INFO - Batch num: 90, Task 0 acc: 17.7216, Batch num: 90, Task 1 acc: 19.2154, Batch num: 90, Task 2 acc: 14.2421, Batch num: 90, Task 3 acc: 43.1497, Batch num: 90, Task 4 acc: 90.2089, Task avg acc:36.9075
2024-05-28 23:39:53,168 - INFO - Epoch 3
2024-05-28 23:40:04,548 - INFO - Batch num: 0, Task 0 acc: 18.4232, Batch num: 0, Task 1 acc: 19.0160, Batch num: 0, Task 2 acc: 14.4576, Batch num: 0, Task 3 acc: 43.0345, Batch num: 0, Task 4 acc: 90.2683, Task avg acc:37.0399
2024-05-28 23:40:16,204 - INFO - Batch num: 10, Task 0 acc: 20.9343, Batch num: 10, Task 1 acc: 19.5479, Batch num: 10, Task 2 acc: 16.7385, Batch num: 10, Task 3 acc: 43.5197, Batch num: 10, Task 4 acc: 89.5465, Task avg acc:38.0574
2024-05-28 23:40:27,835 - INFO - Batch num: 20, Task 0 acc: 22.8077, Batch num: 20, Task 1 acc: 20.8361, Batch num: 20, Task 2 acc: 15.7507, Batch num: 20, Task 3 acc: 43.1497, Batch num: 20, Task 4 acc: 89.5041, Task avg acc:38.4097
2024-05-28 23:40:39,493 - INFO - Batch num: 30, Task 0 acc: 24.5615, Batch num: 30, Task 1 acc: 20.0216, Batch num: 30, Task 2 acc: 16.0560, Batch num: 30, Task 3 acc: 43.9803, Batch num: 30, Task 4 acc: 89.7503, Task avg acc:38.8740
2024-05-28 23:40:51,194 - INFO - Batch num: 40, Task 0 acc: 25.7573, Batch num: 40, Task 1 acc: 19.7390, Batch num: 40, Task 2 acc: 15.8405, Batch num: 40, Task 3 acc: 44.8355, Batch num: 40, Task 4 acc: 89.1899, Task avg acc:39.0725
2024-05-28 23:41:02,955 - INFO - Batch num: 50, Task 0 acc: 28.3163, Batch num: 50, Task 1 acc: 22.9804, Batch num: 50, Task 2 acc: 16.8373, Batch num: 50, Task 3 acc: 43.4704, Batch num: 50, Task 4 acc: 88.2473, Task avg acc:39.9703
2024-05-28 23:41:14,561 - INFO - Batch num: 60, Task 0 acc: 28.8265, Batch num: 60, Task 1 acc: 22.7311, Batch num: 60, Task 2 acc: 15.8764, Batch num: 60, Task 3 acc: 42.8947, Batch num: 60, Task 4 acc: 87.8397, Task avg acc:39.6337
2024-05-28 23:41:26,186 - INFO - Batch num: 70, Task 0 acc: 27.9337, Batch num: 70, Task 1 acc: 22.3737, Batch num: 70, Task 2 acc: 14.1074, Batch num: 70, Task 3 acc: 43.0099, Batch num: 70, Task 4 acc: 88.8842, Task avg acc:39.2618
2024-05-28 23:41:37,897 - INFO - Batch num: 80, Task 0 acc: 25.0957, Batch num: 80, Task 1 acc: 22.5814, Batch num: 80, Task 2 acc: 12.7245, Batch num: 80, Task 3 acc: 41.8586, Batch num: 80, Task 4 acc: 89.0115, Task avg acc:38.2543
2024-05-28 23:41:49,498 - INFO - Batch num: 90, Task 0 acc: 23.1665, Batch num: 90, Task 1 acc: 24.4432, Batch num: 90, Task 2 acc: 10.9195, Batch num: 90, Task 3 acc: 40.5674, Batch num: 90, Task 4 acc: 89.4446, Task avg acc:37.7082
