2024-05-29 00:52:08,371 - INFO - ##########Task 0##########
2024-05-29 00:52:08,371 - INFO - Epoch 0
2024-05-29 00:52:10,990 - INFO - Batch num: 0, Task 0 acc: 11.5035, Task avg acc:11.5035
2024-05-29 00:52:13,692 - INFO - Batch num: 10, Task 0 acc: 44.1008, Task avg acc:44.1008
2024-05-29 00:52:16,486 - INFO - Batch num: 20, Task 0 acc: 93.6224, Task avg acc:93.6224
2024-05-29 00:52:19,163 - INFO - Batch num: 30, Task 0 acc: 97.6323, Task avg acc:97.6323
2024-05-29 00:52:21,846 - INFO - Batch num: 40, Task 0 acc: 97.4649, Task avg acc:97.4649
2024-05-29 00:52:24,595 - INFO - Batch num: 50, Task 0 acc: 97.2417, Task avg acc:97.2417
2024-05-29 00:52:27,267 - INFO - Batch num: 60, Task 0 acc: 97.3294, Task avg acc:97.3294
2024-05-29 00:52:30,029 - INFO - Batch num: 70, Task 0 acc: 97.6084, Task avg acc:97.6084
2024-05-29 00:52:32,726 - INFO - Batch num: 80, Task 0 acc: 97.6642, Task avg acc:97.6642
2024-05-29 00:52:35,396 - INFO - Batch num: 90, Task 0 acc: 97.7519, Task avg acc:97.7519
2024-05-29 00:52:35,604 - INFO - Epoch 1
2024-05-29 00:52:38,092 - INFO - Batch num: 0, Task 0 acc: 97.4251, Task avg acc:97.4251
2024-05-29 00:52:40,781 - INFO - Batch num: 10, Task 0 acc: 97.0663, Task avg acc:97.0663
2024-05-29 00:52:43,584 - INFO - Batch num: 20, Task 0 acc: 97.0584, Task avg acc:97.0584
2024-05-29 00:52:46,275 - INFO - Batch num: 30, Task 0 acc: 97.8237, Task avg acc:97.8237
2024-05-29 00:52:48,957 - INFO - Batch num: 40, Task 0 acc: 97.9592, Task avg acc:97.9592
2024-05-29 00:52:51,730 - INFO - Batch num: 50, Task 0 acc: 97.8635, Task avg acc:97.8635
2024-05-29 00:52:54,430 - INFO - Batch num: 60, Task 0 acc: 97.7918, Task avg acc:97.7918
2024-05-29 00:52:57,172 - INFO - Batch num: 70, Task 0 acc: 98.0867, Task avg acc:98.0867
2024-05-29 00:52:59,908 - INFO - Batch num: 80, Task 0 acc: 97.8795, Task avg acc:97.8795
2024-05-29 00:53:02,594 - INFO - Batch num: 90, Task 0 acc: 97.9353, Task avg acc:97.9353
2024-05-29 00:53:02,818 - INFO - Epoch 2
2024-05-29 00:53:05,335 - INFO - Batch num: 0, Task 0 acc: 98.0389, Task avg acc:98.0389
2024-05-29 00:53:08,029 - INFO - Batch num: 10, Task 0 acc: 97.8476, Task avg acc:97.8476
2024-05-29 00:53:10,783 - INFO - Batch num: 20, Task 0 acc: 97.7439, Task avg acc:97.7439
2024-05-29 00:53:13,498 - INFO - Batch num: 30, Task 0 acc: 98.3259, Task avg acc:98.3259
2024-05-29 00:53:16,249 - INFO - Batch num: 40, Task 0 acc: 98.2781, Task avg acc:98.2781
2024-05-29 00:53:18,934 - INFO - Batch num: 50, Task 0 acc: 98.2302, Task avg acc:98.2302
2024-05-29 00:53:21,606 - INFO - Batch num: 60, Task 0 acc: 97.9990, Task avg acc:97.9990
2024-05-29 00:53:24,358 - INFO - Batch num: 70, Task 0 acc: 98.0947, Task avg acc:98.0947
2024-05-29 00:53:27,037 - INFO - Batch num: 80, Task 0 acc: 98.1824, Task avg acc:98.1824
2024-05-29 00:53:29,776 - INFO - Batch num: 90, Task 0 acc: 98.1744, Task avg acc:98.1744
2024-05-29 00:53:29,985 - INFO - Epoch 3
2024-05-29 00:53:32,414 - INFO - Batch num: 0, Task 0 acc: 98.2940, Task avg acc:98.2940
2024-05-29 00:53:35,165 - INFO - Batch num: 10, Task 0 acc: 98.1824, Task avg acc:98.1824
2024-05-29 00:53:37,841 - INFO - Batch num: 20, Task 0 acc: 98.1904, Task avg acc:98.1904
2024-05-29 00:53:40,560 - INFO - Batch num: 30, Task 0 acc: 98.4933, Task avg acc:98.4933
2024-05-29 00:53:43,238 - INFO - Batch num: 40, Task 0 acc: 98.3578, Task avg acc:98.3578
2024-05-29 00:53:46,017 - INFO - Batch num: 50, Task 0 acc: 98.1824, Task avg acc:98.1824
2024-05-29 00:53:48,716 - INFO - Batch num: 60, Task 0 acc: 98.1266, Task avg acc:98.1266
2024-05-29 00:53:51,449 - INFO - Batch num: 70, Task 0 acc: 98.0628, Task avg acc:98.0628
2024-05-29 00:53:54,130 - INFO - Batch num: 80, Task 0 acc: 97.8316, Task avg acc:97.8316
2024-05-29 00:53:56,886 - INFO - Batch num: 90, Task 0 acc: 97.8396, Task avg acc:97.8396
2024-05-29 00:53:57,131 - INFO - ##########Task 1##########
2024-05-29 00:53:57,131 - INFO - Epoch 0
2024-05-29 00:54:01,869 - INFO - Batch num: 0, Task 0 acc: 97.8396, Batch num: 0, Task 1 acc: 5.8926, Task avg acc:51.8661
2024-05-29 00:54:06,905 - INFO - Batch num: 10, Task 0 acc: 93.7022, Batch num: 10, Task 1 acc: 40.9907, Task avg acc:67.3464
2024-05-29 00:54:11,891 - INFO - Batch num: 20, Task 0 acc: 87.3406, Batch num: 20, Task 1 acc: 66.5642, Task avg acc:76.9524
2024-05-29 00:54:17,057 - INFO - Batch num: 30, Task 0 acc: 83.0835, Batch num: 30, Task 1 acc: 80.4272, Task avg acc:81.7554
2024-05-29 00:54:22,029 - INFO - Batch num: 40, Task 0 acc: 82.3820, Batch num: 40, Task 1 acc: 86.2118, Task avg acc:84.2969
2024-05-29 00:54:26,988 - INFO - Batch num: 50, Task 0 acc: 82.8842, Batch num: 50, Task 1 acc: 89.3783, Task avg acc:86.1313
2024-05-29 00:54:32,026 - INFO - Batch num: 60, Task 0 acc: 82.3342, Batch num: 60, Task 1 acc: 90.5336, Task avg acc:86.4339
2024-05-29 00:54:36,984 - INFO - Batch num: 70, Task 0 acc: 81.3696, Batch num: 70, Task 1 acc: 91.1652, Task avg acc:86.2674
2024-05-29 00:54:41,946 - INFO - Batch num: 80, Task 0 acc: 81.3536, Batch num: 80, Task 1 acc: 91.2234, Task avg acc:86.2885
2024-05-29 00:54:47,011 - INFO - Batch num: 90, Task 0 acc: 75.6776, Batch num: 90, Task 1 acc: 92.7360, Task avg acc:84.2068
2024-05-29 00:54:47,103 - INFO - Epoch 1
2024-05-29 00:54:51,800 - INFO - Batch num: 0, Task 0 acc: 73.6846, Batch num: 0, Task 1 acc: 93.0685, Task avg acc:83.3766
2024-05-29 00:54:56,755 - INFO - Batch num: 10, Task 0 acc: 69.5472, Batch num: 10, Task 1 acc: 93.4674, Task avg acc:81.5073
2024-05-29 00:55:01,835 - INFO - Batch num: 20, Task 0 acc: 63.2494, Batch num: 20, Task 1 acc: 93.7084, Task avg acc:78.4789
2024-05-29 00:55:06,791 - INFO - Batch num: 30, Task 0 acc: 61.1846, Batch num: 30, Task 1 acc: 93.8996, Task avg acc:77.5421
2024-05-29 00:55:11,831 - INFO - Batch num: 40, Task 0 acc: 56.9595, Batch num: 40, Task 1 acc: 93.9744, Task avg acc:75.4670
2024-05-29 00:55:16,835 - INFO - Batch num: 50, Task 0 acc: 51.7937, Batch num: 50, Task 1 acc: 94.3733, Task avg acc:73.0835
2024-05-29 00:55:21,827 - INFO - Batch num: 60, Task 0 acc: 45.5915, Batch num: 60, Task 1 acc: 94.8138, Task avg acc:70.2027
2024-05-29 00:55:26,878 - INFO - Batch num: 70, Task 0 acc: 49.6811, Batch num: 70, Task 1 acc: 94.6892, Task avg acc:72.1851
2024-05-29 00:55:31,848 - INFO - Batch num: 80, Task 0 acc: 55.1818, Batch num: 80, Task 1 acc: 94.6227, Task avg acc:74.9022
2024-05-29 00:55:36,820 - INFO - Batch num: 90, Task 0 acc: 54.8629, Batch num: 90, Task 1 acc: 94.3318, Task avg acc:74.5973
2024-05-29 00:55:36,923 - INFO - Epoch 2
2024-05-29 00:55:41,702 - INFO - Batch num: 0, Task 0 acc: 54.0497, Batch num: 0, Task 1 acc: 94.1406, Task avg acc:74.0952
2024-05-29 00:55:46,668 - INFO - Batch num: 10, Task 0 acc: 55.5405, Batch num: 10, Task 1 acc: 94.0824, Task avg acc:74.8115
2024-05-29 00:55:51,646 - INFO - Batch num: 20, Task 0 acc: 57.3980, Batch num: 20, Task 1 acc: 94.0160, Task avg acc:75.7070
2024-05-29 00:55:56,669 - INFO - Batch num: 30, Task 0 acc: 56.2580, Batch num: 30, Task 1 acc: 94.1739, Task avg acc:75.2159
2024-05-29 00:56:01,667 - INFO - Batch num: 40, Task 0 acc: 50.7972, Batch num: 40, Task 1 acc: 94.4066, Task avg acc:72.6019
2024-05-29 00:56:06,705 - INFO - Batch num: 50, Task 0 acc: 50.2551, Batch num: 50, Task 1 acc: 94.3650, Task avg acc:72.3101
2024-05-29 00:56:11,681 - INFO - Batch num: 60, Task 0 acc: 49.2666, Batch num: 60, Task 1 acc: 94.3733, Task avg acc:71.8200
2024-05-29 00:56:16,745 - INFO - Batch num: 70, Task 0 acc: 51.5147, Batch num: 70, Task 1 acc: 94.2819, Task avg acc:72.8983
2024-05-29 00:56:21,731 - INFO - Batch num: 80, Task 0 acc: 52.8779, Batch num: 80, Task 1 acc: 94.4481, Task avg acc:73.6630
2024-05-29 00:56:26,700 - INFO - Batch num: 90, Task 0 acc: 50.7653, Batch num: 90, Task 1 acc: 94.5562, Task avg acc:72.6607
2024-05-29 00:56:26,789 - INFO - Epoch 3
2024-05-29 00:56:31,526 - INFO - Batch num: 0, Task 0 acc: 51.7459, Batch num: 0, Task 1 acc: 94.3733, Task avg acc:73.0596
2024-05-29 00:56:36,564 - INFO - Batch num: 10, Task 0 acc: 55.0622, Batch num: 10, Task 1 acc: 94.0824, Task avg acc:74.5723
2024-05-29 00:56:41,547 - INFO - Batch num: 20, Task 0 acc: 53.5316, Batch num: 20, Task 1 acc: 94.0492, Task avg acc:73.7904
2024-05-29 00:56:46,587 - INFO - Batch num: 30, Task 0 acc: 51.1320, Batch num: 30, Task 1 acc: 94.6809, Task avg acc:72.9064
2024-05-29 00:56:51,580 - INFO - Batch num: 40, Task 0 acc: 51.7219, Batch num: 40, Task 1 acc: 94.9551, Task avg acc:73.3385
2024-05-29 00:56:56,540 - INFO - Batch num: 50, Task 0 acc: 50.7175, Batch num: 50, Task 1 acc: 95.2377, Task avg acc:72.9776
2024-05-29 00:57:01,605 - INFO - Batch num: 60, Task 0 acc: 46.1575, Batch num: 60, Task 1 acc: 95.6948, Task avg acc:70.9262
2024-05-29 00:57:06,566 - INFO - Batch num: 70, Task 0 acc: 44.7305, Batch num: 70, Task 1 acc: 95.6782, Task avg acc:70.2044
2024-05-29 00:57:11,605 - INFO - Batch num: 80, Task 0 acc: 43.3036, Batch num: 80, Task 1 acc: 95.7696, Task avg acc:69.5366
2024-05-29 00:57:16,594 - INFO - Batch num: 90, Task 0 acc: 41.5179, Batch num: 90, Task 1 acc: 95.8278, Task avg acc:68.6728
2024-05-29 00:57:16,696 - INFO - ##########Task 2##########
2024-05-29 00:57:16,697 - INFO - Epoch 0
2024-05-29 00:57:23,540 - INFO - Batch num: 0, Task 0 acc: 44.9458, Batch num: 0, Task 1 acc: 95.3291, Batch num: 0, Task 2 acc: 0.0090, Task avg acc:46.7613
2024-05-29 00:57:30,646 - INFO - Batch num: 10, Task 0 acc: 56.6645, Batch num: 10, Task 1 acc: 90.6915, Batch num: 10, Task 2 acc: 0.8261, Task avg acc:49.3941
2024-05-29 00:57:37,791 - INFO - Batch num: 20, Task 0 acc: 34.9968, Batch num: 20, Task 1 acc: 86.6273, Batch num: 20, Task 2 acc: 8.3244, Task avg acc:43.3162
2024-05-29 00:57:44,881 - INFO - Batch num: 30, Task 0 acc: 11.6071, Batch num: 30, Task 1 acc: 72.2407, Batch num: 30, Task 2 acc: 42.9149, Task avg acc:42.2542
2024-05-29 00:57:51,970 - INFO - Batch num: 40, Task 0 acc: 1.5226, Batch num: 40, Task 1 acc: 31.6572, Batch num: 40, Task 2 acc: 86.5302, Task avg acc:39.9034
2024-05-29 00:57:59,129 - INFO - Batch num: 50, Task 0 acc: 0.0717, Batch num: 50, Task 1 acc: 10.4056, Batch num: 50, Task 2 acc: 94.7737, Task avg acc:35.0837
2024-05-29 00:58:06,231 - INFO - Batch num: 60, Task 0 acc: 0.0558, Batch num: 60, Task 1 acc: 4.8288, Batch num: 60, Task 2 acc: 95.5909, Task avg acc:33.4918
2024-05-29 00:58:13,331 - INFO - Batch num: 70, Task 0 acc: 0.0159, Batch num: 70, Task 1 acc: 4.1140, Batch num: 70, Task 2 acc: 96.8121, Task avg acc:33.6474
2024-05-29 00:58:20,504 - INFO - Batch num: 80, Task 0 acc: 0.0159, Batch num: 80, Task 1 acc: 4.1639, Batch num: 80, Task 2 acc: 97.0995, Task avg acc:33.7598
2024-05-29 00:58:20,685 - INFO - Epoch 1
2024-05-29 00:58:27,509 - INFO - Batch num: 0, Task 0 acc: 0.0239, Batch num: 0, Task 1 acc: 6.2001, Batch num: 0, Task 2 acc: 96.4529, Task avg acc:34.2257
2024-05-29 00:58:34,607 - INFO - Batch num: 10, Task 0 acc: 0.0319, Batch num: 10, Task 1 acc: 7.7460, Batch num: 10, Task 2 acc: 94.9802, Task avg acc:34.2527
2024-05-29 00:58:41,776 - INFO - Batch num: 20, Task 0 acc: 0.0399, Batch num: 20, Task 1 acc: 11.4943, Batch num: 20, Task 2 acc: 94.0374, Task avg acc:35.1905
2024-05-29 00:58:48,867 - INFO - Batch num: 30, Task 0 acc: 0.0558, Batch num: 30, Task 1 acc: 14.8271, Batch num: 30, Task 2 acc: 93.8757, Task avg acc:36.2529
2024-05-29 00:58:55,962 - INFO - Batch num: 40, Task 0 acc: 0.0797, Batch num: 40, Task 1 acc: 15.9907, Batch num: 40, Task 2 acc: 93.3549, Task avg acc:36.4751
2024-05-29 00:59:03,119 - INFO - Batch num: 50, Task 0 acc: 0.1515, Batch num: 50, Task 1 acc: 16.1735, Batch num: 50, Task 2 acc: 92.4030, Task avg acc:36.2427
2024-05-29 00:59:10,291 - INFO - Batch num: 60, Task 0 acc: 0.0797, Batch num: 60, Task 1 acc: 16.3564, Batch num: 60, Task 2 acc: 91.8283, Task avg acc:36.0881
2024-05-29 00:59:17,351 - INFO - Batch num: 70, Task 0 acc: 0.0558, Batch num: 70, Task 1 acc: 18.0685, Batch num: 70, Task 2 acc: 92.3312, Task avg acc:36.8185
2024-05-29 00:59:24,430 - INFO - Batch num: 80, Task 0 acc: 0.0558, Batch num: 80, Task 1 acc: 17.5449, Batch num: 80, Task 2 acc: 91.8103, Task avg acc:36.4703
2024-05-29 00:59:24,683 - INFO - Epoch 2
2024-05-29 00:59:31,552 - INFO - Batch num: 0, Task 0 acc: 0.0558, Batch num: 0, Task 1 acc: 15.5918, Batch num: 0, Task 2 acc: 92.6455, Task avg acc:36.0977
2024-05-29 00:59:38,665 - INFO - Batch num: 10, Task 0 acc: 0.1435, Batch num: 10, Task 1 acc: 13.5140, Batch num: 10, Task 2 acc: 93.6333, Task avg acc:35.7636
2024-05-29 00:59:45,810 - INFO - Batch num: 20, Task 0 acc: 0.2073, Batch num: 20, Task 1 acc: 15.6666, Batch num: 20, Task 2 acc: 94.2080, Task avg acc:36.6939
2024-05-29 00:59:52,905 - INFO - Batch num: 30, Task 0 acc: 0.3109, Batch num: 30, Task 1 acc: 18.5921, Batch num: 30, Task 2 acc: 94.3786, Task avg acc:37.7605
2024-05-29 01:00:00,005 - INFO - Batch num: 40, Task 0 acc: 0.4225, Batch num: 40, Task 1 acc: 18.3178, Batch num: 40, Task 2 acc: 93.5524, Task avg acc:37.4309
2024-05-29 01:00:07,201 - INFO - Batch num: 50, Task 0 acc: 0.4624, Batch num: 50, Task 1 acc: 16.4395, Batch num: 50, Task 2 acc: 93.8847, Task avg acc:36.9289
2024-05-29 01:00:14,284 - INFO - Batch num: 60, Task 0 acc: 0.5421, Batch num: 60, Task 1 acc: 17.5532, Batch num: 60, Task 2 acc: 93.7051, Task avg acc:37.2668
2024-05-29 01:00:21,365 - INFO - Batch num: 70, Task 0 acc: 0.4225, Batch num: 70, Task 1 acc: 17.6945, Batch num: 70, Task 2 acc: 94.9892, Task avg acc:37.7021
2024-05-29 01:00:28,527 - INFO - Batch num: 80, Task 0 acc: 0.5182, Batch num: 80, Task 1 acc: 17.5698, Batch num: 80, Task 2 acc: 94.7198, Task avg acc:37.6026
2024-05-29 01:00:28,730 - INFO - Epoch 3
2024-05-29 01:00:35,801 - INFO - Batch num: 0, Task 0 acc: 0.6378, Batch num: 0, Task 1 acc: 16.4727, Batch num: 0, Task 2 acc: 95.1509, Task avg acc:37.4205
2024-05-29 01:00:42,883 - INFO - Batch num: 10, Task 0 acc: 1.1639, Batch num: 10, Task 1 acc: 15.7995, Batch num: 10, Task 2 acc: 94.7557, Task avg acc:37.2397
2024-05-29 01:00:50,101 - INFO - Batch num: 20, Task 0 acc: 1.2915, Batch num: 20, Task 1 acc: 17.0628, Batch num: 20, Task 2 acc: 95.0162, Task avg acc:37.7902
2024-05-29 01:00:57,169 - INFO - Batch num: 30, Task 0 acc: 1.4110, Batch num: 30, Task 1 acc: 16.7803, Batch num: 30, Task 2 acc: 94.7378, Task avg acc:37.6430
2024-05-29 01:01:04,348 - INFO - Batch num: 40, Task 0 acc: 1.6183, Batch num: 40, Task 1 acc: 17.5199, Batch num: 40, Task 2 acc: 94.2708, Task avg acc:37.8030
2024-05-29 01:01:11,494 - INFO - Batch num: 50, Task 0 acc: 2.4872, Batch num: 50, Task 1 acc: 19.3068, Batch num: 50, Task 2 acc: 94.7198, Task avg acc:38.8380
2024-05-29 01:01:18,590 - INFO - Batch num: 60, Task 0 acc: 2.1604, Batch num: 60, Task 1 acc: 19.8886, Batch num: 60, Task 2 acc: 94.1631, Task avg acc:38.7374
2024-05-29 01:01:25,649 - INFO - Batch num: 70, Task 0 acc: 3.4758, Batch num: 70, Task 1 acc: 18.7832, Batch num: 70, Task 2 acc: 95.0072, Task avg acc:39.0887
2024-05-29 01:01:32,871 - INFO - Batch num: 80, Task 0 acc: 4.2570, Batch num: 80, Task 1 acc: 17.7693, Batch num: 80, Task 2 acc: 94.9533, Task avg acc:38.9932
2024-05-29 01:01:33,064 - INFO - ##########Task 3##########
2024-05-29 01:01:33,065 - INFO - Epoch 0
2024-05-29 01:01:42,186 - INFO - Batch num: 0, Task 0 acc: 5.7239, Batch num: 0, Task 1 acc: 18.8996, Batch num: 0, Task 2 acc: 95.0790, Batch num: 0, Task 3 acc: 2.5987, Task avg acc:30.5753
2024-05-29 01:01:51,652 - INFO - Batch num: 10, Task 0 acc: 0.2471, Batch num: 10, Task 1 acc: 6.4661, Batch num: 10, Task 2 acc: 90.1850, Batch num: 10, Task 3 acc: 42.4507, Task avg acc:34.8372
2024-05-29 01:02:01,049 - INFO - Batch num: 20, Task 0 acc: 0.0000, Batch num: 20, Task 1 acc: 0.0166, Batch num: 20, Task 2 acc: 74.0212, Batch num: 20, Task 3 acc: 86.4967, Task avg acc:40.1336
2024-05-29 01:02:10,533 - INFO - Batch num: 30, Task 0 acc: 0.0000, Batch num: 30, Task 1 acc: 0.0000, Batch num: 30, Task 2 acc: 37.4102, Batch num: 30, Task 3 acc: 97.9770, Task avg acc:33.8468
2024-05-29 01:02:20,023 - INFO - Batch num: 40, Task 0 acc: 0.0000, Batch num: 40, Task 1 acc: 0.0000, Batch num: 40, Task 2 acc: 20.4921, Batch num: 40, Task 3 acc: 99.2105, Task avg acc:29.9257
2024-05-29 01:02:29,431 - INFO - Batch num: 50, Task 0 acc: 0.0000, Batch num: 50, Task 1 acc: 0.0000, Batch num: 50, Task 2 acc: 19.2259, Batch num: 50, Task 3 acc: 99.2928, Task avg acc:29.6297
2024-05-29 01:02:40,236 - INFO - Batch num: 60, Task 0 acc: 0.0000, Batch num: 60, Task 1 acc: 0.0000, Batch num: 60, Task 2 acc: 28.1430, Batch num: 60, Task 3 acc: 99.1530, Task avg acc:31.8240
2024-05-29 01:02:49,728 - INFO - Batch num: 70, Task 0 acc: 0.0000, Batch num: 70, Task 1 acc: 0.0748, Batch num: 70, Task 2 acc: 33.5578, Batch num: 70, Task 3 acc: 98.9803, Task avg acc:33.1532
2024-05-29 01:02:59,148 - INFO - Batch num: 80, Task 0 acc: 0.0000, Batch num: 80, Task 1 acc: 0.2327, Batch num: 80, Task 2 acc: 32.0223, Batch num: 80, Task 3 acc: 98.9885, Task avg acc:32.8109
2024-05-29 01:03:08,680 - INFO - Batch num: 90, Task 0 acc: 0.0000, Batch num: 90, Task 1 acc: 0.0997, Batch num: 90, Task 2 acc: 32.2019, Batch num: 90, Task 3 acc: 99.2352, Task avg acc:32.8842
2024-05-29 01:03:08,803 - INFO - Epoch 1
2024-05-29 01:03:17,979 - INFO - Batch num: 0, Task 0 acc: 0.0000, Batch num: 0, Task 1 acc: 0.0914, Batch num: 0, Task 2 acc: 36.4853, Batch num: 0, Task 3 acc: 99.2516, Task avg acc:33.9571
2024-05-29 01:03:27,476 - INFO - Batch num: 10, Task 0 acc: 0.0000, Batch num: 10, Task 1 acc: 0.3408, Batch num: 10, Task 2 acc: 42.4120, Batch num: 10, Task 3 acc: 99.0707, Task avg acc:35.4559
2024-05-29 01:03:36,953 - INFO - Batch num: 20, Task 0 acc: 0.0000, Batch num: 20, Task 1 acc: 0.7563, Batch num: 20, Task 2 acc: 47.2881, Batch num: 20, Task 3 acc: 99.0378, Task avg acc:36.7706
2024-05-29 01:03:46,412 - INFO - Batch num: 30, Task 0 acc: 0.0319, Batch num: 30, Task 1 acc: 0.7563, Batch num: 30, Task 2 acc: 40.6609, Batch num: 30, Task 3 acc: 99.1530, Task avg acc:35.1505
2024-05-29 01:03:55,802 - INFO - Batch num: 40, Task 0 acc: 0.3428, Batch num: 40, Task 1 acc: 0.6233, Batch num: 40, Task 2 acc: 41.2716, Batch num: 40, Task 3 acc: 99.1036, Task avg acc:35.3353
2024-05-29 01:04:05,308 - INFO - Batch num: 50, Task 0 acc: 0.5341, Batch num: 50, Task 1 acc: 0.3408, Batch num: 50, Task 2 acc: 34.8869, Batch num: 50, Task 3 acc: 99.3092, Task avg acc:33.7677
2024-05-29 01:04:14,764 - INFO - Batch num: 60, Task 0 acc: 0.2152, Batch num: 60, Task 1 acc: 0.1496, Batch num: 60, Task 2 acc: 31.1243, Batch num: 60, Task 3 acc: 99.4326, Task avg acc:32.7304
2024-05-29 01:04:24,233 - INFO - Batch num: 70, Task 0 acc: 0.2392, Batch num: 70, Task 1 acc: 0.0665, Batch num: 70, Task 2 acc: 34.6354, Batch num: 70, Task 3 acc: 99.4326, Task avg acc:33.5934
2024-05-29 01:04:33,622 - INFO - Batch num: 80, Task 0 acc: 0.2950, Batch num: 80, Task 1 acc: 0.2410, Batch num: 80, Task 2 acc: 38.1555, Batch num: 80, Task 3 acc: 99.3339, Task avg acc:34.5063
2024-05-29 01:04:43,078 - INFO - Batch num: 90, Task 0 acc: 0.1196, Batch num: 90, Task 1 acc: 0.2576, Batch num: 90, Task 2 acc: 36.5841, Batch num: 90, Task 3 acc: 99.4243, Task avg acc:34.0964
2024-05-29 01:04:43,202 - INFO - Epoch 2
2024-05-29 01:04:52,421 - INFO - Batch num: 0, Task 0 acc: 0.1993, Batch num: 0, Task 1 acc: 0.3158, Batch num: 0, Task 2 acc: 34.9497, Batch num: 0, Task 3 acc: 99.4243, Task avg acc:33.7223
2024-05-29 01:05:01,811 - INFO - Batch num: 10, Task 0 acc: 0.2232, Batch num: 10, Task 1 acc: 0.5984, Batch num: 10, Task 2 acc: 35.8477, Batch num: 10, Task 3 acc: 99.3257, Task avg acc:33.9987
2024-05-29 01:05:11,349 - INFO - Batch num: 20, Task 0 acc: 0.2551, Batch num: 20, Task 1 acc: 0.9309, Batch num: 20, Task 2 acc: 39.9425, Batch num: 20, Task 3 acc: 99.3339, Task avg acc:35.1156
2024-05-29 01:05:20,763 - INFO - Batch num: 30, Task 0 acc: 0.2312, Batch num: 30, Task 1 acc: 1.5459, Batch num: 30, Task 2 acc: 41.4781, Batch num: 30, Task 3 acc: 99.3257, Task avg acc:35.6452
2024-05-29 01:05:30,234 - INFO - Batch num: 40, Task 0 acc: 0.2631, Batch num: 40, Task 1 acc: 1.8949, Batch num: 40, Task 2 acc: 40.7866, Batch num: 40, Task 3 acc: 99.3503, Task avg acc:35.5737
2024-05-29 01:05:39,650 - INFO - Batch num: 50, Task 0 acc: 0.3189, Batch num: 50, Task 1 acc: 2.8341, Batch num: 50, Task 2 acc: 41.6307, Batch num: 50, Task 3 acc: 99.3092, Task avg acc:36.0232
2024-05-29 01:05:49,052 - INFO - Batch num: 60, Task 0 acc: 0.2073, Batch num: 60, Task 1 acc: 2.0445, Batch num: 60, Task 2 acc: 39.0356, Batch num: 60, Task 3 acc: 99.3092, Task avg acc:35.1491
2024-05-29 01:05:58,551 - INFO - Batch num: 70, Task 0 acc: 0.0399, Batch num: 70, Task 1 acc: 2.0612, Batch num: 70, Task 2 acc: 35.6052, Batch num: 70, Task 3 acc: 99.4161, Task avg acc:34.2806
2024-05-29 01:06:08,805 - INFO - Batch num: 80, Task 0 acc: 0.0478, Batch num: 80, Task 1 acc: 2.0113, Batch num: 80, Task 2 acc: 32.3186, Batch num: 80, Task 3 acc: 99.4819, Task avg acc:33.4649
2024-05-29 01:06:18,463 - INFO - Batch num: 90, Task 0 acc: 0.0239, Batch num: 90, Task 1 acc: 1.0971, Batch num: 90, Task 2 acc: 33.2795, Batch num: 90, Task 3 acc: 99.5066, Task avg acc:33.4768
2024-05-29 01:06:18,586 - INFO - Epoch 3
2024-05-29 01:06:27,808 - INFO - Batch num: 0, Task 0 acc: 0.0399, Batch num: 0, Task 1 acc: 0.9475, Batch num: 0, Task 2 acc: 31.7439, Batch num: 0, Task 3 acc: 99.5148, Task avg acc:33.0615
2024-05-29 01:06:37,761 - INFO - Batch num: 10, Task 0 acc: 0.0399, Batch num: 10, Task 1 acc: 1.0555, Batch num: 10, Task 2 acc: 26.9576, Batch num: 10, Task 3 acc: 99.4819, Task avg acc:31.8837
2024-05-29 01:06:49,276 - INFO - Batch num: 20, Task 0 acc: 0.0399, Batch num: 20, Task 1 acc: 1.2217, Batch num: 20, Task 2 acc: 30.7112, Batch num: 20, Task 3 acc: 99.4655, Task avg acc:32.8596
2024-05-29 01:07:00,231 - INFO - Batch num: 30, Task 0 acc: 0.0399, Batch num: 30, Task 1 acc: 1.1386, Batch num: 30, Task 2 acc: 32.3815, Batch num: 30, Task 3 acc: 99.4819, Task avg acc:33.2605
2024-05-29 01:07:11,756 - INFO - Batch num: 40, Task 0 acc: 0.0319, Batch num: 40, Task 1 acc: 0.7896, Batch num: 40, Task 2 acc: 32.1210, Batch num: 40, Task 3 acc: 99.4901, Task avg acc:33.1082
2024-05-29 01:07:22,898 - INFO - Batch num: 50, Task 0 acc: 0.1674, Batch num: 50, Task 1 acc: 1.1137, Batch num: 50, Task 2 acc: 33.3244, Batch num: 50, Task 3 acc: 99.4737, Task avg acc:33.5198
2024-05-29 01:07:33,970 - INFO - Batch num: 60, Task 0 acc: 0.2392, Batch num: 60, Task 1 acc: 1.0721, Batch num: 60, Task 2 acc: 31.6451, Batch num: 60, Task 3 acc: 99.4655, Task avg acc:33.1055
2024-05-29 01:07:43,553 - INFO - Batch num: 70, Task 0 acc: 0.2631, Batch num: 70, Task 1 acc: 0.7812, Batch num: 70, Task 2 acc: 33.1627, Batch num: 70, Task 3 acc: 99.5806, Task avg acc:33.4469
2024-05-29 01:07:52,976 - INFO - Batch num: 80, Task 0 acc: 0.3747, Batch num: 80, Task 1 acc: 0.6732, Batch num: 80, Task 2 acc: 33.3962, Batch num: 80, Task 3 acc: 99.5806, Task avg acc:33.5062
2024-05-29 01:08:02,466 - INFO - Batch num: 90, Task 0 acc: 0.3268, Batch num: 90, Task 1 acc: 0.5070, Batch num: 90, Task 2 acc: 37.3294, Batch num: 90, Task 3 acc: 99.6053, Task avg acc:34.4421
2024-05-29 01:08:02,602 - INFO - ##########Task 4##########
2024-05-29 01:08:02,603 - INFO - Epoch 0
2024-05-29 01:08:14,006 - INFO - Batch num: 0, Task 0 acc: 0.7254, Batch num: 0, Task 1 acc: 0.3823, Batch num: 0, Task 2 acc: 41.6038, Batch num: 0, Task 3 acc: 99.5477, Batch num: 0, Task 4 acc: 2.0805, Task avg acc:28.8680
2024-05-29 01:08:25,737 - INFO - Batch num: 10, Task 0 acc: 3.2924, Batch num: 10, Task 1 acc: 0.0166, Batch num: 10, Task 2 acc: 41.4601, Batch num: 10, Task 3 acc: 98.7911, Batch num: 10, Task 4 acc: 29.3563, Task avg acc:34.5833
2024-05-29 01:08:37,431 - INFO - Batch num: 20, Task 0 acc: 0.1993, Batch num: 20, Task 1 acc: 0.0083, Batch num: 20, Task 2 acc: 5.7741, Batch num: 20, Task 3 acc: 94.8109, Batch num: 20, Task 4 acc: 67.3998, Task avg acc:33.6385
2024-05-29 01:08:49,129 - INFO - Batch num: 30, Task 0 acc: 0.0080, Batch num: 30, Task 1 acc: 0.0000, Batch num: 30, Task 2 acc: 0.2784, Batch num: 30, Task 3 acc: 71.3980, Batch num: 30, Task 4 acc: 85.8526, Task avg acc:31.5074
2024-05-29 01:09:00,735 - INFO - Batch num: 40, Task 0 acc: 0.0000, Batch num: 40, Task 1 acc: 0.0000, Batch num: 40, Task 2 acc: 0.0269, Batch num: 40, Task 3 acc: 53.0428, Batch num: 40, Task 4 acc: 89.0200, Task avg acc:28.4179
2024-05-29 01:09:12,452 - INFO - Batch num: 50, Task 0 acc: 0.0000, Batch num: 50, Task 1 acc: 0.0000, Batch num: 50, Task 2 acc: 0.0090, Batch num: 50, Task 3 acc: 40.2632, Batch num: 50, Task 4 acc: 90.0136, Task avg acc:26.0571
2024-05-29 01:09:24,133 - INFO - Batch num: 60, Task 0 acc: 0.0000, Batch num: 60, Task 1 acc: 0.0000, Batch num: 60, Task 2 acc: 0.0269, Batch num: 60, Task 3 acc: 38.2977, Batch num: 60, Task 4 acc: 89.5720, Task avg acc:25.5793
2024-05-29 01:09:35,854 - INFO - Batch num: 70, Task 0 acc: 0.0239, Batch num: 70, Task 1 acc: 0.0083, Batch num: 70, Task 2 acc: 0.1796, Batch num: 70, Task 3 acc: 40.5345, Batch num: 70, Task 4 acc: 90.8798, Task avg acc:26.3252
2024-05-29 01:09:47,489 - INFO - Batch num: 80, Task 0 acc: 0.0478, Batch num: 80, Task 1 acc: 0.0166, Batch num: 80, Task 2 acc: 0.2963, Batch num: 80, Task 3 acc: 40.9293, Batch num: 80, Task 4 acc: 90.0051, Task avg acc:26.2590
2024-05-29 01:09:59,205 - INFO - Batch num: 90, Task 0 acc: 0.0478, Batch num: 90, Task 1 acc: 0.0166, Batch num: 90, Task 2 acc: 0.5298, Batch num: 90, Task 3 acc: 39.4326, Batch num: 90, Task 4 acc: 88.7653, Task avg acc:25.7584
2024-05-29 01:09:59,240 - INFO - Epoch 1
2024-05-29 01:10:10,644 - INFO - Batch num: 0, Task 0 acc: 0.0399, Batch num: 0, Task 1 acc: 0.0083, Batch num: 0, Task 2 acc: 0.5388, Batch num: 0, Task 3 acc: 39.9013, Batch num: 0, Task 4 acc: 88.9606, Task avg acc:25.8898
2024-05-29 01:10:22,337 - INFO - Batch num: 10, Task 0 acc: 0.0239, Batch num: 10, Task 1 acc: 0.0083, Batch num: 10, Task 2 acc: 0.6825, Batch num: 10, Task 3 acc: 37.3355, Batch num: 10, Task 4 acc: 89.0031, Task avg acc:25.4107
2024-05-29 01:10:33,948 - INFO - Batch num: 20, Task 0 acc: 0.0558, Batch num: 20, Task 1 acc: 0.0166, Batch num: 20, Task 2 acc: 1.0686, Batch num: 20, Task 3 acc: 36.2664, Batch num: 20, Task 4 acc: 89.2408, Task avg acc:25.3297
2024-05-29 01:10:45,615 - INFO - Batch num: 30, Task 0 acc: 0.0638, Batch num: 30, Task 1 acc: 0.0332, Batch num: 30, Task 2 acc: 0.9070, Batch num: 30, Task 3 acc: 35.5428, Batch num: 30, Task 4 acc: 89.7758, Task avg acc:25.2645
2024-05-29 01:10:57,287 - INFO - Batch num: 40, Task 0 acc: 0.1993, Batch num: 40, Task 1 acc: 0.0332, Batch num: 40, Task 2 acc: 0.7723, Batch num: 40, Task 3 acc: 34.9424, Batch num: 40, Task 4 acc: 89.5211, Task avg acc:25.0937
2024-05-29 01:11:09,025 - INFO - Batch num: 50, Task 0 acc: 0.3268, Batch num: 50, Task 1 acc: 0.0499, Batch num: 50, Task 2 acc: 1.0955, Batch num: 50, Task 3 acc: 35.0658, Batch num: 50, Task 4 acc: 88.6124, Task avg acc:25.0301
2024-05-29 01:11:20,655 - INFO - Batch num: 60, Task 0 acc: 0.1993, Batch num: 60, Task 1 acc: 0.0499, Batch num: 60, Task 2 acc: 0.8800, Batch num: 60, Task 3 acc: 32.0724, Batch num: 60, Task 4 acc: 88.2558, Task avg acc:24.2915
2024-05-29 01:11:32,454 - INFO - Batch num: 70, Task 0 acc: 0.2312, Batch num: 70, Task 1 acc: 0.0499, Batch num: 70, Task 2 acc: 1.1135, Batch num: 70, Task 3 acc: 28.6102, Batch num: 70, Task 4 acc: 88.5275, Task avg acc:23.7065
2024-05-29 01:11:44,132 - INFO - Batch num: 80, Task 0 acc: 0.1754, Batch num: 80, Task 1 acc: 0.0416, Batch num: 80, Task 2 acc: 2.0295, Batch num: 80, Task 3 acc: 27.6234, Batch num: 80, Task 4 acc: 88.0774, Task avg acc:23.5894
2024-05-29 01:11:55,790 - INFO - Batch num: 90, Task 0 acc: 0.0717, Batch num: 90, Task 1 acc: 0.0665, Batch num: 90, Task 2 acc: 1.9397, Batch num: 90, Task 3 acc: 25.1398, Batch num: 90, Task 4 acc: 89.0795, Task avg acc:23.2594
2024-05-29 01:11:55,824 - INFO - Epoch 2
2024-05-29 01:12:07,270 - INFO - Batch num: 0, Task 0 acc: 0.0638, Batch num: 0, Task 1 acc: 0.0499, Batch num: 0, Task 2 acc: 1.5715, Batch num: 0, Task 3 acc: 25.6086, Batch num: 0, Task 4 acc: 89.4107, Task avg acc:23.3409
2024-05-29 01:12:18,897 - INFO - Batch num: 10, Task 0 acc: 0.1116, Batch num: 10, Task 1 acc: 0.0499, Batch num: 10, Task 2 acc: 0.8172, Batch num: 10, Task 3 acc: 25.9128, Batch num: 10, Task 4 acc: 90.3278, Task avg acc:23.4439
2024-05-29 01:12:30,653 - INFO - Batch num: 20, Task 0 acc: 0.1196, Batch num: 20, Task 1 acc: 0.0332, Batch num: 20, Task 2 acc: 1.1404, Batch num: 20, Task 3 acc: 28.0428, Batch num: 20, Task 4 acc: 90.1410, Task avg acc:23.8954
2024-05-29 01:12:42,394 - INFO - Batch num: 30, Task 0 acc: 0.1276, Batch num: 30, Task 1 acc: 0.0166, Batch num: 30, Task 2 acc: 0.7543, Batch num: 30, Task 3 acc: 29.5230, Batch num: 30, Task 4 acc: 90.5316, Task avg acc:24.1906
2024-05-29 01:12:54,004 - INFO - Batch num: 40, Task 0 acc: 0.1355, Batch num: 40, Task 1 acc: 0.0332, Batch num: 40, Task 2 acc: 0.8441, Batch num: 40, Task 3 acc: 32.6316, Batch num: 40, Task 4 acc: 90.1410, Task avg acc:24.7571
2024-05-29 01:13:05,694 - INFO - Batch num: 50, Task 0 acc: 0.2710, Batch num: 50, Task 1 acc: 0.0416, Batch num: 50, Task 2 acc: 0.9608, Batch num: 50, Task 3 acc: 34.5395, Batch num: 50, Task 4 acc: 90.3278, Task avg acc:25.2281
2024-05-29 01:13:17,353 - INFO - Batch num: 60, Task 0 acc: 0.2870, Batch num: 60, Task 1 acc: 0.0332, Batch num: 60, Task 2 acc: 1.2572, Batch num: 60, Task 3 acc: 35.2138, Batch num: 60, Task 4 acc: 90.0730, Task avg acc:25.3729
2024-05-29 01:13:29,075 - INFO - Batch num: 70, Task 0 acc: 0.2551, Batch num: 70, Task 1 acc: 0.0499, Batch num: 70, Task 2 acc: 2.1103, Batch num: 70, Task 3 acc: 34.7039, Batch num: 70, Task 4 acc: 91.1600, Task avg acc:25.6558
2024-05-29 01:13:40,708 - INFO - Batch num: 80, Task 0 acc: 0.3189, Batch num: 80, Task 1 acc: 0.0748, Batch num: 80, Task 2 acc: 2.8466, Batch num: 80, Task 3 acc: 34.7451, Batch num: 80, Task 4 acc: 90.7354, Task avg acc:25.7442
2024-05-29 01:13:52,353 - INFO - Batch num: 90, Task 0 acc: 0.3587, Batch num: 90, Task 1 acc: 0.0499, Batch num: 90, Task 2 acc: 3.3944, Batch num: 90, Task 3 acc: 34.2023, Batch num: 90, Task 4 acc: 90.8203, Task avg acc:25.7651
2024-05-29 01:13:52,389 - INFO - Epoch 3
2024-05-29 01:14:03,804 - INFO - Batch num: 0, Task 0 acc: 0.3587, Batch num: 0, Task 1 acc: 0.0499, Batch num: 0, Task 2 acc: 3.8254, Batch num: 0, Task 3 acc: 34.0461, Batch num: 0, Task 4 acc: 90.9307, Task avg acc:25.8422
2024-05-29 01:14:15,548 - INFO - Batch num: 10, Task 0 acc: 0.3029, Batch num: 10, Task 1 acc: 0.0166, Batch num: 10, Task 2 acc: 5.0467, Batch num: 10, Task 3 acc: 33.4375, Batch num: 10, Task 4 acc: 90.5486, Task avg acc:25.8705
2024-05-29 01:14:27,180 - INFO - Batch num: 20, Task 0 acc: 0.4066, Batch num: 20, Task 1 acc: 0.0831, Batch num: 20, Task 2 acc: 4.4810, Batch num: 20, Task 3 acc: 32.4260, Batch num: 20, Task 4 acc: 90.5486, Task avg acc:25.5890
2024-05-29 01:14:38,902 - INFO - Batch num: 30, Task 0 acc: 0.5022, Batch num: 30, Task 1 acc: 0.0831, Batch num: 30, Task 2 acc: 4.2205, Batch num: 30, Task 3 acc: 31.3651, Batch num: 30, Task 4 acc: 91.2024, Task avg acc:25.4747
2024-05-29 01:14:50,563 - INFO - Batch num: 40, Task 0 acc: 0.4305, Batch num: 40, Task 1 acc: 0.0748, Batch num: 40, Task 2 acc: 4.4271, Batch num: 40, Task 3 acc: 29.4490, Batch num: 40, Task 4 acc: 91.2534, Task avg acc:25.1270
2024-05-29 01:15:02,258 - INFO - Batch num: 50, Task 0 acc: 0.5261, Batch num: 50, Task 1 acc: 0.0997, Batch num: 50, Task 2 acc: 4.5618, Batch num: 50, Task 3 acc: 27.8536, Batch num: 50, Task 4 acc: 90.7269, Task avg acc:24.7536
2024-05-29 01:15:13,890 - INFO - Batch num: 60, Task 0 acc: 0.8211, Batch num: 60, Task 1 acc: 0.1080, Batch num: 60, Task 2 acc: 3.9152, Batch num: 60, Task 3 acc: 30.6414, Batch num: 60, Task 4 acc: 89.8268, Task avg acc:25.0625
2024-05-29 01:15:25,576 - INFO - Batch num: 70, Task 0 acc: 1.0045, Batch num: 70, Task 1 acc: 0.1413, Batch num: 70, Task 2 acc: 4.0858, Batch num: 70, Task 3 acc: 32.6234, Batch num: 70, Task 4 acc: 90.1749, Task avg acc:25.6060
2024-05-29 01:15:37,236 - INFO - Batch num: 80, Task 0 acc: 1.0204, Batch num: 80, Task 1 acc: 0.0831, Batch num: 80, Task 2 acc: 4.5348, Batch num: 80, Task 3 acc: 33.6102, Batch num: 80, Task 4 acc: 89.5805, Task avg acc:25.7658
2024-05-29 01:15:48,927 - INFO - Batch num: 90, Task 0 acc: 0.5979, Batch num: 90, Task 1 acc: 0.0914, Batch num: 90, Task 2 acc: 4.9210, Batch num: 90, Task 3 acc: 35.0411, Batch num: 90, Task 4 acc: 90.1495, Task avg acc:26.1602
