2024-05-26 06:42:00,760 - INFO - ##########Task 0##########
2024-05-26 06:42:00,760 - INFO - Epoch 0
2024-05-26 06:42:04,205 - INFO - Batch num: 0, Task 0 acc: 48.1904, Task avg acc:48.1904
2024-05-26 06:42:08,007 - INFO - Batch num: 10, Task 0 acc: 98.2462, Task avg acc:98.2462
2024-05-26 06:42:12,032 - INFO - Batch num: 20, Task 0 acc: 99.5695, Task avg acc:99.5695
2024-05-26 06:42:14,975 - INFO - Batch num: 30, Task 0 acc: 99.8087, Task avg acc:99.8087
2024-05-26 06:42:17,800 - INFO - Batch num: 40, Task 0 acc: 99.8645, Task avg acc:99.8645
2024-05-26 06:42:21,438 - INFO - Batch num: 50, Task 0 acc: 99.8884, Task avg acc:99.8884
2024-05-26 06:42:24,509 - INFO - Batch num: 60, Task 0 acc: 99.8884, Task avg acc:99.8884
2024-05-26 06:42:27,933 - INFO - Batch num: 70, Task 0 acc: 99.9043, Task avg acc:99.9043
2024-05-26 06:42:30,499 - INFO - Batch num: 80, Task 0 acc: 99.9203, Task avg acc:99.9203
2024-05-26 06:42:34,223 - INFO - Batch num: 90, Task 0 acc: 99.9203, Task avg acc:99.9203
2024-05-26 06:42:34,434 - INFO - Epoch 1
2024-05-26 06:42:37,124 - INFO - Batch num: 0, Task 0 acc: 99.9203, Task avg acc:99.9203
2024-05-26 06:42:39,931 - INFO - Batch num: 10, Task 0 acc: 99.9283, Task avg acc:99.9283
2024-05-26 06:42:42,945 - INFO - Batch num: 20, Task 0 acc: 99.9362, Task avg acc:99.9362
2024-05-26 06:42:47,696 - INFO - Batch num: 30, Task 0 acc: 99.9362, Task avg acc:99.9362
2024-05-26 06:42:51,631 - INFO - Batch num: 40, Task 0 acc: 99.9203, Task avg acc:99.9203
2024-05-26 06:42:56,267 - INFO - Batch num: 50, Task 0 acc: 99.9362, Task avg acc:99.9362
2024-05-26 06:43:00,495 - INFO - Batch num: 60, Task 0 acc: 99.9442, Task avg acc:99.9442
2024-05-26 06:43:03,907 - INFO - Batch num: 70, Task 0 acc: 99.9681, Task avg acc:99.9681
2024-05-26 06:43:06,841 - INFO - Batch num: 80, Task 0 acc: 99.9681, Task avg acc:99.9681
2024-05-26 06:43:10,581 - INFO - Batch num: 90, Task 0 acc: 99.9601, Task avg acc:99.9601
2024-05-26 06:43:11,073 - INFO - Epoch 2
2024-05-26 06:43:14,949 - INFO - Batch num: 0, Task 0 acc: 99.9601, Task avg acc:99.9601
2024-05-26 06:43:19,267 - INFO - Batch num: 10, Task 0 acc: 99.9601, Task avg acc:99.9601
2024-05-26 06:43:22,150 - INFO - Batch num: 20, Task 0 acc: 99.9362, Task avg acc:99.9362
2024-05-26 06:43:25,098 - INFO - Batch num: 30, Task 0 acc: 99.9522, Task avg acc:99.9522
2024-05-26 06:43:28,133 - INFO - Batch num: 40, Task 0 acc: 99.9442, Task avg acc:99.9442
2024-05-26 06:43:31,180 - INFO - Batch num: 50, Task 0 acc: 99.9601, Task avg acc:99.9601
2024-05-26 06:43:34,337 - INFO - Batch num: 60, Task 0 acc: 99.9601, Task avg acc:99.9601
2024-05-26 06:43:37,644 - INFO - Batch num: 70, Task 0 acc: 99.9522, Task avg acc:99.9522
2024-05-26 06:43:40,694 - INFO - Batch num: 80, Task 0 acc: 99.9522, Task avg acc:99.9522
2024-05-26 06:43:43,802 - INFO - Batch num: 90, Task 0 acc: 99.9601, Task avg acc:99.9601
2024-05-26 06:43:44,007 - INFO - Epoch 3
2024-05-26 06:43:46,794 - INFO - Batch num: 0, Task 0 acc: 99.9601, Task avg acc:99.9601
2024-05-26 06:43:49,777 - INFO - Batch num: 10, Task 0 acc: 99.9681, Task avg acc:99.9681
2024-05-26 06:43:52,951 - INFO - Batch num: 20, Task 0 acc: 99.9681, Task avg acc:99.9681
2024-05-26 06:43:56,012 - INFO - Batch num: 30, Task 0 acc: 99.9681, Task avg acc:99.9681
2024-05-26 06:43:59,032 - INFO - Batch num: 40, Task 0 acc: 99.9442, Task avg acc:99.9442
2024-05-26 06:44:02,034 - INFO - Batch num: 50, Task 0 acc: 99.9522, Task avg acc:99.9522
2024-05-26 06:44:05,080 - INFO - Batch num: 60, Task 0 acc: 99.9681, Task avg acc:99.9681
2024-05-26 06:44:08,114 - INFO - Batch num: 70, Task 0 acc: 99.9761, Task avg acc:99.9761
2024-05-26 06:44:11,417 - INFO - Batch num: 80, Task 0 acc: 99.9761, Task avg acc:99.9761
2024-05-26 06:44:14,442 - INFO - Batch num: 90, Task 0 acc: 99.9761, Task avg acc:99.9761
2024-05-26 06:44:14,645 - INFO - ##########Task 1##########
2024-05-26 06:44:14,646 - INFO - Epoch 0
2024-05-26 06:44:20,200 - INFO - Batch num: 0, Task 0 acc: 99.9761, Batch num: 0, Task 1 acc: 0.0000, Task avg acc:49.9880
2024-05-26 06:44:25,854 - INFO - Batch num: 10, Task 0 acc: 99.9283, Batch num: 10, Task 1 acc: 32.1310, Task avg acc:66.0296
2024-05-26 06:44:31,572 - INFO - Batch num: 20, Task 0 acc: 88.8951, Batch num: 20, Task 1 acc: 77.9422, Task avg acc:83.4186
2024-05-26 06:44:37,208 - INFO - Batch num: 30, Task 0 acc: 26.1001, Batch num: 30, Task 1 acc: 94.6892, Task avg acc:60.3946
2024-05-26 06:44:43,079 - INFO - Batch num: 40, Task 0 acc: 2.0647, Batch num: 40, Task 1 acc: 96.4096, Task avg acc:49.2372
2024-05-26 06:44:48,599 - INFO - Batch num: 50, Task 0 acc: 0.0000, Batch num: 50, Task 1 acc: 96.9498, Task avg acc:48.4749
2024-05-26 06:44:54,348 - INFO - Batch num: 60, Task 0 acc: 0.0000, Batch num: 60, Task 1 acc: 97.5233, Task avg acc:48.7616
2024-05-26 06:45:00,069 - INFO - Batch num: 70, Task 0 acc: 0.0000, Batch num: 70, Task 1 acc: 97.7560, Task avg acc:48.8780
2024-05-26 06:45:05,583 - INFO - Batch num: 80, Task 0 acc: 0.0000, Batch num: 80, Task 1 acc: 97.7892, Task avg acc:48.8946
2024-05-26 06:45:11,058 - INFO - Batch num: 90, Task 0 acc: 0.0000, Batch num: 90, Task 1 acc: 98.1965, Task avg acc:49.0982
2024-05-26 06:45:11,142 - INFO - Epoch 1
2024-05-26 06:45:16,542 - INFO - Batch num: 0, Task 0 acc: 0.0000, Batch num: 0, Task 1 acc: 98.2380, Task avg acc:49.1190
2024-05-26 06:45:22,321 - INFO - Batch num: 10, Task 0 acc: 0.0000, Batch num: 10, Task 1 acc: 98.3295, Task avg acc:49.1647
2024-05-26 06:45:27,938 - INFO - Batch num: 20, Task 0 acc: 0.0000, Batch num: 20, Task 1 acc: 98.5040, Task avg acc:49.2520
2024-05-26 06:45:33,571 - INFO - Batch num: 30, Task 0 acc: 0.0000, Batch num: 30, Task 1 acc: 98.6120, Task avg acc:49.3060
2024-05-26 06:45:39,200 - INFO - Batch num: 40, Task 0 acc: 0.0000, Batch num: 40, Task 1 acc: 98.4791, Task avg acc:49.2395
2024-05-26 06:45:45,180 - INFO - Batch num: 50, Task 0 acc: 0.0000, Batch num: 50, Task 1 acc: 98.7284, Task avg acc:49.3642
2024-05-26 06:45:50,835 - INFO - Batch num: 60, Task 0 acc: 0.0000, Batch num: 60, Task 1 acc: 98.7866, Task avg acc:49.3933
2024-05-26 06:45:56,502 - INFO - Batch num: 70, Task 0 acc: 0.0000, Batch num: 70, Task 1 acc: 98.8032, Task avg acc:49.4016
2024-05-26 06:46:02,274 - INFO - Batch num: 80, Task 0 acc: 0.0000, Batch num: 80, Task 1 acc: 98.8531, Task avg acc:49.4265
2024-05-26 06:46:08,173 - INFO - Batch num: 90, Task 0 acc: 0.0000, Batch num: 90, Task 1 acc: 98.8780, Task avg acc:49.4390
2024-05-26 06:46:08,264 - INFO - Epoch 2
2024-05-26 06:46:13,680 - INFO - Batch num: 0, Task 0 acc: 0.0000, Batch num: 0, Task 1 acc: 98.9112, Task avg acc:49.4556
2024-05-26 06:46:19,440 - INFO - Batch num: 10, Task 0 acc: 0.0000, Batch num: 10, Task 1 acc: 98.8447, Task avg acc:49.4224
2024-05-26 06:46:25,207 - INFO - Batch num: 20, Task 0 acc: 0.0000, Batch num: 20, Task 1 acc: 99.0110, Task avg acc:49.5055
2024-05-26 06:46:30,892 - INFO - Batch num: 30, Task 0 acc: 0.0000, Batch num: 30, Task 1 acc: 99.0359, Task avg acc:49.5180
2024-05-26 06:46:36,647 - INFO - Batch num: 40, Task 0 acc: 0.0000, Batch num: 40, Task 1 acc: 99.0608, Task avg acc:49.5304
2024-05-26 06:46:42,352 - INFO - Batch num: 50, Task 0 acc: 0.0000, Batch num: 50, Task 1 acc: 99.0858, Task avg acc:49.5429
2024-05-26 06:46:48,046 - INFO - Batch num: 60, Task 0 acc: 0.0000, Batch num: 60, Task 1 acc: 99.0775, Task avg acc:49.5387
2024-05-26 06:46:53,645 - INFO - Batch num: 70, Task 0 acc: 0.0000, Batch num: 70, Task 1 acc: 99.1273, Task avg acc:49.5637
2024-05-26 06:46:59,458 - INFO - Batch num: 80, Task 0 acc: 0.0000, Batch num: 80, Task 1 acc: 99.1439, Task avg acc:49.5720
2024-05-26 06:47:05,055 - INFO - Batch num: 90, Task 0 acc: 0.0000, Batch num: 90, Task 1 acc: 99.1273, Task avg acc:49.5637
2024-05-26 06:47:05,139 - INFO - Epoch 3
2024-05-26 06:47:10,543 - INFO - Batch num: 0, Task 0 acc: 0.0000, Batch num: 0, Task 1 acc: 99.1523, Task avg acc:49.5761
2024-05-26 06:47:16,153 - INFO - Batch num: 10, Task 0 acc: 0.0000, Batch num: 10, Task 1 acc: 99.1273, Task avg acc:49.5637
2024-05-26 06:47:21,777 - INFO - Batch num: 20, Task 0 acc: 0.0000, Batch num: 20, Task 1 acc: 99.1772, Task avg acc:49.5886
2024-05-26 06:47:27,729 - INFO - Batch num: 30, Task 0 acc: 0.0000, Batch num: 30, Task 1 acc: 99.2104, Task avg acc:49.6052
2024-05-26 06:47:33,298 - INFO - Batch num: 40, Task 0 acc: 0.0000, Batch num: 40, Task 1 acc: 99.2852, Task avg acc:49.6426
2024-05-26 06:47:38,891 - INFO - Batch num: 50, Task 0 acc: 0.0000, Batch num: 50, Task 1 acc: 99.3434, Task avg acc:49.6717
2024-05-26 06:47:44,559 - INFO - Batch num: 60, Task 0 acc: 0.0000, Batch num: 60, Task 1 acc: 99.2936, Task avg acc:49.6468
2024-05-26 06:47:50,325 - INFO - Batch num: 70, Task 0 acc: 0.0000, Batch num: 70, Task 1 acc: 99.3351, Task avg acc:49.6676
2024-05-26 06:47:56,141 - INFO - Batch num: 80, Task 0 acc: 0.0000, Batch num: 80, Task 1 acc: 99.3850, Task avg acc:49.6925
2024-05-26 06:48:01,764 - INFO - Batch num: 90, Task 0 acc: 0.0000, Batch num: 90, Task 1 acc: 99.3517, Task avg acc:49.6759
2024-05-26 06:48:01,863 - INFO - ##########Task 2##########
2024-05-26 06:48:01,864 - INFO - Epoch 0
2024-05-26 06:48:09,700 - INFO - Batch num: 0, Task 0 acc: 0.0000, Batch num: 0, Task 1 acc: 99.3268, Batch num: 0, Task 2 acc: 0.0000, Task avg acc:33.1089
2024-05-26 06:48:17,931 - INFO - Batch num: 10, Task 0 acc: 0.0000, Batch num: 10, Task 1 acc: 98.5871, Batch num: 10, Task 2 acc: 0.1347, Task avg acc:32.9073
2024-05-26 06:48:25,913 - INFO - Batch num: 20, Task 0 acc: 0.0000, Batch num: 20, Task 1 acc: 83.5106, Batch num: 20, Task 2 acc: 57.0672, Task avg acc:46.8593
2024-05-26 06:48:33,947 - INFO - Batch num: 30, Task 0 acc: 0.0000, Batch num: 30, Task 1 acc: 42.0795, Batch num: 30, Task 2 acc: 86.1081, Task avg acc:42.7292
2024-05-26 06:48:42,134 - INFO - Batch num: 40, Task 0 acc: 0.0000, Batch num: 40, Task 1 acc: 20.7197, Batch num: 40, Task 2 acc: 93.5884, Task avg acc:38.1027
2024-05-26 06:48:50,269 - INFO - Batch num: 50, Task 0 acc: 0.0000, Batch num: 50, Task 1 acc: 0.7979, Batch num: 50, Task 2 acc: 98.5183, Task avg acc:33.1054
2024-05-26 06:48:58,217 - INFO - Batch num: 60, Task 0 acc: 0.0000, Batch num: 60, Task 1 acc: 0.0166, Batch num: 60, Task 2 acc: 99.1020, Task avg acc:33.0395
2024-05-26 06:49:06,292 - INFO - Batch num: 70, Task 0 acc: 0.0000, Batch num: 70, Task 1 acc: 0.0000, Batch num: 70, Task 2 acc: 99.1649, Task avg acc:33.0550
2024-05-26 06:49:14,516 - INFO - Batch num: 80, Task 0 acc: 0.0000, Batch num: 80, Task 1 acc: 0.0083, Batch num: 80, Task 2 acc: 99.3265, Task avg acc:33.1116
2024-05-26 06:49:14,695 - INFO - Epoch 1
2024-05-26 06:49:22,555 - INFO - Batch num: 0, Task 0 acc: 0.0000, Batch num: 0, Task 1 acc: 0.0083, Batch num: 0, Task 2 acc: 99.4163, Task avg acc:33.1415
2024-05-26 06:49:30,684 - INFO - Batch num: 10, Task 0 acc: 0.0000, Batch num: 10, Task 1 acc: 0.0083, Batch num: 10, Task 2 acc: 99.4702, Task avg acc:33.1595
2024-05-26 06:49:38,746 - INFO - Batch num: 20, Task 0 acc: 0.0000, Batch num: 20, Task 1 acc: 0.0000, Batch num: 20, Task 2 acc: 99.5241, Task avg acc:33.1747
2024-05-26 06:49:46,953 - INFO - Batch num: 30, Task 0 acc: 0.0000, Batch num: 30, Task 1 acc: 0.0083, Batch num: 30, Task 2 acc: 99.4971, Task avg acc:33.1685
2024-05-26 06:49:54,951 - INFO - Batch num: 40, Task 0 acc: 0.0000, Batch num: 40, Task 1 acc: 0.0083, Batch num: 40, Task 2 acc: 99.4881, Task avg acc:33.1655
2024-05-26 06:50:03,052 - INFO - Batch num: 50, Task 0 acc: 0.0000, Batch num: 50, Task 1 acc: 0.0000, Batch num: 50, Task 2 acc: 99.6139, Task avg acc:33.2046
2024-05-26 06:50:11,282 - INFO - Batch num: 60, Task 0 acc: 0.0000, Batch num: 60, Task 1 acc: 0.0000, Batch num: 60, Task 2 acc: 99.6588, Task avg acc:33.2196
2024-05-26 06:50:19,390 - INFO - Batch num: 70, Task 0 acc: 0.0000, Batch num: 70, Task 1 acc: 0.0083, Batch num: 70, Task 2 acc: 99.6498, Task avg acc:33.2194
2024-05-26 06:50:27,373 - INFO - Batch num: 80, Task 0 acc: 0.0000, Batch num: 80, Task 1 acc: 0.0083, Batch num: 80, Task 2 acc: 99.6767, Task avg acc:33.2283
2024-05-26 06:50:27,541 - INFO - Epoch 2
2024-05-26 06:50:35,554 - INFO - Batch num: 0, Task 0 acc: 0.0000, Batch num: 0, Task 1 acc: 0.0083, Batch num: 0, Task 2 acc: 99.7037, Task avg acc:33.2373
2024-05-26 06:50:43,522 - INFO - Batch num: 10, Task 0 acc: 0.0000, Batch num: 10, Task 1 acc: 0.0083, Batch num: 10, Task 2 acc: 99.7037, Task avg acc:33.2373
2024-05-26 06:50:51,589 - INFO - Batch num: 20, Task 0 acc: 0.0000, Batch num: 20, Task 1 acc: 0.0083, Batch num: 20, Task 2 acc: 99.7037, Task avg acc:33.2373
2024-05-26 06:50:59,769 - INFO - Batch num: 30, Task 0 acc: 0.0000, Batch num: 30, Task 1 acc: 0.0000, Batch num: 30, Task 2 acc: 99.7126, Task avg acc:33.2375
2024-05-26 06:51:07,755 - INFO - Batch num: 40, Task 0 acc: 0.0000, Batch num: 40, Task 1 acc: 0.0000, Batch num: 40, Task 2 acc: 99.6947, Task avg acc:33.2316
2024-05-26 06:51:15,752 - INFO - Batch num: 50, Task 0 acc: 0.0000, Batch num: 50, Task 1 acc: 0.0000, Batch num: 50, Task 2 acc: 99.7665, Task avg acc:33.2555
2024-05-26 06:51:23,752 - INFO - Batch num: 60, Task 0 acc: 0.0000, Batch num: 60, Task 1 acc: 0.0000, Batch num: 60, Task 2 acc: 99.7126, Task avg acc:33.2375
2024-05-26 06:51:31,932 - INFO - Batch num: 70, Task 0 acc: 0.0000, Batch num: 70, Task 1 acc: 0.0000, Batch num: 70, Task 2 acc: 99.7665, Task avg acc:33.2555
2024-05-26 06:51:40,044 - INFO - Batch num: 80, Task 0 acc: 0.0000, Batch num: 80, Task 1 acc: 0.0000, Batch num: 80, Task 2 acc: 99.7665, Task avg acc:33.2555
2024-05-26 06:51:40,224 - INFO - Epoch 3
2024-05-26 06:51:48,124 - INFO - Batch num: 0, Task 0 acc: 0.0000, Batch num: 0, Task 1 acc: 0.0000, Batch num: 0, Task 2 acc: 99.7755, Task avg acc:33.2585
2024-05-26 06:51:56,292 - INFO - Batch num: 10, Task 0 acc: 0.0000, Batch num: 10, Task 1 acc: 0.0000, Batch num: 10, Task 2 acc: 99.7665, Task avg acc:33.2555
2024-05-26 06:52:04,421 - INFO - Batch num: 20, Task 0 acc: 0.0000, Batch num: 20, Task 1 acc: 0.0000, Batch num: 20, Task 2 acc: 99.8024, Task avg acc:33.2675
2024-05-26 06:52:12,073 - INFO - Batch num: 30, Task 0 acc: 0.0000, Batch num: 30, Task 1 acc: 0.0000, Batch num: 30, Task 2 acc: 99.8114, Task avg acc:33.2705
2024-05-26 06:52:19,558 - INFO - Batch num: 40, Task 0 acc: 0.0000, Batch num: 40, Task 1 acc: 0.0000, Batch num: 40, Task 2 acc: 99.8024, Task avg acc:33.2675
2024-05-26 06:52:28,436 - INFO - Batch num: 50, Task 0 acc: 0.0000, Batch num: 50, Task 1 acc: 0.0083, Batch num: 50, Task 2 acc: 99.8294, Task avg acc:33.2792
2024-05-26 06:52:36,346 - INFO - Batch num: 60, Task 0 acc: 0.0000, Batch num: 60, Task 1 acc: 0.0000, Batch num: 60, Task 2 acc: 99.8114, Task avg acc:33.2705
2024-05-26 06:52:44,080 - INFO - Batch num: 70, Task 0 acc: 0.0000, Batch num: 70, Task 1 acc: 0.0000, Batch num: 70, Task 2 acc: 99.8024, Task avg acc:33.2675
2024-05-26 06:52:51,712 - INFO - Batch num: 80, Task 0 acc: 0.0000, Batch num: 80, Task 1 acc: 0.0000, Batch num: 80, Task 2 acc: 99.8114, Task avg acc:33.2705
2024-05-26 06:52:51,897 - INFO - ##########Task 3##########
2024-05-26 06:52:51,898 - INFO - Epoch 0
2024-05-26 06:53:01,522 - INFO - Batch num: 0, Task 0 acc: 0.0000, Batch num: 0, Task 1 acc: 0.0000, Batch num: 0, Task 2 acc: 99.8024, Batch num: 0, Task 3 acc: 0.0000, Task avg acc:24.9506
2024-05-26 06:53:11,148 - INFO - Batch num: 10, Task 0 acc: 0.0000, Batch num: 10, Task 1 acc: 0.0582, Batch num: 10, Task 2 acc: 98.4375, Batch num: 10, Task 3 acc: 19.8602, Task avg acc:29.5890
2024-05-26 06:53:20,908 - INFO - Batch num: 20, Task 0 acc: 0.0000, Batch num: 20, Task 1 acc: 0.0249, Batch num: 20, Task 2 acc: 81.6810, Batch num: 20, Task 3 acc: 49.7862, Task avg acc:32.8730
2024-05-26 06:53:30,763 - INFO - Batch num: 30, Task 0 acc: 0.0000, Batch num: 30, Task 1 acc: 0.0249, Batch num: 30, Task 2 acc: 52.1103, Batch num: 30, Task 3 acc: 51.1266, Task avg acc:25.8155
2024-05-26 06:53:41,049 - INFO - Batch num: 40, Task 0 acc: 0.0000, Batch num: 40, Task 1 acc: 0.0083, Batch num: 40, Task 2 acc: 29.4630, Batch num: 40, Task 3 acc: 88.7253, Task avg acc:29.5492
2024-05-26 06:53:51,575 - INFO - Batch num: 50, Task 0 acc: 0.0000, Batch num: 50, Task 1 acc: 0.0000, Batch num: 50, Task 2 acc: 6.6451, Batch num: 50, Task 3 acc: 99.5724, Task avg acc:26.5544
2024-05-26 06:54:01,860 - INFO - Batch num: 60, Task 0 acc: 0.0000, Batch num: 60, Task 1 acc: 0.0000, Batch num: 60, Task 2 acc: 0.9159, Batch num: 60, Task 3 acc: 99.6628, Task avg acc:25.1447
2024-05-26 06:54:12,106 - INFO - Batch num: 70, Task 0 acc: 0.0000, Batch num: 70, Task 1 acc: 0.0000, Batch num: 70, Task 2 acc: 0.0539, Batch num: 70, Task 3 acc: 99.6628, Task avg acc:24.9292
2024-05-26 06:54:22,185 - INFO - Batch num: 80, Task 0 acc: 0.0000, Batch num: 80, Task 1 acc: 0.0000, Batch num: 80, Task 2 acc: 0.0000, Batch num: 80, Task 3 acc: 99.7697, Task avg acc:24.9424
2024-05-26 06:54:32,888 - INFO - Batch num: 90, Task 0 acc: 0.0000, Batch num: 90, Task 1 acc: 0.0000, Batch num: 90, Task 2 acc: 0.0000, Batch num: 90, Task 3 acc: 99.7862, Task avg acc:24.9465
2024-05-26 06:54:33,003 - INFO - Epoch 1
2024-05-26 06:54:43,002 - INFO - Batch num: 0, Task 0 acc: 0.0000, Batch num: 0, Task 1 acc: 0.0000, Batch num: 0, Task 2 acc: 0.0000, Batch num: 0, Task 3 acc: 99.7944, Task avg acc:24.9486
2024-05-26 06:54:53,146 - INFO - Batch num: 10, Task 0 acc: 0.0000, Batch num: 10, Task 1 acc: 0.0000, Batch num: 10, Task 2 acc: 0.0000, Batch num: 10, Task 3 acc: 99.8191, Task avg acc:24.9548
2024-05-26 06:55:06,200 - INFO - Batch num: 20, Task 0 acc: 0.0000, Batch num: 20, Task 1 acc: 0.0000, Batch num: 20, Task 2 acc: 0.0000, Batch num: 20, Task 3 acc: 99.8273, Task avg acc:24.9568
2024-05-26 06:55:15,741 - INFO - Batch num: 30, Task 0 acc: 0.0000, Batch num: 30, Task 1 acc: 0.0000, Batch num: 30, Task 2 acc: 0.0000, Batch num: 30, Task 3 acc: 99.8355, Task avg acc:24.9589
2024-05-26 06:55:24,862 - INFO - Batch num: 40, Task 0 acc: 0.0000, Batch num: 40, Task 1 acc: 0.0000, Batch num: 40, Task 2 acc: 0.0000, Batch num: 40, Task 3 acc: 99.8438, Task avg acc:24.9609
2024-05-26 06:55:33,996 - INFO - Batch num: 50, Task 0 acc: 0.0000, Batch num: 50, Task 1 acc: 0.0000, Batch num: 50, Task 2 acc: 0.0000, Batch num: 50, Task 3 acc: 99.8931, Task avg acc:24.9733
2024-05-26 06:55:43,078 - INFO - Batch num: 60, Task 0 acc: 0.0000, Batch num: 60, Task 1 acc: 0.0000, Batch num: 60, Task 2 acc: 0.0000, Batch num: 60, Task 3 acc: 99.9095, Task avg acc:24.9774
2024-05-26 06:55:52,148 - INFO - Batch num: 70, Task 0 acc: 0.0000, Batch num: 70, Task 1 acc: 0.0000, Batch num: 70, Task 2 acc: 0.0000, Batch num: 70, Task 3 acc: 99.9260, Task avg acc:24.9815
2024-05-26 06:56:01,260 - INFO - Batch num: 80, Task 0 acc: 0.0000, Batch num: 80, Task 1 acc: 0.0000, Batch num: 80, Task 2 acc: 0.0000, Batch num: 80, Task 3 acc: 99.9260, Task avg acc:24.9815
2024-05-26 06:56:10,423 - INFO - Batch num: 90, Task 0 acc: 0.0000, Batch num: 90, Task 1 acc: 0.0000, Batch num: 90, Task 2 acc: 0.0000, Batch num: 90, Task 3 acc: 99.9342, Task avg acc:24.9836
2024-05-26 06:56:10,529 - INFO - Epoch 2
2024-05-26 06:56:19,400 - INFO - Batch num: 0, Task 0 acc: 0.0000, Batch num: 0, Task 1 acc: 0.0000, Batch num: 0, Task 2 acc: 0.0000, Batch num: 0, Task 3 acc: 99.9342, Task avg acc:24.9836
2024-05-26 06:56:28,497 - INFO - Batch num: 10, Task 0 acc: 0.0000, Batch num: 10, Task 1 acc: 0.0000, Batch num: 10, Task 2 acc: 0.0000, Batch num: 10, Task 3 acc: 99.9342, Task avg acc:24.9836
2024-05-26 06:56:37,603 - INFO - Batch num: 20, Task 0 acc: 0.0000, Batch num: 20, Task 1 acc: 0.0000, Batch num: 20, Task 2 acc: 0.0000, Batch num: 20, Task 3 acc: 99.9342, Task avg acc:24.9836
2024-05-26 06:56:46,689 - INFO - Batch num: 30, Task 0 acc: 0.0000, Batch num: 30, Task 1 acc: 0.0000, Batch num: 30, Task 2 acc: 0.0000, Batch num: 30, Task 3 acc: 99.9342, Task avg acc:24.9836
2024-05-26 06:56:55,739 - INFO - Batch num: 40, Task 0 acc: 0.0000, Batch num: 40, Task 1 acc: 0.0000, Batch num: 40, Task 2 acc: 0.0000, Batch num: 40, Task 3 acc: 99.9342, Task avg acc:24.9836
2024-05-26 06:57:04,825 - INFO - Batch num: 50, Task 0 acc: 0.0000, Batch num: 50, Task 1 acc: 0.0000, Batch num: 50, Task 2 acc: 0.0000, Batch num: 50, Task 3 acc: 99.9507, Task avg acc:24.9877
2024-05-26 06:57:13,997 - INFO - Batch num: 60, Task 0 acc: 0.0000, Batch num: 60, Task 1 acc: 0.0000, Batch num: 60, Task 2 acc: 0.0000, Batch num: 60, Task 3 acc: 99.9507, Task avg acc:24.9877
2024-05-26 06:57:23,059 - INFO - Batch num: 70, Task 0 acc: 0.0000, Batch num: 70, Task 1 acc: 0.0000, Batch num: 70, Task 2 acc: 0.0000, Batch num: 70, Task 3 acc: 99.9507, Task avg acc:24.9877
2024-05-26 06:57:32,141 - INFO - Batch num: 80, Task 0 acc: 0.0000, Batch num: 80, Task 1 acc: 0.0000, Batch num: 80, Task 2 acc: 0.0000, Batch num: 80, Task 3 acc: 99.9507, Task avg acc:24.9877
2024-05-26 06:57:41,272 - INFO - Batch num: 90, Task 0 acc: 0.0000, Batch num: 90, Task 1 acc: 0.0000, Batch num: 90, Task 2 acc: 0.0000, Batch num: 90, Task 3 acc: 99.9507, Task avg acc:24.9877
2024-05-26 06:57:41,378 - INFO - Epoch 3
2024-05-26 06:57:50,282 - INFO - Batch num: 0, Task 0 acc: 0.0000, Batch num: 0, Task 1 acc: 0.0000, Batch num: 0, Task 2 acc: 0.0000, Batch num: 0, Task 3 acc: 99.9424, Task avg acc:24.9856
2024-05-26 06:57:59,355 - INFO - Batch num: 10, Task 0 acc: 0.0000, Batch num: 10, Task 1 acc: 0.0000, Batch num: 10, Task 2 acc: 0.0000, Batch num: 10, Task 3 acc: 99.9671, Task avg acc:24.9918
2024-05-26 06:58:08,421 - INFO - Batch num: 20, Task 0 acc: 0.0000, Batch num: 20, Task 1 acc: 0.0000, Batch num: 20, Task 2 acc: 0.0000, Batch num: 20, Task 3 acc: 99.9671, Task avg acc:24.9918
2024-05-26 06:58:17,517 - INFO - Batch num: 30, Task 0 acc: 0.0000, Batch num: 30, Task 1 acc: 0.0000, Batch num: 30, Task 2 acc: 0.0000, Batch num: 30, Task 3 acc: 99.9589, Task avg acc:24.9897
2024-05-26 06:58:26,577 - INFO - Batch num: 40, Task 0 acc: 0.0000, Batch num: 40, Task 1 acc: 0.0000, Batch num: 40, Task 2 acc: 0.0000, Batch num: 40, Task 3 acc: 99.9589, Task avg acc:24.9897
2024-05-26 06:58:35,666 - INFO - Batch num: 50, Task 0 acc: 0.0000, Batch num: 50, Task 1 acc: 0.0000, Batch num: 50, Task 2 acc: 0.0000, Batch num: 50, Task 3 acc: 99.9589, Task avg acc:24.9897
2024-05-26 06:58:44,739 - INFO - Batch num: 60, Task 0 acc: 0.0000, Batch num: 60, Task 1 acc: 0.0000, Batch num: 60, Task 2 acc: 0.0000, Batch num: 60, Task 3 acc: 99.9589, Task avg acc:24.9897
2024-05-26 06:58:53,794 - INFO - Batch num: 70, Task 0 acc: 0.0000, Batch num: 70, Task 1 acc: 0.0000, Batch num: 70, Task 2 acc: 0.0000, Batch num: 70, Task 3 acc: 99.9671, Task avg acc:24.9918
2024-05-26 06:59:02,869 - INFO - Batch num: 80, Task 0 acc: 0.0000, Batch num: 80, Task 1 acc: 0.0000, Batch num: 80, Task 2 acc: 0.0000, Batch num: 80, Task 3 acc: 99.9507, Task avg acc:24.9877
2024-05-26 06:59:11,967 - INFO - Batch num: 90, Task 0 acc: 0.0000, Batch num: 90, Task 1 acc: 0.0000, Batch num: 90, Task 2 acc: 0.0000, Batch num: 90, Task 3 acc: 99.9589, Task avg acc:24.9897
2024-05-26 06:59:12,086 - INFO - ##########Task 4##########
2024-05-26 06:59:12,087 - INFO - Epoch 0
2024-05-26 06:59:23,096 - INFO - Batch num: 0, Task 0 acc: 0.0000, Batch num: 0, Task 1 acc: 0.0000, Batch num: 0, Task 2 acc: 0.0000, Batch num: 0, Task 3 acc: 99.9589, Batch num: 0, Task 4 acc: 0.0000, Task avg acc:19.9918
2024-05-26 06:59:34,361 - INFO - Batch num: 10, Task 0 acc: 0.0000, Batch num: 10, Task 1 acc: 0.0000, Batch num: 10, Task 2 acc: 1.5984, Batch num: 10, Task 3 acc: 98.8405, Batch num: 10, Task 4 acc: 0.0340, Task avg acc:20.0946
2024-05-26 06:59:45,712 - INFO - Batch num: 20, Task 0 acc: 0.0000, Batch num: 20, Task 1 acc: 0.0166, Batch num: 20, Task 2 acc: 3.5381, Batch num: 20, Task 3 acc: 90.0164, Batch num: 20, Task 4 acc: 53.9997, Task avg acc:29.5142
2024-05-26 06:59:57,131 - INFO - Batch num: 30, Task 0 acc: 0.0000, Batch num: 30, Task 1 acc: 0.0000, Batch num: 30, Task 2 acc: 0.8261, Batch num: 30, Task 3 acc: 51.1266, Batch num: 30, Task 4 acc: 82.9908, Task avg acc:26.9887
2024-05-26 07:00:08,443 - INFO - Batch num: 40, Task 0 acc: 0.0000, Batch num: 40, Task 1 acc: 0.0000, Batch num: 40, Task 2 acc: 0.0090, Batch num: 40, Task 3 acc: 4.2188, Batch num: 40, Task 4 acc: 94.3274, Task avg acc:19.7110
2024-05-26 07:00:19,934 - INFO - Batch num: 50, Task 0 acc: 0.0000, Batch num: 50, Task 1 acc: 0.0000, Batch num: 50, Task 2 acc: 0.0000, Batch num: 50, Task 3 acc: 0.0000, Batch num: 50, Task 4 acc: 96.9514, Task avg acc:19.3903
2024-05-26 07:00:31,228 - INFO - Batch num: 60, Task 0 acc: 0.0000, Batch num: 60, Task 1 acc: 0.0000, Batch num: 60, Task 2 acc: 0.0000, Batch num: 60, Task 3 acc: 0.0000, Batch num: 60, Task 4 acc: 97.5628, Task avg acc:19.5126
2024-05-26 07:00:42,479 - INFO - Batch num: 70, Task 0 acc: 0.0000, Batch num: 70, Task 1 acc: 0.0000, Batch num: 70, Task 2 acc: 0.0000, Batch num: 70, Task 3 acc: 0.0000, Batch num: 70, Task 4 acc: 98.0808, Task avg acc:19.6162
2024-05-26 07:00:53,707 - INFO - Batch num: 80, Task 0 acc: 0.0000, Batch num: 80, Task 1 acc: 0.0000, Batch num: 80, Task 2 acc: 0.0000, Batch num: 80, Task 3 acc: 0.0000, Batch num: 80, Task 4 acc: 98.2677, Task avg acc:19.6535
2024-05-26 07:01:04,923 - INFO - Batch num: 90, Task 0 acc: 0.0000, Batch num: 90, Task 1 acc: 0.0000, Batch num: 90, Task 2 acc: 0.0000, Batch num: 90, Task 3 acc: 0.0000, Batch num: 90, Task 4 acc: 98.5564, Task avg acc:19.7113
2024-05-26 07:01:04,952 - INFO - Epoch 1
2024-05-26 07:01:16,002 - INFO - Batch num: 0, Task 0 acc: 0.0000, Batch num: 0, Task 1 acc: 0.0000, Batch num: 0, Task 2 acc: 0.0000, Batch num: 0, Task 3 acc: 0.0000, Batch num: 0, Task 4 acc: 98.5904, Task avg acc:19.7181
2024-05-26 07:01:27,273 - INFO - Batch num: 10, Task 0 acc: 0.0000, Batch num: 10, Task 1 acc: 0.0000, Batch num: 10, Task 2 acc: 0.0000, Batch num: 10, Task 3 acc: 0.0000, Batch num: 10, Task 4 acc: 98.6328, Task avg acc:19.7266
2024-05-26 07:01:38,515 - INFO - Batch num: 20, Task 0 acc: 0.0000, Batch num: 20, Task 1 acc: 0.0000, Batch num: 20, Task 2 acc: 0.0000, Batch num: 20, Task 3 acc: 0.0000, Batch num: 20, Task 4 acc: 98.6583, Task avg acc:19.7317
2024-05-26 07:01:49,774 - INFO - Batch num: 30, Task 0 acc: 0.0000, Batch num: 30, Task 1 acc: 0.0000, Batch num: 30, Task 2 acc: 0.0000, Batch num: 30, Task 3 acc: 0.0000, Batch num: 30, Task 4 acc: 98.8536, Task avg acc:19.7707
2024-05-26 07:02:01,010 - INFO - Batch num: 40, Task 0 acc: 0.0000, Batch num: 40, Task 1 acc: 0.0000, Batch num: 40, Task 2 acc: 0.0000, Batch num: 40, Task 3 acc: 0.0000, Batch num: 40, Task 4 acc: 98.8196, Task avg acc:19.7639
2024-05-26 07:02:12,239 - INFO - Batch num: 50, Task 0 acc: 0.0000, Batch num: 50, Task 1 acc: 0.0000, Batch num: 50, Task 2 acc: 0.0000, Batch num: 50, Task 3 acc: 0.0000, Batch num: 50, Task 4 acc: 99.0065, Task avg acc:19.8013
2024-05-26 07:02:23,660 - INFO - Batch num: 60, Task 0 acc: 0.0000, Batch num: 60, Task 1 acc: 0.0000, Batch num: 60, Task 2 acc: 0.0000, Batch num: 60, Task 3 acc: 0.0000, Batch num: 60, Task 4 acc: 99.0574, Task avg acc:19.8115
2024-05-26 07:02:35,000 - INFO - Batch num: 70, Task 0 acc: 0.0000, Batch num: 70, Task 1 acc: 0.0000, Batch num: 70, Task 2 acc: 0.0000, Batch num: 70, Task 3 acc: 0.0000, Batch num: 70, Task 4 acc: 99.0914, Task avg acc:19.8183
2024-05-26 07:02:46,297 - INFO - Batch num: 80, Task 0 acc: 0.0000, Batch num: 80, Task 1 acc: 0.0000, Batch num: 80, Task 2 acc: 0.0000, Batch num: 80, Task 3 acc: 0.0000, Batch num: 80, Task 4 acc: 99.0659, Task avg acc:19.8132
2024-05-26 07:02:57,514 - INFO - Batch num: 90, Task 0 acc: 0.0000, Batch num: 90, Task 1 acc: 0.0000, Batch num: 90, Task 2 acc: 0.0000, Batch num: 90, Task 3 acc: 0.0000, Batch num: 90, Task 4 acc: 99.1338, Task avg acc:19.8268
2024-05-26 07:02:57,541 - INFO - Epoch 2
2024-05-26 07:03:08,559 - INFO - Batch num: 0, Task 0 acc: 0.0000, Batch num: 0, Task 1 acc: 0.0000, Batch num: 0, Task 2 acc: 0.0000, Batch num: 0, Task 3 acc: 0.0000, Batch num: 0, Task 4 acc: 99.1168, Task avg acc:19.8234
2024-05-26 07:03:19,896 - INFO - Batch num: 10, Task 0 acc: 0.0000, Batch num: 10, Task 1 acc: 0.0000, Batch num: 10, Task 2 acc: 0.0000, Batch num: 10, Task 3 acc: 0.0000, Batch num: 10, Task 4 acc: 99.0914, Task avg acc:19.8183
2024-05-26 07:03:31,133 - INFO - Batch num: 20, Task 0 acc: 0.0000, Batch num: 20, Task 1 acc: 0.0000, Batch num: 20, Task 2 acc: 0.0000, Batch num: 20, Task 3 acc: 0.0000, Batch num: 20, Task 4 acc: 99.1508, Task avg acc:19.8302
2024-05-26 07:03:42,370 - INFO - Batch num: 30, Task 0 acc: 0.0000, Batch num: 30, Task 1 acc: 0.0000, Batch num: 30, Task 2 acc: 0.0000, Batch num: 30, Task 3 acc: 0.0000, Batch num: 30, Task 4 acc: 99.2103, Task avg acc:19.8421
2024-05-26 07:03:53,825 - INFO - Batch num: 40, Task 0 acc: 0.0000, Batch num: 40, Task 1 acc: 0.0000, Batch num: 40, Task 2 acc: 0.0000, Batch num: 40, Task 3 acc: 0.0000, Batch num: 40, Task 4 acc: 99.2867, Task avg acc:19.8573
2024-05-26 07:04:05,135 - INFO - Batch num: 50, Task 0 acc: 0.0000, Batch num: 50, Task 1 acc: 0.0000, Batch num: 50, Task 2 acc: 0.0000, Batch num: 50, Task 3 acc: 0.0000, Batch num: 50, Task 4 acc: 99.3122, Task avg acc:19.8624
2024-05-26 07:04:16,395 - INFO - Batch num: 60, Task 0 acc: 0.0000, Batch num: 60, Task 1 acc: 0.0000, Batch num: 60, Task 2 acc: 0.0000, Batch num: 60, Task 3 acc: 0.0000, Batch num: 60, Task 4 acc: 99.3971, Task avg acc:19.8794
2024-05-26 07:04:27,635 - INFO - Batch num: 70, Task 0 acc: 0.0000, Batch num: 70, Task 1 acc: 0.0000, Batch num: 70, Task 2 acc: 0.0000, Batch num: 70, Task 3 acc: 0.0000, Batch num: 70, Task 4 acc: 99.3716, Task avg acc:19.8743
2024-05-26 07:04:38,880 - INFO - Batch num: 80, Task 0 acc: 0.0000, Batch num: 80, Task 1 acc: 0.0000, Batch num: 80, Task 2 acc: 0.0000, Batch num: 80, Task 3 acc: 0.0000, Batch num: 80, Task 4 acc: 99.3886, Task avg acc:19.8777
2024-05-26 07:04:50,121 - INFO - Batch num: 90, Task 0 acc: 0.0000, Batch num: 90, Task 1 acc: 0.0000, Batch num: 90, Task 2 acc: 0.0000, Batch num: 90, Task 3 acc: 0.0000, Batch num: 90, Task 4 acc: 99.4056, Task avg acc:19.8811
2024-05-26 07:04:50,148 - INFO - Epoch 3
2024-05-26 07:05:01,253 - INFO - Batch num: 0, Task 0 acc: 0.0000, Batch num: 0, Task 1 acc: 0.0000, Batch num: 0, Task 2 acc: 0.0000, Batch num: 0, Task 3 acc: 0.0000, Batch num: 0, Task 4 acc: 99.4056, Task avg acc:19.8811
2024-05-26 07:05:12,489 - INFO - Batch num: 10, Task 0 acc: 0.0000, Batch num: 10, Task 1 acc: 0.0000, Batch num: 10, Task 2 acc: 0.0000, Batch num: 10, Task 3 acc: 0.0000, Batch num: 10, Task 4 acc: 99.3971, Task avg acc:19.8794
2024-05-26 07:05:23,702 - INFO - Batch num: 20, Task 0 acc: 0.0000, Batch num: 20, Task 1 acc: 0.0000, Batch num: 20, Task 2 acc: 0.0000, Batch num: 20, Task 3 acc: 0.0000, Batch num: 20, Task 4 acc: 99.3461, Task avg acc:19.8692
2024-05-26 07:05:34,956 - INFO - Batch num: 30, Task 0 acc: 0.0000, Batch num: 30, Task 1 acc: 0.0000, Batch num: 30, Task 2 acc: 0.0000, Batch num: 30, Task 3 acc: 0.0000, Batch num: 30, Task 4 acc: 99.4395, Task avg acc:19.8879
2024-05-26 07:05:46,211 - INFO - Batch num: 40, Task 0 acc: 0.0000, Batch num: 40, Task 1 acc: 0.0000, Batch num: 40, Task 2 acc: 0.0000, Batch num: 40, Task 3 acc: 0.0000, Batch num: 40, Task 4 acc: 99.4565, Task avg acc:19.8913
2024-05-26 07:05:57,409 - INFO - Batch num: 50, Task 0 acc: 0.0000, Batch num: 50, Task 1 acc: 0.0000, Batch num: 50, Task 2 acc: 0.0000, Batch num: 50, Task 3 acc: 0.0000, Batch num: 50, Task 4 acc: 99.4905, Task avg acc:19.8981
2024-05-26 07:06:08,661 - INFO - Batch num: 60, Task 0 acc: 0.0000, Batch num: 60, Task 1 acc: 0.0000, Batch num: 60, Task 2 acc: 0.0000, Batch num: 60, Task 3 acc: 0.0000, Batch num: 60, Task 4 acc: 99.3122, Task avg acc:19.8624
2024-05-26 07:06:19,881 - INFO - Batch num: 70, Task 0 acc: 0.0000, Batch num: 70, Task 1 acc: 0.0000, Batch num: 70, Task 2 acc: 0.0000, Batch num: 70, Task 3 acc: 0.0000, Batch num: 70, Task 4 acc: 99.5160, Task avg acc:19.9032
2024-05-26 07:06:31,104 - INFO - Batch num: 80, Task 0 acc: 0.0000, Batch num: 80, Task 1 acc: 0.0000, Batch num: 80, Task 2 acc: 0.0000, Batch num: 80, Task 3 acc: 0.0000, Batch num: 80, Task 4 acc: 99.5329, Task avg acc:19.9066
2024-05-26 07:06:42,372 - INFO - Batch num: 90, Task 0 acc: 0.0000, Batch num: 90, Task 1 acc: 0.0000, Batch num: 90, Task 2 acc: 0.0000, Batch num: 90, Task 3 acc: 0.0000, Batch num: 90, Task 4 acc: 99.5499, Task avg acc:19.9100
