2024-05-29 03:52:23,568 - INFO - ##########Task 0##########
2024-05-29 03:52:23,569 - INFO - Epoch 0
2024-05-29 03:52:26,044 - INFO - Batch num: 0, Task 0 acc: 0.0638, Task avg acc:0.0638
2024-05-29 03:52:28,788 - INFO - Batch num: 10, Task 0 acc: 51.9611, Task avg acc:51.9611
2024-05-29 03:52:31,425 - INFO - Batch num: 20, Task 0 acc: 79.5599, Task avg acc:79.5599
2024-05-29 03:52:34,120 - INFO - Batch num: 30, Task 0 acc: 91.8925, Task avg acc:91.8925
2024-05-29 03:52:36,763 - INFO - Batch num: 40, Task 0 acc: 93.1043, Task avg acc:93.1043
2024-05-29 03:52:39,465 - INFO - Batch num: 50, Task 0 acc: 93.0246, Task avg acc:93.0246
2024-05-29 03:52:42,175 - INFO - Batch num: 60, Task 0 acc: 94.3957, Task avg acc:94.3957
2024-05-29 03:52:44,812 - INFO - Batch num: 70, Task 0 acc: 95.4560, Task avg acc:95.4560
2024-05-29 03:52:47,451 - INFO - Batch num: 80, Task 0 acc: 97.5128, Task avg acc:97.5128
2024-05-29 03:52:50,147 - INFO - Batch num: 90, Task 0 acc: 98.4056, Task avg acc:98.4056
2024-05-29 03:52:50,350 - INFO - Epoch 1
2024-05-29 03:52:52,850 - INFO - Batch num: 0, Task 0 acc: 97.8795, Task avg acc:97.8795
2024-05-29 03:52:55,479 - INFO - Batch num: 10, Task 0 acc: 97.2018, Task avg acc:97.2018
2024-05-29 03:52:58,201 - INFO - Batch num: 20, Task 0 acc: 96.8192, Task avg acc:96.8192
2024-05-29 03:53:00,845 - INFO - Batch num: 30, Task 0 acc: 97.7041, Task avg acc:97.7041
2024-05-29 03:53:03,516 - INFO - Batch num: 40, Task 0 acc: 97.6244, Task avg acc:97.6244
2024-05-29 03:53:06,226 - INFO - Batch num: 50, Task 0 acc: 97.2736, Task avg acc:97.2736
2024-05-29 03:53:08,890 - INFO - Batch num: 60, Task 0 acc: 96.9946, Task avg acc:96.9946
2024-05-29 03:53:11,601 - INFO - Batch num: 70, Task 0 acc: 97.1859, Task avg acc:97.1859
2024-05-29 03:53:14,264 - INFO - Batch num: 80, Task 0 acc: 96.6438, Task avg acc:96.6438
2024-05-29 03:53:17,006 - INFO - Batch num: 90, Task 0 acc: 97.0424, Task avg acc:97.0424
2024-05-29 03:53:17,208 - INFO - Epoch 2
2024-05-29 03:53:19,588 - INFO - Batch num: 0, Task 0 acc: 96.8033, Task avg acc:96.8033
2024-05-29 03:53:22,293 - INFO - Batch num: 10, Task 0 acc: 96.5641, Task avg acc:96.5641
2024-05-29 03:53:24,965 - INFO - Batch num: 20, Task 0 acc: 97.0823, Task avg acc:97.0823
2024-05-29 03:53:27,599 - INFO - Batch num: 30, Task 0 acc: 97.6881, Task avg acc:97.6881
2024-05-29 03:53:30,296 - INFO - Batch num: 40, Task 0 acc: 97.6244, Task avg acc:97.6244
2024-05-29 03:53:32,946 - INFO - Batch num: 50, Task 0 acc: 97.4330, Task avg acc:97.4330
2024-05-29 03:53:35,706 - INFO - Batch num: 60, Task 0 acc: 97.1859, Task avg acc:97.1859
2024-05-29 03:53:38,352 - INFO - Batch num: 70, Task 0 acc: 97.3055, Task avg acc:97.3055
2024-05-29 03:53:41,072 - INFO - Batch num: 80, Task 0 acc: 97.1381, Task avg acc:97.1381
2024-05-29 03:53:43,752 - INFO - Batch num: 90, Task 0 acc: 96.9866, Task avg acc:96.9866
2024-05-29 03:53:43,956 - INFO - Epoch 3
2024-05-29 03:53:46,373 - INFO - Batch num: 0, Task 0 acc: 97.6722, Task avg acc:97.6722
2024-05-29 03:53:49,096 - INFO - Batch num: 10, Task 0 acc: 97.7997, Task avg acc:97.7997
2024-05-29 03:53:51,741 - INFO - Batch num: 20, Task 0 acc: 97.9193, Task avg acc:97.9193
2024-05-29 03:53:54,383 - INFO - Batch num: 30, Task 0 acc: 98.4056, Task avg acc:98.4056
2024-05-29 03:53:57,117 - INFO - Batch num: 40, Task 0 acc: 98.1585, Task avg acc:98.1585
2024-05-29 03:53:59,757 - INFO - Batch num: 50, Task 0 acc: 98.3578, Task avg acc:98.3578
2024-05-29 03:54:02,473 - INFO - Batch num: 60, Task 0 acc: 98.3817, Task avg acc:98.3817
2024-05-29 03:54:05,117 - INFO - Batch num: 70, Task 0 acc: 98.4614, Task avg acc:98.4614
2024-05-29 03:54:07,797 - INFO - Batch num: 80, Task 0 acc: 98.4295, Task avg acc:98.4295
2024-05-29 03:54:10,511 - INFO - Batch num: 90, Task 0 acc: 98.4455, Task avg acc:98.4455
2024-05-29 03:54:10,724 - INFO - ##########Task 1##########
2024-05-29 03:54:10,725 - INFO - Epoch 0
2024-05-29 03:54:15,375 - INFO - Batch num: 0, Task 0 acc: 98.2382, Batch num: 0, Task 1 acc: 1.0472, Task avg acc:49.6427
2024-05-29 03:54:20,349 - INFO - Batch num: 10, Task 0 acc: 96.7714, Batch num: 10, Task 1 acc: 3.8481, Task avg acc:50.3097
2024-05-29 03:54:25,271 - INFO - Batch num: 20, Task 0 acc: 96.3648, Batch num: 20, Task 1 acc: 21.7586, Task avg acc:59.0617
2024-05-29 03:54:30,158 - INFO - Batch num: 30, Task 0 acc: 95.1849, Batch num: 30, Task 1 acc: 48.9279, Task avg acc:72.0564
2024-05-29 03:54:35,137 - INFO - Batch num: 40, Task 0 acc: 94.9697, Batch num: 40, Task 1 acc: 55.0864, Task avg acc:75.0281
2024-05-29 03:54:40,021 - INFO - Batch num: 50, Task 0 acc: 94.6189, Batch num: 50, Task 1 acc: 62.1592, Task avg acc:78.3891
2024-05-29 03:54:44,971 - INFO - Batch num: 60, Task 0 acc: 93.6942, Batch num: 60, Task 1 acc: 67.0462, Task avg acc:80.3702
2024-05-29 03:54:49,942 - INFO - Batch num: 70, Task 0 acc: 93.1840, Batch num: 70, Task 1 acc: 73.3461, Task avg acc:83.2650
2024-05-29 03:54:54,826 - INFO - Batch num: 80, Task 0 acc: 91.8846, Batch num: 80, Task 1 acc: 74.5180, Task avg acc:83.2013
2024-05-29 03:54:59,716 - INFO - Batch num: 90, Task 0 acc: 92.9608, Batch num: 90, Task 1 acc: 76.8866, Task avg acc:84.9237
2024-05-29 03:54:59,805 - INFO - Epoch 1
2024-05-29 03:55:04,531 - INFO - Batch num: 0, Task 0 acc: 93.1760, Batch num: 0, Task 1 acc: 75.9807, Task avg acc:84.5784
2024-05-29 03:55:09,427 - INFO - Batch num: 10, Task 0 acc: 92.8731, Batch num: 10, Task 1 acc: 77.0529, Task avg acc:84.9630
2024-05-29 03:55:14,316 - INFO - Batch num: 20, Task 0 acc: 92.7136, Batch num: 20, Task 1 acc: 78.5239, Task avg acc:85.6188
2024-05-29 03:55:19,351 - INFO - Batch num: 30, Task 0 acc: 93.1043, Batch num: 30, Task 1 acc: 78.6652, Task avg acc:85.8847
2024-05-29 03:55:24,289 - INFO - Batch num: 40, Task 0 acc: 92.4027, Batch num: 40, Task 1 acc: 78.4658, Task avg acc:85.4343
2024-05-29 03:55:29,181 - INFO - Batch num: 50, Task 0 acc: 92.6100, Batch num: 50, Task 1 acc: 79.9701, Task avg acc:86.2900
2024-05-29 03:55:34,168 - INFO - Batch num: 60, Task 0 acc: 91.4939, Batch num: 60, Task 1 acc: 80.5602, Task avg acc:86.0271
2024-05-29 03:55:39,069 - INFO - Batch num: 70, Task 0 acc: 89.3654, Batch num: 70, Task 1 acc: 81.2500, Task avg acc:85.3077
2024-05-29 03:55:43,998 - INFO - Batch num: 80, Task 0 acc: 89.9952, Batch num: 80, Task 1 acc: 81.2583, Task avg acc:85.6268
2024-05-29 03:55:48,998 - INFO - Batch num: 90, Task 0 acc: 90.0191, Batch num: 90, Task 1 acc: 82.3554, Task avg acc:86.1873
2024-05-29 03:55:49,087 - INFO - Epoch 2
2024-05-29 03:55:53,724 - INFO - Batch num: 0, Task 0 acc: 89.2698, Batch num: 0, Task 1 acc: 81.5658, Task avg acc:85.4178
2024-05-29 03:55:58,615 - INFO - Batch num: 10, Task 0 acc: 89.7879, Batch num: 10, Task 1 acc: 80.6932, Task avg acc:85.2405
2024-05-29 03:56:03,643 - INFO - Batch num: 20, Task 0 acc: 89.5089, Batch num: 20, Task 1 acc: 81.8484, Task avg acc:85.6787
2024-05-29 03:56:08,546 - INFO - Batch num: 30, Task 0 acc: 89.3734, Batch num: 30, Task 1 acc: 84.4332, Task avg acc:86.9033
2024-05-29 03:56:13,519 - INFO - Batch num: 40, Task 0 acc: 89.9155, Batch num: 40, Task 1 acc: 85.3142, Task avg acc:87.6148
2024-05-29 03:56:18,470 - INFO - Batch num: 50, Task 0 acc: 90.8482, Batch num: 50, Task 1 acc: 85.0814, Task avg acc:87.9648
2024-05-29 03:56:23,484 - INFO - Batch num: 60, Task 0 acc: 88.7915, Batch num: 60, Task 1 acc: 85.2560, Task avg acc:87.0237
2024-05-29 03:56:28,370 - INFO - Batch num: 70, Task 0 acc: 87.1173, Batch num: 70, Task 1 acc: 83.3943, Task avg acc:85.2558
2024-05-29 03:56:33,284 - INFO - Batch num: 80, Task 0 acc: 88.4168, Batch num: 80, Task 1 acc: 82.5299, Task avg acc:85.4733
2024-05-29 03:56:38,249 - INFO - Batch num: 90, Task 0 acc: 89.6365, Batch num: 90, Task 1 acc: 82.2806, Task avg acc:85.9585
2024-05-29 03:56:38,337 - INFO - Epoch 3
2024-05-29 03:56:42,995 - INFO - Batch num: 0, Task 0 acc: 89.3415, Batch num: 0, Task 1 acc: 82.5216, Task avg acc:85.9316
2024-05-29 03:56:47,971 - INFO - Batch num: 10, Task 0 acc: 89.1183, Batch num: 10, Task 1 acc: 83.8514, Task avg acc:86.4848
2024-05-29 03:56:52,907 - INFO - Batch num: 20, Task 0 acc: 87.9385, Batch num: 20, Task 1 acc: 84.2420, Task avg acc:86.0902
2024-05-29 03:56:57,816 - INFO - Batch num: 30, Task 0 acc: 87.7870, Batch num: 30, Task 1 acc: 85.6715, Task avg acc:86.7293
2024-05-29 03:57:02,820 - INFO - Batch num: 40, Task 0 acc: 88.4566, Batch num: 40, Task 1 acc: 86.0372, Task avg acc:87.2469
2024-05-29 03:57:07,722 - INFO - Batch num: 50, Task 0 acc: 90.7207, Batch num: 50, Task 1 acc: 86.4279, Task avg acc:88.5743
2024-05-29 03:57:12,627 - INFO - Batch num: 60, Task 0 acc: 89.6126, Batch num: 60, Task 1 acc: 85.7630, Task avg acc:87.6878
2024-05-29 03:57:17,625 - INFO - Batch num: 70, Task 0 acc: 88.9589, Batch num: 70, Task 1 acc: 85.9209, Task avg acc:87.4399
2024-05-29 03:57:22,580 - INFO - Batch num: 80, Task 0 acc: 88.5124, Batch num: 80, Task 1 acc: 87.2424, Task avg acc:87.8774
2024-05-29 03:57:27,480 - INFO - Batch num: 90, Task 0 acc: 87.9225, Batch num: 90, Task 1 acc: 87.5748, Task avg acc:87.7487
2024-05-29 03:57:27,633 - INFO - ##########Task 2##########
2024-05-29 03:57:27,634 - INFO - Epoch 0
2024-05-29 03:57:34,354 - INFO - Batch num: 0, Task 0 acc: 86.6390, Batch num: 0, Task 1 acc: 88.1566, Batch num: 0, Task 2 acc: 0.4759, Task avg acc:58.4238
2024-05-29 03:57:41,425 - INFO - Batch num: 10, Task 0 acc: 84.3830, Batch num: 10, Task 1 acc: 87.8158, Batch num: 10, Task 2 acc: 5.8100, Task avg acc:59.3363
2024-05-29 03:57:48,434 - INFO - Batch num: 20, Task 0 acc: 85.3396, Batch num: 20, Task 1 acc: 86.3447, Batch num: 20, Task 2 acc: 22.3869, Task avg acc:64.6904
2024-05-29 03:57:55,517 - INFO - Batch num: 30, Task 0 acc: 80.7079, Batch num: 30, Task 1 acc: 80.1862, Batch num: 30, Task 2 acc: 49.3804, Task avg acc:70.0915
2024-05-29 03:58:02,503 - INFO - Batch num: 40, Task 0 acc: 72.9114, Batch num: 40, Task 1 acc: 77.0030, Batch num: 40, Task 2 acc: 63.9098, Task avg acc:71.2747
2024-05-29 03:58:09,571 - INFO - Batch num: 50, Task 0 acc: 72.2337, Batch num: 50, Task 1 acc: 76.8866, Batch num: 50, Task 2 acc: 65.8046, Task avg acc:71.6417
2024-05-29 03:58:16,573 - INFO - Batch num: 60, Task 0 acc: 64.3814, Batch num: 60, Task 1 acc: 73.8531, Batch num: 60, Task 2 acc: 68.3639, Task avg acc:68.8661
2024-05-29 03:58:23,682 - INFO - Batch num: 70, Task 0 acc: 62.3007, Batch num: 70, Task 1 acc: 72.3072, Batch num: 70, Task 2 acc: 69.1631, Task avg acc:67.9237
2024-05-29 03:58:30,645 - INFO - Batch num: 80, Task 0 acc: 65.3460, Batch num: 80, Task 1 acc: 74.2520, Batch num: 80, Task 2 acc: 67.3402, Task avg acc:68.9794
2024-05-29 03:58:30,822 - INFO - Epoch 1
2024-05-29 03:58:37,622 - INFO - Batch num: 0, Task 0 acc: 60.9295, Batch num: 0, Task 1 acc: 74.3268, Batch num: 0, Task 2 acc: 66.7565, Task avg acc:67.3376
2024-05-29 03:58:44,616 - INFO - Batch num: 10, Task 0 acc: 57.7089, Batch num: 10, Task 1 acc: 77.4601, Batch num: 10, Task 2 acc: 65.9393, Task avg acc:67.0361
2024-05-29 03:58:51,650 - INFO - Batch num: 20, Task 0 acc: 55.2774, Batch num: 20, Task 1 acc: 76.1636, Batch num: 20, Task 2 acc: 70.1149, Task avg acc:67.1853
2024-05-29 03:58:58,664 - INFO - Batch num: 30, Task 0 acc: 53.7867, Batch num: 30, Task 1 acc: 77.4518, Batch num: 30, Task 2 acc: 69.1092, Task avg acc:66.7826
2024-05-29 03:59:05,728 - INFO - Batch num: 40, Task 0 acc: 54.7513, Batch num: 40, Task 1 acc: 76.0638, Batch num: 40, Task 2 acc: 69.3876, Task avg acc:66.7342
2024-05-29 03:59:12,736 - INFO - Batch num: 50, Task 0 acc: 53.7309, Batch num: 50, Task 1 acc: 73.8447, Batch num: 50, Task 2 acc: 71.7403, Task avg acc:66.4386
2024-05-29 03:59:19,865 - INFO - Batch num: 60, Task 0 acc: 54.0976, Batch num: 60, Task 1 acc: 73.5040, Batch num: 60, Task 2 acc: 67.8700, Task avg acc:65.1572
2024-05-29 03:59:26,886 - INFO - Batch num: 70, Task 0 acc: 53.4917, Batch num: 70, Task 1 acc: 70.4289, Batch num: 70, Task 2 acc: 70.3664, Task avg acc:64.7623
2024-05-29 03:59:33,866 - INFO - Batch num: 80, Task 0 acc: 52.7503, Batch num: 80, Task 1 acc: 70.3042, Batch num: 80, Task 2 acc: 71.2195, Task avg acc:64.7580
2024-05-29 03:59:34,059 - INFO - Epoch 2
2024-05-29 03:59:40,842 - INFO - Batch num: 0, Task 0 acc: 51.8654, Batch num: 0, Task 1 acc: 65.3009, Batch num: 0, Task 2 acc: 75.5657, Task avg acc:64.2440
2024-05-29 03:59:47,904 - INFO - Batch num: 10, Task 0 acc: 51.7777, Batch num: 10, Task 1 acc: 61.5858, Batch num: 10, Task 2 acc: 79.2026, Task avg acc:64.1887
2024-05-29 03:59:54,893 - INFO - Batch num: 20, Task 0 acc: 52.4155, Batch num: 20, Task 1 acc: 60.0150, Batch num: 20, Task 2 acc: 81.0973, Task avg acc:64.5093
2024-05-29 04:00:01,986 - INFO - Batch num: 30, Task 0 acc: 52.7822, Batch num: 30, Task 1 acc: 61.9930, Batch num: 30, Task 2 acc: 79.5618, Task avg acc:64.7790
2024-05-29 04:00:09,026 - INFO - Batch num: 40, Task 0 acc: 54.5121, Batch num: 40, Task 1 acc: 61.2118, Batch num: 40, Task 2 acc: 77.4425, Task avg acc:64.3888
2024-05-29 04:00:16,068 - INFO - Batch num: 50, Task 0 acc: 54.2490, Batch num: 50, Task 1 acc: 57.8042, Batch num: 50, Task 2 acc: 79.5079, Task avg acc:63.8537
2024-05-29 04:00:23,063 - INFO - Batch num: 60, Task 0 acc: 53.9461, Batch num: 60, Task 1 acc: 55.7264, Batch num: 60, Task 2 acc: 77.7568, Task avg acc:62.4764
2024-05-29 04:00:30,144 - INFO - Batch num: 70, Task 0 acc: 52.8061, Batch num: 70, Task 1 acc: 48.3627, Batch num: 70, Task 2 acc: 81.2141, Task avg acc:60.7943
2024-05-29 04:00:37,160 - INFO - Batch num: 80, Task 0 acc: 53.2047, Batch num: 80, Task 1 acc: 52.3853, Batch num: 80, Task 2 acc: 79.1936, Task avg acc:61.5945
2024-05-29 04:00:37,337 - INFO - Epoch 3
2024-05-29 04:00:44,106 - INFO - Batch num: 0, Task 0 acc: 52.0727, Batch num: 0, Task 1 acc: 53.7234, Batch num: 0, Task 2 acc: 79.5259, Task avg acc:61.7740
2024-05-29 04:00:51,084 - INFO - Batch num: 10, Task 0 acc: 52.8858, Batch num: 10, Task 1 acc: 58.7766, Batch num: 10, Task 2 acc: 75.2425, Task avg acc:62.3016
2024-05-29 04:00:58,131 - INFO - Batch num: 20, Task 0 acc: 53.7707, Batch num: 20, Task 1 acc: 60.3308, Batch num: 20, Task 2 acc: 73.2040, Task avg acc:62.4352
2024-05-29 04:01:05,201 - INFO - Batch num: 30, Task 0 acc: 53.4359, Batch num: 30, Task 1 acc: 63.3062, Batch num: 30, Task 2 acc: 72.5754, Task avg acc:63.1058
2024-05-29 04:01:12,231 - INFO - Batch num: 40, Task 0 acc: 52.5271, Batch num: 40, Task 1 acc: 63.8049, Batch num: 40, Task 2 acc: 74.1559, Task avg acc:63.4959
2024-05-29 04:01:19,229 - INFO - Batch num: 50, Task 0 acc: 51.9850, Batch num: 50, Task 1 acc: 64.3534, Batch num: 50, Task 2 acc: 77.1103, Task avg acc:64.4829
2024-05-29 04:01:26,281 - INFO - Batch num: 60, Task 0 acc: 51.7299, Batch num: 60, Task 1 acc: 63.0652, Batch num: 60, Task 2 acc: 78.6099, Task avg acc:64.4683
2024-05-29 04:01:33,332 - INFO - Batch num: 70, Task 0 acc: 51.8575, Batch num: 70, Task 1 acc: 60.0066, Batch num: 70, Task 2 acc: 81.4835, Task avg acc:64.4492
2024-05-29 04:01:40,373 - INFO - Batch num: 80, Task 0 acc: 51.6342, Batch num: 80, Task 1 acc: 57.7128, Batch num: 80, Task 2 acc: 82.2737, Task avg acc:63.8736
2024-05-29 04:01:40,558 - INFO - ##########Task 3##########
2024-05-29 04:01:40,559 - INFO - Epoch 0
2024-05-29 04:01:49,586 - INFO - Batch num: 0, Task 0 acc: 51.7060, Batch num: 0, Task 1 acc: 56.5243, Batch num: 0, Task 2 acc: 82.2557, Batch num: 0, Task 3 acc: 0.0082, Task avg acc:47.6236
2024-05-29 04:01:58,852 - INFO - Batch num: 10, Task 0 acc: 53.8584, Batch num: 10, Task 1 acc: 57.1892, Batch num: 10, Task 2 acc: 80.3879, Batch num: 10, Task 3 acc: 0.1398, Task avg acc:47.8938
2024-05-29 04:02:08,223 - INFO - Batch num: 20, Task 0 acc: 51.0922, Batch num: 20, Task 1 acc: 52.3853, Batch num: 20, Task 2 acc: 83.4501, Batch num: 20, Task 3 acc: 5.4770, Task avg acc:48.1011
2024-05-29 04:02:17,564 - INFO - Batch num: 30, Task 0 acc: 47.1779, Batch num: 30, Task 1 acc: 44.6809, Batch num: 30, Task 2 acc: 86.6379, Batch num: 30, Task 3 acc: 38.5526, Task avg acc:54.2623
2024-05-29 04:02:26,842 - INFO - Batch num: 40, Task 0 acc: 47.5367, Batch num: 40, Task 1 acc: 37.8906, Batch num: 40, Task 2 acc: 87.0869, Batch num: 40, Task 3 acc: 68.9638, Task avg acc:60.3695
2024-05-29 04:02:36,196 - INFO - Batch num: 50, Task 0 acc: 48.1665, Batch num: 50, Task 1 acc: 35.1895, Batch num: 50, Task 2 acc: 81.3667, Batch num: 50, Task 3 acc: 81.1513, Task avg acc:61.4685
2024-05-29 04:02:45,520 - INFO - Batch num: 60, Task 0 acc: 48.5969, Batch num: 60, Task 1 acc: 33.1948, Batch num: 60, Task 2 acc: 81.4296, Batch num: 60, Task 3 acc: 80.7977, Task avg acc:61.0048
2024-05-29 04:02:54,857 - INFO - Batch num: 70, Task 0 acc: 47.1062, Batch num: 70, Task 1 acc: 37.2424, Batch num: 70, Task 2 acc: 80.7022, Batch num: 70, Task 3 acc: 75.9622, Task avg acc:60.2532
2024-05-29 04:03:04,123 - INFO - Batch num: 80, Task 0 acc: 41.9005, Batch num: 80, Task 1 acc: 32.9787, Batch num: 80, Task 2 acc: 83.0729, Batch num: 80, Task 3 acc: 73.6266, Task avg acc:57.8947
2024-05-29 04:03:13,461 - INFO - Batch num: 90, Task 0 acc: 39.5249, Batch num: 90, Task 1 acc: 26.6207, Batch num: 90, Task 2 acc: 85.2820, Batch num: 90, Task 3 acc: 73.4457, Task avg acc:56.2183
2024-05-29 04:03:13,580 - INFO - Epoch 1
2024-05-29 04:03:22,670 - INFO - Batch num: 0, Task 0 acc: 37.9385, Batch num: 0, Task 1 acc: 25.9225, Batch num: 0, Task 2 acc: 83.8452, Batch num: 0, Task 3 acc: 75.2549, Task avg acc:55.7403
2024-05-29 04:03:32,027 - INFO - Batch num: 10, Task 0 acc: 31.3616, Batch num: 10, Task 1 acc: 23.2962, Batch num: 10, Task 2 acc: 83.2435, Batch num: 10, Task 3 acc: 78.5444, Task avg acc:54.1114
2024-05-29 04:03:41,335 - INFO - Batch num: 20, Task 0 acc: 33.1473, Batch num: 20, Task 1 acc: 22.1576, Batch num: 20, Task 2 acc: 83.3872, Batch num: 20, Task 3 acc: 82.3602, Task avg acc:55.2631
2024-05-29 04:03:50,687 - INFO - Batch num: 30, Task 0 acc: 33.5459, Batch num: 30, Task 1 acc: 24.7091, Batch num: 30, Task 2 acc: 79.0409, Batch num: 30, Task 3 acc: 88.5773, Task avg acc:56.4683
2024-05-29 04:03:59,989 - INFO - Batch num: 40, Task 0 acc: 35.4990, Batch num: 40, Task 1 acc: 26.3797, Batch num: 40, Task 2 acc: 78.0711, Batch num: 40, Task 3 acc: 90.0000, Task avg acc:57.4875
2024-05-29 04:04:09,347 - INFO - Batch num: 50, Task 0 acc: 41.6534, Batch num: 50, Task 1 acc: 30.9674, Batch num: 50, Task 2 acc: 77.7568, Batch num: 50, Task 3 acc: 87.0066, Task avg acc:59.3461
2024-05-29 04:04:18,611 - INFO - Batch num: 60, Task 0 acc: 42.2034, Batch num: 60, Task 1 acc: 27.1526, Batch num: 60, Task 2 acc: 80.7920, Batch num: 60, Task 3 acc: 84.1694, Task avg acc:58.5794
2024-05-29 04:04:27,910 - INFO - Batch num: 70, Task 0 acc: 46.8272, Batch num: 70, Task 1 acc: 23.0469, Batch num: 70, Task 2 acc: 83.9709, Batch num: 70, Task 3 acc: 82.0641, Task avg acc:58.9773
2024-05-29 04:04:37,313 - INFO - Batch num: 80, Task 0 acc: 46.3010, Batch num: 80, Task 1 acc: 18.6752, Batch num: 80, Task 2 acc: 87.4012, Batch num: 80, Task 3 acc: 84.8849, Task avg acc:59.3156
2024-05-29 04:04:46,651 - INFO - Batch num: 90, Task 0 acc: 47.0743, Batch num: 90, Task 1 acc: 15.4089, Batch num: 90, Task 2 acc: 87.3294, Batch num: 90, Task 3 acc: 87.9523, Task avg acc:59.4412
2024-05-29 04:04:46,772 - INFO - Epoch 2
2024-05-29 04:04:55,770 - INFO - Batch num: 0, Task 0 acc: 46.3648, Batch num: 0, Task 1 acc: 17.9106, Batch num: 0, Task 2 acc: 86.0542, Batch num: 0, Task 3 acc: 89.5888, Task avg acc:59.9796
2024-05-29 04:05:05,106 - INFO - Batch num: 10, Task 0 acc: 42.6339, Batch num: 10, Task 1 acc: 21.5093, Batch num: 10, Task 2 acc: 81.2051, Batch num: 10, Task 3 acc: 91.3816, Task avg acc:59.1825
2024-05-29 04:05:14,424 - INFO - Batch num: 20, Task 0 acc: 43.4152, Batch num: 20, Task 1 acc: 18.3511, Batch num: 20, Task 2 acc: 82.0402, Batch num: 20, Task 3 acc: 91.4803, Task avg acc:58.8217
2024-05-29 04:05:23,788 - INFO - Batch num: 30, Task 0 acc: 42.8970, Batch num: 30, Task 1 acc: 19.3484, Batch num: 30, Task 2 acc: 81.3847, Batch num: 30, Task 3 acc: 91.2007, Task avg acc:58.7077
2024-05-29 04:05:33,074 - INFO - Batch num: 40, Task 0 acc: 41.6215, Batch num: 40, Task 1 acc: 20.4704, Batch num: 40, Task 2 acc: 79.4001, Batch num: 40, Task 3 acc: 91.6612, Task avg acc:58.2883
2024-05-29 04:05:42,444 - INFO - Batch num: 50, Task 0 acc: 40.8642, Batch num: 50, Task 1 acc: 25.2078, Batch num: 50, Task 2 acc: 76.5715, Batch num: 50, Task 3 acc: 90.7484, Task avg acc:58.3479
2024-05-29 04:05:51,715 - INFO - Batch num: 60, Task 0 acc: 36.2883, Batch num: 60, Task 1 acc: 23.4707, Batch num: 60, Task 2 acc: 75.5927, Batch num: 60, Task 3 acc: 90.0082, Task avg acc:56.3400
2024-05-29 04:06:00,973 - INFO - Batch num: 70, Task 0 acc: 32.0392, Batch num: 70, Task 1 acc: 21.0273, Batch num: 70, Task 2 acc: 78.0981, Batch num: 70, Task 3 acc: 91.0280, Task avg acc:55.5481
2024-05-29 04:06:10,341 - INFO - Batch num: 80, Task 0 acc: 33.6496, Batch num: 80, Task 1 acc: 24.6094, Batch num: 80, Task 2 acc: 78.5560, Batch num: 80, Task 3 acc: 90.7977, Task avg acc:56.9032
2024-05-29 04:06:19,679 - INFO - Batch num: 90, Task 0 acc: 33.9764, Batch num: 90, Task 1 acc: 23.6951, Batch num: 90, Task 2 acc: 80.7561, Batch num: 90, Task 3 acc: 90.5263, Task avg acc:57.2385
2024-05-29 04:06:19,797 - INFO - Epoch 3
2024-05-29 04:06:28,852 - INFO - Batch num: 0, Task 0 acc: 33.8648, Batch num: 0, Task 1 acc: 23.0303, Batch num: 0, Task 2 acc: 79.7953, Batch num: 0, Task 3 acc: 91.2664, Task avg acc:56.9892
2024-05-29 04:06:38,217 - INFO - Batch num: 10, Task 0 acc: 33.4821, Batch num: 10, Task 1 acc: 21.8501, Batch num: 10, Task 2 acc: 77.2809, Batch num: 10, Task 3 acc: 91.8010, Task avg acc:56.1035
2024-05-29 04:06:47,474 - INFO - Batch num: 20, Task 0 acc: 35.4114, Batch num: 20, Task 1 acc: 22.0080, Batch num: 20, Task 2 acc: 79.1577, Batch num: 20, Task 3 acc: 91.9408, Task avg acc:57.1295
2024-05-29 04:06:56,780 - INFO - Batch num: 30, Task 0 acc: 36.9898, Batch num: 30, Task 1 acc: 21.7337, Batch num: 30, Task 2 acc: 81.0614, Batch num: 30, Task 3 acc: 91.8668, Task avg acc:57.9129
2024-05-29 04:07:06,059 - INFO - Batch num: 40, Task 0 acc: 33.8568, Batch num: 40, Task 1 acc: 16.3231, Batch num: 40, Task 2 acc: 83.5309, Batch num: 40, Task 3 acc: 91.3487, Task avg acc:56.2649
2024-05-29 04:07:15,441 - INFO - Batch num: 50, Task 0 acc: 38.0022, Batch num: 50, Task 1 acc: 16.9797, Batch num: 50, Task 2 acc: 82.6688, Batch num: 50, Task 3 acc: 90.9457, Task avg acc:57.1491
2024-05-29 04:07:24,696 - INFO - Batch num: 60, Task 0 acc: 37.6754, Batch num: 60, Task 1 acc: 16.3979, Batch num: 60, Task 2 acc: 79.7055, Batch num: 60, Task 3 acc: 90.9211, Task avg acc:56.1750
2024-05-29 04:07:33,931 - INFO - Batch num: 70, Task 0 acc: 39.9314, Batch num: 70, Task 1 acc: 16.1403, Batch num: 70, Task 2 acc: 79.7055, Batch num: 70, Task 3 acc: 91.8668, Task avg acc:56.9110
2024-05-29 04:07:43,274 - INFO - Batch num: 80, Task 0 acc: 40.5054, Batch num: 80, Task 1 acc: 18.5838, Batch num: 80, Task 2 acc: 78.4303, Batch num: 80, Task 3 acc: 92.6727, Task avg acc:57.5481
2024-05-29 04:07:52,598 - INFO - Batch num: 90, Task 0 acc: 42.5781, Batch num: 90, Task 1 acc: 18.9578, Batch num: 90, Task 2 acc: 76.8768, Batch num: 90, Task 3 acc: 94.3586, Task avg acc:58.1928
2024-05-29 04:07:52,729 - INFO - ##########Task 4##########
2024-05-29 04:07:52,729 - INFO - Epoch 0
2024-05-29 04:08:03,926 - INFO - Batch num: 0, Task 0 acc: 42.3629, Batch num: 0, Task 1 acc: 16.1985, Batch num: 0, Task 2 acc: 77.9813, Batch num: 0, Task 3 acc: 94.9424, Batch num: 0, Task 4 acc: 1.3332, Task avg acc:46.5637
2024-05-29 04:08:15,479 - INFO - Batch num: 10, Task 0 acc: 43.3434, Batch num: 10, Task 1 acc: 14.8770, Batch num: 10, Task 2 acc: 78.3675, Batch num: 10, Task 3 acc: 95.4030, Batch num: 10, Task 4 acc: 8.4834, Task avg acc:48.0948
2024-05-29 04:08:27,017 - INFO - Batch num: 20, Task 0 acc: 37.2290, Batch num: 20, Task 1 acc: 22.1991, Batch num: 20, Task 2 acc: 68.2471, Batch num: 20, Task 3 acc: 95.5674, Batch num: 20, Task 4 acc: 21.4079, Task avg acc:48.9301
2024-05-29 04:08:38,581 - INFO - Batch num: 30, Task 0 acc: 36.8224, Batch num: 30, Task 1 acc: 19.7390, Batch num: 30, Task 2 acc: 65.9034, Batch num: 30, Task 3 acc: 94.5970, Batch num: 30, Task 4 acc: 34.8081, Task avg acc:50.3740
2024-05-29 04:08:50,076 - INFO - Batch num: 40, Task 0 acc: 33.5300, Batch num: 40, Task 1 acc: 19.2819, Batch num: 40, Task 2 acc: 47.3060, Batch num: 40, Task 3 acc: 94.6711, Batch num: 40, Task 4 acc: 50.2887, Task avg acc:49.0155
2024-05-29 04:09:01,571 - INFO - Batch num: 50, Task 0 acc: 31.5609, Batch num: 50, Task 1 acc: 18.7500, Batch num: 50, Task 2 acc: 30.1275, Batch num: 50, Task 3 acc: 94.1694, Batch num: 50, Task 4 acc: 66.0071, Task avg acc:48.1230
2024-05-29 04:09:13,075 - INFO - Batch num: 60, Task 0 acc: 28.3960, Batch num: 60, Task 1 acc: 18.1848, Batch num: 60, Task 2 acc: 26.5535, Batch num: 60, Task 3 acc: 92.8125, Batch num: 60, Task 4 acc: 71.3655, Task avg acc:47.4625
2024-05-29 04:09:24,671 - INFO - Batch num: 70, Task 0 acc: 26.5625, Batch num: 70, Task 1 acc: 16.4478, Batch num: 70, Task 2 acc: 32.8305, Batch num: 70, Task 3 acc: 92.1875, Batch num: 70, Task 4 acc: 73.7177, Task avg acc:48.3492
2024-05-29 04:09:36,158 - INFO - Batch num: 80, Task 0 acc: 25.9407, Batch num: 80, Task 1 acc: 14.2370, Batch num: 80, Task 2 acc: 42.6096, Batch num: 80, Task 3 acc: 92.4178, Batch num: 80, Task 4 acc: 69.3190, Task avg acc:48.9048
2024-05-29 04:09:47,646 - INFO - Batch num: 90, Task 0 acc: 33.1712, Batch num: 90, Task 1 acc: 14.4781, Batch num: 90, Task 2 acc: 40.0233, Batch num: 90, Task 3 acc: 92.8125, Batch num: 90, Task 4 acc: 66.1855, Task avg acc:49.3341
2024-05-29 04:09:47,677 - INFO - Epoch 1
2024-05-29 04:09:59,018 - INFO - Batch num: 0, Task 0 acc: 33.8967, Batch num: 0, Task 1 acc: 13.2979, Batch num: 0, Task 2 acc: 39.5744, Batch num: 0, Task 3 acc: 93.0921, Batch num: 0, Task 4 acc: 65.4297, Task avg acc:49.0581
2024-05-29 04:10:10,524 - INFO - Batch num: 10, Task 0 acc: 36.0332, Batch num: 10, Task 1 acc: 11.1785, Batch num: 10, Task 2 acc: 36.5751, Batch num: 10, Task 3 acc: 90.2878, Batch num: 10, Task 4 acc: 69.2850, Task avg acc:48.6719
2024-05-29 04:10:22,133 - INFO - Batch num: 20, Task 0 acc: 37.5159, Batch num: 20, Task 1 acc: 13.2148, Batch num: 20, Task 2 acc: 39.6193, Batch num: 20, Task 3 acc: 86.6036, Batch num: 20, Task 4 acc: 71.8580, Task avg acc:49.7623
2024-05-29 04:10:33,643 - INFO - Batch num: 30, Task 0 acc: 33.9684, Batch num: 30, Task 1 acc: 14.3700, Batch num: 30, Task 2 acc: 38.7392, Batch num: 30, Task 3 acc: 84.3257, Batch num: 30, Task 4 acc: 75.8747, Task avg acc:49.4556
2024-05-29 04:10:45,155 - INFO - Batch num: 40, Task 0 acc: 30.5006, Batch num: 40, Task 1 acc: 15.4338, Batch num: 40, Task 2 acc: 31.0345, Batch num: 40, Task 3 acc: 83.2730, Batch num: 40, Task 4 acc: 77.5221, Task avg acc:47.5528
2024-05-29 04:10:56,744 - INFO - Batch num: 50, Task 0 acc: 26.8017, Batch num: 50, Task 1 acc: 16.7803, Batch num: 50, Task 2 acc: 27.4605, Batch num: 50, Task 3 acc: 84.4737, Batch num: 50, Task 4 acc: 75.6963, Task avg acc:46.2425
2024-05-29 04:11:08,219 - INFO - Batch num: 60, Task 0 acc: 24.9362, Batch num: 60, Task 1 acc: 14.7025, Batch num: 60, Task 2 acc: 29.3642, Batch num: 60, Task 3 acc: 86.5872, Batch num: 60, Task 4 acc: 73.2167, Task avg acc:45.7614
2024-05-29 04:11:19,773 - INFO - Batch num: 70, Task 0 acc: 23.7245, Batch num: 70, Task 1 acc: 14.6526, Batch num: 70, Task 2 acc: 26.1674, Batch num: 70, Task 3 acc: 89.7862, Batch num: 70, Task 4 acc: 73.5224, Task avg acc:45.5706
2024-05-29 04:11:31,325 - INFO - Batch num: 80, Task 0 acc: 20.7111, Batch num: 80, Task 1 acc: 14.2703, Batch num: 80, Task 2 acc: 28.2687, Batch num: 80, Task 3 acc: 89.9507, Batch num: 80, Task 4 acc: 73.6923, Task avg acc:45.3786
2024-05-29 04:11:42,807 - INFO - Batch num: 90, Task 0 acc: 21.7156, Batch num: 90, Task 1 acc: 10.7048, Batch num: 90, Task 2 acc: 33.4231, Batch num: 90, Task 3 acc: 89.9095, Batch num: 90, Task 4 acc: 72.8006, Task avg acc:45.7107
2024-05-29 04:11:42,838 - INFO - Epoch 2
2024-05-29 04:11:54,130 - INFO - Batch num: 0, Task 0 acc: 21.4764, Batch num: 0, Task 1 acc: 10.1230, Batch num: 0, Task 2 acc: 32.2557, Batch num: 0, Task 3 acc: 89.9260, Batch num: 0, Task 4 acc: 73.1403, Task avg acc:45.3843
2024-05-29 04:12:05,648 - INFO - Batch num: 10, Task 0 acc: 16.8288, Batch num: 10, Task 1 acc: 9.7822, Batch num: 10, Task 2 acc: 33.8631, Batch num: 10, Task 3 acc: 87.8865, Batch num: 10, Task 4 acc: 75.9256, Task avg acc:44.8573
2024-05-29 04:12:17,132 - INFO - Batch num: 20, Task 0 acc: 15.4735, Batch num: 20, Task 1 acc: 11.0455, Batch num: 20, Task 2 acc: 29.7324, Batch num: 20, Task 3 acc: 88.1826, Batch num: 20, Task 4 acc: 75.7812, Task avg acc:44.0431
2024-05-29 04:12:28,740 - INFO - Batch num: 30, Task 0 acc: 11.5593, Batch num: 30, Task 1 acc: 11.1370, Batch num: 30, Task 2 acc: 21.8840, Batch num: 30, Task 3 acc: 86.8174, Batch num: 30, Task 4 acc: 78.4052, Task avg acc:41.9606
2024-05-29 04:12:40,214 - INFO - Batch num: 40, Task 0 acc: 15.2982, Batch num: 40, Task 1 acc: 12.7244, Batch num: 40, Task 2 acc: 21.7044, Batch num: 40, Task 3 acc: 83.9556, Batch num: 40, Task 4 acc: 77.6240, Task avg acc:42.2613
2024-05-29 04:12:51,767 - INFO - Batch num: 50, Task 0 acc: 16.5019, Batch num: 50, Task 1 acc: 13.7467, Batch num: 50, Task 2 acc: 22.6293, Batch num: 50, Task 3 acc: 80.4934, Batch num: 50, Task 4 acc: 75.9511, Task avg acc:41.8645
2024-05-29 04:13:03,277 - INFO - Batch num: 60, Task 0 acc: 19.2203, Batch num: 60, Task 1 acc: 13.3976, Batch num: 60, Task 2 acc: 21.8391, Batch num: 60, Task 3 acc: 80.5016, Batch num: 60, Task 4 acc: 74.9066, Task avg acc:41.9731
2024-05-29 04:13:14,843 - INFO - Batch num: 70, Task 0 acc: 20.4082, Batch num: 70, Task 1 acc: 10.2892, Batch num: 70, Task 2 acc: 23.4465, Batch num: 70, Task 3 acc: 85.3043, Batch num: 70, Task 4 acc: 75.1189, Task avg acc:42.9134
2024-05-29 04:13:26,356 - INFO - Batch num: 80, Task 0 acc: 19.7864, Batch num: 80, Task 1 acc: 9.8072, Batch num: 80, Task 2 acc: 27.5144, Batch num: 80, Task 3 acc: 87.1464, Batch num: 80, Task 4 acc: 75.3227, Task avg acc:43.9154
2024-05-29 04:13:37,900 - INFO - Batch num: 90, Task 0 acc: 16.5896, Batch num: 90, Task 1 acc: 12.4086, Batch num: 90, Task 2 acc: 25.2065, Batch num: 90, Task 3 acc: 83.4868, Batch num: 90, Task 4 acc: 77.6410, Task avg acc:43.0665
2024-05-29 04:13:37,931 - INFO - Epoch 3
2024-05-29 04:13:49,176 - INFO - Batch num: 0, Task 0 acc: 16.7411, Batch num: 0, Task 1 acc: 12.1759, Batch num: 0, Task 2 acc: 26.2123, Batch num: 0, Task 3 acc: 83.9474, Batch num: 0, Task 4 acc: 77.6495, Task avg acc:43.3452
2024-05-29 04:14:00,764 - INFO - Batch num: 10, Task 0 acc: 16.5816, Batch num: 10, Task 1 acc: 10.3474, Batch num: 10, Task 2 acc: 30.3879, Batch num: 10, Task 3 acc: 83.2566, Batch num: 10, Task 4 acc: 78.0910, Task avg acc:43.7329
2024-05-29 04:14:12,366 - INFO - Batch num: 20, Task 0 acc: 18.7022, Batch num: 20, Task 1 acc: 8.0369, Batch num: 20, Task 2 acc: 34.4199, Batch num: 20, Task 3 acc: 83.7089, Batch num: 20, Task 4 acc: 76.4266, Task avg acc:44.2589
2024-05-29 04:14:24,021 - INFO - Batch num: 30, Task 0 acc: 18.4949, Batch num: 30, Task 1 acc: 5.7181, Batch num: 30, Task 2 acc: 35.1024, Batch num: 30, Task 3 acc: 83.5444, Batch num: 30, Task 4 acc: 77.9891, Task avg acc:44.1698
2024-05-29 04:14:35,688 - INFO - Batch num: 40, Task 0 acc: 18.3913, Batch num: 40, Task 1 acc: 5.8095, Batch num: 40, Task 2 acc: 39.3409, Batch num: 40, Task 3 acc: 83.4128, Batch num: 40, Task 4 acc: 76.9192, Task avg acc:44.7747
2024-05-29 04:14:47,272 - INFO - Batch num: 50, Task 0 acc: 18.5268, Batch num: 50, Task 1 acc: 6.4993, Batch num: 50, Task 2 acc: 36.1620, Batch num: 50, Task 3 acc: 80.9704, Batch num: 50, Task 4 acc: 78.0146, Task avg acc:44.0346
2024-05-29 04:14:58,789 - INFO - Batch num: 60, Task 0 acc: 17.8811, Batch num: 60, Task 1 acc: 7.0396, Batch num: 60, Task 2 acc: 30.9357, Batch num: 60, Task 3 acc: 82.9359, Batch num: 60, Task 4 acc: 77.6749, Task avg acc:43.2934
2024-05-29 04:15:10,342 - INFO - Batch num: 70, Task 0 acc: 15.2105, Batch num: 70, Task 1 acc: 4.9535, Batch num: 70, Task 2 acc: 30.2083, Batch num: 70, Task 3 acc: 83.4539, Batch num: 70, Task 4 acc: 78.9487, Task avg acc:42.5550
2024-05-29 04:15:21,868 - INFO - Batch num: 80, Task 0 acc: 11.0252, Batch num: 80, Task 1 acc: 4.1888, Batch num: 80, Task 2 acc: 28.3226, Batch num: 80, Task 3 acc: 80.0164, Batch num: 80, Task 4 acc: 80.7320, Task avg acc:40.8570
2024-05-29 04:15:33,484 - INFO - Batch num: 90, Task 0 acc: 9.7337, Batch num: 90, Task 1 acc: 4.6875, Batch num: 90, Task 2 acc: 27.1013, Batch num: 90, Task 3 acc: 73.8651, Batch num: 90, Task 4 acc: 82.0058, Task avg acc:39.4787
