2024-05-29 06:41:02,217 - INFO - ##########Task 0##########
2024-05-29 06:41:02,218 - INFO - Epoch 0
2024-05-29 06:41:04,726 - INFO - Batch num: 0, Task 0 acc: 25.5341, Task avg acc:25.5341
2024-05-29 06:41:07,516 - INFO - Batch num: 10, Task 0 acc: 87.2290, Task avg acc:87.2290
2024-05-29 06:41:10,169 - INFO - Batch num: 20, Task 0 acc: 97.6722, Task avg acc:97.6722
2024-05-29 06:41:12,897 - INFO - Batch num: 30, Task 0 acc: 98.5491, Task avg acc:98.5491
2024-05-29 06:41:15,570 - INFO - Batch num: 40, Task 0 acc: 98.1107, Task avg acc:98.1107
2024-05-29 06:41:18,207 - INFO - Batch num: 50, Task 0 acc: 98.3498, Task avg acc:98.3498
2024-05-29 06:41:20,965 - INFO - Batch num: 60, Task 0 acc: 98.1665, Task avg acc:98.1665
2024-05-29 06:41:23,609 - INFO - Batch num: 70, Task 0 acc: 98.2063, Task avg acc:98.2063
2024-05-29 06:41:26,318 - INFO - Batch num: 80, Task 0 acc: 97.6961, Task avg acc:97.6961
2024-05-29 06:41:28,984 - INFO - Batch num: 90, Task 0 acc: 97.5207, Task avg acc:97.5207
2024-05-29 06:41:29,211 - INFO - Epoch 1
2024-05-29 06:41:31,686 - INFO - Batch num: 0, Task 0 acc: 97.9432, Task avg acc:97.9432
2024-05-29 06:41:34,328 - INFO - Batch num: 10, Task 0 acc: 98.1027, Task avg acc:98.1027
2024-05-29 06:41:36,958 - INFO - Batch num: 20, Task 0 acc: 98.0548, Task avg acc:98.0548
2024-05-29 06:41:39,687 - INFO - Batch num: 30, Task 0 acc: 98.3339, Task avg acc:98.3339
2024-05-29 06:41:42,393 - INFO - Batch num: 40, Task 0 acc: 98.5172, Task avg acc:98.5172
2024-05-29 06:41:45,045 - INFO - Batch num: 50, Task 0 acc: 98.7006, Task avg acc:98.7006
2024-05-29 06:41:47,785 - INFO - Batch num: 60, Task 0 acc: 98.7006, Task avg acc:98.7006
2024-05-29 06:41:50,420 - INFO - Batch num: 70, Task 0 acc: 98.6129, Task avg acc:98.6129
2024-05-29 06:41:53,182 - INFO - Batch num: 80, Task 0 acc: 98.3578, Task avg acc:98.3578
2024-05-29 06:41:55,834 - INFO - Batch num: 90, Task 0 acc: 98.3020, Task avg acc:98.3020
2024-05-29 06:41:56,035 - INFO - Epoch 2
2024-05-29 06:41:58,515 - INFO - Batch num: 0, Task 0 acc: 98.5810, Task avg acc:98.5810
2024-05-29 06:42:01,150 - INFO - Batch num: 10, Task 0 acc: 98.5571, Task avg acc:98.5571
2024-05-29 06:42:03,887 - INFO - Batch num: 20, Task 0 acc: 98.5969, Task avg acc:98.5969
2024-05-29 06:42:06,532 - INFO - Batch num: 30, Task 0 acc: 98.6767, Task avg acc:98.6767
2024-05-29 06:42:09,171 - INFO - Batch num: 40, Task 0 acc: 98.3897, Task avg acc:98.3897
2024-05-29 06:42:11,898 - INFO - Batch num: 50, Task 0 acc: 98.1585, Task avg acc:98.1585
2024-05-29 06:42:14,602 - INFO - Batch num: 60, Task 0 acc: 98.3339, Task avg acc:98.3339
2024-05-29 06:42:17,258 - INFO - Batch num: 70, Task 0 acc: 98.5890, Task avg acc:98.5890
2024-05-29 06:42:19,998 - INFO - Batch num: 80, Task 0 acc: 98.4056, Task avg acc:98.4056
2024-05-29 06:42:22,649 - INFO - Batch num: 90, Task 0 acc: 98.4455, Task avg acc:98.4455
2024-05-29 06:42:22,849 - INFO - Epoch 3
2024-05-29 06:42:25,226 - INFO - Batch num: 0, Task 0 acc: 98.7883, Task avg acc:98.7883
2024-05-29 06:42:27,936 - INFO - Batch num: 10, Task 0 acc: 98.5571, Task avg acc:98.5571
2024-05-29 06:42:30,685 - INFO - Batch num: 20, Task 0 acc: 98.2223, Task avg acc:98.2223
2024-05-29 06:42:33,328 - INFO - Batch num: 30, Task 0 acc: 98.3578, Task avg acc:98.3578
2024-05-29 06:42:36,060 - INFO - Batch num: 40, Task 0 acc: 98.2541, Task avg acc:98.2541
2024-05-29 06:42:38,699 - INFO - Batch num: 50, Task 0 acc: 98.3418, Task avg acc:98.3418
2024-05-29 06:42:41,427 - INFO - Batch num: 60, Task 0 acc: 98.6687, Task avg acc:98.6687
2024-05-29 06:42:44,093 - INFO - Batch num: 70, Task 0 acc: 98.7962, Task avg acc:98.7962
2024-05-29 06:42:46,812 - INFO - Batch num: 80, Task 0 acc: 98.5651, Task avg acc:98.5651
2024-05-29 06:42:49,465 - INFO - Batch num: 90, Task 0 acc: 98.4295, Task avg acc:98.4295
2024-05-29 06:42:49,704 - INFO - ##########Task 1##########
2024-05-29 06:42:49,705 - INFO - Epoch 0
2024-05-29 06:42:54,447 - INFO - Batch num: 0, Task 0 acc: 98.4614, Batch num: 0, Task 1 acc: 2.1526, Task avg acc:50.3070
2024-05-29 06:42:59,352 - INFO - Batch num: 10, Task 0 acc: 97.2018, Batch num: 10, Task 1 acc: 13.9378, Task avg acc:55.5698
2024-05-29 06:43:04,399 - INFO - Batch num: 20, Task 0 acc: 96.0619, Batch num: 20, Task 1 acc: 31.3747, Task avg acc:63.7183
2024-05-29 06:43:09,325 - INFO - Batch num: 30, Task 0 acc: 95.2886, Batch num: 30, Task 1 acc: 39.8770, Task avg acc:67.5828
2024-05-29 06:43:14,319 - INFO - Batch num: 40, Task 0 acc: 94.9936, Batch num: 40, Task 1 acc: 46.4345, Task avg acc:70.7141
2024-05-29 06:43:19,256 - INFO - Batch num: 50, Task 0 acc: 96.1256, Batch num: 50, Task 1 acc: 52.6845, Task avg acc:74.4051
2024-05-29 06:43:24,187 - INFO - Batch num: 60, Task 0 acc: 96.4923, Batch num: 60, Task 1 acc: 55.9342, Task avg acc:76.2133
2024-05-29 06:43:29,173 - INFO - Batch num: 70, Task 0 acc: 96.1496, Batch num: 70, Task 1 acc: 56.1669, Task avg acc:76.1582
2024-05-29 06:43:34,113 - INFO - Batch num: 80, Task 0 acc: 96.1177, Batch num: 80, Task 1 acc: 59.3667, Task avg acc:77.7422
2024-05-29 06:43:39,120 - INFO - Batch num: 90, Task 0 acc: 95.8626, Batch num: 90, Task 1 acc: 66.9880, Task avg acc:81.4253
2024-05-29 06:43:39,208 - INFO - Epoch 1
2024-05-29 06:43:43,860 - INFO - Batch num: 0, Task 0 acc: 95.8785, Batch num: 0, Task 1 acc: 68.5173, Task avg acc:82.1979
2024-05-29 06:43:48,771 - INFO - Batch num: 10, Task 0 acc: 95.0494, Batch num: 10, Task 1 acc: 71.7420, Task avg acc:83.3957
2024-05-29 06:43:53,806 - INFO - Batch num: 20, Task 0 acc: 94.3957, Batch num: 20, Task 1 acc: 70.1297, Task avg acc:82.2627
2024-05-29 06:43:58,706 - INFO - Batch num: 30, Task 0 acc: 93.9892, Batch num: 30, Task 1 acc: 70.6034, Task avg acc:82.2963
2024-05-29 06:44:03,678 - INFO - Batch num: 40, Task 0 acc: 93.7261, Batch num: 40, Task 1 acc: 68.9412, Task avg acc:81.3336
2024-05-29 06:44:08,650 - INFO - Batch num: 50, Task 0 acc: 93.0166, Batch num: 50, Task 1 acc: 69.8720, Task avg acc:81.4443
2024-05-29 06:44:13,635 - INFO - Batch num: 60, Task 0 acc: 92.4984, Batch num: 60, Task 1 acc: 68.4259, Task avg acc:80.4621
2024-05-29 06:44:18,529 - INFO - Batch num: 70, Task 0 acc: 93.1601, Batch num: 70, Task 1 acc: 70.2045, Task avg acc:81.6823
2024-05-29 06:44:23,573 - INFO - Batch num: 80, Task 0 acc: 93.4152, Batch num: 80, Task 1 acc: 71.7919, Task avg acc:82.6035
2024-05-29 06:44:28,480 - INFO - Batch num: 90, Task 0 acc: 93.7819, Batch num: 90, Task 1 acc: 72.4402, Task avg acc:83.1110
2024-05-29 06:44:28,572 - INFO - Epoch 2
2024-05-29 06:44:33,235 - INFO - Batch num: 0, Task 0 acc: 93.7022, Batch num: 0, Task 1 acc: 71.8833, Task avg acc:82.7927
2024-05-29 06:44:38,241 - INFO - Batch num: 10, Task 0 acc: 93.0644, Batch num: 10, Task 1 acc: 74.6759, Task avg acc:83.8701
2024-05-29 06:44:43,232 - INFO - Batch num: 20, Task 0 acc: 91.4302, Batch num: 20, Task 1 acc: 78.1416, Task avg acc:84.7859
2024-05-29 06:44:48,128 - INFO - Batch num: 30, Task 0 acc: 90.5772, Batch num: 30, Task 1 acc: 81.1503, Task avg acc:85.8637
2024-05-29 06:44:53,160 - INFO - Batch num: 40, Task 0 acc: 90.9359, Batch num: 40, Task 1 acc: 82.0146, Task avg acc:86.4753
2024-05-29 06:44:58,060 - INFO - Batch num: 50, Task 0 acc: 92.0201, Batch num: 50, Task 1 acc: 82.4551, Task avg acc:87.2376
2024-05-29 06:45:03,030 - INFO - Batch num: 60, Task 0 acc: 90.9837, Batch num: 60, Task 1 acc: 82.8125, Task avg acc:86.8981
2024-05-29 06:45:08,029 - INFO - Batch num: 70, Task 0 acc: 90.2344, Batch num: 70, Task 1 acc: 82.8125, Task avg acc:86.5234
2024-05-29 06:45:12,939 - INFO - Batch num: 80, Task 0 acc: 90.3460, Batch num: 80, Task 1 acc: 81.9980, Task avg acc:86.1720
2024-05-29 06:45:17,932 - INFO - Batch num: 90, Task 0 acc: 90.5772, Batch num: 90, Task 1 acc: 80.7680, Task avg acc:85.6726
2024-05-29 06:45:18,035 - INFO - Epoch 3
2024-05-29 06:45:22,696 - INFO - Batch num: 0, Task 0 acc: 90.2822, Batch num: 0, Task 1 acc: 79.8122, Task avg acc:85.0472
2024-05-29 06:45:27,623 - INFO - Batch num: 10, Task 0 acc: 89.4212, Batch num: 10, Task 1 acc: 80.4771, Task avg acc:84.9491
2024-05-29 06:45:32,617 - INFO - Batch num: 20, Task 0 acc: 89.0625, Batch num: 20, Task 1 acc: 80.3773, Task avg acc:84.7199
2024-05-29 06:45:37,527 - INFO - Batch num: 30, Task 0 acc: 89.1901, Batch num: 30, Task 1 acc: 80.9674, Task avg acc:85.0787
2024-05-29 06:45:42,534 - INFO - Batch num: 40, Task 0 acc: 90.4177, Batch num: 40, Task 1 acc: 80.9591, Task avg acc:85.6884
2024-05-29 06:45:47,427 - INFO - Batch num: 50, Task 0 acc: 90.8482, Batch num: 50, Task 1 acc: 80.3690, Task avg acc:85.6086
2024-05-29 06:45:52,445 - INFO - Batch num: 60, Task 0 acc: 89.6684, Batch num: 60, Task 1 acc: 79.7623, Task avg acc:84.7153
2024-05-29 06:45:57,388 - INFO - Batch num: 70, Task 0 acc: 89.8677, Batch num: 70, Task 1 acc: 79.3717, Task avg acc:84.6197
2024-05-29 06:46:02,317 - INFO - Batch num: 80, Task 0 acc: 89.4133, Batch num: 80, Task 1 acc: 79.2969, Task avg acc:84.3551
2024-05-29 06:46:07,308 - INFO - Batch num: 90, Task 0 acc: 89.3814, Batch num: 90, Task 1 acc: 78.9811, Task avg acc:84.1812
2024-05-29 06:46:07,407 - INFO - ##########Task 2##########
2024-05-29 06:46:07,408 - INFO - Epoch 0
2024-05-29 06:46:14,161 - INFO - Batch num: 0, Task 0 acc: 89.7561, Batch num: 0, Task 1 acc: 77.7759, Batch num: 0, Task 2 acc: 0.0808, Task avg acc:55.8709
2024-05-29 06:46:21,175 - INFO - Batch num: 10, Task 0 acc: 93.6145, Batch num: 10, Task 1 acc: 69.0824, Batch num: 10, Task 2 acc: 2.1462, Task avg acc:54.9477
2024-05-29 06:46:28,325 - INFO - Batch num: 20, Task 0 acc: 95.5676, Batch num: 20, Task 1 acc: 65.1679, Batch num: 20, Task 2 acc: 7.8664, Task avg acc:56.2006
2024-05-29 06:46:35,364 - INFO - Batch num: 30, Task 0 acc: 94.4117, Batch num: 30, Task 1 acc: 64.9102, Batch num: 30, Task 2 acc: 17.1695, Task avg acc:58.8305
2024-05-29 06:46:42,469 - INFO - Batch num: 40, Task 0 acc: 90.9040, Batch num: 40, Task 1 acc: 66.9714, Batch num: 40, Task 2 acc: 27.4874, Task avg acc:61.7876
2024-05-29 06:46:49,464 - INFO - Batch num: 50, Task 0 acc: 88.9828, Batch num: 50, Task 1 acc: 65.5668, Batch num: 50, Task 2 acc: 39.9964, Task avg acc:64.8487
2024-05-29 06:46:56,546 - INFO - Batch num: 60, Task 0 acc: 89.2060, Batch num: 60, Task 1 acc: 61.8850, Batch num: 60, Task 2 acc: 48.8057, Task avg acc:66.6322
2024-05-29 06:47:03,558 - INFO - Batch num: 70, Task 0 acc: 87.4043, Batch num: 70, Task 1 acc: 56.8733, Batch num: 70, Task 2 acc: 54.3822, Task avg acc:66.2200
2024-05-29 06:47:10,568 - INFO - Batch num: 80, Task 0 acc: 87.8587, Batch num: 80, Task 1 acc: 50.7064, Batch num: 80, Task 2 acc: 60.6142, Task avg acc:66.3931
2024-05-29 06:47:10,747 - INFO - Epoch 1
2024-05-29 06:47:17,540 - INFO - Batch num: 0, Task 0 acc: 85.8339, Batch num: 0, Task 1 acc: 47.9139, Batch num: 0, Task 2 acc: 62.8772, Task avg acc:65.5416
2024-05-29 06:47:24,580 - INFO - Batch num: 10, Task 0 acc: 89.3495, Batch num: 10, Task 1 acc: 50.7148, Batch num: 10, Task 2 acc: 60.6681, Task avg acc:66.9108
2024-05-29 06:47:31,716 - INFO - Batch num: 20, Task 0 acc: 89.0386, Batch num: 20, Task 1 acc: 52.6097, Batch num: 20, Task 2 acc: 59.4917, Task avg acc:67.0467
2024-05-29 06:47:38,719 - INFO - Batch num: 30, Task 0 acc: 87.7471, Batch num: 30, Task 1 acc: 57.0562, Batch num: 30, Task 2 acc: 58.2256, Task avg acc:67.6763
2024-05-29 06:47:45,712 - INFO - Batch num: 40, Task 0 acc: 89.3734, Batch num: 40, Task 1 acc: 60.3807, Batch num: 40, Task 2 acc: 54.7953, Task avg acc:68.1831
2024-05-29 06:47:52,835 - INFO - Batch num: 50, Task 0 acc: 90.2902, Batch num: 50, Task 1 acc: 61.3531, Batch num: 50, Task 2 acc: 56.3398, Task avg acc:69.3277
2024-05-29 06:47:59,842 - INFO - Batch num: 60, Task 0 acc: 89.7242, Batch num: 60, Task 1 acc: 66.3231, Batch num: 60, Task 2 acc: 55.0826, Task avg acc:70.3766
2024-05-29 06:48:06,929 - INFO - Batch num: 70, Task 0 acc: 87.9145, Batch num: 70, Task 1 acc: 62.7078, Batch num: 70, Task 2 acc: 54.3642, Task avg acc:68.3288
2024-05-29 06:48:13,949 - INFO - Batch num: 80, Task 0 acc: 87.7152, Batch num: 80, Task 1 acc: 59.5911, Batch num: 80, Task 2 acc: 57.8664, Task avg acc:68.3909
2024-05-29 06:48:14,131 - INFO - Epoch 2
2024-05-29 06:48:20,873 - INFO - Batch num: 0, Task 0 acc: 86.2006, Batch num: 0, Task 1 acc: 59.5745, Batch num: 0, Task 2 acc: 59.5726, Task avg acc:68.4492
2024-05-29 06:48:27,983 - INFO - Batch num: 10, Task 0 acc: 85.5788, Batch num: 10, Task 1 acc: 60.1230, Batch num: 10, Task 2 acc: 62.0779, Task avg acc:69.2599
2024-05-29 06:48:35,057 - INFO - Batch num: 20, Task 0 acc: 83.2191, Batch num: 20, Task 1 acc: 58.4774, Batch num: 20, Task 2 acc: 63.9458, Task avg acc:68.5474
2024-05-29 06:48:42,135 - INFO - Batch num: 30, Task 0 acc: 81.8718, Batch num: 30, Task 1 acc: 55.0781, Batch num: 30, Task 2 acc: 65.9662, Task avg acc:67.6387
2024-05-29 06:48:49,141 - INFO - Batch num: 40, Task 0 acc: 82.7248, Batch num: 40, Task 1 acc: 56.1253, Batch num: 40, Task 2 acc: 65.5891, Task avg acc:68.1464
2024-05-29 06:48:56,246 - INFO - Batch num: 50, Task 0 acc: 84.3989, Batch num: 50, Task 1 acc: 55.1862, Batch num: 50, Task 2 acc: 66.8373, Task avg acc:68.8075
2024-05-29 06:49:03,265 - INFO - Batch num: 60, Task 0 acc: 84.7098, Batch num: 60, Task 1 acc: 54.6792, Batch num: 60, Task 2 acc: 67.9957, Task avg acc:69.1282
2024-05-29 06:49:10,257 - INFO - Batch num: 70, Task 0 acc: 80.4927, Batch num: 70, Task 1 acc: 53.6985, Batch num: 70, Task 2 acc: 68.2920, Task avg acc:67.4944
2024-05-29 06:49:17,320 - INFO - Batch num: 80, Task 0 acc: 79.3447, Batch num: 80, Task 1 acc: 57.0396, Batch num: 80, Task 2 acc: 67.4300, Task avg acc:67.9381
2024-05-29 06:49:17,503 - INFO - Epoch 3
2024-05-29 06:49:24,305 - INFO - Batch num: 0, Task 0 acc: 75.9805, Batch num: 0, Task 1 acc: 55.8261, Batch num: 0, Task 2 acc: 68.2920, Task avg acc:66.6996
2024-05-29 06:49:31,293 - INFO - Batch num: 10, Task 0 acc: 75.3348, Batch num: 10, Task 1 acc: 56.1752, Batch num: 10, Task 2 acc: 70.6537, Task avg acc:67.3879
2024-05-29 06:49:38,428 - INFO - Batch num: 20, Task 0 acc: 74.8087, Batch num: 20, Task 1 acc: 57.2473, Batch num: 20, Task 2 acc: 70.7795, Task avg acc:67.6118
2024-05-29 06:49:45,414 - INFO - Batch num: 30, Task 0 acc: 76.1400, Batch num: 30, Task 1 acc: 54.7457, Batch num: 30, Task 2 acc: 73.0065, Task avg acc:67.9640
2024-05-29 06:49:52,549 - INFO - Batch num: 40, Task 0 acc: 77.9177, Batch num: 40, Task 1 acc: 56.1087, Batch num: 40, Task 2 acc: 71.6595, Task avg acc:68.5620
2024-05-29 06:49:59,528 - INFO - Batch num: 50, Task 0 acc: 77.5989, Batch num: 50, Task 1 acc: 57.6463, Batch num: 50, Task 2 acc: 72.0726, Task avg acc:69.1059
2024-05-29 06:50:06,601 - INFO - Batch num: 60, Task 0 acc: 78.7867, Batch num: 60, Task 1 acc: 58.0785, Batch num: 60, Task 2 acc: 69.8455, Task avg acc:68.9036
2024-05-29 06:50:13,592 - INFO - Batch num: 70, Task 0 acc: 74.7927, Batch num: 70, Task 1 acc: 56.3414, Batch num: 70, Task 2 acc: 71.0129, Task avg acc:67.3824
2024-05-29 06:50:20,593 - INFO - Batch num: 80, Task 0 acc: 73.6209, Batch num: 80, Task 1 acc: 54.3883, Batch num: 80, Task 2 acc: 72.4767, Task avg acc:66.8286
2024-05-29 06:50:20,786 - INFO - ##########Task 3##########
2024-05-29 06:50:20,787 - INFO - Epoch 0
2024-05-29 06:50:29,839 - INFO - Batch num: 0, Task 0 acc: 75.0797, Batch num: 0, Task 1 acc: 52.6928, Batch num: 0, Task 2 acc: 70.6897, Batch num: 0, Task 3 acc: 0.4934, Task avg acc:49.7389
2024-05-29 06:50:39,188 - INFO - Batch num: 10, Task 0 acc: 84.8135, Batch num: 10, Task 1 acc: 53.8730, Batch num: 10, Task 2 acc: 50.6196, Batch num: 10, Task 3 acc: 1.5296, Task avg acc:47.7089
2024-05-29 06:50:48,566 - INFO - Batch num: 20, Task 0 acc: 85.2918, Batch num: 20, Task 1 acc: 52.1526, Batch num: 20, Task 2 acc: 52.7478, Batch num: 20, Task 3 acc: 5.6908, Task avg acc:48.9708
2024-05-29 06:50:57,842 - INFO - Batch num: 30, Task 0 acc: 83.3068, Batch num: 30, Task 1 acc: 56.3664, Batch num: 30, Task 2 acc: 52.6311, Batch num: 30, Task 3 acc: 19.0132, Task avg acc:52.8293
2024-05-29 06:51:07,224 - INFO - Batch num: 40, Task 0 acc: 78.0054, Batch num: 40, Task 1 acc: 55.3607, Batch num: 40, Task 2 acc: 48.4016, Batch num: 40, Task 3 acc: 34.1941, Task avg acc:53.9904
2024-05-29 06:51:16,551 - INFO - Batch num: 50, Task 0 acc: 80.4847, Batch num: 50, Task 1 acc: 54.5961, Batch num: 50, Task 2 acc: 43.7769, Batch num: 50, Task 3 acc: 41.9326, Task avg acc:55.1976
2024-05-29 06:51:25,825 - INFO - Batch num: 60, Task 0 acc: 79.2889, Batch num: 60, Task 1 acc: 55.9840, Batch num: 60, Task 2 acc: 38.4429, Batch num: 60, Task 3 acc: 46.0280, Task avg acc:54.9359
2024-05-29 06:51:35,181 - INFO - Batch num: 70, Task 0 acc: 77.3597, Batch num: 70, Task 1 acc: 54.3218, Batch num: 70, Task 2 acc: 42.0169, Batch num: 70, Task 3 acc: 52.9523, Task avg acc:56.6627
2024-05-29 06:51:44,590 - INFO - Batch num: 80, Task 0 acc: 80.1897, Batch num: 80, Task 1 acc: 53.9561, Batch num: 80, Task 2 acc: 43.0316, Batch num: 80, Task 3 acc: 56.6283, Task avg acc:58.4514
2024-05-29 06:51:53,874 - INFO - Batch num: 90, Task 0 acc: 81.2899, Batch num: 90, Task 1 acc: 52.5598, Batch num: 90, Task 2 acc: 40.6070, Batch num: 90, Task 3 acc: 59.9424, Task avg acc:58.5998
2024-05-29 06:51:53,998 - INFO - Epoch 1
2024-05-29 06:52:03,045 - INFO - Batch num: 0, Task 0 acc: 82.0552, Batch num: 0, Task 1 acc: 51.0805, Batch num: 0, Task 2 acc: 37.6527, Batch num: 0, Task 3 acc: 60.0164, Task avg acc:57.7012
2024-05-29 06:52:12,462 - INFO - Batch num: 10, Task 0 acc: 83.6974, Batch num: 10, Task 1 acc: 52.5100, Batch num: 10, Task 2 acc: 39.9515, Batch num: 10, Task 3 acc: 62.9770, Task avg acc:59.7840
2024-05-29 06:52:21,760 - INFO - Batch num: 20, Task 0 acc: 86.6789, Batch num: 20, Task 1 acc: 52.5765, Batch num: 20, Task 2 acc: 42.1606, Batch num: 20, Task 3 acc: 63.6513, Task avg acc:61.2668
2024-05-29 06:52:31,109 - INFO - Batch num: 30, Task 0 acc: 87.9145, Batch num: 30, Task 1 acc: 49.6592, Batch num: 30, Task 2 acc: 42.5736, Batch num: 30, Task 3 acc: 67.5658, Task avg acc:61.9283
2024-05-29 06:52:40,469 - INFO - Batch num: 40, Task 0 acc: 85.6983, Batch num: 40, Task 1 acc: 43.8331, Batch num: 40, Task 2 acc: 45.5819, Batch num: 40, Task 3 acc: 71.2171, Task avg acc:61.5826
2024-05-29 06:52:49,725 - INFO - Batch num: 50, Task 0 acc: 83.2749, Batch num: 50, Task 1 acc: 44.8388, Batch num: 50, Task 2 acc: 45.9052, Batch num: 50, Task 3 acc: 72.0477, Task avg acc:61.5166
2024-05-29 06:52:59,153 - INFO - Batch num: 60, Task 0 acc: 82.9161, Batch num: 60, Task 1 acc: 44.6975, Batch num: 60, Task 2 acc: 47.0995, Batch num: 60, Task 3 acc: 68.4375, Task avg acc:60.7877
2024-05-29 06:53:08,409 - INFO - Batch num: 70, Task 0 acc: 78.0054, Batch num: 70, Task 1 acc: 46.8002, Batch num: 70, Task 2 acc: 48.3118, Batch num: 70, Task 3 acc: 65.1809, Task avg acc:59.5746
2024-05-29 06:53:17,781 - INFO - Batch num: 80, Task 0 acc: 78.5395, Batch num: 80, Task 1 acc: 48.1134, Batch num: 80, Task 2 acc: 45.4203, Batch num: 80, Task 3 acc: 66.5296, Task avg acc:59.6507
2024-05-29 06:53:27,085 - INFO - Batch num: 90, Task 0 acc: 81.5450, Batch num: 90, Task 1 acc: 43.0352, Batch num: 90, Task 2 acc: 42.2953, Batch num: 90, Task 3 acc: 65.5263, Task avg acc:58.1004
2024-05-29 06:53:27,208 - INFO - Epoch 2
2024-05-29 06:53:36,294 - INFO - Batch num: 0, Task 0 acc: 82.1349, Batch num: 0, Task 1 acc: 41.2899, Batch num: 0, Task 2 acc: 40.4095, Batch num: 0, Task 3 acc: 65.3289, Task avg acc:57.2908
2024-05-29 06:53:45,633 - INFO - Batch num: 10, Task 0 acc: 80.3651, Batch num: 10, Task 1 acc: 41.3564, Batch num: 10, Task 2 acc: 39.0984, Batch num: 10, Task 3 acc: 64.5970, Task avg acc:56.3542
2024-05-29 06:53:54,999 - INFO - Batch num: 20, Task 0 acc: 78.5714, Batch num: 20, Task 1 acc: 38.8464, Batch num: 20, Task 2 acc: 41.6218, Batch num: 20, Task 3 acc: 67.4178, Task avg acc:56.6143
2024-05-29 06:54:04,314 - INFO - Batch num: 30, Task 0 acc: 77.7982, Batch num: 30, Task 1 acc: 37.6912, Batch num: 30, Task 2 acc: 44.0104, Batch num: 30, Task 3 acc: 71.9161, Task avg acc:57.8540
2024-05-29 06:54:13,713 - INFO - Batch num: 40, Task 0 acc: 75.8211, Batch num: 40, Task 1 acc: 33.5854, Batch num: 40, Task 2 acc: 47.3779, Batch num: 40, Task 3 acc: 75.3454, Task avg acc:58.0325
2024-05-29 06:54:23,028 - INFO - Batch num: 50, Task 0 acc: 75.8052, Batch num: 50, Task 1 acc: 30.2942, Batch num: 50, Task 2 acc: 49.3624, Batch num: 50, Task 3 acc: 76.9079, Task avg acc:58.0924
2024-05-29 06:54:32,409 - INFO - Batch num: 60, Task 0 acc: 73.8680, Batch num: 60, Task 1 acc: 30.3939, Batch num: 60, Task 2 acc: 47.8179, Batch num: 60, Task 3 acc: 75.7895, Task avg acc:56.9673
2024-05-29 06:54:41,737 - INFO - Batch num: 70, Task 0 acc: 70.4480, Batch num: 70, Task 1 acc: 32.4053, Batch num: 70, Task 2 acc: 45.1598, Batch num: 70, Task 3 acc: 73.6431, Task avg acc:55.4141
2024-05-29 06:54:51,129 - INFO - Batch num: 80, Task 0 acc: 69.7305, Batch num: 80, Task 1 acc: 30.2194, Batch num: 80, Task 2 acc: 44.2529, Batch num: 80, Task 3 acc: 72.9194, Task avg acc:54.2806
2024-05-29 06:55:00,423 - INFO - Batch num: 90, Task 0 acc: 70.1371, Batch num: 90, Task 1 acc: 29.3052, Batch num: 90, Task 2 acc: 43.9655, Batch num: 90, Task 3 acc: 69.2845, Task avg acc:53.1731
2024-05-29 06:55:00,547 - INFO - Epoch 3
2024-05-29 06:55:09,635 - INFO - Batch num: 0, Task 0 acc: 69.5791, Batch num: 0, Task 1 acc: 27.8258, Batch num: 0, Task 2 acc: 42.9418, Batch num: 0, Task 3 acc: 66.9490, Task avg acc:51.8239
2024-05-29 06:55:18,933 - INFO - Batch num: 10, Task 0 acc: 69.4595, Batch num: 10, Task 1 acc: 29.8537, Batch num: 10, Task 2 acc: 43.5075, Batch num: 10, Task 3 acc: 67.5329, Task avg acc:52.5884
2024-05-29 06:55:28,307 - INFO - Batch num: 20, Task 0 acc: 71.3170, Batch num: 20, Task 1 acc: 30.6765, Batch num: 20, Task 2 acc: 45.5460, Batch num: 20, Task 3 acc: 68.8816, Task avg acc:54.1053
2024-05-29 06:55:37,622 - INFO - Batch num: 30, Task 0 acc: 73.3578, Batch num: 30, Task 1 acc: 32.6380, Batch num: 30, Task 2 acc: 46.7044, Batch num: 30, Task 3 acc: 69.4408, Task avg acc:55.5352
2024-05-29 06:55:46,986 - INFO - Batch num: 40, Task 0 acc: 72.0105, Batch num: 40, Task 1 acc: 32.8624, Batch num: 40, Task 2 acc: 47.5844, Batch num: 40, Task 3 acc: 69.8931, Task avg acc:55.5876
2024-05-29 06:55:56,296 - INFO - Batch num: 50, Task 0 acc: 73.1983, Batch num: 50, Task 1 acc: 38.5140, Batch num: 50, Task 2 acc: 46.0938, Batch num: 50, Task 3 acc: 69.9836, Task avg acc:56.9474
2024-05-29 06:56:05,547 - INFO - Batch num: 60, Task 0 acc: 73.4295, Batch num: 60, Task 1 acc: 40.8328, Batch num: 60, Task 2 acc: 43.5524, Batch num: 60, Task 3 acc: 69.3914, Task avg acc:56.8015
2024-05-29 06:56:14,868 - INFO - Batch num: 70, Task 0 acc: 72.3852, Batch num: 70, Task 1 acc: 41.3231, Batch num: 70, Task 2 acc: 42.1067, Batch num: 70, Task 3 acc: 70.3372, Task avg acc:56.5380
2024-05-29 06:56:24,251 - INFO - Batch num: 80, Task 0 acc: 71.2054, Batch num: 80, Task 1 acc: 40.1513, Batch num: 80, Task 2 acc: 42.2504, Batch num: 80, Task 3 acc: 72.4836, Task avg acc:56.5226
2024-05-29 06:56:33,538 - INFO - Batch num: 90, Task 0 acc: 73.1107, Batch num: 90, Task 1 acc: 36.8185, Batch num: 90, Task 2 acc: 40.6879, Batch num: 90, Task 3 acc: 72.8947, Task avg acc:55.8779
2024-05-29 06:56:33,675 - INFO - ##########Task 4##########
2024-05-29 06:56:33,676 - INFO - Epoch 0
2024-05-29 06:56:44,973 - INFO - Batch num: 0, Task 0 acc: 74.6492, Batch num: 0, Task 1 acc: 38.3062, Batch num: 0, Task 2 acc: 41.8373, Batch num: 0, Task 3 acc: 69.8355, Batch num: 0, Task 4 acc: 0.0340, Task avg acc:44.9324
2024-05-29 06:56:56,498 - INFO - Batch num: 10, Task 0 acc: 79.7353, Batch num: 10, Task 1 acc: 53.1333, Batch num: 10, Task 2 acc: 47.7011, Batch num: 10, Task 3 acc: 50.4934, Batch num: 10, Task 4 acc: 0.0340, Task avg acc:46.2194
2024-05-29 06:57:08,055 - INFO - Batch num: 20, Task 0 acc: 83.1712, Batch num: 20, Task 1 acc: 54.1639, Batch num: 20, Task 2 acc: 48.0514, Batch num: 20, Task 3 acc: 46.4556, Batch num: 20, Task 4 acc: 0.3567, Task avg acc:46.4397
2024-05-29 06:57:19,563 - INFO - Batch num: 30, Task 0 acc: 83.0038, Batch num: 30, Task 1 acc: 51.0638, Batch num: 30, Task 2 acc: 53.2507, Batch num: 30, Task 3 acc: 48.5773, Batch num: 30, Task 4 acc: 0.8832, Task avg acc:47.3558
2024-05-29 06:57:31,167 - INFO - Batch num: 40, Task 0 acc: 83.9844, Batch num: 40, Task 1 acc: 45.9608, Batch num: 40, Task 2 acc: 55.3879, Batch num: 40, Task 3 acc: 54.9013, Batch num: 40, Task 4 acc: 2.3607, Task avg acc:48.5190
2024-05-29 06:57:42,692 - INFO - Batch num: 50, Task 0 acc: 86.4716, Batch num: 50, Task 1 acc: 46.7420, Batch num: 50, Task 2 acc: 49.8833, Batch num: 50, Task 3 acc: 54.8684, Batch num: 50, Task 4 acc: 2.5645, Task avg acc:48.1060
2024-05-29 06:57:54,298 - INFO - Batch num: 60, Task 0 acc: 87.5478, Batch num: 60, Task 1 acc: 46.9332, Batch num: 60, Task 2 acc: 51.8948, Batch num: 60, Task 3 acc: 55.9786, Batch num: 60, Task 4 acc: 5.7235, Task avg acc:49.6156
2024-05-29 06:58:05,803 - INFO - Batch num: 70, Task 0 acc: 88.7038, Batch num: 70, Task 1 acc: 51.6539, Batch num: 70, Task 2 acc: 54.2565, Batch num: 70, Task 3 acc: 52.9359, Batch num: 70, Task 4 acc: 8.2796, Task avg acc:51.1659
2024-05-29 06:58:17,274 - INFO - Batch num: 80, Task 0 acc: 87.0615, Batch num: 80, Task 1 acc: 55.9757, Batch num: 80, Task 2 acc: 50.4490, Batch num: 80, Task 3 acc: 49.9589, Batch num: 80, Task 4 acc: 5.9952, Task avg acc:49.8881
2024-05-29 06:58:28,970 - INFO - Batch num: 90, Task 0 acc: 86.5434, Batch num: 90, Task 1 acc: 52.0196, Batch num: 90, Task 2 acc: 51.6882, Batch num: 90, Task 3 acc: 45.4112, Batch num: 90, Task 4 acc: 3.3373, Task avg acc:47.7999
2024-05-29 06:58:29,006 - INFO - Epoch 1
2024-05-29 06:58:40,393 - INFO - Batch num: 0, Task 0 acc: 86.3680, Batch num: 0, Task 1 acc: 49.8587, Batch num: 0, Task 2 acc: 53.5111, Batch num: 0, Task 3 acc: 46.9243, Batch num: 0, Task 4 acc: 3.0825, Task avg acc:47.9489
2024-05-29 06:58:51,863 - INFO - Batch num: 10, Task 0 acc: 84.9649, Batch num: 10, Task 1 acc: 41.9797, Batch num: 10, Task 2 acc: 58.4501, Batch num: 10, Task 3 acc: 52.4260, Batch num: 10, Task 4 acc: 3.7024, Task avg acc:48.3046
2024-05-29 06:59:03,481 - INFO - Batch num: 20, Task 0 acc: 83.9764, Batch num: 20, Task 1 acc: 40.3092, Batch num: 20, Task 2 acc: 59.4379, Batch num: 20, Task 3 acc: 52.4342, Batch num: 20, Task 4 acc: 5.3584, Task avg acc:48.3032
2024-05-29 06:59:14,962 - INFO - Batch num: 30, Task 0 acc: 84.8453, Batch num: 30, Task 1 acc: 45.4205, Batch num: 30, Task 2 acc: 54.8402, Batch num: 30, Task 3 acc: 52.8536, Batch num: 30, Task 4 acc: 5.8849, Task avg acc:48.7689
2024-05-29 06:59:26,561 - INFO - Batch num: 40, Task 0 acc: 85.8418, Batch num: 40, Task 1 acc: 49.5928, Batch num: 40, Task 2 acc: 53.6818, Batch num: 40, Task 3 acc: 48.0181, Batch num: 40, Task 4 acc: 5.8339, Task avg acc:48.5937
2024-05-29 06:59:38,088 - INFO - Batch num: 50, Task 0 acc: 86.8383, Batch num: 50, Task 1 acc: 46.0938, Batch num: 50, Task 2 acc: 52.7658, Batch num: 50, Task 3 acc: 45.9375, Batch num: 50, Task 4 acc: 5.0951, Task avg acc:47.3461
2024-05-29 06:59:49,635 - INFO - Batch num: 60, Task 0 acc: 89.3176, Batch num: 60, Task 1 acc: 48.1882, Batch num: 60, Task 2 acc: 47.3150, Batch num: 60, Task 3 acc: 46.6447, Batch num: 60, Task 4 acc: 5.3159, Task avg acc:47.3563
2024-05-29 07:00:01,128 - INFO - Batch num: 70, Task 0 acc: 89.9474, Batch num: 70, Task 1 acc: 51.6622, Batch num: 70, Task 2 acc: 46.3542, Batch num: 70, Task 3 acc: 47.2204, Batch num: 70, Task 4 acc: 6.4538, Task avg acc:48.3276
2024-05-29 07:00:12,643 - INFO - Batch num: 80, Task 0 acc: 89.4133, Batch num: 80, Task 1 acc: 53.1499, Batch num: 80, Task 2 acc: 47.9526, Batch num: 80, Task 3 acc: 49.5312, Batch num: 80, Task 4 acc: 6.2670, Task avg acc:49.2628
2024-05-29 07:00:24,174 - INFO - Batch num: 90, Task 0 acc: 87.9544, Batch num: 90, Task 1 acc: 50.0914, Batch num: 90, Task 2 acc: 50.4490, Batch num: 90, Task 3 acc: 46.9161, Batch num: 90, Task 4 acc: 7.3285, Task avg acc:48.5479
2024-05-29 07:00:24,209 - INFO - Epoch 2
2024-05-29 07:00:35,441 - INFO - Batch num: 0, Task 0 acc: 87.5159, Batch num: 0, Task 1 acc: 49.9751, Batch num: 0, Task 2 acc: 50.1976, Batch num: 0, Task 3 acc: 45.1480, Batch num: 0, Task 4 acc: 7.1841, Task avg acc:48.0041
2024-05-29 07:00:47,048 - INFO - Batch num: 10, Task 0 acc: 86.2962, Batch num: 10, Task 1 acc: 49.3351, Batch num: 10, Task 2 acc: 48.3477, Batch num: 10, Task 3 acc: 39.7697, Batch num: 10, Task 4 acc: 7.0482, Task avg acc:46.1594
2024-05-29 07:00:58,653 - INFO - Batch num: 20, Task 0 acc: 85.3157, Batch num: 20, Task 1 acc: 50.1912, Batch num: 20, Task 2 acc: 46.7762, Batch num: 20, Task 3 acc: 39.5230, Batch num: 20, Task 4 acc: 8.3730, Task avg acc:46.0358
2024-05-29 07:01:10,196 - INFO - Batch num: 30, Task 0 acc: 84.9330, Batch num: 30, Task 1 acc: 48.8614, Batch num: 30, Task 2 acc: 49.8294, Batch num: 30, Task 3 acc: 42.3766, Batch num: 30, Task 4 acc: 8.2711, Task avg acc:46.8543
2024-05-29 07:01:21,775 - INFO - Batch num: 40, Task 0 acc: 86.0730, Batch num: 40, Task 1 acc: 51.4711, Batch num: 40, Task 2 acc: 48.3297, Batch num: 40, Task 3 acc: 44.0543, Batch num: 40, Task 4 acc: 8.3135, Task avg acc:47.6483
2024-05-29 07:01:33,277 - INFO - Batch num: 50, Task 0 acc: 86.3600, Batch num: 50, Task 1 acc: 51.5459, Batch num: 50, Task 2 acc: 48.6351, Batch num: 50, Task 3 acc: 44.6382, Batch num: 50, Task 4 acc: 8.1097, Task avg acc:47.8578
2024-05-29 07:01:44,839 - INFO - Batch num: 60, Task 0 acc: 86.5593, Batch num: 60, Task 1 acc: 52.6762, Batch num: 60, Task 2 acc: 47.9705, Batch num: 60, Task 3 acc: 48.1990, Batch num: 60, Task 4 acc: 6.3179, Task avg acc:48.3446
2024-05-29 07:01:56,352 - INFO - Batch num: 70, Task 0 acc: 85.6027, Batch num: 70, Task 1 acc: 49.3102, Batch num: 70, Task 2 acc: 52.0205, Batch num: 70, Task 3 acc: 45.5592, Batch num: 70, Task 4 acc: 5.3244, Task avg acc:47.5634
2024-05-29 07:02:07,920 - INFO - Batch num: 80, Task 0 acc: 86.3441, Batch num: 80, Task 1 acc: 48.4707, Batch num: 80, Task 2 acc: 52.1372, Batch num: 80, Task 3 acc: 44.1694, Batch num: 80, Task 4 acc: 5.1970, Task avg acc:47.2637
2024-05-29 07:02:19,384 - INFO - Batch num: 90, Task 0 acc: 87.3007, Batch num: 90, Task 1 acc: 49.5180, Batch num: 90, Task 2 acc: 49.4073, Batch num: 90, Task 3 acc: 42.0970, Batch num: 90, Task 4 acc: 6.7510, Task avg acc:47.0148
2024-05-29 07:02:19,418 - INFO - Epoch 3
2024-05-29 07:02:30,708 - INFO - Batch num: 0, Task 0 acc: 87.7471, Batch num: 0, Task 1 acc: 50.0332, Batch num: 0, Task 2 acc: 48.5812, Batch num: 0, Task 3 acc: 42.5658, Batch num: 0, Task 4 acc: 7.2775, Task avg acc:47.2410
2024-05-29 07:02:42,181 - INFO - Batch num: 10, Task 0 acc: 87.8747, Batch num: 10, Task 1 acc: 50.2826, Batch num: 10, Task 2 acc: 47.0187, Batch num: 10, Task 3 acc: 44.3668, Batch num: 10, Task 4 acc: 6.9548, Task avg acc:47.2995
2024-05-29 07:02:53,729 - INFO - Batch num: 20, Task 0 acc: 87.7232, Batch num: 20, Task 1 acc: 51.4545, Batch num: 20, Task 2 acc: 46.1027, Batch num: 20, Task 3 acc: 44.6875, Batch num: 20, Task 4 acc: 7.0822, Task avg acc:47.4100
2024-05-29 07:03:05,253 - INFO - Batch num: 30, Task 0 acc: 87.6116, Batch num: 30, Task 1 acc: 51.9365, Batch num: 30, Task 2 acc: 47.4228, Batch num: 30, Task 3 acc: 45.9293, Batch num: 30, Task 4 acc: 6.3264, Task avg acc:47.8453
2024-05-29 07:03:16,785 - INFO - Batch num: 40, Task 0 acc: 87.5000, Batch num: 40, Task 1 acc: 54.7291, Batch num: 40, Task 2 acc: 47.1803, Batch num: 40, Task 3 acc: 45.6332, Batch num: 40, Task 4 acc: 4.9762, Task avg acc:48.0038
2024-05-29 07:03:28,252 - INFO - Batch num: 50, Task 0 acc: 86.2643, Batch num: 50, Task 1 acc: 53.2164, Batch num: 50, Task 2 acc: 49.9102, Batch num: 50, Task 3 acc: 42.2286, Batch num: 50, Task 4 acc: 4.6960, Task avg acc:47.2631
2024-05-29 07:03:39,927 - INFO - Batch num: 60, Task 0 acc: 85.4193, Batch num: 60, Task 1 acc: 51.9697, Batch num: 60, Task 2 acc: 50.4759, Batch num: 60, Task 3 acc: 44.2270, Batch num: 60, Task 4 acc: 4.3478, Task avg acc:47.2880
2024-05-29 07:03:51,381 - INFO - Batch num: 70, Task 0 acc: 85.5389, Batch num: 70, Task 1 acc: 50.5984, Batch num: 70, Task 2 acc: 51.8409, Batch num: 70, Task 3 acc: 45.9622, Batch num: 70, Task 4 acc: 5.2819, Task avg acc:47.8445
2024-05-29 07:04:02,905 - INFO - Batch num: 80, Task 0 acc: 85.8737, Batch num: 80, Task 1 acc: 50.3740, Batch num: 80, Task 2 acc: 50.2245, Batch num: 80, Task 3 acc: 46.1760, Batch num: 80, Task 4 acc: 5.3414, Task avg acc:47.5979
2024-05-29 07:04:14,434 - INFO - Batch num: 90, Task 0 acc: 86.0651, Batch num: 90, Task 1 acc: 49.0110, Batch num: 90, Task 2 acc: 50.4490, Batch num: 90, Task 3 acc: 45.4934, Batch num: 90, Task 4 acc: 5.3074, Task avg acc:47.2652
