2024-05-29 20:43:12,365 - INFO - ##########Task 0##########
2024-05-29 20:43:12,366 - INFO - Epoch 0
2024-05-29 20:43:15,026 - INFO - Batch num: 0, Task 0 acc: 32.6291, Task avg acc:32.6291
2024-05-29 20:43:17,430 - INFO - Batch num: 10, Task 0 acc: 53.5475, Task avg acc:53.5475
2024-05-29 20:43:19,806 - INFO - Batch num: 20, Task 0 acc: 55.9232, Task avg acc:55.9232
2024-05-29 20:43:22,363 - INFO - Batch num: 30, Task 0 acc: 73.9716, Task avg acc:73.9716
2024-05-29 20:43:24,889 - INFO - Batch num: 40, Task 0 acc: 90.7685, Task avg acc:90.7685
2024-05-29 20:43:27,447 - INFO - Batch num: 50, Task 0 acc: 97.5128, Task avg acc:97.5128
2024-05-29 20:43:29,947 - INFO - Batch num: 60, Task 0 acc: 98.0389, Task avg acc:98.0389
2024-05-29 20:43:32,469 - INFO - Batch num: 70, Task 0 acc: 97.7519, Task avg acc:97.7519
2024-05-29 20:43:35,063 - INFO - Batch num: 80, Task 0 acc: 97.4729, Task avg acc:97.4729
2024-05-29 20:43:37,577 - INFO - Batch num: 90, Task 0 acc: 98.1425, Task avg acc:98.1425
2024-05-29 20:43:37,760 - INFO - Epoch 1
2024-05-29 20:43:39,953 - INFO - Batch num: 0, Task 0 acc: 98.4136, Task avg acc:98.4136
2024-05-29 20:43:42,504 - INFO - Batch num: 10, Task 0 acc: 98.0230, Task avg acc:98.0230
2024-05-29 20:43:45,010 - INFO - Batch num: 20, Task 0 acc: 98.1904, Task avg acc:98.1904
2024-05-29 20:43:47,446 - INFO - Batch num: 30, Task 0 acc: 98.6846, Task avg acc:98.6846
2024-05-29 20:43:50,011 - INFO - Batch num: 40, Task 0 acc: 98.8361, Task avg acc:98.8361
2024-05-29 20:43:52,536 - INFO - Batch num: 50, Task 0 acc: 98.9397, Task avg acc:98.9397
2024-05-29 20:43:54,978 - INFO - Batch num: 60, Task 0 acc: 99.0354, Task avg acc:99.0354
2024-05-29 20:43:57,559 - INFO - Batch num: 70, Task 0 acc: 99.0513, Task avg acc:99.0513
2024-05-29 20:44:00,077 - INFO - Batch num: 80, Task 0 acc: 99.0035, Task avg acc:99.0035
2024-05-29 20:44:02,600 - INFO - Batch num: 90, Task 0 acc: 99.1470, Task avg acc:99.1470
2024-05-29 20:44:02,784 - INFO - Epoch 2
2024-05-29 20:44:05,104 - INFO - Batch num: 0, Task 0 acc: 99.1470, Task avg acc:99.1470
2024-05-29 20:44:07,614 - INFO - Batch num: 10, Task 0 acc: 99.0753, Task avg acc:99.0753
2024-05-29 20:44:10,151 - INFO - Batch num: 20, Task 0 acc: 99.0992, Task avg acc:99.0992
2024-05-29 20:44:12,637 - INFO - Batch num: 30, Task 0 acc: 99.1789, Task avg acc:99.1789
2024-05-29 20:44:15,236 - INFO - Batch num: 40, Task 0 acc: 99.0274, Task avg acc:99.0274
2024-05-29 20:44:17,753 - INFO - Batch num: 50, Task 0 acc: 99.0195, Task avg acc:99.0195
2024-05-29 20:44:20,314 - INFO - Batch num: 60, Task 0 acc: 98.9955, Task avg acc:98.9955
2024-05-29 20:44:22,749 - INFO - Batch num: 70, Task 0 acc: 99.0115, Task avg acc:99.0115
2024-05-29 20:44:25,243 - INFO - Batch num: 80, Task 0 acc: 98.9716, Task avg acc:98.9716
2024-05-29 20:44:27,905 - INFO - Batch num: 90, Task 0 acc: 98.9557, Task avg acc:98.9557
2024-05-29 20:44:28,090 - INFO - Epoch 3
2024-05-29 20:44:30,295 - INFO - Batch num: 0, Task 0 acc: 99.0115, Task avg acc:99.0115
2024-05-29 20:44:32,884 - INFO - Batch num: 10, Task 0 acc: 98.9716, Task avg acc:98.9716
2024-05-29 20:44:35,351 - INFO - Batch num: 20, Task 0 acc: 98.7643, Task avg acc:98.7643
2024-05-29 20:44:37,873 - INFO - Batch num: 30, Task 0 acc: 98.9238, Task avg acc:98.9238
2024-05-29 20:44:40,304 - INFO - Batch num: 40, Task 0 acc: 98.7404, Task avg acc:98.7404
2024-05-29 20:44:42,883 - INFO - Batch num: 50, Task 0 acc: 98.7723, Task avg acc:98.7723
2024-05-29 20:44:45,322 - INFO - Batch num: 60, Task 0 acc: 98.8441, Task avg acc:98.8441
2024-05-29 20:44:47,839 - INFO - Batch num: 70, Task 0 acc: 98.9078, Task avg acc:98.9078
2024-05-29 20:44:50,306 - INFO - Batch num: 80, Task 0 acc: 98.7006, Task avg acc:98.7006
2024-05-29 20:44:52,818 - INFO - Batch num: 90, Task 0 acc: 98.6687, Task avg acc:98.6687
2024-05-29 20:44:53,014 - INFO - ##########Task 1##########
2024-05-29 20:44:53,015 - INFO - Epoch 0
2024-05-29 20:44:57,324 - INFO - Batch num: 0, Task 0 acc: 98.4774, Batch num: 0, Task 1 acc: 1.3630, Task avg acc:49.9202
2024-05-29 20:45:01,997 - INFO - Batch num: 10, Task 0 acc: 95.9503, Batch num: 10, Task 1 acc: 15.2094, Task avg acc:55.5798
2024-05-29 20:45:06,616 - INFO - Batch num: 20, Task 0 acc: 92.9528, Batch num: 20, Task 1 acc: 36.1370, Task avg acc:64.5449
2024-05-29 20:45:11,168 - INFO - Batch num: 30, Task 0 acc: 93.3434, Batch num: 30, Task 1 acc: 50.9807, Task avg acc:72.1621
2024-05-29 20:45:15,840 - INFO - Batch num: 40, Task 0 acc: 93.7899, Batch num: 40, Task 1 acc: 60.5552, Task avg acc:77.1725
2024-05-29 20:45:20,452 - INFO - Batch num: 50, Task 0 acc: 94.8023, Batch num: 50, Task 1 acc: 64.4947, Task avg acc:79.6485
2024-05-29 20:45:24,997 - INFO - Batch num: 60, Task 0 acc: 94.6747, Batch num: 60, Task 1 acc: 63.0319, Task avg acc:78.8533
2024-05-29 20:45:29,708 - INFO - Batch num: 70, Task 0 acc: 95.7031, Batch num: 70, Task 1 acc: 59.0675, Task avg acc:77.3853
2024-05-29 20:45:34,290 - INFO - Batch num: 80, Task 0 acc: 95.1212, Batch num: 80, Task 1 acc: 56.8152, Task avg acc:75.9682
2024-05-29 20:45:38,919 - INFO - Batch num: 90, Task 0 acc: 94.6269, Batch num: 90, Task 1 acc: 59.2503, Task avg acc:76.9386
2024-05-29 20:45:39,003 - INFO - Epoch 1
2024-05-29 20:45:43,390 - INFO - Batch num: 0, Task 0 acc: 94.3718, Batch num: 0, Task 1 acc: 59.2254, Task avg acc:76.7986
2024-05-29 20:45:47,977 - INFO - Batch num: 10, Task 0 acc: 94.0290, Batch num: 10, Task 1 acc: 63.6636, Task avg acc:78.8463
2024-05-29 20:45:52,576 - INFO - Batch num: 20, Task 0 acc: 93.6862, Batch num: 20, Task 1 acc: 66.5143, Task avg acc:80.1003
2024-05-29 20:45:57,231 - INFO - Batch num: 30, Task 0 acc: 92.4665, Batch num: 30, Task 1 acc: 71.1270, Task avg acc:81.7968
2024-05-29 20:46:01,931 - INFO - Batch num: 40, Task 0 acc: 91.2946, Batch num: 40, Task 1 acc: 72.6396, Task avg acc:81.9671
2024-05-29 20:46:06,533 - INFO - Batch num: 50, Task 0 acc: 91.0156, Batch num: 50, Task 1 acc: 72.7394, Task avg acc:81.8775
2024-05-29 20:46:11,193 - INFO - Batch num: 60, Task 0 acc: 89.9633, Batch num: 60, Task 1 acc: 71.9664, Task avg acc:80.9649
2024-05-29 20:46:15,721 - INFO - Batch num: 70, Task 0 acc: 90.4257, Batch num: 70, Task 1 acc: 70.7530, Task avg acc:80.5893
2024-05-29 20:46:20,401 - INFO - Batch num: 80, Task 0 acc: 91.0156, Batch num: 80, Task 1 acc: 71.3597, Task avg acc:81.1877
2024-05-29 20:46:25,048 - INFO - Batch num: 90, Task 0 acc: 91.8766, Batch num: 90, Task 1 acc: 72.8890, Task avg acc:82.3828
2024-05-29 20:46:25,130 - INFO - Epoch 2
2024-05-29 20:46:29,502 - INFO - Batch num: 0, Task 0 acc: 91.7172, Batch num: 0, Task 1 acc: 72.8225, Task avg acc:82.2698
2024-05-29 20:46:34,133 - INFO - Batch num: 10, Task 0 acc: 91.2229, Batch num: 10, Task 1 acc: 74.6925, Task avg acc:82.9577
2024-05-29 20:46:38,669 - INFO - Batch num: 20, Task 0 acc: 92.2114, Batch num: 20, Task 1 acc: 74.2104, Task avg acc:83.2109
2024-05-29 20:46:43,277 - INFO - Batch num: 30, Task 0 acc: 91.5258, Batch num: 30, Task 1 acc: 73.3710, Task avg acc:82.4484
2024-05-29 20:46:47,841 - INFO - Batch num: 40, Task 0 acc: 91.5497, Batch num: 40, Task 1 acc: 72.5399, Task avg acc:82.0448
2024-05-29 20:46:52,458 - INFO - Batch num: 50, Task 0 acc: 92.3310, Batch num: 50, Task 1 acc: 73.9860, Task avg acc:83.1585
2024-05-29 20:46:57,068 - INFO - Batch num: 60, Task 0 acc: 92.4984, Batch num: 60, Task 1 acc: 73.8115, Task avg acc:83.1550
2024-05-29 20:47:01,658 - INFO - Batch num: 70, Task 0 acc: 92.2433, Batch num: 70, Task 1 acc: 74.2354, Task avg acc:83.2393
2024-05-29 20:47:06,325 - INFO - Batch num: 80, Task 0 acc: 91.5099, Batch num: 80, Task 1 acc: 76.2633, Task avg acc:83.8866
2024-05-29 20:47:11,014 - INFO - Batch num: 90, Task 0 acc: 91.4939, Batch num: 90, Task 1 acc: 78.0003, Task avg acc:84.7471
2024-05-29 20:47:11,102 - INFO - Epoch 3
2024-05-29 20:47:15,505 - INFO - Batch num: 0, Task 0 acc: 91.4222, Batch num: 0, Task 1 acc: 77.2606, Task avg acc:84.3414
2024-05-29 20:47:20,194 - INFO - Batch num: 10, Task 0 acc: 91.8686, Batch num: 10, Task 1 acc: 78.0253, Task avg acc:84.9469
2024-05-29 20:47:24,990 - INFO - Batch num: 20, Task 0 acc: 91.5737, Batch num: 20, Task 1 acc: 77.6928, Task avg acc:84.6332
2024-05-29 20:47:29,610 - INFO - Batch num: 30, Task 0 acc: 91.5338, Batch num: 30, Task 1 acc: 77.5765, Task avg acc:84.5551
2024-05-29 20:47:34,203 - INFO - Batch num: 40, Task 0 acc: 91.5099, Batch num: 40, Task 1 acc: 77.2108, Task avg acc:84.3603
2024-05-29 20:47:38,892 - INFO - Batch num: 50, Task 0 acc: 92.7136, Batch num: 50, Task 1 acc: 76.5625, Task avg acc:84.6381
2024-05-29 20:47:43,484 - INFO - Batch num: 60, Task 0 acc: 92.7296, Batch num: 60, Task 1 acc: 74.9834, Task avg acc:83.8565
2024-05-29 20:47:48,139 - INFO - Batch num: 70, Task 0 acc: 92.9528, Batch num: 70, Task 1 acc: 75.2244, Task avg acc:84.0886
2024-05-29 20:47:52,831 - INFO - Batch num: 80, Task 0 acc: 92.5223, Batch num: 80, Task 1 acc: 75.5818, Task avg acc:84.0521
2024-05-29 20:47:57,488 - INFO - Batch num: 90, Task 0 acc: 91.6534, Batch num: 90, Task 1 acc: 75.6150, Task avg acc:83.6342
2024-05-29 20:47:57,586 - INFO - ##########Task 2##########
2024-05-29 20:47:57,586 - INFO - Epoch 0
2024-05-29 20:48:03,860 - INFO - Batch num: 0, Task 0 acc: 90.8482, Batch num: 0, Task 1 acc: 75.9558, Batch num: 0, Task 2 acc: 0.1886, Task avg acc:55.6642
2024-05-29 20:48:10,594 - INFO - Batch num: 10, Task 0 acc: 92.1237, Batch num: 10, Task 1 acc: 72.9388, Batch num: 10, Task 2 acc: 2.7119, Task avg acc:55.9248
2024-05-29 20:48:17,182 - INFO - Batch num: 20, Task 0 acc: 92.3948, Batch num: 20, Task 1 acc: 68.1017, Batch num: 20, Task 2 acc: 7.8305, Task avg acc:56.1090
2024-05-29 20:48:23,774 - INFO - Batch num: 30, Task 0 acc: 89.1342, Batch num: 30, Task 1 acc: 63.3062, Batch num: 30, Task 2 acc: 24.6228, Task avg acc:59.0211
2024-05-29 20:48:30,296 - INFO - Batch num: 40, Task 0 acc: 79.7353, Batch num: 40, Task 1 acc: 58.9927, Batch num: 40, Task 2 acc: 45.3484, Task avg acc:61.3588
2024-05-29 20:48:36,852 - INFO - Batch num: 50, Task 0 acc: 66.1113, Batch num: 50, Task 1 acc: 42.3454, Batch num: 50, Task 2 acc: 67.9239, Task avg acc:58.7935
2024-05-29 20:48:43,417 - INFO - Batch num: 60, Task 0 acc: 58.7930, Batch num: 60, Task 1 acc: 25.7397, Batch num: 60, Task 2 acc: 82.5251, Task avg acc:55.6860
2024-05-29 20:48:49,942 - INFO - Batch num: 70, Task 0 acc: 57.1508, Batch num: 70, Task 1 acc: 21.3348, Batch num: 70, Task 2 acc: 87.1947, Task avg acc:55.2268
2024-05-29 20:48:56,487 - INFO - Batch num: 80, Task 0 acc: 58.0517, Batch num: 80, Task 1 acc: 23.9195, Batch num: 80, Task 2 acc: 87.8592, Task avg acc:56.6101
2024-05-29 20:48:56,658 - INFO - Epoch 1
2024-05-29 20:49:02,986 - INFO - Batch num: 0, Task 0 acc: 58.2749, Batch num: 0, Task 1 acc: 26.2799, Batch num: 0, Task 2 acc: 87.2935, Task avg acc:57.2828
2024-05-29 20:49:09,531 - INFO - Batch num: 10, Task 0 acc: 58.9844, Batch num: 10, Task 1 acc: 25.1828, Batch num: 10, Task 2 acc: 88.4159, Task avg acc:57.5277
2024-05-29 20:49:16,090 - INFO - Batch num: 20, Task 0 acc: 59.3112, Batch num: 20, Task 1 acc: 24.9169, Batch num: 20, Task 2 acc: 88.8111, Task avg acc:57.6797
2024-05-29 20:49:22,654 - INFO - Batch num: 30, Task 0 acc: 58.0277, Batch num: 30, Task 1 acc: 19.2487, Batch num: 30, Task 2 acc: 91.2267, Task avg acc:56.1677
2024-05-29 20:49:29,098 - INFO - Batch num: 40, Task 0 acc: 58.3705, Batch num: 40, Task 1 acc: 18.0020, Batch num: 40, Task 2 acc: 92.5557, Task avg acc:56.3094
2024-05-29 20:49:35,608 - INFO - Batch num: 50, Task 0 acc: 59.0322, Batch num: 50, Task 1 acc: 15.9242, Batch num: 50, Task 2 acc: 92.6185, Task avg acc:55.8583
2024-05-29 20:49:42,177 - INFO - Batch num: 60, Task 0 acc: 59.5344, Batch num: 60, Task 1 acc: 15.8910, Batch num: 60, Task 2 acc: 93.2292, Task avg acc:56.2182
2024-05-29 20:49:48,699 - INFO - Batch num: 70, Task 0 acc: 60.7541, Batch num: 70, Task 1 acc: 17.2955, Batch num: 70, Task 2 acc: 93.2112, Task avg acc:57.0870
2024-05-29 20:49:55,223 - INFO - Batch num: 80, Task 0 acc: 59.7178, Batch num: 80, Task 1 acc: 16.7387, Batch num: 80, Task 2 acc: 93.3190, Task avg acc:56.5918
2024-05-29 20:49:55,391 - INFO - Epoch 2
2024-05-29 20:50:01,687 - INFO - Batch num: 0, Task 0 acc: 57.6291, Batch num: 0, Task 1 acc: 16.3481, Batch num: 0, Task 2 acc: 94.0194, Task avg acc:55.9989
2024-05-29 20:50:08,127 - INFO - Batch num: 10, Task 0 acc: 56.9037, Batch num: 10, Task 1 acc: 16.3647, Batch num: 10, Task 2 acc: 94.5133, Task avg acc:55.9272
2024-05-29 20:50:14,655 - INFO - Batch num: 20, Task 0 acc: 56.0029, Batch num: 20, Task 1 acc: 15.5419, Batch num: 20, Task 2 acc: 95.1688, Task avg acc:55.5712
2024-05-29 20:50:21,198 - INFO - Batch num: 30, Task 0 acc: 56.0507, Batch num: 30, Task 1 acc: 15.5918, Batch num: 30, Task 2 acc: 95.4203, Task avg acc:55.6876
2024-05-29 20:50:27,716 - INFO - Batch num: 40, Task 0 acc: 56.0985, Batch num: 40, Task 1 acc: 14.4199, Batch num: 40, Task 2 acc: 95.3933, Task avg acc:55.3039
2024-05-29 20:50:34,205 - INFO - Batch num: 50, Task 0 acc: 55.6202, Batch num: 50, Task 1 acc: 14.2703, Batch num: 50, Task 2 acc: 95.8244, Task avg acc:55.2383
2024-05-29 20:50:40,935 - INFO - Batch num: 60, Task 0 acc: 55.2774, Batch num: 60, Task 1 acc: 15.1263, Batch num: 60, Task 2 acc: 95.9950, Task avg acc:55.4662
2024-05-29 20:50:47,383 - INFO - Batch num: 70, Task 0 acc: 53.9381, Batch num: 70, Task 1 acc: 14.3783, Batch num: 70, Task 2 acc: 96.0668, Task avg acc:54.7944
2024-05-29 20:50:53,906 - INFO - Batch num: 80, Task 0 acc: 53.7787, Batch num: 80, Task 1 acc: 16.4229, Batch num: 80, Task 2 acc: 95.8513, Task avg acc:55.3510
2024-05-29 20:50:54,075 - INFO - Epoch 3
2024-05-29 20:51:00,463 - INFO - Batch num: 0, Task 0 acc: 52.8938, Batch num: 0, Task 1 acc: 15.3341, Batch num: 0, Task 2 acc: 95.9770, Task avg acc:54.7350
2024-05-29 20:51:07,138 - INFO - Batch num: 10, Task 0 acc: 53.0533, Batch num: 10, Task 1 acc: 15.2261, Batch num: 10, Task 2 acc: 95.6178, Task avg acc:54.6324
2024-05-29 20:51:13,703 - INFO - Batch num: 20, Task 0 acc: 53.0533, Batch num: 20, Task 1 acc: 14.9934, Batch num: 20, Task 2 acc: 95.4472, Task avg acc:54.4979
2024-05-29 20:51:20,194 - INFO - Batch num: 30, Task 0 acc: 53.6671, Batch num: 30, Task 1 acc: 13.7799, Batch num: 30, Task 2 acc: 95.0790, Task avg acc:54.1753
2024-05-29 20:51:26,801 - INFO - Batch num: 40, Task 0 acc: 54.9745, Batch num: 40, Task 1 acc: 13.4059, Batch num: 40, Task 2 acc: 94.7468, Task avg acc:54.3757
2024-05-29 20:51:33,262 - INFO - Batch num: 50, Task 0 acc: 53.2286, Batch num: 50, Task 1 acc: 12.1759, Batch num: 50, Task 2 acc: 95.3035, Task avg acc:53.5693
2024-05-29 20:51:39,916 - INFO - Batch num: 60, Task 0 acc: 51.1958, Batch num: 60, Task 1 acc: 11.3780, Batch num: 60, Task 2 acc: 96.0219, Task avg acc:52.8652
2024-05-29 20:51:46,466 - INFO - Batch num: 70, Task 0 acc: 48.2781, Batch num: 70, Task 1 acc: 9.9568, Batch num: 70, Task 2 acc: 96.4889, Task avg acc:51.5746
2024-05-29 20:51:52,973 - INFO - Batch num: 80, Task 0 acc: 44.6110, Batch num: 80, Task 1 acc: 8.5273, Batch num: 80, Task 2 acc: 96.7942, Task avg acc:49.9775
2024-05-29 20:51:53,151 - INFO - ##########Task 3##########
2024-05-29 20:51:53,151 - INFO - Epoch 0
2024-05-29 20:52:01,677 - INFO - Batch num: 0, Task 0 acc: 46.8351, Batch num: 0, Task 1 acc: 8.5439, Batch num: 0, Task 2 acc: 96.6595, Batch num: 0, Task 3 acc: 3.9967, Task avg acc:39.0088
2024-05-29 20:52:10,389 - INFO - Batch num: 10, Task 0 acc: 57.1508, Batch num: 10, Task 1 acc: 16.0406, Batch num: 10, Task 2 acc: 91.4152, Batch num: 10, Task 3 acc: 27.8454, Task avg acc:48.1130
2024-05-29 20:52:19,039 - INFO - Batch num: 20, Task 0 acc: 60.2679, Batch num: 20, Task 1 acc: 18.5173, Batch num: 20, Task 2 acc: 85.7759, Batch num: 20, Task 3 acc: 66.4638, Task avg acc:57.7562
2024-05-29 20:52:27,628 - INFO - Batch num: 30, Task 0 acc: 58.7851, Batch num: 30, Task 1 acc: 12.6080, Batch num: 30, Task 2 acc: 74.3534, Batch num: 30, Task 3 acc: 87.9194, Task avg acc:58.4165
2024-05-29 20:52:36,353 - INFO - Batch num: 40, Task 0 acc: 46.6119, Batch num: 40, Task 1 acc: 3.6237, Batch num: 40, Task 2 acc: 64.4397, Batch num: 40, Task 3 acc: 95.3207, Task avg acc:52.4990
2024-05-29 20:52:44,980 - INFO - Batch num: 50, Task 0 acc: 42.2911, Batch num: 50, Task 1 acc: 1.8285, Batch num: 50, Task 2 acc: 57.0941, Batch num: 50, Task 3 acc: 97.6891, Task avg acc:49.7257
2024-05-29 20:52:53,588 - INFO - Batch num: 60, Task 0 acc: 40.8004, Batch num: 60, Task 1 acc: 1.7121, Batch num: 60, Task 2 acc: 54.9749, Batch num: 60, Task 3 acc: 98.0674, Task avg acc:48.8887
2024-05-29 20:53:02,285 - INFO - Batch num: 70, Task 0 acc: 45.1929, Batch num: 70, Task 1 acc: 1.7703, Batch num: 70, Task 2 acc: 56.4116, Batch num: 70, Task 3 acc: 98.1003, Task avg acc:50.3688
2024-05-29 20:53:10,899 - INFO - Batch num: 80, Task 0 acc: 41.0475, Batch num: 80, Task 1 acc: 0.5153, Batch num: 80, Task 2 acc: 48.2399, Batch num: 80, Task 3 acc: 98.5855, Task avg acc:47.0971
2024-05-29 20:53:19,590 - INFO - Batch num: 90, Task 0 acc: 42.5462, Batch num: 90, Task 1 acc: 0.5319, Batch num: 90, Task 2 acc: 47.5575, Batch num: 90, Task 3 acc: 98.4046, Task avg acc:47.2601
2024-05-29 20:53:19,703 - INFO - Epoch 1
2024-05-29 20:53:28,213 - INFO - Batch num: 0, Task 0 acc: 42.4585, Batch num: 0, Task 1 acc: 0.5402, Batch num: 0, Task 2 acc: 46.1117, Batch num: 0, Task 3 acc: 98.1250, Task avg acc:46.8089
2024-05-29 20:53:36,955 - INFO - Batch num: 10, Task 0 acc: 46.4764, Batch num: 10, Task 1 acc: 1.2384, Batch num: 10, Task 2 acc: 47.9795, Batch num: 10, Task 3 acc: 98.5362, Task avg acc:48.5576
2024-05-29 20:53:45,546 - INFO - Batch num: 20, Task 0 acc: 48.5092, Batch num: 20, Task 1 acc: 1.7453, Batch num: 20, Task 2 acc: 50.8351, Batch num: 20, Task 3 acc: 98.2730, Task avg acc:49.8407
2024-05-29 20:53:54,199 - INFO - Batch num: 30, Task 0 acc: 55.4209, Batch num: 30, Task 1 acc: 3.2414, Batch num: 30, Task 2 acc: 55.0736, Batch num: 30, Task 3 acc: 98.2237, Task avg acc:52.9899
2024-05-29 20:54:02,829 - INFO - Batch num: 40, Task 0 acc: 44.8740, Batch num: 40, Task 1 acc: 3.9062, Batch num: 40, Task 2 acc: 54.8940, Batch num: 40, Task 3 acc: 98.4293, Task avg acc:50.5259
2024-05-29 20:54:11,576 - INFO - Batch num: 50, Task 0 acc: 40.0829, Batch num: 50, Task 1 acc: 3.4658, Batch num: 50, Task 2 acc: 55.7830, Batch num: 50, Task 3 acc: 98.6595, Task avg acc:49.4978
2024-05-29 20:54:20,301 - INFO - Batch num: 60, Task 0 acc: 38.4885, Batch num: 60, Task 1 acc: 4.3966, Batch num: 60, Task 2 acc: 53.6009, Batch num: 60, Task 3 acc: 98.7911, Task avg acc:48.8193
2024-05-29 20:54:28,945 - INFO - Batch num: 70, Task 0 acc: 37.0057, Batch num: 70, Task 1 acc: 2.8757, Batch num: 70, Task 2 acc: 51.7331, Batch num: 70, Task 3 acc: 98.6760, Task avg acc:47.5726
2024-05-29 20:54:37,620 - INFO - Batch num: 80, Task 0 acc: 33.5619, Batch num: 80, Task 1 acc: 2.2856, Batch num: 80, Task 2 acc: 51.5445, Batch num: 80, Task 3 acc: 98.5526, Task avg acc:46.4862
2024-05-29 20:54:46,268 - INFO - Batch num: 90, Task 0 acc: 29.1454, Batch num: 90, Task 1 acc: 2.4684, Batch num: 90, Task 2 acc: 51.1045, Batch num: 90, Task 3 acc: 98.8076, Task avg acc:45.3815
2024-05-29 20:54:46,383 - INFO - Epoch 2
2024-05-29 20:54:54,780 - INFO - Batch num: 0, Task 0 acc: 27.4235, Batch num: 0, Task 1 acc: 2.7427, Batch num: 0, Task 2 acc: 53.9422, Batch num: 0, Task 3 acc: 98.9062, Task avg acc:45.7536
2024-05-29 20:55:03,459 - INFO - Batch num: 10, Task 0 acc: 26.4429, Batch num: 10, Task 1 acc: 2.8507, Batch num: 10, Task 2 acc: 57.5431, Batch num: 10, Task 3 acc: 99.0132, Task avg acc:46.4625
2024-05-29 20:55:12,114 - INFO - Batch num: 20, Task 0 acc: 24.9920, Batch num: 20, Task 1 acc: 3.0834, Batch num: 20, Task 2 acc: 55.8728, Batch num: 20, Task 3 acc: 98.9720, Task avg acc:45.7301
2024-05-29 20:55:20,693 - INFO - Batch num: 30, Task 0 acc: 24.5297, Batch num: 30, Task 1 acc: 3.4076, Batch num: 30, Task 2 acc: 55.2532, Batch num: 30, Task 3 acc: 99.0214, Task avg acc:45.5530
2024-05-29 20:55:29,352 - INFO - Batch num: 40, Task 0 acc: 24.1789, Batch num: 40, Task 1 acc: 2.8092, Batch num: 40, Task 2 acc: 51.7241, Batch num: 40, Task 3 acc: 99.0543, Task avg acc:44.4416
2024-05-29 20:55:38,028 - INFO - Batch num: 50, Task 0 acc: 24.5376, Batch num: 50, Task 1 acc: 3.8730, Batch num: 50, Task 2 acc: 51.1494, Batch num: 50, Task 3 acc: 99.0214, Task avg acc:44.6454
2024-05-29 20:55:46,644 - INFO - Batch num: 60, Task 0 acc: 24.3383, Batch num: 60, Task 1 acc: 5.4189, Batch num: 60, Task 2 acc: 49.1379, Batch num: 60, Task 3 acc: 98.9556, Task avg acc:44.4627
2024-05-29 20:55:55,302 - INFO - Batch num: 70, Task 0 acc: 22.1301, Batch num: 70, Task 1 acc: 4.0060, Batch num: 70, Task 2 acc: 46.1476, Batch num: 70, Task 3 acc: 98.8569, Task avg acc:42.7852
2024-05-29 20:56:03,940 - INFO - Batch num: 80, Task 0 acc: 20.3603, Batch num: 80, Task 1 acc: 2.9338, Batch num: 80, Task 2 acc: 46.0219, Batch num: 80, Task 3 acc: 98.8651, Task avg acc:42.0453
2024-05-29 20:56:12,593 - INFO - Batch num: 90, Task 0 acc: 17.6100, Batch num: 90, Task 1 acc: 2.7011, Batch num: 90, Task 2 acc: 43.7141, Batch num: 90, Task 3 acc: 98.7664, Task avg acc:40.6979
2024-05-29 20:56:12,707 - INFO - Epoch 3
2024-05-29 20:56:21,146 - INFO - Batch num: 0, Task 0 acc: 19.8182, Batch num: 0, Task 1 acc: 2.4019, Batch num: 0, Task 2 acc: 44.7108, Batch num: 0, Task 3 acc: 98.8405, Task avg acc:41.4429
2024-05-29 20:56:29,706 - INFO - Batch num: 10, Task 0 acc: 22.3453, Batch num: 10, Task 1 acc: 2.2689, Batch num: 10, Task 2 acc: 45.5550, Batch num: 10, Task 3 acc: 99.0214, Task avg acc:42.2977
2024-05-29 20:56:38,349 - INFO - Batch num: 20, Task 0 acc: 25.1355, Batch num: 20, Task 1 acc: 4.0974, Batch num: 20, Task 2 acc: 48.0783, Batch num: 20, Task 3 acc: 98.9145, Task avg acc:44.0564
2024-05-29 20:56:47,034 - INFO - Batch num: 30, Task 0 acc: 27.8221, Batch num: 30, Task 1 acc: 4.9867, Batch num: 30, Task 2 acc: 48.9763, Batch num: 30, Task 3 acc: 98.9803, Task avg acc:45.1913
2024-05-29 20:56:55,665 - INFO - Batch num: 40, Task 0 acc: 27.9974, Batch num: 40, Task 1 acc: 5.0033, Batch num: 40, Task 2 acc: 46.8481, Batch num: 40, Task 3 acc: 98.9967, Task avg acc:44.7114
2024-05-29 20:57:04,296 - INFO - Batch num: 50, Task 0 acc: 31.7841, Batch num: 50, Task 1 acc: 4.4299, Batch num: 50, Task 2 acc: 46.8481, Batch num: 50, Task 3 acc: 98.9309, Task avg acc:45.4982
2024-05-29 20:57:12,954 - INFO - Batch num: 60, Task 0 acc: 29.7194, Batch num: 60, Task 1 acc: 3.9146, Batch num: 60, Task 2 acc: 47.0097, Batch num: 60, Task 3 acc: 99.0049, Task avg acc:44.9121
2024-05-29 20:57:21,602 - INFO - Batch num: 70, Task 0 acc: 25.0638, Batch num: 70, Task 1 acc: 3.4491, Batch num: 70, Task 2 acc: 46.1386, Batch num: 70, Task 3 acc: 98.9556, Task avg acc:43.4018
2024-05-29 20:57:30,324 - INFO - Batch num: 80, Task 0 acc: 23.0628, Batch num: 80, Task 1 acc: 3.5239, Batch num: 80, Task 2 acc: 45.2586, Batch num: 80, Task 3 acc: 98.9967, Task avg acc:42.7105
2024-05-29 20:57:38,986 - INFO - Batch num: 90, Task 0 acc: 22.3693, Batch num: 90, Task 1 acc: 4.1805, Batch num: 90, Task 2 acc: 44.3157, Batch num: 90, Task 3 acc: 98.9474, Task avg acc:42.4532
2024-05-29 20:57:39,111 - INFO - ##########Task 4##########
2024-05-29 20:57:39,112 - INFO - Epoch 0
2024-05-29 20:57:49,523 - INFO - Batch num: 0, Task 0 acc: 21.6996, Batch num: 0, Task 1 acc: 3.2829, Batch num: 0, Task 2 acc: 43.4447, Batch num: 0, Task 3 acc: 98.7171, Batch num: 0, Task 4 acc: 0.0085, Task avg acc:33.4306
2024-05-29 20:58:00,222 - INFO - Batch num: 10, Task 0 acc: 11.2962, Batch num: 10, Task 1 acc: 1.4960, Batch num: 10, Task 2 acc: 38.3172, Batch num: 10, Task 3 acc: 95.4359, Batch num: 10, Task 4 acc: 0.0255, Task avg acc:29.3141
2024-05-29 20:58:10,923 - INFO - Batch num: 20, Task 0 acc: 22.8954, Batch num: 20, Task 1 acc: 2.8590, Batch num: 20, Task 2 acc: 51.3919, Batch num: 20, Task 3 acc: 92.7467, Batch num: 20, Task 4 acc: 0.2208, Task avg acc:34.0228
2024-05-29 20:58:21,524 - INFO - Batch num: 30, Task 0 acc: 33.3466, Batch num: 30, Task 1 acc: 6.1918, Batch num: 30, Task 2 acc: 62.4820, Batch num: 30, Task 3 acc: 91.3816, Batch num: 30, Task 4 acc: 3.1250, Task avg acc:39.3054
2024-05-29 20:58:32,411 - INFO - Batch num: 40, Task 0 acc: 40.9917, Batch num: 40, Task 1 acc: 6.3497, Batch num: 40, Task 2 acc: 65.3287, Batch num: 40, Task 3 acc: 90.2220, Batch num: 40, Task 4 acc: 13.7143, Task avg acc:43.3213
2024-05-29 20:58:43,073 - INFO - Batch num: 50, Task 0 acc: 38.3291, Batch num: 50, Task 1 acc: 5.3856, Batch num: 50, Task 2 acc: 59.1954, Batch num: 50, Task 3 acc: 87.6727, Batch num: 50, Task 4 acc: 28.8808, Task avg acc:43.8927
2024-05-29 20:58:53,724 - INFO - Batch num: 60, Task 0 acc: 33.1633, Batch num: 60, Task 1 acc: 5.8095, Batch num: 60, Task 2 acc: 43.6871, Batch num: 60, Task 3 acc: 72.1957, Batch num: 60, Task 4 acc: 54.6111, Task avg acc:41.8933
2024-05-29 20:59:04,346 - INFO - Batch num: 70, Task 0 acc: 24.2108, Batch num: 70, Task 1 acc: 1.7620, Batch num: 70, Task 2 acc: 23.9404, Batch num: 70, Task 3 acc: 56.1102, Batch num: 70, Task 4 acc: 78.1250, Task avg acc:36.8297
2024-05-29 20:59:15,104 - INFO - Batch num: 80, Task 0 acc: 22.5925, Batch num: 80, Task 1 acc: 1.2301, Batch num: 80, Task 2 acc: 17.3312, Batch num: 80, Task 3 acc: 51.3076, Batch num: 80, Task 4 acc: 84.1882, Task avg acc:35.3299
2024-05-29 20:59:25,798 - INFO - Batch num: 90, Task 0 acc: 24.7290, Batch num: 90, Task 1 acc: 0.6233, Batch num: 90, Task 2 acc: 20.6268, Batch num: 90, Task 3 acc: 49.7204, Batch num: 90, Task 4 acc: 84.6128, Task avg acc:36.0625
2024-05-29 20:59:25,829 - INFO - Epoch 1
2024-05-29 20:59:36,263 - INFO - Batch num: 0, Task 0 acc: 23.9397, Batch num: 0, Task 1 acc: 0.6400, Batch num: 0, Task 2 acc: 20.3574, Batch num: 0, Task 3 acc: 49.6217, Batch num: 0, Task 4 acc: 84.9779, Task avg acc:35.9073
2024-05-29 20:59:46,839 - INFO - Batch num: 10, Task 0 acc: 29.1773, Batch num: 10, Task 1 acc: 0.9475, Batch num: 10, Task 2 acc: 18.4986, Batch num: 10, Task 3 acc: 48.8898, Batch num: 10, Task 4 acc: 85.2751, Task avg acc:36.5577
2024-05-29 20:59:57,491 - INFO - Batch num: 20, Task 0 acc: 33.5938, Batch num: 20, Task 1 acc: 2.6596, Batch num: 20, Task 2 acc: 12.6167, Batch num: 20, Task 3 acc: 48.8898, Batch num: 20, Task 4 acc: 85.6743, Task avg acc:36.6868
2024-05-29 21:00:08,208 - INFO - Batch num: 30, Task 0 acc: 32.1429, Batch num: 30, Task 1 acc: 5.0532, Batch num: 30, Task 2 acc: 10.6681, Batch num: 30, Task 3 acc: 49.5888, Batch num: 30, Task 4 acc: 86.0819, Task avg acc:36.7070
2024-05-29 21:00:18,973 - INFO - Batch num: 40, Task 0 acc: 32.1508, Batch num: 40, Task 1 acc: 11.1453, Batch num: 40, Task 2 acc: 10.3628, Batch num: 40, Task 3 acc: 49.5477, Batch num: 40, Task 4 acc: 84.3750, Task avg acc:37.5163
2024-05-29 21:00:29,632 - INFO - Batch num: 50, Task 0 acc: 31.1942, Batch num: 50, Task 1 acc: 12.5748, Batch num: 50, Task 2 acc: 9.4648, Batch num: 50, Task 3 acc: 49.8273, Batch num: 50, Task 4 acc: 85.1053, Task avg acc:37.6333
2024-05-29 21:00:40,397 - INFO - Batch num: 60, Task 0 acc: 32.6690, Batch num: 60, Task 1 acc: 9.4914, Batch num: 60, Task 2 acc: 8.1897, Batch num: 60, Task 3 acc: 48.8076, Batch num: 60, Task 4 acc: 85.1223, Task avg acc:36.8560
2024-05-29 21:00:51,113 - INFO - Batch num: 70, Task 0 acc: 34.9968, Batch num: 70, Task 1 acc: 7.2557, Batch num: 70, Task 2 acc: 6.4476, Batch num: 70, Task 3 acc: 48.3470, Batch num: 70, Task 4 acc: 86.4725, Task avg acc:36.7039
2024-05-29 21:01:01,853 - INFO - Batch num: 80, Task 0 acc: 39.1980, Batch num: 80, Task 1 acc: 4.7872, Batch num: 80, Task 2 acc: 5.8459, Batch num: 80, Task 3 acc: 48.3388, Batch num: 80, Task 4 acc: 84.6637, Task avg acc:36.5667
2024-05-29 21:01:12,644 - INFO - Batch num: 90, Task 0 acc: 40.8243, Batch num: 90, Task 1 acc: 3.2580, Batch num: 90, Task 2 acc: 6.2231, Batch num: 90, Task 3 acc: 48.4211, Batch num: 90, Task 4 acc: 83.3050, Task avg acc:36.4063
2024-05-29 21:01:12,675 - INFO - Epoch 2
2024-05-29 21:01:23,055 - INFO - Batch num: 0, Task 0 acc: 40.3619, Batch num: 0, Task 1 acc: 3.1582, Batch num: 0, Task 2 acc: 6.3488, Batch num: 0, Task 3 acc: 48.6102, Batch num: 0, Task 4 acc: 83.5853, Task avg acc:36.4129
2024-05-29 21:01:33,739 - INFO - Batch num: 10, Task 0 acc: 37.8428, Batch num: 10, Task 1 acc: 3.2164, Batch num: 10, Task 2 acc: 7.2557, Batch num: 10, Task 3 acc: 48.7253, Batch num: 10, Task 4 acc: 85.4025, Task avg acc:36.4886
2024-05-29 21:01:44,486 - INFO - Batch num: 20, Task 0 acc: 35.7382, Batch num: 20, Task 1 acc: 4.2304, Batch num: 20, Task 2 acc: 9.1954, Batch num: 20, Task 3 acc: 48.8487, Batch num: 20, Task 4 acc: 85.7592, Task avg acc:36.7544
2024-05-29 21:01:55,141 - INFO - Batch num: 30, Task 0 acc: 32.9879, Batch num: 30, Task 1 acc: 5.1862, Batch num: 30, Task 2 acc: 8.7913, Batch num: 30, Task 3 acc: 48.9556, Batch num: 30, Task 4 acc: 87.2198, Task avg acc:36.6281
2024-05-29 21:02:05,814 - INFO - Batch num: 40, Task 0 acc: 32.6291, Batch num: 40, Task 1 acc: 5.0449, Batch num: 40, Task 2 acc: 8.9260, Batch num: 40, Task 3 acc: 47.4918, Batch num: 40, Task 4 acc: 88.1878, Task avg acc:36.4559
2024-05-29 21:02:16,535 - INFO - Batch num: 50, Task 0 acc: 33.5459, Batch num: 50, Task 1 acc: 6.1336, Batch num: 50, Task 2 acc: 8.9978, Batch num: 50, Task 3 acc: 46.4720, Batch num: 50, Task 4 acc: 88.6549, Task avg acc:36.7609
2024-05-29 21:02:27,288 - INFO - Batch num: 60, Task 0 acc: 36.1926, Batch num: 60, Task 1 acc: 4.9867, Batch num: 60, Task 2 acc: 9.2583, Batch num: 60, Task 3 acc: 45.8717, Batch num: 60, Task 4 acc: 87.6189, Task avg acc:36.7856
2024-05-29 21:02:38,054 - INFO - Batch num: 70, Task 0 acc: 37.0137, Batch num: 70, Task 1 acc: 3.5322, Batch num: 70, Task 2 acc: 10.9285, Batch num: 70, Task 3 acc: 46.4309, Batch num: 70, Task 4 acc: 87.7293, Task avg acc:37.1269
2024-05-29 21:02:48,790 - INFO - Batch num: 80, Task 0 acc: 38.9270, Batch num: 80, Task 1 acc: 3.7317, Batch num: 80, Task 2 acc: 10.0844, Batch num: 80, Task 3 acc: 46.7188, Batch num: 80, Task 4 acc: 86.7272, Task avg acc:37.2378
2024-05-29 21:02:59,453 - INFO - Batch num: 90, Task 0 acc: 34.8135, Batch num: 90, Task 1 acc: 3.4076, Batch num: 90, Task 2 acc: 9.1685, Batch num: 90, Task 3 acc: 46.8174, Batch num: 90, Task 4 acc: 88.1199, Task avg acc:36.4654
2024-05-29 21:02:59,486 - INFO - Epoch 3
2024-05-29 21:03:09,990 - INFO - Batch num: 0, Task 0 acc: 33.9126, Batch num: 0, Task 1 acc: 3.4574, Batch num: 0, Task 2 acc: 9.1864, Batch num: 0, Task 3 acc: 46.9984, Batch num: 0, Task 4 acc: 88.4341, Task avg acc:36.3978
2024-05-29 21:03:20,677 - INFO - Batch num: 10, Task 0 acc: 32.1747, Batch num: 10, Task 1 acc: 4.0891, Batch num: 10, Task 2 acc: 8.9889, Batch num: 10, Task 3 acc: 47.1217, Batch num: 10, Task 4 acc: 88.1709, Task avg acc:36.1091
2024-05-29 21:03:31,352 - INFO - Batch num: 20, Task 0 acc: 32.3023, Batch num: 20, Task 1 acc: 5.4189, Batch num: 20, Task 2 acc: 11.1979, Batch num: 20, Task 3 acc: 46.6283, Batch num: 20, Task 4 acc: 87.5594, Task avg acc:36.6214
2024-05-29 21:03:42,067 - INFO - Batch num: 30, Task 0 acc: 30.1020, Batch num: 30, Task 1 acc: 5.2859, Batch num: 30, Task 2 acc: 11.6469, Batch num: 30, Task 3 acc: 47.2780, Batch num: 30, Task 4 acc: 87.8991, Task avg acc:36.4424
2024-05-29 21:03:52,710 - INFO - Batch num: 40, Task 0 acc: 28.7787, Batch num: 40, Task 1 acc: 6.3414, Batch num: 40, Task 2 acc: 12.5180, Batch num: 40, Task 3 acc: 47.2780, Batch num: 40, Task 4 acc: 87.5170, Task avg acc:36.4866
2024-05-29 21:04:03,391 - INFO - Batch num: 50, Task 0 acc: 28.0772, Batch num: 50, Task 1 acc: 6.9731, Batch num: 50, Task 2 acc: 11.2159, Batch num: 50, Task 3 acc: 47.6151, Batch num: 50, Task 4 acc: 87.8397, Task avg acc:36.3442
2024-05-29 21:04:14,087 - INFO - Batch num: 60, Task 0 acc: 27.3119, Batch num: 60, Task 1 acc: 7.3969, Batch num: 60, Task 2 acc: 10.7310, Batch num: 60, Task 3 acc: 47.4836, Batch num: 60, Task 4 acc: 86.2007, Task avg acc:35.8248
2024-05-29 21:04:24,832 - INFO - Batch num: 70, Task 0 acc: 28.4279, Batch num: 70, Task 1 acc: 6.6572, Batch num: 70, Task 2 acc: 11.3057, Batch num: 70, Task 3 acc: 47.2039, Batch num: 70, Task 4 acc: 87.0329, Task avg acc:36.1256
2024-05-29 21:04:35,504 - INFO - Batch num: 80, Task 0 acc: 27.6307, Batch num: 80, Task 1 acc: 7.7876, Batch num: 80, Task 2 acc: 10.8657, Batch num: 80, Task 3 acc: 46.6447, Batch num: 80, Task 4 acc: 86.8631, Task avg acc:35.9584
2024-05-29 21:04:46,189 - INFO - Batch num: 90, Task 0 acc: 25.9566, Batch num: 90, Task 1 acc: 6.9648, Batch num: 90, Task 2 acc: 10.1742, Batch num: 90, Task 3 acc: 45.9951, Batch num: 90, Task 4 acc: 87.3471, Task avg acc:35.2876
