2024-05-29 12:15:58,568 - INFO - ##########Task 0##########
2024-05-29 12:15:58,569 - INFO - Epoch 0
2024-05-29 12:16:01,142 - INFO - Batch num: 0, Task 0 acc: 33.5698, Task avg acc:33.5698
2024-05-29 12:16:03,942 - INFO - Batch num: 10, Task 0 acc: 38.2733, Task avg acc:38.2733
2024-05-29 12:16:06,703 - INFO - Batch num: 20, Task 0 acc: 75.3827, Task avg acc:75.3827
2024-05-29 12:16:09,443 - INFO - Batch num: 30, Task 0 acc: 94.0051, Task avg acc:94.0051
2024-05-29 12:16:12,216 - INFO - Batch num: 40, Task 0 acc: 95.3603, Task avg acc:95.3603
2024-05-29 12:16:14,959 - INFO - Batch num: 50, Task 0 acc: 95.6393, Task avg acc:95.6393
2024-05-29 12:16:17,716 - INFO - Batch num: 60, Task 0 acc: 95.1371, Task avg acc:95.1371
2024-05-29 12:16:20,478 - INFO - Batch num: 70, Task 0 acc: 93.7899, Task avg acc:93.7899
2024-05-29 12:16:23,207 - INFO - Batch num: 80, Task 0 acc: 93.8935, Task avg acc:93.8935
2024-05-29 12:16:26,008 - INFO - Batch num: 90, Task 0 acc: 95.6154, Task avg acc:95.6154
2024-05-29 12:16:26,220 - INFO - Epoch 1
2024-05-29 12:16:28,701 - INFO - Batch num: 0, Task 0 acc: 96.3409, Task avg acc:96.3409
2024-05-29 12:16:31,483 - INFO - Batch num: 10, Task 0 acc: 96.2930, Task avg acc:96.2930
2024-05-29 12:16:34,209 - INFO - Batch num: 20, Task 0 acc: 96.4286, Task avg acc:96.4286
2024-05-29 12:16:36,974 - INFO - Batch num: 30, Task 0 acc: 96.7395, Task avg acc:96.7395
2024-05-29 12:16:39,738 - INFO - Batch num: 40, Task 0 acc: 96.5402, Task avg acc:96.5402
2024-05-29 12:16:42,476 - INFO - Batch num: 50, Task 0 acc: 95.8227, Task avg acc:95.8227
2024-05-29 12:16:45,260 - INFO - Batch num: 60, Task 0 acc: 96.0778, Task avg acc:96.0778
2024-05-29 12:16:48,018 - INFO - Batch num: 70, Task 0 acc: 96.4365, Task avg acc:96.4365
2024-05-29 12:16:50,742 - INFO - Batch num: 80, Task 0 acc: 96.0300, Task avg acc:96.0300
2024-05-29 12:16:53,511 - INFO - Batch num: 90, Task 0 acc: 95.8307, Task avg acc:95.8307
2024-05-29 12:16:53,723 - INFO - Epoch 2
2024-05-29 12:16:56,217 - INFO - Batch num: 0, Task 0 acc: 95.7988, Task avg acc:95.7988
2024-05-29 12:16:58,970 - INFO - Batch num: 10, Task 0 acc: 95.8307, Task avg acc:95.8307
2024-05-29 12:17:01,725 - INFO - Batch num: 20, Task 0 acc: 96.0459, Task avg acc:96.0459
2024-05-29 12:17:04,456 - INFO - Batch num: 30, Task 0 acc: 96.6916, Task avg acc:96.6916
2024-05-29 12:17:07,205 - INFO - Batch num: 40, Task 0 acc: 96.7793, Task avg acc:96.7793
2024-05-29 12:17:09,951 - INFO - Batch num: 50, Task 0 acc: 96.7474, Task avg acc:96.7474
2024-05-29 12:17:12,714 - INFO - Batch num: 60, Task 0 acc: 97.0663, Task avg acc:97.0663
2024-05-29 12:17:15,448 - INFO - Batch num: 70, Task 0 acc: 97.7041, Task avg acc:97.7041
2024-05-29 12:17:18,196 - INFO - Batch num: 80, Task 0 acc: 97.6961, Task avg acc:97.6961
2024-05-29 12:17:20,949 - INFO - Batch num: 90, Task 0 acc: 97.5207, Task avg acc:97.5207
2024-05-29 12:17:21,151 - INFO - Epoch 3
2024-05-29 12:17:23,639 - INFO - Batch num: 0, Task 0 acc: 97.5128, Task avg acc:97.5128
2024-05-29 12:17:26,430 - INFO - Batch num: 10, Task 0 acc: 97.4968, Task avg acc:97.4968
2024-05-29 12:17:29,153 - INFO - Batch num: 20, Task 0 acc: 97.5128, Task avg acc:97.5128
2024-05-29 12:17:31,885 - INFO - Batch num: 30, Task 0 acc: 97.7280, Task avg acc:97.7280
2024-05-29 12:17:34,639 - INFO - Batch num: 40, Task 0 acc: 97.4410, Task avg acc:97.4410
2024-05-29 12:17:37,390 - INFO - Batch num: 50, Task 0 acc: 97.3852, Task avg acc:97.3852
2024-05-29 12:17:40,160 - INFO - Batch num: 60, Task 0 acc: 97.3533, Task avg acc:97.3533
2024-05-29 12:17:42,877 - INFO - Batch num: 70, Task 0 acc: 97.2178, Task avg acc:97.2178
2024-05-29 12:17:45,620 - INFO - Batch num: 80, Task 0 acc: 96.9627, Task avg acc:96.9627
2024-05-29 12:17:48,367 - INFO - Batch num: 90, Task 0 acc: 97.2178, Task avg acc:97.2178
2024-05-29 12:17:48,581 - INFO - ##########Task 1##########
2024-05-29 12:17:48,582 - INFO - Epoch 0
2024-05-29 12:17:53,395 - INFO - Batch num: 0, Task 0 acc: 97.0982, Batch num: 0, Task 1 acc: 1.6872, Task avg acc:49.3927
2024-05-29 12:17:58,535 - INFO - Batch num: 10, Task 0 acc: 95.4879, Batch num: 10, Task 1 acc: 6.0339, Task avg acc:50.7609
2024-05-29 12:18:03,536 - INFO - Batch num: 20, Task 0 acc: 94.8820, Batch num: 20, Task 1 acc: 19.3983, Task avg acc:57.1401
2024-05-29 12:18:08,607 - INFO - Batch num: 30, Task 0 acc: 94.5312, Batch num: 30, Task 1 acc: 35.5552, Task avg acc:65.0432
2024-05-29 12:18:13,667 - INFO - Batch num: 40, Task 0 acc: 92.0281, Batch num: 40, Task 1 acc: 57.8291, Task avg acc:74.9286
2024-05-29 12:18:18,683 - INFO - Batch num: 50, Task 0 acc: 90.0510, Batch num: 50, Task 1 acc: 65.8743, Task avg acc:77.9627
2024-05-29 12:18:23,746 - INFO - Batch num: 60, Task 0 acc: 87.0855, Batch num: 60, Task 1 acc: 67.9854, Task avg acc:77.5354
2024-05-29 12:18:28,844 - INFO - Batch num: 70, Task 0 acc: 86.4477, Batch num: 70, Task 1 acc: 71.4594, Task avg acc:78.9536
2024-05-29 12:18:33,857 - INFO - Batch num: 80, Task 0 acc: 88.8871, Batch num: 80, Task 1 acc: 70.9275, Task avg acc:79.9073
2024-05-29 12:18:38,866 - INFO - Batch num: 90, Task 0 acc: 90.0351, Batch num: 90, Task 1 acc: 69.2902, Task avg acc:79.6627
2024-05-29 12:18:38,965 - INFO - Epoch 1
2024-05-29 12:18:43,765 - INFO - Batch num: 0, Task 0 acc: 89.7401, Batch num: 0, Task 1 acc: 68.1267, Task avg acc:78.9334
2024-05-29 12:18:48,762 - INFO - Batch num: 10, Task 0 acc: 89.5169, Batch num: 10, Task 1 acc: 69.9967, Task avg acc:79.7568
2024-05-29 12:18:53,750 - INFO - Batch num: 20, Task 0 acc: 90.2264, Batch num: 20, Task 1 acc: 73.7367, Task avg acc:81.9816
2024-05-29 12:18:58,941 - INFO - Batch num: 30, Task 0 acc: 89.8916, Batch num: 30, Task 1 acc: 75.8893, Task avg acc:82.8904
2024-05-29 12:19:04,102 - INFO - Batch num: 40, Task 0 acc: 91.5497, Batch num: 40, Task 1 acc: 74.4265, Task avg acc:82.9881
2024-05-29 12:19:09,145 - INFO - Batch num: 50, Task 0 acc: 93.6783, Batch num: 50, Task 1 acc: 73.3876, Task avg acc:83.5329
2024-05-29 12:19:14,188 - INFO - Batch num: 60, Task 0 acc: 91.9404, Batch num: 60, Task 1 acc: 73.7035, Task avg acc:82.8219
2024-05-29 12:19:19,199 - INFO - Batch num: 70, Task 0 acc: 88.7596, Batch num: 70, Task 1 acc: 74.7257, Task avg acc:81.7426
2024-05-29 12:19:24,241 - INFO - Batch num: 80, Task 0 acc: 87.3884, Batch num: 80, Task 1 acc: 74.7756, Task avg acc:81.0820
2024-05-29 12:19:29,382 - INFO - Batch num: 90, Task 0 acc: 85.5469, Batch num: 90, Task 1 acc: 74.9169, Task avg acc:80.2319
2024-05-29 12:19:29,474 - INFO - Epoch 2
2024-05-29 12:19:34,260 - INFO - Batch num: 0, Task 0 acc: 84.1598, Batch num: 0, Task 1 acc: 73.9611, Task avg acc:79.0604
2024-05-29 12:19:39,317 - INFO - Batch num: 10, Task 0 acc: 82.9241, Batch num: 10, Task 1 acc: 74.1523, Task avg acc:78.5382
2024-05-29 12:19:44,368 - INFO - Batch num: 20, Task 0 acc: 82.1907, Batch num: 20, Task 1 acc: 73.5871, Task avg acc:77.8889
2024-05-29 12:19:49,409 - INFO - Batch num: 30, Task 0 acc: 83.9286, Batch num: 30, Task 1 acc: 73.9611, Task avg acc:78.9448
2024-05-29 12:19:54,558 - INFO - Batch num: 40, Task 0 acc: 84.6540, Batch num: 40, Task 1 acc: 75.0499, Task avg acc:79.8519
2024-05-29 12:19:59,648 - INFO - Batch num: 50, Task 0 acc: 85.1802, Batch num: 50, Task 1 acc: 77.2191, Task avg acc:81.1996
2024-05-29 12:20:04,921 - INFO - Batch num: 60, Task 0 acc: 82.2545, Batch num: 60, Task 1 acc: 77.4102, Task avg acc:79.8324
2024-05-29 12:20:10,283 - INFO - Batch num: 70, Task 0 acc: 80.1100, Batch num: 70, Task 1 acc: 76.3464, Task avg acc:78.2282
2024-05-29 12:20:15,368 - INFO - Batch num: 80, Task 0 acc: 79.2331, Batch num: 80, Task 1 acc: 74.1772, Task avg acc:76.7051
2024-05-29 12:20:20,412 - INFO - Batch num: 90, Task 0 acc: 78.1967, Batch num: 90, Task 1 acc: 75.2493, Task avg acc:76.7230
2024-05-29 12:20:20,506 - INFO - Epoch 3
2024-05-29 12:20:25,257 - INFO - Batch num: 0, Task 0 acc: 76.5466, Batch num: 0, Task 1 acc: 75.0416, Task avg acc:75.7941
2024-05-29 12:20:30,344 - INFO - Batch num: 10, Task 0 acc: 74.9043, Batch num: 10, Task 1 acc: 77.0362, Task avg acc:75.9703
2024-05-29 12:20:35,344 - INFO - Batch num: 20, Task 0 acc: 74.7130, Batch num: 20, Task 1 acc: 77.2606, Task avg acc:75.9868
2024-05-29 12:20:40,922 - INFO - Batch num: 30, Task 0 acc: 75.8849, Batch num: 30, Task 1 acc: 77.1277, Task avg acc:76.5063
2024-05-29 12:20:46,355 - INFO - Batch num: 40, Task 0 acc: 75.5261, Batch num: 40, Task 1 acc: 75.3906, Task avg acc:75.4584
2024-05-29 12:20:51,729 - INFO - Batch num: 50, Task 0 acc: 76.0682, Batch num: 50, Task 1 acc: 75.8062, Task avg acc:75.9372
2024-05-29 12:20:56,910 - INFO - Batch num: 60, Task 0 acc: 75.6218, Batch num: 60, Task 1 acc: 75.0748, Task avg acc:75.3483
2024-05-29 12:21:02,152 - INFO - Batch num: 70, Task 0 acc: 75.5182, Batch num: 70, Task 1 acc: 75.1496, Task avg acc:75.3339
2024-05-29 12:21:07,278 - INFO - Batch num: 80, Task 0 acc: 76.1320, Batch num: 80, Task 1 acc: 74.4432, Task avg acc:75.2876
2024-05-29 12:21:12,391 - INFO - Batch num: 90, Task 0 acc: 76.2357, Batch num: 90, Task 1 acc: 73.7284, Task avg acc:74.9820
2024-05-29 12:21:12,496 - INFO - ##########Task 2##########
2024-05-29 12:21:12,497 - INFO - Epoch 0
2024-05-29 12:21:19,805 - INFO - Batch num: 0, Task 0 acc: 78.9222, Batch num: 0, Task 1 acc: 72.1493, Batch num: 0, Task 2 acc: 0.0180, Task avg acc:50.3631
2024-05-29 12:21:27,039 - INFO - Batch num: 10, Task 0 acc: 89.7401, Batch num: 10, Task 1 acc: 67.7859, Batch num: 10, Task 2 acc: 1.7601, Task avg acc:53.0954
2024-05-29 12:21:34,314 - INFO - Batch num: 20, Task 0 acc: 85.8658, Batch num: 20, Task 1 acc: 65.2842, Batch num: 20, Task 2 acc: 4.5348, Task avg acc:51.8949
2024-05-29 12:21:41,612 - INFO - Batch num: 30, Task 0 acc: 82.7487, Batch num: 30, Task 1 acc: 64.1539, Batch num: 30, Task 2 acc: 10.2101, Task avg acc:52.3709
2024-05-29 12:21:48,857 - INFO - Batch num: 40, Task 0 acc: 76.8096, Batch num: 40, Task 1 acc: 62.7743, Batch num: 40, Task 2 acc: 16.9810, Task avg acc:52.1883
2024-05-29 12:21:56,086 - INFO - Batch num: 50, Task 0 acc: 78.1330, Batch num: 50, Task 1 acc: 62.9239, Batch num: 50, Task 2 acc: 24.3355, Task avg acc:55.1308
2024-05-29 12:22:03,386 - INFO - Batch num: 60, Task 0 acc: 76.5784, Batch num: 60, Task 1 acc: 61.9515, Batch num: 60, Task 2 acc: 31.7349, Task avg acc:56.7549
2024-05-29 12:22:10,581 - INFO - Batch num: 70, Task 0 acc: 75.5820, Batch num: 70, Task 1 acc: 57.0063, Batch num: 70, Task 2 acc: 33.5489, Task avg acc:55.3790
2024-05-29 12:22:17,805 - INFO - Batch num: 80, Task 0 acc: 73.4455, Batch num: 80, Task 1 acc: 57.1725, Batch num: 80, Task 2 acc: 36.8265, Task avg acc:55.8148
2024-05-29 12:22:17,993 - INFO - Epoch 1
2024-05-29 12:22:24,976 - INFO - Batch num: 0, Task 0 acc: 71.7076, Batch num: 0, Task 1 acc: 59.0841, Batch num: 0, Task 2 acc: 39.5115, Task avg acc:56.7677
2024-05-29 12:22:32,273 - INFO - Batch num: 10, Task 0 acc: 66.4860, Batch num: 10, Task 1 acc: 60.3059, Batch num: 10, Task 2 acc: 42.7802, Task avg acc:56.5240
2024-05-29 12:22:39,517 - INFO - Batch num: 20, Task 0 acc: 61.5115, Batch num: 20, Task 1 acc: 54.6626, Batch num: 20, Task 2 acc: 47.3060, Task avg acc:54.4934
2024-05-29 12:22:46,758 - INFO - Batch num: 30, Task 0 acc: 59.2714, Batch num: 30, Task 1 acc: 52.5432, Batch num: 30, Task 2 acc: 47.0456, Task avg acc:52.9534
2024-05-29 12:22:53,979 - INFO - Batch num: 40, Task 0 acc: 59.7417, Batch num: 40, Task 1 acc: 52.8341, Batch num: 40, Task 2 acc: 46.2913, Task avg acc:52.9557
2024-05-29 12:23:01,248 - INFO - Batch num: 50, Task 0 acc: 62.0855, Batch num: 50, Task 1 acc: 56.0256, Batch num: 50, Task 2 acc: 43.5075, Task avg acc:53.8729
2024-05-29 12:23:08,549 - INFO - Batch num: 60, Task 0 acc: 64.3495, Batch num: 60, Task 1 acc: 58.9678, Batch num: 60, Task 2 acc: 44.1182, Task avg acc:55.8118
2024-05-29 12:23:15,769 - INFO - Batch num: 70, Task 0 acc: 62.3565, Batch num: 70, Task 1 acc: 57.2557, Batch num: 70, Task 2 acc: 46.0219, Task avg acc:55.2114
2024-05-29 12:23:23,032 - INFO - Batch num: 80, Task 0 acc: 60.5309, Batch num: 80, Task 1 acc: 48.1715, Batch num: 80, Task 2 acc: 50.3233, Task avg acc:53.0086
2024-05-29 12:23:23,221 - INFO - Epoch 2
2024-05-29 12:23:30,204 - INFO - Batch num: 0, Task 0 acc: 59.3591, Batch num: 0, Task 1 acc: 45.2543, Batch num: 0, Task 2 acc: 50.1347, Task avg acc:51.5827
2024-05-29 12:23:37,460 - INFO - Batch num: 10, Task 0 acc: 60.8020, Batch num: 10, Task 1 acc: 46.2932, Batch num: 10, Task 2 acc: 50.0090, Task avg acc:52.3681
2024-05-29 12:23:44,667 - INFO - Batch num: 20, Task 0 acc: 62.6116, Batch num: 20, Task 1 acc: 46.2350, Batch num: 20, Task 2 acc: 47.6293, Task avg acc:52.1587
2024-05-29 12:23:51,946 - INFO - Batch num: 30, Task 0 acc: 66.5976, Batch num: 30, Task 1 acc: 46.9581, Batch num: 30, Task 2 acc: 48.2130, Task avg acc:53.9229
2024-05-29 12:23:59,225 - INFO - Batch num: 40, Task 0 acc: 68.3036, Batch num: 40, Task 1 acc: 48.1882, Batch num: 40, Task 2 acc: 47.5126, Task avg acc:54.6681
2024-05-29 12:24:06,477 - INFO - Batch num: 50, Task 0 acc: 66.3026, Batch num: 50, Task 1 acc: 48.9777, Batch num: 50, Task 2 acc: 46.5248, Task avg acc:53.9350
2024-05-29 12:24:13,806 - INFO - Batch num: 60, Task 0 acc: 64.2857, Batch num: 60, Task 1 acc: 50.3408, Batch num: 60, Task 2 acc: 46.5517, Task avg acc:53.7261
2024-05-29 12:24:21,043 - INFO - Batch num: 70, Task 0 acc: 61.6709, Batch num: 70, Task 1 acc: 51.0638, Batch num: 70, Task 2 acc: 47.4856, Task avg acc:53.4068
2024-05-29 12:24:28,290 - INFO - Batch num: 80, Task 0 acc: 62.1253, Batch num: 80, Task 1 acc: 53.5156, Batch num: 80, Task 2 acc: 50.0539, Task avg acc:55.2316
2024-05-29 12:24:28,485 - INFO - Epoch 3
2024-05-29 12:24:35,496 - INFO - Batch num: 0, Task 0 acc: 62.4123, Batch num: 0, Task 1 acc: 53.1998, Batch num: 0, Task 2 acc: 50.9339, Task avg acc:55.5153
2024-05-29 12:24:42,749 - INFO - Batch num: 10, Task 0 acc: 63.7436, Batch num: 10, Task 1 acc: 51.9781, Batch num: 10, Task 2 acc: 52.6221, Task avg acc:56.1146
2024-05-29 12:24:50,946 - INFO - Batch num: 20, Task 0 acc: 63.5204, Batch num: 20, Task 1 acc: 49.5096, Batch num: 20, Task 2 acc: 53.0172, Task avg acc:55.3491
2024-05-29 12:25:00,111 - INFO - Batch num: 30, Task 0 acc: 62.8189, Batch num: 30, Task 1 acc: 49.4099, Batch num: 30, Task 2 acc: 53.0262, Task avg acc:55.0850
2024-05-29 12:25:08,710 - INFO - Batch num: 40, Task 0 acc: 61.5673, Batch num: 40, Task 1 acc: 47.1410, Batch num: 40, Task 2 acc: 53.1160, Task avg acc:53.9414
2024-05-29 12:25:17,762 - INFO - Batch num: 50, Task 0 acc: 60.2041, Batch num: 50, Task 1 acc: 45.2626, Batch num: 50, Task 2 acc: 55.8010, Task avg acc:53.7559
2024-05-29 12:25:26,323 - INFO - Batch num: 60, Task 0 acc: 61.9180, Batch num: 60, Task 1 acc: 44.9884, Batch num: 60, Task 2 acc: 54.7683, Task avg acc:53.8916
2024-05-29 12:25:34,129 - INFO - Batch num: 70, Task 0 acc: 62.5080, Batch num: 70, Task 1 acc: 46.0189, Batch num: 70, Task 2 acc: 52.8017, Task avg acc:53.7762
2024-05-29 12:25:41,979 - INFO - Batch num: 80, Task 0 acc: 62.5239, Batch num: 80, Task 1 acc: 47.8391, Batch num: 80, Task 2 acc: 51.5535, Task avg acc:53.9722
2024-05-29 12:25:42,191 - INFO - ##########Task 3##########
2024-05-29 12:25:42,191 - INFO - Epoch 0
2024-05-29 12:25:52,337 - INFO - Batch num: 0, Task 0 acc: 63.7755, Batch num: 0, Task 1 acc: 49.6592, Batch num: 0, Task 2 acc: 48.6261, Batch num: 0, Task 3 acc: 0.0000, Task avg acc:40.5152
2024-05-29 12:26:02,646 - INFO - Batch num: 10, Task 0 acc: 71.5482, Batch num: 10, Task 1 acc: 53.8314, Batch num: 10, Task 2 acc: 36.2787, Batch num: 10, Task 3 acc: 0.0329, Task avg acc:40.4228
2024-05-29 12:26:12,831 - INFO - Batch num: 20, Task 0 acc: 78.4758, Batch num: 20, Task 1 acc: 53.6735, Batch num: 20, Task 2 acc: 35.2101, Batch num: 20, Task 3 acc: 0.7155, Task avg acc:42.0187
2024-05-29 12:26:23,092 - INFO - Batch num: 30, Task 0 acc: 81.1543, Batch num: 30, Task 1 acc: 52.5931, Batch num: 30, Task 2 acc: 33.2256, Batch num: 30, Task 3 acc: 4.2023, Task avg acc:42.7938
2024-05-29 12:26:33,343 - INFO - Batch num: 40, Task 0 acc: 80.1658, Batch num: 40, Task 1 acc: 51.9033, Batch num: 40, Task 2 acc: 31.8247, Batch num: 40, Task 3 acc: 16.2418, Task avg acc:45.0339
2024-05-29 12:26:44,909 - INFO - Batch num: 50, Task 0 acc: 79.8709, Batch num: 50, Task 1 acc: 48.3461, Batch num: 50, Task 2 acc: 30.8369, Batch num: 50, Task 3 acc: 35.0740, Task avg acc:48.5320
2024-05-29 12:26:55,689 - INFO - Batch num: 60, Task 0 acc: 81.6008, Batch num: 60, Task 1 acc: 45.8195, Batch num: 60, Task 2 acc: 29.9210, Batch num: 60, Task 3 acc: 48.7171, Task avg acc:51.5146
2024-05-29 12:27:06,060 - INFO - Batch num: 70, Task 0 acc: 83.9844, Batch num: 70, Task 1 acc: 44.8637, Batch num: 70, Task 2 acc: 27.8466, Batch num: 70, Task 3 acc: 50.1316, Task avg acc:51.7066
2024-05-29 12:27:16,308 - INFO - Batch num: 80, Task 0 acc: 85.4831, Batch num: 80, Task 1 acc: 50.0000, Batch num: 80, Task 2 acc: 29.5169, Batch num: 80, Task 3 acc: 52.5987, Task avg acc:54.3997
2024-05-29 12:27:27,025 - INFO - Batch num: 90, Task 0 acc: 86.2404, Batch num: 90, Task 1 acc: 51.7038, Batch num: 90, Task 2 acc: 30.2173, Batch num: 90, Task 3 acc: 51.8092, Task avg acc:54.9927
2024-05-29 12:27:27,205 - INFO - Epoch 1
2024-05-29 12:27:37,170 - INFO - Batch num: 0, Task 0 acc: 84.6381, Batch num: 0, Task 1 acc: 51.9282, Batch num: 0, Task 2 acc: 28.7356, Batch num: 0, Task 3 acc: 50.4523, Task avg acc:53.9386
2024-05-29 12:27:47,380 - INFO - Batch num: 10, Task 0 acc: 82.2784, Batch num: 10, Task 1 acc: 52.6845, Batch num: 10, Task 2 acc: 28.7087, Batch num: 10, Task 3 acc: 48.7911, Task avg acc:53.1157
2024-05-29 12:27:57,639 - INFO - Batch num: 20, Task 0 acc: 81.5210, Batch num: 20, Task 1 acc: 52.1941, Batch num: 20, Task 2 acc: 27.9813, Batch num: 20, Task 3 acc: 49.2681, Task avg acc:52.7412
2024-05-29 12:28:07,865 - INFO - Batch num: 30, Task 0 acc: 84.9888, Batch num: 30, Task 1 acc: 51.5625, Batch num: 30, Task 2 acc: 27.7748, Batch num: 30, Task 3 acc: 52.5247, Task avg acc:54.2127
2024-05-29 12:28:18,693 - INFO - Batch num: 40, Task 0 acc: 84.3112, Batch num: 40, Task 1 acc: 53.1749, Batch num: 40, Task 2 acc: 26.0506, Batch num: 40, Task 3 acc: 60.5345, Task avg acc:56.0178
2024-05-29 12:28:30,046 - INFO - Batch num: 50, Task 0 acc: 83.9844, Batch num: 50, Task 1 acc: 54.1639, Batch num: 50, Task 2 acc: 24.1110, Batch num: 50, Task 3 acc: 66.3898, Task avg acc:57.1623
2024-05-29 12:28:41,379 - INFO - Batch num: 60, Task 0 acc: 84.1518, Batch num: 60, Task 1 acc: 52.4767, Batch num: 60, Task 2 acc: 28.3495, Batch num: 60, Task 3 acc: 64.4490, Task avg acc:57.3568
2024-05-29 12:28:52,735 - INFO - Batch num: 70, Task 0 acc: 82.8045, Batch num: 70, Task 1 acc: 51.4545, Batch num: 70, Task 2 acc: 30.9716, Batch num: 70, Task 3 acc: 60.9704, Task avg acc:56.5503
2024-05-29 12:29:04,174 - INFO - Batch num: 80, Task 0 acc: 84.8055, Batch num: 80, Task 1 acc: 50.6400, Batch num: 80, Task 2 acc: 28.5560, Batch num: 80, Task 3 acc: 62.0970, Task avg acc:56.5246
2024-05-29 12:29:14,904 - INFO - Batch num: 90, Task 0 acc: 86.4557, Batch num: 90, Task 1 acc: 51.3381, Batch num: 90, Task 2 acc: 29.4181, Batch num: 90, Task 3 acc: 63.3717, Task avg acc:57.6459
2024-05-29 12:29:15,038 - INFO - Epoch 2
2024-05-29 12:29:24,618 - INFO - Batch num: 0, Task 0 acc: 85.9614, Batch num: 0, Task 1 acc: 51.2301, Batch num: 0, Task 2 acc: 28.6997, Batch num: 0, Task 3 acc: 63.2566, Task avg acc:57.2869
2024-05-29 12:29:34,860 - INFO - Batch num: 10, Task 0 acc: 85.5469, Batch num: 10, Task 1 acc: 49.8338, Batch num: 10, Task 2 acc: 29.5887, Batch num: 10, Task 3 acc: 65.6826, Task avg acc:57.6630
2024-05-29 12:29:44,461 - INFO - Batch num: 20, Task 0 acc: 83.5858, Batch num: 20, Task 1 acc: 49.1855, Batch num: 20, Task 2 acc: 30.6304, Batch num: 20, Task 3 acc: 67.3355, Task avg acc:57.6843
2024-05-29 12:29:55,926 - INFO - Batch num: 30, Task 0 acc: 80.9550, Batch num: 30, Task 1 acc: 49.3850, Batch num: 30, Task 2 acc: 29.5708, Batch num: 30, Task 3 acc: 67.0312, Task avg acc:56.7355
2024-05-29 12:30:07,424 - INFO - Batch num: 40, Task 0 acc: 80.9391, Batch num: 40, Task 1 acc: 49.4016, Batch num: 40, Task 2 acc: 30.1634, Batch num: 40, Task 3 acc: 66.9243, Task avg acc:56.8571
2024-05-29 12:30:17,695 - INFO - Batch num: 50, Task 0 acc: 81.9436, Batch num: 50, Task 1 acc: 49.7091, Batch num: 50, Task 2 acc: 31.4116, Batch num: 50, Task 3 acc: 68.1990, Task avg acc:57.8158
2024-05-29 12:30:28,358 - INFO - Batch num: 60, Task 0 acc: 83.0517, Batch num: 60, Task 1 acc: 49.9501, Batch num: 60, Task 2 acc: 31.9235, Batch num: 60, Task 3 acc: 69.3997, Task avg acc:58.5812
2024-05-29 12:30:39,130 - INFO - Batch num: 70, Task 0 acc: 82.7647, Batch num: 70, Task 1 acc: 47.3238, Batch num: 70, Task 2 acc: 32.6419, Batch num: 70, Task 3 acc: 68.3882, Task avg acc:57.7796
2024-05-29 12:30:49,843 - INFO - Batch num: 80, Task 0 acc: 85.0765, Batch num: 80, Task 1 acc: 47.3487, Batch num: 80, Task 2 acc: 31.6541, Batch num: 80, Task 3 acc: 70.1480, Task avg acc:58.5568
2024-05-29 12:31:01,093 - INFO - Batch num: 90, Task 0 acc: 85.4034, Batch num: 90, Task 1 acc: 45.5369, Batch num: 90, Task 2 acc: 29.9210, Batch num: 90, Task 3 acc: 70.0576, Task avg acc:57.7297
2024-05-29 12:31:01,260 - INFO - Epoch 3
2024-05-29 12:31:11,369 - INFO - Batch num: 0, Task 0 acc: 85.6904, Batch num: 0, Task 1 acc: 43.8580, Batch num: 0, Task 2 acc: 29.2654, Batch num: 0, Task 3 acc: 69.1776, Task avg acc:56.9979
2024-05-29 12:31:21,762 - INFO - Batch num: 10, Task 0 acc: 85.2838, Batch num: 10, Task 1 acc: 45.6865, Batch num: 10, Task 2 acc: 29.7773, Batch num: 10, Task 3 acc: 70.7072, Task avg acc:57.8637
2024-05-29 12:31:32,289 - INFO - Batch num: 20, Task 0 acc: 85.7940, Batch num: 20, Task 1 acc: 47.1493, Batch num: 20, Task 2 acc: 32.0851, Batch num: 20, Task 3 acc: 73.8322, Task avg acc:59.7152
2024-05-29 12:31:43,704 - INFO - Batch num: 30, Task 0 acc: 85.8259, Batch num: 30, Task 1 acc: 48.5954, Batch num: 30, Task 2 acc: 33.3782, Batch num: 30, Task 3 acc: 74.5559, Task avg acc:60.5889
2024-05-29 12:31:53,988 - INFO - Batch num: 40, Task 0 acc: 85.3635, Batch num: 40, Task 1 acc: 46.6090, Batch num: 40, Task 2 acc: 32.8394, Batch num: 40, Task 3 acc: 75.5263, Task avg acc:60.0846
2024-05-29 12:32:04,326 - INFO - Batch num: 50, Task 0 acc: 86.0332, Batch num: 50, Task 1 acc: 46.6672, Batch num: 50, Task 2 acc: 32.8125, Batch num: 50, Task 3 acc: 77.2780, Task avg acc:60.6977
2024-05-29 12:32:14,480 - INFO - Batch num: 60, Task 0 acc: 85.1084, Batch num: 60, Task 1 acc: 46.0854, Batch num: 60, Task 2 acc: 33.2256, Batch num: 60, Task 3 acc: 76.8750, Task avg acc:60.3236
2024-05-29 12:32:25,718 - INFO - Batch num: 70, Task 0 acc: 84.9490, Batch num: 70, Task 1 acc: 45.1297, Batch num: 70, Task 2 acc: 34.4648, Batch num: 70, Task 3 acc: 76.9161, Task avg acc:60.3649
2024-05-29 12:32:37,156 - INFO - Batch num: 80, Task 0 acc: 85.7143, Batch num: 80, Task 1 acc: 44.5229, Batch num: 80, Task 2 acc: 34.2493, Batch num: 80, Task 3 acc: 77.5822, Task avg acc:60.5172
2024-05-29 12:32:47,462 - INFO - Batch num: 90, Task 0 acc: 87.3087, Batch num: 90, Task 1 acc: 43.3261, Batch num: 90, Task 2 acc: 36.0722, Batch num: 90, Task 3 acc: 76.2171, Task avg acc:60.7310
2024-05-29 12:32:47,611 - INFO - ##########Task 4##########
2024-05-29 12:32:47,611 - INFO - Epoch 0
2024-05-29 12:33:00,298 - INFO - Batch num: 0, Task 0 acc: 87.3804, Batch num: 0, Task 1 acc: 44.4232, Batch num: 0, Task 2 acc: 38.9547, Batch num: 0, Task 3 acc: 74.1941, Batch num: 0, Task 4 acc: 0.0085, Task avg acc:48.9922
2024-05-29 12:33:14,600 - INFO - Batch num: 10, Task 0 acc: 92.8093, Batch num: 10, Task 1 acc: 48.6287, Batch num: 10, Task 2 acc: 36.0093, Batch num: 10, Task 3 acc: 62.7138, Batch num: 10, Task 4 acc: 0.0340, Task avg acc:48.0390
2024-05-29 12:33:27,275 - INFO - Batch num: 20, Task 0 acc: 93.3992, Batch num: 20, Task 1 acc: 50.9807, Batch num: 20, Task 2 acc: 37.3653, Batch num: 20, Task 3 acc: 62.9605, Batch num: 20, Task 4 acc: 0.0764, Task avg acc:48.9564
2024-05-29 12:33:40,139 - INFO - Batch num: 30, Task 0 acc: 92.9369, Batch num: 30, Task 1 acc: 52.6346, Batch num: 30, Task 2 acc: 38.7033, Batch num: 30, Task 3 acc: 62.6398, Batch num: 30, Task 4 acc: 0.2632, Task avg acc:49.4356
2024-05-29 12:33:53,661 - INFO - Batch num: 40, Task 0 acc: 92.2513, Batch num: 40, Task 1 acc: 53.5156, Batch num: 40, Task 2 acc: 36.8265, Batch num: 40, Task 3 acc: 60.2467, Batch num: 40, Task 4 acc: 0.5944, Task avg acc:48.6869
2024-05-29 12:34:06,527 - INFO - Batch num: 50, Task 0 acc: 90.0430, Batch num: 50, Task 1 acc: 49.2686, Batch num: 50, Task 2 acc: 33.3693, Batch num: 50, Task 3 acc: 56.9572, Batch num: 50, Task 4 acc: 0.5265, Task avg acc:46.0329
2024-05-29 12:34:21,281 - INFO - Batch num: 60, Task 0 acc: 89.7640, Batch num: 60, Task 1 acc: 46.1935, Batch num: 60, Task 2 acc: 32.4353, Batch num: 60, Task 3 acc: 59.0543, Batch num: 60, Task 4 acc: 1.0275, Task avg acc:45.6949
2024-05-29 12:34:34,129 - INFO - Batch num: 70, Task 0 acc: 91.3823, Batch num: 70, Task 1 acc: 45.6034, Batch num: 70, Task 2 acc: 31.8337, Batch num: 70, Task 3 acc: 59.2105, Batch num: 70, Task 4 acc: 2.0380, Task avg acc:46.0136
2024-05-29 12:34:48,160 - INFO - Batch num: 80, Task 0 acc: 92.0679, Batch num: 80, Task 1 acc: 46.3680, Batch num: 80, Task 2 acc: 31.8876, Batch num: 80, Task 3 acc: 52.0888, Batch num: 80, Task 4 acc: 2.4966, Task avg acc:44.9818
2024-05-29 12:35:01,046 - INFO - Batch num: 90, Task 0 acc: 92.8093, Batch num: 90, Task 1 acc: 48.5123, Batch num: 90, Task 2 acc: 34.2672, Batch num: 90, Task 3 acc: 49.2270, Batch num: 90, Task 4 acc: 2.4796, Task avg acc:45.4591
2024-05-29 12:35:01,086 - INFO - Epoch 1
2024-05-29 12:35:13,692 - INFO - Batch num: 0, Task 0 acc: 92.5143, Batch num: 0, Task 1 acc: 49.5595, Batch num: 0, Task 2 acc: 34.1774, Batch num: 0, Task 3 acc: 48.9720, Batch num: 0, Task 4 acc: 2.5136, Task avg acc:45.5474
2024-05-29 12:35:27,100 - INFO - Batch num: 10, Task 0 acc: 91.2229, Batch num: 10, Task 1 acc: 51.2633, Batch num: 10, Task 2 acc: 32.9113, Batch num: 10, Task 3 acc: 53.7664, Batch num: 10, Task 4 acc: 3.2439, Task avg acc:46.4816
2024-05-29 12:35:40,031 - INFO - Batch num: 20, Task 0 acc: 90.9040, Batch num: 20, Task 1 acc: 53.3328, Batch num: 20, Task 2 acc: 29.7863, Batch num: 20, Task 3 acc: 55.7072, Batch num: 20, Task 4 acc: 2.7853, Task avg acc:46.5031
2024-05-29 12:35:52,782 - INFO - Batch num: 30, Task 0 acc: 91.2787, Batch num: 30, Task 1 acc: 52.5017, Batch num: 30, Task 2 acc: 32.6329, Batch num: 30, Task 3 acc: 55.7155, Batch num: 30, Task 4 acc: 3.3033, Task avg acc:47.0864
2024-05-29 12:36:05,896 - INFO - Batch num: 40, Task 0 acc: 91.5019, Batch num: 40, Task 1 acc: 51.7537, Batch num: 40, Task 2 acc: 32.0582, Batch num: 40, Task 3 acc: 54.8026, Batch num: 40, Task 4 acc: 2.8872, Task avg acc:46.6007
2024-05-29 12:36:19,884 - INFO - Batch num: 50, Task 0 acc: 91.3903, Batch num: 50, Task 1 acc: 49.5180, Batch num: 50, Task 2 acc: 31.9415, Batch num: 50, Task 3 acc: 50.3207, Batch num: 50, Task 4 acc: 2.3947, Task avg acc:45.1130
2024-05-29 12:36:32,667 - INFO - Batch num: 60, Task 0 acc: 91.2707, Batch num: 60, Task 1 acc: 48.8032, Batch num: 60, Task 2 acc: 35.0575, Batch num: 60, Task 3 acc: 46.9079, Batch num: 60, Task 4 acc: 2.2334, Task avg acc:44.8545
2024-05-29 12:36:45,428 - INFO - Batch num: 70, Task 0 acc: 91.7969, Batch num: 70, Task 1 acc: 45.5701, Batch num: 70, Task 2 acc: 35.2101, Batch num: 70, Task 3 acc: 46.1431, Batch num: 70, Task 4 acc: 2.4541, Task avg acc:44.2349
2024-05-29 12:36:58,797 - INFO - Batch num: 80, Task 0 acc: 91.9324, Batch num: 80, Task 1 acc: 45.6699, Batch num: 80, Task 2 acc: 34.2942, Batch num: 80, Task 3 acc: 46.0362, Batch num: 80, Task 4 acc: 2.6410, Task avg acc:44.1147
2024-05-29 12:37:13,167 - INFO - Batch num: 90, Task 0 acc: 92.6180, Batch num: 90, Task 1 acc: 50.9392, Batch num: 90, Task 2 acc: 30.2981, Batch num: 90, Task 3 acc: 46.3816, Batch num: 90, Task 4 acc: 3.9912, Task avg acc:44.8456
2024-05-29 12:37:13,211 - INFO - Epoch 2
2024-05-29 12:37:27,245 - INFO - Batch num: 0, Task 0 acc: 92.3868, Batch num: 0, Task 1 acc: 51.3880, Batch num: 0, Task 2 acc: 30.0198, Batch num: 0, Task 3 acc: 46.2336, Batch num: 0, Task 4 acc: 4.1695, Task avg acc:44.8395
2024-05-29 12:37:40,406 - INFO - Batch num: 10, Task 0 acc: 91.3744, Batch num: 10, Task 1 acc: 51.7537, Batch num: 10, Task 2 acc: 26.4907, Batch num: 10, Task 3 acc: 46.7516, Batch num: 10, Task 4 acc: 4.3224, Task avg acc:44.1385
2024-05-29 12:37:54,957 - INFO - Batch num: 20, Task 0 acc: 90.5612, Batch num: 20, Task 1 acc: 50.3574, Batch num: 20, Task 2 acc: 29.6516, Batch num: 20, Task 3 acc: 48.0921, Batch num: 20, Task 4 acc: 3.5241, Task avg acc:44.4373
2024-05-29 12:38:09,294 - INFO - Batch num: 30, Task 0 acc: 91.2548, Batch num: 30, Task 1 acc: 49.5346, Batch num: 30, Task 2 acc: 30.7651, Batch num: 30, Task 3 acc: 48.3964, Batch num: 30, Task 4 acc: 3.9827, Task avg acc:44.7867
2024-05-29 12:38:23,371 - INFO - Batch num: 40, Task 0 acc: 91.2468, Batch num: 40, Task 1 acc: 49.6426, Batch num: 40, Task 2 acc: 31.7349, Batch num: 40, Task 3 acc: 49.5230, Batch num: 40, Task 4 acc: 4.3139, Task avg acc:45.2922
2024-05-29 12:38:37,029 - INFO - Batch num: 50, Task 0 acc: 90.0351, Batch num: 50, Task 1 acc: 48.9362, Batch num: 50, Task 2 acc: 32.3725, Batch num: 50, Task 3 acc: 51.0115, Batch num: 50, Task 4 acc: 4.7300, Task avg acc:45.4170
2024-05-29 12:38:49,997 - INFO - Batch num: 60, Task 0 acc: 90.4895, Batch num: 60, Task 1 acc: 47.9887, Batch num: 60, Task 2 acc: 31.5553, Batch num: 60, Task 3 acc: 53.1497, Batch num: 60, Task 4 acc: 4.3054, Task avg acc:45.4977
2024-05-29 12:39:02,974 - INFO - Batch num: 70, Task 0 acc: 89.1024, Batch num: 70, Task 1 acc: 46.7171, Batch num: 70, Task 2 acc: 31.6900, Batch num: 70, Task 3 acc: 54.4655, Batch num: 70, Task 4 acc: 4.7469, Task avg acc:45.3444
2024-05-29 12:39:16,359 - INFO - Batch num: 80, Task 0 acc: 88.1138, Batch num: 80, Task 1 acc: 47.0329, Batch num: 80, Task 2 acc: 32.2647, Batch num: 80, Task 3 acc: 55.4194, Batch num: 80, Task 4 acc: 4.5431, Task avg acc:45.4748
2024-05-29 12:39:29,484 - INFO - Batch num: 90, Task 0 acc: 88.5842, Batch num: 90, Task 1 acc: 47.7311, Batch num: 90, Task 2 acc: 33.9799, Batch num: 90, Task 3 acc: 58.5609, Batch num: 90, Task 4 acc: 5.1036, Task avg acc:46.7919
2024-05-29 12:39:29,525 - INFO - Epoch 3
2024-05-29 12:39:42,194 - INFO - Batch num: 0, Task 0 acc: 88.7755, Batch num: 0, Task 1 acc: 48.1051, Batch num: 0, Task 2 acc: 34.2313, Batch num: 0, Task 3 acc: 58.3882, Batch num: 0, Task 4 acc: 5.1376, Task avg acc:46.9275
2024-05-29 12:39:55,225 - INFO - Batch num: 10, Task 0 acc: 87.9863, Batch num: 10, Task 1 acc: 47.2573, Batch num: 10, Task 2 acc: 34.8958, Batch num: 10, Task 3 acc: 54.3997, Batch num: 10, Task 4 acc: 4.7979, Task avg acc:45.8674
2024-05-29 12:40:09,617 - INFO - Batch num: 20, Task 0 acc: 87.9464, Batch num: 20, Task 1 acc: 49.4016, Batch num: 20, Task 2 acc: 34.6354, Batch num: 20, Task 3 acc: 51.0691, Batch num: 20, Task 4 acc: 4.8319, Task avg acc:45.5769
2024-05-29 12:40:22,529 - INFO - Batch num: 30, Task 0 acc: 87.6276, Batch num: 30, Task 1 acc: 52.5100, Batch num: 30, Task 2 acc: 35.3807, Batch num: 30, Task 3 acc: 49.5559, Batch num: 30, Task 4 acc: 4.6875, Task avg acc:45.9523
2024-05-29 12:40:35,545 - INFO - Batch num: 40, Task 0 acc: 88.0820, Batch num: 40, Task 1 acc: 56.9481, Batch num: 40, Task 2 acc: 34.1505, Batch num: 40, Task 3 acc: 47.5247, Batch num: 40, Task 4 acc: 4.7385, Task avg acc:46.2887
2024-05-29 12:40:48,930 - INFO - Batch num: 50, Task 0 acc: 86.9659, Batch num: 50, Task 1 acc: 55.9176, Batch num: 50, Task 2 acc: 32.7945, Batch num: 50, Task 3 acc: 46.7845, Batch num: 50, Task 4 acc: 5.4942, Task avg acc:45.5913
2024-05-29 12:41:01,882 - INFO - Batch num: 60, Task 0 acc: 88.8473, Batch num: 60, Task 1 acc: 53.2247, Batch num: 60, Task 2 acc: 33.5129, Batch num: 60, Task 3 acc: 49.0214, Batch num: 60, Task 4 acc: 6.4793, Task avg acc:46.2171
2024-05-29 12:41:14,832 - INFO - Batch num: 70, Task 0 acc: 89.9713, Batch num: 70, Task 1 acc: 52.2440, Batch num: 70, Task 2 acc: 34.7073, Batch num: 70, Task 3 acc: 49.5888, Batch num: 70, Task 4 acc: 7.3030, Task avg acc:46.7629
2024-05-29 12:41:27,819 - INFO - Batch num: 80, Task 0 acc: 89.5010, Batch num: 80, Task 1 acc: 51.2799, Batch num: 80, Task 2 acc: 32.6598, Batch num: 80, Task 3 acc: 47.5740, Batch num: 80, Task 4 acc: 6.4453, Task avg acc:45.4920
2024-05-29 12:41:40,824 - INFO - Batch num: 90, Task 0 acc: 89.3415, Batch num: 90, Task 1 acc: 49.9751, Batch num: 90, Task 2 acc: 33.0819, Batch num: 90, Task 3 acc: 48.1579, Batch num: 90, Task 4 acc: 6.9209, Task avg acc:45.4954
