2024-05-29 00:28:41,182 - INFO - ##########Task 0##########
2024-05-29 00:28:41,183 - INFO - Epoch 0
2024-05-29 00:28:43,834 - INFO - Batch num: 0, Task 0 acc: 0.0000, Task avg acc:0.0000
2024-05-29 00:28:46,601 - INFO - Batch num: 10, Task 0 acc: 19.2682, Task avg acc:19.2682
2024-05-29 00:28:49,307 - INFO - Batch num: 20, Task 0 acc: 68.4710, Task avg acc:68.4710
2024-05-29 00:28:52,062 - INFO - Batch num: 30, Task 0 acc: 89.1103, Task avg acc:89.1103
2024-05-29 00:28:54,819 - INFO - Batch num: 40, Task 0 acc: 92.1078, Task avg acc:92.1078
2024-05-29 00:28:57,498 - INFO - Batch num: 50, Task 0 acc: 91.3584, Task avg acc:91.3584
2024-05-29 00:29:00,292 - INFO - Batch num: 60, Task 0 acc: 92.4346, Task avg acc:92.4346
2024-05-29 00:29:02,988 - INFO - Batch num: 70, Task 0 acc: 93.9732, Task avg acc:93.9732
2024-05-29 00:29:05,754 - INFO - Batch num: 80, Task 0 acc: 94.6269, Task avg acc:94.6269
2024-05-29 00:29:08,435 - INFO - Batch num: 90, Task 0 acc: 93.7819, Task avg acc:93.7819
2024-05-29 00:29:08,647 - INFO - Epoch 1
2024-05-29 00:29:11,119 - INFO - Batch num: 0, Task 0 acc: 92.7535, Task avg acc:92.7535
2024-05-29 00:29:13,803 - INFO - Batch num: 10, Task 0 acc: 92.1476, Task avg acc:92.1476
2024-05-29 00:29:16,569 - INFO - Batch num: 20, Task 0 acc: 93.8935, Task avg acc:93.8935
2024-05-29 00:29:19,253 - INFO - Batch num: 30, Task 0 acc: 94.9059, Task avg acc:94.9059
2024-05-29 00:29:21,924 - INFO - Batch num: 40, Task 0 acc: 94.6110, Task avg acc:94.6110
2024-05-29 00:29:24,689 - INFO - Batch num: 50, Task 0 acc: 95.7270, Task avg acc:95.7270
2024-05-29 00:29:27,368 - INFO - Batch num: 60, Task 0 acc: 96.3568, Task avg acc:96.3568
2024-05-29 00:29:30,152 - INFO - Batch num: 70, Task 0 acc: 96.5561, Task avg acc:96.5561
2024-05-29 00:29:32,836 - INFO - Batch num: 80, Task 0 acc: 96.0300, Task avg acc:96.0300
2024-05-29 00:29:35,525 - INFO - Batch num: 90, Task 0 acc: 96.1974, Task avg acc:96.1974
2024-05-29 00:29:35,734 - INFO - Epoch 2
2024-05-29 00:29:38,237 - INFO - Batch num: 0, Task 0 acc: 96.8033, Task avg acc:96.8033
2024-05-29 00:29:40,914 - INFO - Batch num: 10, Task 0 acc: 96.9069, Task avg acc:96.9069
2024-05-29 00:29:43,691 - INFO - Batch num: 20, Task 0 acc: 96.6916, Task avg acc:96.6916
2024-05-29 00:29:46,371 - INFO - Batch num: 30, Task 0 acc: 97.4729, Task avg acc:97.4729
2024-05-29 00:29:49,157 - INFO - Batch num: 40, Task 0 acc: 97.2975, Task avg acc:97.2975
2024-05-29 00:29:51,835 - INFO - Batch num: 50, Task 0 acc: 96.9786, Task avg acc:96.9786
2024-05-29 00:29:54,617 - INFO - Batch num: 60, Task 0 acc: 96.8989, Task avg acc:96.8989
2024-05-29 00:29:57,309 - INFO - Batch num: 70, Task 0 acc: 97.0185, Task avg acc:97.0185
2024-05-29 00:30:00,071 - INFO - Batch num: 80, Task 0 acc: 96.7235, Task avg acc:96.7235
2024-05-29 00:30:02,747 - INFO - Batch num: 90, Task 0 acc: 96.3648, Task avg acc:96.3648
2024-05-29 00:30:02,956 - INFO - Epoch 3
2024-05-29 00:30:05,443 - INFO - Batch num: 0, Task 0 acc: 96.4525, Task avg acc:96.4525
2024-05-29 00:30:08,133 - INFO - Batch num: 10, Task 0 acc: 95.9582, Task avg acc:95.9582
2024-05-29 00:30:10,905 - INFO - Batch num: 20, Task 0 acc: 96.2691, Task avg acc:96.2691
2024-05-29 00:30:13,585 - INFO - Batch num: 30, Task 0 acc: 96.7793, Task avg acc:96.7793
2024-05-29 00:30:16,355 - INFO - Batch num: 40, Task 0 acc: 96.6040, Task avg acc:96.6040
2024-05-29 00:30:19,030 - INFO - Batch num: 50, Task 0 acc: 96.5800, Task avg acc:96.5800
2024-05-29 00:30:21,800 - INFO - Batch num: 60, Task 0 acc: 96.8112, Task avg acc:96.8112
2024-05-29 00:30:24,503 - INFO - Batch num: 70, Task 0 acc: 96.7873, Task avg acc:96.7873
2024-05-29 00:30:27,271 - INFO - Batch num: 80, Task 0 acc: 96.1814, Task avg acc:96.1814
2024-05-29 00:30:29,959 - INFO - Batch num: 90, Task 0 acc: 96.4047, Task avg acc:96.4047
2024-05-29 00:30:30,179 - INFO - ##########Task 1##########
2024-05-29 00:30:30,179 - INFO - Epoch 0
2024-05-29 00:30:34,889 - INFO - Batch num: 0, Task 0 acc: 96.1655, Batch num: 0, Task 1 acc: 4.3301, Task avg acc:50.2478
2024-05-29 00:30:39,907 - INFO - Batch num: 10, Task 0 acc: 93.4232, Batch num: 10, Task 1 acc: 13.5140, Task avg acc:53.4686
2024-05-29 00:30:44,874 - INFO - Batch num: 20, Task 0 acc: 90.7924, Batch num: 20, Task 1 acc: 39.1373, Task avg acc:64.9649
2024-05-29 00:30:49,960 - INFO - Batch num: 30, Task 0 acc: 87.2290, Batch num: 30, Task 1 acc: 57.7876, Task avg acc:72.5083
2024-05-29 00:30:54,924 - INFO - Batch num: 40, Task 0 acc: 85.2997, Batch num: 40, Task 1 acc: 67.2374, Task avg acc:76.2686
2024-05-29 00:30:59,934 - INFO - Batch num: 50, Task 0 acc: 83.5061, Batch num: 50, Task 1 acc: 70.2045, Task avg acc:76.8553
2024-05-29 00:31:04,963 - INFO - Batch num: 60, Task 0 acc: 80.5086, Batch num: 60, Task 1 acc: 76.9282, Task avg acc:78.7184
2024-05-29 00:31:09,930 - INFO - Batch num: 70, Task 0 acc: 77.4155, Batch num: 70, Task 1 acc: 83.6270, Task avg acc:80.5212
2024-05-29 00:31:14,992 - INFO - Batch num: 80, Task 0 acc: 76.2915, Batch num: 80, Task 1 acc: 84.3833, Task avg acc:80.3374
2024-05-29 00:31:19,939 - INFO - Batch num: 90, Task 0 acc: 74.6333, Batch num: 90, Task 1 acc: 85.6799, Task avg acc:80.1566
2024-05-29 00:31:20,033 - INFO - Epoch 1
2024-05-29 00:31:24,725 - INFO - Batch num: 0, Task 0 acc: 74.7130, Batch num: 0, Task 1 acc: 86.0040, Task avg acc:80.3585
2024-05-29 00:31:29,770 - INFO - Batch num: 10, Task 0 acc: 75.1196, Batch num: 10, Task 1 acc: 86.5691, Task avg acc:80.8444
2024-05-29 00:31:34,757 - INFO - Batch num: 20, Task 0 acc: 77.7184, Batch num: 20, Task 1 acc: 86.7354, Task avg acc:82.2269
2024-05-29 00:31:39,718 - INFO - Batch num: 30, Task 0 acc: 80.5963, Batch num: 30, Task 1 acc: 87.8324, Task avg acc:84.2144
2024-05-29 00:31:44,746 - INFO - Batch num: 40, Task 0 acc: 79.9267, Batch num: 40, Task 1 acc: 87.9987, Task avg acc:83.9627
2024-05-29 00:31:49,732 - INFO - Batch num: 50, Task 0 acc: 76.8654, Batch num: 50, Task 1 acc: 87.9987, Task avg acc:82.4321
2024-05-29 00:31:54,710 - INFO - Batch num: 60, Task 0 acc: 72.6722, Batch num: 60, Task 1 acc: 89.4282, Task avg acc:81.0502
2024-05-29 00:31:59,804 - INFO - Batch num: 70, Task 0 acc: 75.3428, Batch num: 70, Task 1 acc: 89.6941, Task avg acc:82.5185
2024-05-29 00:32:04,759 - INFO - Batch num: 80, Task 0 acc: 78.7468, Batch num: 80, Task 1 acc: 88.8797, Task avg acc:83.8132
2024-05-29 00:32:09,798 - INFO - Batch num: 90, Task 0 acc: 80.7717, Batch num: 90, Task 1 acc: 86.9099, Task avg acc:83.8408
2024-05-29 00:32:09,894 - INFO - Epoch 2
2024-05-29 00:32:14,591 - INFO - Batch num: 0, Task 0 acc: 80.5804, Batch num: 0, Task 1 acc: 86.7104, Task avg acc:83.6454
2024-05-29 00:32:19,667 - INFO - Batch num: 10, Task 0 acc: 80.6521, Batch num: 10, Task 1 acc: 86.1120, Task avg acc:83.3821
2024-05-29 00:32:24,635 - INFO - Batch num: 20, Task 0 acc: 81.9276, Batch num: 20, Task 1 acc: 86.6689, Task avg acc:84.2982
2024-05-29 00:32:29,629 - INFO - Batch num: 30, Task 0 acc: 82.2305, Batch num: 30, Task 1 acc: 87.8491, Task avg acc:85.0398
2024-05-29 00:32:34,669 - INFO - Batch num: 40, Task 0 acc: 82.8922, Batch num: 40, Task 1 acc: 89.4033, Task avg acc:86.1477
2024-05-29 00:32:39,646 - INFO - Batch num: 50, Task 0 acc: 83.1792, Batch num: 50, Task 1 acc: 89.8438, Task avg acc:86.5115
2024-05-29 00:32:44,676 - INFO - Batch num: 60, Task 0 acc: 81.8080, Batch num: 60, Task 1 acc: 89.9352, Task avg acc:85.8716
2024-05-29 00:32:49,678 - INFO - Batch num: 70, Task 0 acc: 78.7707, Batch num: 70, Task 1 acc: 91.3813, Task avg acc:85.0760
2024-05-29 00:32:54,641 - INFO - Batch num: 80, Task 0 acc: 77.0568, Batch num: 80, Task 1 acc: 92.1459, Task avg acc:84.6014
2024-05-29 00:32:59,681 - INFO - Batch num: 90, Task 0 acc: 73.3020, Batch num: 90, Task 1 acc: 92.5781, Task avg acc:82.9401
2024-05-29 00:32:59,774 - INFO - Epoch 3
2024-05-29 00:33:04,579 - INFO - Batch num: 0, Task 0 acc: 71.2372, Batch num: 0, Task 1 acc: 92.9438, Task avg acc:82.0905
2024-05-29 00:33:09,615 - INFO - Batch num: 10, Task 0 acc: 69.1486, Batch num: 10, Task 1 acc: 93.4425, Task avg acc:81.2955
2024-05-29 00:33:14,583 - INFO - Batch num: 20, Task 0 acc: 68.7420, Batch num: 20, Task 1 acc: 93.4009, Task avg acc:81.0715
2024-05-29 00:33:19,640 - INFO - Batch num: 30, Task 0 acc: 70.4002, Batch num: 30, Task 1 acc: 93.1682, Task avg acc:81.7842
2024-05-29 00:33:24,600 - INFO - Batch num: 40, Task 0 acc: 71.4923, Batch num: 40, Task 1 acc: 93.2513, Task avg acc:82.3718
2024-05-29 00:33:29,558 - INFO - Batch num: 50, Task 0 acc: 71.7554, Batch num: 50, Task 1 acc: 93.4342, Task avg acc:82.5948
2024-05-29 00:33:34,597 - INFO - Batch num: 60, Task 0 acc: 72.3533, Batch num: 60, Task 1 acc: 93.4840, Task avg acc:82.9187
2024-05-29 00:33:39,569 - INFO - Batch num: 70, Task 0 acc: 70.8227, Batch num: 70, Task 1 acc: 93.7666, Task avg acc:82.2947
2024-05-29 00:33:44,589 - INFO - Batch num: 80, Task 0 acc: 68.8696, Batch num: 80, Task 1 acc: 93.8664, Task avg acc:81.3680
2024-05-29 00:33:49,573 - INFO - Batch num: 90, Task 0 acc: 68.1202, Batch num: 90, Task 1 acc: 93.8082, Task avg acc:80.9642
2024-05-29 00:33:49,679 - INFO - ##########Task 2##########
2024-05-29 00:33:49,680 - INFO - Epoch 0
2024-05-29 00:33:56,500 - INFO - Batch num: 0, Task 0 acc: 67.4027, Batch num: 0, Task 1 acc: 93.8497, Batch num: 0, Task 2 acc: 1.1764, Task avg acc:54.1429
2024-05-29 00:34:03,697 - INFO - Batch num: 10, Task 0 acc: 76.9133, Batch num: 10, Task 1 acc: 90.2676, Batch num: 10, Task 2 acc: 8.4231, Task avg acc:58.5347
2024-05-29 00:34:10,776 - INFO - Batch num: 20, Task 0 acc: 70.7031, Batch num: 20, Task 1 acc: 87.1842, Batch num: 20, Task 2 acc: 25.9878, Task avg acc:61.2917
2024-05-29 00:34:17,874 - INFO - Batch num: 30, Task 0 acc: 55.8753, Batch num: 30, Task 1 acc: 85.8544, Batch num: 30, Task 2 acc: 39.7180, Task avg acc:60.4826
2024-05-29 00:34:25,016 - INFO - Batch num: 40, Task 0 acc: 38.5762, Batch num: 40, Task 1 acc: 82.5715, Batch num: 40, Task 2 acc: 50.6376, Task avg acc:57.2618
2024-05-29 00:34:32,089 - INFO - Batch num: 50, Task 0 acc: 29.8071, Batch num: 50, Task 1 acc: 73.2380, Batch num: 50, Task 2 acc: 66.6038, Task avg acc:56.5496
2024-05-29 00:34:39,195 - INFO - Batch num: 60, Task 0 acc: 23.0469, Batch num: 60, Task 1 acc: 61.9182, Batch num: 60, Task 2 acc: 78.2687, Task avg acc:54.4113
2024-05-29 00:34:46,361 - INFO - Batch num: 70, Task 0 acc: 16.5816, Batch num: 70, Task 1 acc: 53.9727, Batch num: 70, Task 2 acc: 84.1146, Task avg acc:51.5563
2024-05-29 00:34:53,471 - INFO - Batch num: 80, Task 0 acc: 6.8798, Batch num: 80, Task 1 acc: 38.7134, Batch num: 80, Task 2 acc: 90.4005, Task avg acc:45.3312
2024-05-29 00:34:53,652 - INFO - Epoch 1
2024-05-29 00:35:00,459 - INFO - Batch num: 0, Task 0 acc: 6.5290, Batch num: 0, Task 1 acc: 30.4521, Batch num: 0, Task 2 acc: 92.2414, Task avg acc:43.0742
2024-05-29 00:35:07,649 - INFO - Batch num: 10, Task 0 acc: 8.0596, Batch num: 10, Task 1 acc: 32.2390, Batch num: 10, Task 2 acc: 90.6160, Task avg acc:43.6382
2024-05-29 00:35:14,735 - INFO - Batch num: 20, Task 0 acc: 11.4158, Batch num: 20, Task 1 acc: 32.9122, Batch num: 20, Task 2 acc: 89.0625, Task avg acc:44.4635
2024-05-29 00:35:21,818 - INFO - Batch num: 30, Task 0 acc: 11.0810, Batch num: 30, Task 1 acc: 32.7211, Batch num: 30, Task 2 acc: 89.1433, Task avg acc:44.3151
2024-05-29 00:35:28,957 - INFO - Batch num: 40, Task 0 acc: 14.9394, Batch num: 40, Task 1 acc: 33.8182, Batch num: 40, Task 2 acc: 88.2723, Task avg acc:45.6766
2024-05-29 00:35:36,053 - INFO - Batch num: 50, Task 0 acc: 26.1480, Batch num: 50, Task 1 acc: 35.1895, Batch num: 50, Task 2 acc: 88.7572, Task avg acc:50.0315
2024-05-29 00:35:43,143 - INFO - Batch num: 60, Task 0 acc: 32.0312, Batch num: 60, Task 1 acc: 35.9541, Batch num: 60, Task 2 acc: 89.6552, Task avg acc:52.5468
2024-05-29 00:35:50,310 - INFO - Batch num: 70, Task 0 acc: 30.6122, Batch num: 70, Task 1 acc: 41.1403, Batch num: 70, Task 2 acc: 91.4691, Task avg acc:54.4072
2024-05-29 00:35:57,418 - INFO - Batch num: 80, Task 0 acc: 24.2825, Batch num: 80, Task 1 acc: 43.2015, Batch num: 80, Task 2 acc: 91.7744, Task avg acc:53.0861
2024-05-29 00:35:57,604 - INFO - Epoch 2
2024-05-29 00:36:04,386 - INFO - Batch num: 0, Task 0 acc: 24.0354, Batch num: 0, Task 1 acc: 45.3707, Batch num: 0, Task 2 acc: 91.1818, Task avg acc:53.5293
2024-05-29 00:36:11,523 - INFO - Batch num: 10, Task 0 acc: 24.9362, Batch num: 10, Task 1 acc: 43.2264, Batch num: 10, Task 2 acc: 90.7956, Task avg acc:52.9861
2024-05-29 00:36:18,588 - INFO - Batch num: 20, Task 0 acc: 18.1920, Batch num: 20, Task 1 acc: 37.7743, Batch num: 20, Task 2 acc: 92.4479, Task avg acc:49.4714
2024-05-29 00:36:25,649 - INFO - Batch num: 30, Task 0 acc: 14.9554, Batch num: 30, Task 1 acc: 36.3032, Batch num: 30, Task 2 acc: 93.2471, Task avg acc:48.1686
2024-05-29 00:36:32,781 - INFO - Batch num: 40, Task 0 acc: 14.0147, Batch num: 40, Task 1 acc: 38.1898, Batch num: 40, Task 2 acc: 92.8430, Task avg acc:48.3492
2024-05-29 00:36:39,885 - INFO - Batch num: 50, Task 0 acc: 12.9624, Batch num: 50, Task 1 acc: 37.7660, Batch num: 50, Task 2 acc: 93.3639, Task avg acc:48.0307
2024-05-29 00:36:47,041 - INFO - Batch num: 60, Task 0 acc: 17.3390, Batch num: 60, Task 1 acc: 36.3364, Batch num: 60, Task 2 acc: 93.2292, Task avg acc:48.9682
2024-05-29 00:36:54,151 - INFO - Batch num: 70, Task 0 acc: 19.4037, Batch num: 70, Task 1 acc: 33.7849, Batch num: 70, Task 2 acc: 94.0823, Task avg acc:49.0903
2024-05-29 00:37:01,228 - INFO - Batch num: 80, Task 0 acc: 24.5456, Batch num: 80, Task 1 acc: 31.6240, Batch num: 80, Task 2 acc: 94.2439, Task avg acc:50.1378
2024-05-29 00:37:01,434 - INFO - Epoch 3
2024-05-29 00:37:08,313 - INFO - Batch num: 0, Task 0 acc: 27.5510, Batch num: 0, Task 1 acc: 30.4189, Batch num: 0, Task 2 acc: 94.4953, Task avg acc:50.8217
2024-05-29 00:37:15,412 - INFO - Batch num: 10, Task 0 acc: 28.1011, Batch num: 10, Task 1 acc: 29.6376, Batch num: 10, Task 2 acc: 94.3068, Task avg acc:50.6818
2024-05-29 00:37:22,485 - INFO - Batch num: 20, Task 0 acc: 25.1196, Batch num: 20, Task 1 acc: 30.0366, Batch num: 20, Task 2 acc: 94.4415, Task avg acc:49.8659
2024-05-29 00:37:29,622 - INFO - Batch num: 30, Task 0 acc: 21.0220, Batch num: 30, Task 1 acc: 29.6127, Batch num: 30, Task 2 acc: 94.4415, Task avg acc:48.3587
2024-05-29 00:37:36,693 - INFO - Batch num: 40, Task 0 acc: 19.7146, Batch num: 40, Task 1 acc: 32.3554, Batch num: 40, Task 2 acc: 93.5614, Task avg acc:48.5438
2024-05-29 00:37:43,798 - INFO - Batch num: 50, Task 0 acc: 21.2133, Batch num: 50, Task 1 acc: 33.4691, Batch num: 50, Task 2 acc: 93.8218, Task avg acc:49.5014
2024-05-29 00:37:50,949 - INFO - Batch num: 60, Task 0 acc: 20.3842, Batch num: 60, Task 1 acc: 31.7736, Batch num: 60, Task 2 acc: 94.3068, Task avg acc:48.8215
2024-05-29 00:37:58,056 - INFO - Batch num: 70, Task 0 acc: 13.9589, Batch num: 70, Task 1 acc: 30.0947, Batch num: 70, Task 2 acc: 95.2317, Task avg acc:46.4284
2024-05-29 00:38:05,130 - INFO - Batch num: 80, Task 0 acc: 12.0855, Batch num: 80, Task 1 acc: 27.0944, Batch num: 80, Task 2 acc: 95.3843, Task avg acc:44.8547
2024-05-29 00:38:05,326 - INFO - ##########Task 3##########
2024-05-29 00:38:05,326 - INFO - Epoch 0
2024-05-29 00:38:14,531 - INFO - Batch num: 0, Task 0 acc: 13.4965, Batch num: 0, Task 1 acc: 24.5346, Batch num: 0, Task 2 acc: 95.4113, Batch num: 0, Task 3 acc: 0.0000, Task avg acc:33.3606
2024-05-29 00:38:23,931 - INFO - Batch num: 10, Task 0 acc: 14.8039, Batch num: 10, Task 1 acc: 26.4295, Batch num: 10, Task 2 acc: 93.8398, Batch num: 10, Task 3 acc: 2.8207, Task avg acc:34.4735
2024-05-29 00:38:33,313 - INFO - Batch num: 20, Task 0 acc: 11.7347, Batch num: 20, Task 1 acc: 34.2836, Batch num: 20, Task 2 acc: 89.8886, Batch num: 20, Task 3 acc: 36.9326, Task avg acc:43.2099
2024-05-29 00:38:42,768 - INFO - Batch num: 30, Task 0 acc: 6.8559, Batch num: 30, Task 1 acc: 32.2557, Batch num: 30, Task 2 acc: 87.3922, Batch num: 30, Task 3 acc: 67.1053, Task avg acc:48.4023
2024-05-29 00:38:52,168 - INFO - Batch num: 40, Task 0 acc: 5.0064, Batch num: 40, Task 1 acc: 21.9581, Batch num: 40, Task 2 acc: 85.8297, Batch num: 40, Task 3 acc: 83.0839, Task avg acc:48.9695
2024-05-29 00:39:01,522 - INFO - Batch num: 50, Task 0 acc: 5.9710, Batch num: 50, Task 1 acc: 21.8002, Batch num: 50, Task 2 acc: 82.4443, Batch num: 50, Task 3 acc: 89.1694, Task avg acc:49.8462
2024-05-29 00:39:10,983 - INFO - Batch num: 60, Task 0 acc: 8.1234, Batch num: 60, Task 1 acc: 20.3042, Batch num: 60, Task 2 acc: 80.3341, Batch num: 60, Task 3 acc: 91.5049, Task avg acc:50.0666
2024-05-29 00:39:20,362 - INFO - Batch num: 70, Task 0 acc: 9.2554, Batch num: 70, Task 1 acc: 19.8221, Batch num: 70, Task 2 acc: 81.0794, Batch num: 70, Task 3 acc: 92.0641, Task avg acc:50.5553
2024-05-29 00:39:29,714 - INFO - Batch num: 80, Task 0 acc: 8.7293, Batch num: 80, Task 1 acc: 21.8750, Batch num: 80, Task 2 acc: 78.3944, Batch num: 80, Task 3 acc: 93.5691, Task avg acc:50.6419
2024-05-29 00:39:39,138 - INFO - Batch num: 90, Task 0 acc: 7.4139, Batch num: 90, Task 1 acc: 23.3544, Batch num: 90, Task 2 acc: 74.4073, Batch num: 90, Task 3 acc: 94.4819, Task avg acc:49.9144
2024-05-29 00:39:39,259 - INFO - Epoch 1
2024-05-29 00:39:48,400 - INFO - Batch num: 0, Task 0 acc: 5.8434, Batch num: 0, Task 1 acc: 20.5535, Batch num: 0, Task 2 acc: 72.9346, Batch num: 0, Task 3 acc: 94.7286, Task avg acc:48.5150
2024-05-29 00:39:57,844 - INFO - Batch num: 10, Task 0 acc: 3.9062, Batch num: 10, Task 1 acc: 18.9162, Batch num: 10, Task 2 acc: 70.7076, Batch num: 10, Task 3 acc: 94.0954, Task avg acc:46.9064
2024-05-29 00:40:07,270 - INFO - Batch num: 20, Task 0 acc: 3.8425, Batch num: 20, Task 1 acc: 19.0160, Batch num: 20, Task 2 acc: 69.5223, Batch num: 20, Task 3 acc: 94.9013, Task avg acc:46.8205
2024-05-29 00:40:16,685 - INFO - Batch num: 30, Task 0 acc: 3.8026, Batch num: 30, Task 1 acc: 21.1602, Batch num: 30, Task 2 acc: 68.0765, Batch num: 30, Task 3 acc: 95.4112, Task avg acc:47.1126
2024-05-29 00:40:26,061 - INFO - Batch num: 40, Task 0 acc: 3.9302, Batch num: 40, Task 1 acc: 24.7756, Batch num: 40, Task 2 acc: 65.2838, Batch num: 40, Task 3 acc: 96.7023, Task avg acc:47.6730
2024-05-29 00:40:35,500 - INFO - Batch num: 50, Task 0 acc: 2.6068, Batch num: 50, Task 1 acc: 23.5206, Batch num: 50, Task 2 acc: 60.0665, Batch num: 50, Task 3 acc: 96.8668, Task avg acc:45.7652
2024-05-29 00:40:44,907 - INFO - Batch num: 60, Task 0 acc: 2.4235, Batch num: 60, Task 1 acc: 18.8664, Batch num: 60, Task 2 acc: 57.6060, Batch num: 60, Task 3 acc: 96.7023, Task avg acc:43.8995
2024-05-29 00:40:54,344 - INFO - Batch num: 70, Task 0 acc: 4.2570, Batch num: 70, Task 1 acc: 19.3401, Batch num: 70, Task 2 acc: 58.7284, Batch num: 70, Task 3 acc: 96.9655, Task avg acc:44.8228
2024-05-29 00:41:03,823 - INFO - Batch num: 80, Task 0 acc: 8.1952, Batch num: 80, Task 1 acc: 21.1021, Batch num: 80, Task 2 acc: 58.6027, Batch num: 80, Task 3 acc: 97.4753, Task avg acc:46.3438
2024-05-29 00:41:13,208 - INFO - Batch num: 90, Task 0 acc: 7.3182, Batch num: 90, Task 1 acc: 19.9717, Batch num: 90, Task 2 acc: 59.2134, Batch num: 90, Task 3 acc: 97.8289, Task avg acc:46.0831
2024-05-29 00:41:13,330 - INFO - Epoch 2
2024-05-29 00:41:22,911 - INFO - Batch num: 0, Task 0 acc: 6.1783, Batch num: 0, Task 1 acc: 18.2846, Batch num: 0, Task 2 acc: 58.4501, Batch num: 0, Task 3 acc: 97.8865, Task avg acc:45.1999
2024-05-29 00:41:33,144 - INFO - Batch num: 10, Task 0 acc: 4.3128, Batch num: 10, Task 1 acc: 15.1180, Batch num: 10, Task 2 acc: 53.6638, Batch num: 10, Task 3 acc: 97.9276, Task avg acc:42.7556
2024-05-29 00:41:42,863 - INFO - Batch num: 20, Task 0 acc: 4.1932, Batch num: 20, Task 1 acc: 15.5336, Batch num: 20, Task 2 acc: 56.7529, Batch num: 20, Task 3 acc: 98.0921, Task avg acc:43.6429
2024-05-29 00:41:52,429 - INFO - Batch num: 30, Task 0 acc: 4.3766, Batch num: 30, Task 1 acc: 17.6529, Batch num: 30, Task 2 acc: 58.3693, Batch num: 30, Task 3 acc: 97.9934, Task avg acc:44.5980
2024-05-29 00:42:01,957 - INFO - Batch num: 40, Task 0 acc: 3.0533, Batch num: 40, Task 1 acc: 18.3843, Batch num: 40, Task 2 acc: 59.9048, Batch num: 40, Task 3 acc: 98.0921, Task avg acc:44.8586
2024-05-29 00:42:11,362 - INFO - Batch num: 50, Task 0 acc: 1.9611, Batch num: 50, Task 1 acc: 18.9495, Batch num: 50, Task 2 acc: 60.0126, Batch num: 50, Task 3 acc: 98.0510, Task avg acc:44.7435
2024-05-29 00:42:20,766 - INFO - Batch num: 60, Task 0 acc: 1.4429, Batch num: 60, Task 1 acc: 19.0824, Batch num: 60, Task 2 acc: 56.7349, Batch num: 60, Task 3 acc: 98.0016, Task avg acc:43.8155
2024-05-29 00:42:30,226 - INFO - Batch num: 70, Task 0 acc: 0.9327, Batch num: 70, Task 1 acc: 16.7969, Batch num: 70, Task 2 acc: 54.6785, Batch num: 70, Task 3 acc: 98.1579, Task avg acc:42.6415
2024-05-29 00:42:39,593 - INFO - Batch num: 80, Task 0 acc: 0.4783, Batch num: 80, Task 1 acc: 16.6307, Batch num: 80, Task 2 acc: 51.3200, Batch num: 80, Task 3 acc: 98.3059, Task avg acc:41.6837
2024-05-29 00:42:48,990 - INFO - Batch num: 90, Task 0 acc: 0.4943, Batch num: 90, Task 1 acc: 16.6140, Batch num: 90, Task 2 acc: 49.8653, Batch num: 90, Task 3 acc: 98.6102, Task avg acc:41.3959
2024-05-29 00:42:49,112 - INFO - Epoch 3
2024-05-29 00:42:58,302 - INFO - Batch num: 0, Task 0 acc: 0.7414, Batch num: 0, Task 1 acc: 16.9631, Batch num: 0, Task 2 acc: 47.7101, Batch num: 0, Task 3 acc: 98.7500, Task avg acc:41.0412
2024-05-29 00:43:07,825 - INFO - Batch num: 10, Task 0 acc: 0.7095, Batch num: 10, Task 1 acc: 18.5838, Batch num: 10, Task 2 acc: 42.7892, Batch num: 10, Task 3 acc: 98.5197, Task avg acc:40.1505
2024-05-29 00:43:17,215 - INFO - Batch num: 20, Task 0 acc: 1.1081, Batch num: 20, Task 1 acc: 21.8916, Batch num: 20, Task 2 acc: 44.0733, Batch num: 20, Task 3 acc: 98.5115, Task avg acc:41.3961
2024-05-29 00:43:26,607 - INFO - Batch num: 30, Task 0 acc: 2.2082, Batch num: 30, Task 1 acc: 20.2626, Batch num: 30, Task 2 acc: 46.9738, Batch num: 30, Task 3 acc: 98.4375, Task avg acc:41.9705
2024-05-29 00:43:36,095 - INFO - Batch num: 40, Task 0 acc: 2.4633, Batch num: 40, Task 1 acc: 17.0961, Batch num: 40, Task 2 acc: 46.9379, Batch num: 40, Task 3 acc: 98.6842, Task avg acc:41.2954
2024-05-29 00:43:45,466 - INFO - Batch num: 50, Task 0 acc: 2.4235, Batch num: 50, Task 1 acc: 16.3314, Batch num: 50, Task 2 acc: 47.1534, Batch num: 50, Task 3 acc: 98.6513, Task avg acc:41.1399
2024-05-29 00:43:54,977 - INFO - Batch num: 60, Task 0 acc: 2.8619, Batch num: 60, Task 1 acc: 14.8271, Batch num: 60, Task 2 acc: 47.8987, Batch num: 60, Task 3 acc: 98.6513, Task avg acc:41.0598
2024-05-29 00:44:04,365 - INFO - Batch num: 70, Task 0 acc: 3.5874, Batch num: 70, Task 1 acc: 13.7965, Batch num: 70, Task 2 acc: 48.0873, Batch num: 70, Task 3 acc: 98.8487, Task avg acc:41.0800
2024-05-29 00:44:13,745 - INFO - Batch num: 80, Task 0 acc: 4.4882, Batch num: 80, Task 1 acc: 14.6609, Batch num: 80, Task 2 acc: 49.9282, Batch num: 80, Task 3 acc: 98.7582, Task avg acc:41.9589
2024-05-29 00:44:23,212 - INFO - Batch num: 90, Task 0 acc: 4.5759, Batch num: 90, Task 1 acc: 15.6666, Batch num: 90, Task 2 acc: 53.1519, Batch num: 90, Task 3 acc: 98.7911, Task avg acc:43.0464
2024-05-29 00:44:23,346 - INFO - ##########Task 4##########
2024-05-29 00:44:23,347 - INFO - Epoch 0
2024-05-29 00:44:34,717 - INFO - Batch num: 0, Task 0 acc: 4.3686, Batch num: 0, Task 1 acc: 16.2733, Batch num: 0, Task 2 acc: 54.3822, Batch num: 0, Task 3 acc: 98.7171, Batch num: 0, Task 4 acc: 4.5346, Task avg acc:35.6552
2024-05-29 00:44:46,352 - INFO - Batch num: 10, Task 0 acc: 1.6582, Batch num: 10, Task 1 acc: 9.7739, Batch num: 10, Task 2 acc: 51.7331, Batch num: 10, Task 3 acc: 98.0016, Batch num: 10, Task 4 acc: 26.8597, Task avg acc:37.6053
2024-05-29 00:44:58,027 - INFO - Batch num: 20, Task 0 acc: 0.1355, Batch num: 20, Task 1 acc: 4.2055, Batch num: 20, Task 2 acc: 36.9971, Batch num: 20, Task 3 acc: 97.0477, Batch num: 20, Task 4 acc: 39.3937, Task avg acc:35.5559
2024-05-29 00:45:09,666 - INFO - Batch num: 30, Task 0 acc: 0.0478, Batch num: 30, Task 1 acc: 2.2689, Batch num: 30, Task 2 acc: 22.1983, Batch num: 30, Task 3 acc: 96.1842, Batch num: 30, Task 4 acc: 50.2038, Task avg acc:34.1806
2024-05-29 00:45:21,225 - INFO - Batch num: 40, Task 0 acc: 0.0478, Batch num: 40, Task 1 acc: 4.3717, Batch num: 40, Task 2 acc: 13.8470, Batch num: 40, Task 3 acc: 93.8569, Batch num: 40, Task 4 acc: 64.4446, Task avg acc:35.3136
2024-05-29 00:45:32,899 - INFO - Batch num: 50, Task 0 acc: 0.7892, Batch num: 50, Task 1 acc: 4.2803, Batch num: 50, Task 2 acc: 9.9497, Batch num: 50, Task 3 acc: 86.9161, Batch num: 50, Task 4 acc: 75.5859, Task avg acc:35.5042
2024-05-29 00:45:44,485 - INFO - Batch num: 60, Task 0 acc: 1.6342, Batch num: 60, Task 1 acc: 4.4299, Batch num: 60, Task 2 acc: 7.6419, Batch num: 60, Task 3 acc: 81.5872, Batch num: 60, Task 4 acc: 80.9358, Task avg acc:35.2458
2024-05-29 00:45:56,161 - INFO - Batch num: 70, Task 0 acc: 4.1693, Batch num: 70, Task 1 acc: 4.8537, Batch num: 70, Task 2 acc: 8.5219, Batch num: 70, Task 3 acc: 80.2138, Batch num: 70, Task 4 acc: 82.4558, Task avg acc:36.0429
2024-05-29 00:46:07,808 - INFO - Batch num: 80, Task 0 acc: 4.6636, Batch num: 80, Task 1 acc: 5.7015, Batch num: 80, Task 2 acc: 11.7188, Batch num: 80, Task 3 acc: 70.9868, Batch num: 80, Task 4 acc: 85.1647, Task avg acc:35.6471
2024-05-29 00:46:19,411 - INFO - Batch num: 90, Task 0 acc: 2.5032, Batch num: 90, Task 1 acc: 4.0309, Batch num: 90, Task 2 acc: 11.5571, Batch num: 90, Task 3 acc: 58.0181, Batch num: 90, Task 4 acc: 89.6909, Task avg acc:33.1600
2024-05-29 00:46:19,445 - INFO - Epoch 1
2024-05-29 00:46:30,882 - INFO - Batch num: 0, Task 0 acc: 2.2162, Batch num: 0, Task 1 acc: 3.9478, Batch num: 0, Task 2 acc: 12.2486, Batch num: 0, Task 3 acc: 56.9079, Batch num: 0, Task 4 acc: 90.0815, Task avg acc:33.0804
2024-05-29 00:46:42,476 - INFO - Batch num: 10, Task 0 acc: 1.8495, Batch num: 10, Task 1 acc: 2.7593, Batch num: 10, Task 2 acc: 13.2094, Batch num: 10, Task 3 acc: 53.0345, Batch num: 10, Task 4 acc: 91.2194, Task avg acc:32.4144
2024-05-29 00:46:54,086 - INFO - Batch num: 20, Task 0 acc: 3.0851, Batch num: 20, Task 1 acc: 1.9531, Batch num: 20, Task 2 acc: 11.7188, Batch num: 20, Task 3 acc: 51.9901, Batch num: 20, Task 4 acc: 91.7459, Task avg acc:32.0986
2024-05-29 00:47:05,806 - INFO - Batch num: 30, Task 0 acc: 3.1728, Batch num: 30, Task 1 acc: 1.7370, Batch num: 30, Task 2 acc: 9.7432, Batch num: 30, Task 3 acc: 51.3076, Batch num: 30, Task 4 acc: 92.2639, Task avg acc:31.6449
2024-05-29 00:47:17,415 - INFO - Batch num: 40, Task 0 acc: 4.1773, Batch num: 40, Task 1 acc: 2.2274, Batch num: 40, Task 2 acc: 10.0934, Batch num: 40, Task 3 acc: 53.8816, Batch num: 40, Task 4 acc: 91.5421, Task avg acc:32.3844
2024-05-29 00:47:29,032 - INFO - Batch num: 50, Task 0 acc: 4.0418, Batch num: 50, Task 1 acc: 2.2773, Batch num: 50, Task 2 acc: 11.1800, Batch num: 50, Task 3 acc: 53.1743, Batch num: 50, Task 4 acc: 91.5166, Task avg acc:32.4380
2024-05-29 00:47:40,747 - INFO - Batch num: 60, Task 0 acc: 4.4244, Batch num: 60, Task 1 acc: 1.9365, Batch num: 60, Task 2 acc: 10.2550, Batch num: 60, Task 3 acc: 50.9704, Batch num: 60, Task 4 acc: 91.8478, Task avg acc:31.8868
2024-05-29 00:47:52,337 - INFO - Batch num: 70, Task 0 acc: 4.5041, Batch num: 70, Task 1 acc: 2.0695, Batch num: 70, Task 2 acc: 9.4648, Batch num: 70, Task 3 acc: 49.5395, Batch num: 70, Task 4 acc: 92.3319, Task avg acc:31.5820
2024-05-29 00:48:03,981 - INFO - Batch num: 80, Task 0 acc: 4.7194, Batch num: 80, Task 1 acc: 1.9448, Batch num: 80, Task 2 acc: 9.9048, Batch num: 80, Task 3 acc: 47.6151, Batch num: 80, Task 4 acc: 91.8308, Task avg acc:31.2030
2024-05-29 00:48:15,629 - INFO - Batch num: 90, Task 0 acc: 3.6193, Batch num: 90, Task 1 acc: 1.9864, Batch num: 90, Task 2 acc: 11.4404, Batch num: 90, Task 3 acc: 46.8257, Batch num: 90, Task 4 acc: 91.4317, Task avg acc:31.0607
2024-05-29 00:48:15,663 - INFO - Epoch 2
2024-05-29 00:48:27,017 - INFO - Batch num: 0, Task 0 acc: 3.0533, Batch num: 0, Task 1 acc: 1.9864, Batch num: 0, Task 2 acc: 11.8355, Batch num: 0, Task 3 acc: 46.4309, Batch num: 0, Task 4 acc: 91.5506, Task avg acc:30.9713
2024-05-29 00:48:38,713 - INFO - Batch num: 10, Task 0 acc: 0.8689, Batch num: 10, Task 1 acc: 2.5765, Batch num: 10, Task 2 acc: 11.4673, Batch num: 10, Task 3 acc: 44.1859, Batch num: 10, Task 4 acc: 92.3828, Task avg acc:30.2963
2024-05-29 00:48:50,314 - INFO - Batch num: 20, Task 0 acc: 0.2631, Batch num: 20, Task 1 acc: 2.3022, Batch num: 20, Task 2 acc: 11.4224, Batch num: 20, Task 3 acc: 43.0345, Batch num: 20, Task 4 acc: 92.8159, Task avg acc:29.9676
2024-05-29 00:49:01,928 - INFO - Batch num: 30, Task 0 acc: 0.1515, Batch num: 30, Task 1 acc: 2.2274, Batch num: 30, Task 2 acc: 10.2550, Batch num: 30, Task 3 acc: 43.7171, Batch num: 30, Task 4 acc: 93.2745, Task avg acc:29.9251
2024-05-29 00:49:13,637 - INFO - Batch num: 40, Task 0 acc: 0.1355, Batch num: 40, Task 1 acc: 2.2606, Batch num: 40, Task 2 acc: 9.8509, Batch num: 40, Task 3 acc: 42.9688, Batch num: 40, Task 4 acc: 93.2235, Task avg acc:29.6879
2024-05-29 00:49:25,266 - INFO - Batch num: 50, Task 0 acc: 0.0797, Batch num: 50, Task 1 acc: 2.1360, Batch num: 50, Task 2 acc: 9.0697, Batch num: 50, Task 3 acc: 42.1628, Batch num: 50, Task 4 acc: 93.0707, Task avg acc:29.3038
2024-05-29 00:49:36,869 - INFO - Batch num: 60, Task 0 acc: 0.0319, Batch num: 60, Task 1 acc: 2.7178, Batch num: 60, Task 2 acc: 8.8272, Batch num: 60, Task 3 acc: 42.8207, Batch num: 60, Task 4 acc: 92.7904, Task avg acc:29.4376
2024-05-29 00:49:48,522 - INFO - Batch num: 70, Task 0 acc: 0.0319, Batch num: 70, Task 1 acc: 3.9977, Batch num: 70, Task 2 acc: 7.9023, Batch num: 70, Task 3 acc: 44.1530, Batch num: 70, Task 4 acc: 92.6291, Task avg acc:29.7428
2024-05-29 00:50:00,149 - INFO - Batch num: 80, Task 0 acc: 0.0319, Batch num: 80, Task 1 acc: 5.3856, Batch num: 80, Task 2 acc: 8.2705, Batch num: 80, Task 3 acc: 44.2763, Batch num: 80, Task 4 acc: 91.5931, Task avg acc:29.9115
2024-05-29 00:50:11,753 - INFO - Batch num: 90, Task 0 acc: 0.0399, Batch num: 90, Task 1 acc: 4.9867, Batch num: 90, Task 2 acc: 7.8125, Batch num: 90, Task 3 acc: 44.5148, Batch num: 90, Task 4 acc: 91.7969, Task avg acc:29.8301
2024-05-29 00:50:11,788 - INFO - Epoch 3
2024-05-29 00:50:23,249 - INFO - Batch num: 0, Task 0 acc: 0.0399, Batch num: 0, Task 1 acc: 4.8454, Batch num: 0, Task 2 acc: 8.0729, Batch num: 0, Task 3 acc: 44.3421, Batch num: 0, Task 4 acc: 91.7120, Task avg acc:29.8025
2024-05-29 00:50:34,841 - INFO - Batch num: 10, Task 0 acc: 0.0558, Batch num: 10, Task 1 acc: 4.2387, Batch num: 10, Task 2 acc: 8.4680, Batch num: 10, Task 3 acc: 45.1069, Batch num: 10, Task 4 acc: 91.9837, Task avg acc:29.9706
2024-05-29 00:50:46,482 - INFO - Batch num: 20, Task 0 acc: 0.0717, Batch num: 20, Task 1 acc: 4.3966, Batch num: 20, Task 2 acc: 9.3032, Batch num: 20, Task 3 acc: 44.7697, Batch num: 20, Task 4 acc: 92.0431, Task avg acc:30.1169
2024-05-29 00:50:58,172 - INFO - Batch num: 30, Task 0 acc: 0.0558, Batch num: 30, Task 1 acc: 4.5462, Batch num: 30, Task 2 acc: 7.7945, Batch num: 30, Task 3 acc: 43.7747, Batch num: 30, Task 4 acc: 92.5866, Task avg acc:29.7516
2024-05-29 00:51:09,793 - INFO - Batch num: 40, Task 0 acc: 0.0478, Batch num: 40, Task 1 acc: 4.0392, Batch num: 40, Task 2 acc: 7.8664, Batch num: 40, Task 3 acc: 40.8306, Batch num: 40, Task 4 acc: 92.9178, Task avg acc:29.1404
2024-05-29 00:51:21,424 - INFO - Batch num: 50, Task 0 acc: 0.0558, Batch num: 50, Task 1 acc: 4.0226, Batch num: 50, Task 2 acc: 9.4917, Batch num: 50, Task 3 acc: 37.3931, Batch num: 50, Task 4 acc: 92.7140, Task avg acc:28.7354
2024-05-29 00:51:33,089 - INFO - Batch num: 60, Task 0 acc: 0.0638, Batch num: 60, Task 1 acc: 3.3910, Batch num: 60, Task 2 acc: 9.6444, Batch num: 60, Task 3 acc: 39.1036, Batch num: 60, Task 4 acc: 92.3743, Task avg acc:28.9154
2024-05-29 00:51:44,728 - INFO - Batch num: 70, Task 0 acc: 0.0717, Batch num: 70, Task 1 acc: 4.3800, Batch num: 70, Task 2 acc: 9.6264, Batch num: 70, Task 3 acc: 39.0214, Batch num: 70, Task 4 acc: 92.3573, Task avg acc:29.0914
2024-05-29 00:51:56,433 - INFO - Batch num: 80, Task 0 acc: 0.0558, Batch num: 80, Task 1 acc: 4.1473, Batch num: 80, Task 2 acc: 9.3840, Batch num: 80, Task 3 acc: 38.3553, Batch num: 80, Task 4 acc: 92.4338, Task avg acc:28.8752
2024-05-29 00:52:08,055 - INFO - Batch num: 90, Task 0 acc: 0.0239, Batch num: 90, Task 1 acc: 3.8647, Batch num: 90, Task 2 acc: 8.8362, Batch num: 90, Task 3 acc: 37.0312, Batch num: 90, Task 4 acc: 92.9857, Task avg acc:28.5484
