2024-05-29 12:41:41,185 - INFO - ##########Task 0##########
2024-05-29 12:41:41,186 - INFO - Epoch 0
2024-05-29 12:41:44,076 - INFO - Batch num: 0, Task 0 acc: 2.2082, Task avg acc:2.2082
2024-05-29 12:41:47,292 - INFO - Batch num: 10, Task 0 acc: 63.5284, Task avg acc:63.5284
2024-05-29 12:41:50,339 - INFO - Batch num: 20, Task 0 acc: 95.1291, Task avg acc:95.1291
2024-05-29 12:41:53,391 - INFO - Batch num: 30, Task 0 acc: 97.4968, Task avg acc:97.4968
2024-05-29 12:41:56,438 - INFO - Batch num: 40, Task 0 acc: 96.9388, Task avg acc:96.9388
2024-05-29 12:41:59,483 - INFO - Batch num: 50, Task 0 acc: 97.2018, Task avg acc:97.2018
2024-05-29 12:42:02,510 - INFO - Batch num: 60, Task 0 acc: 96.7793, Task avg acc:96.7793
2024-05-29 12:42:05,573 - INFO - Batch num: 70, Task 0 acc: 95.7749, Task avg acc:95.7749
2024-05-29 12:42:08,765 - INFO - Batch num: 80, Task 0 acc: 95.0893, Task avg acc:95.0893
2024-05-29 12:42:11,785 - INFO - Batch num: 90, Task 0 acc: 95.0335, Task avg acc:95.0335
2024-05-29 12:42:12,012 - INFO - Epoch 1
2024-05-29 12:42:14,875 - INFO - Batch num: 0, Task 0 acc: 95.9104, Task avg acc:95.9104
2024-05-29 12:42:18,173 - INFO - Batch num: 10, Task 0 acc: 96.3409, Task avg acc:96.3409
2024-05-29 12:42:21,506 - INFO - Batch num: 20, Task 0 acc: 96.7395, Task avg acc:96.7395
2024-05-29 12:42:24,861 - INFO - Batch num: 30, Task 0 acc: 97.1859, Task avg acc:97.1859
2024-05-29 12:42:27,938 - INFO - Batch num: 40, Task 0 acc: 96.9707, Task avg acc:96.9707
2024-05-29 12:42:30,988 - INFO - Batch num: 50, Task 0 acc: 96.9388, Task avg acc:96.9388
2024-05-29 12:42:33,985 - INFO - Batch num: 60, Task 0 acc: 96.4365, Task avg acc:96.4365
2024-05-29 12:42:36,987 - INFO - Batch num: 70, Task 0 acc: 96.8033, Task avg acc:96.8033
2024-05-29 12:42:40,034 - INFO - Batch num: 80, Task 0 acc: 96.9467, Task avg acc:96.9467
2024-05-29 12:42:43,121 - INFO - Batch num: 90, Task 0 acc: 97.4729, Task avg acc:97.4729
2024-05-29 12:42:43,374 - INFO - Epoch 2
2024-05-29 12:42:46,087 - INFO - Batch num: 0, Task 0 acc: 97.8635, Task avg acc:97.8635
2024-05-29 12:42:49,189 - INFO - Batch num: 10, Task 0 acc: 97.8874, Task avg acc:97.8874
2024-05-29 12:42:52,228 - INFO - Batch num: 20, Task 0 acc: 97.9432, Task avg acc:97.9432
2024-05-29 12:42:55,255 - INFO - Batch num: 30, Task 0 acc: 98.0150, Task avg acc:98.0150
2024-05-29 12:42:58,314 - INFO - Batch num: 40, Task 0 acc: 97.8795, Task avg acc:97.8795
2024-05-29 12:43:01,532 - INFO - Batch num: 50, Task 0 acc: 97.8715, Task avg acc:97.8715
2024-05-29 12:43:05,085 - INFO - Batch num: 60, Task 0 acc: 98.0788, Task avg acc:98.0788
2024-05-29 12:43:08,584 - INFO - Batch num: 70, Task 0 acc: 98.3976, Task avg acc:98.3976
2024-05-29 12:43:11,996 - INFO - Batch num: 80, Task 0 acc: 98.3817, Task avg acc:98.3817
2024-05-29 12:43:15,209 - INFO - Batch num: 90, Task 0 acc: 98.3418, Task avg acc:98.3418
2024-05-29 12:43:15,453 - INFO - Epoch 3
2024-05-29 12:43:18,479 - INFO - Batch num: 0, Task 0 acc: 98.3578, Task avg acc:98.3578
2024-05-29 12:43:21,874 - INFO - Batch num: 10, Task 0 acc: 98.3498, Task avg acc:98.3498
2024-05-29 12:43:25,324 - INFO - Batch num: 20, Task 0 acc: 98.2701, Task avg acc:98.2701
2024-05-29 12:43:28,780 - INFO - Batch num: 30, Task 0 acc: 98.5890, Task avg acc:98.5890
2024-05-29 12:43:32,126 - INFO - Batch num: 40, Task 0 acc: 98.4774, Task avg acc:98.4774
2024-05-29 12:43:35,543 - INFO - Batch num: 50, Task 0 acc: 98.3817, Task avg acc:98.3817
2024-05-29 12:43:38,969 - INFO - Batch num: 60, Task 0 acc: 98.5890, Task avg acc:98.5890
2024-05-29 12:43:42,349 - INFO - Batch num: 70, Task 0 acc: 98.5651, Task avg acc:98.5651
2024-05-29 12:43:45,665 - INFO - Batch num: 80, Task 0 acc: 98.3020, Task avg acc:98.3020
2024-05-29 12:43:48,999 - INFO - Batch num: 90, Task 0 acc: 98.2302, Task avg acc:98.2302
2024-05-29 12:43:49,233 - INFO - ##########Task 1##########
2024-05-29 12:43:49,235 - INFO - Epoch 0
2024-05-29 12:43:54,977 - INFO - Batch num: 0, Task 0 acc: 98.0708, Batch num: 0, Task 1 acc: 1.1303, Task avg acc:49.6006
2024-05-29 12:44:00,618 - INFO - Batch num: 10, Task 0 acc: 94.7943, Batch num: 10, Task 1 acc: 17.4867, Task avg acc:56.1405
2024-05-29 12:44:06,827 - INFO - Batch num: 20, Task 0 acc: 90.4735, Batch num: 20, Task 1 acc: 40.4089, Task avg acc:65.4412
2024-05-29 12:44:12,927 - INFO - Batch num: 30, Task 0 acc: 87.7392, Batch num: 30, Task 1 acc: 53.1749, Task avg acc:70.4570
2024-05-29 12:44:18,530 - INFO - Batch num: 40, Task 0 acc: 87.3964, Batch num: 40, Task 1 acc: 57.6297, Task avg acc:72.5130
2024-05-29 12:44:24,046 - INFO - Batch num: 50, Task 0 acc: 90.0590, Batch num: 50, Task 1 acc: 58.9262, Task avg acc:74.4926
2024-05-29 12:44:29,593 - INFO - Batch num: 60, Task 0 acc: 92.4107, Batch num: 60, Task 1 acc: 54.4465, Task avg acc:73.4286
2024-05-29 12:44:35,093 - INFO - Batch num: 70, Task 0 acc: 92.0759, Batch num: 70, Task 1 acc: 50.1247, Task avg acc:71.1003
2024-05-29 12:44:40,597 - INFO - Batch num: 80, Task 0 acc: 88.5682, Batch num: 80, Task 1 acc: 51.9697, Task avg acc:70.2690
2024-05-29 12:44:46,319 - INFO - Batch num: 90, Task 0 acc: 84.1996, Batch num: 90, Task 1 acc: 54.9202, Task avg acc:69.5599
2024-05-29 12:44:46,424 - INFO - Epoch 1
2024-05-29 12:44:52,360 - INFO - Batch num: 0, Task 0 acc: 82.2146, Batch num: 0, Task 1 acc: 56.9066, Task avg acc:69.5606
2024-05-29 12:44:58,577 - INFO - Batch num: 10, Task 0 acc: 82.7009, Batch num: 10, Task 1 acc: 59.3501, Task avg acc:71.0255
2024-05-29 12:45:04,247 - INFO - Batch num: 20, Task 0 acc: 82.3103, Batch num: 20, Task 1 acc: 63.2896, Task avg acc:72.7999
2024-05-29 12:45:09,854 - INFO - Batch num: 30, Task 0 acc: 82.4059, Batch num: 30, Task 1 acc: 66.2816, Task avg acc:74.3438
2024-05-29 12:45:15,446 - INFO - Batch num: 40, Task 0 acc: 83.4662, Batch num: 40, Task 1 acc: 68.0186, Task avg acc:75.7424
2024-05-29 12:45:20,988 - INFO - Batch num: 50, Task 0 acc: 84.4547, Batch num: 50, Task 1 acc: 68.3843, Task avg acc:76.4195
2024-05-29 12:45:26,493 - INFO - Batch num: 60, Task 0 acc: 84.9011, Batch num: 60, Task 1 acc: 65.6582, Task avg acc:75.2797
2024-05-29 12:45:32,352 - INFO - Batch num: 70, Task 0 acc: 84.5026, Batch num: 70, Task 1 acc: 66.7719, Task avg acc:75.6372
2024-05-29 12:45:38,280 - INFO - Batch num: 80, Task 0 acc: 83.0915, Batch num: 80, Task 1 acc: 68.1184, Task avg acc:75.6049
2024-05-29 12:45:44,405 - INFO - Batch num: 90, Task 0 acc: 83.1872, Batch num: 90, Task 1 acc: 70.0798, Task avg acc:76.6335
2024-05-29 12:45:44,505 - INFO - Epoch 2
2024-05-29 12:45:50,428 - INFO - Batch num: 0, Task 0 acc: 82.9959, Batch num: 0, Task 1 acc: 70.3374, Task avg acc:76.6666
2024-05-29 12:45:56,571 - INFO - Batch num: 10, Task 0 acc: 82.5096, Batch num: 10, Task 1 acc: 72.7227, Task avg acc:77.6162
2024-05-29 12:46:02,205 - INFO - Batch num: 20, Task 0 acc: 84.8055, Batch num: 20, Task 1 acc: 71.8750, Task avg acc:78.3402
2024-05-29 12:46:07,711 - INFO - Batch num: 30, Task 0 acc: 84.9490, Batch num: 30, Task 1 acc: 72.9555, Task avg acc:78.9522
2024-05-29 12:46:13,277 - INFO - Batch num: 40, Task 0 acc: 84.2315, Batch num: 40, Task 1 acc: 74.8587, Task avg acc:79.5451
2024-05-29 12:46:18,952 - INFO - Batch num: 50, Task 0 acc: 83.1075, Batch num: 50, Task 1 acc: 75.0582, Task avg acc:79.0828
2024-05-29 12:46:25,006 - INFO - Batch num: 60, Task 0 acc: 82.0312, Batch num: 60, Task 1 acc: 74.1273, Task avg acc:78.0793
2024-05-29 12:46:30,670 - INFO - Batch num: 70, Task 0 acc: 81.7124, Batch num: 70, Task 1 acc: 72.9887, Task avg acc:77.3505
2024-05-29 12:46:36,253 - INFO - Batch num: 80, Task 0 acc: 80.7318, Batch num: 80, Task 1 acc: 70.4455, Task avg acc:75.5887
2024-05-29 12:46:41,829 - INFO - Batch num: 90, Task 0 acc: 80.1897, Batch num: 90, Task 1 acc: 70.4122, Task avg acc:75.3010
2024-05-29 12:46:41,929 - INFO - Epoch 3
2024-05-29 12:46:47,328 - INFO - Batch num: 0, Task 0 acc: 79.1295, Batch num: 0, Task 1 acc: 70.1712, Task avg acc:74.6503
2024-05-29 12:46:52,863 - INFO - Batch num: 10, Task 0 acc: 79.2570, Batch num: 10, Task 1 acc: 70.7613, Task avg acc:75.0092
2024-05-29 12:46:58,566 - INFO - Batch num: 20, Task 0 acc: 79.2809, Batch num: 20, Task 1 acc: 71.6257, Task avg acc:75.4533
2024-05-29 12:47:04,417 - INFO - Batch num: 30, Task 0 acc: 80.4129, Batch num: 30, Task 1 acc: 72.4235, Task avg acc:76.4182
2024-05-29 12:47:10,492 - INFO - Batch num: 40, Task 0 acc: 80.7239, Batch num: 40, Task 1 acc: 71.9498, Task avg acc:76.3368
2024-05-29 12:47:16,771 - INFO - Batch num: 50, Task 0 acc: 82.1668, Batch num: 50, Task 1 acc: 72.0745, Task avg acc:77.1206
2024-05-29 12:47:22,447 - INFO - Batch num: 60, Task 0 acc: 80.9391, Batch num: 60, Task 1 acc: 71.1436, Task avg acc:76.0414
2024-05-29 12:47:28,016 - INFO - Batch num: 70, Task 0 acc: 80.3492, Batch num: 70, Task 1 acc: 72.5981, Task avg acc:76.4736
2024-05-29 12:47:33,534 - INFO - Batch num: 80, Task 0 acc: 79.4962, Batch num: 80, Task 1 acc: 72.8723, Task avg acc:76.1843
2024-05-29 12:47:39,336 - INFO - Batch num: 90, Task 0 acc: 79.6556, Batch num: 90, Task 1 acc: 73.4043, Task avg acc:76.5299
2024-05-29 12:47:39,451 - INFO - ##########Task 2##########
2024-05-29 12:47:39,451 - INFO - Epoch 0
2024-05-29 12:47:47,294 - INFO - Batch num: 0, Task 0 acc: 80.1658, Batch num: 0, Task 1 acc: 72.6646, Batch num: 0, Task 2 acc: 0.4490, Task avg acc:51.0931
2024-05-29 12:47:55,970 - INFO - Batch num: 10, Task 0 acc: 82.6291, Batch num: 10, Task 1 acc: 61.2367, Batch num: 10, Task 2 acc: 1.8768, Task avg acc:48.5809
2024-05-29 12:48:03,947 - INFO - Batch num: 20, Task 0 acc: 82.1907, Batch num: 20, Task 1 acc: 55.2277, Batch num: 20, Task 2 acc: 6.1602, Task avg acc:47.8595
2024-05-29 12:48:12,070 - INFO - Batch num: 30, Task 0 acc: 83.5379, Batch num: 30, Task 1 acc: 58.1782, Batch num: 30, Task 2 acc: 15.4095, Task avg acc:52.3752
2024-05-29 12:48:20,222 - INFO - Batch num: 40, Task 0 acc: 78.9541, Batch num: 40, Task 1 acc: 58.2281, Batch num: 40, Task 2 acc: 28.0981, Task avg acc:55.0934
2024-05-29 12:48:28,100 - INFO - Batch num: 50, Task 0 acc: 74.1390, Batch num: 50, Task 1 acc: 56.3580, Batch num: 50, Task 2 acc: 41.4332, Task avg acc:57.3101
2024-05-29 12:48:36,410 - INFO - Batch num: 60, Task 0 acc: 72.8635, Batch num: 60, Task 1 acc: 55.4771, Batch num: 60, Task 2 acc: 46.5427, Task avg acc:58.2944
2024-05-29 12:48:45,393 - INFO - Batch num: 70, Task 0 acc: 71.0220, Batch num: 70, Task 1 acc: 54.3634, Batch num: 70, Task 2 acc: 45.6897, Task avg acc:57.0250
2024-05-29 12:48:54,088 - INFO - Batch num: 80, Task 0 acc: 72.7599, Batch num: 80, Task 1 acc: 55.3773, Batch num: 80, Task 2 acc: 44.5941, Task avg acc:57.5771
2024-05-29 12:48:54,303 - INFO - Epoch 1
2024-05-29 12:49:02,748 - INFO - Batch num: 0, Task 0 acc: 74.1629, Batch num: 0, Task 1 acc: 52.5515, Batch num: 0, Task 2 acc: 45.5729, Task avg acc:57.4291
2024-05-29 12:49:11,372 - INFO - Batch num: 10, Task 0 acc: 72.6164, Batch num: 10, Task 1 acc: 50.5153, Batch num: 10, Task 2 acc: 49.8653, Task avg acc:57.6657
2024-05-29 12:49:20,108 - INFO - Batch num: 20, Task 0 acc: 69.3957, Batch num: 20, Task 1 acc: 48.3045, Batch num: 20, Task 2 acc: 55.9986, Task avg acc:57.8996
2024-05-29 12:49:28,901 - INFO - Batch num: 30, Task 0 acc: 69.6189, Batch num: 30, Task 1 acc: 48.4043, Batch num: 30, Task 2 acc: 55.8190, Task avg acc:57.9474
2024-05-29 12:49:37,451 - INFO - Batch num: 40, Task 0 acc: 71.2213, Batch num: 40, Task 1 acc: 50.5568, Batch num: 40, Task 2 acc: 51.4188, Task avg acc:57.7323
2024-05-29 12:49:45,446 - INFO - Batch num: 50, Task 0 acc: 71.4126, Batch num: 50, Task 1 acc: 51.8201, Batch num: 50, Task 2 acc: 51.2392, Task avg acc:58.1573
2024-05-29 12:49:53,275 - INFO - Batch num: 60, Task 0 acc: 74.4659, Batch num: 60, Task 1 acc: 51.2965, Batch num: 60, Task 2 acc: 53.5920, Task avg acc:59.7848
2024-05-29 12:50:01,177 - INFO - Batch num: 70, Task 0 acc: 77.8938, Batch num: 70, Task 1 acc: 46.3680, Batch num: 70, Task 2 acc: 54.2116, Task avg acc:59.4911
2024-05-29 12:50:09,032 - INFO - Batch num: 80, Task 0 acc: 79.4643, Batch num: 80, Task 1 acc: 42.4867, Batch num: 80, Task 2 acc: 57.8125, Task avg acc:59.9212
2024-05-29 12:50:09,232 - INFO - Epoch 2
2024-05-29 12:50:16,767 - INFO - Batch num: 0, Task 0 acc: 75.2710, Batch num: 0, Task 1 acc: 40.8245, Batch num: 0, Task 2 acc: 59.6175, Task avg acc:58.5710
2024-05-29 12:50:25,453 - INFO - Batch num: 10, Task 0 acc: 73.4056, Batch num: 10, Task 1 acc: 42.2207, Batch num: 10, Task 2 acc: 60.8657, Task avg acc:58.8307
2024-05-29 12:50:34,268 - INFO - Batch num: 20, Task 0 acc: 71.0459, Batch num: 20, Task 1 acc: 45.9441, Batch num: 20, Task 2 acc: 60.6322, Task avg acc:59.2074
2024-05-29 12:50:43,044 - INFO - Batch num: 30, Task 0 acc: 71.8192, Batch num: 30, Task 1 acc: 49.4016, Batch num: 30, Task 2 acc: 58.3603, Task avg acc:59.8604
2024-05-29 12:50:50,913 - INFO - Batch num: 40, Task 0 acc: 73.0628, Batch num: 40, Task 1 acc: 48.5206, Batch num: 40, Task 2 acc: 58.5040, Task avg acc:60.0291
2024-05-29 12:50:59,027 - INFO - Batch num: 50, Task 0 acc: 72.1620, Batch num: 50, Task 1 acc: 51.4129, Batch num: 50, Task 2 acc: 59.4379, Task avg acc:61.0042
2024-05-29 12:51:07,006 - INFO - Batch num: 60, Task 0 acc: 72.9114, Batch num: 60, Task 1 acc: 50.9225, Batch num: 60, Task 2 acc: 60.6591, Task avg acc:61.4977
2024-05-29 12:51:15,822 - INFO - Batch num: 70, Task 0 acc: 72.9911, Batch num: 70, Task 1 acc: 49.3933, Batch num: 70, Task 2 acc: 59.9228, Task avg acc:60.7690
2024-05-29 12:51:23,814 - INFO - Batch num: 80, Task 0 acc: 73.2541, Batch num: 80, Task 1 acc: 46.9415, Batch num: 80, Task 2 acc: 60.5603, Task avg acc:60.2520
2024-05-29 12:51:24,045 - INFO - Epoch 3
2024-05-29 12:51:31,593 - INFO - Batch num: 0, Task 0 acc: 71.4923, Batch num: 0, Task 1 acc: 45.8943, Batch num: 0, Task 2 acc: 62.0330, Task avg acc:59.8066
2024-05-29 12:51:39,477 - INFO - Batch num: 10, Task 0 acc: 71.9547, Batch num: 10, Task 1 acc: 45.3457, Batch num: 10, Task 2 acc: 62.2665, Task avg acc:59.8557
2024-05-29 12:51:47,557 - INFO - Batch num: 20, Task 0 acc: 71.9866, Batch num: 20, Task 1 acc: 44.8221, Batch num: 20, Task 2 acc: 62.3743, Task avg acc:59.7277
2024-05-29 12:51:55,853 - INFO - Batch num: 30, Task 0 acc: 74.2666, Batch num: 30, Task 1 acc: 43.3012, Batch num: 30, Task 2 acc: 62.4282, Task avg acc:59.9986
2024-05-29 12:52:03,699 - INFO - Batch num: 40, Task 0 acc: 74.3064, Batch num: 40, Task 1 acc: 42.3039, Batch num: 40, Task 2 acc: 62.6167, Task avg acc:59.7423
2024-05-29 12:52:11,685 - INFO - Batch num: 50, Task 0 acc: 72.2018, Batch num: 50, Task 1 acc: 41.6057, Batch num: 50, Task 2 acc: 64.2241, Task avg acc:59.3439
2024-05-29 12:52:19,592 - INFO - Batch num: 60, Task 0 acc: 72.6244, Batch num: 60, Task 1 acc: 39.1955, Batch num: 60, Task 2 acc: 66.6936, Task avg acc:59.5045
2024-05-29 12:52:27,545 - INFO - Batch num: 70, Task 0 acc: 72.2975, Batch num: 70, Task 1 acc: 37.9654, Batch num: 70, Task 2 acc: 68.8667, Task avg acc:59.7099
2024-05-29 12:52:35,535 - INFO - Batch num: 80, Task 0 acc: 72.3693, Batch num: 80, Task 1 acc: 38.3810, Batch num: 80, Task 2 acc: 68.8667, Task avg acc:59.8723
2024-05-29 12:52:35,750 - INFO - ##########Task 3##########
2024-05-29 12:52:35,750 - INFO - Epoch 0
2024-05-29 12:52:46,934 - INFO - Batch num: 0, Task 0 acc: 69.4754, Batch num: 0, Task 1 acc: 37.4501, Batch num: 0, Task 2 acc: 66.5230, Batch num: 0, Task 3 acc: 0.0000, Task avg acc:43.3621
2024-05-29 12:52:57,568 - INFO - Batch num: 10, Task 0 acc: 69.2522, Batch num: 10, Task 1 acc: 44.8055, Batch num: 10, Task 2 acc: 52.9095, Batch num: 10, Task 3 acc: 0.0164, Task avg acc:41.7459
2024-05-29 12:53:08,307 - INFO - Batch num: 20, Task 0 acc: 71.6119, Batch num: 20, Task 1 acc: 49.2021, Batch num: 20, Task 2 acc: 46.3811, Batch num: 20, Task 3 acc: 0.1069, Task avg acc:41.8255
2024-05-29 12:53:18,769 - INFO - Batch num: 30, Task 0 acc: 71.3170, Batch num: 30, Task 1 acc: 52.5515, Batch num: 30, Task 2 acc: 48.4375, Batch num: 30, Task 3 acc: 1.0115, Task avg acc:43.3294
2024-05-29 12:53:29,921 - INFO - Batch num: 40, Task 0 acc: 74.7449, Batch num: 40, Task 1 acc: 50.6067, Batch num: 40, Task 2 acc: 47.5126, Batch num: 40, Task 3 acc: 5.0247, Task avg acc:44.4722
2024-05-29 12:53:40,529 - INFO - Batch num: 50, Task 0 acc: 82.1030, Batch num: 50, Task 1 acc: 46.0439, Batch num: 50, Task 2 acc: 47.3958, Batch num: 50, Task 3 acc: 12.9605, Task avg acc:47.1258
2024-05-29 12:53:51,251 - INFO - Batch num: 60, Task 0 acc: 79.7194, Batch num: 60, Task 1 acc: 47.8308, Batch num: 60, Task 2 acc: 48.7338, Batch num: 60, Task 3 acc: 26.1924, Task avg acc:50.6191
2024-05-29 12:54:01,908 - INFO - Batch num: 70, Task 0 acc: 75.2790, Batch num: 70, Task 1 acc: 51.4794, Batch num: 70, Task 2 acc: 51.8319, Batch num: 70, Task 3 acc: 37.6480, Task avg acc:54.0596
2024-05-29 12:54:12,938 - INFO - Batch num: 80, Task 0 acc: 74.8485, Batch num: 80, Task 1 acc: 53.4907, Batch num: 80, Task 2 acc: 53.7895, Batch num: 80, Task 3 acc: 41.3898, Task avg acc:55.8796
2024-05-29 12:54:23,606 - INFO - Batch num: 90, Task 0 acc: 72.4729, Batch num: 90, Task 1 acc: 52.7178, Batch num: 90, Task 2 acc: 55.0198, Batch num: 90, Task 3 acc: 38.4211, Task avg acc:54.6579
2024-05-29 12:54:23,745 - INFO - Epoch 1
2024-05-29 12:54:33,973 - INFO - Batch num: 0, Task 0 acc: 71.4445, Batch num: 0, Task 1 acc: 51.2217, Batch num: 0, Task 2 acc: 53.9062, Batch num: 0, Task 3 acc: 37.1711, Task avg acc:53.4359
2024-05-29 12:54:44,813 - INFO - Batch num: 10, Task 0 acc: 70.7270, Batch num: 10, Task 1 acc: 51.5708, Batch num: 10, Task 2 acc: 53.1699, Batch num: 10, Task 3 acc: 36.4885, Task avg acc:52.9891
2024-05-29 12:54:55,610 - INFO - Batch num: 20, Task 0 acc: 73.6209, Batch num: 20, Task 1 acc: 53.3910, Batch num: 20, Task 2 acc: 51.8319, Batch num: 20, Task 3 acc: 33.7253, Task avg acc:53.1423
2024-05-29 12:55:07,101 - INFO - Batch num: 30, Task 0 acc: 74.1869, Batch num: 30, Task 1 acc: 54.7207, Batch num: 30, Task 2 acc: 50.1167, Batch num: 30, Task 3 acc: 38.7336, Task avg acc:54.4395
2024-05-29 12:55:18,494 - INFO - Batch num: 40, Task 0 acc: 75.9566, Batch num: 40, Task 1 acc: 52.1360, Batch num: 40, Task 2 acc: 51.3829, Batch num: 40, Task 3 acc: 42.5576, Task avg acc:55.5083
2024-05-29 12:55:29,348 - INFO - Batch num: 50, Task 0 acc: 77.6148, Batch num: 50, Task 1 acc: 51.9282, Batch num: 50, Task 2 acc: 52.7838, Batch num: 50, Task 3 acc: 47.1382, Task avg acc:57.3662
2024-05-29 12:55:39,992 - INFO - Batch num: 60, Task 0 acc: 77.6228, Batch num: 60, Task 1 acc: 52.1609, Batch num: 60, Task 2 acc: 51.2931, Batch num: 60, Task 3 acc: 46.7023, Task avg acc:56.9448
2024-05-29 12:55:51,694 - INFO - Batch num: 70, Task 0 acc: 76.9930, Batch num: 70, Task 1 acc: 52.3105, Batch num: 70, Task 2 acc: 48.2848, Batch num: 70, Task 3 acc: 47.6480, Task avg acc:56.3091
2024-05-29 12:56:03,258 - INFO - Batch num: 80, Task 0 acc: 78.0054, Batch num: 80, Task 1 acc: 51.0721, Batch num: 80, Task 2 acc: 45.5999, Batch num: 80, Task 3 acc: 50.8553, Task avg acc:56.3832
2024-05-29 12:56:14,977 - INFO - Batch num: 90, Task 0 acc: 79.5041, Batch num: 90, Task 1 acc: 47.8890, Batch num: 90, Task 2 acc: 43.0945, Batch num: 90, Task 3 acc: 47.8947, Task avg acc:54.5956
2024-05-29 12:56:15,129 - INFO - Epoch 2
2024-05-29 12:56:26,590 - INFO - Batch num: 0, Task 0 acc: 78.7787, Batch num: 0, Task 1 acc: 47.5482, Batch num: 0, Task 2 acc: 42.8341, Batch num: 0, Task 3 acc: 46.4062, Task avg acc:53.8918
2024-05-29 12:56:37,985 - INFO - Batch num: 10, Task 0 acc: 77.7025, Batch num: 10, Task 1 acc: 47.5316, Batch num: 10, Task 2 acc: 44.7108, Batch num: 10, Task 3 acc: 48.4293, Task avg acc:54.5935
2024-05-29 12:56:48,718 - INFO - Batch num: 20, Task 0 acc: 77.1923, Batch num: 20, Task 1 acc: 50.1413, Batch num: 20, Task 2 acc: 48.3387, Batch num: 20, Task 3 acc: 53.0674, Task avg acc:57.1849
2024-05-29 12:56:59,145 - INFO - Batch num: 30, Task 0 acc: 75.0399, Batch num: 30, Task 1 acc: 52.2274, Batch num: 30, Task 2 acc: 48.4555, Batch num: 30, Task 3 acc: 51.9243, Task avg acc:56.9118
2024-05-29 12:57:09,777 - INFO - Batch num: 40, Task 0 acc: 71.9228, Batch num: 40, Task 1 acc: 52.2274, Batch num: 40, Task 2 acc: 49.3983, Batch num: 40, Task 3 acc: 47.5822, Task avg acc:55.2827
2024-05-29 12:57:20,941 - INFO - Batch num: 50, Task 0 acc: 72.9751, Batch num: 50, Task 1 acc: 55.0199, Batch num: 50, Task 2 acc: 47.9885, Batch num: 50, Task 3 acc: 48.5115, Task avg acc:56.1238
2024-05-29 12:57:31,539 - INFO - Batch num: 60, Task 0 acc: 73.1983, Batch num: 60, Task 1 acc: 56.1669, Batch num: 60, Task 2 acc: 46.8301, Batch num: 60, Task 3 acc: 49.0789, Task avg acc:56.3186
2024-05-29 12:57:42,388 - INFO - Batch num: 70, Task 0 acc: 74.0832, Batch num: 70, Task 1 acc: 54.8870, Batch num: 70, Task 2 acc: 45.1149, Batch num: 70, Task 3 acc: 48.1661, Task avg acc:55.5628
2024-05-29 12:57:52,870 - INFO - Batch num: 80, Task 0 acc: 75.1913, Batch num: 80, Task 1 acc: 54.5047, Batch num: 80, Task 2 acc: 45.0880, Batch num: 80, Task 3 acc: 49.0296, Task avg acc:55.9534
2024-05-29 12:58:03,496 - INFO - Batch num: 90, Task 0 acc: 75.8610, Batch num: 90, Task 1 acc: 54.6293, Batch num: 90, Task 2 acc: 44.5312, Batch num: 90, Task 3 acc: 49.6875, Task avg acc:56.1773
2024-05-29 12:58:03,636 - INFO - Epoch 3
2024-05-29 12:58:15,084 - INFO - Batch num: 0, Task 0 acc: 74.7050, Batch num: 0, Task 1 acc: 53.5821, Batch num: 0, Task 2 acc: 43.4447, Batch num: 0, Task 3 acc: 48.5526, Task avg acc:55.0711
2024-05-29 12:58:25,534 - INFO - Batch num: 10, Task 0 acc: 75.0797, Batch num: 10, Task 1 acc: 52.0944, Batch num: 10, Task 2 acc: 44.2619, Batch num: 10, Task 3 acc: 49.9836, Task avg acc:55.3549
2024-05-29 12:58:35,927 - INFO - Batch num: 20, Task 0 acc: 76.1400, Batch num: 20, Task 1 acc: 52.9588, Batch num: 20, Task 2 acc: 46.3182, Batch num: 20, Task 3 acc: 51.1431, Task avg acc:56.6400
2024-05-29 12:58:46,476 - INFO - Batch num: 30, Task 0 acc: 75.7254, Batch num: 30, Task 1 acc: 53.1499, Batch num: 30, Task 2 acc: 47.3958, Batch num: 30, Task 3 acc: 51.8010, Task avg acc:57.0181
2024-05-29 12:58:58,055 - INFO - Batch num: 40, Task 0 acc: 76.1639, Batch num: 40, Task 1 acc: 51.5708, Batch num: 40, Task 2 acc: 46.4080, Batch num: 40, Task 3 acc: 48.3964, Task avg acc:55.6348
2024-05-29 12:59:08,571 - INFO - Batch num: 50, Task 0 acc: 77.7822, Batch num: 50, Task 1 acc: 52.5598, Batch num: 50, Task 2 acc: 46.1386, Batch num: 50, Task 3 acc: 48.1908, Task avg acc:56.1679
2024-05-29 12:59:18,923 - INFO - Batch num: 60, Task 0 acc: 78.0533, Batch num: 60, Task 1 acc: 52.2939, Batch num: 60, Task 2 acc: 44.8096, Batch num: 60, Task 3 acc: 49.7204, Task avg acc:56.2193
2024-05-29 12:59:29,331 - INFO - Batch num: 70, Task 0 acc: 76.8256, Batch num: 70, Task 1 acc: 51.2716, Batch num: 70, Task 2 acc: 44.7737, Batch num: 70, Task 3 acc: 53.7664, Task avg acc:56.6593
2024-05-29 12:59:40,670 - INFO - Batch num: 80, Task 0 acc: 75.9327, Batch num: 80, Task 1 acc: 53.8896, Batch num: 80, Task 2 acc: 46.9199, Batch num: 80, Task 3 acc: 57.2780, Task avg acc:58.5051
2024-05-29 12:59:51,211 - INFO - Batch num: 90, Task 0 acc: 77.3517, Batch num: 90, Task 1 acc: 53.2995, Batch num: 90, Task 2 acc: 47.3420, Batch num: 90, Task 3 acc: 54.9671, Task avg acc:58.2401
2024-05-29 12:59:51,360 - INFO - ##########Task 4##########
2024-05-29 12:59:51,361 - INFO - Epoch 0
2024-05-29 13:00:04,110 - INFO - Batch num: 0, Task 0 acc: 78.3721, Batch num: 0, Task 1 acc: 51.7786, Batch num: 0, Task 2 acc: 48.5453, Batch num: 0, Task 3 acc: 48.8569, Batch num: 0, Task 4 acc: 0.0000, Task avg acc:45.5106
2024-05-29 13:00:17,402 - INFO - Batch num: 10, Task 0 acc: 80.4528, Batch num: 10, Task 1 acc: 51.7620, Batch num: 10, Task 2 acc: 53.4573, Batch num: 10, Task 3 acc: 24.1201, Batch num: 10, Task 4 acc: 0.0000, Task avg acc:41.9584
2024-05-29 13:00:31,571 - INFO - Batch num: 20, Task 0 acc: 82.2545, Batch num: 20, Task 1 acc: 57.1061, Batch num: 20, Task 2 acc: 49.4612, Batch num: 20, Task 3 acc: 20.7812, Batch num: 20, Task 4 acc: 0.0000, Task avg acc:41.9206
2024-05-29 13:00:44,514 - INFO - Batch num: 30, Task 0 acc: 85.2360, Batch num: 30, Task 1 acc: 57.7543, Batch num: 30, Task 2 acc: 45.7974, Batch num: 30, Task 3 acc: 25.9704, Batch num: 30, Task 4 acc: 0.0000, Task avg acc:42.9516
2024-05-29 13:00:57,730 - INFO - Batch num: 40, Task 0 acc: 88.1218, Batch num: 40, Task 1 acc: 56.2084, Batch num: 40, Task 2 acc: 45.6268, Batch num: 40, Task 3 acc: 30.5016, Batch num: 40, Task 4 acc: 0.0000, Task avg acc:44.0917
2024-05-29 13:01:11,959 - INFO - Batch num: 50, Task 0 acc: 86.9818, Batch num: 50, Task 1 acc: 52.0861, Batch num: 50, Task 2 acc: 47.8897, Batch num: 50, Task 3 acc: 29.2434, Batch num: 50, Task 4 acc: 0.0340, Task avg acc:43.2470
2024-05-29 13:01:26,506 - INFO - Batch num: 60, Task 0 acc: 86.3520, Batch num: 60, Task 1 acc: 51.9116, Batch num: 60, Task 2 acc: 50.0000, Batch num: 60, Task 3 acc: 27.4095, Batch num: 60, Task 4 acc: 0.0679, Task avg acc:43.1482
2024-05-29 13:01:41,046 - INFO - Batch num: 70, Task 0 acc: 84.5265, Batch num: 70, Task 1 acc: 54.6210, Batch num: 70, Task 2 acc: 53.3495, Batch num: 70, Task 3 acc: 27.7878, Batch num: 70, Task 4 acc: 0.1019, Task avg acc:44.0773
2024-05-29 13:01:54,362 - INFO - Batch num: 80, Task 0 acc: 83.0437, Batch num: 80, Task 1 acc: 57.4634, Batch num: 80, Task 2 acc: 49.8743, Batch num: 80, Task 3 acc: 30.1316, Batch num: 80, Task 4 acc: 0.1529, Task avg acc:44.1332
2024-05-29 13:02:07,419 - INFO - Batch num: 90, Task 0 acc: 83.6336, Batch num: 90, Task 1 acc: 53.8314, Batch num: 90, Task 2 acc: 48.4914, Batch num: 90, Task 3 acc: 29.9342, Batch num: 90, Task 4 acc: 0.1868, Task avg acc:43.2155
2024-05-29 13:02:07,459 - INFO - Epoch 1
2024-05-29 13:02:20,005 - INFO - Batch num: 0, Task 0 acc: 83.8887, Batch num: 0, Task 1 acc: 53.3411, Batch num: 0, Task 2 acc: 48.8326, Batch num: 0, Task 3 acc: 31.1595, Batch num: 0, Task 4 acc: 0.1783, Task avg acc:43.4801
2024-05-29 13:02:32,839 - INFO - Batch num: 10, Task 0 acc: 80.9550, Batch num: 10, Task 1 acc: 51.9448, Batch num: 10, Task 2 acc: 50.2694, Batch num: 10, Task 3 acc: 32.6480, Batch num: 10, Task 4 acc: 0.1953, Task avg acc:43.2025
2024-05-29 13:02:46,736 - INFO - Batch num: 20, Task 0 acc: 80.6760, Batch num: 20, Task 1 acc: 51.9614, Batch num: 20, Task 2 acc: 49.9641, Batch num: 20, Task 3 acc: 31.0197, Batch num: 20, Task 4 acc: 0.2293, Task avg acc:42.7701
2024-05-29 13:03:00,047 - INFO - Batch num: 30, Task 0 acc: 83.3705, Batch num: 30, Task 1 acc: 51.3132, Batch num: 30, Task 2 acc: 48.1232, Batch num: 30, Task 3 acc: 31.4474, Batch num: 30, Task 4 acc: 0.3821, Task avg acc:42.9273
2024-05-29 13:03:13,334 - INFO - Batch num: 40, Task 0 acc: 83.5140, Batch num: 40, Task 1 acc: 53.2414, Batch num: 40, Task 2 acc: 49.2098, Batch num: 40, Task 3 acc: 28.5691, Batch num: 40, Task 4 acc: 0.4246, Task avg acc:42.9918
2024-05-29 13:03:27,033 - INFO - Batch num: 50, Task 0 acc: 83.4104, Batch num: 50, Task 1 acc: 52.3687, Batch num: 50, Task 2 acc: 51.1584, Batch num: 50, Task 3 acc: 26.8997, Batch num: 50, Task 4 acc: 0.3651, Task avg acc:42.8405
2024-05-29 13:03:41,708 - INFO - Batch num: 60, Task 0 acc: 84.1518, Batch num: 60, Task 1 acc: 52.0279, Batch num: 60, Task 2 acc: 52.8825, Batch num: 60, Task 3 acc: 30.2796, Batch num: 60, Task 4 acc: 0.3906, Task avg acc:43.9465
2024-05-29 13:03:54,587 - INFO - Batch num: 70, Task 0 acc: 82.9002, Batch num: 70, Task 1 acc: 49.6011, Batch num: 70, Task 2 acc: 52.7748, Batch num: 70, Task 3 acc: 34.8355, Batch num: 70, Task 4 acc: 0.8916, Task avg acc:44.2006
2024-05-29 13:04:07,473 - INFO - Batch num: 80, Task 0 acc: 83.6177, Batch num: 80, Task 1 acc: 49.1273, Batch num: 80, Task 2 acc: 52.4874, Batch num: 80, Task 3 acc: 35.6497, Batch num: 80, Task 4 acc: 0.7897, Task avg acc:44.3344
2024-05-29 13:04:21,580 - INFO - Batch num: 90, Task 0 acc: 85.0925, Batch num: 90, Task 1 acc: 50.0332, Batch num: 90, Task 2 acc: 51.1853, Batch num: 90, Task 3 acc: 31.8668, Batch num: 90, Task 4 acc: 0.8067, Task avg acc:43.7969
2024-05-29 13:04:21,623 - INFO - Epoch 2
2024-05-29 13:04:35,375 - INFO - Batch num: 0, Task 0 acc: 85.1004, Batch num: 0, Task 1 acc: 50.3324, Batch num: 0, Task 2 acc: 51.7511, Batch num: 0, Task 3 acc: 31.0444, Batch num: 0, Task 4 acc: 0.8577, Task avg acc:43.8172
2024-05-29 13:04:49,441 - INFO - Batch num: 10, Task 0 acc: 84.0482, Batch num: 10, Task 1 acc: 52.5017, Batch num: 10, Task 2 acc: 51.9037, Batch num: 10, Task 3 acc: 30.4194, Batch num: 10, Task 4 acc: 0.7643, Task avg acc:43.9274
2024-05-29 13:05:03,142 - INFO - Batch num: 20, Task 0 acc: 84.0880, Batch num: 20, Task 1 acc: 54.5961, Batch num: 20, Task 2 acc: 50.8261, Batch num: 20, Task 3 acc: 29.3997, Batch num: 20, Task 4 acc: 0.9256, Task avg acc:43.9671
2024-05-29 13:05:17,492 - INFO - Batch num: 30, Task 0 acc: 83.6974, Batch num: 30, Task 1 acc: 54.4382, Batch num: 30, Task 2 acc: 51.0686, Batch num: 30, Task 3 acc: 30.3454, Batch num: 30, Task 4 acc: 0.9935, Task avg acc:44.1086
2024-05-29 13:05:30,582 - INFO - Batch num: 40, Task 0 acc: 86.7825, Batch num: 40, Task 1 acc: 55.4189, Batch num: 40, Task 2 acc: 50.9070, Batch num: 40, Task 3 acc: 31.6859, Batch num: 40, Task 4 acc: 1.4012, Task avg acc:45.2391
2024-05-29 13:05:43,934 - INFO - Batch num: 50, Task 0 acc: 86.2006, Batch num: 50, Task 1 acc: 54.4049, Batch num: 50, Task 2 acc: 52.3438, Batch num: 50, Task 3 acc: 32.1793, Batch num: 50, Task 4 acc: 1.6304, Task avg acc:45.3518
2024-05-29 13:05:57,159 - INFO - Batch num: 60, Task 0 acc: 86.5673, Batch num: 60, Task 1 acc: 53.8979, Batch num: 60, Task 2 acc: 52.5952, Batch num: 60, Task 3 acc: 30.4770, Batch num: 60, Task 4 acc: 1.5455, Task avg acc:45.0166
2024-05-29 13:06:10,340 - INFO - Batch num: 70, Task 0 acc: 86.2006, Batch num: 70, Task 1 acc: 54.3551, Batch num: 70, Task 2 acc: 51.4188, Batch num: 70, Task 3 acc: 30.4359, Batch num: 70, Task 4 acc: 1.3842, Task avg acc:44.7589
2024-05-29 13:06:23,344 - INFO - Batch num: 80, Task 0 acc: 85.0207, Batch num: 80, Task 1 acc: 54.7872, Batch num: 80, Task 2 acc: 50.6645, Batch num: 80, Task 3 acc: 28.7664, Batch num: 80, Task 4 acc: 0.9851, Task avg acc:44.0448
2024-05-29 13:06:37,351 - INFO - Batch num: 90, Task 0 acc: 84.9490, Batch num: 90, Task 1 acc: 54.3384, Batch num: 90, Task 2 acc: 50.9159, Batch num: 90, Task 3 acc: 27.8947, Batch num: 90, Task 4 acc: 0.9511, Task avg acc:43.8098
2024-05-29 13:06:37,395 - INFO - Epoch 3
2024-05-29 13:06:51,052 - INFO - Batch num: 0, Task 0 acc: 85.0606, Batch num: 0, Task 1 acc: 53.9312, Batch num: 0, Task 2 acc: 50.9698, Batch num: 0, Task 3 acc: 28.2648, Batch num: 0, Task 4 acc: 1.0615, Task avg acc:43.8576
2024-05-29 13:07:03,947 - INFO - Batch num: 10, Task 0 acc: 85.0128, Batch num: 10, Task 1 acc: 52.7178, Batch num: 10, Task 2 acc: 51.4547, Batch num: 10, Task 3 acc: 30.2467, Batch num: 10, Task 4 acc: 0.8492, Task avg acc:44.0562
2024-05-29 13:07:17,282 - INFO - Batch num: 20, Task 0 acc: 84.8374, Batch num: 20, Task 1 acc: 52.3936, Batch num: 20, Task 2 acc: 51.7062, Batch num: 20, Task 3 acc: 31.3240, Batch num: 20, Task 4 acc: 0.8152, Task avg acc:44.2153
2024-05-29 13:07:30,271 - INFO - Batch num: 30, Task 0 acc: 84.5185, Batch num: 30, Task 1 acc: 52.3604, Batch num: 30, Task 2 acc: 52.1821, Batch num: 30, Task 3 acc: 30.3783, Batch num: 30, Task 4 acc: 0.6878, Task avg acc:44.0254
2024-05-29 13:07:43,365 - INFO - Batch num: 40, Task 0 acc: 84.6221, Batch num: 40, Task 1 acc: 53.1998, Batch num: 40, Task 2 acc: 50.4131, Batch num: 40, Task 3 acc: 29.6711, Batch num: 40, Task 4 acc: 0.6878, Task avg acc:43.7188
2024-05-29 13:07:56,824 - INFO - Batch num: 50, Task 0 acc: 84.5743, Batch num: 50, Task 1 acc: 53.7483, Batch num: 50, Task 2 acc: 48.1861, Batch num: 50, Task 3 acc: 27.8125, Batch num: 50, Task 4 acc: 0.6199, Task avg acc:42.9882
2024-05-29 13:08:10,998 - INFO - Batch num: 60, Task 0 acc: 86.5195, Batch num: 60, Task 1 acc: 53.9894, Batch num: 60, Task 2 acc: 48.3387, Batch num: 60, Task 3 acc: 26.5378, Batch num: 60, Task 4 acc: 0.6284, Task avg acc:43.2028
2024-05-29 13:08:23,979 - INFO - Batch num: 70, Task 0 acc: 86.9739, Batch num: 70, Task 1 acc: 53.5073, Batch num: 70, Task 2 acc: 48.6710, Batch num: 70, Task 3 acc: 25.8635, Batch num: 70, Task 4 acc: 0.7728, Task avg acc:43.1577
2024-05-29 13:08:37,033 - INFO - Batch num: 80, Task 0 acc: 87.1413, Batch num: 80, Task 1 acc: 53.2330, Batch num: 80, Task 2 acc: 48.2669, Batch num: 80, Task 3 acc: 28.4128, Batch num: 80, Task 4 acc: 0.8662, Task avg acc:43.5840
2024-05-29 13:08:50,435 - INFO - Batch num: 90, Task 0 acc: 87.0775, Batch num: 90, Task 1 acc: 52.6430, Batch num: 90, Task 2 acc: 49.3445, Batch num: 90, Task 3 acc: 29.4819, Batch num: 90, Task 4 acc: 1.1039, Task avg acc:43.9302
