2024-05-29 03:29:14,637 - INFO - ##########Task 0##########
2024-05-29 03:29:14,638 - INFO - Epoch 0
2024-05-29 03:29:17,586 - INFO - Batch num: 0, Task 0 acc: 0.8291, Task avg acc:0.8291
2024-05-29 03:29:20,300 - INFO - Batch num: 10, Task 0 acc: 59.9968, Task avg acc:59.9968
2024-05-29 03:29:22,974 - INFO - Batch num: 20, Task 0 acc: 82.5973, Task avg acc:82.5973
2024-05-29 03:29:25,676 - INFO - Batch num: 30, Task 0 acc: 94.9857, Task avg acc:94.9857
2024-05-29 03:29:28,334 - INFO - Batch num: 40, Task 0 acc: 97.7838, Task avg acc:97.7838
2024-05-29 03:29:31,011 - INFO - Batch num: 50, Task 0 acc: 98.5810, Task avg acc:98.5810
2024-05-29 03:29:33,701 - INFO - Batch num: 60, Task 0 acc: 98.1744, Task avg acc:98.1744
2024-05-29 03:29:36,413 - INFO - Batch num: 70, Task 0 acc: 98.3578, Task avg acc:98.3578
2024-05-29 03:29:39,056 - INFO - Batch num: 80, Task 0 acc: 97.4570, Task avg acc:97.4570
2024-05-29 03:29:41,697 - INFO - Batch num: 90, Task 0 acc: 97.6722, Task avg acc:97.6722
2024-05-29 03:29:41,923 - INFO - Epoch 1
2024-05-29 03:29:44,314 - INFO - Batch num: 0, Task 0 acc: 97.8555, Task avg acc:97.8555
2024-05-29 03:29:47,024 - INFO - Batch num: 10, Task 0 acc: 97.8396, Task avg acc:97.8396
2024-05-29 03:29:49,669 - INFO - Batch num: 20, Task 0 acc: 97.4171, Task avg acc:97.4171
2024-05-29 03:29:52,336 - INFO - Batch num: 30, Task 0 acc: 97.6881, Task avg acc:97.6881
2024-05-29 03:29:55,079 - INFO - Batch num: 40, Task 0 acc: 97.8954, Task avg acc:97.8954
2024-05-29 03:29:57,744 - INFO - Batch num: 50, Task 0 acc: 98.2382, Task avg acc:98.2382
2024-05-29 03:30:00,486 - INFO - Batch num: 60, Task 0 acc: 98.1505, Task avg acc:98.1505
2024-05-29 03:30:03,136 - INFO - Batch num: 70, Task 0 acc: 98.5810, Task avg acc:98.5810
2024-05-29 03:30:05,901 - INFO - Batch num: 80, Task 0 acc: 98.5810, Task avg acc:98.5810
2024-05-29 03:30:08,550 - INFO - Batch num: 90, Task 0 acc: 98.8600, Task avg acc:98.8600
2024-05-29 03:30:08,752 - INFO - Epoch 2
2024-05-29 03:30:11,141 - INFO - Batch num: 0, Task 0 acc: 99.0354, Task avg acc:99.0354
2024-05-29 03:30:13,859 - INFO - Batch num: 10, Task 0 acc: 98.9238, Task avg acc:98.9238
2024-05-29 03:30:16,533 - INFO - Batch num: 20, Task 0 acc: 98.8202, Task avg acc:98.8202
2024-05-29 03:30:19,191 - INFO - Batch num: 30, Task 0 acc: 99.0035, Task avg acc:99.0035
2024-05-29 03:30:21,921 - INFO - Batch num: 40, Task 0 acc: 98.6527, Task avg acc:98.6527
2024-05-29 03:30:24,598 - INFO - Batch num: 50, Task 0 acc: 98.5890, Task avg acc:98.5890
2024-05-29 03:30:27,267 - INFO - Batch num: 60, Task 0 acc: 98.3578, Task avg acc:98.3578
2024-05-29 03:30:30,237 - INFO - Batch num: 70, Task 0 acc: 98.7325, Task avg acc:98.7325
2024-05-29 03:30:32,899 - INFO - Batch num: 80, Task 0 acc: 98.6846, Task avg acc:98.6846
2024-05-29 03:30:35,538 - INFO - Batch num: 90, Task 0 acc: 98.5890, Task avg acc:98.5890
2024-05-29 03:30:35,760 - INFO - Epoch 3
2024-05-29 03:30:38,216 - INFO - Batch num: 0, Task 0 acc: 98.6209, Task avg acc:98.6209
2024-05-29 03:30:40,863 - INFO - Batch num: 10, Task 0 acc: 98.6687, Task avg acc:98.6687
2024-05-29 03:30:43,511 - INFO - Batch num: 20, Task 0 acc: 98.6129, Task avg acc:98.6129
2024-05-29 03:30:46,154 - INFO - Batch num: 30, Task 0 acc: 99.0354, Task avg acc:99.0354
2024-05-29 03:30:48,898 - INFO - Batch num: 40, Task 0 acc: 98.9955, Task avg acc:98.9955
2024-05-29 03:30:51,623 - INFO - Batch num: 50, Task 0 acc: 98.9158, Task avg acc:98.9158
2024-05-29 03:30:54,277 - INFO - Batch num: 60, Task 0 acc: 99.0992, Task avg acc:99.0992
2024-05-29 03:30:56,924 - INFO - Batch num: 70, Task 0 acc: 99.2188, Task avg acc:99.2188
2024-05-29 03:30:59,623 - INFO - Batch num: 80, Task 0 acc: 99.2666, Task avg acc:99.2666
2024-05-29 03:31:02,334 - INFO - Batch num: 90, Task 0 acc: 99.2746, Task avg acc:99.2746
2024-05-29 03:31:02,546 - INFO - ##########Task 1##########
2024-05-29 03:31:02,546 - INFO - Epoch 0
2024-05-29 03:31:07,224 - INFO - Batch num: 0, Task 0 acc: 99.3064, Batch num: 0, Task 1 acc: 1.9697, Task avg acc:50.6381
2024-05-29 03:31:12,165 - INFO - Batch num: 10, Task 0 acc: 97.0982, Batch num: 10, Task 1 acc: 11.5110, Task avg acc:54.3046
2024-05-29 03:31:17,539 - INFO - Batch num: 20, Task 0 acc: 95.0494, Batch num: 20, Task 1 acc: 30.4688, Task avg acc:62.7591
2024-05-29 03:31:22,961 - INFO - Batch num: 30, Task 0 acc: 94.2203, Batch num: 30, Task 1 acc: 52.2773, Task avg acc:73.2488
2024-05-29 03:31:28,072 - INFO - Batch num: 40, Task 0 acc: 93.7101, Batch num: 40, Task 1 acc: 60.3308, Task avg acc:77.0205
2024-05-29 03:31:33,809 - INFO - Batch num: 50, Task 0 acc: 90.3221, Batch num: 50, Task 1 acc: 68.3261, Task avg acc:79.3241
2024-05-29 03:31:38,791 - INFO - Batch num: 60, Task 0 acc: 85.8339, Batch num: 60, Task 1 acc: 72.4817, Task avg acc:79.1578
2024-05-29 03:31:43,729 - INFO - Batch num: 70, Task 0 acc: 84.2793, Batch num: 70, Task 1 acc: 74.6759, Task avg acc:79.4776
2024-05-29 03:31:48,641 - INFO - Batch num: 80, Task 0 acc: 85.2997, Batch num: 80, Task 1 acc: 75.8228, Task avg acc:80.5613
2024-05-29 03:31:53,558 - INFO - Batch num: 90, Task 0 acc: 88.0182, Batch num: 90, Task 1 acc: 74.4432, Task avg acc:81.2307
2024-05-29 03:31:53,714 - INFO - Epoch 1
2024-05-29 03:31:58,416 - INFO - Batch num: 0, Task 0 acc: 88.4327, Batch num: 0, Task 1 acc: 72.7061, Task avg acc:80.5694
2024-05-29 03:32:03,318 - INFO - Batch num: 10, Task 0 acc: 88.0580, Batch num: 10, Task 1 acc: 72.1659, Task avg acc:80.1120
2024-05-29 03:32:08,251 - INFO - Batch num: 20, Task 0 acc: 88.4407, Batch num: 20, Task 1 acc: 72.8723, Task avg acc:80.6565
2024-05-29 03:32:13,235 - INFO - Batch num: 30, Task 0 acc: 87.5638, Batch num: 30, Task 1 acc: 73.4624, Task avg acc:80.5131
2024-05-29 03:32:18,164 - INFO - Batch num: 40, Task 0 acc: 87.1732, Batch num: 40, Task 1 acc: 71.1270, Task avg acc:79.1501
2024-05-29 03:32:23,085 - INFO - Batch num: 50, Task 0 acc: 90.1068, Batch num: 50, Task 1 acc: 72.8474, Task avg acc:81.4771
2024-05-29 03:32:28,066 - INFO - Batch num: 60, Task 0 acc: 91.5737, Batch num: 60, Task 1 acc: 73.1217, Task avg acc:82.3477
2024-05-29 03:32:32,972 - INFO - Batch num: 70, Task 0 acc: 92.0839, Batch num: 70, Task 1 acc: 73.0219, Task avg acc:82.5529
2024-05-29 03:32:37,881 - INFO - Batch num: 80, Task 0 acc: 92.0041, Batch num: 80, Task 1 acc: 72.8723, Task avg acc:82.4382
2024-05-29 03:32:42,864 - INFO - Batch num: 90, Task 0 acc: 92.6977, Batch num: 90, Task 1 acc: 72.6562, Task avg acc:82.6770
2024-05-29 03:32:42,954 - INFO - Epoch 2
2024-05-29 03:32:47,589 - INFO - Batch num: 0, Task 0 acc: 91.8447, Batch num: 0, Task 1 acc: 71.6506, Task avg acc:81.7477
2024-05-29 03:32:52,615 - INFO - Batch num: 10, Task 0 acc: 92.2752, Batch num: 10, Task 1 acc: 72.5399, Task avg acc:82.4075
2024-05-29 03:32:57,506 - INFO - Batch num: 20, Task 0 acc: 92.3230, Batch num: 20, Task 1 acc: 75.7646, Task avg acc:84.0438
2024-05-29 03:33:02,432 - INFO - Batch num: 30, Task 0 acc: 92.2114, Batch num: 30, Task 1 acc: 76.5542, Task avg acc:84.3828
2024-05-29 03:33:07,424 - INFO - Batch num: 40, Task 0 acc: 92.7615, Batch num: 40, Task 1 acc: 77.2357, Task avg acc:84.9986
2024-05-29 03:33:12,323 - INFO - Batch num: 50, Task 0 acc: 92.1397, Batch num: 50, Task 1 acc: 78.9062, Task avg acc:85.5230
2024-05-29 03:33:17,339 - INFO - Batch num: 60, Task 0 acc: 90.4257, Batch num: 60, Task 1 acc: 80.9591, Task avg acc:85.6924
2024-05-29 03:33:22,238 - INFO - Batch num: 70, Task 0 acc: 88.6320, Batch num: 70, Task 1 acc: 81.5409, Task avg acc:85.0865
2024-05-29 03:33:27,191 - INFO - Batch num: 80, Task 0 acc: 88.9748, Batch num: 80, Task 1 acc: 81.6406, Task avg acc:85.3077
2024-05-29 03:33:32,134 - INFO - Batch num: 90, Task 0 acc: 89.4770, Batch num: 90, Task 1 acc: 81.4412, Task avg acc:85.4591
2024-05-29 03:33:32,228 - INFO - Epoch 3
2024-05-29 03:33:36,953 - INFO - Batch num: 0, Task 0 acc: 90.1706, Batch num: 0, Task 1 acc: 80.5269, Task avg acc:85.3488
2024-05-29 03:33:41,851 - INFO - Batch num: 10, Task 0 acc: 91.9483, Batch num: 10, Task 1 acc: 80.2111, Task avg acc:86.0797
2024-05-29 03:33:46,805 - INFO - Batch num: 20, Task 0 acc: 91.9005, Batch num: 20, Task 1 acc: 79.6626, Task avg acc:85.7815
2024-05-29 03:33:51,726 - INFO - Batch num: 30, Task 0 acc: 91.3186, Batch num: 30, Task 1 acc: 80.6516, Task avg acc:85.9851
2024-05-29 03:33:56,618 - INFO - Batch num: 40, Task 0 acc: 91.2946, Batch num: 40, Task 1 acc: 80.2859, Task avg acc:85.7903
2024-05-29 03:34:01,597 - INFO - Batch num: 50, Task 0 acc: 91.4621, Batch num: 50, Task 1 acc: 80.4854, Task avg acc:85.9737
2024-05-29 03:34:06,506 - INFO - Batch num: 60, Task 0 acc: 90.6967, Batch num: 60, Task 1 acc: 80.5519, Task avg acc:85.6243
2024-05-29 03:34:11,418 - INFO - Batch num: 70, Task 0 acc: 90.7047, Batch num: 70, Task 1 acc: 80.8012, Task avg acc:85.7530
2024-05-29 03:34:16,398 - INFO - Batch num: 80, Task 0 acc: 91.3026, Batch num: 80, Task 1 acc: 80.7098, Task avg acc:86.0062
2024-05-29 03:34:21,374 - INFO - Batch num: 90, Task 0 acc: 91.1910, Batch num: 90, Task 1 acc: 80.2859, Task avg acc:85.7385
2024-05-29 03:34:21,473 - INFO - ##########Task 2##########
2024-05-29 03:34:21,474 - INFO - Epoch 0
2024-05-29 03:34:28,194 - INFO - Batch num: 0, Task 0 acc: 90.8642, Batch num: 0, Task 1 acc: 79.0725, Batch num: 0, Task 2 acc: 0.5388, Task avg acc:56.8251
2024-05-29 03:34:35,263 - INFO - Batch num: 10, Task 0 acc: 83.7930, Batch num: 10, Task 1 acc: 78.9312, Batch num: 10, Task 2 acc: 3.9781, Task avg acc:55.5674
2024-05-29 03:34:42,238 - INFO - Batch num: 20, Task 0 acc: 77.4952, Batch num: 20, Task 1 acc: 79.5628, Batch num: 20, Task 2 acc: 12.6437, Task avg acc:56.5672
2024-05-29 03:34:49,276 - INFO - Batch num: 30, Task 0 acc: 71.9946, Batch num: 30, Task 1 acc: 76.5625, Batch num: 30, Task 2 acc: 26.0596, Task avg acc:58.2056
2024-05-29 03:34:56,218 - INFO - Batch num: 40, Task 0 acc: 64.2618, Batch num: 40, Task 1 acc: 69.6227, Batch num: 40, Task 2 acc: 41.0920, Task avg acc:58.3255
2024-05-29 03:35:03,259 - INFO - Batch num: 50, Task 0 acc: 59.4547, Batch num: 50, Task 1 acc: 65.3840, Batch num: 50, Task 2 acc: 52.0025, Task avg acc:58.9471
2024-05-29 03:35:10,266 - INFO - Batch num: 60, Task 0 acc: 58.8568, Batch num: 60, Task 1 acc: 63.1316, Batch num: 60, Task 2 acc: 56.9235, Task avg acc:59.6373
2024-05-29 03:35:17,315 - INFO - Batch num: 70, Task 0 acc: 59.0083, Batch num: 70, Task 1 acc: 60.6217, Batch num: 70, Task 2 acc: 59.8689, Task avg acc:59.8330
2024-05-29 03:35:24,289 - INFO - Batch num: 80, Task 0 acc: 61.3680, Batch num: 80, Task 1 acc: 60.3890, Batch num: 80, Task 2 acc: 59.8240, Task avg acc:60.5270
2024-05-29 03:35:24,467 - INFO - Epoch 1
2024-05-29 03:35:31,283 - INFO - Batch num: 0, Task 0 acc: 61.7666, Batch num: 0, Task 1 acc: 59.6908, Batch num: 0, Task 2 acc: 59.5097, Task avg acc:60.3224
2024-05-29 03:35:38,347 - INFO - Batch num: 10, Task 0 acc: 60.1483, Batch num: 10, Task 1 acc: 60.3142, Batch num: 10, Task 2 acc: 62.6167, Task avg acc:61.0264
2024-05-29 03:35:45,380 - INFO - Batch num: 20, Task 0 acc: 59.0960, Batch num: 20, Task 1 acc: 61.4528, Batch num: 20, Task 2 acc: 67.9149, Task avg acc:62.8212
2024-05-29 03:35:52,341 - INFO - Batch num: 30, Task 0 acc: 59.5185, Batch num: 30, Task 1 acc: 58.5273, Batch num: 30, Task 2 acc: 73.2220, Task avg acc:63.7559
2024-05-29 03:35:59,370 - INFO - Batch num: 40, Task 0 acc: 59.5265, Batch num: 40, Task 1 acc: 61.4279, Batch num: 40, Task 2 acc: 72.1534, Task avg acc:64.3692
2024-05-29 03:36:06,470 - INFO - Batch num: 50, Task 0 acc: 59.1518, Batch num: 50, Task 1 acc: 63.5306, Batch num: 50, Task 2 acc: 71.9648, Task avg acc:64.8824
2024-05-29 03:36:13,514 - INFO - Batch num: 60, Task 0 acc: 60.1881, Batch num: 60, Task 1 acc: 61.1037, Batch num: 60, Task 2 acc: 72.5036, Task avg acc:64.5985
2024-05-29 03:36:20,480 - INFO - Batch num: 70, Task 0 acc: 59.3830, Batch num: 70, Task 1 acc: 59.9900, Batch num: 70, Task 2 acc: 71.7313, Task avg acc:63.7014
2024-05-29 03:36:27,499 - INFO - Batch num: 80, Task 0 acc: 59.4866, Batch num: 80, Task 1 acc: 64.8936, Batch num: 80, Task 2 acc: 67.0977, Task avg acc:63.8260
2024-05-29 03:36:27,691 - INFO - Epoch 2
2024-05-29 03:36:34,500 - INFO - Batch num: 0, Task 0 acc: 59.6939, Batch num: 0, Task 1 acc: 64.8604, Batch num: 0, Task 2 acc: 67.2234, Task avg acc:63.9259
2024-05-29 03:36:41,704 - INFO - Batch num: 10, Task 0 acc: 60.7701, Batch num: 10, Task 1 acc: 59.9817, Batch num: 10, Task 2 acc: 71.8930, Task avg acc:64.2149
2024-05-29 03:36:48,670 - INFO - Batch num: 20, Task 0 acc: 60.1562, Batch num: 20, Task 1 acc: 54.1722, Batch num: 20, Task 2 acc: 77.2809, Task avg acc:63.8698
2024-05-29 03:36:55,625 - INFO - Batch num: 30, Task 0 acc: 59.9570, Batch num: 30, Task 1 acc: 50.3491, Batch num: 30, Task 2 acc: 79.8402, Task avg acc:63.3821
2024-05-29 03:37:02,674 - INFO - Batch num: 40, Task 0 acc: 59.6779, Batch num: 40, Task 1 acc: 48.0718, Batch num: 40, Task 2 acc: 79.4181, Task avg acc:62.3893
2024-05-29 03:37:09,702 - INFO - Batch num: 50, Task 0 acc: 58.5938, Batch num: 50, Task 1 acc: 53.2663, Batch num: 50, Task 2 acc: 75.7184, Task avg acc:62.5261
2024-05-29 03:37:16,737 - INFO - Batch num: 60, Task 0 acc: 58.5220, Batch num: 60, Task 1 acc: 57.9787, Batch num: 60, Task 2 acc: 72.6832, Task avg acc:63.0613
2024-05-29 03:37:23,790 - INFO - Batch num: 70, Task 0 acc: 57.5893, Batch num: 70, Task 1 acc: 57.4634, Batch num: 70, Task 2 acc: 74.7755, Task avg acc:63.2761
2024-05-29 03:37:30,742 - INFO - Batch num: 80, Task 0 acc: 57.7168, Batch num: 80, Task 1 acc: 55.5602, Batch num: 80, Task 2 acc: 75.4041, Task avg acc:62.8937
2024-05-29 03:37:30,916 - INFO - Epoch 3
2024-05-29 03:37:37,672 - INFO - Batch num: 0, Task 0 acc: 57.9401, Batch num: 0, Task 1 acc: 55.3358, Batch num: 0, Task 2 acc: 73.4375, Task avg acc:62.2378
2024-05-29 03:37:44,649 - INFO - Batch num: 10, Task 0 acc: 58.8568, Batch num: 10, Task 1 acc: 56.5658, Batch num: 10, Task 2 acc: 69.7917, Task avg acc:61.7381
2024-05-29 03:37:51,710 - INFO - Batch num: 20, Task 0 acc: 59.5663, Batch num: 20, Task 1 acc: 54.0475, Batch num: 20, Task 2 acc: 69.5492, Task avg acc:61.0544
2024-05-29 03:37:58,659 - INFO - Batch num: 30, Task 0 acc: 59.4627, Batch num: 30, Task 1 acc: 54.5047, Batch num: 30, Task 2 acc: 71.1925, Task avg acc:61.7200
2024-05-29 03:38:05,715 - INFO - Batch num: 40, Task 0 acc: 58.2669, Batch num: 40, Task 1 acc: 49.0442, Batch num: 40, Task 2 acc: 73.6979, Task avg acc:60.3363
2024-05-29 03:38:12,730 - INFO - Batch num: 50, Task 0 acc: 57.4458, Batch num: 50, Task 1 acc: 46.4511, Batch num: 50, Task 2 acc: 77.5772, Task avg acc:60.4914
2024-05-29 03:38:19,727 - INFO - Batch num: 60, Task 0 acc: 57.8763, Batch num: 60, Task 1 acc: 43.8331, Batch num: 60, Task 2 acc: 80.1455, Task avg acc:60.6183
2024-05-29 03:38:26,746 - INFO - Batch num: 70, Task 0 acc: 56.9834, Batch num: 70, Task 1 acc: 43.5921, Batch num: 70, Task 2 acc: 82.1300, Task avg acc:60.9018
2024-05-29 03:38:33,703 - INFO - Batch num: 80, Task 0 acc: 57.6451, Batch num: 80, Task 1 acc: 46.4594, Batch num: 80, Task 2 acc: 81.9145, Task avg acc:62.0063
2024-05-29 03:38:33,888 - INFO - ##########Task 3##########
2024-05-29 03:38:33,889 - INFO - Epoch 0
2024-05-29 03:38:42,890 - INFO - Batch num: 0, Task 0 acc: 57.5574, Batch num: 0, Task 1 acc: 48.0635, Batch num: 0, Task 2 acc: 81.6721, Batch num: 0, Task 3 acc: 0.0000, Task avg acc:46.8232
2024-05-29 03:38:52,218 - INFO - Batch num: 10, Task 0 acc: 55.4608, Batch num: 10, Task 1 acc: 50.9475, Batch num: 10, Task 2 acc: 78.1250, Batch num: 10, Task 3 acc: 0.9951, Task avg acc:46.3821
2024-05-29 03:39:01,425 - INFO - Batch num: 20, Task 0 acc: 53.5077, Batch num: 20, Task 1 acc: 46.7753, Batch num: 20, Task 2 acc: 76.6882, Batch num: 20, Task 3 acc: 24.9671, Task avg acc:50.4846
2024-05-29 03:39:10,693 - INFO - Batch num: 30, Task 0 acc: 50.5899, Batch num: 30, Task 1 acc: 38.7384, Batch num: 30, Task 2 acc: 76.8229, Batch num: 30, Task 3 acc: 63.3470, Task avg acc:57.3746
2024-05-29 03:39:19,971 - INFO - Batch num: 40, Task 0 acc: 40.1945, Batch num: 40, Task 1 acc: 32.7045, Batch num: 40, Task 2 acc: 73.6710, Batch num: 40, Task 3 acc: 82.9934, Task avg acc:57.3908
2024-05-29 03:39:29,271 - INFO - Batch num: 50, Task 0 acc: 30.0303, Batch num: 50, Task 1 acc: 31.6157, Batch num: 50, Task 2 acc: 67.2683, Batch num: 50, Task 3 acc: 89.6382, Task avg acc:54.6381
2024-05-29 03:39:38,515 - INFO - Batch num: 60, Task 0 acc: 34.0721, Batch num: 60, Task 1 acc: 32.7377, Batch num: 60, Task 2 acc: 69.4235, Batch num: 60, Task 3 acc: 89.2352, Task avg acc:56.3671
2024-05-29 03:39:47,870 - INFO - Batch num: 70, Task 0 acc: 39.2538, Batch num: 70, Task 1 acc: 29.3135, Batch num: 70, Task 2 acc: 72.2252, Batch num: 70, Task 3 acc: 87.8618, Task avg acc:57.1636
2024-05-29 03:39:57,121 - INFO - Batch num: 80, Task 0 acc: 45.2487, Batch num: 80, Task 1 acc: 24.7507, Batch num: 80, Task 2 acc: 68.7410, Batch num: 80, Task 3 acc: 88.8734, Task avg acc:56.9034
2024-05-29 03:40:06,436 - INFO - Batch num: 90, Task 0 acc: 38.7277, Batch num: 90, Task 1 acc: 24.3185, Batch num: 90, Task 2 acc: 62.8412, Batch num: 90, Task 3 acc: 92.5576, Task avg acc:54.6112
2024-05-29 03:40:06,565 - INFO - Epoch 1
2024-05-29 03:40:15,565 - INFO - Batch num: 0, Task 0 acc: 40.0112, Batch num: 0, Task 1 acc: 26.0057, Batch num: 0, Task 2 acc: 64.7629, Batch num: 0, Task 3 acc: 92.1546, Task avg acc:55.7336
2024-05-29 03:40:24,853 - INFO - Batch num: 10, Task 0 acc: 38.0899, Batch num: 10, Task 1 acc: 34.5745, Batch num: 10, Task 2 acc: 61.0273, Batch num: 10, Task 3 acc: 91.9326, Task avg acc:56.4061
2024-05-29 03:40:34,071 - INFO - Batch num: 20, Task 0 acc: 43.6145, Batch num: 20, Task 1 acc: 35.1978, Batch num: 20, Task 2 acc: 61.4045, Batch num: 20, Task 3 acc: 92.9770, Task avg acc:58.2984
2024-05-29 03:40:43,428 - INFO - Batch num: 30, Task 0 acc: 40.1786, Batch num: 30, Task 1 acc: 31.0256, Batch num: 30, Task 2 acc: 58.1717, Batch num: 30, Task 3 acc: 94.7944, Task avg acc:56.0426
2024-05-29 03:40:52,716 - INFO - Batch num: 40, Task 0 acc: 43.9493, Batch num: 40, Task 1 acc: 29.2221, Batch num: 40, Task 2 acc: 61.9522, Batch num: 40, Task 3 acc: 93.9885, Task avg acc:57.2780
2024-05-29 03:41:01,945 - INFO - Batch num: 50, Task 0 acc: 46.4126, Batch num: 50, Task 1 acc: 26.0140, Batch num: 50, Task 2 acc: 63.4249, Batch num: 50, Task 3 acc: 93.8322, Task avg acc:57.4209
2024-05-29 03:41:11,281 - INFO - Batch num: 60, Task 0 acc: 47.6802, Batch num: 60, Task 1 acc: 23.8780, Batch num: 60, Task 2 acc: 60.4436, Batch num: 60, Task 3 acc: 94.2763, Task avg acc:56.5695
2024-05-29 03:41:20,584 - INFO - Batch num: 70, Task 0 acc: 48.6607, Batch num: 70, Task 1 acc: 27.5183, Batch num: 70, Task 2 acc: 58.7374, Batch num: 70, Task 3 acc: 93.8487, Task avg acc:57.1913
2024-05-29 03:41:29,929 - INFO - Batch num: 80, Task 0 acc: 45.7191, Batch num: 80, Task 1 acc: 29.6044, Batch num: 80, Task 2 acc: 58.5219, Batch num: 80, Task 3 acc: 93.2155, Task avg acc:56.7652
2024-05-29 03:41:39,213 - INFO - Batch num: 90, Task 0 acc: 41.1432, Batch num: 90, Task 1 acc: 28.9727, Batch num: 90, Task 2 acc: 62.3922, Batch num: 90, Task 3 acc: 93.9062, Task avg acc:56.6036
2024-05-29 03:41:39,333 - INFO - Epoch 2
2024-05-29 03:41:48,430 - INFO - Batch num: 0, Task 0 acc: 42.2274, Batch num: 0, Task 1 acc: 28.8231, Batch num: 0, Task 2 acc: 63.8200, Batch num: 0, Task 3 acc: 93.7911, Task avg acc:57.1654
2024-05-29 03:41:57,700 - INFO - Batch num: 10, Task 0 acc: 38.4646, Batch num: 10, Task 1 acc: 27.6762, Batch num: 10, Task 2 acc: 58.7733, Batch num: 10, Task 3 acc: 94.1694, Task avg acc:54.7709
2024-05-29 03:42:07,023 - INFO - Batch num: 20, Task 0 acc: 42.0041, Batch num: 20, Task 1 acc: 23.6702, Batch num: 20, Task 2 acc: 56.5284, Batch num: 20, Task 3 acc: 94.7533, Task avg acc:54.2390
2024-05-29 03:42:16,280 - INFO - Batch num: 30, Task 0 acc: 38.6320, Batch num: 30, Task 1 acc: 22.1991, Batch num: 30, Task 2 acc: 55.6214, Batch num: 30, Task 3 acc: 93.7664, Task avg acc:52.5548
2024-05-29 03:42:25,625 - INFO - Batch num: 40, Task 0 acc: 28.9780, Batch num: 40, Task 1 acc: 17.0795, Batch num: 40, Task 2 acc: 53.8973, Batch num: 40, Task 3 acc: 94.3174, Task avg acc:48.5680
2024-05-29 03:42:34,844 - INFO - Batch num: 50, Task 0 acc: 25.3029, Batch num: 50, Task 1 acc: 16.9132, Batch num: 50, Task 2 acc: 56.1243, Batch num: 50, Task 3 acc: 94.3339, Task avg acc:48.1686
2024-05-29 03:42:44,160 - INFO - Batch num: 60, Task 0 acc: 24.6971, Batch num: 60, Task 1 acc: 16.7138, Batch num: 60, Task 2 acc: 53.5471, Batch num: 60, Task 3 acc: 94.4243, Task avg acc:47.3456
2024-05-29 03:42:53,453 - INFO - Batch num: 70, Task 0 acc: 24.9761, Batch num: 70, Task 1 acc: 17.0462, Batch num: 70, Task 2 acc: 54.4810, Batch num: 70, Task 3 acc: 95.0493, Task avg acc:47.8881
2024-05-29 03:43:02,839 - INFO - Batch num: 80, Task 0 acc: 22.0026, Batch num: 80, Task 1 acc: 16.0489, Batch num: 80, Task 2 acc: 55.0287, Batch num: 80, Task 3 acc: 95.3536, Task avg acc:47.1084
2024-05-29 03:43:12,122 - INFO - Batch num: 90, Task 0 acc: 15.9439, Batch num: 90, Task 1 acc: 13.6137, Batch num: 90, Task 2 acc: 52.8107, Batch num: 90, Task 3 acc: 96.0197, Task avg acc:44.5970
2024-05-29 03:43:12,270 - INFO - Epoch 3
2024-05-29 03:43:21,365 - INFO - Batch num: 0, Task 0 acc: 15.0749, Batch num: 0, Task 1 acc: 12.0844, Batch num: 0, Task 2 acc: 51.6882, Batch num: 0, Task 3 acc: 96.1431, Task avg acc:43.7477
2024-05-29 03:43:30,594 - INFO - Batch num: 10, Task 0 acc: 13.7994, Batch num: 10, Task 1 acc: 10.5552, Batch num: 10, Task 2 acc: 48.6620, Batch num: 10, Task 3 acc: 95.5345, Task avg acc:42.1378
2024-05-29 03:43:39,890 - INFO - Batch num: 20, Task 0 acc: 17.3469, Batch num: 20, Task 1 acc: 11.1785, Batch num: 20, Task 2 acc: 48.9494, Batch num: 20, Task 3 acc: 96.0444, Task avg acc:43.3798
2024-05-29 03:43:49,139 - INFO - Batch num: 30, Task 0 acc: 18.1441, Batch num: 30, Task 1 acc: 12.0844, Batch num: 30, Task 2 acc: 49.5330, Batch num: 30, Task 3 acc: 96.1102, Task avg acc:43.9680
2024-05-29 03:43:58,487 - INFO - Batch num: 40, Task 0 acc: 14.5966, Batch num: 40, Task 1 acc: 12.2174, Batch num: 40, Task 2 acc: 52.5503, Batch num: 40, Task 3 acc: 96.3405, Task avg acc:43.9262
2024-05-29 03:44:07,718 - INFO - Batch num: 50, Task 0 acc: 15.7685, Batch num: 50, Task 1 acc: 13.7467, Batch num: 50, Task 2 acc: 54.1936, Batch num: 50, Task 3 acc: 96.2829, Task avg acc:44.9979
2024-05-29 03:44:16,956 - INFO - Batch num: 60, Task 0 acc: 14.8836, Batch num: 60, Task 1 acc: 12.1592, Batch num: 60, Task 2 acc: 54.2475, Batch num: 60, Task 3 acc: 95.8635, Task avg acc:44.2885
2024-05-29 03:44:26,341 - INFO - Batch num: 70, Task 0 acc: 12.9464, Batch num: 70, Task 1 acc: 11.2118, Batch num: 70, Task 2 acc: 56.5014, Batch num: 70, Task 3 acc: 95.2220, Task avg acc:43.9704
2024-05-29 03:44:35,649 - INFO - Batch num: 80, Task 0 acc: 14.1183, Batch num: 80, Task 1 acc: 12.1759, Batch num: 80, Task 2 acc: 59.8869, Batch num: 80, Task 3 acc: 94.5312, Task avg acc:45.1781
2024-05-29 03:44:44,859 - INFO - Batch num: 90, Task 0 acc: 14.4850, Batch num: 90, Task 1 acc: 11.9681, Batch num: 90, Task 2 acc: 62.3294, Batch num: 90, Task 3 acc: 94.2434, Task avg acc:45.7565
2024-05-29 03:44:44,988 - INFO - ##########Task 4##########
2024-05-29 03:44:44,989 - INFO - Epoch 0
2024-05-29 03:44:56,221 - INFO - Batch num: 0, Task 0 acc: 17.7136, Batch num: 0, Task 1 acc: 12.5997, Batch num: 0, Task 2 acc: 64.5115, Batch num: 0, Task 3 acc: 93.9720, Batch num: 0, Task 4 acc: 0.0170, Task avg acc:37.7628
2024-05-29 03:45:07,665 - INFO - Batch num: 10, Task 0 acc: 44.9139, Batch num: 10, Task 1 acc: 13.3394, Batch num: 10, Task 2 acc: 70.0341, Batch num: 10, Task 3 acc: 94.1694, Batch num: 10, Task 4 acc: 0.1019, Task avg acc:44.5118
2024-05-29 03:45:19,176 - INFO - Batch num: 20, Task 0 acc: 41.5816, Batch num: 20, Task 1 acc: 13.0485, Batch num: 20, Task 2 acc: 63.9907, Batch num: 20, Task 3 acc: 94.3339, Batch num: 20, Task 4 acc: 1.0530, Task avg acc:42.8015
2024-05-29 03:45:30,605 - INFO - Batch num: 30, Task 0 acc: 29.7592, Batch num: 30, Task 1 acc: 18.7251, Batch num: 30, Task 2 acc: 61.3057, Batch num: 30, Task 3 acc: 92.2697, Batch num: 30, Task 4 acc: 4.3903, Task avg acc:41.2900
2024-05-29 03:45:42,104 - INFO - Batch num: 40, Task 0 acc: 30.0861, Batch num: 40, Task 1 acc: 17.4701, Batch num: 40, Task 2 acc: 50.3143, Batch num: 40, Task 3 acc: 89.0296, Batch num: 40, Task 4 acc: 26.2653, Task avg acc:42.6331
2024-05-29 03:45:53,525 - INFO - Batch num: 50, Task 0 acc: 17.3629, Batch num: 50, Task 1 acc: 14.0874, Batch num: 50, Task 2 acc: 32.9652, Batch num: 50, Task 3 acc: 84.6793, Batch num: 50, Task 4 acc: 50.5605, Task avg acc:39.9310
2024-05-29 03:46:05,102 - INFO - Batch num: 60, Task 0 acc: 14.0386, Batch num: 60, Task 1 acc: 10.5635, Batch num: 60, Task 2 acc: 24.2996, Batch num: 60, Task 3 acc: 79.3914, Batch num: 60, Task 4 acc: 63.7823, Task avg acc:38.4151
2024-05-29 03:46:16,559 - INFO - Batch num: 70, Task 0 acc: 14.2618, Batch num: 70, Task 1 acc: 6.2168, Batch num: 70, Task 2 acc: 21.3452, Batch num: 70, Task 3 acc: 67.7796, Batch num: 70, Task 4 acc: 71.1192, Task avg acc:36.1445
2024-05-29 03:46:28,055 - INFO - Batch num: 80, Task 0 acc: 13.7675, Batch num: 80, Task 1 acc: 3.8564, Batch num: 80, Task 2 acc: 23.3746, Batch num: 80, Task 3 acc: 61.9161, Batch num: 80, Task 4 acc: 67.1450, Task avg acc:34.0119
2024-05-29 03:46:39,465 - INFO - Batch num: 90, Task 0 acc: 14.6205, Batch num: 90, Task 1 acc: 4.0891, Batch num: 90, Task 2 acc: 24.3355, Batch num: 90, Task 3 acc: 55.1069, Batch num: 90, Task 4 acc: 70.0068, Task avg acc:33.6318
2024-05-29 03:46:39,501 - INFO - Epoch 1
2024-05-29 03:46:50,724 - INFO - Batch num: 0, Task 0 acc: 14.8597, Batch num: 0, Task 1 acc: 3.9312, Batch num: 0, Task 2 acc: 24.2188, Batch num: 0, Task 3 acc: 55.7648, Batch num: 0, Task 4 acc: 71.4249, Task avg acc:34.0399
2024-05-29 03:47:02,176 - INFO - Batch num: 10, Task 0 acc: 14.2538, Batch num: 10, Task 1 acc: 3.7151, Batch num: 10, Task 2 acc: 22.5395, Batch num: 10, Task 3 acc: 50.1069, Batch num: 10, Task 4 acc: 72.3166, Task avg acc:32.5864
2024-05-29 03:47:13,691 - INFO - Batch num: 20, Task 0 acc: 20.7828, Batch num: 20, Task 1 acc: 4.5379, Batch num: 20, Task 2 acc: 21.0489, Batch num: 20, Task 3 acc: 51.5872, Batch num: 20, Task 4 acc: 71.9090, Task avg acc:33.9731
2024-05-29 03:47:25,124 - INFO - Batch num: 30, Task 0 acc: 15.7127, Batch num: 30, Task 1 acc: 5.1529, Batch num: 30, Task 2 acc: 19.5133, Batch num: 30, Task 3 acc: 53.9062, Batch num: 30, Task 4 acc: 75.2802, Task avg acc:33.9131
2024-05-29 03:47:36,636 - INFO - Batch num: 40, Task 0 acc: 15.8881, Batch num: 40, Task 1 acc: 7.0562, Batch num: 40, Task 2 acc: 21.7672, Batch num: 40, Task 3 acc: 56.8586, Batch num: 40, Task 4 acc: 73.8281, Task avg acc:35.0796
2024-05-29 03:47:48,055 - INFO - Batch num: 50, Task 0 acc: 13.9349, Batch num: 50, Task 1 acc: 8.4441, Batch num: 50, Task 2 acc: 16.9091, Batch num: 50, Task 3 acc: 53.1414, Batch num: 50, Task 4 acc: 74.2612, Task avg acc:33.3382
2024-05-29 03:47:59,491 - INFO - Batch num: 60, Task 0 acc: 16.0475, Batch num: 60, Task 1 acc: 9.0675, Batch num: 60, Task 2 acc: 19.5223, Batch num: 60, Task 3 acc: 47.1217, Batch num: 60, Task 4 acc: 71.8325, Task avg acc:32.7183
2024-05-29 03:48:11,047 - INFO - Batch num: 70, Task 0 acc: 16.2070, Batch num: 70, Task 1 acc: 10.2726, Batch num: 70, Task 2 acc: 20.1149, Batch num: 70, Task 3 acc: 44.7780, Batch num: 70, Task 4 acc: 73.2507, Task avg acc:32.9246
2024-05-29 03:48:22,542 - INFO - Batch num: 80, Task 0 acc: 12.8029, Batch num: 80, Task 1 acc: 9.5246, Batch num: 80, Task 2 acc: 21.9648, Batch num: 80, Task 3 acc: 47.4507, Batch num: 80, Task 4 acc: 71.1022, Task avg acc:32.5690
2024-05-29 03:48:34,068 - INFO - Batch num: 90, Task 0 acc: 11.2404, Batch num: 90, Task 1 acc: 7.8374, Batch num: 90, Task 2 acc: 21.5517, Batch num: 90, Task 3 acc: 47.0641, Batch num: 90, Task 4 acc: 73.0808, Task avg acc:32.1549
2024-05-29 03:48:34,099 - INFO - Epoch 2
2024-05-29 03:48:45,248 - INFO - Batch num: 0, Task 0 acc: 11.0013, Batch num: 0, Task 1 acc: 7.2141, Batch num: 0, Task 2 acc: 21.5787, Batch num: 0, Task 3 acc: 46.1431, Batch num: 0, Task 4 acc: 73.3611, Task avg acc:31.8596
2024-05-29 03:48:56,776 - INFO - Batch num: 10, Task 0 acc: 8.9525, Batch num: 10, Task 1 acc: 4.6044, Batch num: 10, Task 2 acc: 22.8807, Batch num: 10, Task 3 acc: 44.3750, Batch num: 10, Task 4 acc: 72.5883, Task avg acc:30.6802
2024-05-29 03:49:08,281 - INFO - Batch num: 20, Task 0 acc: 8.8409, Batch num: 20, Task 1 acc: 3.5489, Batch num: 20, Task 2 acc: 22.7820, Batch num: 20, Task 3 acc: 41.8750, Batch num: 20, Task 4 acc: 72.1213, Task avg acc:29.8336
2024-05-29 03:49:19,783 - INFO - Batch num: 30, Task 0 acc: 9.8932, Batch num: 30, Task 1 acc: 4.1057, Batch num: 30, Task 2 acc: 21.7583, Batch num: 30, Task 3 acc: 42.7878, Batch num: 30, Task 4 acc: 73.3271, Task avg acc:30.3744
2024-05-29 03:49:31,213 - INFO - Batch num: 40, Task 0 acc: 12.4442, Batch num: 40, Task 1 acc: 3.9727, Batch num: 40, Task 2 acc: 21.8391, Batch num: 40, Task 3 acc: 42.4589, Batch num: 40, Task 4 acc: 73.1488, Task avg acc:30.7727
2024-05-29 03:49:42,714 - INFO - Batch num: 50, Task 0 acc: 15.4018, Batch num: 50, Task 1 acc: 5.0781, Batch num: 50, Task 2 acc: 20.2317, Batch num: 50, Task 3 acc: 43.4622, Batch num: 50, Task 4 acc: 76.0190, Task avg acc:32.0386
2024-05-29 03:49:54,157 - INFO - Batch num: 60, Task 0 acc: 21.5800, Batch num: 60, Task 1 acc: 8.4940, Batch num: 60, Task 2 acc: 18.2830, Batch num: 60, Task 3 acc: 46.1431, Batch num: 60, Task 4 acc: 74.2527, Task avg acc:33.7506
2024-05-29 03:50:05,694 - INFO - Batch num: 70, Task 0 acc: 27.3039, Batch num: 70, Task 1 acc: 10.5469, Batch num: 70, Task 2 acc: 17.8071, Batch num: 70, Task 3 acc: 47.2944, Batch num: 70, Task 4 acc: 74.8132, Task avg acc:35.5531
2024-05-29 03:50:17,152 - INFO - Batch num: 80, Task 0 acc: 28.8983, Batch num: 80, Task 1 acc: 9.4332, Batch num: 80, Task 2 acc: 20.7525, Batch num: 80, Task 3 acc: 45.0822, Batch num: 80, Task 4 acc: 70.9664, Task avg acc:35.0265
2024-05-29 03:50:28,734 - INFO - Batch num: 90, Task 0 acc: 26.0762, Batch num: 90, Task 1 acc: 10.4555, Batch num: 90, Task 2 acc: 21.0219, Batch num: 90, Task 3 acc: 45.4194, Batch num: 90, Task 4 acc: 73.2931, Task avg acc:35.2532
2024-05-29 03:50:28,779 - INFO - Epoch 3
2024-05-29 03:50:39,958 - INFO - Batch num: 0, Task 0 acc: 25.0797, Batch num: 0, Task 1 acc: 10.2477, Batch num: 0, Task 2 acc: 21.0489, Batch num: 0, Task 3 acc: 44.7615, Batch num: 0, Task 4 acc: 74.0234, Task avg acc:35.0322
2024-05-29 03:50:51,449 - INFO - Batch num: 10, Task 0 acc: 23.0548, Batch num: 10, Task 1 acc: 9.7989, Batch num: 10, Task 2 acc: 22.3420, Batch num: 10, Task 3 acc: 43.5773, Batch num: 10, Task 4 acc: 73.7942, Task avg acc:34.5134
2024-05-29 03:51:02,863 - INFO - Batch num: 20, Task 0 acc: 19.2203, Batch num: 20, Task 1 acc: 10.8876, Batch num: 20, Task 2 acc: 22.0277, Batch num: 20, Task 3 acc: 42.0148, Batch num: 20, Task 4 acc: 73.2592, Task avg acc:33.4819
2024-05-29 03:51:14,382 - INFO - Batch num: 30, Task 0 acc: 15.6330, Batch num: 30, Task 1 acc: 10.2227, Batch num: 30, Task 2 acc: 22.4767, Batch num: 30, Task 3 acc: 41.6530, Batch num: 30, Task 4 acc: 74.3801, Task avg acc:32.8731
2024-05-29 03:51:25,851 - INFO - Batch num: 40, Task 0 acc: 12.8587, Batch num: 40, Task 1 acc: 11.7686, Batch num: 40, Task 2 acc: 19.1272, Batch num: 40, Task 3 acc: 39.6711, Batch num: 40, Task 4 acc: 76.7748, Task avg acc:32.0401
2024-05-29 03:51:37,381 - INFO - Batch num: 50, Task 0 acc: 11.9101, Batch num: 50, Task 1 acc: 12.5665, Batch num: 50, Task 2 acc: 16.6128, Batch num: 50, Task 3 acc: 38.0839, Batch num: 50, Task 4 acc: 78.5496, Task avg acc:31.5446
2024-05-29 03:51:48,832 - INFO - Batch num: 60, Task 0 acc: 12.1652, Batch num: 60, Task 1 acc: 12.7493, Batch num: 60, Task 2 acc: 16.9810, Batch num: 60, Task 3 acc: 37.6645, Batch num: 60, Task 4 acc: 77.6155, Task avg acc:31.4351
2024-05-29 03:52:00,320 - INFO - Batch num: 70, Task 0 acc: 12.2608, Batch num: 70, Task 1 acc: 14.4614, Batch num: 70, Task 2 acc: 15.5352, Batch num: 70, Task 3 acc: 37.8372, Batch num: 70, Task 4 acc: 78.0571, Task avg acc:31.6303
2024-05-29 03:52:11,763 - INFO - Batch num: 80, Task 0 acc: 13.9589, Batch num: 80, Task 1 acc: 14.0791, Batch num: 80, Task 2 acc: 13.5596, Batch num: 80, Task 3 acc: 36.1513, Batch num: 80, Task 4 acc: 76.5880, Task avg acc:30.8674
2024-05-29 03:52:23,263 - INFO - Batch num: 90, Task 0 acc: 17.0281, Batch num: 90, Task 1 acc: 12.6164, Batch num: 90, Task 2 acc: 11.0812, Batch num: 90, Task 3 acc: 35.8388, Batch num: 90, Task 4 acc: 78.0571, Task avg acc:30.9243
