2024-05-31 07:08:23,061 - INFO - ##########Task 0##########
2024-05-31 07:08:23,062 - INFO - Epoch 0
2024-05-31 07:08:27,991 - INFO - Epoch: 0, , Task 0 acc: 97.8874, Task avg acc:97.8874
2024-05-31 07:08:27,992 - INFO - Epoch 1
2024-05-31 07:08:32,892 - INFO - Epoch: 1, , Task 0 acc: 99.2427, Task avg acc:99.2427
2024-05-31 07:08:32,892 - INFO - Epoch 2
2024-05-31 07:08:37,714 - INFO - Epoch: 2, , Task 0 acc: 98.4614, Task avg acc:98.4614
2024-05-31 07:08:37,715 - INFO - Epoch 3
2024-05-31 07:08:42,580 - INFO - Epoch: 3, , Task 0 acc: 99.0513, Task avg acc:99.0513
2024-05-31 07:08:42,607 - INFO - ##########Task 1##########
2024-05-31 07:08:42,608 - INFO - Epoch 0
2024-05-31 07:08:49,469 - INFO - Epoch: 0, , Task 0 acc: 57.4538, Task 1 acc: 82.2390, Task avg acc:69.8464
2024-05-31 07:08:49,469 - INFO - Epoch 1
2024-05-31 07:08:56,474 - INFO - Epoch: 1, , Task 0 acc: 80.2535, Task 1 acc: 79.0891, Task avg acc:79.6713
2024-05-31 07:08:56,474 - INFO - Epoch 2
2024-05-31 07:09:03,293 - INFO - Epoch: 2, , Task 0 acc: 75.6457, Task 1 acc: 81.7071, Task avg acc:78.6764
2024-05-31 07:09:03,294 - INFO - Epoch 3
2024-05-31 07:09:10,219 - INFO - Epoch: 3, , Task 0 acc: 75.7573, Task 1 acc: 90.1679, Task avg acc:82.9626
2024-05-31 07:09:10,231 - INFO - ##########Task 2##########
2024-05-31 07:09:10,232 - INFO - Epoch 0
2024-05-31 07:09:18,919 - INFO - Epoch: 0, , Task 0 acc: 1.3712, Task 1 acc: 72.9056, Task 2 acc: 40.0054, Task avg acc:38.0940
2024-05-31 07:09:18,919 - INFO - Epoch 1
2024-05-31 07:09:27,600 - INFO - Epoch: 1, , Task 0 acc: 0.0239, Task 1 acc: 72.9139, Task 2 acc: 35.2730, Task avg acc:36.0703
2024-05-31 07:09:27,601 - INFO - Epoch 2
2024-05-31 07:09:36,380 - INFO - Epoch: 2, , Task 0 acc: 0.2152, Task 1 acc: 72.9388, Task 2 acc: 43.9476, Task avg acc:39.0339
2024-05-31 07:09:36,381 - INFO - Epoch 3
2024-05-31 07:09:44,978 - INFO - Epoch: 3, , Task 0 acc: 1.4190, Task 1 acc: 77.8341, Task 2 acc: 38.7931, Task avg acc:39.3487
2024-05-31 07:09:44,990 - INFO - ##########Task 3##########
2024-05-31 07:09:44,991 - INFO - Epoch 0
2024-05-31 07:09:56,043 - INFO - Epoch: 0, , Task 0 acc: 2.3119, Task 1 acc: 7.5050, Task 2 acc: 43.4986, Task 3 acc: 27.4260, Task avg acc:20.1853
2024-05-31 07:09:56,044 - INFO - Epoch 1
2024-05-31 07:10:07,097 - INFO - Epoch: 1, , Task 0 acc: 4.8390, Task 1 acc: 0.3657, Task 2 acc: 45.7435, Task 3 acc: 27.9359, Task avg acc:19.7210
2024-05-31 07:10:07,097 - INFO - Epoch 2
2024-05-31 07:10:18,193 - INFO - Epoch: 2, , Task 0 acc: 6.4652, Task 1 acc: 4.9867, Task 2 acc: 40.1760, Task 3 acc: 33.0181, Task avg acc:21.1615
2024-05-31 07:10:18,194 - INFO - Epoch 3
2024-05-31 07:10:29,239 - INFO - Epoch: 3, , Task 0 acc: 0.6298, Task 1 acc: 2.6513, Task 2 acc: 42.5647, Task 3 acc: 32.2286, Task avg acc:19.5186
2024-05-31 07:10:29,270 - INFO - ##########Task 4##########
2024-05-31 07:10:29,273 - INFO - Epoch 0
2024-05-31 07:10:42,312 - INFO - Epoch: 0, , Task 0 acc: 56.5848, Task 1 acc: 13.8464, Task 2 acc: 0.9519, Task 3 acc: 6.0609, Task 4 acc: 72.9280, Task avg acc:30.0744
2024-05-31 07:10:42,313 - INFO - Epoch 1
2024-05-31 07:10:55,467 - INFO - Epoch: 1, , Task 0 acc: 56.4493, Task 1 acc: 31.8816, Task 2 acc: 0.0449, Task 3 acc: 26.3487, Task 4 acc: 65.0051, Task avg acc:35.9459
2024-05-31 07:10:55,468 - INFO - Epoch 2
2024-05-31 07:11:08,554 - INFO - Epoch: 2, , Task 0 acc: 34.9570, Task 1 acc: 19.7557, Task 2 acc: 0.0000, Task 3 acc: 35.5428, Task 4 acc: 68.3424, Task avg acc:31.7196
2024-05-31 07:11:08,554 - INFO - Epoch 3
2024-05-31 07:11:21,627 - INFO - Epoch: 3, , Task 0 acc: 52.2879, Task 1 acc: 23.5372, Task 2 acc: 0.0898, Task 3 acc: 23.4704, Task 4 acc: 68.2829, Task avg acc:33.5337
