2024-05-31 05:52:24,454 - INFO - ##########Task 0##########
2024-05-31 05:52:24,455 - INFO - Epoch 0
2024-05-31 05:52:30,808 - INFO - Epoch: 0, , Task 0 acc: 82.5415, Task avg acc:82.5415
2024-05-31 05:52:30,809 - INFO - Epoch 1
2024-05-31 05:52:38,944 - INFO - Epoch: 1, , Task 0 acc: 90.4656, Task avg acc:90.4656
2024-05-31 05:52:38,945 - INFO - Epoch 2
2024-05-31 05:52:45,449 - INFO - Epoch: 2, , Task 0 acc: 95.1132, Task avg acc:95.1132
2024-05-31 05:52:45,450 - INFO - Epoch 3
2024-05-31 05:52:50,874 - INFO - Epoch: 3, , Task 0 acc: 97.6802, Task avg acc:97.6802
2024-05-31 05:52:50,885 - INFO - ##########Task 1##########
2024-05-31 05:52:50,885 - INFO - Epoch 0
2024-05-31 05:52:58,057 - INFO - Epoch: 0, , Task 0 acc: 56.1623, Task 1 acc: 65.1679, Task avg acc:60.6651
2024-05-31 05:52:58,058 - INFO - Epoch 1
2024-05-31 05:53:06,677 - INFO - Epoch: 1, , Task 0 acc: 88.4168, Task 1 acc: 56.4910, Task avg acc:72.4539
2024-05-31 05:53:06,677 - INFO - Epoch 2
2024-05-31 05:53:15,656 - INFO - Epoch: 2, , Task 0 acc: 78.1170, Task 1 acc: 65.2011, Task avg acc:71.6591
2024-05-31 05:53:15,657 - INFO - Epoch 3
2024-05-31 05:53:25,112 - INFO - Epoch: 3, , Task 0 acc: 84.9729, Task 1 acc: 61.6772, Task avg acc:73.3250
2024-05-31 05:53:25,129 - INFO - ##########Task 2##########
2024-05-31 05:53:25,130 - INFO - Epoch 0
2024-05-31 05:53:37,274 - INFO - Epoch: 0, , Task 0 acc: 0.0000, Task 1 acc: 68.4342, Task 2 acc: 51.1674, Task avg acc:39.8672
2024-05-31 05:53:37,275 - INFO - Epoch 1
2024-05-31 05:53:51,471 - INFO - Epoch: 1, , Task 0 acc: 0.5102, Task 1 acc: 53.1499, Task 2 acc: 59.9048, Task avg acc:37.8550
2024-05-31 05:53:51,472 - INFO - Epoch 2
2024-05-31 05:54:05,892 - INFO - Epoch: 2, , Task 0 acc: 1.4828, Task 1 acc: 52.2357, Task 2 acc: 62.4641, Task avg acc:38.7275
2024-05-31 05:54:05,894 - INFO - Epoch 3
2024-05-31 05:54:21,209 - INFO - Epoch: 3, , Task 0 acc: 0.1515, Task 1 acc: 65.7414, Task 2 acc: 54.6426, Task avg acc:40.1785
2024-05-31 05:54:21,236 - INFO - ##########Task 3##########
2024-05-31 05:54:21,238 - INFO - Epoch 0
2024-05-31 05:54:36,151 - INFO - Epoch: 0, , Task 0 acc: 19.0131, Task 1 acc: 14.4531, Task 2 acc: 50.9429, Task 3 acc: 43.1826, Task avg acc:31.8979
2024-05-31 05:54:36,152 - INFO - Epoch 1
2024-05-31 05:54:58,100 - INFO - Epoch: 1, , Task 0 acc: 0.0000, Task 1 acc: 3.4242, Task 2 acc: 42.8700, Task 3 acc: 57.6480, Task avg acc:25.9855
2024-05-31 05:54:58,102 - INFO - Epoch 2
2024-05-31 05:55:23,113 - INFO - Epoch: 2, , Task 0 acc: 4.3447, Task 1 acc: 18.2846, Task 2 acc: 38.6135, Task 3 acc: 59.7944, Task avg acc:30.2593
2024-05-31 05:55:23,115 - INFO - Epoch 3
2024-05-31 05:55:45,598 - INFO - Epoch: 3, , Task 0 acc: 2.0169, Task 1 acc: 19.2071, Task 2 acc: 36.7098, Task 3 acc: 58.2484, Task avg acc:29.0455
2024-05-31 05:55:45,607 - INFO - ##########Task 4##########
2024-05-31 05:55:45,608 - INFO - Epoch 0
2024-05-31 05:56:11,346 - INFO - Epoch: 0, , Task 0 acc: 3.7707, Task 1 acc: 8.6021, Task 2 acc: 6.5014, Task 3 acc: 19.5641, Task 4 acc: 63.3322, Task avg acc:20.3541
2024-05-31 05:56:11,346 - INFO - Epoch 1
2024-05-31 05:56:38,583 - INFO - Epoch: 1, , Task 0 acc: 1.1639, Task 1 acc: 17.0961, Task 2 acc: 0.3951, Task 3 acc: 18.4293, Task 4 acc: 71.6627, Task avg acc:21.7494
2024-05-31 05:56:38,584 - INFO - Epoch 2
2024-05-31 05:57:27,916 - INFO - Epoch: 2, , Task 0 acc: 4.2012, Task 1 acc: 16.8717, Task 2 acc: 0.4670, Task 3 acc: 25.0658, Task 4 acc: 67.0516, Task avg acc:22.7315
2024-05-31 05:57:27,919 - INFO - Epoch 3
2024-05-31 05:58:17,847 - INFO - Epoch: 3, , Task 0 acc: 1.5944, Task 1 acc: 31.8983, Task 2 acc: 0.0898, Task 3 acc: 26.0115, Task 4 acc: 73.3611, Task avg acc:26.5910
