2024-05-30 21:41:06,682 - INFO - ##########Task 0##########
2024-05-30 21:41:06,683 - INFO - Epoch 0
2024-05-30 21:41:11,626 - INFO - Epoch: 0, , Task 0 acc: 96.1575, Task avg acc:96.1575
2024-05-30 21:41:11,627 - INFO - Epoch 1
2024-05-30 21:41:16,462 - INFO - Epoch: 1, , Task 0 acc: 95.9901, Task avg acc:95.9901
2024-05-30 21:41:16,463 - INFO - Epoch 2
2024-05-30 21:41:21,315 - INFO - Epoch: 2, , Task 0 acc: 97.9114, Task avg acc:97.9114
2024-05-30 21:41:21,316 - INFO - Epoch 3
2024-05-30 21:41:26,238 - INFO - Epoch: 3, , Task 0 acc: 98.9477, Task avg acc:98.9477
2024-05-30 21:41:26,249 - INFO - ##########Task 1##########
2024-05-30 21:41:26,250 - INFO - Epoch 0
2024-05-30 21:41:33,143 - INFO - Epoch: 0, , Task 0 acc: 89.6126, Task 1 acc: 35.8128, Task avg acc:62.7127
2024-05-30 21:41:33,143 - INFO - Epoch 1
2024-05-30 21:41:40,066 - INFO - Epoch: 1, , Task 0 acc: 93.4630, Task 1 acc: 31.7487, Task avg acc:62.6058
2024-05-30 21:41:40,067 - INFO - Epoch 2
2024-05-30 21:41:46,913 - INFO - Epoch: 2, , Task 0 acc: 92.2353, Task 1 acc: 33.3029, Task avg acc:62.7691
2024-05-30 21:41:46,914 - INFO - Epoch 3
2024-05-30 21:41:53,773 - INFO - Epoch: 3, , Task 0 acc: 91.8048, Task 1 acc: 38.7965, Task avg acc:65.3007
2024-05-30 21:41:53,785 - INFO - ##########Task 2##########
2024-05-30 21:41:53,786 - INFO - Epoch 0
2024-05-30 21:42:02,553 - INFO - Epoch: 0, , Task 0 acc: 92.2911, Task 1 acc: 37.5083, Task 2 acc: 30.2802, Task avg acc:53.3599
2024-05-30 21:42:02,553 - INFO - Epoch 1
2024-05-30 21:42:11,184 - INFO - Epoch: 1, , Task 0 acc: 91.3026, Task 1 acc: 34.0675, Task 2 acc: 28.4932, Task avg acc:51.2878
2024-05-30 21:42:11,185 - INFO - Epoch 2
2024-05-30 21:42:19,830 - INFO - Epoch: 2, , Task 0 acc: 88.1776, Task 1 acc: 35.6217, Task 2 acc: 24.4702, Task avg acc:49.4232
2024-05-30 21:42:19,831 - INFO - Epoch 3
2024-05-30 21:42:28,502 - INFO - Epoch: 3, , Task 0 acc: 88.6559, Task 1 acc: 33.0286, Task 2 acc: 31.3308, Task avg acc:51.0051
2024-05-30 21:42:28,513 - INFO - ##########Task 3##########
2024-05-30 21:42:28,513 - INFO - Epoch 0
2024-05-30 21:42:39,580 - INFO - Epoch: 0, , Task 0 acc: 89.5807, Task 1 acc: 16.2982, Task 2 acc: 13.3890, Task 3 acc: 40.9211, Task avg acc:40.0472
2024-05-30 21:42:39,580 - INFO - Epoch 1
2024-05-30 21:42:50,590 - INFO - Epoch: 1, , Task 0 acc: 85.9614, Task 1 acc: 15.7912, Task 2 acc: 24.0841, Task 3 acc: 31.1842, Task avg acc:39.2552
2024-05-30 21:42:50,590 - INFO - Epoch 2
2024-05-30 21:43:01,721 - INFO - Epoch: 2, , Task 0 acc: 85.6983, Task 1 acc: 18.0851, Task 2 acc: 17.1785, Task 3 acc: 27.4013, Task avg acc:37.0908
2024-05-30 21:43:01,721 - INFO - Epoch 3
2024-05-30 21:43:12,772 - INFO - Epoch: 3, , Task 0 acc: 87.2449, Task 1 acc: 19.5562, Task 2 acc: 19.2888, Task 3 acc: 22.9030, Task avg acc:37.2482
2024-05-30 21:43:12,784 - INFO - ##########Task 4##########
2024-05-30 21:43:12,784 - INFO - Epoch 0
2024-05-30 21:43:25,771 - INFO - Epoch: 0, , Task 0 acc: 88.4327, Task 1 acc: 15.6167, Task 2 acc: 18.6871, Task 3 acc: 7.9441, Task 4 acc: 19.8709, Task avg acc:30.1103
2024-05-30 21:43:25,771 - INFO - Epoch 1
2024-05-30 21:43:38,846 - INFO - Epoch: 1, , Task 0 acc: 84.0641, Task 1 acc: 18.1599, Task 2 acc: 7.4084, Task 3 acc: 4.0049, Task 4 acc: 45.0662, Task avg acc:31.7407
2024-05-30 21:43:38,848 - INFO - Epoch 2
2024-05-30 21:43:51,880 - INFO - Epoch: 2, , Task 0 acc: 90.5054, Task 1 acc: 15.4920, Task 2 acc: 6.9864, Task 3 acc: 1.8586, Task 4 acc: 47.9025, Task avg acc:32.5490
2024-05-30 21:43:51,881 - INFO - Epoch 3
2024-05-30 21:44:04,933 - INFO - Epoch: 3, , Task 0 acc: 86.9180, Task 1 acc: 18.4342, Task 2 acc: 7.1390, Task 3 acc: 1.7599, Task 4 acc: 47.4694, Task avg acc:32.3441
