2024-05-31 08:09:41,254 - INFO - ##########Task 0##########
2024-05-31 08:09:41,257 - INFO - Epoch 0
2024-05-31 08:09:51,175 - INFO - Epoch: 0, , Task 0 acc: 69.5950, Task avg acc:69.5950
2024-05-31 08:09:51,177 - INFO - Epoch 1
2024-05-31 08:09:59,546 - INFO - Epoch: 1, , Task 0 acc: 98.2143, Task avg acc:98.2143
2024-05-31 08:09:59,547 - INFO - Epoch 2
2024-05-31 08:10:06,819 - INFO - Epoch: 2, , Task 0 acc: 98.9318, Task avg acc:98.9318
2024-05-31 08:10:06,820 - INFO - Epoch 3
2024-05-31 08:10:14,565 - INFO - Epoch: 3, , Task 0 acc: 99.2985, Task avg acc:99.2985
2024-05-31 08:10:14,585 - INFO - ##########Task 1##########
2024-05-31 08:10:14,586 - INFO - Epoch 0
2024-05-31 08:10:24,316 - INFO - Epoch: 0, , Task 0 acc: 42.6658, Task 1 acc: 85.1230, Task avg acc:63.8944
2024-05-31 08:10:24,317 - INFO - Epoch 1
2024-05-31 08:10:34,560 - INFO - Epoch: 1, , Task 0 acc: 71.2293, Task 1 acc: 90.6666, Task avg acc:80.9479
2024-05-31 08:10:34,563 - INFO - Epoch 2
2024-05-31 08:10:44,374 - INFO - Epoch: 2, , Task 0 acc: 80.3492, Task 1 acc: 84.5329, Task avg acc:82.4410
2024-05-31 08:10:44,375 - INFO - Epoch 3
2024-05-31 08:10:54,059 - INFO - Epoch: 3, , Task 0 acc: 76.2357, Task 1 acc: 84.4166, Task avg acc:80.3261
2024-05-31 08:10:54,079 - INFO - ##########Task 2##########
2024-05-31 08:10:54,080 - INFO - Epoch 0
2024-05-31 08:11:05,867 - INFO - Epoch: 0, , Task 0 acc: 62.0217, Task 1 acc: 38.7384, Task 2 acc: 49.8114, Task avg acc:50.1905
2024-05-31 08:11:05,868 - INFO - Epoch 1
2024-05-31 08:11:17,379 - INFO - Epoch: 1, , Task 0 acc: 66.8527, Task 1 acc: 42.3953, Task 2 acc: 63.7751, Task avg acc:57.6744
2024-05-31 08:11:17,380 - INFO - Epoch 2
2024-05-31 08:11:28,707 - INFO - Epoch: 2, , Task 0 acc: 78.2526, Task 1 acc: 49.2520, Task 2 acc: 64.9784, Task avg acc:64.1610
2024-05-31 08:11:28,708 - INFO - Epoch 3
2024-05-31 08:11:40,177 - INFO - Epoch: 3, , Task 0 acc: 64.7959, Task 1 acc: 44.4648, Task 2 acc: 77.5593, Task avg acc:62.2733
2024-05-31 08:11:40,196 - INFO - ##########Task 3##########
2024-05-31 08:11:40,197 - INFO - Epoch 0
2024-05-31 08:11:54,513 - INFO - Epoch: 0, , Task 0 acc: 89.8677, Task 1 acc: 35.7380, Task 2 acc: 30.7830, Task 3 acc: 86.6283, Task avg acc:60.7543
2024-05-31 08:11:54,514 - INFO - Epoch 1
2024-05-31 08:12:08,759 - INFO - Epoch: 1, , Task 0 acc: 66.8128, Task 1 acc: 16.1403, Task 2 acc: 61.5392, Task 3 acc: 69.3997, Task avg acc:53.4730
2024-05-31 08:12:08,760 - INFO - Epoch 2
2024-05-31 08:12:23,007 - INFO - Epoch: 2, , Task 0 acc: 72.1460, Task 1 acc: 31.2916, Task 2 acc: 49.7845, Task 3 acc: 76.5214, Task avg acc:57.4359
2024-05-31 08:12:23,008 - INFO - Epoch 3
2024-05-31 08:12:37,656 - INFO - Epoch: 3, , Task 0 acc: 70.9263, Task 1 acc: 32.6130, Task 2 acc: 47.7011, Task 3 acc: 85.3207, Task avg acc:59.1403
2024-05-31 08:12:37,675 - INFO - ##########Task 4##########
2024-05-31 08:12:37,676 - INFO - Epoch 0
2024-05-31 08:12:54,369 - INFO - Epoch: 0, , Task 0 acc: 75.4305, Task 1 acc: 37.9820, Task 2 acc: 52.0654, Task 3 acc: 21.9490, Task 4 acc: 16.6016, Task avg acc:40.8057
2024-05-31 08:12:54,370 - INFO - Epoch 1
2024-05-31 08:13:11,829 - INFO - Epoch: 1, , Task 0 acc: 78.2047, Task 1 acc: 39.2620, Task 2 acc: 12.9400, Task 3 acc: 6.7681, Task 4 acc: 59.7826, Task avg acc:39.3915
2024-05-31 08:13:11,832 - INFO - Epoch 2
2024-05-31 08:13:29,087 - INFO - Epoch: 2, , Task 0 acc: 85.0765, Task 1 acc: 41.2317, Task 2 acc: 26.2482, Task 3 acc: 11.8257, Task 4 acc: 43.8094, Task avg acc:41.6383
2024-05-31 08:13:29,088 - INFO - Epoch 3
2024-05-31 08:13:47,122 - INFO - Epoch: 3, , Task 0 acc: 87.2927, Task 1 acc: 39.9850, Task 2 acc: 20.7525, Task 3 acc: 12.0724, Task 4 acc: 49.6349, Task avg acc:41.9475
