2024-05-30 21:44:05,184 - INFO - ##########Task 0##########
2024-05-30 21:44:05,185 - INFO - Epoch 0
2024-05-30 21:44:10,085 - INFO - Epoch: 0, , Task 0 acc: 97.3693, Task avg acc:97.3693
2024-05-30 21:44:10,086 - INFO - Epoch 1
2024-05-30 21:44:14,924 - INFO - Epoch: 1, , Task 0 acc: 96.9707, Task avg acc:96.9707
2024-05-30 21:44:14,925 - INFO - Epoch 2
2024-05-30 21:44:20,134 - INFO - Epoch: 2, , Task 0 acc: 99.0434, Task avg acc:99.0434
2024-05-30 21:44:20,136 - INFO - Epoch 3
2024-05-30 21:44:25,162 - INFO - Epoch: 3, , Task 0 acc: 99.3144, Task avg acc:99.3144
2024-05-30 21:44:25,173 - INFO - ##########Task 1##########
2024-05-30 21:44:25,174 - INFO - Epoch 0
2024-05-30 21:44:32,155 - INFO - Epoch: 0, , Task 0 acc: 97.8396, Task 1 acc: 35.5053, Task avg acc:66.6725
2024-05-30 21:44:32,156 - INFO - Epoch 1
2024-05-30 21:44:39,142 - INFO - Epoch: 1, , Task 0 acc: 96.0698, Task 1 acc: 33.8597, Task avg acc:64.9648
2024-05-30 21:44:39,143 - INFO - Epoch 2
2024-05-30 21:44:46,079 - INFO - Epoch: 2, , Task 0 acc: 96.1735, Task 1 acc: 43.0269, Task avg acc:69.6002
2024-05-30 21:44:46,080 - INFO - Epoch 3
2024-05-30 21:44:53,019 - INFO - Epoch: 3, , Task 0 acc: 96.1336, Task 1 acc: 44.3816, Task avg acc:70.2576
2024-05-30 21:44:53,030 - INFO - ##########Task 2##########
2024-05-30 21:44:53,031 - INFO - Epoch 0
2024-05-30 21:45:01,759 - INFO - Epoch: 0, , Task 0 acc: 93.4869, Task 1 acc: 14.5362, Task 2 acc: 68.7769, Task avg acc:58.9334
2024-05-30 21:45:01,760 - INFO - Epoch 1
2024-05-30 21:45:10,526 - INFO - Epoch: 1, , Task 0 acc: 89.1183, Task 1 acc: 18.8664, Task 2 acc: 60.5065, Task avg acc:56.1637
2024-05-30 21:45:10,527 - INFO - Epoch 2
2024-05-30 21:45:19,307 - INFO - Epoch: 2, , Task 0 acc: 90.7446, Task 1 acc: 16.3896, Task 2 acc: 67.4838, Task avg acc:58.2060
2024-05-30 21:45:19,307 - INFO - Epoch 3
2024-05-30 21:45:28,043 - INFO - Epoch: 3, , Task 0 acc: 83.5061, Task 1 acc: 12.2008, Task 2 acc: 66.7924, Task avg acc:54.1664
2024-05-30 21:45:28,054 - INFO - ##########Task 3##########
2024-05-30 21:45:28,055 - INFO - Epoch 0
2024-05-30 21:45:39,232 - INFO - Epoch: 0, , Task 0 acc: 44.1406, Task 1 acc: 6.2417, Task 2 acc: 36.8085, Task 3 acc: 96.6283, Task avg acc:45.9548
2024-05-30 21:45:39,234 - INFO - Epoch 1
2024-05-30 21:45:50,333 - INFO - Epoch: 1, , Task 0 acc: 27.9815, Task 1 acc: 5.5851, Task 2 acc: 19.8904, Task 3 acc: 98.9638, Task avg acc:38.1052
2024-05-30 21:45:50,334 - INFO - Epoch 2
2024-05-30 21:46:01,511 - INFO - Epoch: 2, , Task 0 acc: 25.4305, Task 1 acc: 4.1556, Task 2 acc: 17.8879, Task 3 acc: 99.1694, Task avg acc:36.6609
2024-05-30 21:46:01,511 - INFO - Epoch 3
2024-05-30 21:46:12,621 - INFO - Epoch: 3, , Task 0 acc: 25.8052, Task 1 acc: 3.6320, Task 2 acc: 27.1372, Task 3 acc: 99.2681, Task avg acc:38.9606
2024-05-30 21:46:12,633 - INFO - ##########Task 4##########
2024-05-30 21:46:12,634 - INFO - Epoch 0
2024-05-30 21:46:25,701 - INFO - Epoch: 0, , Task 0 acc: 20.4879, Task 1 acc: 3.5821, Task 2 acc: 1.8588, Task 3 acc: 35.3618, Task 4 acc: 88.0435, Task avg acc:29.8668
2024-05-30 21:46:25,701 - INFO - Epoch 1
2024-05-30 21:46:38,822 - INFO - Epoch: 1, , Task 0 acc: 17.4346, Task 1 acc: 2.4019, Task 2 acc: 3.2687, Task 3 acc: 28.3553, Task 4 acc: 90.8628, Task avg acc:28.4647
2024-05-30 21:46:38,823 - INFO - Epoch 2
2024-05-30 21:46:51,925 - INFO - Epoch: 2, , Task 0 acc: 17.1955, Task 1 acc: 2.9837, Task 2 acc: 6.1602, Task 3 acc: 26.4309, Task 4 acc: 91.7714, Task avg acc:28.9083
2024-05-30 21:46:51,926 - INFO - Epoch 3
2024-05-30 21:47:05,013 - INFO - Epoch: 3, , Task 0 acc: 11.3441, Task 1 acc: 0.9059, Task 2 acc: 5.9716, Task 3 acc: 16.3651, Task 4 acc: 91.5166, Task avg acc:25.2207
