2024-05-30 10:24:17,895 - INFO - ##########Task 0##########
2024-05-30 10:24:17,896 - INFO - Epoch 0
2024-05-30 10:24:22,808 - INFO - Epoch: 0, , Task 0 acc: 99.0673, Task avg acc:99.0673
2024-05-30 10:24:22,809 - INFO - Epoch 1
2024-05-30 10:24:27,655 - INFO - Epoch: 1, , Task 0 acc: 98.2781, Task avg acc:98.2781
2024-05-30 10:24:27,656 - INFO - Epoch 2
2024-05-30 10:24:32,475 - INFO - Epoch: 2, , Task 0 acc: 97.0026, Task avg acc:97.0026
2024-05-30 10:24:32,476 - INFO - Epoch 3
2024-05-30 10:24:37,319 - INFO - Epoch: 3, , Task 0 acc: 98.0230, Task avg acc:98.0230
2024-05-30 10:24:37,330 - INFO - ##########Task 1##########
2024-05-30 10:24:37,331 - INFO - Epoch 0
2024-05-30 10:24:44,252 - INFO - Epoch: 0, , Task 0 acc: 54.2092, Task 1 acc: 40.8411, Task avg acc:47.5251
2024-05-30 10:24:44,253 - INFO - Epoch 1
2024-05-30 10:24:51,088 - INFO - Epoch: 1, , Task 0 acc: 70.8865, Task 1 acc: 45.5535, Task avg acc:58.2200
2024-05-30 10:24:51,089 - INFO - Epoch 2
2024-05-30 10:24:57,955 - INFO - Epoch: 2, , Task 0 acc: 77.8619, Task 1 acc: 45.9940, Task avg acc:61.9280
2024-05-30 10:24:57,956 - INFO - Epoch 3
2024-05-30 10:25:04,783 - INFO - Epoch: 3, , Task 0 acc: 78.8983, Task 1 acc: 53.3660, Task avg acc:66.1322
2024-05-30 10:25:04,794 - INFO - ##########Task 2##########
2024-05-30 10:25:04,795 - INFO - Epoch 0
2024-05-30 10:25:13,421 - INFO - Epoch: 0, , Task 0 acc: 72.6004, Task 1 acc: 31.6074, Task 2 acc: 46.3093, Task avg acc:50.1724
2024-05-30 10:25:13,422 - INFO - Epoch 1
2024-05-30 10:25:22,086 - INFO - Epoch: 1, , Task 0 acc: 72.4490, Task 1 acc: 30.4604, Task 2 acc: 53.3585, Task avg acc:52.0893
2024-05-30 10:25:22,087 - INFO - Epoch 2
2024-05-30 10:25:30,713 - INFO - Epoch: 2, , Task 0 acc: 64.1980, Task 1 acc: 29.0974, Task 2 acc: 57.3186, Task avg acc:50.2047
2024-05-30 10:25:30,713 - INFO - Epoch 3
2024-05-30 10:25:39,324 - INFO - Epoch: 3, , Task 0 acc: 69.8182, Task 1 acc: 29.5213, Task 2 acc: 50.6106, Task avg acc:49.9834
2024-05-30 10:25:39,335 - INFO - ##########Task 3##########
2024-05-30 10:25:39,335 - INFO - Epoch 0
2024-05-30 10:25:50,384 - INFO - Epoch: 0, , Task 0 acc: 70.9981, Task 1 acc: 7.4468, Task 2 acc: 8.1358, Task 3 acc: 70.5510, Task avg acc:39.2829
2024-05-30 10:25:50,385 - INFO - Epoch 1
2024-05-30 10:26:01,373 - INFO - Epoch: 1, , Task 0 acc: 77.3916, Task 1 acc: 16.9049, Task 2 acc: 9.9318, Task 3 acc: 60.7319, Task avg acc:41.2400
2024-05-30 10:26:01,374 - INFO - Epoch 2
2024-05-30 10:26:12,568 - INFO - Epoch: 2, , Task 0 acc: 77.6626, Task 1 acc: 16.5475, Task 2 acc: 9.9138, Task 3 acc: 68.2648, Task avg acc:43.0972
2024-05-30 10:26:12,569 - INFO - Epoch 3
2024-05-30 10:26:23,638 - INFO - Epoch: 3, , Task 0 acc: 80.4927, Task 1 acc: 17.1875, Task 2 acc: 13.2184, Task 3 acc: 69.1365, Task avg acc:45.0088
2024-05-30 10:26:23,650 - INFO - ##########Task 4##########
2024-05-30 10:26:23,650 - INFO - Epoch 0
2024-05-30 10:26:36,636 - INFO - Epoch: 0, , Task 0 acc: 76.5784, Task 1 acc: 20.3125, Task 2 acc: 16.8463, Task 3 acc: 38.6431, Task 4 acc: 19.4803, Task avg acc:34.3721
2024-05-30 10:26:36,637 - INFO - Epoch 1
2024-05-30 10:26:49,658 - INFO - Epoch: 1, , Task 0 acc: 78.4359, Task 1 acc: 19.6393, Task 2 acc: 9.7791, Task 3 acc: 37.0066, Task 4 acc: 27.0211, Task avg acc:34.3764
2024-05-30 10:26:49,659 - INFO - Epoch 2
2024-05-30 10:27:02,678 - INFO - Epoch: 2, , Task 0 acc: 82.6451, Task 1 acc: 21.6423, Task 2 acc: 12.0061, Task 3 acc: 39.6875, Task 4 acc: 32.0652, Task avg acc:37.6092
2024-05-30 10:27:02,679 - INFO - Epoch 3
2024-05-30 10:27:15,656 - INFO - Epoch: 3, , Task 0 acc: 85.5548, Task 1 acc: 23.0884, Task 2 acc: 2.0384, Task 3 acc: 41.6612, Task 4 acc: 39.1135, Task avg acc:38.2913
