2024-05-30 23:36:44,854 - INFO - ##########Task 0##########
2024-05-30 23:36:44,855 - INFO - Epoch 0
2024-05-30 23:36:49,789 - INFO - Epoch: 0, , Task 0 acc: 92.3709, Task avg acc:92.3709
2024-05-30 23:36:49,790 - INFO - Epoch 1
2024-05-30 23:36:54,679 - INFO - Epoch: 1, , Task 0 acc: 94.6189, Task avg acc:94.6189
2024-05-30 23:36:54,680 - INFO - Epoch 2
2024-05-30 23:36:59,607 - INFO - Epoch: 2, , Task 0 acc: 94.7943, Task avg acc:94.7943
2024-05-30 23:36:59,609 - INFO - Epoch 3
2024-05-30 23:37:04,493 - INFO - Epoch: 3, , Task 0 acc: 98.4056, Task avg acc:98.4056
2024-05-30 23:37:04,503 - INFO - ##########Task 1##########
2024-05-30 23:37:04,504 - INFO - Epoch 0
2024-05-30 23:37:11,489 - INFO - Epoch: 0, , Task 0 acc: 32.3103, Task 1 acc: 92.3787, Task avg acc:62.3445
2024-05-30 23:37:11,489 - INFO - Epoch 1
2024-05-30 23:37:18,400 - INFO - Epoch: 1, , Task 0 acc: 54.0976, Task 1 acc: 92.1376, Task avg acc:73.1176
2024-05-30 23:37:18,401 - INFO - Epoch 2
2024-05-30 23:37:25,379 - INFO - Epoch: 2, , Task 0 acc: 61.2006, Task 1 acc: 80.1862, Task avg acc:70.6934
2024-05-30 23:37:25,380 - INFO - Epoch 3
2024-05-30 23:37:32,292 - INFO - Epoch: 3, , Task 0 acc: 63.9349, Task 1 acc: 79.4299, Task avg acc:71.6824
2024-05-30 23:37:32,304 - INFO - ##########Task 2##########
2024-05-30 23:37:32,304 - INFO - Epoch 0
2024-05-30 23:37:41,039 - INFO - Epoch: 0, , Task 0 acc: 68.2717, Task 1 acc: 43.1932, Task 2 acc: 43.7500, Task avg acc:51.7383
2024-05-30 23:37:41,040 - INFO - Epoch 1
2024-05-30 23:37:49,704 - INFO - Epoch: 1, , Task 0 acc: 60.3954, Task 1 acc: 51.1386, Task 2 acc: 57.8574, Task avg acc:56.4638
2024-05-30 23:37:49,705 - INFO - Epoch 2
2024-05-30 23:37:58,971 - INFO - Epoch: 2, , Task 0 acc: 56.5609, Task 1 acc: 57.8707, Task 2 acc: 59.1236, Task avg acc:57.8517
2024-05-30 23:37:58,972 - INFO - Epoch 3
2024-05-30 23:38:07,828 - INFO - Epoch: 3, , Task 0 acc: 59.8693, Task 1 acc: 49.5595, Task 2 acc: 56.2410, Task avg acc:55.2233
2024-05-30 23:38:07,839 - INFO - ##########Task 3##########
2024-05-30 23:38:07,840 - INFO - Epoch 0
2024-05-30 23:38:19,001 - INFO - Epoch: 0, , Task 0 acc: 78.3482, Task 1 acc: 3.3660, Task 2 acc: 4.0589, Task 3 acc: 80.9293, Task avg acc:41.6756
2024-05-30 23:38:19,002 - INFO - Epoch 1
2024-05-30 23:38:31,099 - INFO - Epoch: 1, , Task 0 acc: 62.1891, Task 1 acc: 4.8620, Task 2 acc: 7.1300, Task 3 acc: 71.6859, Task avg acc:36.4668
2024-05-30 23:38:31,099 - INFO - Epoch 2
2024-05-30 23:38:43,028 - INFO - Epoch: 2, , Task 0 acc: 76.2357, Task 1 acc: 10.8876, Task 2 acc: 7.2108, Task 3 acc: 86.2253, Task avg acc:45.1399
2024-05-30 23:38:43,029 - INFO - Epoch 3
2024-05-30 23:38:54,465 - INFO - Epoch: 3, , Task 0 acc: 71.3170, Task 1 acc: 5.7513, Task 2 acc: 8.3333, Task 3 acc: 85.3289, Task avg acc:42.6826
2024-05-30 23:38:54,477 - INFO - ##########Task 4##########
2024-05-30 23:38:54,478 - INFO - Epoch 0
2024-05-30 23:39:07,792 - INFO - Epoch: 0, , Task 0 acc: 71.5242, Task 1 acc: 36.3531, Task 2 acc: 26.8678, Task 3 acc: 32.5987, Task 4 acc: 52.3013, Task avg acc:43.9290
2024-05-30 23:39:07,793 - INFO - Epoch 1
2024-05-30 23:39:21,650 - INFO - Epoch: 1, , Task 0 acc: 69.6508, Task 1 acc: 24.2104, Task 2 acc: 2.9095, Task 3 acc: 38.1332, Task 4 acc: 64.8862, Task avg acc:39.9580
2024-05-30 23:39:21,650 - INFO - Epoch 2
2024-05-30 23:39:35,139 - INFO - Epoch: 2, , Task 0 acc: 80.5724, Task 1 acc: 30.1031, Task 2 acc: 4.7953, Task 3 acc: 25.9704, Task 4 acc: 63.3237, Task avg acc:40.9530
2024-05-30 23:39:35,139 - INFO - Epoch 3
2024-05-30 23:39:48,476 - INFO - Epoch: 3, , Task 0 acc: 70.9024, Task 1 acc: 34.2254, Task 2 acc: 0.4939, Task 3 acc: 27.9852, Task 4 acc: 69.6247, Task avg acc:40.6463
