2024-05-30 10:07:37,692 - INFO - ##########Task 0##########
2024-05-30 10:07:37,693 - INFO - Epoch 0
2024-05-30 10:07:42,713 - INFO - Epoch: 0, , Task 0 acc: 97.9432, Task avg acc:97.9432
2024-05-30 10:07:42,714 - INFO - Epoch 1
2024-05-30 10:07:47,629 - INFO - Epoch: 1, , Task 0 acc: 96.2372, Task avg acc:96.2372
2024-05-30 10:07:47,630 - INFO - Epoch 2
2024-05-30 10:07:52,504 - INFO - Epoch: 2, , Task 0 acc: 98.5969, Task avg acc:98.5969
2024-05-30 10:07:52,505 - INFO - Epoch 3
2024-05-30 10:07:57,437 - INFO - Epoch: 3, , Task 0 acc: 97.7679, Task avg acc:97.7679
2024-05-30 10:07:57,449 - INFO - ##########Task 1##########
2024-05-30 10:07:57,450 - INFO - Epoch 0
2024-05-30 10:08:04,409 - INFO - Epoch: 0, , Task 0 acc: 70.7430, Task 1 acc: 48.0635, Task avg acc:59.4032
2024-05-30 10:08:04,409 - INFO - Epoch 1
2024-05-30 10:08:11,330 - INFO - Epoch: 1, , Task 0 acc: 79.1055, Task 1 acc: 55.7181, Task avg acc:67.4118
2024-05-30 10:08:11,331 - INFO - Epoch 2
2024-05-30 10:08:18,245 - INFO - Epoch: 2, , Task 0 acc: 82.9480, Task 1 acc: 54.5628, Task avg acc:68.7554
2024-05-30 10:08:18,246 - INFO - Epoch 3
2024-05-30 10:08:25,171 - INFO - Epoch: 3, , Task 0 acc: 81.4334, Task 1 acc: 56.6572, Task avg acc:69.0453
2024-05-30 10:08:25,182 - INFO - ##########Task 2##########
2024-05-30 10:08:25,183 - INFO - Epoch 0
2024-05-30 10:08:33,896 - INFO - Epoch: 0, , Task 0 acc: 46.0619, Task 1 acc: 1.4129, Task 2 acc: 95.0970, Task avg acc:47.5239
2024-05-30 10:08:33,897 - INFO - Epoch 1
2024-05-30 10:08:42,670 - INFO - Epoch: 1, , Task 0 acc: 8.2908, Task 1 acc: 0.7480, Task 2 acc: 97.9526, Task avg acc:35.6638
2024-05-30 10:08:42,670 - INFO - Epoch 2
2024-05-30 10:08:51,373 - INFO - Epoch: 2, , Task 0 acc: 8.0835, Task 1 acc: 5.2776, Task 2 acc: 96.8481, Task avg acc:36.7364
2024-05-30 10:08:51,374 - INFO - Epoch 3
2024-05-30 10:09:00,095 - INFO - Epoch: 3, , Task 0 acc: 7.2545, Task 1 acc: 2.2108, Task 2 acc: 95.9680, Task avg acc:35.1444
2024-05-30 10:09:00,106 - INFO - ##########Task 3##########
2024-05-30 10:09:00,107 - INFO - Epoch 0
2024-05-30 10:09:11,229 - INFO - Epoch: 0, , Task 0 acc: 24.0593, Task 1 acc: 1.4461, Task 2 acc: 41.3793, Task 3 acc: 96.9079, Task avg acc:40.9482
2024-05-30 10:09:11,229 - INFO - Epoch 1
2024-05-30 10:09:22,353 - INFO - Epoch: 1, , Task 0 acc: 4.3288, Task 1 acc: 0.8477, Task 2 acc: 37.6347, Task 3 acc: 99.0872, Task avg acc:35.4746
2024-05-30 10:09:22,354 - INFO - Epoch 2
2024-05-30 10:09:33,566 - INFO - Epoch: 2, , Task 0 acc: 14.6445, Task 1 acc: 2.5432, Task 2 acc: 12.8053, Task 3 acc: 99.4984, Task avg acc:32.3728
2024-05-30 10:09:33,566 - INFO - Epoch 3
2024-05-30 10:09:44,712 - INFO - Epoch: 3, , Task 0 acc: 8.6814, Task 1 acc: 2.0196, Task 2 acc: 21.2374, Task 3 acc: 99.5641, Task avg acc:32.8757
2024-05-30 10:09:44,724 - INFO - ##########Task 4##########
2024-05-30 10:09:44,725 - INFO - Epoch 0
2024-05-30 10:09:57,882 - INFO - Epoch: 0, , Task 0 acc: 60.3715, Task 1 acc: 15.2842, Task 2 acc: 30.8998, Task 3 acc: 93.9720, Task 4 acc: 11.5319, Task avg acc:42.4119
2024-05-30 10:09:57,882 - INFO - Epoch 1
2024-05-30 10:10:10,994 - INFO - Epoch: 1, , Task 0 acc: 65.3141, Task 1 acc: 12.7161, Task 2 acc: 25.4670, Task 3 acc: 78.4211, Task 4 acc: 29.7554, Task avg acc:42.3347
2024-05-30 10:10:10,995 - INFO - Epoch 2
2024-05-30 10:10:24,091 - INFO - Epoch: 2, , Task 0 acc: 61.3441, Task 1 acc: 13.0568, Task 2 acc: 42.8341, Task 3 acc: 72.0806, Task 4 acc: 33.1097, Task avg acc:44.4851
2024-05-30 10:10:24,091 - INFO - Epoch 3
2024-05-30 10:10:37,225 - INFO - Epoch: 3, , Task 0 acc: 63.8632, Task 1 acc: 11.3697, Task 2 acc: 17.5018, Task 3 acc: 75.1069, Task 4 acc: 43.0961, Task avg acc:42.1875
