2024-05-30 10:01:34,464 - INFO - ##########Task 0##########
2024-05-30 10:01:34,465 - INFO - Epoch 0
2024-05-30 10:01:39,378 - INFO - Epoch: 0, , Task 0 acc: 98.7165, Task avg acc:98.7165
2024-05-30 10:01:39,379 - INFO - Epoch 1
2024-05-30 10:01:44,218 - INFO - Epoch: 1, , Task 0 acc: 98.0947, Task avg acc:98.0947
2024-05-30 10:01:44,219 - INFO - Epoch 2
2024-05-30 10:01:49,067 - INFO - Epoch: 2, , Task 0 acc: 98.0788, Task avg acc:98.0788
2024-05-30 10:01:49,068 - INFO - Epoch 3
2024-05-30 10:01:53,930 - INFO - Epoch: 3, , Task 0 acc: 97.1700, Task avg acc:97.1700
2024-05-30 10:01:53,942 - INFO - ##########Task 1##########
2024-05-30 10:01:53,943 - INFO - Epoch 0
2024-05-30 10:02:00,828 - INFO - Epoch: 0, , Task 0 acc: 78.4917, Task 1 acc: 42.4535, Task avg acc:60.4726
2024-05-30 10:02:00,829 - INFO - Epoch 1
2024-05-30 10:02:07,694 - INFO - Epoch: 1, , Task 0 acc: 80.2934, Task 1 acc: 58.6187, Task avg acc:69.4560
2024-05-30 10:02:07,695 - INFO - Epoch 2
2024-05-30 10:02:14,596 - INFO - Epoch: 2, , Task 0 acc: 81.8240, Task 1 acc: 59.8487, Task avg acc:70.8364
2024-05-30 10:02:14,597 - INFO - Epoch 3
2024-05-30 10:02:22,380 - INFO - Epoch: 3, , Task 0 acc: 75.6856, Task 1 acc: 63.6802, Task avg acc:69.6829
2024-05-30 10:02:22,394 - INFO - ##########Task 2##########
2024-05-30 10:02:22,395 - INFO - Epoch 0
2024-05-30 10:02:31,320 - INFO - Epoch: 0, , Task 0 acc: 6.0826, Task 1 acc: 9.1506, Task 2 acc: 95.8154, Task avg acc:37.0162
2024-05-30 10:02:31,320 - INFO - Epoch 1
2024-05-30 10:02:40,078 - INFO - Epoch: 1, , Task 0 acc: 4.1135, Task 1 acc: 9.3002, Task 2 acc: 94.1272, Task avg acc:35.8470
2024-05-30 10:02:40,079 - INFO - Epoch 2
2024-05-30 10:02:48,827 - INFO - Epoch: 2, , Task 0 acc: 2.6307, Task 1 acc: 11.8434, Task 2 acc: 93.5345, Task avg acc:36.0029
2024-05-30 10:02:48,827 - INFO - Epoch 3
2024-05-30 10:02:57,590 - INFO - Epoch: 3, , Task 0 acc: 1.4668, Task 1 acc: 7.7377, Task 2 acc: 95.5280, Task avg acc:34.9109
2024-05-30 10:02:57,601 - INFO - ##########Task 3##########
2024-05-30 10:02:57,602 - INFO - Epoch 0
2024-05-30 10:03:08,728 - INFO - Epoch: 0, , Task 0 acc: 5.7079, Task 1 acc: 0.5319, Task 2 acc: 8.5309, Task 3 acc: 99.3503, Task avg acc:28.5303
2024-05-30 10:03:08,729 - INFO - Epoch 1
2024-05-30 10:03:19,871 - INFO - Epoch: 1, , Task 0 acc: 1.0284, Task 1 acc: 1.8783, Task 2 acc: 15.5532, Task 3 acc: 99.6546, Task avg acc:29.5286
2024-05-30 10:03:19,872 - INFO - Epoch 2
2024-05-30 10:03:31,057 - INFO - Epoch: 2, , Task 0 acc: 0.8849, Task 1 acc: 1.6705, Task 2 acc: 18.9655, Task 3 acc: 99.6546, Task avg acc:30.2939
2024-05-30 10:03:31,058 - INFO - Epoch 3
2024-05-30 10:03:42,159 - INFO - Epoch: 3, , Task 0 acc: 1.5944, Task 1 acc: 3.4990, Task 2 acc: 19.5761, Task 3 acc: 99.5970, Task avg acc:31.0666
2024-05-30 10:03:42,170 - INFO - ##########Task 4##########
2024-05-30 10:03:42,171 - INFO - Epoch 0
2024-05-30 10:03:55,270 - INFO - Epoch: 0, , Task 0 acc: 28.8504, Task 1 acc: 3.2164, Task 2 acc: 0.5837, Task 3 acc: 42.6398, Task 4 acc: 86.6593, Task avg acc:32.3899
2024-05-30 10:03:55,271 - INFO - Epoch 1
2024-05-30 10:04:08,398 - INFO - Epoch: 1, , Task 0 acc: 5.5006, Task 1 acc: 5.4771, Task 2 acc: 0.6555, Task 3 acc: 44.6299, Task 4 acc: 87.0499, Task avg acc:28.6626
2024-05-30 10:04:08,399 - INFO - Epoch 2
2024-05-30 10:04:21,556 - INFO - Epoch: 2, , Task 0 acc: 7.1110, Task 1 acc: 6.3913, Task 2 acc: 1.7780, Task 3 acc: 38.8322, Task 4 acc: 89.5041, Task avg acc:28.7233
2024-05-30 10:04:21,556 - INFO - Epoch 3
2024-05-30 10:04:34,677 - INFO - Epoch: 3, , Task 0 acc: 9.6939, Task 1 acc: 3.0918, Task 2 acc: 0.2963, Task 3 acc: 40.6990, Task 4 acc: 88.5954, Task avg acc:28.4753
